OCR_prd2017clk:dj0091a,R21@-300V,0T@20d,263K,rhe=1.10,rhh=0.7,0.7/0.7           
  1006   1   .00  28   3  29   2  300.00  263.00     .70 1.00000   800.0     .32     .06  150.000  100.000  290.000   800.0     .16     .03    1.50    1.00     .85
 11921  -.105170   .946530  -.304993
  81947.9  12635.0       .2     43.3       .5      2.0
       .2     86.6       .7     30.2  47959.5  49476.7
      11.8      49.0        .3      75.4
       3.1      22.1      -1.3      18.6
       2.5      17.3       -.9       6.0
       2.5      15.6       -.9       4.0
 11922  -.113613   .937303  -.329476
  75827.3  12712.7       .2     43.3       .4      2.2
       .2     86.6       .6     30.3  44037.2  45142.6
      14.6      55.0        .5      75.2
       2.9      23.8       -.8      15.6
       2.2      19.5       -.9       5.6
       2.7      18.6       -.9       4.1
 11923  -.123410   .925573  -.357888
  69737.9  12822.4       .2     43.3       .5      2.5
       .2     86.6       .6     30.5  39878.1  41255.5
      12.5      51.4      -2.7      68.6
       3.0      21.6      -1.0      15.1
       2.4      16.8       -.8       5.6
       2.6      15.0       -.9       4.2
 11924  -.134874   .910397  -.391134
  63985.7  12997.3       .2     43.3       .3      2.6
       .2     86.6       .6     30.8  36469.0  37658.7
      11.7      51.6      -4.1      61.8
       3.0      23.9       -.9      13.8
       2.2      19.0       -.9       5.6
       2.8      18.2      -1.0       4.4
 11925  -.148397   .890380  -.430350
  58232.0  13307.4       .2     43.3       .3      2.9
       .2     86.6       .3     30.9  32475.1  33481.9
      12.9      52.6      -4.6      61.4
       2.6      21.9      -1.0      12.9
       2.3      16.1       -.9       5.8
       2.2      14.7      -1.0       4.5
 11926  -.164460   .863416  -.476934
  52437.2  13500.0       .2     43.3       .3      3.2
       .2     86.6       .5     31.2  29213.8  29934.3
      10.8      51.2      -3.1      55.4
       2.9      23.2      -1.1      12.8
       2.6      18.5      -1.0       6.0
       2.5      17.7      -1.0       4.7
 11927  -.183618   .826279  -.532491
  47063.4  14108.0       .2     43.3       .1      3.6
       .2     86.6       .3     31.4  25643.4  26379.8
      10.5      52.5      -5.1      57.1
       2.6      21.2      -1.2      11.7
       2.4      15.6      -1.1       6.1
       2.3      13.7      -1.0       4.9
 11928  -.206405   .774019  -.598575
  41894.7  14942.9       .2     43.3       .1      4.0
       .2     86.6       .2     31.9  21924.4  22723.2
      10.0      52.7      -4.2      51.3
       2.1      22.6      -1.1      11.2
       2.2      17.4      -1.0       6.3
       2.3      16.3      -1.1       5.1
 11929  -.233063   .699189  -.675882
  37275.3  16400.8       .2     43.3       .0      4.4
       .3     12.7      -.2     32.3  19417.1  19969.3
      10.1      56.7      -3.8      47.6
       3.0      25.7      -1.3      11.3
       3.0      17.4      -1.1       6.6
       2.6      14.6      -1.1       5.4
 11930  -.262862   .591440  -.762300
  33120.1  18919.9       .2     43.3      -.2      5.0
       .4     31.1       .0     32.6  16630.5  17253.4
       9.4      57.7      -3.5      45.5
       3.0      26.4      -1.3      11.0
       2.6      17.8      -1.2       6.9
       2.9      14.4      -1.3       5.6
 11931  -.292854   .439281  -.849276
  29726.5  20992.3       .7      8.2      -.3      5.4
       .6     49.7      -.1     33.5  14720.6  15375.6
       7.6      50.1      -3.8      42.5
       2.0      16.3      -1.5      10.8
       1.6      10.6      -1.3       7.0
       1.6       8.9      -1.3       5.8
 11932  -.316664   .237498  -.918324
  27616.5  20429.9      -.1     25.0      -.4      5.6
       .0     68.2      -.4     33.4  13611.8  14031.7
       6.6      51.7      -5.6      42.6
       1.1       8.9      -1.4      11.1
        .9       5.4      -1.4       7.1
       1.0       5.0      -1.4       6.0
 11933  -.325991   .000000  -.945373
  26874.3  19731.7       .2     41.3      -.3      5.8
       .2     84.2      -.6     33.6  13165.9  13682.4
      -3.0      68.9      -3.7      37.9
        .0      13.7      -1.8      11.1
       -.1       5.0      -1.4       7.3
        .0       5.0      -1.4       6.0
 11934  -.323582  -.121343  -.938387
  27035.1  19943.0       .0     34.0      -.5      5.8
       .1     77.1      -.2     33.5  13146.6  13696.1
      -4.4      56.9      -3.9      39.0
      -1.2       6.4      -1.7      11.1
       -.9       5.0      -1.5       7.2
      -1.0       5.0      -1.5       6.0
 11935  -.316664  -.237498  -.918324
  27611.2  20517.2       .1     25.2      -.5      5.6
       .0     68.3      -.4     33.5  13469.7  13924.7
      -5.2      54.2      -3.2      40.9
      -1.6       8.7      -1.6      11.1
      -1.4       5.4      -1.5       7.4
      -1.3       5.0      -1.4       6.0
 11936  -.306058  -.344315  -.887567
  28497.3  20820.3      -.4     16.4      -.4      5.6
      -.3     59.3      -.3     33.6  13810.8  14374.3
      -4.6      49.2      -3.4      42.8
      -1.7      12.3      -1.5      11.3
      -1.6       8.2      -1.4       7.1
      -1.7       6.8      -1.4       6.0
 11937  -.292854  -.439281  -.849276
  29679.6  20915.1      -.3      8.1      -.2      5.4
       .0     49.9      -.2     33.2  14782.6  15246.6
      -6.7      47.6      -5.6      40.8
      -2.0      16.1      -1.5      11.0
      -1.9      10.6      -1.4       7.1
      -1.9       8.8      -1.3       5.9
 11938  -.278147  -.521525  -.806626
  31308.9  20554.8     -1.4      7.2      -.3      5.2
      -.7     40.4       .0     33.0  15918.6  16454.0
      -7.8      56.3      -4.8      45.8
      -2.7      21.5      -1.3      11.3
      -2.6      14.1      -1.2       7.0
      -2.8      11.3      -1.3       5.7
 11939  -.262862  -.591440  -.762300
  33032.1  18815.3       .2     43.3      -.2      5.0
      -.7     31.0       .0     32.8  16734.1  17402.5
      -8.9      58.0      -4.0      44.6
      -3.8      26.6      -1.5      10.8
      -3.4      17.7      -1.3       6.8
      -3.0      14.2      -1.2       5.6
 11940  -.233063  -.699189  -.675882
  37118.5  16210.8       .2     43.3       .0      4.4
      -.3     12.9       .1     32.3  19343.5  19907.1
      -9.3      55.9      -3.3      49.7
      -3.2      25.3      -1.1      11.0
      -3.3      17.3      -1.1       6.5
      -3.4      14.6      -1.2       5.4
 11941  -.206405  -.774019  -.598575
  41856.2  14974.5       .2     43.3      -.1      4.0
       .2     86.6       .6     31.9  22203.5  23121.8
     -12.1      52.7      -2.5      49.0
      -2.7      22.6      -1.2      10.7
      -2.5      17.4      -1.1       6.3
      -2.7      16.5      -1.1       5.1
 11942  -.183618  -.826279  -.532491
  46986.3  14112.3       .2     43.3       .0      3.6
       .2     86.6       .3     31.5  25358.0  26267.8
     -12.0      54.7      -2.2      52.9
      -2.8      21.3      -1.1      11.4
      -2.5      15.6       -.9       6.0
      -2.9      13.8      -1.0       4.9
 11943  -.164460  -.863416  -.476934
  52270.9  13529.6       .2     43.3       .3      3.3
       .2     86.6       .5     31.2  29052.4  29847.1
     -10.8      52.1      -3.1      58.8
      -2.6      23.0      -1.1      10.9
      -2.7      18.4      -1.1       5.9
      -2.6      17.7       -.9       4.6
 11944  -.148397  -.890380  -.430350
  58065.1  13225.6       .2     43.3       .2      2.9
       .2     86.6       .6     30.9  32799.2  33593.3
     -12.1      52.2       -.6      62.0
      -3.0      21.7      -1.1      13.0
      -2.7      16.4       -.9       5.8
      -2.8      14.5      -1.0       4.6
 11945  -.134874  -.910397  -.391134
  64105.8  12917.7       .2     43.3       .2      2.7
       .2     86.6       .4     30.5  36830.4  37862.1
     -13.5      51.7      -2.4      65.5
      -2.8      23.6      -1.2      12.8
      -3.0      19.4       -.9       5.6
      -3.0      18.2       -.9       4.4
 11946  -.123410  -.925573  -.357888
  69748.4  12774.1       .2     43.3       .4      2.4
       .2     86.6       .4     30.5  40089.6  41399.0
     -11.9      50.7      -2.3      67.2
      -3.0      22.0       -.7      14.3
      -3.0      16.6      -1.0       5.9
      -2.8      15.2       -.8       4.2
 11947  -.113613  -.937303  -.329476
  75982.0  12763.1       .2     43.3       .5      2.2
       .2     86.6       .7     30.2  44699.4  45837.1
     -15.6      52.6       2.1      70.7
      -3.0      24.2      -1.1      15.6
      -2.7      19.4       -.8       6.1
      -2.9      18.5       -.8       4.1
 11948  -.105170  -.946530  -.304993
  81955.1  12664.8       .2     43.3       .3      2.1
       .2     86.6       .5     30.1  47704.9  49131.6
     -15.3      54.0      -1.3      73.0
      -3.3      22.2       -.9      18.1
      -2.6      17.1       -.9       5.7
      -3.0      15.1       -.9       4.0
 11949   .863216  -.064741  -.500666
  49565.4   9101.2       .9     33.0       .0     28.9
       .8     76.0       .0     57.7  27412.4  28175.0
      -2.2      71.3       8.1      40.7
       -.3      12.5       2.7      23.0
       -.6       5.0       2.2      16.8
       -.6       5.0       2.6      14.5
 11950   .838516  -.069876  -.540377
  45847.8   9286.2       .3     33.0       .0     28.9
       .4     76.0       .0     57.7  24888.8  25670.6
       1.4      70.9       9.3      41.3
       -.1      12.7       2.4      20.6
       -.6       5.0       2.4      15.1
       -.6       5.0       2.5      13.7
 11951   .807288  -.075683  -.585284
  42549.7   9617.6       .5     33.1       .0     28.9
       .5     76.2       .0     57.7  22536.6  23347.1
      -2.3      71.6       8.6      42.9
       -.8      11.2       2.5      22.0
       -.7       5.0       2.7      15.9
       -.6       5.0       2.6      14.1
 11952   .767414  -.082223  -.635858
  39123.7   9992.2       .5     33.2       .0     28.9
       .5     76.3       .0     57.7  20469.4  21178.9
      -3.3      65.2       7.9      39.9
       -.6       9.2       2.8      20.2
       -.7       5.0       2.1      14.4
       -.6       5.0       2.0      12.5
 11953   .716102  -.089513  -.692232
  35929.2  10791.7       .4     33.4       .0     28.9
       .4     76.5       .0     57.7  18872.5  19450.9
      -3.9      60.0       7.9      42.4
       -.8      10.0       2.6      20.6
       -.6       5.0       2.4      14.3
       -.7       5.0       2.6      12.8
 11954   .649830  -.097475  -.753803
  33308.9  11831.0       .4     33.5       .0     28.9
       .3     76.6      1.1      7.0  16884.2  17511.4
      -6.3      67.8       8.3      44.0
       -.8       8.0       2.3      19.3
       -.7       5.0       2.1      13.0
       -.8       5.0       2.2      11.0
 11955   .564543  -.105852  -.818588
  30560.0  13401.7      -.1     33.6       .0     28.9
      -.1     76.9       .1      9.8  15112.1  15835.3
      -1.7      63.3       6.2      42.3
       -.9       8.5       2.7      18.0
       -.7       5.0       2.2      12.4
       -.8       5.0       2.2      10.7
 11956   .456422  -.114106  -.882416
  28590.4  16303.1      -.1     34.0       .0     28.9
       .0     77.2       .3     21.5  13934.2  14351.1
      -1.3      69.5       5.4      41.3
       -.8       7.1       2.1      16.4
       -.8       5.0       2.2      11.1
       -.9       5.0       2.2       8.9
 11957   .323582  -.121343  -.938387
  27098.2  19984.9       .0     33.9       .4      5.8
      -.1     77.0       .4     33.6  13465.7  13999.1
      -3.5      59.1       4.2      38.7
       -.9       6.2       1.4      10.7
       -.9       5.0       1.3       7.3
       -.9       5.0       1.5       5.9
 11958   .168544  -.126408  -.977555
  26206.7  21626.5       .1     34.0      -.1     16.8
       .0     77.0      -.1     45.5  12393.9  13190.7
      -6.6      63.5       3.5      49.8
      -1.0       6.2        .8       6.4
      -1.0       5.0        .8       3.6
       -.9       5.0        .9       3.0
 11959   .000000  -.128243  -.991743
  26004.0  21367.2       .0     34.1       .0     26.6
       .1     77.1       .0     55.3  12485.1  12849.5
      -1.3      57.4      -3.4      66.6
      -1.1       6.8        .6       9.6
       -.8       5.0        .1       3.0
      -1.0       5.0        .0       3.0
 11960  -.085184  -.127776  -.988138
  26045.3  21564.8       .0     34.0       .3     22.4
       .0     77.0       .3     51.2  12429.5  12842.0
      -5.4      61.4      -4.6      58.3
      -1.1       6.4       -.5       4.7
       -.9       5.0       -.5       3.0
       -.9       5.0       -.6       3.0
 11961  -.168544  -.126408  -.977555
  26257.2  21609.8       .3     34.1       .0     16.9
       .3     77.1       .0     45.6  12836.2  13138.2
      -7.2      62.0      -2.4      48.6
       -.9       6.2       -.8       6.7
       -.9       5.0       -.9       3.6
       -.9       5.0       -.9       3.0
 11962  -.248443  -.124222  -.960648
  26432.6  21110.2      -.2     34.0      -.4     11.1
      -.2     77.2      -.3     39.7  13048.6  13559.2
       -.8      60.7      -3.0      42.0
       -.8       5.8      -1.1       8.2
       -.9       5.0      -1.2       5.4
       -.9       5.0      -1.3       4.5
 11963  -.323582  -.121343  -.938387
  27079.4  19924.9       .1     34.0      -.5      5.8
       .2     77.0      -.4     33.5  13200.3  13679.8
      -5.7      61.8      -4.7      38.6
      -1.0       5.7      -1.5      10.9
       -.9       5.0      -1.4       7.2
       -.9       5.0      -1.5       6.0
 11964  -.393068  -.117920  -.911917
  27632.1  18270.9      -.1     34.0     -1.7      4.2
       .0     77.2      -.4     27.7  13643.6  14161.0
      -4.1      60.0      -4.7      38.8
       -.9       6.0      -2.1      13.8
       -.8       5.0      -1.6       9.2
       -.9       5.0      -1.9       7.4
 11965  -.456422  -.114106  -.882416
  28521.1  16401.0       .4     34.0       .0     28.9
       .3     77.1      -.4     21.7  14170.5  14650.0
      -6.2      62.5      -6.3      42.0
      -1.0       6.7      -3.0      16.4
       -.9       5.0      -2.1      10.6
       -.9       5.0      -2.2       9.0
 11966  -.513527  -.110042  -.850988
  29646.8  14615.9       .6     33.7       .0     28.9
       .6     76.9      -.1     15.5  14814.0  15267.3
      -3.0      64.9      -5.6      41.6
       -.7       7.5      -2.2      18.1
       -.7       5.0      -2.2      12.0
       -.8       5.0      -2.2      10.0
 11967  -.564543  -.105852  -.818588
  30723.8  13444.3       .4     33.8       .0     28.9
       .4     76.8      -.1     10.0  15501.4  15999.8
      -5.7      61.8      -7.4      42.8
       -.9       6.3      -2.6      18.5
       -.9       5.0      -2.5      12.2
       -.8       5.0      -2.4      10.9
 11968  -.649830  -.097475  -.753803
  33021.0  11786.1       .6     33.6       .0     28.9
       .5     76.7     -1.4      6.5  16811.6  17536.8
      -1.6      64.6      -7.6      44.5
      -1.0       8.7      -2.5      19.7
       -.6       5.0      -2.4      13.0
       -.8       5.0      -2.4      10.8
 11969  -.716102  -.089513  -.692232
  35870.6  10740.6       .4     33.6       .0     28.9
       .3     76.6       .0     57.7  18825.5  19321.5
       1.5      68.1      -9.8      40.5
       -.8       9.1      -2.9      20.7
       -.7       5.0      -2.5      14.8
       -.7       5.0      -2.4      12.8
 11970  -.767414  -.082223  -.635858
  39149.2  10133.7       .8     33.2       .0     28.9
       .7     76.4       .0     57.7  20775.8  21422.6
      -2.3      67.6      -9.2      43.9
      -1.1      10.9      -2.4      20.0
       -.7       5.0      -2.5      14.2
       -.7       5.0      -2.5      12.4
 11971  -.807288  -.075683  -.585284
  42218.0   9529.6       .6     33.2       .0     28.9
       .6     76.3       .0     57.7  23005.3  23763.8
      -5.7      64.8      -8.7      44.3
       -.5      11.6      -2.8      22.2
       -.6       5.0      -2.4      15.7
       -.7       5.0      -2.7      14.1
 11972  -.838516  -.069876  -.540377
  45882.4   9344.6       .7     33.0       .0     28.9
       .7     76.1       .0     57.7  24986.7  25819.1
      -1.6      68.6      -7.5      39.6
       -.6      12.9      -2.7      20.5
       -.5       5.0      -2.4      15.3
       -.6       5.0      -2.4      13.4
 11973  -.863216  -.064741  -.500666
  49387.0   9078.8       .9     32.8       .0     28.9
       .8     75.9       .0     57.7  27446.5  28296.1
      -3.9      68.8      -8.9      40.0
       -.9      13.5      -2.9      22.7
       -.7       5.0      -2.7      16.8
       -.6       5.0      -2.8      14.8
 11974  -.882965  -.060202  -.465563
  53232.3   8869.1       .8     32.9       .0     28.9
       .7     75.9       .0     57.7  29577.6  30790.1
        .5      74.5      -9.2      39.7
      -1.1      13.6      -2.5      20.8
       -.5       5.0      -2.2      15.8
       -.5       5.0      -2.3      14.1
 11975  -.898927  -.056183  -.434481
  57119.3   8724.1       .9     32.7       .0     28.9
       .9     75.7       .0     57.7  32525.7  33867.0
       -.6      73.0     -10.6      42.4
       -.6      16.5      -2.6      23.4
       -.5       5.0      -2.8      17.2
       -.5       5.0      -2.5      15.4
 11976  -.911966  -.052613  -.406877
  60979.8   8729.9       .5     32.5       .0     28.9
       .6     75.6       .0     57.7  35454.0  36311.9
       -.6      71.0      -7.8      37.8
       -.5      18.0      -3.1      21.5
       -.5       5.0      -2.4      16.4
       -.6       5.0      -2.5      14.7
 11977  -.922727  -.049432  -.382272
  64601.1   8616.9       .7     32.5       .0     28.9
       .7     75.6       .0     57.7  36858.9  38199.4
        .0      80.5     -10.7      39.4
       -.7      19.1      -2.8      22.7
       -.6       5.0      -2.5      17.6
       -.5       5.0      -2.7      15.5
 11978   .806111  -.362750  -.467544
  52748.1   9633.3       .2     43.3       .0     28.9
      -.1     27.4       .0     57.7  29626.7  30500.0
      -7.3      56.8       8.4      41.3
      -2.5      25.4       2.3      21.9
      -2.4      16.9       2.2      16.4
      -2.3      14.3       2.5      14.4
 11979   .774912  -.387456  -.499388
  49679.4  10055.2       .2     43.3       .0     28.9
       .1     28.0       .0     57.7  27176.8  27987.8
      -8.1      62.0       8.6      39.8
      -2.6      25.7       2.3      20.1
      -2.2      17.2       1.8      14.7
      -2.3      14.4       2.1      12.9
 11980   .736803  -.414452  -.534182
  46427.4  10538.7       .2     43.3       .0     28.9
       .1     28.3       .0     57.7  25391.2  26056.6
      -9.1      61.2       8.0      40.7
      -3.0      26.1       2.1      21.5
      -2.3      17.4       2.0      15.5
      -2.2      14.3       2.1      13.5
 11981   .690099  -.443635  -.571796
  43401.1  11250.7       .2     43.3       .0     28.9
       .3     29.0       .0     57.7  23166.1  23819.0
      -8.7      57.5       7.8      42.1
      -3.0      26.0       2.4      19.1
      -2.1      17.6       2.0      14.0
      -2.4      14.1       1.9      11.9
 11982   .632842  -.474632  -.611748
  40709.9  12178.7       .2     43.3       .0     28.9
       .1     29.4       .0     57.7  21457.0  22207.4
      -7.8      57.4       8.8      44.3
      -3.7      26.3       2.7      20.0
      -2.7      17.3       1.7      13.5
      -2.7      14.2       2.2      12.0
 11983   .562936  -.506642  -.653006
  38259.0  13546.4       .2     43.3       .0     28.9
      -.2     30.0      2.4     11.1  20397.5  20801.9
     -11.4      61.0       8.8      44.5
      -3.4      26.1       2.5      18.6
      -2.6      17.7       2.1      12.5
      -2.5      14.2       1.9      10.5
 11984   .478468  -.538276  -.693778
  35958.6  15547.5       .2     43.3       .0     28.9
      -.1     30.4      -.1      8.8  18729.5  19224.6
      -8.3      56.8       6.5      44.2
      -3.5      26.3       2.2      17.3
      -2.9      17.5       1.9      11.4
      -3.1      14.2       2.1       9.9
 11985   .378295  -.567442  -.731370
  34272.0  18168.7       .2     43.3       .0     28.9
      -.1     30.8       .2     20.3  17829.4  18296.8
      -7.6      57.9       5.6      46.2
      -3.5      26.4       1.9      16.1
      -3.0      17.6       1.9      10.2
      -3.0      14.3       1.8       8.4
 11986   .262862  -.591440  -.762300
  33033.2  18943.0       .2     43.3       .4     11.6
      -.4     31.0       .0     32.8  16962.9  17574.6
      -9.3      57.2       4.6      44.8
      -3.5      27.0       1.4      11.1
      -3.4      17.6       1.3       6.9
      -3.1      14.3       1.1       5.6
 11987   .134975  -.607388  -.782855
  32355.4  18440.9       .2     43.3      -.2     16.3
      -.6     31.2      -.2     45.0  16432.9  16889.9
      -6.1      55.7       1.9      55.9
      -4.2      26.7       1.1       7.3
      -3.3      17.9        .7       3.5
      -3.0      14.4        .7       3.0
 11988   .000000  -.612997  -.790085
  32246.5  18218.4       .2     43.3      -.1     26.4
      -.9     31.2      -.1     55.1  16410.0  16845.2
      -9.7      58.8      -1.3      71.2
      -3.9      26.4       1.0      18.1
      -3.3      17.9        .2       3.2
      -3.2      14.2        .0       3.0
 11989  -.067953  -.611580  -.788259
  32114.6  18305.7       .2     43.3       .5     22.3
      -.4     31.1       .6     50.9  16161.4  17007.1
      -9.9      58.2      -1.1      65.1
      -3.8      26.4       -.6       8.0
      -3.4      17.5       -.5       3.0
      -3.2      14.2       -.6       3.0
 11990  -.134975  -.607388  -.782855
  32298.6  18446.8       .2     43.3       .3     16.3
      -.3     31.1       .3     45.1  16198.1  16801.4
      -7.8      56.9      -3.2      53.0
      -4.0      26.3      -1.0       7.6
      -3.5      17.6       -.8       3.5
      -3.3      14.3       -.9       3.0
 11991  -.200196  -.600588  -.774091
  32569.2  18624.3       .2     43.3      -.1     10.5
      -.1     31.3       .0     39.0  16499.5  16953.0
      -6.9      54.4      -3.1      48.6
      -3.8      26.6      -1.1       9.1
      -3.1      17.9      -1.0       5.2
      -3.4      14.4      -1.0       4.2
 11992  -.262862  -.591440  -.762300
  32844.1  18849.9       .2     43.3      -.1      5.0
      -.6     30.9      -.2     32.8  16590.6  17272.0
      -7.1      54.4      -2.0      43.6
      -3.2      26.0      -1.5      10.7
      -3.1      17.4      -1.2       6.7
      -3.2      14.3      -1.3       5.6
 11993  -.322373  -.580271  -.747905
  33697.7  18934.2       .2     43.3     -1.4      5.0
      -.3     30.9       .2     26.7  17104.5  17743.5
     -10.8      61.6      -4.6      42.9
      -3.1      26.6      -1.7      13.6
      -3.4      17.5      -1.7       8.7
      -3.2      14.2      -1.5       7.0
 11994  -.378295  -.567442  -.731370
  34258.9  18031.1       .2     43.3       .0     28.9
       .3     30.7       .0     20.4  17593.6  18324.3
      -7.3      57.0      -5.5      42.4
      -4.0      26.3      -2.3      15.9
      -3.1      17.6      -2.0      10.4
      -2.6      14.3      -1.8       8.5
 11995  -.430364  -.553325  -.713175
  35088.3  16786.9       .2     43.3       .0     28.9
      -.5     30.6      -.2     14.5  18066.6  18758.0
      -8.9      57.4      -5.2      44.3
      -3.8      26.2      -2.4      17.2
      -3.2      17.5      -2.1      11.1
      -2.8      14.4      -2.1       9.3
 11996  -.478468  -.538276  -.693778
  36102.2  15613.0       .2     43.3       .0     28.9
       .0     30.4       .0      9.0  18576.1  19325.4
     -10.7      59.0      -6.3      44.2
      -3.0      26.5      -2.0      17.0
      -2.8      17.5      -1.9      11.5
      -2.8      14.3      -2.1       9.9
 11997  -.562936  -.506642  -.653006
  38153.0  13573.8       .2     43.3       .0     28.9
       .5     30.1     -3.0      9.3  19977.3  20511.1
      -6.5      56.3      -5.8      43.2
      -3.4      25.8      -2.2      18.3
      -2.8      17.6      -1.9      12.5
      -2.5      14.2      -2.0      10.6
 11998  -.632842  -.474632  -.611748
  40679.0  12239.1       .2     43.3       .0     28.9
      -.2     29.5       .0     57.7  21534.7  22368.0
      -6.1      55.5      -6.7      41.8
      -3.4      26.3      -2.4      19.8
      -3.0      17.4      -2.5      13.8
      -2.3      14.3      -2.0      12.0
 11999  -.690099  -.443635  -.571796
  43371.7  11290.4       .2     43.3       .0     28.9
      -.2     29.1       .0     57.7  23602.0  24317.4
      -7.1      59.1      -7.9      43.6
      -3.2      26.0      -2.5      19.5
      -2.6      17.5      -2.1      13.8
      -2.5      14.2      -2.3      12.0
 12000  -.736803  -.414452  -.534182
  46217.0  10523.6       .2     43.3       .0     28.9
       .2     28.5       .0     57.7  25443.1  26325.0
      -8.9      56.3      -7.5      40.4
      -3.2      25.6      -2.8      21.4
      -2.3      17.2      -2.1      15.1
      -2.3      14.4      -2.3      13.5
 12001  -.774912  -.387456  -.499388
  49463.1  10004.1       .2     43.3       .0     28.9
      -.4     28.1       .0     57.7  27156.0  28133.4
      -7.3      59.3      -9.4      41.0
      -2.5      25.7      -2.1      20.3
      -2.3      17.1      -1.9      14.7
      -2.3      14.4      -2.4      13.3
 12002  -.806111  -.362750  -.467544
  52864.7   9667.5       .2     43.3       .0     28.9
       .0     27.7       .0     57.7  29687.2  30581.9
      -8.0      60.7      -9.3      41.8
      -2.4      25.6      -2.4      22.2
      -2.6      17.2      -2.5      16.1
      -2.4      14.4      -2.6      14.8
 12003  -.831783  -.340275  -.438577
  56365.6   9428.5       .2     43.3       .0     28.9
       .3     27.2       .0     57.7  31890.3  32983.0
      -8.8      60.7      -8.1      39.0
      -3.0      25.3      -2.5      20.9
      -2.3      17.2      -2.1      15.5
      -2.1      14.6      -2.0      13.8
 12004  -.853040  -.319890  -.412303
  59850.5   9208.7       .2     43.3       .0     28.9
      -.1     27.0       .0     57.7  34207.1  35036.5
      -4.8      63.0      -7.2      39.7
      -3.1      25.3      -2.8      22.6
      -2.3      17.2      -2.4      17.4
      -2.3      14.5      -2.7      15.0
 12005  -.870759  -.301417  -.388493
  63582.5   9027.5       .2     43.3       .0     28.9
       .0     26.5       .0     57.7  36487.6  37587.9
      -8.8      64.0      -8.5      39.2
      -2.3      25.0      -2.3      20.8
      -2.1      17.2      -2.1      15.8
      -2.0      14.8      -2.4      14.3
 12006  -.885633  -.284668  -.366905
  67385.1   8960.1       .2     43.3       .0     28.9
       .2     26.5       .0     57.7  38961.7  40125.0
      -4.7      61.9      -9.6      38.7
      -2.5      25.1      -3.3      22.6
      -2.5      16.9      -2.5      17.4
      -2.0      14.8      -2.4      15.9
 12007   .467453  -.841416  -.271123
  91744.5  13765.0       .2     43.3       .0     28.9
       .2     86.6       .0     57.7  54745.4  55991.9
     -13.1      54.0       6.9      48.5
      -3.0      21.9       2.2      18.4
      -2.2      16.4       1.6      12.5
      -2.4      15.0       1.8      11.0
 12008   .429723  -.859446  -.276932
  89631.5  13658.1       .2     43.3       .0     28.9
       .2     86.6       .0     57.7  53662.8  55281.5
     -14.0      55.2       9.8      52.0
      -3.1      22.1       2.0      18.1
      -2.4      16.5       1.5      11.9
      -2.3      14.9       1.6      10.1
 12009   .389600  -.876600  -.282460
  87937.4  13529.9       .2     43.3       .0     28.9
       .2     86.6       .0     57.7  52014.4  53549.4
     -10.9      48.9       4.4      52.9
      -3.1      21.9       2.1      17.8
      -2.2      16.5       1.5      11.3
      -2.5      15.1       1.6       9.3
 12010   .347131  -.892622  -.287623
  86332.5  13413.9       .2     43.3       .0     28.9
       .2     86.6       .0     57.7  50986.8  52702.8
     -13.7      52.8       5.3      53.8
      -2.9      21.6       2.0      17.7
      -2.3      16.6       1.6      11.0
      -2.8      15.1       1.7       8.9
 12011   .302414  -.907242  -.292333
  85578.9  13139.5       .2     43.3       .0     28.9
       .2     86.6       .0     57.7  50138.9  51707.7
     -13.8      51.5       6.7      55.7
      -3.1      23.0       1.7      17.6
      -2.6      16.9       1.4       9.8
      -2.2      15.3       1.3       8.2
 12012   .255608  -.920190  -.296506
  84077.1  12949.0       .2     43.3       .0     28.9
       .2     86.6       .0     57.7  49909.6  51248.0
     -11.9      48.6       6.2      63.9
      -3.0      22.2       2.0      17.9
      -2.4      17.0       1.5       9.8
      -2.8      15.3       1.6       7.7
 12013   .206935  -.931206  -.300055
  82938.0  12950.8       .2     43.3       .0     28.9
       .2     86.6      -.4      4.2  49369.3  50560.9
     -11.0      51.8       2.4      64.0
      -2.8      22.2       1.5      16.5
      -2.6      16.7       1.2       8.0
      -2.9      15.4       1.3       6.3
 12014   .156676  -.940054  -.302906
  82408.2  12743.7       .2     43.3       .0     28.9
       .2     86.6      -.4     16.8  48249.6  50110.1
     -14.7      50.3       2.5      69.5
      -3.3      22.0       1.7      17.2
      -2.8      17.1       1.3       7.9
      -2.8      15.7       1.2       5.9
 12015   .105170  -.946530  -.304993
  81939.1  12630.4       .2     43.3      -.5      2.0
       .2     86.6      -.8     30.2  48187.7  49378.8
     -13.1      51.7       3.8      78.4
      -3.3      21.8        .9      17.9
      -2.7      17.0        .8       5.4
      -2.9      15.4        .8       4.0
 12016   .052804  -.950480  -.306266
  81690.6  12562.7       .2     43.3     -1.2     14.7
       .2     86.6     -1.2     43.1  48733.9  50090.7
     -11.1      49.1        .6      85.7
      -3.3      22.2        .3      22.4
      -2.9      17.1        .3       5.0
      -2.9      15.4        .4       3.0
 12017   .000000  -.951808  -.306694
  81557.8  12637.2       .2     43.3       .1     25.6
       .2     86.6       .0     54.0  47909.8  49111.6
     -14.1      53.7      -4.7      99.2
      -3.5      21.7        .0      48.5
      -2.6      17.0       -.3      11.8
      -2.9      15.4        .1       4.4
 12018  -.026430  -.951476  -.306587
  81563.5  12510.9       .2     43.3      1.8     21.0
       .2     86.6      1.7     49.5  47685.3  49287.5
     -11.9      49.1       3.4      89.6
      -3.5      22.6       -.9      34.2
      -2.9      16.8       -.1       4.9
      -3.0      15.3       -.2       3.0
 12019  -.052804  -.950480  -.306266
  81689.6  12513.8       .2     43.3      1.3     14.6
       .2     86.6      1.2     43.3  47804.1  49249.8
     -11.8      49.0        .6      87.5
      -3.7      22.0       -.9      25.1
      -2.7      17.4       -.5       4.6
      -2.9      15.6       -.4       3.0
 12020  -.079069  -.948828  -.305734
  81779.5  12636.3       .2     43.3       .9      8.2
       .2     86.6       .8     36.7  48197.8  49508.0
     -11.3      47.7      -1.1      83.1
      -3.3      22.6       -.6      19.4
      -2.8      16.9       -.6       4.3
      -2.7      15.5       -.7       3.2
 12021  -.105170  -.946530  -.304993
  81791.1  12689.8       .2     43.3       .1     16.2
       .2     86.6       .5     30.2  47164.1  49049.1
     -12.7      53.1       -.6      76.2
      -3.1      22.2       -.9      16.8
      -2.8      16.8      -1.0       5.7
      -3.0      15.2       -.8       3.9
 12022  -.131055  -.943599  -.304049
  82209.2  12643.4       .2     43.3       .0     28.9
       .2     86.6       .6     23.4  48599.6  49940.4
     -13.2      51.5      -2.7      69.4
      -3.3      22.1      -1.5      17.6
      -2.7      17.0      -1.2       6.7
      -2.7      15.4      -1.1       5.1
 12023  -.156676  -.940054  -.302906
  82278.8  12715.9       .2     43.3       .0     28.9
       .2     86.6       .5     16.8  47949.2  49677.4
     -11.8      52.4      -3.4      67.7
      -3.2      22.3      -1.3      17.0
      -2.9      16.6      -1.4       7.5
      -3.0      15.5      -1.4       5.8
 12024  -.181983  -.935915  -.301572
  82531.6  12754.2       .2     43.3       .0     28.9
       .2     86.6       .4     10.3  49064.7  50401.0
     -11.4      49.3      -5.0      67.2
      -3.2      22.4      -1.8      17.0
      -2.9      17.1      -1.3       7.9
      -2.6      15.5      -1.3       6.2
 12025  -.206935  -.931206  -.300055
  83152.0  12819.3       .2     43.3       .0     28.9
       .2     86.6       .4      4.1  48115.6  49764.3
     -12.1      48.3      -5.7      62.7
      -3.2      22.6      -1.4      17.1
      -2.4      17.1      -1.3       8.2
      -3.0      15.4      -1.4       6.4
 12026  -.255608  -.920190  -.296506
  83845.3  12946.2       .2     43.3       .0     28.9
       .2     86.6       .0     57.7  49589.4  50909.1
     -11.2      53.1      -6.9      56.2
      -2.8      22.2      -1.7      17.4
      -2.1      16.7      -1.4       9.6
      -2.7      15.4      -1.7       7.5
 12027  -.302414  -.907242  -.292333
  85211.7  13161.8       .2     43.3       .0     28.9
       .2     86.6       .0     57.7  50412.3  51703.7
     -14.9      54.0      -8.7      60.4
      -2.8      22.0      -1.9      17.0
      -2.3      17.0      -1.5       9.9
      -2.4      15.2      -1.5       8.1
 12028  -.347131  -.892622  -.287623
  86739.4  13491.5       .2     43.3       .0     28.9
       .2     86.6       .0     57.7  51098.9  52947.6
     -11.7      55.5      -6.4      57.6
      -3.1      22.4      -2.3      18.6
      -2.6      16.5      -1.7      10.8
      -2.8      15.1      -1.7       8.8
 12029  -.389600  -.876600  -.282460
  87778.6  13512.4       .2     43.3       .0     28.9
       .2     86.6       .0     57.7  52390.1  54041.2
     -11.9      50.6      -7.9      53.8
      -2.8      21.8      -1.8      17.5
      -2.5      16.4      -1.7      11.1
      -2.5      15.1      -1.8       9.5
 12030  -.429723  -.859446  -.276932
  89731.2  13768.3       .2     43.3       .0     28.9
       .2     86.6       .0     57.7  53120.2  54383.7
     -13.1      54.5      -8.8      50.8
      -2.9      21.8      -2.3      18.1
      -2.5      16.5      -1.7      12.1
      -2.1      14.9      -1.6      10.0
 12031  -.467453  -.841416  -.271123
  91720.2  13865.8       .2     43.3       .0     28.9
       .2     86.6       .0     57.7  55044.6  56583.8
     -10.2      54.4      -6.1      48.2
      -2.9      22.5      -2.2      19.0
      -2.3      16.4      -1.6      12.3
      -2.5      14.9      -1.8      10.6
 12032  -.502792  -.822750  -.265108
  93553.1  13580.0       .2     43.3       .0     28.9
       .2     86.6       .0     57.7  55681.0  57371.1
     -12.2      53.0      -6.4      46.1
      -2.7      21.8      -2.0      19.1
      -2.2      16.3      -1.7      12.7
      -2.2      14.9      -1.7      11.0
 12033  -.535778  -.803668  -.258960
  95807.4  13648.5       .2     43.3       .0     28.9
       .2     86.6       .0     57.7  56564.5  58333.3
     -13.4      53.5      -8.1      42.9
      -2.9      21.9      -2.7      19.7
      -2.5      16.3      -2.1      13.5
      -2.1      14.6      -1.7      11.7
 12034  -.566482  -.784360  -.252738
  98211.1  13184.5       .2     43.3       .0     28.9
       .2     86.6       .0     57.7  59567.7  60965.7
     -13.4      57.0      -9.2      42.1
      -2.6      21.5      -2.3      18.9
      -2.1      16.0      -1.9      13.3
      -2.1      14.5      -1.7      11.8
 12035  -.594996  -.764995  -.246498
 100765.3  13071.5       .2     43.3       .0     28.9
       .2     86.6       .0     57.7  61496.0  62964.2
     -13.5      57.1      -8.8      39.9
      -2.5      21.8      -2.7      20.0
      -2.1      15.5      -2.0      14.4
      -2.1      14.4      -1.8      12.7
