Dot1_150x100_prd2012lk:dj0091a@-250V,0T@90d,263K,rhe=1.10,rhh=0.7,0.7/0.7       
  1003   1   .00  60   5  29   0  250.00  263.00     .70 1.00000   800.0    -.88    -.28  150.000  100.000  285.000   800.0    -.44    -.14    1.50    1.00     .85
 11001   .000000   .000000 -1.000000
  25453.3  20708.3      -.5     41.1      -.1     26.7
      -.5     84.2      -.1     55.4  12087.7  12562.8
       -.4      70.3       2.3      72.2
       -.2       9.2        .8      10.9
        .4       5.0        .0       3.0
        .4       5.0        .2       3.0
 11002   .000000  -.130455  -.991454
  25717.3  20951.6       .0     34.0       .1     26.7
      -.1     77.2       .1     55.5  12204.2  12674.8
      -5.5      59.8      -1.2      71.3
       -.4       6.8       -.9      12.7
       -.2       5.0        .2       3.0
       -.3       5.0        .1       3.0
 11003   .000000  -.254493  -.967075
  26188.4  21554.4      -.1     25.3      -.2     26.6
      -.1     68.4      -.2     55.5  12761.6  13115.5
      -5.4      51.9       3.0      67.8
       -.6       8.7        .9      12.5
       -.6       5.6        .2       3.0
       -.6       5.0        .1       3.0
 11004   .000000  -.367167  -.930155
  27043.4  21607.0      -.5     16.5      -.1     26.8
      -.4     59.4      -.1     55.4  13567.6  13982.5
      -6.5      50.1      -1.7      69.6
      -1.4      12.5       -.9      12.9
      -1.1       8.4        .2       3.0
      -1.0       6.7        .2       3.0
 11005   .000000  -.465746  -.884918
  28363.7  20911.9      -.6      8.2       .0     26.6
      -.4     50.3       .1     55.3  13902.1  14455.0
      -6.1      48.9       2.0      69.0
      -1.6      16.3       -.1      13.2
      -1.1      10.8        .0       3.0
      -1.4       8.8        .1       3.0
 11006   .000000  -.549617  -.835417
  29929.7  19682.7     -3.9      5.0      -.1     26.7
      -.3     40.6      -.1     55.3  14776.6  15374.4
      -9.3      55.0      -1.9      76.9
      -2.5      21.5        .3      10.2
      -1.7      13.8        .1       3.0
      -1.8      11.1        .0       3.0
 11007   .000000  -.619644  -.784883
  31850.7  18192.6      -.4     43.3      -.2     26.6
      -.1     31.1      -.2     55.3  15999.3  16757.3
      -9.6      57.7       2.9      74.1
      -2.7      26.1       -.4      15.1
      -2.2      17.7        .0       3.3
      -2.3      14.3        .2       3.0
 11008   .000000  -.677476  -.735545
  33857.4  16522.8      -.4     43.3       .1     26.5
      -.5     21.7       .1     55.1  17388.5  18177.4
      -7.6      56.8        .3      71.8
      -3.2      27.3        .0      17.3
      -2.5      18.4        .1       3.0
      -2.6      15.0        .2       3.0
 11009   .000000  -.724999  -.688749
  36198.0  15672.6      -.4     43.3       .0     26.6
      -.3     12.8       .0     55.2  18850.1  19398.3
     -10.4      54.1        .5      75.1
      -3.0      26.2       -.8      17.6
      -2.6      17.4        .1       5.0
      -2.3      14.6        .1       3.0
 11010   .000000  -.764030  -.645181
  38629.1  14994.5      -.4     43.3       .1     26.4
     -1.2      7.6       .1     55.0  19804.1  20738.3
     -10.9      51.8        .2      74.1
      -1.7      22.1       -.9      23.5
      -1.8      16.8        .4       4.1
      -1.8      15.6        .1       3.0
 11011   .000000  -.796162  -.605083
  40939.0  14506.7      -.4     43.3      -.1     26.1
      -.4     86.6      -.1     54.9  22127.0  22725.3
      -8.0      50.3        .3      77.2
      -1.6      22.4        .4      21.3
      -1.5      17.3        .0       4.9
      -1.9      16.4        .2       3.0
 11012   .000000  -.822730  -.568432
  43482.0  13916.1      -.4     43.3      -.1     26.3
      -.4     86.6      -.1     54.9  23122.7  24132.9
     -11.0      54.3       1.6      83.5
      -2.0      22.2        .2      25.6
      -1.7      16.8        .1       4.2
      -2.0      15.2        .1       3.0
 11013   .000000  -.844819  -.535052
  46246.9  13806.8      -.4     43.3      -.3     26.2
      -.4     86.6      -.3     54.8  25059.4  25733.2
     -12.7      53.6       1.4      82.0
      -2.2      20.8        .3      24.5
      -1.5      15.4        .2       4.2
      -1.5      13.5        .2       3.0
 11014   .000000  -.863297  -.504697
  48992.9  13470.1      -.4     43.3       .1     26.1
      -.4     86.6       .1     54.8  26646.3  27452.8
     -10.6      50.9      -2.2      83.5
      -1.6      21.9       -.5      25.4
      -1.4      17.1        .1       4.9
      -1.5      15.8        .3       3.0
 11015   .000000  -.878853  -.477092
  51805.1  13286.2      -.4     43.3       .2     26.1
      -.4     86.6       .1     54.7  28967.8  29935.7
     -10.6      49.0       1.0      84.9
      -1.8      23.1      -1.8      28.8
      -1.9      18.6        .4       5.7
      -1.9      17.7        .1       3.0
 11016   .000000  -.892036  -.451965
  54589.4  13063.0      -.4     43.3       .0     26.1
      -.4     86.6       .0     54.6  30222.7  31138.2
     -12.5      51.4       -.3      84.0
      -2.1      22.7        .5      31.9
      -1.9      17.4        .4       6.7
      -1.9      15.9        .0       3.0
 11017   .000000  -.903278  -.429057
  57892.6  13041.0      -.4     43.3      -.1     26.1
      -.4     86.6      -.1     54.6  32229.7  33134.1
     -11.3      52.6      -1.6      94.9
      -2.0      21.7        .4      35.0
      -1.9      16.4        .5      10.3
      -1.5      14.4        .2       3.0
 11018   .000000  -.912924  -.408131
  60376.9  12872.7      -.4     43.3      -.1     26.2
      -.4     86.6      -.1     54.6  34478.2  35471.4
     -11.6      52.6       1.6      90.2
      -1.9      22.4        .4      34.6
      -1.6      17.8        .1       7.1
      -1.5      16.3        .2       3.3
 11019   .000000  -.921250  -.388972
  63530.8  12794.9      -.4     43.3      -.2     25.9
      -.4     86.6      -.1     54.4  35738.5  36801.3
      -9.9      47.2        .3      92.9
      -1.9      23.6        .6      35.7
      -1.7      19.3        .1       8.0
      -1.6      17.9        .2       3.0
 11020   .000000  -.928477  -.371391
  66384.6  12720.6      -.4     43.3       .0     26.0
      -.4     86.6       .0     54.5  37638.4  38751.5
     -12.0      50.1       2.7      90.0
      -2.3      22.7       -.3      37.0
      -1.8      17.9        .4       8.3
      -1.8      16.6        .1       3.3
 11021   .000000  -.934784  -.355218
  69284.8  12666.1      -.4     43.3       .3     25.9
      -.4     86.6       .3     54.4  40731.8  41415.0
     -10.5      51.4       -.7      93.0
      -2.0      21.3      -1.6      40.3
      -1.7      16.8        .0       8.4
      -2.1      15.0        .1       3.0
 11022   .000000  -.940315  -.340305
  72626.3  12650.9      -.4     43.3       .2     25.8
      -.4     86.6       .2     54.3  42375.2  43356.3
     -12.3      48.6       3.5     101.5
      -1.7      22.7        .4      42.0
      -1.8      18.2        .5      11.5
      -2.0      16.6        .1       3.2
 11023   .000000  -.945190  -.326520
  75509.4  12622.2      -.4     43.3      -.1     26.1
      -.4     86.6       .0     54.3  43566.3  44929.6
     -12.9      54.5       2.4      94.6
      -1.6      24.0       1.2      43.8
      -1.7      19.5        .0      11.9
      -1.8      18.4        .2       3.8
 11024   .000000  -.949506  -.313750
  78376.7  12451.7      -.4     43.3       .0     25.8
      -.4     86.6       .0     54.3  45965.7  47112.1
     -11.7      52.9       1.0      99.0
      -1.9      23.0       -.6      41.8
      -1.9      18.5       -.1      10.6
      -1.7      17.0        .0       3.6
 11025   .000000  -.953342  -.301892
  81682.8  12493.4      -.4     43.3       .1     25.7
      -.4     86.6       .0     54.1  47630.0  49322.0
     -13.2      50.0      -2.7      99.8
      -2.2      21.9      -1.2      49.8
      -2.0      16.8       -.2      10.2
      -1.8      15.4        .1       4.0
 11026   .000000  -.956767  -.290857
  84623.1  12442.9      -.4     43.3       .1     25.8
      -.4     86.6       .1     54.2  49797.0  51290.7
     -11.5      48.5       6.5     102.1
      -1.8      23.6       -.5      44.7
      -1.1      18.5        .2      12.7
      -1.8      16.9        .3       4.9
 11027   .000000  -.959834  -.280567
  87910.3  12453.3      -.4     43.3       .1     25.6
      -.4     86.6       .1     54.1  52517.2  54003.3
      -9.9      49.3       -.7     104.8
      -2.0      24.3       -.2      47.5
      -1.8      19.8       -.1      12.1
      -1.6      18.6        .3       3.6
 11028   .000000  -.962593  -.270952
  90975.8  12350.4      -.4     43.3      -.1     25.7
      -.4     86.6       .0     54.1  54281.1  55779.2
     -13.0      54.7       2.2     105.2
      -2.1      23.4      -2.3      51.4
      -1.8      18.5        .3      12.0
      -2.1      17.1        .3       5.4
 11029   .000000  -.965081  -.261951
  94257.2  12505.5      -.4     43.3       .3     25.7
      -.4     86.6       .4     54.0  56136.9  57758.9
     -11.6      50.6       5.7     108.7
      -2.5      22.4       1.8      51.0
      -2.0      17.1        .7      14.3
      -1.7      15.6        .5       5.5
 11030   .000000  -.967333  -.253508
  97156.2  12365.9      -.4     43.3      -.2     25.6
      -.4     86.6      -.2     54.0  57658.2  59387.8
     -15.1      54.7      -5.2     109.1
      -2.4      22.9       -.1      50.8
      -1.5      18.4        .0      19.2
      -1.6      16.9        .3       6.0
 11031   .000000  -.969377  -.245576
 100343.3  12356.7      -.4     43.3       .0     25.5
      -.4     86.6       .1     53.9  60533.2  62296.1
     -13.7      53.1       -.4     114.4
      -2.1      24.1        .7      55.0
      -1.5      19.8        .5      15.6
      -1.8      19.1        .2       4.4
 11032   .000000  -.971238  -.238110
 103540.1  12429.3      -.4     43.3       .1     25.5
      -.4     86.6       .0     53.9  62586.4  64713.6
     -11.2      51.4       4.1     112.8
      -2.6      23.9      -2.5      57.3
      -1.5      18.6        .1      18.0
      -1.9      17.5        .5       7.0
 11033   .000000  -.972937  -.231072
 106429.4  12357.0      -.4     43.3       .0     25.6
      -.4     86.6       .1     53.9  64834.9  66341.4
     -10.9      49.2       5.5     111.0
      -2.3      22.2      -1.2      53.7
      -1.7      17.1        .2      15.6
      -1.5      15.7        .5       7.6
 11034   .000000  -.974491  -.224428
 109596.2  12401.0      -.4     43.3       .4     25.5
      -.4     86.6       .3     53.9  66698.2  68941.2
     -11.2      50.5       4.9     113.4
      -2.2      23.2        .4      57.1
      -1.9      18.5       -.2      15.7
      -1.9      17.0       -.1       7.3
 11035   .000000  -.975916  -.218146
 112836.2  12463.5      -.4     43.3      -.1     25.5
      -.4     86.6      -.1     53.7  68366.9  70751.8
     -12.2      52.6      -2.9     114.6
      -1.7      24.4        .4      55.6
      -1.7      19.8        .0      20.2
      -2.4      19.0        .1       7.0
 11036   .000000  -.977227  -.212198
 116043.6  12427.0      -.4     43.3       .2     25.4
      -.4     86.6       .2     53.7  70681.1  72597.4
     -12.9      54.3        .3     114.0
      -2.1      24.1      -1.2      58.6
      -2.0      18.7       -.3      16.1
      -1.7      17.5        .2       7.4
 11037   .000000  -.978434  -.206558
 118955.2  12386.8      -.4     43.3      -.3     25.4
      -.4     86.6      -.3     53.7  72829.2  74946.5
     -11.4      50.5       7.6     115.3
      -2.6      22.3       -.6      59.1
      -1.8      17.1        .2      18.4
      -1.7      15.8        .0       7.4
 11038   .000000  -.979549  -.201205
 122416.5  12400.7      -.4     43.3       .1     25.5
      -.4     86.6       .1     53.7  75442.8  77721.1
     -11.6      50.5      -1.8     117.8
      -2.2      23.6        .2      60.3
      -1.4      18.5       -.1      20.3
      -1.7      17.3        .0       5.5
 11039   .000000  -.980581  -.196116
 125563.3  12392.8      -.4     43.3       .0     25.4
      -.4     86.6       .0     53.5  77486.7  79857.3
     -12.7      53.7      -4.8     118.2
      -2.0      24.9        .8      61.2
      -1.9      20.0        .4      18.3
      -2.1      19.5        .5       7.9
 11040   .000000  -.981537  -.191274
 128905.5  12495.6      -.4     43.3       .0     25.3
      -.4     86.6       .1     53.5  78578.2  81526.2
     -15.1      54.4      -1.1     116.5
      -2.6      23.8       1.9      64.6
      -2.0      18.9       1.0      21.0
      -2.0      17.6        .4       7.2
 11041   .000000  -.982424  -.186661
 131798.0  12356.9      -.4     43.3       .1     25.4
      -.4     86.6      -.1     53.6  81496.0  83608.4
     -11.7      49.4      -4.5     119.9
      -2.4      22.9       -.6      64.2
      -1.8      17.4       -.1      24.7
      -1.7      16.0        .5       8.9
 11042   .000000  -.983250  -.182261
 134748.6  12344.8      -.4     43.3       .0     25.3
      -.4     86.6       .1     53.4  82580.4  85381.1
     -11.7      48.1      -1.8     119.8
      -2.5      23.9       1.2      64.1
      -1.7      18.4       1.2      21.6
      -2.0      17.5       -.1       7.0
 11043   .000000  -.984020  -.178061
 138042.0  12433.1      -.4     43.3       .2     25.2
      -.4     86.6       .2     53.4  85547.7  87748.2
     -15.3      55.2       2.9     123.9
      -2.4      24.5       -.6      65.9
      -1.8      19.9       -.5      23.8
      -1.9      19.0        .6      10.9
 11044   .000000  -.984737  -.174047
 141528.9  12448.4      -.4     43.3       .0     25.3
      -.4     86.6      -.1     53.4  87850.4  90259.7
     -13.0      52.4      -5.0     122.4
      -2.4      24.1        .3      66.1
      -1.8      18.8       -.4      24.3
      -2.0      17.6        .0       8.7
 11045   .000000  -.985408  -.170207
 144609.1  12368.2      -.4     43.3       .1     25.3
      -.4     86.6       .1     53.4  90171.1  92378.7
     -11.0      46.4      -2.4     117.4
      -2.6      23.4       1.9      65.5
      -2.0      17.4        .0      24.7
      -1.5      16.0        .2      11.2
 11046   .000000  -.986036  -.166531
 147638.5  12395.7      -.4     43.3      -.1     25.4
      -.4     86.6      -.1     53.5  91634.1  95097.4
     -13.4      49.4      -2.3     120.5
      -2.6      24.4        .6      67.4
      -1.9      18.7        .7      26.1
      -2.2      17.5       -.1       8.9
 11047   .000000  -.986625  -.163008
 151015.1  12339.2      -.4     43.3       .2     25.2
      -.4     86.6       .1     53.3  94767.9  97612.3
     -12.3      53.8      -1.8     121.3
      -2.4      24.7      -2.3      67.8
      -1.7      19.9        .2      21.8
      -1.9      19.1       -.1      10.3
 11048   .000000  -.987696  -.156385
 157292.3  12425.0      -.4     43.3      -.3     25.2
      -.4     86.6      -.2     53.2 100855.2 102401.0
     -10.1      50.2       6.6     119.2
      -2.5      23.0      -1.1      68.8
      -2.2      17.7       -.6      28.4
      -1.8      16.0       -.3      11.3
 11049   .000000  -.988644  -.150274
 163718.2  12437.4      -.4     43.3       .0     25.1
      -.4     86.6       .0     53.2 104000.5 106900.1
     -13.2      52.3     -11.2     128.6
      -3.0      25.3        .1      70.7
      -1.8      20.3        .3      28.7
      -1.8      19.3        .6      13.8
 11050   .000000  -.989488  -.144617
 169955.4  12469.0      -.4     43.3      -.1     25.1
      -.4     86.6      -.1     53.0 106892.9 110531.0
      -8.5      49.1        .0     125.1
      -2.6      22.7        .7      68.8
      -1.8      17.4        .2      29.3
      -1.9      16.1        .3      11.8
 11051   .000000  -.990241  -.139367
 175627.6  16077.8      -.4     43.3      1.0     24.3
      -.4     86.6      1.7     53.3 144245.4 152938.1
      13.8      78.3      96.4      95.7
      -2.6      24.5       -.4      63.8
       -.5      19.4      -7.0      47.3
       1.1      20.6      -1.5       3.0
 11052   .000000  -.990916  -.134481
 182808.2  17148.5      -.4     43.3       .7     24.7
      -.4     86.6      -.3     52.4 150612.3 161096.7
      -7.6      20.9     -53.4      64.7
      -1.5      24.6     -14.7      82.7
       -.6      16.5      -5.1      46.2
      -4.4      19.0        .8       3.0
 11053   .000000  -.991524  -.129924
 189364.7  12570.1      -.4     43.3      -.3     25.1
      -.4     86.6      -.2     52.8 122423.5 124701.6
     -10.8      51.9      -9.2     127.1
      -3.1      26.2       -.3      74.8
      -2.2      20.1       -.2      32.9
      -1.7      19.3        .6      11.1
 11054   .000000  -.992073  -.125663
 195942.7  12510.0      -.4     43.3       .1     24.9
      -.4     86.6       .1     52.7 124369.9 127497.1
     -11.7      49.1      -3.4     135.6
      -3.2      23.7      -1.1      73.6
      -2.0      17.8       1.1      33.9
      -1.8      16.3       -.9      19.3
 11055   .000000  -.992571  -.121670
 202358.3  12480.8      -.4     43.3      -.1     24.9
      -.4     86.6      -.1     52.8 131275.8 134637.4
      -9.3      51.2     -13.2     125.6
      -3.0      25.2        .9      75.0
      -2.2      20.1       -.1      32.9
      -2.2      19.6        .5      11.9
 11056   .000000  -.993023  -.117921
 208590.4  12490.0      -.4     43.3       .4     24.7
      -.4     86.6       .3     52.6 135628.5 138642.0
     -10.1      45.4       7.2     137.0
      -2.7      23.9        .2      75.5
      -2.1      17.7       -.6      32.3
      -1.9      16.1       -.5      20.1
 11057   .000000  -.993435  -.114396
 215298.5  12470.5      -.4     43.3      -.1     24.6
      -.4     86.6      -.2     52.5 138819.4 142042.1
      -7.8      44.9      -7.9     125.0
      -2.9      25.3      -1.7      75.3
      -2.2      20.2      -1.3      33.9
      -2.0      19.2        .6      18.3
 11058   .000000  -.993812  -.111073
 221578.3  12670.7      -.4     43.3       .2     24.6
      -.4     86.6       .1     52.5 145952.0 149278.0
      -8.6      46.3       5.2     129.4
      -3.2      23.2        .7      79.1
      -2.1      17.2       1.4      37.2
      -2.2      16.3       -.6      17.6
 11059   .000000  -.994158  -.107937
 227800.3  12540.7      -.4     43.3       .3     24.9
      -.4     86.6       .3     52.5 146622.1 151105.5
      -8.6      41.3     -10.9     134.7
      -2.8      25.1      -1.2      76.5
      -1.9      20.2        .2      35.2
      -1.6      19.2        .9      19.4
 11060   .000000  -.994475  -.104972
 234392.8  12686.5      -.4     43.3       .3     24.6
      -.4     86.6       .2     52.3 153519.5 157265.9
      -9.6      36.4       4.3     126.4
      -2.8      22.3       -.7      77.3
      -2.0      17.4       1.1      39.3
      -2.1      16.4       -.1      20.8
 11061   .903278   .000000  -.429057
  56873.6   8628.8      -.2     40.5      -.1     28.9
      -.2     83.5      -.1     57.7  32392.8  33467.0
      -1.9      84.5       9.0      40.9
       -.5      29.9       2.4      23.0
        .6       8.3       2.0      17.2
        .4       5.0       2.3      15.4
 11062   .887877   .000000  -.460082
  52922.7   8724.2       .3     40.7      -.1     28.9
       .4     83.7      -.1     57.7  30111.6  30966.6
       4.0      78.9       8.4      37.9
       1.8      29.1       2.1      20.8
        .8       6.2       2.1      15.5
        .5       5.0       2.1      14.0
 11063   .868777   .000000  -.495203
  49216.1   8894.7      -.1     40.7      -.1     28.9
      -.1     83.7      -.1     57.7  27135.7  28021.4
       2.2      82.4       8.4      41.7
      -1.0      26.9       2.6      22.2
        .2       5.0       2.4      16.6
        .6       5.0       2.3      14.7
 11064   .844819   .000000  -.535052
  45608.2   9142.8      -.1     40.8      -.1     28.9
      -.2     83.7      -.1     57.7  25300.5  25954.0
        .2      75.6      10.0      41.1
       1.6      24.3       1.7      20.2
       -.4       6.3       2.0      15.1
        .4       5.0       2.1      13.3
 11065   .814421   .000000  -.580275
  42121.4   9449.2      -.3     40.9      -.1     28.9
      -.3     83.9      -.1     57.7  22560.6  23532.4
       1.1      78.1       9.2      41.9
       1.6      21.3       2.5      21.8
        .3       5.6       2.2      16.1
        .5       5.0       2.1      13.9
 11066   .775436   .000000  -.631426
  38744.4   9950.3      -.4     41.1      -.1     28.9
      -.4     84.1      -.1     57.7  20862.8  21231.8
      -1.3      73.9       8.3      40.8
        .4      19.5       1.7      19.5
        .5       5.0       1.9      14.4
        .5       5.0       2.0      12.4
 11067   .724999   .000000  -.688749
  35571.1  10489.4       .0     41.1      -.1     28.9
       .1     84.0      -.1     57.7  18707.9  19253.6
       -.3      77.8       6.9      43.1
       1.8      15.6       2.7      21.1
        .6       5.0       1.9      14.6
        .6       5.0       2.4      12.6
 11068   .659438   .000000  -.751759
  32705.5  11509.2      -.2     41.0      -.1     28.9
      -.1     84.1      2.0      5.5  16931.2  17550.8
       4.4      76.4       5.9      41.2
        .9      14.8       2.3      19.0
        .7       5.0       1.8      13.0
        .4       5.0       2.0      10.9
 11069   .574426   .000000  -.818557
  30128.8  13165.1      -.1     40.9      -.1     28.9
      -.1     84.1       .1     10.1  15184.6  15759.1
        .5      74.2       5.7      41.1
       -.4      15.8       2.7      18.4
        .4       5.0       2.2      12.7
        .3       5.0       2.2      10.6
 11070   .465746   .000000  -.884918
  27971.2  16098.6       .0     41.1      -.1     28.9
       .1     84.2       .3     21.5  13866.4  14364.6
       4.0      71.4       5.0      39.5
        .5      11.5       2.3      16.2
        .4       5.0       1.9      10.9
        .5       5.0       2.0       8.9
 11071   .331088   .000000  -.943600
  26632.0  19475.0      -.2     41.4       .4      5.7
      -.2     84.4       .0     33.7  12974.2  13524.3
       1.0      72.4       3.8      39.5
       -.6       9.5       1.7      11.0
        .5       5.0       1.6       7.3
        .4       5.0       1.5       6.0
 11072   .254493   .000000  -.967075
  26029.9  20621.3       .1     41.2       .3     11.1
       .1     84.2       .1     39.8  12506.3  12950.2
        .7      70.2       4.5      43.8
        .5      11.5       1.3       8.6
        .4       5.0       1.2       5.5
        .5       5.0       1.2       4.5
 11073   .172799   .000000  -.984957
  25654.4  21234.2       .1     41.0       .1     16.8
       .2     84.1       .1     45.6  12115.1  12710.1
      -3.6      70.6       1.6      51.2
        .5      10.1       1.0       6.4
        .6       5.0        .9       3.6
        .5       5.0       1.0       3.0
 11074   .087384   .000000  -.996175
  25568.2  20833.5      -.2     41.0      -.2     22.5
      -.3     84.2      -.3     51.3  12292.5  12860.5
      -7.8      71.1       2.3      58.6
        .6      12.4        .8       6.8
        .3       5.0        .7       3.0
        .4       5.0        .7       3.0
 11075   .000000   .000000 -1.000000
  25490.1  20715.7      -.3     41.0      -.1     26.7
      -.3     84.2      -.1     55.4  12109.9  12630.3
       3.6      72.0       1.1      65.7
       -.4      13.0       -.2       8.8
        .7       5.0        .1       3.0
        .4       5.0        .2       3.0
 11076  -.087384   .000000  -.996175
  25527.9  20834.7       .1     41.2       .4     22.4
       .0     84.3       .4     51.2  12144.1  12581.0
      -2.9      74.7      -1.3      58.3
        .8      12.3       -.5       5.2
        .3       5.0       -.4       3.0
        .4       5.0       -.4       3.0
 11077  -.172799   .000000  -.984957
  25810.4  21275.0       .1     41.0      -.1     16.9
       .1     84.1       .0     45.5  12274.8  12772.5
      -2.0      68.5      -3.4      50.2
        .2       9.7       -.7       6.0
        .6       5.0       -.7       3.7
        .5       5.0       -.7       3.0
 11078  -.254493   .000000  -.967075
  26136.8  20626.0       .0     41.2      -.3     11.1
       .0     84.2      -.2     39.7  12540.7  12989.1
      -1.8      72.6      -3.3      43.8
        .6      11.3      -1.0       8.4
        .4       5.0       -.8       5.6
        .4       5.0      -1.0       4.5
 11079  -.331088   .000000  -.943600
  26667.0  19495.8      -.1     41.1      -.3      5.8
      -.1     84.2      -.5     33.8  13029.3  13506.5
       2.8      72.8      -3.7      41.0
        .5      13.1      -1.1      11.1
        .5       5.0      -1.0       7.3
        .5       5.0      -1.3       6.1
 11080  -.465746   .000000  -.884918
  28238.1  16014.4      -.2     41.2      -.1     28.9
      -.2     84.2      -.4     21.5  13658.9  14305.1
       1.6      70.9      -5.5      41.9
        .9      12.5      -1.9      16.8
        .6       5.0      -1.7      11.0
        .4       5.0      -1.7       9.1
 11081  -.574426   .000000  -.818557
  30236.5  13224.2      -.2     41.1      -.1     28.9
      -.3     84.2       .0      9.9  15250.4  15721.3
        .2      76.5      -5.8      41.8
       -.1      14.6      -1.7      18.4
        .3       5.0      -1.8      12.6
        .5       5.0      -1.9      10.7
 11082  -.659438   .000000  -.751759
  32675.2  11599.1      -.5     41.3      -.1     28.9
      -.4     84.3     -1.5      7.3  16980.5  17332.5
       1.2      72.9      -6.0      41.7
        .3      15.6      -2.1      18.8
        .5       5.0      -1.8      13.3
        .5       5.0      -1.9      10.9
 11083  -.724999   .000000  -.688749
  35638.6  10560.1       .0     40.9      -.1     28.9
       .0     84.0      -.1     57.7  18519.1  19221.7
      -1.0      77.6      -9.2      44.6
       1.2      15.3      -1.8      20.7
        .2       5.0      -1.9      14.5
        .5       5.0      -2.1      12.9
 11084  -.775436   .000000  -.631426
  38691.3   9891.9      -.1     40.7      -.1     28.9
      -.2     83.9      -.1     57.7  20550.9  21190.0
      -2.7      71.9      -6.5      41.2
       -.1      20.9      -1.8      19.9
        .6       5.0      -1.6      14.3
        .5       5.0      -2.0      12.4
 11085  -.814421   .000000  -.580275
  42024.9   9410.6      -.2     40.8      -.1     28.9
      -.3     83.9      -.1     57.7  22974.8  23572.7
      -3.0      74.3      -6.6      40.7
        .7      21.9      -2.2      21.8
        .4       5.0      -2.2      16.0
        .6       5.0      -2.0      13.9
 11086  -.844819   .000000  -.535052
  45492.0   9113.4       .2     40.8      -.1     28.9
       .2     83.9      -.1     57.7  25077.1  25950.3
      -2.3      79.7      -8.9      41.8
        .2      26.4      -1.9      20.3
        .6       5.7      -1.9      15.2
        .6       5.0      -1.8      13.2
 11087  -.868777   .000000  -.495203
  49271.1   8976.6       .1     40.5      -.1     28.9
       .1     83.7      -.1     57.7  27343.7  28040.8
       3.0      83.0      -9.5      42.1
       2.1      26.6      -2.3      22.4
        .6       7.4      -1.6      16.6
        .4       5.0      -1.9      14.7
 11088  -.887877   .000000  -.460082
  53127.2   8782.7      -.2     40.6      -.1     28.9
      -.2     83.6      -.1     57.7  30001.1  30990.0
        .4      82.4      -7.4      39.2
        .7      30.4      -1.6      21.0
        .6       9.6      -1.7      15.6
        .5       5.0      -1.8      13.9
 11089  -.903278   .000000  -.429057
  56751.9   8561.2       .0     40.8      -.1     28.9
       .0     83.7      -.1     57.7  32089.0  33351.7
      -3.0      86.1      -9.1      43.4
       1.3      29.1      -2.1      22.8
       1.0       7.2      -1.8      17.2
        .3       5.0      -2.2      15.6
 11090   .840060  -.367526  -.399028
  60914.2   9362.4      -.4     43.3      -.1     28.9
       .3     17.1      -.1     57.7  34545.8  35695.0
      -5.5      58.6       7.2      39.0
      -1.7      24.4       2.4      22.2
       -.8      15.7       1.7      16.8
      -1.3      13.1       1.9      15.2
 11091   .817505  -.390173  -.423616
  57515.6   9697.4      -.4     43.3      -.1     28.9
      -.1     17.3      -.1     57.7  32351.5  33381.8
      -6.6      61.7       8.0      38.9
      -1.0      24.5       1.7      20.2
      -1.3      16.0       1.7      15.6
      -1.1      13.4       1.6      13.7
 11092   .790440  -.414981  -.450551
  53955.3   9810.3      -.4     43.3      -.1     28.9
       .3     17.9      -.1     57.7  29968.0  31035.2
      -5.7      60.6       8.0      40.0
      -1.5      25.3       2.0      22.0
      -1.2      16.2       1.7      16.4
      -1.3      13.4       2.1      14.3
 11093   .757796  -.442047  -.479937
  50802.5  10274.2      -.4     43.3      -.1     28.9
       .2     18.4      -.1     57.7  28168.4  28947.5
      -5.0      59.2       7.2      41.0
      -1.4      25.7       1.9      20.0
      -1.3      16.5       1.5      14.6
       -.9      13.8       1.5      13.0
 11094   .718269  -.471364  -.511767
  47756.9  10721.0      -.4     43.3      -.1     28.9
       .0     19.0      -.1     57.7  25999.7  26958.4
      -6.7      60.9       7.7      43.7
      -1.1      26.1       1.6      21.7
      -1.3      16.9       1.7      15.3
      -1.4      13.8       2.0      13.5
 11095   .670317  -.502738  -.545830
  44892.6  11482.0      -.4     43.3      -.1     28.9
       .2     19.5      -.1     57.7  24157.8  25023.1
      -5.7      57.6       6.5      43.0
      -2.1      26.2       1.9      19.3
      -1.4      17.2       1.5      13.7
      -1.3      14.2       1.8      11.9
 11096   .612205  -.535679  -.581595
  42180.5  12581.7      -.4     43.3      -.1     28.9
      -.1     20.1      -.1     57.7  22432.5  23218.3
      -8.6      59.4       6.6      45.8
      -2.0      26.7       1.9      19.5
      -1.7      17.2       1.8      13.6
      -1.4      14.5       1.7      11.9
 11097   .542159  -.569267  -.618061
  39675.8  14004.7      -.4     43.3      -.1     28.9
       .1     20.4       .9      9.7  20988.0  21723.8
      -6.8      57.7       6.3      42.6
      -2.1      26.7       2.1      18.2
      -1.9      17.8       1.9      12.4
      -1.7      14.5       1.8      10.5
 11098   .458673  -.602008  -.653609
  37674.7  15915.8      -.4     43.3      -.1     28.9
       .1     20.9      -.3      8.5  19855.3  20518.6
      -8.6      58.5       5.8      45.4
      -2.2      27.1       1.9      17.2
      -2.1      18.2       2.0      11.2
      -1.5      14.7       1.6       9.6
 11099   .361020  -.631785  -.685938
  35807.4  17288.0      -.4     43.3      -.1     28.9
       .2     21.4      -.1     20.1  18624.4  19292.7
      -9.8      60.0       4.3      45.1
      -2.2      27.6       1.8      15.8
      -2.3      18.0       1.7      10.0
      -2.1      15.0       1.6       8.3
 11100   .249898  -.655981  -.712208
  34640.1  16960.1      -.4     43.3       .0      4.6
      -.1     21.6      -.1     32.7  17886.0  18611.3
      -9.7      59.3       5.5      45.2
      -2.6      27.2       1.4      10.8
      -2.1      18.1       1.2       6.7
      -2.5      15.0       1.2       5.6
 11101   .190037  -.665130  -.722141
  34464.5  16886.4      -.4     43.3       .0     10.1
       .1     21.6       .0     38.9  17892.0  18400.3
      -8.7      58.2       4.5      47.2
      -2.3      27.9       1.1       9.0
      -2.8      18.2        .9       5.1
      -2.3      15.1       1.0       4.2
 11102   .127982  -.671905  -.729496
  34031.5  16813.5      -.4     43.3      -.1     16.3
      -.2     21.8      -.1     44.9  17518.8  18145.6
      -8.4      56.6       2.1      55.7
      -2.7      27.7        .9       7.6
      -2.3      18.5        .7       3.3
      -2.4      15.0        .8       3.0
 11103   .064388  -.676070  -.734019
  33871.0  16647.4      -.4     43.3      -.4     22.1
      -.5     21.8      -.5     50.9  17398.2  17963.8
      -9.3      58.4       1.1      66.6
      -2.9      27.3        .6       8.1
      -2.5      18.1        .5       3.0
      -2.9      15.2        .6       3.0
 11104   .000000  -.677476  -.735545
  33986.4  16502.4      -.4     43.3       .0     26.5
      -.5     21.9       .0     55.2  17127.0  17775.5
      -8.0      58.8       3.7      77.5
      -2.9      27.9        .6      15.4
      -2.4      18.3        .1       3.0
      -2.3      15.2        .1       3.0
 11105  -.064388  -.676070  -.734019
  33905.8  16588.5      -.4     43.3       .7     22.0
       .0     21.8       .7     50.7  17380.7  17887.5
     -10.9      57.2       -.6      65.2
      -2.8      27.5       -.2       8.0
      -2.4      17.9       -.2       3.0
      -2.4      14.9       -.3       3.0
 11106  -.127982  -.671905  -.729496
  34185.5  16807.7      -.4     43.3       .3     16.2
      -.3     21.8       .4     44.9  17324.1  18023.6
     -10.6      59.1      -2.6      58.8
      -3.1      27.7       -.9       8.9
      -2.3      18.7       -.5       3.5
      -2.4      15.2       -.5       3.0
 11107  -.190037  -.665130  -.722141
  34259.2  16809.5      -.4     43.3       .1     10.2
       .0     21.7       .1     38.9  17567.1  18098.8
     -10.9      58.4       -.7      46.1
      -2.9      27.7       -.9       9.5
      -2.5      18.2       -.6       5.1
      -2.2      14.9       -.6       4.1
 11108  -.249898  -.655981  -.712208
  34782.9  17013.2      -.4     43.3       .0      4.7
       .1     21.6       .0     32.5  17782.9  18520.9
      -7.4      56.8      -3.1      45.2
      -2.2      27.4       -.9      11.0
      -2.4      18.3       -.9       6.8
      -2.0      14.8       -.8       5.5
 11109  -.361020  -.631785  -.685938
  35956.6  17279.2      -.4     43.3      -.1     28.9
       .1     21.4       .3     20.1  18494.2  19293.0
      -8.3      60.3      -2.6      47.2
      -1.8      27.3      -1.2      15.6
      -1.9      18.0      -1.5      10.0
      -2.1      14.8      -1.4       8.3
 11110  -.458673  -.602008  -.653609
  37640.0  15909.4      -.4     43.3      -.1     28.9
       .1     21.1       .3      8.6  19811.5  20561.9
      -7.7      58.5      -4.7      42.9
      -2.3      27.3      -1.6      17.0
      -1.9      17.8      -1.3      11.2
      -1.5      14.6      -1.2       9.6
 11111  -.542159  -.569267  -.618061
  39634.2  14080.3      -.4     43.3      -.1     28.9
       .0     20.4      -.1     57.7  21032.3  21743.9
      -8.5      59.3      -6.6      43.3
      -1.9      26.8      -1.6      18.3
      -1.6      17.4      -1.2      12.3
      -1.6      14.6      -1.5      10.4
 11112  -.612205  -.535679  -.581595
  42110.6  12423.7      -.4     43.3      -.1     28.9
       .1     20.0      -.1     57.7  22485.3  23151.7
      -8.8      56.3      -7.1      43.1
      -1.6      26.3      -1.3      19.8
      -1.8      17.4      -1.7      13.7
      -1.7      14.5      -1.7      11.9
 11113  -.670317  -.502738  -.545830
  44695.5  11474.1      -.4     43.3      -.1     28.9
       .3     19.3      -.1     57.7  23852.1  24911.3
      -6.5      59.5      -8.3      43.1
      -2.4      26.3      -1.7      19.2
      -1.6      17.1      -1.4      13.3
      -1.5      14.3      -1.5      11.9
 11114  -.718269  -.471364  -.511767
  47577.3  10655.0      -.4     43.3      -.1     28.9
       .4     18.8      -.1     57.7  25962.7  26858.5
      -8.9      57.6      -6.4      41.7
      -1.6      25.5      -1.8      20.8
      -1.5      16.5      -1.7      15.1
      -1.2      14.0      -1.5      13.4
 11115  -.757796  -.442047  -.479937
  50751.6  10232.7      -.4     43.3      -.1     28.9
       .3     18.5      -.1     57.7  28289.7  29058.8
      -6.2      61.8      -8.6      41.9
      -1.5      25.5      -1.8      20.1
      -1.3      16.6      -1.2      14.7
      -1.1      13.9      -1.1      13.1
 11116  -.790440  -.414981  -.450551
  54111.8   9804.3      -.4     43.3      -.1     28.9
       .0     17.8      -.1     57.7  30169.5  31014.5
      -6.5      60.6      -8.4      43.6
      -2.2      25.1      -1.8      21.7
      -1.0      16.1      -1.4      15.8
      -1.1      13.4      -1.6      14.3
 11117  -.817505  -.390173  -.423616
  57494.4   9602.6      -.4     43.3      -.1     28.9
       .4     17.7      -.1     57.7  32553.2  33524.7
      -5.1      62.9      -7.4      40.9
      -1.2      24.8      -1.6      20.2
      -1.1      16.2      -1.5      15.5
      -1.2      13.2      -1.4      13.7
 11118  -.840060  -.367526  -.399028
  60895.1   9312.0      -.4     43.3      -.1     28.9
       .0     17.2      -.1     57.7  34691.5  35830.7
      -4.0      59.0      -6.6      39.4
      -1.4      24.6      -1.9      22.6
      -1.1      15.8      -1.6      16.9
      -1.0      13.1      -1.3      14.9
 11119   .708659  -.620076  -.336613
  72460.6  11041.6      -.4     43.3      -.1     28.9
      -.4     86.6      -.1     57.7  42012.8  43237.7
      -9.4      54.9       7.8      40.0
      -1.2      23.2       2.0      21.2
       -.6      17.4       1.5      15.7
       -.7      15.9       1.6      13.8
 11120   .677337  -.646549  -.350984
  69378.1  11589.5      -.4     43.3      -.1     28.9
      -.4     86.6      -.1     57.7  39700.1  41367.4
      -6.3      57.6       7.2      40.7
      -1.3      22.5       1.8      19.4
       -.8      17.6       1.4      14.4
       -.8      16.1       1.3      12.7
 11121   .641844  -.673936  -.365851
  66624.0  12250.5      -.4     43.3      -.1     28.9
      -.4     86.6      -.1     57.7  38291.1  39458.8
      -9.4      55.7       6.9      41.3
      -1.2      22.4       1.9      19.5
      -1.0      17.5       1.7      14.6
       -.6      16.2       1.6      12.7
 11122   .601687  -.701968  -.381068
  64054.7  12883.7      -.4     43.3      -.1     28.9
      -.4     86.6      -.1     57.7  36418.5  37858.5
     -10.9      53.6       7.9      42.8
      -1.2      22.6       2.0      19.0
      -1.2      17.6       1.6      13.6
       -.8      16.3       1.3      11.5
 11123   .556388  -.730259  -.396426
  61889.3  13331.9      -.4     43.3      -.1     28.9
      -.4     86.6      -.1     57.7  35060.3  36326.2
      -9.2      55.5       5.4      42.3
      -1.2      23.2       2.1      19.6
       -.8      17.9       1.4      13.4
      -1.0      16.7       1.6      11.7
 11124   .505524  -.758286  -.411641
  59707.6  14084.6      -.4     43.3      -.1     28.9
      -.4     86.6      -.1     57.7  33658.0  34533.8
      -9.5      53.5       7.1      46.7
      -1.3      23.4       1.9      18.3
      -1.2      17.9       1.6      12.4
      -1.0      16.7       1.4      10.5
 11125   .448787  -.785377  -.426348
  57434.5  14106.0      -.4     43.3      -.1     28.9
      -.4     86.6      -.1     57.7  31899.4  32762.9
     -11.4      55.6       5.8      49.4
      -1.4      23.2       1.8      17.4
      -1.4      18.0       1.7      11.5
      -1.2      17.1       1.6       9.9
 11126   .386057  -.810720  -.440105
  55874.8  14301.9      -.4     43.3      -.1     28.9
      -.4     86.6      -.1     57.7  31193.4  32021.8
      -8.2      52.6       4.3      48.2
      -1.3      23.5       1.6      17.1
      -1.0      18.3       1.4      10.9
      -1.1      17.2       1.3       9.0
 11127   .317480  -.833386  -.452409
  54319.6  13898.3      -.4     43.3      -.1     28.9
      -.4     86.6      -.3      6.1  30316.4  31046.7
     -11.7      53.4       6.1      56.7
      -1.5      23.2       1.7      15.3
      -1.1      18.4       1.3       9.7
      -1.4      17.1       1.5       7.8
 11128   .243541  -.852392  -.462727
  53193.6  13687.8      -.4     43.3      -.1     28.9
      -.4     86.6      -.2     18.2  29806.6  30672.1
      -9.9      53.7       4.1      52.9
      -1.8      23.3       1.7      14.7
      -1.1      18.6       1.1       8.6
      -1.6      17.5       1.3       7.0
 11129   .165103  -.866792  -.470544
  52353.5  13518.3      -.4     43.3      -.3      3.1
      -.4     86.6      -.4     31.4  28893.3  29760.9
      -8.7      50.0       1.9      54.2
      -2.0      23.0       1.2      11.6
      -1.3      18.1        .8       5.9
      -1.7      17.4        .9       4.6
 11130   .124573  -.872008  -.473376
  51970.6  13357.6      -.4     43.3      -.5      9.1
      -.4     86.6      -.5     37.7  28575.3  29776.1
     -11.1      54.3       3.9      59.1
      -1.8      23.2       1.0      12.3
      -1.2      18.6        .6       4.5
      -1.4      17.6        .7       3.5
 11131   .083409  -.875791  -.475429
  52081.0  13380.6      -.4     43.3      -.7     15.4
      -.4     86.6      -.7     44.0  28704.0  29617.0
      -8.6      55.2       1.4      66.8
      -2.5      22.9        .5      12.8
      -1.6      18.3        .6       3.5
      -1.7      17.5        .6       3.0
 11132   .041814  -.878085  -.476675
  51894.6  13338.2      -.4     43.3     -1.1     21.5
      -.4     86.6     -1.1     50.2  28753.6  29743.8
      -8.7      50.9      -2.2      75.6
      -2.0      23.4        .3      19.7
      -1.5      18.6        .4       3.0
      -1.8      17.7        .4       3.0
 11133   .000000  -.878853  -.477092
  51882.3  13257.7      -.4     43.3      -.1     26.1
      -.4     86.6      -.1     54.7  28924.1  29805.7
     -11.2      50.4       -.8      88.1
      -2.2      23.2        .7      31.3
      -1.6      18.3        .2       4.2
      -1.5      17.5        .1       3.0
 11134  -.041814  -.878085  -.476675
  51704.7  13244.7      -.4     43.3       .9     21.5
      -.4     86.6       .9     50.2  28099.0  29368.9
      -9.5      50.5      -1.4      80.4
      -1.9      23.3        .1      17.6
      -1.5      18.4        .1       3.0
      -1.9      17.3       -.1       3.0
 11135  -.083409  -.875791  -.475429
  51881.0  13348.3      -.4     43.3       .7     15.4
      -.4     86.6       .6     43.9  28590.8  29576.9
     -10.1      49.0      -1.2      65.3
      -1.6      23.4       -.6      12.9
      -1.6      18.2       -.3       3.3
      -1.5      17.5       -.3       3.0
 11136  -.124573  -.872008  -.473376
  52078.3  13394.4      -.4     43.3       .3     10.8
      -.4     86.6       .4     37.6  28924.9  29657.9
      -9.7      52.9      -1.2      60.6
      -1.8      23.3       -.8      11.5
      -1.4      18.6       -.5       4.5
      -1.4      17.6       -.5       3.5
 11137  -.165103  -.866792  -.470544
  52427.6  13499.6      -.4     43.3       .1      3.2
      -.4     86.6       .5     31.1  28595.4  29980.1
      -7.9      51.5      -2.9      54.3
      -2.5      23.6      -1.2      12.8
      -1.7      18.6       -.7       6.0
      -1.5      17.4       -.6       4.8
 11138  -.243541  -.852392  -.462727
  53190.5  13746.7      -.4     43.3      -.1     28.9
      -.4     86.6       .1     18.3  29569.2  30263.6
     -11.1      52.6      -4.8      54.5
      -1.7      23.1      -1.3      14.9
      -1.7      18.3      -1.2       8.7
      -1.6      17.4      -1.1       6.9
 11139  -.317480  -.833386  -.452409
  54510.8  14079.6      -.4     43.3      -.1     28.9
      -.4     86.6       .4      6.1  30237.9  31185.4
      -9.6      52.3      -3.4      49.4
      -2.1      23.4      -1.4      15.6
      -1.3      18.3      -1.0       9.4
      -1.4      17.4      -1.0       7.8
 11140  -.386057  -.810720  -.440105
  55667.1  14311.7      -.4     43.3      -.1     28.9
      -.4     86.6      -.1     57.7  31240.5  32241.6
     -11.6      53.5      -5.4      49.9
      -1.4      23.0      -1.5      17.1
      -1.4      18.3      -1.4      10.9
      -1.3      17.2      -1.2       9.0
 11141  -.448787  -.785377  -.426348
  57495.3  14182.3      -.4     43.3      -.1     28.9
      -.4     86.6      -.1     57.7  32245.9  33219.3
      -9.8      53.3      -5.0      48.6
      -1.6      22.8      -1.6      17.5
      -1.1      18.2      -1.2      11.7
      -1.3      16.9      -1.1       9.9
 11142  -.505524  -.758286  -.411641
  59386.0  13987.5      -.4     43.3      -.1     28.9
      -.4     86.6      -.1     57.7  33234.2  33907.2
     -10.6      53.8      -6.2      46.3
      -1.7      23.0      -1.5      18.3
      -1.0      18.1      -1.1      12.4
       -.9      16.8      -1.2      10.5
 11143  -.556388  -.730259  -.396426
  61578.1  13262.2      -.4     43.3      -.1     28.9
      -.4     86.6      -.1     57.7  35056.0  36096.0
     -10.0      54.1      -7.0      45.9
      -1.6      23.1      -1.7      19.1
       -.9      17.9      -1.0      13.3
       -.9      16.6      -1.1      11.5
 11144  -.601687  -.701968  -.381068
  64183.2  12822.0      -.4     43.3      -.1     28.9
      -.4     86.6      -.1     57.7  36748.0  37791.9
      -7.8      54.3      -7.2      42.4
       -.9      22.9      -1.4      19.4
       -.8      17.8      -1.1      13.5
      -1.2      16.3      -1.3      11.6
 11145  -.641844  -.673936  -.365851
  66875.3  12175.8      -.4     43.3      -.1     28.9
      -.4     86.6      -.1     57.7  38529.4  39530.1
      -7.5      55.2      -5.6      42.0
       -.8      22.7      -1.6      20.1
       -.8      17.6      -1.0      14.6
      -1.1      16.5      -1.2      12.7
 11146  -.677337  -.646549  -.350984
  69436.4  11476.6      -.4     43.3      -.1     28.9
      -.4     86.6      -.1     57.7  40828.1  41870.7
     -11.6      55.6      -9.8      40.1
      -1.3      22.9      -1.6      19.9
       -.6      17.6       -.9      14.3
       -.9      15.9      -1.0      12.4
 11147  -.708659  -.620076  -.336613
  72219.7  11125.0      -.4     43.3      -.1     28.9
      -.4     86.6      -.1     57.7  42272.6  43487.2
      -9.1      56.5      -8.0      41.5
      -1.0      22.8      -1.8      21.1
       -.8      17.4      -1.2      15.3
      -1.0      15.9      -1.5      13.9
 11148   .482910  -.845093  -.229382
 106639.4  13665.8      -.4     43.3      -.1     28.9
      -.4     86.6      -.1     57.7  64668.5  66167.8
      -9.9      52.8       7.1      41.4
      -1.7      21.9       1.7      19.0
      -1.0      16.9       1.4      13.0
       -.9      15.0       1.3      11.1
 11149   .451149  -.861285  -.233777
 104659.8  13730.2      -.4     43.3      -.1     28.9
      -.4     86.6      -.1     57.7  63364.6  64937.5
      -8.5      50.3       7.9      45.5
      -1.1      22.3       1.3      19.0
       -.8      16.8       1.2      12.4
       -.8      15.1       1.2      10.4
 11150   .417577  -.876913  -.238019
 102852.2  13592.2      -.4     43.3      -.1     28.9
      -.4     86.6      -.1     57.7  61992.3  63652.2
     -13.3      58.0       7.2      50.9
      -1.4      22.2       1.7      19.0
       -.9      16.6       1.3      11.6
       -.9      15.2       1.3       9.8
 11151   .382204  -.891810  -.242063
 100903.3  13400.3      -.4     43.3      -.1     28.9
      -.4     86.6      -.1     57.7  60920.8  62653.0
     -11.3      51.5       7.3      51.1
      -1.6      22.2       1.8      18.8
      -1.2      16.8       1.5      11.5
      -1.2      15.3       1.3       9.8
 11152   .345068  -.905804  -.245861
  99858.1  13244.6      -.4     43.3      -.1     28.9
      -.4     86.6      -.1     57.7  60526.0  62463.5
     -13.7      55.3       6.1      53.8
      -1.4      22.3       1.7      17.8
      -1.7      16.9       1.5      10.6
      -1.3      15.6       1.3       9.0
 11153   .306238  -.918714  -.249365
  98398.5  12962.3      -.4     43.3      -.1     28.9
      -.4     86.6      -.1     57.7  59321.2  61087.6
     -13.1      50.9       4.8      58.8
      -2.3      22.7       2.1      18.7
       -.8      17.0       1.2      10.4
      -1.0      15.6       1.2       8.7
 11154   .265817  -.930361  -.252527
  97001.8  12872.9      -.4     43.3      -.1     28.9
      -.4     86.6      -.1     57.7  59030.5  60445.4
     -10.9      54.4       7.2      63.8
      -1.8      22.3       1.6      18.4
      -1.4      17.1       1.1       9.1
      -1.2      15.6       1.1       7.6
 11155   .223945  -.940570  -.255298
  96130.9  12771.5      -.4     43.3      -.1     28.9
      -.4     86.6      -.1     57.7  57887.1  59777.2
     -10.7      55.6       8.7      64.9
      -1.7      22.4       1.6      18.0
      -1.7      17.3       1.3       9.3
      -1.2      15.5       1.3       7.2
 11156   .180796  -.949177  -.257634
  95438.3  12611.9      -.4     43.3      -.1     28.9
      -.4     86.6      -.4      3.5  56345.2  58368.3
     -10.4      53.9       -.5      68.9
      -1.8      22.6       1.4      18.2
      -1.2      17.0       1.0       7.9
      -1.5      15.5       1.1       6.0
 11157   .136577  -.956038  -.259496
  94597.9  12491.5      -.4     43.3      -.1     28.9
      -.4     86.6      -.3     16.4  56092.5  58250.4
     -10.7      49.2       3.5      72.4
      -1.9      22.2       1.0      18.8
      -1.7      17.1       1.1       7.5
      -1.4      15.5       1.0       5.5
 11158   .091527  -.961030  -.260851
  94403.0  12509.5      -.4     43.3      -.4      1.7
      -.4     86.6      -.8     29.9  56663.8  58120.4
     -12.3      53.1       1.5      80.7
      -2.3      22.3       1.0      19.7
      -2.0      17.2        .6       6.0
      -1.7      15.8        .8       3.9
 11159   .068771  -.962796  -.261330
  94241.0  12423.6      -.4     43.3      -.8      8.0
      -.4     86.6      -.7     36.4  55599.4  57217.9
     -10.6      50.1      -2.0      88.0
      -2.1      22.5       1.1      21.2
      -1.7      17.1        .7       4.7
      -2.0      15.5        .6       3.2
 11160   .045908  -.964064  -.261674
  94075.6  12353.1      -.4     43.3     -1.1     14.4
      -.4     86.6     -1.2     43.1  56340.6  57829.9
     -12.2      49.3        .5      92.5
      -2.0      22.0        .5      27.9
      -1.6      17.3        .4       5.2
      -1.9      15.6        .5       3.0
 11161   .022972  -.964827  -.261882
  93992.5  12415.6      -.4     43.3     -1.5     20.9
      -.4     86.6     -1.4     49.4  56618.2  58266.4
     -12.4      52.8      -1.7      99.9
      -2.3      22.3       -.3      39.0
      -1.9      17.1        .4       9.1
      -1.6      15.7        .1       3.2
 11162   .000000  -.965081  -.261951
  93942.8  12402.4      -.4     43.3      -.1     25.5
      -.4     86.6      -.2     54.0  56065.2  57617.2
     -13.6      52.4      -4.5     108.4
      -2.5      22.8       -.1      51.9
      -1.9      17.0       1.0      14.3
      -1.8      15.4        .4       4.0
 11163  -.022972  -.964827  -.261882
  93939.7  12445.5      -.4     43.3      1.3     20.9
      -.4     86.6      1.3     49.4  56338.4  57952.5
     -14.5      52.0      -1.7      96.2
      -2.1      22.2       1.6      37.0
      -1.7      16.9        .1       6.2
      -2.0      15.4        .1       3.0
 11164  -.045908  -.964064  -.261674
  93898.1  12404.9      -.4     43.3      1.0     14.5
      -.4     86.6      1.1     43.3  56042.1  57503.1
     -11.2      49.6       -.5      93.2
      -2.0      22.5       -.5      28.5
      -1.8      17.0       -.1       5.2
      -1.8      15.3       -.2       3.0
 11165  -.068771  -.962796  -.261330
  94046.0  12452.4      -.4     43.3       .9      7.9
      -.4     86.6       .9     36.6  56597.8  57930.1
     -11.4      51.7       2.0      85.4
      -2.3      22.9       -.7      22.3
      -1.7      17.1       -.4       5.2
      -2.0      15.9       -.4       3.0
 11166  -.091527  -.961030  -.260851
  94223.8  12502.9      -.4     43.3       .5      1.8
      -.4     86.6       .4     29.8  56793.8  58178.2
     -13.0      49.9      -4.4      81.6
      -1.9      22.1       -.7      18.7
      -1.6      17.1       -.6       5.9
      -1.7      15.3       -.5       3.8
 11167  -.136577  -.956038  -.259496
  94650.7  12578.4      -.4     43.3      -.1     28.9
      -.4     86.6       .3     16.4  56453.2  58130.5
     -11.9      52.6      -3.6      74.3
      -2.5      22.6       -.9      19.0
      -1.7      16.9       -.9       7.5
      -1.6      15.5       -.8       5.5
 11168  -.180796  -.949177  -.257634
  95572.9  12706.1      -.4     43.3      -.1     28.9
      -.4     86.6       .3      3.5  57204.2  58905.5
     -11.6      51.0      -2.9      67.3
      -2.0      22.2      -1.1      18.1
      -1.3      17.2       -.8       7.7
      -1.6      15.6       -.9       5.8
 11169  -.223945  -.940570  -.255298
  96025.5  12763.9      -.4     43.3      -.1     28.9
      -.4     86.6      -.1     57.7  58430.7  59529.0
     -11.5      54.1      -3.0      64.1
      -1.7      22.3      -1.4      18.5
      -1.2      17.0      -1.0       9.2
      -1.4      15.7      -1.0       7.2
 11170  -.265817  -.930361  -.252527
  97091.8  12938.0      -.4     43.3      -.1     28.9
      -.4     86.6      -.1     57.7  58638.0  60222.4
     -12.9      51.1      -5.4      60.9
      -1.8      22.8      -1.0      17.9
      -1.1      17.2       -.9       9.2
      -1.4      15.5       -.9       7.4
 11171  -.306238  -.918714  -.249365
  98230.0  13084.6      -.4     43.3      -.1     28.9
      -.4     86.6      -.1     57.7  59039.2  60741.8
     -11.9      50.9      -6.0      62.8
      -2.3      22.2      -1.7      19.0
      -1.3      16.9      -1.0      10.3
      -1.0      15.5      -1.1       8.5
 11172  -.345068  -.905804  -.245861
  99771.1  13321.2      -.4     43.3      -.1     28.9
      -.4     86.6      -.1     57.7  60734.8  62732.8
     -10.5      50.0      -4.7      58.9
      -1.4      22.3      -1.3      18.3
      -1.2      17.0       -.9      10.4
      -1.0      15.6       -.9       8.9
 11173  -.382204  -.891810  -.242063
 101401.9  13396.7      -.4     43.3      -.1     28.9
      -.4     86.6      -.1     57.7  61315.1  62786.9
     -12.5      53.4      -7.4      55.5
      -2.1      22.8      -1.7      19.3
      -1.0      16.5      -1.0      11.4
      -1.1      15.4      -1.0       9.5
 11174  -.417577  -.876913  -.238019
 102715.0  13559.5      -.4     43.3      -.1     28.9
      -.4     86.6      -.1     57.7  62833.7  64161.8
      -8.5      51.1      -4.3      48.9
      -1.7      22.3      -1.7      18.7
      -1.0      16.7       -.9      11.7
      -1.0      15.2      -1.0      10.1
 11175  -.451149  -.861285  -.233777
 104601.8  13728.8      -.4     43.3      -.1     28.9
      -.4     86.6      -.1     57.7  64374.4  65707.8
      -6.9      48.4      -7.2      48.2
      -1.3      22.1      -1.7      18.6
      -1.1      16.5      -1.1      12.1
      -1.3      15.3      -1.1      10.6
 11176  -.482910  -.845093  -.229382
 106854.0  13736.2      -.4     43.3      -.1     28.9
      -.4     86.6      -.1     57.7  65320.5  66603.6
     -10.2      50.9      -7.2      46.0
      -1.3      22.9      -1.5      19.1
      -1.0      16.6      -1.2      12.7
      -1.2      15.1      -1.1      11.2
 11177   .337328  -.927651  -.160231
 152708.3  13217.9      -.4     43.3      -.1     28.9
      -.4     86.6      -.1     57.7  96559.3  98929.2
     -12.3      51.8       6.5      51.5
      -1.9      23.1       1.7      19.5
      -1.5      17.3       1.4      10.8
      -1.3      15.9       1.3       9.2
 11178   .312066  -.936198  -.161707
 151790.0  13059.7      -.4     43.3      -.1     28.9
      -.4     86.6      -.1     57.7  95240.7  98531.4
     -11.9      51.4       9.3      53.3
      -2.2      22.6       1.9      20.3
      -1.1      17.3       1.2      11.2
      -1.3      16.2       1.3       9.1
 11179   .286124  -.944211  -.163091
 150093.2  12997.0      -.4     43.3      -.1     28.9
      -.4     86.6      -.1     57.7  94180.7  95944.9
     -11.9      50.5       8.2      56.6
      -1.9      22.9       1.6      20.1
      -1.2      17.4       1.2       9.9
      -1.3      16.0       1.3       8.2
 11180   .259539  -.951641  -.164374
 149213.9  12865.8      -.4     43.3      -.1     28.9
      -.4     86.6      -.1     57.7  94182.8  96837.1
     -10.4      51.4       9.5      66.3
      -2.1      23.1       1.8      20.4
      -1.3      17.5       1.4      10.4
       -.9      16.0       1.2       8.2
 11181   .232349  -.958440  -.165549
 148212.3  12733.5      -.4     43.3      -.1     28.9
      -.4     86.6      -.1     57.7  93471.1  96062.9
     -10.7      56.2       6.1      64.8
      -2.2      23.0       1.7      22.4
      -1.5      17.7       1.2       9.1
      -1.8      16.2       1.3       7.3
 11182   .204604  -.964562  -.166606
 147321.1  12694.2      -.4     43.3      -.1     28.9
      -.4     86.6      -.1     57.7  92679.0  95062.5
     -15.5      52.9       5.9      73.0
      -1.9      22.5       1.2      23.4
      -1.6      17.4       1.5       9.3
      -1.3      16.3       1.0       7.5
 11183   .176357  -.969963  -.167539
 146691.0  12611.8      -.4     43.3      -.1     28.9
      -.4     86.6      -.1     57.7  91834.3  93972.7
     -11.3      51.7       6.2      75.6
      -2.4      22.5       1.7      22.5
      -1.6      17.5       1.2       8.2
      -1.6      16.0       1.1       6.2
 11184   .147667  -.974605  -.168341
 145899.2  12628.0      -.4     43.3      -.1     28.9
      -.4     86.6      -.1     57.7  90232.0  92677.9
      -9.4      48.6       8.3      78.3
      -2.6      22.8       1.6      25.3
      -1.7      17.3       1.3       8.4
      -1.6      16.0       1.4       7.1
 11185   .118600  -.978453  -.169006
 145293.6  12537.7      -.4     43.3      -.1     28.9
      -.4     86.6      -.4      2.4  90224.6  92484.3
     -14.9      52.7       4.2      90.0
      -2.1      22.5       1.3      23.8
      -1.6      17.5       1.0       7.3
      -1.8      16.3       1.1       5.0
 11186   .089225  -.981478  -.169528
 144923.0  12583.0      -.4     43.3      -.1     28.9
      -.4     86.6      -.8     15.5  90498.7  93526.2
     -13.8      54.6       6.0      95.3
      -2.4      22.8       1.1      26.4
      -1.7      17.5       1.1       7.2
      -1.7      16.0       1.0       4.9
 11187   .059616  -.983656  -.169904
 144753.7  12450.0      -.4     43.3      -.6      1.2
      -.4     86.6      -.8     29.2  90154.6  92534.2
     -14.1      53.4      -4.3     103.3
      -2.3      23.0        .4      29.8
      -1.8      17.4        .7       7.4
      -1.6      15.8        .8       3.4
 11188   .044746  -.984421  -.170036
 144745.1  12476.5      -.4     43.3     -1.0      7.3
      -.4     86.6     -1.1     35.7  89697.7  92540.7
     -12.5      51.5       5.7     103.3
      -2.7      23.3        .1      36.0
      -1.3      17.4        .6       7.3
      -1.8      15.8        .6       3.5
 11189   .029848  -.984969  -.170131
 144616.2  12402.0      -.4     43.3     -1.2     14.8
      -.4     86.6     -1.2     42.4  89160.4  92554.2
     -10.9      50.3      -5.6     114.9
      -2.5      22.6        .5      43.7
      -1.6      17.6        .5       8.9
      -1.6      15.9        .3       3.5
 11190   .014929  -.985299  -.170188
 144531.1  12380.8      -.4     43.3     -1.5     20.6
      -.4     86.6     -1.4     48.9  90132.5  92102.2
     -12.0      53.5      -2.3     127.5
      -2.8      22.9       1.1      53.1
      -1.9      17.5        .2      14.3
      -2.3      16.1        .4       5.5
 11191   .000000  -.985408  -.170207
 144715.7  12483.2      -.4     43.3       .3     25.2
      -.4     86.6       .3     53.4  89985.3  92031.9
     -15.0      51.0       3.9     122.3
      -2.7      23.1       1.1      65.0
      -2.0      17.7        .2      26.1
      -1.7      15.9        .5      10.6
 11192  -.014929  -.985299  -.170188
 144653.5  12449.3      -.4     43.3      1.8     20.6
      -.4     86.6      1.7     48.9  91623.3  93945.4
     -12.8      52.9       -.9     118.1
      -2.4      23.4        .8      54.9
      -1.8      17.4        .6      12.8
      -1.8      15.8        .3       4.8
 11193  -.029848  -.984969  -.170131
 144631.2  12467.2      -.4     43.3      1.2     14.1
      -.4     86.6      1.1     42.5  89808.8  92042.2
     -12.7      52.4       5.8     107.5
      -2.5      23.0        .4      41.9
      -2.0      17.5       -.3       9.4
      -1.7      15.9       -.1       3.5
 11194  -.044746  -.984421  -.170036
 144184.4  12395.0      -.4     43.3      1.1      7.3
      -.4     86.6      1.2     35.9  90766.2  93297.6
     -11.8      53.9       2.2     101.8
      -3.2      23.2       -.4      34.9
      -1.7      17.3       -.2       7.9
      -1.8      16.1       -.3       3.0
 11195  -.059616  -.983656  -.169904
 144762.7  12431.0      -.4     43.3       .6      1.2
      -.4     86.6      1.1     29.0  89862.1  93039.5
     -14.4      52.4      -2.9     101.7
      -2.2      22.4       -.4      30.1
      -2.0      17.4       -.5       5.9
      -1.3      16.3       -.4       3.8
 11196  -.089225  -.981478  -.169528
 145004.5  12538.2      -.4     43.3      -.1     28.9
      -.4     86.6       .7     15.5  90012.8  92989.2
     -13.0      55.9       -.4      97.9
      -2.7      23.6       -.9      27.7
      -1.6      17.2       -.8       7.9
      -1.7      16.1       -.8       4.9
 11197  -.118600  -.978453  -.169006
 145369.6  12459.6      -.4     43.3      -.1     28.9
      -.4     86.6       .5      2.3  91255.9  93685.6
     -10.4      50.6      -1.5      81.0
      -2.6      23.6      -1.1      26.3
      -1.5      17.5       -.8       7.7
      -2.1      16.1       -.8       4.9
 11198  -.147667  -.974605  -.168341
 146415.3  12529.7      -.4     43.3      -.1     28.9
      -.4     86.6      -.1     57.7  92190.2  94357.6
      -9.9      49.2      -2.7      77.7
      -2.3      23.1      -1.2      25.3
      -1.6      17.4      -1.2       9.2
      -1.5      16.3       -.9       7.2
 11199  -.176357  -.969963  -.167539
 146691.1  12574.0      -.4     43.3      -.1     28.9
      -.4     86.6      -.1     57.7  91844.3  94424.6
     -11.3      52.0      -2.0      79.0
      -2.4      22.3      -1.3      22.8
      -1.3      17.7      -1.0       8.6
      -1.7      16.2       -.9       6.1
 11200  -.204604  -.964562  -.166606
 147153.3  12705.9      -.4     43.3      -.1     28.9
      -.4     86.6      -.1     57.7  92079.9  94010.7
     -10.0      49.5       1.9      69.3
      -2.3      23.9      -1.7      23.2
      -1.2      17.8       -.9       9.5
      -1.3      16.1      -1.1       7.4
 11201  -.232349  -.958440  -.165549
 148020.5  12738.9      -.4     43.3      -.1     28.9
      -.4     86.6      -.1     57.7  92510.3  95161.6
     -13.1      52.0      -5.1      67.6
      -2.2      23.2      -1.6      21.9
      -1.3      17.5       -.9       9.7
      -1.3      15.8      -1.0       7.2
 11202  -.259539  -.951641  -.164374
 149153.2  12829.1      -.4     43.3      -.1     28.9
      -.4     86.6      -.1     57.7  92837.0  95240.3
     -13.2      52.0      -6.1      60.9
      -2.2      23.3      -1.8      22.0
      -1.6      17.3      -1.1      10.0
      -1.4      16.4      -1.1       8.1
 11203  -.286124  -.944211  -.163091
 150384.0  12984.2      -.4     43.3      -.1     28.9
      -.4     86.6      -.1     57.7  95287.4  97052.9
     -14.3      57.3      -6.3      61.5
      -1.9      22.8      -1.6      20.7
      -1.1      17.4       -.9       9.8
      -1.4      15.9      -1.0       8.3
 11204  -.312066  -.936198  -.161707
 151676.0  13117.3      -.4     43.3      -.1     28.9
      -.4     86.6      -.1     57.7  95036.1  97621.4
      -8.6      49.2      -6.2      57.1
      -2.2      23.0      -1.7      21.5
      -1.3      17.1      -1.1      10.7
      -1.3      16.3      -1.1       9.2
 11205  -.337328  -.927651  -.160231
 153024.2  13186.0      -.4     43.3      -.1     28.9
      -.4     86.6      -.1     57.7  96210.0  98289.5
      -8.4      49.9      -5.6      51.2
      -2.4      23.7      -1.5      20.0
      -1.3      17.2      -1.0      10.7
      -1.3      16.3      -1.1       9.2
