Dot1_150x100_dj0180c@-325V,0T@90d,263K,rh=1.10/0.7,1.4/1.4                      
  1001   1   .00  60   5  29   0  325.00  263.00    1.40 1.00000   800.0     .51     .35  150.000  100.000  285.000   800.0     .25     .18    1.50    1.00     .85
 10701   .000000   .000000 -1.000000
  24237.3  19738.1       .2     41.2       .1     26.9
       .2     84.4       .1     55.7  11410.7  11983.1
       4.5      69.6        .3      67.4
        .7      11.9        .1      10.1
       -.3       5.0       -.3       3.0
       -.3       5.0       -.2       3.0
 10702   .000000  -.130455  -.991454
  24274.3  19897.5      -.1     34.2       .2     27.0
      -.1     77.3       .2     55.8  11461.2  12019.1
      -3.7      60.4        .0      69.7
      -1.7       5.2       -.5       9.6
      -1.4       5.0       -.2       3.0
      -1.4       5.0       -.1       3.0
 10703   .000000  -.254493  -.967075
  24806.1  20398.3      -.7     25.7      -.2     27.1
      -.6     68.9      -.3     55.8  11849.1  12364.8
      -5.8      51.5      -4.0      69.7
      -2.1       9.3        .2      10.6
      -1.9       5.7       -.3       3.0
      -2.2       5.0       -.1       3.0
 10704   .000000  -.367167  -.930155
  25619.4  20432.9     -1.0     16.8       .0     27.0
      -.8     59.8       .0     55.7  12625.4  13061.9
      -8.1      49.7       3.1      73.3
      -2.9      12.7        .1      12.5
      -2.5       8.3       -.4       3.7
      -2.8       6.9       -.3       3.0
 10705   .000000  -.465746  -.884918
  26828.2  19910.4     -1.2      8.7       .0     27.0
     -1.0     50.6       .0     55.7  13293.5  13783.8
      -8.4      48.3       1.6      72.3
      -3.6      16.7        .0      12.9
      -3.3      10.8        .0       3.2
      -3.4       9.0       -.2       3.0
 10706   .000000  -.549617  -.835417
  28335.8  18781.6     -3.1      4.9       .1     26.9
      -.3     41.2       .1     55.6  13768.5  14496.4
      -9.8      51.0      -1.3      73.4
      -4.8      21.5        .0      16.3
      -4.2      14.2       -.3       3.0
      -4.1      11.3       -.2       3.0
 10707   .000000  -.619644  -.784883
  30114.1  17480.2       .2     43.3       .2     26.9
      -.8     32.0       .1     55.6  14978.7  15514.5
     -14.6      58.6       2.8      76.1
      -5.7      26.8       -.9      14.8
      -5.3      17.8       -.1       3.0
      -5.2      14.2       -.2       3.0
 10708   .000000  -.677476  -.735545
  31999.5  15886.4       .2     43.3       .0     26.8
      -.6     22.4       .0     55.5  16440.4  16851.9
     -12.9      58.9       -.6      76.1
      -6.6      27.7       -.1      17.7
      -5.8      18.3       -.3       3.0
      -5.5      15.3       -.2       3.0
 10709   .000000  -.724999  -.688749
  34215.9  15217.8       .2     43.3      -.3     26.8
      -.3     13.7      -.3     55.5  17440.8  18183.5
     -12.8      56.8      -2.0      83.6
      -6.1      26.1      -1.0      17.5
      -5.2      17.9       -.2       3.0
      -5.3      15.2       -.2       3.0
 10710   .000000  -.764030  -.645181
  36379.1  14431.9       .2     43.3       .0     26.8
      -.8      8.2       .0     55.4  19077.5  19770.2
     -11.0      52.3        .8      77.0
      -4.6      23.0       -.7      21.2
      -4.2      17.2        .0       4.4
      -4.7      16.0       -.2       3.0
 10711   .000000  -.796162  -.605083
  38794.1  14091.6       .2     43.3       .0     26.6
       .2     86.6       .1     55.3  20599.7  21165.2
     -14.3      52.3       -.7      83.1
      -4.3      22.9        .6      27.2
      -4.5      17.5       -.2       3.2
      -4.3      16.9       -.2       3.0
 10712   .000000  -.822730  -.568432
  41217.8  13475.8       .2     43.3       .1     26.7
       .2     86.6       .1     55.3  22001.1  22738.5
     -13.5      54.8        .2      82.4
      -4.7      22.2        .7      22.7
      -4.4      16.9       -.1       6.2
      -4.8      15.6       -.3       3.0
 10713   .000000  -.844819  -.535052
  43747.3  13339.4       .2     43.3      -.2     26.8
       .2     86.6      -.2     55.1  23621.5  24393.2
     -12.6      50.0      -2.7      86.1
      -4.7      21.4        .7      22.9
      -4.3      15.6       -.3       3.6
      -4.2      14.2       -.3       3.0
 10714   .000000  -.863297  -.504697
  46384.3  13052.2       .2     43.3       .1     26.6
       .2     86.6       .1     55.2  25164.7  26072.1
     -12.5      50.4       3.6      84.7
      -4.0      22.1       -.5      28.4
      -4.4      17.6       -.1       4.5
      -4.5      16.0       -.3       3.0
 10715   .000000  -.878853  -.477092
  48946.8  12811.7       .2     43.3       .0     26.5
       .2     86.6       .1     55.1  27300.0  28138.2
     -12.6      49.0        .4      83.1
      -5.1      23.2      -1.0      31.7
      -4.2      18.9       -.5       6.4
      -4.3      18.0       -.2       3.0
 10716   .000000  -.892036  -.451965
  51705.7  12686.1       .2     43.3       .2     26.4
       .2     86.6       .2     55.0  29049.6  29708.3
     -13.8      51.3      -1.4      90.1
      -4.7      23.3       -.1      32.9
      -4.5      17.8       -.1       5.2
      -4.7      16.6       -.1       3.6
 10717   .000000  -.903278  -.429057
  54383.0  12512.4       .2     43.3       .2     26.5
       .2     86.6       .2     55.0  30427.7  31365.8
     -15.6      49.9       3.1      90.5
      -4.4      22.2       -.4      32.4
      -4.4      16.6       -.3       5.7
      -4.8      14.9       -.2       3.0
 10718   .000000  -.912924  -.408131
  57202.3  12390.4       .2     43.3      -.1     26.5
       .2     86.6      -.1     54.9  32052.6  33069.3
     -12.4      50.7       4.6      93.2
      -4.8      23.0        .7      34.7
      -4.1      17.9       -.7       8.4
      -4.4      16.5       -.2       3.0
 10719   .000000  -.921250  -.388972
  59923.8  12361.8       .2     43.3       .2     26.3
       .2     86.6       .2     54.8  33641.9  35042.3
     -12.8      50.5        .4      90.6
      -4.5      23.5        .2      37.1
      -4.3      19.6       -.1       7.4
      -4.5      18.3       -.1       3.0
 10720   .000000  -.928477  -.371391
  62816.1  12180.9       .2     43.3       .2     26.5
       .2     86.6       .1     54.8  35952.4  36871.5
     -15.0      52.5       5.3      96.3
      -4.9      23.4       -.3      42.0
      -4.3      18.3        .0       9.4
      -4.7      17.4       -.3       3.0
 10721   .000000  -.934784  -.355218
  65852.5  12284.8       .2     43.3       .1     26.1
       .2     86.6       .2     54.7  38141.5  39256.2
     -15.3      53.9       2.6      98.7
      -5.3      22.3       -.6      40.3
      -4.5      17.0        .2      10.4
      -4.5      15.4       -.1       3.0
 10722   .000000  -.940315  -.340305
  68596.7  12215.7       .2     43.3       .1     26.2
       .2     86.6       .1     54.6  39395.3  40511.6
     -13.4      51.2        .9      94.2
      -4.5      22.5        .4      42.9
      -4.1      18.3       -.3       9.3
      -4.5      16.7       -.2       4.4
 10723   .000000  -.945190  -.326520
  71319.3  12121.4       .2     43.3       .3     26.2
       .2     86.6       .3     54.6  41907.6  42932.7
     -13.5      49.2        .1      97.6
      -4.8      24.5       -.5      47.9
      -4.3      19.8        .1      11.8
      -4.4      19.0       -.3       4.2
 10724   .000000  -.949506  -.313750
  74134.7  12017.5       .2     43.3       .5     26.4
       .2     86.6       .5     54.6  43287.4  44700.1
     -13.9      50.8      -5.6     102.0
      -5.3      23.6       1.0      43.6
      -4.5      18.6       -.6      11.6
      -4.4      17.7       -.2       4.3
 10725   .000000  -.953342  -.301892
  77044.7  12032.1       .2     43.3      -.1     26.1
       .2     86.6      -.1     54.5  45847.7  46942.6
     -14.4      52.7      -1.7     103.6
      -4.8      21.7       -.8      47.2
      -4.4      17.2        .3      12.0
      -4.8      15.7       -.3       4.7
 10726   .000000  -.956767  -.290857
  80233.6  12031.5       .2     43.3       .0     26.1
       .2     86.6      -.1     54.5  46940.1  48597.9
     -13.1      49.8        .6     102.3
      -4.3      22.9       -.5      49.8
      -4.2      18.5       -.5      11.0
      -4.7      16.9        .0       5.6
 10727   .000000  -.959834  -.280567
  83110.0  12064.7       .2     43.3       .0     25.9
       .2     86.6       .0     54.3  49356.0  50682.8
     -12.5      49.5       3.0     105.6
      -5.4      23.9      -2.1      48.2
      -4.5      20.2        .1      13.8
      -4.3      19.2        .2       4.6
 10728   .000000  -.962593  -.270952
  86116.4  12106.2       .2     43.3       .0     26.1
       .2     86.6      -.1     54.4  51251.7  52813.3
     -15.3      51.7       2.4     105.3
      -4.9      23.4      -1.9      51.4
      -4.6      18.6       -.3      16.5
      -4.7      18.2        .0       4.6
 10729   .000000  -.965081  -.261951
  89060.4  11956.0       .2     43.3      -.1     25.9
       .2     86.6      -.1     54.2  53122.3  54857.0
     -13.8      49.5       2.6     102.8
      -4.9      22.4        .0      52.3
      -4.4      17.7        .1      14.3
      -4.5      16.0       -.2       4.5
 10730   .000000  -.967333  -.253508
  92165.7  11976.7       .2     43.3      -.1     25.8
       .2     86.6      -.2     54.2  54307.6  56267.5
     -14.4      49.5      -2.3     110.4
      -4.8      23.0       1.1      54.5
      -4.7      18.6      -1.4      20.3
      -4.6      17.4       -.4       5.7
 10731   .000000  -.969377  -.245576
  94853.2  12017.3       .2     43.3       .3     25.8
       .2     86.6       .3     54.2  57189.5  58577.4
     -16.7      56.3       1.1     107.9
      -5.0      24.7       -.1      56.4
      -4.2      20.2        .2      17.3
      -4.8      19.8       -.2       4.4
 10732   .000000  -.971238  -.238110
  97823.6  11933.9       .2     43.3      -.1     25.9
       .2     86.6      -.2     54.2  59140.3  61111.2
     -15.1      51.5        .5     112.6
      -5.0      23.4        .2      52.7
      -5.0      19.2       -.9      17.9
      -4.8      18.0        .1       5.7
 10733   .000000  -.972937  -.231072
 101081.9  12078.3       .2     43.3       .0     25.7
       .2     86.6       .1     54.0  61280.8  62733.2
     -17.3      54.2       1.2     107.8
      -4.9      22.9        .1      55.9
      -4.4      17.8       -.1      15.4
      -5.1      16.3        .1       5.0
 10734   .000000  -.974491  -.224428
 103550.0  11881.9       .2     43.3      -.1     25.7
       .2     86.6      -.1     54.1  62647.6  64457.1
     -14.0      51.5        .0     108.1
      -4.9      23.5      -1.0      55.4
      -4.4      19.0       -.6      19.7
      -4.6      17.4       -.2       6.2
 10735   .000000  -.975916  -.218146
 106733.9  11998.9       .2     43.3       .1     25.7
       .2     86.6       .1     54.1  64572.7  66381.5
     -16.8      53.1      -1.0     115.0
      -5.0      24.4        .2      58.8
      -4.5      20.6        .4      19.2
      -4.8      19.9       -.1       8.6
 10736   .000000  -.977227  -.212198
 109608.8  11997.3       .2     43.3       .0     25.8
       .2     86.6       .0     54.0  67789.6  69310.3
     -13.1      45.9      -4.1     111.3
      -5.5      24.1       -.6      58.7
      -4.6      19.3        .0      18.7
      -5.0      18.4        .1       4.6
 10737   .000000  -.978434  -.206558
 112639.6  11948.9       .2     43.3      -.2     25.7
       .2     86.6      -.1     53.9  69257.3  70471.8
     -12.5      47.2       3.1     112.3
      -5.5      23.0        .7      61.2
      -4.6      17.9        .1      21.3
      -5.0      16.4       -.1       6.2
 10738   .000000  -.979549  -.201205
 115761.0  11940.6       .2     43.3      -.2     25.7
       .2     86.6      -.2     53.9  71260.8  73170.5
     -12.9      49.4       2.5     115.4
      -5.4      23.4       -.4      59.8
      -4.7      18.5       -.3      19.9
      -4.2      17.7       -.6       8.3
 10739   .000000  -.980581  -.196116
 118614.1  12039.5       .2     43.3      -.4     25.6
       .2     86.6      -.3     53.8  72846.9  74898.0
     -13.9      49.9       3.7     117.8
      -5.2      25.1       1.2      61.9
      -4.6      20.5       1.2      20.1
      -4.3      19.9       -.4       7.4
 10740   .000000  -.981537  -.191274
 121646.4  11968.4       .2     43.3      -.2     25.5
       .2     86.6      -.1     53.8  75048.2  77207.7
     -14.4      52.7       1.7     116.9
      -5.3      23.4        .2      62.1
      -5.0      19.5       -.7      22.2
      -4.8      18.4       -.6       9.4
 10741   .000000  -.982424  -.186661
 124475.3  11886.1       .2     43.3      -.1     25.7
       .2     86.6       .0     53.8  76787.8  79423.5
     -13.2      48.7      -1.3     111.0
      -5.4      23.3       -.8      62.9
      -4.5      17.8       -.7      23.0
      -5.0      16.6       -.1       8.3
 10742   .000000  -.983250  -.182261
 127515.5  12051.0       .2     43.3       .2     25.7
       .2     86.6       .2     53.8  79755.6  81597.0
     -14.6      49.8       1.1     117.7
      -4.9      23.0        .2      61.6
      -4.6      19.0       -.5      23.6
      -4.6      17.6       -.8       9.0
 10743   .000000  -.984020  -.178061
 130486.1  11971.3       .2     43.3      -.2     25.6
       .2     86.6      -.1     53.7  80740.8  83542.5
     -16.9      53.0      -4.8     115.1
      -5.5      25.1        .3      64.7
      -4.3      20.5       -.3      24.0
      -5.2      20.1      -1.0      12.6
 10744   .000000  -.984737  -.174047
 133944.6  11905.3       .2     43.3       .1     25.5
       .2     86.6       .1     53.7  83759.6  85738.6
     -13.9      49.8      -4.2     123.6
      -5.9      24.4        .5      66.3
      -4.5      19.1      -1.0      26.3
      -5.2      18.3       -.5       8.5
 10745   .000000  -.985408  -.170207
 136392.4  11940.0       .2     43.3      -.1     25.5
       .2     86.6      -.1     53.6  83905.4  87348.6
     -16.0      48.3       3.4     119.2
      -5.4      23.4      -2.5      65.6
      -4.6      18.0       -.3      24.0
      -4.7      16.7        .5      10.1
 10746   .000000  -.986036  -.166531
 139975.0  12060.6       .2     43.3      -.3     25.4
       .2     86.6      -.2     53.5  88156.3  90125.2
     -14.2      48.9      -5.4     124.5
      -5.5      24.2       -.7      68.4
      -4.4      18.7        .6      24.3
      -4.5      17.6       -.1       9.7
 10747   .000000  -.986625  -.163008
 143004.3  11945.1       .2     43.3      -.1     25.3
       .2     86.6       .0     53.5  90022.0  92271.8
     -12.8      46.6       6.9     126.4
      -4.9      25.1       -.8      68.3
      -4.8      20.6        .0      27.4
      -4.4      20.1       -.1       9.0
 10748   .000000  -.987696  -.156385
 148930.7  12130.0       .2     43.3       .1     25.3
       .2     86.6       .1     53.5  94569.7  96819.9
     -16.5      49.9      -3.7     128.3
      -5.3      22.9        .1      69.6
      -4.9      17.9       -.2      27.4
      -5.2      16.4        .4      16.1
 10749   .000000  -.988644  -.150274
 154994.2  12118.2       .2     43.3       .2     25.3
       .2     86.6       .1     53.3  99076.0 100799.6
     -11.9      45.9     -11.3     126.8
      -5.5      25.4      -1.7      70.4
      -4.6      20.6       -.4      28.1
      -4.5      19.9        .1      16.2
 10750   .000000  -.989488  -.144617
 161103.8  12085.5       .2     43.3      -.2     25.3
       .2     86.6      -.3     53.4 101303.3 104931.5
     -11.8      45.0       -.8     121.6
      -5.6      23.5       1.1      73.1
      -4.8      18.0      -1.0      31.3
      -5.3      16.7       -.6      21.2
 10751   .000000  -.990241  -.139367
 166853.9  12000.6       .2     43.3      -.3     25.2
       .2     86.6      -.3     53.2 105737.3 108803.7
     -13.4      52.2        .0     123.0
      -5.6      26.3        .9      72.7
      -4.8      20.7        .5      27.6
      -4.7      19.9       -.4      10.3
 10752   .000000  -.990916  -.134481
 173254.8  12054.8       .2     43.3      -.2     25.0
       .2     86.6      -.2     53.1 110099.7 112447.4
     -14.8      50.6       4.0     119.7
      -5.7      23.4        .3      71.4
      -4.9      18.1       -.1      33.3
      -4.6      16.6        .3      17.0
 10753   .000000  -.991524  -.129924
 179246.7  12138.7       .2     43.3      -.2     25.0
       .2     86.6      -.2     53.1 113805.3 116460.0
     -15.0      52.5      -3.7     132.0
      -5.7      25.9      -1.4      73.4
      -4.7      20.9        .0      32.7
      -4.7      19.9       -.7      15.5
 10754   .000000  -.992073  -.125663
 185011.2  12061.0       .2     43.3       .1     25.1
       .2     86.6       .1     53.0 119411.4 122010.0
     -15.1      49.3        .1     125.1
      -5.8      24.5      -1.0      73.0
      -4.7      17.9        .3      32.6
      -4.7      16.5      -1.0      15.8
 10755   .000000  -.992571  -.121670
 191376.2  12183.2       .2     43.3       .0     25.1
       .2     86.6       .1     52.9 122965.4 126345.3
     -12.2      50.7       4.1     127.7
      -5.7      25.6        .6      74.0
      -4.6      21.1        .9      35.1
      -4.4      20.0        .5      14.5
 10756   .000000  -.993023  -.117921
 197398.7  12123.7       .2     43.3       .3     25.3
       .2     86.6       .2     52.8 126629.4 130332.1
     -13.9      51.6      -2.6     123.0
      -5.8      23.9        .5      73.6
      -4.7      18.3       -.3      34.7
      -4.7      16.7        .4      13.7
 10757   .000000  -.993435  -.114396
 203046.0  12213.8       .2     43.3       .0     25.0
       .2     86.6       .0     52.9 132426.2 135490.1
     -12.5      42.5       9.2     130.0
      -5.7      25.6       -.5      77.7
      -5.0      21.1       -.8      39.0
      -4.8      20.3      -1.1      20.0
 10758   .000000  -.993812  -.111073
 209516.6  12112.2       .2     43.3       .0     24.9
       .2     86.6       .1     52.8 137119.5 140133.0
      -9.8      39.3       3.7     125.5
      -6.0      23.5       -.3      78.6
      -4.8      18.0        .5      38.5
      -4.9      16.5       -.3      21.8
 10759   .000000  -.994158  -.107937
 215363.6  12094.2       .2     43.3      -.2     24.9
       .2     86.6      -.3     52.7 139267.0 142666.7
     -10.6      39.9       4.8     126.9
      -5.8      25.4      -1.3      78.1
      -4.7      21.0       -.6      36.7
      -5.2      20.0      -1.0      21.5
 10760   .000000  -.994475  -.104972
 221586.8  12115.4       .2     43.3       .1     24.7
       .2     86.6       .1     52.5 145343.2 148362.9
     -12.1      36.9      -6.2     133.2
      -5.7      22.8        .1      78.8
      -5.0      18.5       -.7      39.9
      -5.1      17.0        .8      20.5
 10761   .903278   .000000  -.429057
  53713.2   8318.6       .0     40.8       .2     28.9
       .0     83.8       .2     57.7  30537.1  31543.6
      -1.9      86.3      10.6      41.4
       -.9      30.4       4.1      22.7
        .0       7.9       4.0      17.3
       -.4       5.0       4.0      15.9
 10762   .887877   .000000  -.460082
  50406.1   8506.1       .1     40.9       .2     28.9
       .1     83.9       .2     57.7  27835.5  28936.3
       -.6      82.3       9.1      39.2
        .0      31.9       3.9      21.7
        .1       6.7       3.4      16.2
       -.2       5.0       4.0      14.5
 10763   .868777   .000000  -.495203
  46645.1   8609.2       .5     40.9       .2     28.9
       .5     83.9       .2     57.7  26237.3  26840.5
      -1.5      80.1      11.3      44.4
      -1.0      27.4       4.4      22.5
       -.2       5.7       3.8      17.1
       -.3       5.0       4.3      15.2
 10764   .844819   .000000  -.535052
  43183.6   8944.3       .2     41.2       .2     28.9
       .2     84.2       .2     57.7  23526.1  24328.6
      -1.7      79.0       8.9      40.3
       1.4      23.6       3.2      21.2
       -.3       5.0       3.5      15.6
       -.2       5.0       3.5      13.8
 10765   .814421   .000000  -.580275
  39862.5   9186.9      -.1     41.2       .2     28.9
      -.1     84.3       .2     57.7  21788.7  22334.4
        .0      80.1       9.3      43.5
      -1.3      24.8       4.3      22.8
       -.4       6.1       3.6      16.3
       -.2       5.0       4.0      14.4
 10766   .775436   .000000  -.631426
  36760.5   9594.4      -.1     41.3       .2     28.9
      -.1     84.3       .2     57.7  19383.4  20239.0
        .6      80.2       9.8      41.8
      -1.5      20.5       3.3      20.3
       -.4       5.0       3.5      14.6
       -.3       5.0       3.5      12.8
 10767   .724999   .000000  -.688749
  33575.4  10180.2       .1     41.4       .2     28.9
       .0     84.4       .2     57.7  17578.9  18254.6
        .7      80.4       8.5      43.2
        .5      18.3       4.0      21.6
       -.5       5.0       3.8      14.9
       -.3       5.0       3.9      13.3
 10768   .659438   .000000  -.751759
  30858.0  11173.6       .3     41.4       .2     28.9
       .3     84.5      2.4      6.3  15743.0  16258.9
        .9      76.1       9.4      42.4
       -.1      17.5       3.7      19.0
       -.1       5.0       3.2      13.3
       -.1       5.0       3.5      11.4
 10769   .574426   .000000  -.818557
  28453.8  12709.8      -.3     41.4       .2     28.9
      -.3     84.5       .2     10.8  14288.8  14887.0
       2.0      72.9       6.8      42.0
       -.5      14.1       4.0      18.8
       -.2       5.0       3.3      12.7
       -.3       5.0       3.6      11.2
 10770   .465746   .000000  -.884918
  26691.7  15355.9      -.2     41.5       .2     28.9
      -.2     84.6       .5     22.1  13136.9  13555.8
       2.2      73.5       6.3      38.2
        .6      12.4       3.3      16.8
       -.1       5.0       3.2      11.1
       -.2       5.0       3.1       9.2
 10771   .331088   .000000  -.943600
  25138.2  18511.4      -.1     41.4       .8      6.2
      -.1     84.5       .8     34.0  12351.4  12699.2
        .7      69.6       4.9      40.9
       -.9      12.7       2.3      11.3
       -.3       5.0       2.1       7.4
       -.2       5.0       2.1       6.1
 10772   .254493   .000000  -.967075
  24627.0  19527.9       .3     41.4       .9     11.5
       .3     84.5       .7     40.1  11789.8  12231.8
      -2.5      71.6       4.8      43.6
       -.1      13.1       1.5       8.4
       -.1       5.0       1.6       5.6
       -.3       5.0       1.7       4.7
 10773   .172799   .000000  -.984957
  24363.7  20056.3       .0     41.5       .6     17.1
       .1     84.6       .5     45.8  11474.3  12081.2
       5.3      72.6       4.0      50.3
        .6      10.3        .9       6.6
       -.1       5.0       1.2       3.7
       -.1       5.0       1.1       3.0
 10774   .087384   .000000  -.996175
  24211.0  19814.3       .2     41.5       .0     22.7
       .2     84.6       .0     51.4  11446.4  12040.1
      -1.8      68.7       4.6      61.0
       -.5      14.2        .7       6.0
       -.2       5.0        .6       3.0
       -.3       5.0        .6       3.0
 10775   .000000   .000000 -1.000000
  24268.6  19839.9      -.3     41.4      -.1     27.1
      -.3     84.5      -.1     55.8  11798.0  12215.1
      -1.4      68.9       1.2      69.1
        .6      15.5       -.2      10.8
       -.3       5.0       -.1       3.0
       -.2       5.0       -.2       3.0
 10776  -.087384   .000000  -.996175
  24219.3  19774.3       .2     41.2      -.1     22.7
       .2     84.5      -.1     51.4  11358.3  11780.2
      -3.6      70.3      -5.1      62.6
       -.1      11.0      -1.1       6.4
       -.1       5.0      -1.0       3.0
       -.3       5.0      -1.0       3.0
 10777  -.172799   .000000  -.984957
  24305.2  20038.1      -.3     41.6      -.4     17.0
      -.2     84.7      -.4     45.8  11691.1  12041.3
       5.4      69.2      -3.4      49.1
       -.1       8.0      -1.4       6.5
       -.3       5.0      -1.6       3.8
       -.2       5.0      -1.5       3.0
 10778  -.254493   .000000  -.967075
  24719.6  19680.2       .1     41.6      -.9     11.4
       .1     84.6      -.6     40.0  11759.6  12289.2
      -2.4      72.9      -4.3      44.1
        .4      11.9      -2.2       8.8
       -.1       5.0      -2.1       5.8
       -.2       5.0      -2.0       4.6
 10779  -.331088   .000000  -.943600
  25250.6  18621.6      -.1     41.3      -.7      6.1
      -.1     84.5      -.7     33.9  12274.3  12753.9
       3.2      72.2      -4.5      39.9
       -.1      13.6      -2.5      11.5
       -.2       5.0      -2.5       7.5
       -.2       5.0      -2.5       6.2
 10780  -.465746   .000000  -.884918
  26691.0  15437.6      -.2     41.4       .2     28.9
      -.2     84.5      -.8     22.2  13063.7  13533.0
       -.4      70.0      -7.0      40.9
        .3      15.1      -3.9      16.9
       -.5       5.0      -3.5      11.2
       -.3       5.0      -3.6       9.1
 10781  -.574426   .000000  -.818557
  28540.7  12830.9       .0     41.5       .2     28.9
       .0     84.5      -.4     10.7  14227.9  14773.1
      -4.0      77.9      -7.6      42.2
        .0      14.2      -3.9      19.0
       -.2       5.0      -3.8      12.8
       -.2       5.0      -4.0      11.2
 10782  -.659438   .000000  -.751759
  30861.5  11184.3      -.2     41.2       .2     28.9
      -.2     84.3     -3.2      6.5  15612.1  16319.9
       -.4      73.7      -9.4      42.4
       -.9      17.1      -4.2      19.1
       -.3       5.0      -3.9      13.1
       -.3       5.0      -3.7      11.1
 10783  -.724999   .000000  -.688749
  33731.8  10213.2       .1     41.2       .2     28.9
       .1     84.3       .2     57.7  17503.3  18127.3
      -4.2      76.7      -9.7      41.8
        .0      18.2      -4.4      21.6
       -.6       5.0      -3.8      15.0
       -.2       5.0      -4.2      13.0
 10784  -.775436   .000000  -.631426
  36738.2   9686.8      -.3     41.2       .2     28.9
      -.3     84.3       .2     57.7  19597.5  20226.1
        .3      80.3      -9.6      41.2
       1.5      19.0      -4.1      20.1
       -.2       5.3      -3.9      14.5
       -.4       5.0      -4.1      12.7
 10785  -.814421   .000000  -.580275
  39877.7   9113.9      -.2     41.2       .2     28.9
      -.2     84.1       .2     57.7  21613.8  22102.5
       1.1      79.2      -9.6      44.4
       -.7      22.5      -4.5      22.7
       -.5       5.0      -4.0      16.3
        .1       6.1      -4.3      14.5
 10786  -.844819   .000000  -.535052
  43234.0   8848.8       .1     41.2       .2     28.9
       .1     84.1       .2     57.7  23539.7  24504.3
      -1.3      75.4     -11.0      40.3
       -.3      25.5      -3.9      21.7
       -.2       5.0      -3.8      15.8
       -.2       5.0      -4.0      13.8
 10787  -.868777   .000000  -.495203
  46649.9   8619.7      -.2     41.1       .2     28.9
      -.2     84.0       .2     57.7  25850.6  26676.8
       2.6      81.2     -10.3      42.2
       -.5      26.3      -4.1      23.4
       -.4       7.3      -3.8      17.4
       -.1       5.0      -4.2      15.3
 10788  -.887877   .000000  -.460082
  50193.3   8459.7      -.1     40.9       .2     28.9
      -.1     83.9       .2     57.7  28306.7  29096.3
      -2.9      83.8     -11.5      41.0
        .0      31.0      -4.3      21.4
       -.2       5.9      -3.8      16.3
       -.3       5.0      -4.0      14.7
 10789  -.903278   .000000  -.429057
  54016.3   8353.1       .2     40.9       .2     28.9
       .2     83.9       .2     57.7  30353.9  31170.8
      -2.7      83.1     -10.7      40.6
        .9      30.1      -4.7      23.6
       -.4       7.7      -4.2      17.5
       -.3       5.0      -4.3      15.7
 10790   .840060  -.367526  -.399028
  57716.5   9062.0       .2     43.3       .2     28.9
      -.1     17.8       .2     57.7  32809.1  33958.7
      -8.9      61.6       9.8      39.8
      -3.8      24.3       4.0      22.6
      -3.5      15.8       3.2      17.3
      -3.3      13.3       3.3      15.8
 10791   .817505  -.390173  -.423616
  54379.8   9314.6       .2     43.3       .2     28.9
       .3     18.2       .2     57.7  30129.4  31282.2
     -10.6      63.4       8.2      38.0
      -3.7      25.1       3.0      20.7
      -3.5      16.2       2.8      15.7
      -3.4      13.4       3.2      14.4
 10792   .790440  -.414981  -.450551
  51219.7   9504.0       .2     43.3       .2     28.9
       .4     18.6       .2     57.7  28199.6  29360.7
     -10.8      59.8      10.1      42.1
      -3.7      25.5       3.7      22.7
      -3.6      16.3       3.3      16.7
      -3.1      13.6       3.3      14.8
 10793   .757796  -.442047  -.479937
  48159.7   9858.2       .2     43.3       .2     28.9
       .0     19.2       .2     57.7  26323.2  27189.0
      -8.7      61.9       8.6      38.8
      -3.8      26.3       3.1      20.6
      -3.3      16.6       2.6      14.9
      -3.8      13.9       2.9      13.3
 10794   .718269  -.471364  -.511767
  45052.1  10374.4       .2     43.3       .2     28.9
       .1     19.7       .2     57.7  24285.9  25482.0
     -10.6      60.0       8.4      41.9
      -4.2      26.1       3.8      21.6
      -3.5      16.9       3.0      15.8
      -3.4      14.0       3.2      14.1
 10795   .670317  -.502738  -.545830
  42301.2  11180.4       .2     43.3       .2     28.9
      -.1     20.3       .2     57.7  22438.7  23187.2
     -10.2      59.9       8.2      42.1
      -4.3      26.4       3.1      19.6
      -3.7      17.0       2.8      13.8
      -4.0      14.4       2.9      12.2
 10796   .612205  -.535679  -.581595
  39917.7  12202.1       .2     43.3       .2     28.9
      -.1     20.5       .2     57.7  21065.9  21818.3
     -11.6      60.2       8.6      44.3
      -4.6      27.0       3.3      20.2
      -4.3      17.5       3.1      14.0
      -4.0      14.6       3.0      12.4
 10797   .542159  -.569267  -.618061
  37435.3  13545.5       .2     43.3       .2     28.9
      -.3     21.4      2.6      8.4  19600.5  20379.5
     -10.6      57.1       7.2      42.5
      -5.2      27.5       3.4      18.6
      -4.2      17.9       3.0      12.8
      -4.3      14.7       3.0      10.7
 10798   .458673  -.602008  -.653609
  35518.9  15327.0       .2     43.3       .2     28.9
      -.6     21.8      -.2      9.2  18509.2  19124.5
      -9.1      58.5       6.1      42.0
      -5.3      27.2       3.1      17.2
      -4.3      18.1       2.5      11.4
      -4.5      15.1       2.7      10.0
 10799   .361020  -.631785  -.685938
  34039.4  16454.0       .2     43.3       .2     28.9
      -.2     22.3       .1     20.6  17420.6  18194.9
     -11.3      60.1       6.2      44.3
      -5.4      27.9       3.0      16.1
      -4.7      18.3       2.7      10.2
      -4.9      15.0       2.7       8.3
 10800   .249898  -.655981  -.712208
  32932.7  16363.8       .2     43.3       .2      5.1
      -.2     22.5       .2     33.0  16666.6  17381.3
     -10.9      56.9       3.4      43.9
      -6.0      28.2       1.8      10.9
      -5.5      18.4       1.7       6.8
      -5.2      15.1       1.6       5.6
 10801   .190037  -.665130  -.722141
  32614.0  16270.5       .2     43.3       .1     10.4
      -.3     22.4       .0     39.1  16552.7  17055.5
     -12.0      57.5       2.7      51.1
      -6.1      28.0       1.3       9.1
      -5.6      18.6       1.3       5.2
      -5.5      15.5       1.3       4.3
 10802   .127982  -.671905  -.729496
  32258.9  16167.7       .2     43.3       .2     16.4
      -.6     22.5       .1     45.1  16324.4  16906.3
     -13.3      59.8       4.1      57.2
      -6.1      28.0       1.1       8.5
      -5.6      18.7        .9       3.5
      -5.2      15.4        .8       3.0
 10803   .064388  -.676070  -.734019
  32151.0  15967.3       .2     43.3      -.5     22.4
      -.7     22.6      -.5     51.0  16444.3  16959.2
     -11.7      57.9       1.7      63.1
      -6.0      27.9        .4       8.9
      -5.8      18.6        .4       3.0
      -5.7      15.1        .4       3.0
 10804   .000000  -.677476  -.735545
  32018.3  15928.0       .2     43.3       .0     26.8
      -.8     22.6       .1     55.5  16112.3  16882.1
     -12.4      56.5       1.6      76.4
      -6.5      27.8       -.6      18.9
      -5.3      18.9       -.2       3.4
      -5.7      15.3       -.2       3.0
 10805  -.064388  -.676070  -.734019
  32175.8  16008.5       .2     43.3       .4     22.3
      -.4     22.6       .5     51.0  16395.4  17139.2
     -14.0      59.9      -5.8      72.0
      -6.4      28.4      -1.3      11.1
      -5.4      18.8       -.8       3.0
      -5.8      15.2       -.8       3.0
 10806  -.127982  -.671905  -.729496
  32174.7  16043.3       .2     43.3       .0     16.4
      -.6     22.7       .0     45.0  16279.1  17013.6
     -12.1      58.1      -2.9      52.7
      -6.1      27.8      -1.4       7.7
      -5.3      18.3      -1.3       3.6
      -5.4      15.3      -1.2       3.0
 10807  -.190037  -.665130  -.722141
  32597.6  16330.3       .2     43.3      -.2     10.5
      -.3     22.7       .1     39.2  16746.1  17413.0
     -13.0      58.9      -1.9      52.1
      -5.9      28.5      -1.8       9.1
      -5.6      18.9      -1.6       5.1
      -5.1      15.2      -1.6       4.2
 10808  -.249898  -.655981  -.712208
  32944.5  16451.8       .2     43.3      -.2      5.1
      -.5     22.3       .0     33.0  16859.9  17501.7
     -11.3      59.5      -4.4      45.7
      -6.4      28.3      -2.3      11.0
      -5.3      18.7      -2.1       7.0
      -5.1      15.5      -2.1       5.8
 10809  -.361020  -.631785  -.685938
  33936.5  16539.8       .2     43.3       .2     28.9
      -.3     22.2       .1     20.7  17617.5  18125.2
     -10.3      58.3      -4.6      45.7
      -5.8      27.9      -3.4      16.0
      -5.1      18.2      -2.9      10.2
      -5.1      15.0      -2.9       8.4
 10810  -.458673  -.602008  -.653609
  35606.6  15391.5       .2     43.3       .2     28.9
      -.4     21.9       .0      9.2  18335.7  19081.3
      -9.5      57.4      -6.0      43.9
      -5.6      27.2      -3.7      17.1
      -4.8      17.6      -3.2      11.3
      -4.6      15.1      -3.2      10.0
 10811  -.542159  -.569267  -.618061
  37561.4  13541.4       .2     43.3       .2     28.9
      -.3     21.2      -.5     11.1  19661.1  20448.5
     -11.8      58.0      -8.7      45.2
      -5.5      27.3      -3.9      18.6
      -4.3      17.6      -3.2      12.6
      -4.2      14.6      -3.2      10.6
 10812  -.612205  -.535679  -.581595
  39812.0  12061.0       .2     43.3       .2     28.9
       .0     21.1       .2     57.7  21177.7  21979.1
     -11.6      56.8      -9.4      43.8
      -4.4      27.1      -3.4      20.2
      -4.1      17.7      -3.2      14.2
      -3.9      14.7      -3.4      12.4
 10813  -.670317  -.502738  -.545830
  42236.2  11176.2       .2     43.3       .2     28.9
      -.3     20.4       .2     57.7  22694.0  23606.1
      -7.6      59.7      -7.6      43.1
      -4.7      26.5      -3.5      19.5
      -3.8      17.3      -3.1      14.0
      -4.0      14.4      -3.3      12.2
 10814  -.718269  -.471364  -.511767
  45181.2  10451.0       .2     43.3       .2     28.9
       .0     19.6       .2     57.7  24776.0  25438.0
     -11.7      60.4     -10.6      43.9
      -3.9      26.0      -3.4      21.4
      -3.9      16.9      -3.6      15.6
      -3.9      14.1      -3.8      14.0
 10815  -.757796  -.442047  -.479937
  48201.0   9952.2       .2     43.3       .2     28.9
       .0     19.2       .2     57.7  26560.3  27375.4
     -10.2      59.5      -9.3      41.5
      -4.3      25.7      -4.0      21.1
      -3.5      16.6      -3.3      15.0
      -3.3      14.1      -3.5      13.5
 10816  -.790440  -.414981  -.450551
  51036.3   9504.5       .2     43.3       .2     28.9
       .0     18.6       .2     57.7  28290.5  29366.8
     -10.0      60.2      -8.3      41.6
      -3.8      25.2      -4.3      22.5
      -3.3      16.3      -3.2      16.6
      -3.3      13.6      -3.5      15.1
 10817  -.817505  -.390173  -.423616
  54468.2   9249.8       .2     43.3       .2     28.9
       .2     18.1       .2     57.7  30749.8  31701.1
      -7.9      61.0      -9.9      38.4
      -3.4      25.0      -3.4      21.2
      -3.3      16.0      -3.4      15.7
      -3.5      13.6      -3.4      14.4
 10818  -.840060  -.367526  -.399028
  57752.2   8977.4       .2     43.3       .2     28.9
      -.1     17.6       .2     57.7  32717.6  33802.6
      -8.1      60.6     -11.7      40.8
      -3.8      25.2      -3.8      23.1
      -3.4      16.0      -3.8      17.2
      -3.1      13.2      -3.9      15.7
 10819   .708659  -.620076  -.336613
  68537.2  10737.0       .2     43.3       .2     28.9
       .2     86.6       .2     57.7  39906.3  41249.3
     -12.8      59.0       9.3      41.6
      -2.8      22.7       2.7      21.6
      -3.0      17.2       3.0      16.0
      -3.3      16.0       3.1      14.5
 10820   .677337  -.646549  -.350984
  65680.0  11261.3       .2     43.3       .2     28.9
       .2     86.6       .2     57.7  37804.5  39035.4
     -12.9      55.4      10.7      41.3
      -3.2      22.8       2.7      20.0
      -3.0      17.4       2.7      14.5
      -3.1      16.1       2.8      12.8
 10821   .641844  -.673936  -.365851
  63152.2  11812.6       .2     43.3       .2     28.9
       .2     86.6       .2     57.7  36750.4  37570.0
     -12.1      56.4       7.3      42.2
      -3.1      22.9       2.7      20.9
      -3.1      17.7       2.8      15.3
      -2.9      16.4       2.8      13.4
 10822   .601687  -.701968  -.381068
  60490.3  12451.2       .2     43.3       .2     28.9
       .2     86.6       .2     57.7  34416.5  35721.6
     -11.5      53.9       8.9      41.2
      -3.4      22.5       2.7      19.0
      -3.1      18.0       2.7      13.8
      -3.0      16.8       2.5      11.9
 10823   .556388  -.730259  -.396426
  58433.8  12755.7       .2     43.3       .2     28.9
       .2     86.6       .2     57.7  32974.4  34203.2
     -10.3      53.9       8.3      45.6
      -3.7      22.9       3.4      19.7
      -3.3      17.9       2.6      13.7
      -3.3      16.8       2.6      12.3
 10824   .505524  -.758286  -.411641
  56445.1  13840.6       .2     43.3       .2     28.9
       .2     86.6       .2     57.7  31674.8  32379.1
     -13.0      54.6       8.3      46.0
      -3.4      23.0       2.8      18.4
      -3.4      18.4       2.8      12.8
      -3.4      17.2       2.7      10.9
 10825   .448787  -.785377  -.426348
  54499.7  13592.3       .2     43.3       .2     28.9
       .2     86.6       .2     57.7  30163.1  31128.2
     -11.7      50.6       7.4      47.6
      -3.7      23.1       2.7      18.1
      -3.5      18.5       2.4      11.9
      -3.7      17.8       2.6      10.4
 10826   .386057  -.810720  -.440105
  52691.5  13801.4       .2     43.3       .2     28.9
       .2     86.6       .2     57.7  29281.7  30205.6
     -12.2      52.9       7.1      45.5
      -3.8      23.2       2.9      17.3
      -3.2      18.4       2.2      11.0
      -3.8      17.4       2.6       9.2
 10827   .317480  -.833386  -.452409
  51252.8  13653.8       .2     43.3       .2     28.9
       .2     86.6      -.3      6.8  28176.1  29545.4
     -13.3      52.6       6.8      48.8
      -4.0      23.9       2.5      15.6
      -3.7      18.4       2.2       9.8
      -3.5      17.7       2.1       8.1
 10828   .243541  -.852392  -.462727
  50279.0  13403.4       .2     43.3       .2     28.9
       .2     86.6      -.6     18.5  28096.7  28884.2
     -11.4      52.5       5.3      52.0
      -4.3      23.4       2.7      15.7
      -3.6      18.7       2.1       8.7
      -4.0      17.9       2.0       7.0
 10829   .165103  -.866792  -.470544
  49734.2  13063.2       .2     43.3      -.2      3.5
       .2     86.6      -.1     31.6  27283.1  28276.0
     -15.6      55.6       3.0      58.2
      -3.8      23.4       1.6      12.6
      -4.3      18.9       1.3       6.0
      -4.2      18.0       1.3       4.8
 10830   .124573  -.872008  -.473376
  49360.0  12939.3       .2     43.3      -.4      9.2
       .2     86.6      -.3     37.9  27138.4  28240.8
     -13.6      53.8        .5      62.4
      -4.7      23.2       1.0      12.2
      -4.3      18.6       1.0       4.7
      -4.2      17.9       1.0       3.6
 10831   .083409  -.875791  -.475429
  49149.5  12961.9       .2     43.3      -.2     16.2
       .2     86.6      -.4     44.2  27063.6  27905.5
     -13.8      52.4       1.7      65.8
      -4.4      23.7        .8      13.6
      -4.2      18.7        .5       3.2
      -4.3      18.0        .6       3.0
 10832   .041814  -.878085  -.476675
  49109.9  12899.8       .2     43.3      -.8     21.8
       .2     86.6      -.8     50.4  26627.5  27790.8
     -10.8      48.2       -.3      77.7
      -4.6      23.5        .1      22.1
      -3.9      18.7        .2       3.0
      -4.4      17.9        .3       3.0
 10833   .000000  -.878853  -.477092
  48883.5  12827.7       .2     43.3      -.1     26.4
       .2     86.6      -.1     55.0  27048.0  27883.1
     -13.6      51.5        .3      88.7
      -4.6      23.1        .6      29.5
      -4.3      18.8       -.2       4.9
      -4.6      17.9       -.2       3.0
 10834  -.041814  -.878085  -.476675
  49346.0  12960.9       .2     43.3       .8     21.7
       .2     86.6       .9     50.3  27216.8  27999.4
     -13.6      50.2        .1      75.9
      -4.3      23.5       -.6      19.7
      -4.1      18.6       -.5       3.4
      -4.5      17.9       -.6       3.0
 10835  -.083409  -.875791  -.475429
  49104.5  12994.2       .2     43.3       .5     16.3
       .2     86.6       .5     44.2  27263.8  28057.3
     -11.9      49.0      -4.9      69.4
      -4.5      23.2      -1.3      14.3
      -4.1      18.6       -.9       3.7
      -4.4      18.0      -1.0       3.0
 10836  -.124573  -.872008  -.473376
  49369.3  13007.7       .2     43.3       .2      9.3
       .2     86.6       .3     37.8  27025.9  27995.7
     -14.0      53.8      -4.2      62.7
      -4.4      23.4      -1.6      11.7
      -4.2      18.8      -1.3       4.6
      -4.5      18.0      -1.3       3.7
 10837  -.165103  -.866792  -.470544
  49474.8  13036.7       .2     43.3       .1      3.4
       .2     86.6       .3     31.4  27063.6  28006.6
     -15.9      53.8      -5.5      57.4
      -4.6      23.4      -2.0      11.6
      -4.1      19.1      -1.6       6.1
      -4.3      17.9      -1.6       4.7
 10838  -.243541  -.852392  -.462727
  50178.4  13302.2       .2     43.3       .2     28.9
       .2     86.6       .2     18.7  27994.2  28846.5
     -12.2      50.9      -5.0      52.0
      -4.2      23.0      -2.6      15.0
      -3.5      18.9      -2.4       8.9
      -4.1      17.9      -2.4       7.2
 10839  -.317480  -.833386  -.452409
  51288.3  13530.2       .2     43.3       .2     28.9
       .2     86.6       .4      6.7  28145.0  29212.1
     -11.8      52.9      -6.5      50.6
      -4.0      23.0      -3.1      15.4
      -3.7      18.5      -2.5       9.7
      -3.5      17.9      -2.5       8.1
 10840  -.386057  -.810720  -.440105
  52762.4  13953.3       .2     43.3       .2     28.9
       .2     86.6       .2     57.7  29385.1  30199.0
     -13.6      53.8      -8.2      47.9
      -3.2      23.6      -2.7      17.6
      -3.6      18.3      -2.9      11.2
      -3.8      17.4      -2.8       9.3
 10841  -.448787  -.785377  -.426348
  54167.3  13574.1       .2     43.3       .2     28.9
       .2     86.6       .2     57.7  30819.7  31584.2
     -11.5      52.4      -9.4      46.8
      -3.8      23.3      -3.0      17.8
      -3.1      18.2      -2.6      12.0
      -3.4      17.3      -2.8      10.4
 10842  -.505524  -.758286  -.411641
  56300.0  13693.0       .2     43.3       .2     28.9
       .2     86.6       .2     57.7  31136.9  32091.5
     -14.3      55.9      -9.3      46.2
      -3.3      23.3      -3.1      18.5
      -3.3      18.0      -3.0      12.6
      -3.1      17.2      -2.8      11.0
 10843  -.556388  -.730259  -.396426
  58199.4  12842.5       .2     43.3       .2     28.9
       .2     86.6       .2     57.7  32784.1  33597.1
     -12.2      54.6      -7.9      45.2
      -3.3      22.6      -3.1      19.5
      -3.1      17.9      -2.9      13.8
      -3.5      17.0      -3.1      12.1
 10844  -.601687  -.701968  -.381068
  60534.0  12526.8       .2     43.3       .2     28.9
       .2     86.6       .2     57.7  34406.7  35722.5
     -12.3      56.1     -10.4      45.7
      -3.5      23.1      -3.3      19.4
      -2.9      17.6      -2.8      13.7
      -3.0      16.8      -3.0      12.0
 10845  -.641844  -.673936  -.365851
  63088.5  11839.5       .2     43.3       .2     28.9
       .2     86.6       .2     57.7  36162.4  37192.0
     -12.5      56.2      -9.0      45.5
      -3.6      22.9      -3.6      20.9
      -3.1      17.7      -3.1      15.2
      -3.1      16.5      -3.2      13.4
 10846  -.677337  -.646549  -.350984
  65422.0  11144.2       .2     43.3       .2     28.9
       .2     86.6       .2     57.7  38111.3  39256.1
     -10.8      52.8     -10.1      41.0
      -3.1      23.0      -3.1      19.6
      -2.9      17.5      -2.8      14.5
      -3.2      16.3      -3.1      12.9
 10847  -.708659  -.620076  -.336613
  68446.0  10765.6       .2     43.3       .2     28.9
       .2     86.6       .2     57.7  39675.8  40936.1
     -12.5      56.8     -10.3      41.6
      -3.4      23.2      -3.8      21.8
      -3.0      17.3      -3.2      16.0
      -3.1      16.0      -3.4      14.2
 10848   .482910  -.845093  -.229382
 100771.5  13219.4       .2     43.3       .2     28.9
       .2     86.6       .2     57.7  61553.9  62733.4
     -14.2      53.8       7.6      44.5
      -3.5      21.8       2.8      19.4
      -3.4      17.0       2.3      13.2
      -3.7      15.9       2.4      11.6
 10849   .451149  -.861285  -.233777
  98799.4  13456.6       .2     43.3       .2     28.9
       .2     86.6       .2     57.7  60162.8  61433.6
     -12.7      51.8       7.6      46.4
      -4.0      22.8       2.5      18.7
      -3.7      17.2       2.4      12.5
      -3.3      15.7       2.4      10.8
 10850   .417577  -.876913  -.238019
  97505.8  13086.0       .2     43.3       .2     28.9
       .2     86.6       .2     57.7  58834.1  60814.0
     -14.2      54.5       6.6      47.9
      -4.2      22.1       2.8      18.8
      -3.4      17.2       2.1      11.8
      -3.4      16.0       2.3      10.3
 10851   .382204  -.891810  -.242063
  95344.6  12934.7       .2     43.3       .2     28.9
       .2     86.6       .2     57.7  57606.8  59130.1
     -12.5      50.6       4.9      48.3
      -4.4      22.4       2.4      18.7
      -3.6      17.5       2.4      11.6
      -3.5      15.7       2.2       9.8
 10852   .345068  -.905804  -.245861
  94105.2  12821.8       .2     43.3       .2     28.9
       .2     86.6       .2     57.7  56743.3  58125.9
     -15.3      55.8       6.1      54.0
      -4.1      22.6       2.4      17.6
      -3.5      17.5       1.9      10.9
      -3.7      16.0       2.1       9.0
 10853   .306238  -.918714  -.249365
  93013.7  12621.0       .2     43.3       .2     28.9
       .2     86.6       .2     57.7  55352.9  56801.2
     -13.0      49.1       3.2      56.1
      -4.3      22.4       2.6      19.7
      -3.6      17.4       2.2      10.5
      -3.7      15.9       2.3       8.6
 10854   .265817  -.930361  -.252527
  92192.0  12468.2       .2     43.3       .2     28.9
       .2     86.6       .2     57.7  54592.9  56160.1
     -13.4      49.2       3.7      62.3
      -4.2      22.8       2.2      18.9
      -3.8      17.9       1.9       9.4
      -4.2      16.2       2.2       7.8
 10855   .223945  -.940570  -.255298
  90841.6  12305.1       .2     43.3       .2     28.9
       .2     86.6       .2     57.7  54176.4  55584.9
     -13.6      49.5       5.3      64.1
      -4.6      22.7       2.5      19.2
      -4.1      17.7       2.5       9.5
      -4.0      16.4       2.1       7.4
 10856   .180796  -.949177  -.257634
  90122.7  12248.6       .2     43.3       .2     28.9
       .2     86.6      -.4      3.9  53431.8  55474.2
     -13.1      48.0       7.6      66.2
      -4.7      23.0       2.0      18.9
      -4.1      17.7       1.7       7.7
      -4.2      16.4       1.7       6.1
 10857   .136577  -.956038  -.259496
  89439.2  12207.2       .2     43.3       .2     28.9
       .2     86.6      -.6     16.7  52936.2  55280.2
     -13.3      51.4       7.4      71.8
      -4.8      22.4       1.8      18.6
      -4.0      17.7       1.7       7.5
      -4.5      16.1       1.7       5.5
 10858   .091527  -.961030  -.260851
  88899.1  12040.5       .2     43.3      -.4      2.0
       .2     86.6      -.5     30.1  53258.4  54830.7
     -15.7      51.1       1.3      75.8
      -4.9      22.5       1.0      19.9
      -4.7      17.4       1.1       5.6
      -4.2      16.2       1.0       3.8
 10859   .068771  -.962796  -.261330
  89215.1  12006.3       .2     43.3      -.6      8.1
       .2     86.6      -.6     36.8  53092.6  54655.0
     -14.5      52.2       2.2      84.5
      -5.0      22.7        .6      25.1
      -4.6      17.5        .8       5.1
      -4.3      16.2        .7       3.0
 10860   .045908  -.964064  -.261674
  89066.1  12036.8       .2     43.3      -.9     14.6
       .2     86.6      -.9     43.1  53627.2  54980.5
     -15.5      52.4      -3.9      93.3
      -5.0      22.7        .3      31.0
      -4.6      17.9        .6       5.0
      -4.3      16.0        .4       3.0
 10861   .022972  -.964827  -.261882
  89012.8  11977.6       .2     43.3     -1.2     21.5
       .2     86.6     -1.2     49.6  52891.7  54636.2
     -16.8      49.3       2.8     101.2
      -5.0      22.5       -.6      39.6
      -4.4      17.6       -.2       7.3
      -4.7      16.2        .2       3.0
 10862   .000000  -.965081  -.261951
  88938.0  11981.0       .2     43.3       .3     25.8
       .2     86.6       .2     54.2  53217.4  54541.3
     -15.2      50.9      -2.9     103.1
      -5.1      22.6        .2      51.8
      -4.5      17.4       -.1      17.0
      -4.8      16.1       -.2       6.0
 10863  -.022972  -.964827  -.261882
  88818.1  11978.0       .2     43.3      1.0     21.1
       .2     86.6      1.0     49.6  53776.1  54829.8
     -12.6      47.9        .3      96.1
      -5.4      22.7       -.9      38.7
      -4.3      17.3       -.2       7.2
      -4.5      16.1       -.5       3.0
 10864  -.045908  -.964064  -.261674
  88983.2  11997.1       .2     43.3       .7     14.7
       .2     86.6       .7     43.3  53514.4  55132.1
     -13.5      48.2       3.9      88.4
      -4.8      22.5       -.7      29.0
      -4.5      17.5       -.7       5.8
      -4.7      16.1       -.7       3.0
 10865  -.068771  -.962796  -.261330
  89036.6  12008.5       .2     43.3       .6      8.0
       .2     86.6       .6     36.6  53154.7  54721.4
     -12.9      49.7        .9      89.4
      -4.9      22.9      -1.4      23.5
      -4.8      17.4      -1.1       4.4
      -4.9      16.2      -1.1       3.2
 10866  -.091527  -.961030  -.260851
  89264.6  12102.5       .2     43.3       .3      2.0
       .2     86.6       .2     29.9  52718.1  54111.1
     -16.7      52.5      -1.9      80.4
      -5.2      23.3      -1.8      20.9
      -4.8      17.7      -1.5       5.4
      -4.3      16.2      -1.4       4.0
 10867  -.136577  -.956038  -.259496
  89440.7  12201.0       .2     43.3       .2     28.9
       .2     86.6       .3     16.6  53663.7  55148.9
     -14.4      49.5      -7.6      71.7
      -5.1      22.8      -2.5      19.7
      -4.3      17.8      -2.1       7.5
      -4.1      16.1      -2.0       5.7
 10868  -.180796  -.949177  -.257634
  90165.3  12211.1       .2     43.3       .2     28.9
       .2     86.6       .5      4.0  53897.5  55606.4
     -13.7      48.7      -4.7      69.3
      -4.8      22.6      -2.4      17.7
      -4.0      17.5      -1.9       7.6
      -4.0      16.2      -2.1       6.2
 10869  -.223945  -.940570  -.255298
  91046.8  12286.5       .2     43.3       .2     28.9
       .2     86.6       .2     57.7  54555.2  55583.9
     -13.3      51.3      -4.2      66.4
      -5.0      23.1      -2.8      19.0
      -3.9      17.4      -2.7       9.1
      -4.3      16.1      -2.5       7.3
 10870  -.265817  -.930361  -.252527
  91962.3  12406.4       .2     43.3       .2     28.9
       .2     86.6       .2     57.7  54543.0  56409.8
     -15.5      49.0      -5.3      63.1
      -4.2      22.9      -2.4      18.4
      -3.8      17.4      -2.5       9.5
      -4.2      16.0      -2.5       7.7
 10871  -.306238  -.918714  -.249365
  93112.4  12719.4       .2     43.3       .2     28.9
       .2     86.6       .2     57.7  55890.6  57458.4
     -15.1      52.2      -7.4      61.5
      -4.2      22.4      -3.3      19.0
      -3.9      17.9      -2.6      10.7
      -4.2      16.3      -2.6       8.7
 10872  -.345068  -.905804  -.245861
  94152.9  12958.0       .2     43.3       .2     28.9
       .2     86.6       .2     57.7  55773.5  57757.4
     -15.4      53.8      -8.1      59.3
      -4.3      22.4      -3.3      18.8
      -3.7      17.4      -2.5      10.9
      -4.0      16.1      -2.7       9.3
 10873  -.382204  -.891810  -.242063
  95697.3  12996.1       .2     43.3       .2     28.9
       .2     86.6       .2     57.7  57959.2  59322.8
     -11.8      47.5      -9.7      51.1
      -4.1      23.3      -3.2      18.7
      -3.9      17.3      -2.8      11.7
      -3.7      15.9      -2.8       9.8
 10874  -.417577  -.876913  -.238019
  97127.9  13104.6       .2     43.3       .2     28.9
       .2     86.6       .2     57.7  58683.3  60676.9
     -12.0      49.7     -10.1      53.6
      -4.0      22.2      -3.3      19.2
      -3.2      17.1      -2.6      12.2
      -3.6      16.1      -2.7      10.5
 10875  -.451149  -.861285  -.233777
  98975.0  13125.6       .2     43.3       .2     28.9
       .2     86.6       .2     57.7  59049.8  61642.9
     -13.9      52.9      -7.7      45.6
      -4.0      22.8      -2.9      19.7
      -3.5      17.0      -2.8      12.5
      -3.3      15.8      -2.6      10.8
 10876  -.482910  -.845093  -.229382
 100809.1  13284.1       .2     43.3       .2     28.9
       .2     86.6       .2     57.7  61298.4  63188.0
     -13.5      49.5      -7.6      44.3
      -4.1      23.0      -3.6      20.4
      -3.3      17.2      -2.7      13.2
      -3.3      15.6      -2.7      11.5
 10877   .337328  -.927651  -.160231
 144460.0  12867.6       .2     43.3       .2     28.9
       .2     86.6       .2     57.7  90595.0  92793.2
     -11.3      48.5       8.1      47.6
      -5.1      23.7       3.0      20.3
      -4.0      17.9       2.3      11.2
      -3.5      16.7       2.1       9.4
 10878   .312066  -.936198  -.161707
 143190.8  12547.6       .2     43.3       .2     28.9
       .2     86.6       .2     57.7  89725.8  91992.6
      -9.3      46.0       6.7      50.8
      -4.9      23.4       3.0      21.5
      -3.8      17.8       2.3      11.1
      -4.2      16.6       2.5       9.2
 10879   .286124  -.944211  -.163091
 141995.9  12496.8       .2     43.3       .2     28.9
       .2     86.6       .2     57.7  89500.0  91550.9
     -13.1      49.1       4.5      58.8
      -4.6      22.8       2.5      19.6
      -3.9      17.8       2.0      10.3
      -4.1      16.7       2.1       8.5
 10880   .259539  -.951641  -.164374
 140881.0  12465.7       .2     43.3       .2     28.9
       .2     86.6       .2     57.7  89493.0  91598.3
     -13.5      48.5       9.9      62.9
      -4.7      23.8       2.7      21.9
      -4.0      18.2       2.3      10.3
      -4.2      16.5       2.3       8.2
 10881   .232349  -.958440  -.165549
 140355.5  12348.1       .2     43.3       .2     28.9
       .2     86.6       .2     57.7  88955.9  90652.7
     -14.9      51.3       6.2      64.6
      -5.1      23.4       2.4      21.6
      -4.0      17.9       1.9       9.2
      -4.2      16.6       2.0       7.5
 10882   .204604  -.964562  -.166606
 138960.8  12324.8       .2     43.3       .2     28.9
       .2     86.6       .2     57.7  86715.5  88636.6
     -15.1      51.0       3.8      70.9
      -5.6      23.2       2.9      21.0
      -4.2      17.8       2.2       9.4
      -4.3      17.3       2.2       7.5
 10883   .176357  -.969963  -.167539
 138729.8  12231.8       .2     43.3       .2     28.9
       .2     86.6       .2     57.7  87195.8  89218.4
     -14.1      52.4        .1      79.7
      -4.8      22.9       2.2      22.7
      -4.3      18.0       1.9       8.5
      -4.2      16.7       1.7       6.6
 10884   .147667  -.974605  -.168341
 138163.8  12131.4       .2     43.3       .2     28.9
       .2     86.6       .2     57.7  87137.5  88376.7
     -15.1      49.8       8.3      84.5
      -5.4      23.5       2.1      25.5
      -4.5      17.6       2.2       8.7
      -4.3      16.6       1.9       6.6
 10885   .118600  -.978453  -.169006
 137394.6  12031.6       .2     43.3       .2     28.9
       .2     86.6      -.4      2.6  85519.1  87676.2
     -14.9      51.7       5.0      90.9
      -5.2      23.3       1.6      24.6
      -4.5      18.0       1.7       7.1
      -4.1      16.7       1.4       5.1
 10886   .089225  -.981478  -.169528
 137235.9  11996.1       .2     43.3       .2     28.9
       .2     86.6      -.8     15.7  85530.4  87243.5
     -13.0      48.8       4.5      94.6
      -5.0      23.1       1.6      27.4
      -4.5      17.8       1.7       7.1
      -4.4      16.5       1.5       5.0
 10887   .059616  -.983656  -.169904
 136983.6  11956.8       .2     43.3      -.5      1.2
       .2     86.6      -.6     29.3  85189.0  87593.0
     -16.4      51.5       3.2      95.5
      -5.5      23.5       1.3      32.0
      -4.7      17.9       1.0       7.4
      -4.3      16.6       1.0       3.9
 10888   .044746  -.984421  -.170036
 136829.9  11964.5       .2     43.3     -1.0      7.5
       .2     86.6     -1.0     36.0  86019.2  87645.2
     -15.9      51.6       1.3     102.3
      -5.4      23.3        .1      35.2
      -4.7      18.0        .7       7.8
      -4.7      16.3        .8       3.5
 10889   .029848  -.984969  -.170131
 136627.1  11965.4       .2     43.3     -1.1     15.0
       .2     86.6     -1.0     42.6  85117.1  87113.3
     -17.3      51.5       3.2     114.9
      -5.6      23.4        .8      43.9
      -4.8      18.0        .5      10.0
      -4.8      16.7        .3       4.4
 10890   .014929  -.985299  -.170188
 136698.2  12012.7       .2     43.3     -1.4     20.7
       .2     86.6     -1.4     49.0  84733.0  87930.4
     -17.4      55.2      -4.3     116.2
      -5.4      23.4       -.8      54.2
      -4.5      17.9        .0      15.3
      -4.6      16.3       -.1       3.0
 10891   .000000  -.985408  -.170207
 136426.7  11953.7       .2     43.3      -.1     25.6
       .2     86.6      -.1     53.6  85736.9  87452.9
     -15.1      49.2      15.1     117.8
      -5.4      23.0       -.4      64.9
      -4.8      17.8        .4      23.9
      -4.8      16.6       -.2       8.5
 10892  -.014929  -.985299  -.170188
 136682.2  11984.6       .2     43.3      1.5     20.8
       .2     86.6      1.4     49.1  85648.0  87721.0
     -14.5      54.4       4.6     118.6
      -5.8      23.5       -.3      57.1
      -4.7      17.9       -.8      14.6
      -4.7      16.7       -.5       6.9
 10893  -.029848  -.984969  -.170131
 137073.8  11973.0       .2     43.3      1.0     14.2
       .2     86.6      1.1     42.5  85545.9  87751.6
     -14.6      49.7       6.1     106.2
      -5.6      23.1       -.8      43.3
      -4.9      17.9       -.6       9.4
      -4.8      16.6       -.8       3.4
 10894  -.044746  -.984421  -.170036
 136898.6  12047.9       .2     43.3       .8      7.5
       .2     86.6      1.1     35.9  85269.9  87944.7
     -15.6      50.5       2.4     105.8
      -5.7      22.9      -1.3      34.2
      -4.9      17.8      -1.1       7.5
      -4.5      16.3      -1.0       3.6
 10895  -.059616  -.983656  -.169904
 136790.3  12034.6       .2     43.3      -.7     26.5
       .2     86.6       .6     29.2  85170.9  86840.0
     -16.5      50.2        .4      96.2
      -5.5      23.3      -1.6      30.1
      -4.5      17.9      -1.4       7.1
      -4.7      16.9      -1.3       3.6
 10896  -.089225  -.981478  -.169528
 136955.0  11986.3       .2     43.3       .2     28.9
       .2     86.6       .9     15.7  86016.5  87821.0
     -12.2      47.7       1.1      86.0
      -5.8      23.6      -1.8      27.4
      -4.4      17.5      -2.0       8.0
      -4.5      16.5      -2.0       5.1
 10897  -.118600  -.978453  -.169006
 137469.3  12052.6       .2     43.3       .2     28.9
       .2     86.6       .4      2.6  86116.7  89117.6
     -14.4      50.9      -3.2      83.7
      -5.0      23.0      -1.9      23.9
      -4.3      17.9      -1.9       7.3
      -4.5      16.7      -1.9       5.2
 10898  -.147667  -.974605  -.168341
 137890.8  12166.8       .2     43.3       .2     28.9
       .2     86.6       .2     57.7  85870.5  88745.4
     -16.2      51.7      -5.6      77.4
      -5.2      23.4      -3.1      23.9
      -4.2      17.9      -2.5       8.7
      -4.2      16.6      -2.5       6.4
 10899  -.176357  -.969963  -.167539
 138484.7  12203.1       .2     43.3       .2     28.9
       .2     86.6       .2     57.7  85469.6  87886.4
     -14.2      53.9      -5.0      75.9
      -5.6      23.7      -2.9      23.6
      -4.3      17.6      -2.3       8.2
      -4.2      16.7      -2.3       6.9
 10900  -.204604  -.964562  -.166606
 138826.8  12487.5       .2     43.3       .2     28.9
       .2     86.6       .2     57.7  86513.1  88794.1
     -11.6      47.6      -8.9      72.7
      -5.2      24.0      -3.2      23.5
      -4.4      18.1      -2.8       9.8
      -4.4      16.3      -2.8       7.3
 10901  -.232349  -.958440  -.165549
 140321.5  12319.9       .2     43.3       .2     28.9
       .2     86.6       .2     57.7  88190.8  90595.3
     -10.4      44.5      -2.2      70.8
      -5.3      23.9      -3.1      22.3
      -4.2      17.9      -2.4       9.4
      -4.2      16.8      -2.4       7.6
 10902  -.259539  -.951641  -.164374
 140817.7  12426.5       .2     43.3       .2     28.9
       .2     86.6       .2     57.7  87348.6  89636.7
     -15.8      51.5      -5.9      60.4
      -4.3      22.8      -3.1      21.7
      -3.8      17.9      -2.7      10.1
      -4.6      16.7      -2.7       8.4
 10903  -.286124  -.944211  -.163091
 142047.7  12499.2       .2     43.3       .2     28.9
       .2     86.6       .2     57.7  90023.8  92188.8
     -10.5      51.9      -7.4      60.8
      -4.3      23.4      -2.8      20.4
      -3.6      17.9      -2.4      10.4
      -4.1      16.5      -2.6       8.6
 10904  -.312066  -.936198  -.161707
 143331.4  12658.9       .2     43.3       .2     28.9
       .2     86.6       .2     57.7  90096.8  92841.2
     -11.9      50.7      -8.4      55.6
      -4.7      23.4      -3.2      20.5
      -3.8      17.7      -2.7      11.1
      -3.9      16.9      -2.8       9.4
 10905  -.337328  -.927651  -.160231
 144611.6  12719.8       .2     43.3       .2     28.9
       .2     86.6       .2     57.7  91120.5  92893.9
     -14.2      46.6      -5.3      58.2
      -4.9      24.2      -3.5      20.2
      -3.6      17.6      -2.3      11.0
      -3.3      16.4      -2.4       9.5
