Dot1_150x100_prd2017lk:dj0047a@-250V,0T@90d,263K,rhe=1.10,rhh=0.7,0.4/0.4       
  1005   1   .00  60   5  29   0  250.00  263.00     .40 1.00000   800.0    1.43     .21  150.000  100.000  285.000   800.0     .71     .10    1.50    1.00     .85
 11701   .000000   .000000 -1.000000
  26272.0  21408.4       .7     41.1       .3     26.7
       .7     84.2       .2     55.3  12816.5  13230.8
       1.3      70.4      -1.7      65.9
       -.2       9.3       -.6      10.0
       -.6       5.0        .1       3.0
       -.7       5.0       -.1       3.0
 11702   .000000  -.130455  -.991454
  26370.1  21554.3      -.1     34.0       .1     26.7
      -.1     77.2       .1     55.4  12562.3  13178.1
      -4.4      61.9        .1      67.7
      -1.4       5.7        .2       9.2
      -1.3       5.0       -.3       3.0
      -1.2       5.0       -.1       3.0
 11703   .000000  -.254493  -.967075
  26923.2  22207.9      -.1     25.2       .0     26.7
      -.1     68.4       .0     55.4  13261.8  13687.5
      -3.8      50.1      -2.8      69.6
      -1.5       8.6        .1      10.4
      -1.3       5.5       -.1       3.0
      -1.2       5.0        .0       3.0
 11704   .000000  -.367167  -.930155
  27876.7  22127.6      -.3     16.2       .0     26.8
      -.5     58.9       .0     55.4  13850.6  14279.5
      -6.6      48.1       -.3      71.0
      -1.8      12.6        .2      13.9
      -1.7       8.3       -.1       3.0
      -1.6       6.8       -.2       3.0
 11705   .000000  -.465746  -.884918
  29318.4  21357.0      -.4      7.9      -.3     26.5
      -.3     50.0      -.3     55.3  14305.4  14886.6
      -6.8      47.2      -3.8      73.5
      -1.9      16.4       -.6      12.3
      -1.7      11.0       -.1       3.0
      -1.5       8.9       -.1       3.0
 11706   .000000  -.549617  -.835417
  30993.5  20168.6     -1.1      4.6      -.1     26.6
      -.3     40.5       .0     55.3  15427.3  16087.9
      -8.1      52.1       1.8      72.6
      -2.7      21.6        .1      14.5
      -1.8      14.3        .0       3.0
      -1.8      11.4        .0       3.0
 11707   .000000  -.619644  -.784883
  32890.4  18396.3       .7     43.3       .0     26.5
      -.2     30.8       .0     55.2  16789.6  17446.9
      -8.2      58.5       1.3      71.0
      -2.3      26.7        .4      14.0
      -2.3      17.9        .0       3.5
      -2.2      14.3        .0       3.0
 11708   .000000  -.677476  -.735545
  35078.6  16958.6       .7     43.3       .0     26.4
      -.3     21.2       .0     55.2  18093.5  18444.9
     -10.9      58.6        .5      76.5
      -2.6      27.7       -.6      15.7
      -2.7      18.5       -.1       3.5
      -2.4      14.9        .0       3.0
 11709   .000000  -.724999  -.688749
  37414.2  16063.1       .7     43.3       .1     26.6
       .1     12.2       .1     55.2  19288.1  19723.8
      -9.0      54.4       3.8      76.0
      -2.3      25.3       -.4      19.5
      -2.2      17.0        .0       4.5
      -2.2      14.3        .0       3.0
 11710   .000000  -.764030  -.645181
  39787.2  15243.5       .7     43.3      -.1     26.3
      -.6      7.3      -.1     55.0  21110.6  21799.2
      -9.6      50.4        .2      79.3
      -1.7      21.4       -.5      20.7
      -1.8      16.6        .0       4.6
      -2.0      15.2       -.3       3.0
 11711   .000000  -.796162  -.605083
  42362.2  14733.0       .7     43.3      -.3     26.2
       .7     86.6      -.3     55.0  22462.8  23126.4
      -7.8      50.7      -2.4      78.7
      -2.0      22.6        .4      19.9
      -1.9      17.3       -.2       3.2
      -2.1      16.1       -.1       3.0
 11712   .000000  -.822730  -.568432
  45029.7  14340.6       .7     43.3      -.1     26.5
       .7     86.6      -.1     55.1  23892.3  25130.6
     -12.6      52.4       1.4      81.9
      -2.2      21.9        .3      23.3
      -1.7      16.5       -.2       5.6
      -2.1      14.8       -.1       3.0
 11713   .000000  -.844819  -.535052
  47685.7  13897.8       .7     43.3      -.1     26.4
       .7     86.6      -.1     55.0  26132.1  26700.0
      -9.8      49.0       2.6      84.0
      -1.9      20.9      -1.1      26.8
      -1.6      15.2       -.4       6.1
      -1.6      13.4       -.1       3.0
 11714   .000000  -.863297  -.504697
  50737.6  13737.3       .7     43.3       .2     26.4
       .7     86.6       .2     54.9  27912.5  28818.6
     -10.4      53.7      -1.1      84.9
      -2.1      22.0        .6      27.9
      -1.6      17.1       -.3       5.4
      -1.8      15.4       -.2       3.0
 11715   .000000  -.878853  -.477092
  53587.7  13517.5       .7     43.3      -.1     26.3
       .7     86.6      -.1     54.8  29528.6  30605.6
     -10.5      49.8       1.0      86.7
      -2.1      23.3        .4      32.4
      -2.0      18.3       -.1       6.3
      -2.0      17.2       -.1       3.0
 11716   .000000  -.892036  -.451965
  56567.7  13412.3       .7     43.3       .3     26.1
       .7     86.6       .3     54.7  31439.0  32212.3
     -12.4      53.9      -2.0      92.6
      -1.7      22.4        .5      34.2
      -1.8      17.4       -.2       5.2
      -2.0      15.8       -.3       3.0
 11717   .000000  -.903278  -.429057
  59517.5  13304.3       .7     43.3       .1     26.2
       .7     86.6       .1     54.7  33590.0  34738.7
     -13.8      54.1      -4.7      88.1
      -2.1      21.3        .2      33.1
      -1.9      16.1        .0       5.9
      -2.0      14.4        .0       3.0
 11718   .000000  -.912924  -.408131
  62686.2  13087.2       .7     43.3       .1     26.5
       .7     86.6       .1     54.8  35421.7  36359.1
     -12.5      54.4      -3.2      94.4
      -2.2      22.3       -.4      38.9
      -1.9      17.7       -.5       7.3
      -2.1      16.3       -.1       3.0
 11719   .000000  -.921250  -.388972
  65599.9  13096.3       .7     43.3       .0     26.1
       .7     86.6       .1     54.6  37511.2  38580.1
     -11.3      51.3      -1.1      96.1
      -1.9      23.3       -.2      36.8
      -1.6      18.9        .5       9.1
      -1.9      17.9       -.1       3.0
 11720   .000000  -.928477  -.371391
  68457.0  13053.8       .7     43.3       .2     26.1
       .7     86.6       .1     54.6  39368.0  40779.8
     -13.0      53.5       -.1      95.8
      -2.0      22.6        .7      39.6
      -1.7      17.8       -.1       6.9
      -1.9      16.2       -.2       3.4
 11721   .000000  -.934784  -.355218
  71722.0  12866.7       .7     43.3       .0     26.1
       .7     86.6       .0     54.6  41621.3  42446.9
     -12.1      48.3       4.2      91.6
      -2.2      21.2      -1.0      39.7
      -1.8      16.6       -.8      12.1
      -2.2      14.8        .0       3.4
 11722   .000000  -.940315  -.340305
  74716.7  12821.8       .7     43.3       .1     26.1
       .7     86.6       .0     54.5  43334.9  44963.7
     -13.1      53.3      -1.8      97.6
      -2.2      22.7        .4      42.8
      -1.6      18.1        .2      12.1
      -1.6      16.5       -.2       3.0
 11723   .000000  -.945190  -.326520
  78065.6  12831.3       .7     43.3       .0     25.9
       .7     86.6       .0     54.4  45448.4  46760.8
     -13.9      56.8      -2.6      99.1
      -2.0      23.8        .9      44.7
      -2.1      19.3       -.7      10.3
      -1.8      18.1        .0       4.8
 11724   .000000  -.949506  -.313750
  81297.0  12867.3       .7     43.3      -.1     25.8
       .7     86.6      -.1     54.3  47535.3  48783.8
     -13.2      51.7      -3.2     101.4
      -2.2      23.1      -1.0      46.6
      -1.3      17.9       -.6       9.8
      -1.7      16.7        .0       3.5
 11725   .000000  -.953342  -.301892
  84390.3  12743.7       .7     43.3       .1     25.9
       .7     86.6       .1     54.3  50164.5  51468.8
     -12.2      50.6      -4.6     100.9
      -1.9      21.5        .0      43.8
      -1.8      16.9       -.5      10.1
      -1.8      14.9        .3       4.8
 11726   .000000  -.956767  -.290857
  87570.4  12687.1       .7     43.3      -.3     26.0
       .7     86.6      -.2     54.3  50470.6  53008.8
     -11.5      49.3        .4     104.0
      -1.9      22.5        .4      50.0
      -1.7      18.2       -.5      13.6
      -1.9      16.8        .1       5.6
 11727   .000000  -.959834  -.280567
  90644.2  12741.5       .7     43.3       .0     25.9
       .7     86.6       .0     54.2  53949.7  55335.9
     -11.7      53.7       1.4     103.3
      -2.6      23.7        .0      47.8
      -1.8      19.8        .3      12.6
      -2.0      18.5       -.1       6.0
 11728   .000000  -.962593  -.270952
  93922.9  12748.0       .7     43.3       .2     25.9
       .7     86.6       .2     54.2  56683.9  57989.8
     -12.2      48.2      -6.1     103.5
      -2.2      23.0      -1.4      52.1
      -1.9      18.1        .1      12.2
      -1.9      16.8       -.2       3.6
 11729   .000000  -.965081  -.261951
  97400.3  12720.3       .7     43.3       .1     26.2
       .7     86.6       .0     54.1  58381.9  59681.6
     -14.7      55.4      -1.5     107.7
      -2.4      21.9      -1.1      50.8
      -1.9      16.8       -.3      15.3
      -1.9      15.1       -.2       4.9
 11730   .000000  -.967333  -.253508
 100506.0  12741.0       .7     43.3       .1     25.7
       .7     86.6       .1     54.2  60199.3  61466.1
     -11.3      52.9       4.4     105.5
      -2.2      22.8       -.8      51.7
      -2.0      18.2       -.3      17.3
      -1.9      16.9       -.1       4.1
 11731   .000000  -.969377  -.245576
 103726.6  12674.4       .7     43.3       .0     25.9
       .7     86.6      -.1     54.2  62490.8  63976.8
     -14.3      52.3      -1.3     103.0
      -2.2      24.2      -2.0      54.5
      -1.8      19.5       -.4      15.2
      -1.9      18.5        .0       6.6
 11732   .000000  -.971238  -.238110
 106812.7  12739.8       .7     43.3       .0     25.7
       .7     86.6       .0     54.1  64090.8  66101.3
     -14.6      51.6       2.0     111.2
      -2.1      23.0       -.3      53.7
      -1.6      18.3       -.5      15.1
      -2.0      17.1        .2       5.1
 11733   .000000  -.972937  -.231072
 110189.8  12847.0       .7     43.3       .1     25.7
       .7     86.6       .0     54.0  66552.1  68644.8
     -13.4      53.8      -6.3     108.4
      -2.5      22.4       -.6      55.9
      -1.6      16.8       -.1      17.7
      -1.9      15.6       -.3       6.4
 11734   .000000  -.974491  -.224428
 113171.9  12767.8       .7     43.3      -.3     25.8
       .7     86.6      -.2     54.0  68288.4  70208.7
     -12.5      52.4       2.5     109.6
      -2.0      23.0        .8      57.0
      -1.7      18.2        .6      19.5
      -2.0      17.1       -.3       5.2
 11735   .000000  -.975916  -.218146
 116422.6  12651.7       .7     43.3       .1     25.7
       .7     86.6       .1     53.8  70203.8  72641.1
     -13.5      53.2       5.5     119.5
      -2.7      24.6        .1      57.5
      -1.5      20.1        .3      17.7
      -2.0      18.6       -.3       6.0
 11736   .000000  -.977227  -.212198
 119859.0  12603.5       .7     43.3      -.1     25.9
       .7     86.6      -.1     53.9  72876.1  75411.2
      -9.5      48.0        .3     119.9
      -2.9      23.3      -2.3      58.0
      -1.7      18.6        .2      19.4
      -1.8      17.2        .0       7.3
 11737   .000000  -.978434  -.206558
 123226.3  12699.8       .7     43.3       .0     25.5
       .7     86.6      -.1     53.8  75585.7  77630.6
     -12.9      49.2        .9     113.4
      -2.3      22.7      -2.6      61.1
      -1.8      17.0        .8      21.8
      -2.0      15.5        .1       7.8
 11738   .000000  -.979549  -.201205
 126277.0  12767.5       .7     43.3       .0     25.5
       .7     86.6       .0     53.8  77535.8  79374.2
     -12.9      52.2       6.0     112.2
      -2.3      23.2        .4      62.2
      -1.7      18.4       -.2      22.9
      -1.9      17.1       -.3       7.0
 11739   .000000  -.980581  -.196116
 129740.6  12674.8       .7     43.3      -.1     25.6
       .7     86.6      -.1     53.8  80798.6  82463.2
     -12.6      51.6      -4.7     115.5
      -2.4      24.0       1.0      62.0
      -1.9      20.0        .3      18.7
      -1.8      18.8        .0      12.1
 11740   .000000  -.981537  -.191274
 132853.3  12614.1       .7     43.3      -.2     25.7
       .7     86.6      -.2     53.7  81610.3  84081.5
     -13.4      52.7      -7.2     119.4
      -2.7      23.4        .1      62.7
      -1.8      18.6       -.5      22.7
      -1.9      17.5       -.4      10.1
 11741   .000000  -.982424  -.186661
 136254.7  12751.9       .7     43.3      -.1     25.5
       .7     86.6      -.1     53.7  84328.2  86591.8
     -15.6      55.5       2.1     121.0
      -2.9      22.7        .8      62.3
      -1.9      17.3       -.6      22.4
      -1.8      15.8       -.1       9.5
 11742   .000000  -.983250  -.182261
 139662.4  12647.4       .7     43.3      -.1     25.5
       .7     86.6      -.2     53.7  86545.1  88804.2
     -11.6      50.3       5.4     120.0
      -2.9      23.6      -1.7      62.4
      -1.8      18.0        .1      22.9
      -1.8      17.2        .4       9.0
 11743   .000000  -.984020  -.178061
 142843.8  12633.3       .7     43.3       .3     25.5
       .7     86.6       .2     53.6  89326.7  91061.0
      -9.8      47.9      -3.5     114.8
      -3.0      25.1       -.3      65.8
      -1.7      19.5        .0      24.0
      -2.1      18.7        .4       8.9
 11744   .000000  -.984737  -.174047
 146163.1  12648.1       .7     43.3      -.2     25.5
       .7     86.6      -.2     53.6  91741.6  94461.8
     -11.8      51.5      -4.7     126.3
      -2.7      23.8       -.8      65.6
      -1.6      18.4       -.3      23.7
      -1.9      17.1        .2      14.7
 11745   .000000  -.985408  -.170207
 149360.0  12714.7       .7     43.3       .1     25.6
       .7     86.6       .2     53.6  92955.3  95857.4
      -7.7      47.8      -1.6     121.7
      -2.6      22.9        .7      65.5
      -1.7      17.1        .3      25.1
      -1.8      15.8        .1      12.7
 11746   .000000  -.986036  -.166531
 152709.1  12844.3       .7     43.3      -.2     25.4
       .7     86.6      -.2     53.5  95163.6  97944.2
     -12.8      53.4      -2.2     127.4
      -2.4      23.6       -.3      65.7
      -2.0      18.4        .0      23.8
      -1.9      17.5       -.4      11.5
 11747   .000000  -.986625  -.163008
 156196.6  12701.5       .7     43.3       .3     25.4
       .7     86.6       .2     53.4  99060.2 101263.4
     -14.5      54.5       4.1     121.5
      -2.6      24.2      -1.0      68.4
      -1.8      19.7        .6      24.1
      -2.0      19.0       -.5       8.5
 11748   .000000  -.987696  -.156385
 162855.2  12795.6       .7     43.3      -.1     25.4
       .7     86.6      -.1     53.4 101869.3 105468.5
     -13.1      48.9      -1.7     125.4
      -3.1      23.6       -.4      68.1
      -1.9      17.1        .0      28.6
      -1.8      15.8        .3      14.4
 11749   .000000  -.988644  -.150274
 169396.6  12758.1       .7     43.3      -.4     25.6
       .7     86.6      -.5     53.4 106950.4 109459.7
     -13.6      48.3       6.3     123.1
      -3.0      25.0      -1.7      69.2
      -1.9      19.7       -.2      25.7
      -1.7      19.0       -.1      14.1
 11750   .000000  -.989488  -.144617
 176017.4  12734.1       .7     43.3      -.2     25.4
       .7     86.6      -.2     53.3 111766.6 114452.3
     -10.6      51.5       -.3     120.6
      -3.1      23.5      -1.2      71.3
      -1.8      17.1        .0      29.5
      -1.9      16.0        .6      17.8
 11751   .000000  -.990241  -.139367
 182348.0  12715.1       .7     43.3       .0     25.3
       .7     86.6       .0     53.2 114823.9 118925.1
     -11.2      52.2       7.9     123.8
      -2.6      25.2       -.9      72.4
      -2.0      20.0       -.4      29.4
      -1.9      18.9       -.1      15.1
 11752   .000000  -.990916  -.134481
 189008.2  12746.0       .7     43.3       .2     25.2
       .7     86.6       .2     53.1 120382.3 123718.8
      -9.4      50.5      -1.0     128.9
      -2.7      22.6       -.1      72.3
      -1.8      17.3        .0      29.3
      -1.8      16.0       -.2      13.5
 11753   .000000  -.991524  -.129924
 195758.7  12793.6       .7     43.3      -.1     25.2
       .7     86.6      -.1     53.0 124124.2 127582.8
     -15.3      51.8       1.8     131.8
      -3.0      26.1       -.1      74.6
      -1.8      19.9        .5      31.6
      -1.8      19.1       -.1      13.3
 11754   .000000  -.992073  -.125663
 202492.2  12713.2       .7     43.3       .1     25.1
       .7     86.6       .1     53.0 129812.1 132723.8
     -14.7      52.9     -10.9     130.0
      -3.0      23.9       1.2      74.7
      -1.5      17.1        .9      35.2
      -1.9      16.0       -.5      17.7
 11755   .000000  -.992571  -.121670
 209261.8  12939.5       .7     43.3       .3     25.0
       .7     86.6       .4     52.8 134564.2 138438.8
     -11.5      45.4       -.3     130.4
      -3.2      25.0       1.6      74.1
      -1.9      19.9        .6      34.6
      -1.9      18.8       -.7      19.8
 11756   .000000  -.993023  -.117921
 215592.5  12901.7       .7     43.3       .3     24.9
       .7     86.6       .3     52.8 140555.7 142455.1
     -10.4      47.4      -3.6     132.7
      -2.8      22.9       1.5      72.9
      -1.7      17.2       -.6      38.7
      -2.1      15.5        .1      14.2
 11757   .000000  -.993435  -.114396
 222534.4  12807.7       .7     43.3       .0     25.4
       .7     86.6      -.1     52.7 143111.6 148391.5
      -8.5      41.4      -5.5     135.3
      -3.0      25.0        .6      78.3
      -2.0      19.9        .5      39.4
      -1.7      18.8        .1      17.6
 11758   .000000  -.993812  -.111073
 228775.5  12814.0       .7     43.3       .1     24.9
       .7     86.6       .2     52.7 149170.7 152195.2
      -8.9      42.6       4.2     135.4
      -2.8      22.9        .6      77.7
      -2.2      17.3       1.7      33.0
      -2.0      15.8        .7      19.3
 11759   .000000  -.994158  -.107937
 235597.2  12912.2       .7     43.3      -.2     24.8
       .7     86.6      -.2     52.6 149538.6 155549.6
     -11.4      45.1     -12.8     131.2
      -2.8      24.8       -.1      78.3
      -1.9      19.7       -.3      40.2
      -2.0      19.4       -.7      19.2
 11760   .000000  -.994475  -.104972
 242281.8  12935.2       .7     43.3       .0     25.0
       .7     86.6      -.1     52.5 160223.8 162448.1
      -5.8      35.9      -5.1     128.1
      -3.1      22.2       1.2      80.4
      -2.0      17.1       -.5      39.5
      -2.1      16.0        .9      20.0
 11761   .903278   .000000  -.429057
  58878.1   8837.9      -.1     40.8       .1     28.9
      -.1     83.7       .1     57.7  33323.7  34309.2
      -4.6      82.1       6.6      39.6
        .7      27.4       1.0      22.0
      -1.1       7.8        .7      17.1
       -.7       5.0        .8      15.0
 11762   .887877   .000000  -.460082
  54831.8   8966.8      -.2     41.1       .1     28.9
      -.2     83.9       .1     57.7  30919.9  31866.4
        .6      82.7       8.0      40.7
       -.1      30.8        .7      20.4
      -1.3       8.9        .7      15.3
       -.6       5.0        .9      13.6
 11763   .868777   .000000  -.495203
  50863.1   9125.7      -.2     40.9       .1     28.9
      -.1     83.8       .1     57.7  28476.3  29279.1
      -2.4      79.0       5.2      39.3
        .8      27.9       1.1      22.6
       -.9       6.2        .7      16.4
       -.8       5.0       1.1      14.5
 11764   .844819   .000000  -.535052
  47283.9   9363.7       .2     40.8       .1     28.9
       .2     83.8       .1     57.7  26223.4  26740.6
        .1      82.2       5.6      39.9
        .2      22.8        .8      20.3
       -.6       5.0        .9      14.9
       -.7       5.0        .9      13.1
 11765   .814421   .000000  -.580275
  43534.9   9661.6      -.2     40.9       .1     28.9
      -.2     83.9       .1     57.7  23264.4  24043.9
        .3      76.8       7.0      40.3
      -1.9      27.0       1.6      21.8
       -.8       5.0       1.1      15.6
       -.6       5.0       1.0      13.9
 11766   .775436   .000000  -.631426
  39919.4  10110.6       .3     41.1       .1     28.9
       .3     84.1       .1     57.7  21312.1  22158.4
       1.0      78.3       5.5      39.6
       -.4      20.4       1.1      19.9
       -.7       5.0        .8      13.9
       -.7       5.0       1.0      12.1
 11767   .724999   .000000  -.688749
  36527.9  10712.3       .1     41.0       .1     28.9
       .1     84.1       .1     57.7  19085.5  19630.3
      -1.8      74.1       6.4      40.5
        .3      18.0        .8      20.4
       -.8       5.0       1.0      14.1
       -.9       5.0       1.0      12.5
 11768   .659438   .000000  -.751759
  33786.0  11799.9       .4     41.0       .1     28.9
       .4     84.1     -1.5      6.1  17488.6  18231.1
        .2      73.4       5.1      41.1
      -1.4      17.8        .9      18.9
       -.9       5.0        .9      13.0
       -.7       5.0        .9      10.7
 11769   .574426   .000000  -.818557
  31246.7  13401.5       .0     41.3       .1     28.9
       .0     84.3      -.1      9.6  15732.7  16228.3
        .5      77.5       5.0      41.4
       -.9      12.6       1.0      18.1
       -.6       5.0       1.1      12.5
       -.6       5.0       1.1      10.6
 11770   .465746   .000000  -.884918
  29104.1  16469.9      -.4     41.1       .1     28.9
      -.4     84.2       .0     21.2  14352.4  14784.9
        .4      72.8       5.4      42.5
       -.5      11.8       1.1      16.5
      -1.2       6.5       1.1      10.9
       -.6       5.0        .9       8.9
 11771   .331088   .000000  -.943600
  27382.9  19949.0       .1     41.1       .2      5.5
       .0     84.2       .2     33.4  13218.7  13633.1
      -1.9      71.3       3.8      40.5
      -1.4      10.2        .7      10.7
       -.8       5.0        .5       7.2
       -.8       5.0        .7       5.9
 11772   .254493   .000000  -.967075
  26744.8  21244.9      -.1     41.1       .2     10.9
      -.1     84.2       .2     39.7  13290.4  13684.0
      -2.7      66.7       4.0      42.3
       -.8       8.2        .4       8.2
       -.8       5.0        .5       5.5
       -.8       5.0        .6       4.5
 11773   .172799   .000000  -.984957
  26572.9  21784.4      -.2     41.2       .0     16.6
      -.3     84.2       .0     45.3  12746.5  13186.6
      -2.6      74.0       4.8      49.8
       -.6      12.5        .5       6.2
       -.5       5.0        .2       3.5
       -.6       5.0        .4       3.0
 11774   .087384   .000000  -.996175
  26315.0  21509.1      -.1     41.2      -.3     22.3
      -.1     84.2      -.3     51.2  12741.1  13216.8
       2.7      65.1        .7      57.4
       -.5      10.7        .4       6.7
       -.9       5.0        .2       3.0
       -.8       5.0        .2       3.0
 11775   .000000   .000000 -1.000000
  26345.6  21437.2      -.1     41.0       .2     26.6
      -.1     84.2       .2     55.3  12685.4  13163.9
       -.5      70.8      -2.1      65.9
       -.4       9.9       -.3       9.4
       -.6       5.0       -.1       3.0
       -.6       5.0        .0       3.0
 11776  -.087384   .000000  -.996175
  26272.2  21538.9      -.3     40.9       .4     22.4
      -.3     84.2       .4     51.2  12894.0  13233.2
      -3.3      73.2      -1.6      57.5
      -1.2      11.0       -.7       6.8
       -.8       5.0       -.4       3.0
       -.8       5.0       -.5       3.0
 11777  -.172799   .000000  -.984957
  26606.8  21855.2       .2     41.1      -.1     16.6
       .2     84.2      -.1     45.5  13009.2  13447.2
       -.4      71.9      -2.7      52.1
       -.3      10.9       -.9       6.7
       -.6       5.0       -.6       3.6
       -.7       5.0       -.6       3.0
 11778  -.254493   .000000  -.967075
  26992.3  21335.6       .0     41.2      -.3     10.9
       .0     84.2      -.2     39.5  12927.8  13536.5
        .8      70.9      -4.2      43.6
        .6      11.6       -.8       8.6
       -.6       5.0       -.9       5.3
       -.6       5.0       -.7       4.5
 11779  -.331088   .000000  -.943600
  27431.7  19952.4       .1     41.1      -.1      5.6
       .1     84.2       .0     33.3  13234.8  13989.9
      -2.3      71.9      -3.2      40.3
       -.4      10.0       -.9      10.8
       -.8       5.0      -1.0       7.3
       -.8       5.0       -.8       5.9
 11780  -.465746   .000000  -.884918
  29065.1  16335.1       .0     41.1       .1     28.9
       .0     84.2      -.2     21.2  14206.2  14780.8
       1.3      72.4      -3.9      40.5
      -1.5      11.9      -1.1      16.7
       -.9       5.0      -1.2      10.8
       -.8       5.0      -1.0       8.8
 11781  -.574426   .000000  -.818557
  31127.0  13371.3       .1     41.6       .1     28.9
       .0     84.1       .0      9.7  15649.0  16255.7
      -5.0      77.1      -6.2      42.9
       -.2      12.1      -1.4      18.1
      -1.0       5.0      -1.2      12.3
       -.7       5.0      -1.2      10.6
 11782  -.659438   .000000  -.751759
  33676.4  11723.0       .0     40.9       .1     28.9
       .0     84.1      -.9      7.8  17140.6  17941.2
       1.9      72.2      -5.9      42.7
       -.2      18.4      -1.4      19.0
       -.6       5.0      -1.0      13.0
       -.6       5.0      -1.1      10.8
 11783  -.724999   .000000  -.688749
  36721.2  10725.4       .3     40.8       .1     28.9
       .3     84.0       .1     57.7  19452.2  19964.7
        .3      71.0      -6.5      43.4
       -.4      21.5      -1.5      20.7
       -.6       5.0       -.9      14.3
       -.7       5.0      -1.1      12.3
 11784  -.775436   .000000  -.631426
  39947.2  10103.7      -.1     41.2       .1     28.9
      -.1     84.0       .1     57.7  21280.5  21920.0
      -2.4      76.6      -7.1      40.7
       -.8      19.7      -1.0      19.3
       -.6       5.0      -1.1      14.1
       -.7       5.0      -1.3      12.3
 11785  -.814421   .000000  -.580275
  43620.6   9641.4       .4     41.0       .1     28.9
       .3     83.9       .1     57.7  23330.3  24242.2
      -5.9      77.6      -8.4      43.9
       -.7      22.3      -1.4      21.5
       -.8       5.0      -1.3      16.0
       -.9       5.0      -1.2      13.4
 11786  -.844819   .000000  -.535052
  47120.9   9312.3      -.2     40.8       .1     28.9
      -.2     83.9       .1     57.7  26043.9  26674.9
        .5      76.4      -8.0      38.8
       -.9      26.1      -1.5      20.4
       -.3       5.2       -.9      15.1
       -.8       5.0      -1.1      12.9
 11787  -.868777   .000000  -.495203
  50901.6   9147.1      -.2     40.7       .1     28.9
      -.1     83.8       .1     57.7  28649.9  29360.2
       6.0      82.4      -7.7      40.9
        .8      25.8      -1.3      22.1
      -1.0       5.3       -.7      16.2
       -.7       5.0      -1.2      14.5
 11788  -.887877   .000000  -.460082
  54918.0   8940.5      -.1     40.8       .1     28.9
      -.1     83.9       .1     57.7  30764.3  31565.1
      -1.1      87.8      -8.1      40.6
       -.7      28.2      -1.1      20.7
       -.9       6.2       -.8      15.6
       -.6       5.0      -1.3      13.6
 11789  -.903278   .000000  -.429057
  58777.3   8894.9      -.1     40.6       .1     28.9
      -.1     83.6       .1     57.7  33197.3  34101.1
       7.2      83.6      -7.1      39.5
      -1.5      29.3      -1.3      22.6
      -1.1       7.6      -1.1      16.9
       -.7       5.0      -1.2      15.0
 11790   .840060  -.367526  -.399028
  62994.7   9512.2       .7     43.3       .1     28.9
       .4     16.9       .1     57.7  35578.4  36630.1
      -7.2      62.6       8.2      39.9
      -1.9      24.7       1.0      22.3
      -1.5      15.7        .5      16.5
      -1.6      13.2        .7      15.0
 11791   .817505  -.390173  -.423616
  59456.6   9718.8       .7     43.3       .1     28.9
       .3     17.3       .1     57.7  33296.0  34447.7
      -7.3      61.3       7.3      38.7
      -1.6      24.8        .7      20.1
      -1.4      16.1        .8      15.3
      -1.4      13.4        .5      13.4
 11792   .790440  -.414981  -.450551
  55824.0  10089.4       .7     43.3       .1     28.9
       .0     17.6       .1     57.7  31301.5  32309.4
      -8.2      58.8       7.2      40.8
      -1.3      24.9        .5      21.3
      -1.6      15.8        .7      15.6
      -1.6      13.6        .9      14.2
 11793   .757796  -.442047  -.479937
  52647.6  10528.8       .7     43.3       .1     28.9
       .0     18.0       .1     57.7  29282.0  30028.9
      -6.8      59.1       7.7      43.2
      -1.7      25.5        .4      19.6
      -1.5      16.6        .3      14.5
      -1.8      13.7        .8      12.5
 11794   .718269  -.471364  -.511767
  49323.5  11006.7       .7     43.3       .1     28.9
      -.1     18.5       .1     57.7  26996.2  27911.8
     -11.2      59.3       6.7      38.8
      -2.6      26.0       1.3      20.9
      -1.8      16.6       1.0      14.5
      -1.6      13.8        .5      13.1
 11795   .670317  -.502738  -.545830
  46304.4  11763.2       .7     43.3       .1     28.9
       .3     18.9       .1     57.7  25405.1  26165.7
      -8.7      58.8       6.7      43.4
      -2.1      26.2       1.2      18.9
      -1.4      17.0        .5      13.6
      -1.7      14.2        .7      11.7
 11796   .612205  -.535679  -.581595
  43479.9  12766.0       .7     43.3       .1     28.9
       .2     19.3       .1     57.7  23582.1  24166.6
      -7.6      58.4       5.2      41.6
      -2.3      26.5       1.0      19.2
      -2.0      17.2        .7      13.3
      -1.5      14.3        .5      11.6
 11797   .542159  -.569267  -.618061
  41187.7  14255.1       .7     43.3       .1     28.9
       .0     19.9       .1     57.7  21691.0  22213.4
      -8.6      58.8       6.2      44.4
      -2.0      26.8       1.0      18.2
      -1.9      17.7        .7      12.3
      -1.9      14.4        .9      10.3
 11798   .458673  -.602008  -.653609
  39034.5  16224.6       .7     43.3       .1     28.9
       .1     20.6      -.2      8.1  20676.8  21340.5
      -7.2      59.2       5.2      44.5
      -1.5      27.1        .6      16.8
      -2.0      17.7        .7      11.1
      -1.8      14.8        .6       9.5
 11799   .361020  -.631785  -.685938
  37252.9  17678.3       .7     43.3       .1     28.9
      -.1     20.8       .0     19.8  19224.2  19938.0
     -10.7      59.2       3.7      44.4
      -2.5      27.5        .5      15.9
      -2.1      17.9        .6      10.0
      -2.1      14.8        .8       8.1
 11800   .249898  -.655981  -.712208
  35851.9  17487.0       .7     43.3      -.1      4.4
       .1     21.0      -.1     32.3  18826.4  19289.3
      -8.4      57.6       1.7      43.9
      -2.9      27.6        .7      11.1
      -2.4      18.3        .6       6.8
      -1.8      14.8        .4       5.5
 11801   .190037  -.665130  -.722141
  35486.2  17359.7       .7     43.3      -.1     10.0
       .2     21.4       .0     38.7  18190.7  18969.8
      -9.9      58.7       3.0      52.3
      -2.5      27.2        .5       9.1
      -2.2      18.0        .4       5.1
      -2.4      14.9        .4       4.1
 11802   .127982  -.671905  -.729496
  35257.1  17137.8       .7     43.3      -.4     16.2
       .0     21.3      -.3     44.8  18018.2  18814.7
      -8.1      57.8       2.5      52.7
      -3.1      27.3        .4       7.8
      -1.9      18.1        .2       3.3
      -2.0      15.0        .3       3.0
 11803   .064388  -.676070  -.734019
  35159.7  17052.6       .7     43.3      -.6     22.1
      -.3     21.0      -.6     50.8  17954.4  18712.3
      -8.9      56.7        .8      66.8
      -2.7      27.6       -.1      10.4
      -2.5      18.4        .2       3.0
      -2.3      14.9        .2       3.0
 11804   .000000  -.677476  -.735545
  34825.4  16935.9       .7     43.3       .2     26.7
      -.4     21.1       .2     55.2  17989.3  18664.7
      -9.6      56.2       3.4      78.7
      -2.3      27.5        .0      17.0
      -2.4      18.0       -.2       3.0
      -2.5      15.0        .0       3.0
 11805  -.064388  -.676070  -.734019
  35101.8  17001.7       .7     43.3       .7     22.1
      -.2     21.1       .7     50.8  17547.0  18524.9
     -10.2      57.4        .9      69.6
      -2.3      27.6       -.5      10.9
      -2.5      18.3       -.3       3.0
      -2.4      15.1       -.4       3.0
 11806  -.127982  -.671905  -.729496
  35116.4  17145.6       .7     43.3       .2     16.1
       .1     21.2       .2     44.7  18030.9  18725.5
      -7.9      55.7      -1.9      55.1
      -2.2      27.1       -.5       7.5
      -2.3      18.1       -.4       3.2
      -2.4      15.0       -.5       3.0
 11807  -.190037  -.665130  -.722141
  35660.9  17382.9       .7     43.3       .3     10.0
       .3     21.2       .1     38.7  18392.5  18921.6
     -10.8      58.7      -2.8      54.1
      -2.8      27.7       -.7       9.2
      -2.4      18.4       -.7       5.1
      -2.1      14.8       -.6       4.1
 11808  -.249898  -.655981  -.712208
  36110.8  17510.1       .7     43.3       .0      4.4
      -.4     21.2      -.2     32.4  18293.5  19264.3
      -8.8      57.7      -3.8      43.6
      -2.9      27.6       -.9      11.0
      -2.2      18.5       -.7       6.8
      -2.1      14.9       -.6       5.5
 11809  -.361020  -.631785  -.685938
  37175.3  17687.3       .7     43.3       .1     28.9
       .3     21.1      -.2     19.9  19077.0  19881.1
      -8.5      56.5      -2.3      42.8
      -2.7      27.2      -1.3      15.7
      -2.1      18.1       -.9      10.0
      -2.1      14.8       -.8       8.1
 11810  -.458673  -.602008  -.653609
  39026.4  16179.4       .7     43.3       .1     28.9
       .2     20.5       .0      8.2  20355.0  21158.8
     -10.0      58.8      -6.0      42.4
      -1.8      27.4      -1.1      16.9
      -2.0      18.1       -.9      11.1
      -1.9      14.8       -.9       9.5
 11811  -.542159  -.569267  -.618061
  41099.4  14243.1       .7     43.3       .1     28.9
      -.1     20.1       .1     57.7  21229.9  22214.9
      -7.0      56.4      -6.4      44.0
      -2.7      26.8      -1.1      18.4
      -2.0      17.5       -.9      12.1
      -1.9      14.6      -1.0      10.3
 11812  -.612205  -.535679  -.581595
  43546.0  12890.6       .7     43.3       .1     28.9
       .4     19.6       .1     57.7  23250.0  24094.3
      -7.4      57.7      -6.6      43.7
      -2.2      26.3       -.9      19.1
      -1.9      17.2       -.6      13.4
      -1.6      14.1       -.9      11.5
 11813  -.670317  -.502738  -.545830
  46290.3  11718.1       .7     43.3       .1     28.9
       .2     19.1       .1     57.7  25290.9  25765.4
      -9.0      58.2      -7.1      43.2
      -2.0      26.0      -1.0      19.2
      -1.6      17.0       -.8      13.6
      -1.4      14.2       -.7      11.5
 11814  -.718269  -.471364  -.511767
  49385.9  10955.1       .7     43.3       .1     28.9
       .5     18.5       .1     57.7  27039.8  27985.4
      -8.4      58.1      -7.8      43.5
      -2.2      26.1       -.7      21.0
      -1.7      17.0      -1.1      15.0
      -1.3      13.8       -.8      13.2
 11815  -.757796  -.442047  -.479937
  52540.5  10471.4       .7     43.3       .1     28.9
       .2     17.9       .1     57.7  29144.8  29997.3
      -7.7      59.5      -7.8      40.6
      -2.1      25.4      -1.2      19.9
      -1.2      16.3       -.9      14.3
      -1.5      13.8       -.8      12.5
 11816  -.790440  -.414981  -.450551
  56104.0  10108.4       .7     43.3       .1     28.9
       .2     17.6       .1     57.7  31172.3  32340.4
      -8.6      62.7      -6.5      41.1
      -2.2      25.6      -1.6      21.9
      -1.6      16.4      -1.2      15.7
      -1.4      13.6       -.9      14.0
 11817  -.817505  -.390173  -.423616
  59590.9   9776.6       .7     43.3       .1     28.9
       .1     17.2       .1     57.7  33746.7  34660.1
      -6.7      61.0      -6.7      38.7
      -1.3      25.1      -1.0      20.2
      -1.6      16.1      -1.0      15.3
      -1.5      13.3       -.8      13.4
 11818  -.840060  -.367526  -.399028
  62986.2   9508.4       .7     43.3       .1     28.9
       .1     16.8       .1     57.7  36037.4  37562.5
      -6.9      62.1      -8.5      41.5
      -1.6      24.3      -1.1      21.6
      -1.4      15.6       -.6      16.4
      -1.4      13.2      -1.2      14.9
 11819   .708659  -.620076  -.336613
  75102.3  11344.1       .7     43.3       .1     28.9
       .7     86.6       .1     57.7  43204.9  44706.5
      -8.0      54.6       5.8      37.5
      -1.7      22.9        .7      20.7
      -1.3      17.3        .6      15.0
      -1.4      15.9        .7      13.6
 11820   .677337  -.646549  -.350984
  71840.3  11783.9       .7     43.3       .1     28.9
       .7     86.6       .1     57.7  41962.6  43455.1
     -12.1      56.0       6.0      40.0
      -1.6      22.4       1.1      18.8
      -1.0      17.7        .2      14.3
      -1.3      15.8        .3      12.3
 11821   .641844  -.673936  -.365851
  69204.7  12344.5       .7     43.3       .1     28.9
       .7     86.6       .1     57.7  39755.9  40837.3
     -10.3      53.9       8.5      44.5
      -1.3      22.8        .7      19.8
      -1.5      17.7        .7      14.5
      -1.4      15.9        .8      12.6
 11822   .601687  -.701968  -.381068
  66176.8  13082.6       .7     43.3       .1     28.9
       .7     86.6       .1     57.7  38376.3  39231.8
     -10.7      54.9       4.6      42.6
      -1.4      22.6        .7      19.1
      -1.4      17.7        .5      13.3
      -1.1      16.3        .4      11.3
 11823   .556388  -.730259  -.396426
  63835.1  13555.9       .7     43.3       .1     28.9
       .7     86.6       .1     57.7  36322.3  37449.6
     -11.5      54.2       8.0      45.6
      -1.5      23.1        .7      18.5
      -1.5      17.4        .7      12.9
      -1.2      16.5        .5      11.3
 11824   .505524  -.758286  -.411641
  61687.1  14357.7       .7     43.3       .1     28.9
       .7     86.6       .1     57.7  34851.3  35513.8
     -10.7      53.6       6.3      46.4
      -1.6      23.2        .6      17.9
      -1.1      18.1        .4      12.4
      -1.4      16.6        .4      10.5
 11825   .448787  -.785377  -.426348
  59379.2  14470.2       .7     43.3       .1     28.9
       .7     86.6       .1     57.7  33401.9  34428.9
      -7.8      50.9       3.7      46.1
      -1.1      23.0        .6      17.5
      -1.2      18.1        .5      11.4
      -1.7      16.7        .7       9.7
 11826   .386057  -.810720  -.440105
  57627.1  14638.7       .7     43.3       .1     28.9
       .7     86.6       .1     57.7  32578.1  33425.7
      -9.3      50.4       3.6      49.0
      -1.5      23.1        .7      17.1
      -1.3      18.0        .5      11.0
      -1.6      17.1        .5       9.0
 11827   .317480  -.833386  -.452409
  56204.0  14252.6       .7     43.3       .1     28.9
       .7     86.6      -.4      5.8  31156.8  32078.1
     -11.0      52.1       6.4      51.3
      -1.8      23.3        .6      15.4
      -1.7      18.4        .5       9.5
      -1.6      16.9        .6       7.7
 11828   .243541  -.852392  -.462727
  54877.7  13924.6       .7     43.3       .1     28.9
       .7     86.6      -.4     18.1  30687.6  31611.4
     -11.3      50.5       5.7      53.6
      -2.2      23.1        .5      14.6
      -1.5      18.2        .4       8.5
      -1.3      17.1        .4       6.8
 11829   .165103  -.866792  -.470544
  54271.3  13831.0       .7     43.3      -.2      3.1
       .7     86.6      -.4     31.2  30450.4  31264.4
     -10.1      52.7       2.9      58.9
      -2.4      23.2        .5      11.5
      -1.8      18.3        .3       6.0
      -1.6      17.5        .3       4.6
 11830   .124573  -.872008  -.473376
  53902.0  13624.0       .7     43.3      -.5      8.9
       .7     86.6      -.3     37.3  29507.5  30671.2
     -11.5      51.7       1.7      62.4
      -2.0      22.8        .4      11.4
      -1.7      18.4        .3       4.5
      -1.6      17.4        .2       3.4
 11831   .083409  -.875791  -.475429
  53587.4  13602.2       .7     43.3      -.4     15.3
       .7     86.6      -.4     44.0  29689.2  30678.4
     -11.3      52.8       1.6      74.1
      -2.4      23.1        .5      14.0
      -1.7      18.3        .1       3.0
      -2.1      17.3        .2       3.0
 11832   .041814  -.878085  -.476675
  53471.8  13514.5       .7     43.3      -.9     21.6
       .7     86.6      -.8     50.1  29958.8  30873.6
     -12.6      51.7       1.7      75.1
      -2.3      23.2        .5      19.4
      -1.6      18.4        .1       3.0
      -2.0      17.2        .1       3.0
 11833   .000000  -.878853  -.477092
  53553.3  13554.1       .7     43.3       .1     26.2
       .7     86.6       .0     54.9  29841.5  30611.3
     -11.8      54.5       -.5      88.1
      -2.3      22.7      -1.6      29.1
      -1.8      18.3        .0       6.3
      -1.9      17.1       -.2       3.3
 11834  -.041814  -.878085  -.476675
  53398.3  13587.2       .7     43.3       .9     21.6
       .7     86.6       .8     50.2  29572.9  30447.3
     -11.1      51.0      -1.2      74.3
      -2.1      23.1       -.2      18.2
      -2.0      18.4       -.3       3.6
      -2.0      17.1       -.3       3.0
 11835  -.083409  -.875791  -.475429
  53582.4  13597.3       .7     43.3       .5     15.3
       .7     86.6       .5     44.0  29898.8  30824.8
      -9.3      51.3       2.9      72.6
      -2.2      23.3       -.4      13.3
      -1.7      18.2       -.4       3.1
      -1.7      17.4       -.4       3.0
 11836  -.124573  -.872008  -.473376
  53630.3  13617.3       .7     43.3       .2      8.8
       .7     86.6       .3     37.6  29583.7  30618.1
     -10.1      50.6       -.5      61.5
      -1.5      23.0       -.4      11.3
      -1.7      18.1       -.4       4.5
      -1.7      17.1       -.4       3.4
 11837  -.165103  -.866792  -.470544
  53987.9  13641.9       .7     43.3       .2      3.0
       .7     86.6       .1     31.1  29873.4  30928.0
     -12.9      53.4      -3.8      57.0
      -1.9      23.0       -.5      11.7
      -1.5      18.5       -.5       6.2
      -1.6      17.3       -.5       4.6
 11838  -.243541  -.852392  -.462727
  54934.9  13906.9       .7     43.3       .1     28.9
       .7     86.6       .1     18.0  30610.8  31606.2
     -11.8      52.9      -5.5      53.6
      -1.5      23.2       -.9      14.9
      -1.8      18.4       -.6       8.5
      -1.4      17.4       -.7       6.8
 11839  -.317480  -.833386  -.452409
  56172.5  14343.1       .7     43.3       .1     28.9
       .7     86.6       .2      5.8  31230.3  32006.2
     -10.7      51.7      -3.0      48.2
      -1.8      23.4      -1.0      15.6
      -1.3      18.2       -.7       9.3
      -1.7      17.0       -.8       7.7
 11840  -.386057  -.810720  -.440105
  57636.9  14489.6       .7     43.3       .1     28.9
       .7     86.6       .1     57.7  32662.1  33449.4
     -11.8      49.8      -4.7      49.5
      -1.6      23.0       -.9      16.9
      -1.5      18.2       -.6      11.0
      -1.2      16.9       -.7       8.9
 11841  -.448787  -.785377  -.426348
  59595.8  14547.9       .7     43.3       .1     28.9
       .7     86.6       .1     57.7  33633.9  34653.0
     -12.1      54.0      -8.5      51.2
      -1.8      23.2       -.9      17.4
      -1.7      17.9       -.9      11.5
      -1.4      16.6       -.6       9.8
 11842  -.505524  -.758286  -.411641
  61774.2  14479.3       .7     43.3       .1     28.9
       .7     86.6       .1     57.7  34523.6  35498.4
     -10.5      51.9      -4.5      44.6
      -1.4      22.9       -.8      18.6
      -1.1      17.8       -.6      12.3
      -1.3      16.6       -.8      10.4
 11843  -.556388  -.730259  -.396426
  63853.7  13767.3       .7     43.3       .1     28.9
       .7     86.6       .1     57.7  36791.1  37536.5
     -10.7      51.4      -6.1      45.1
      -1.7      23.1      -1.0      18.7
      -1.2      17.8       -.6      12.9
      -1.2      16.3       -.7      11.2
 11844  -.601687  -.701968  -.381068
  66332.2  13057.7       .7     43.3       .1     28.9
       .7     86.6       .1     57.7  37770.7  38910.2
     -11.0      55.7      -8.3      46.8
      -1.7      23.0       -.9      19.0
      -1.5      17.6      -1.0      13.1
      -1.7      16.2      -1.0      11.6
 11845  -.641844  -.673936  -.365851
  69064.8  12347.6       .7     43.3       .1     28.9
       .7     86.6       .1     57.7  39999.2  41280.9
      -9.9      53.4      -6.9      42.0
      -1.9      22.9      -1.2      20.1
      -1.5      17.6       -.8      14.3
      -1.2      16.1       -.7      12.6
 11846  -.677337  -.646549  -.350984
  71807.2  11799.2       .7     43.3       .1     28.9
       .7     86.6       .1     57.7  42253.4  43236.7
      -9.2      56.1      -7.7      39.3
      -1.7      22.6      -1.1      19.4
      -1.5      17.2       -.7      14.0
      -1.0      16.0       -.6      12.4
 11847  -.708659  -.620076  -.336613
  74732.7  11390.1       .7     43.3       .1     28.9
       .7     86.6       .1     57.7  43890.3  45017.2
      -8.3      55.7      -7.4      40.5
      -1.3      22.8       -.9      20.4
      -1.0      17.3       -.7      15.0
      -1.1      15.7       -.8      13.2
 11848   .482910  -.845093  -.229382
 110425.1  13954.3       .7     43.3       .1     28.9
       .7     86.6       .1     57.7  67085.8  69046.8
     -11.6      50.8       6.8      45.4
      -2.0      21.8        .8      18.4
      -1.3      15.9        .5      12.3
      -1.5      14.8        .5      11.0
 11849   .451149  -.861285  -.233777
 108171.0  13944.2       .7     43.3       .1     28.9
       .7     86.6       .1     57.7  65739.8  67460.3
     -10.2      52.1       6.2      48.0
      -2.0      22.0        .6      18.3
      -1.2      16.3        .2      12.1
      -1.2      14.8        .2      10.1
 11850   .417577  -.876913  -.238019
 106859.7  13874.0       .7     43.3       .1     28.9
       .7     86.6       .1     57.7  63799.3  65710.5
     -12.1      55.2       5.6      53.6
      -1.8      21.8        .7      18.2
      -1.5      16.5        .5      11.6
      -1.3      15.2        .1      10.0
 11851   .382204  -.891810  -.242063
 104683.8  13719.7       .7     43.3       .1     28.9
       .7     86.6       .1     57.7  63015.5  64977.8
     -14.5      51.0       6.0      51.3
      -1.6      21.4        .7      18.4
      -1.2      16.7        .4      11.2
      -1.4      15.0        .4       9.4
 11852   .345068  -.905804  -.245861
 102972.9  13490.6       .7     43.3       .1     28.9
       .7     86.6       .1     57.7  63105.6  64983.0
     -10.9      52.0       5.2      53.8
      -1.9      22.3        .8      17.9
      -1.2      16.5        .3      10.3
      -1.6      15.1        .4       8.8
 11853   .306238  -.918714  -.249365
 101591.7  13306.0       .7     43.3       .1     28.9
       .7     86.6       .1     57.7  61169.6  62837.0
     -10.0      50.8       8.1      58.7
      -2.3      21.9        .9      18.3
      -1.5      16.4        .5      10.4
      -1.7      15.2        .6       8.5
 11854   .265817  -.930361  -.252527
 100578.7  13127.6       .7     43.3       .1     28.9
       .7     86.6       .1     57.7  60030.1  62046.6
     -11.7      51.0       7.1      63.2
      -2.0      22.1        .6      18.2
      -1.6      16.7        .5       9.1
      -1.7      15.3        .5       7.4
 11855   .223945  -.940570  -.255298
  99298.8  13061.8       .7     43.3       .1     28.9
       .7     86.6       .1     57.7  59441.7  61788.2
     -11.5      51.0       3.8      65.5
      -2.3      22.8        .8      17.8
      -1.6      16.8        .5       9.2
      -1.5      15.1        .5       7.1
 11856   .180796  -.949177  -.257634
  98536.3  12983.2       .7     43.3       .1     28.9
       .7     86.6      -.4      3.4  59177.0  60864.7
     -11.8      52.5       -.3      68.3
      -2.2      21.7        .8      16.3
      -1.7      16.9        .3       7.4
      -1.7      15.5        .4       5.8
 11857   .136577  -.956038  -.259496
  98011.2  12842.0       .7     43.3       .1     28.9
       .7     86.6      -.5     16.2  58947.3  60353.6
     -12.6      50.1       3.2      75.4
      -2.7      21.5        .6      18.2
      -1.6      17.2        .4       7.7
      -1.8      15.5        .4       5.5
 11858   .091527  -.961030  -.260851
  97412.8  12707.6       .7     43.3      -.4      1.7
       .7     86.6      -.3     29.7  58378.4  59706.6
     -11.0      50.7       1.3      80.0
      -2.7      22.5        .5      21.1
      -1.9      16.9        .2       5.3
      -1.9      15.1        .2       3.8
 11859   .068771  -.962796  -.261330
  97329.9  12797.8       .7     43.3      -.7      7.8
       .7     86.6      -.8     36.4  57660.9  59803.6
     -12.8      52.7       3.5      83.6
      -2.3      22.1        .3      21.7
      -2.0      16.7        .2       4.8
      -1.7      15.0        .1       3.0
 11860   .045908  -.964064  -.261674
  97368.1  12740.1       .7     43.3      -.8     14.5
       .7     86.6      -.8     43.0  58616.8  60571.3
     -12.8      52.3       6.1      95.2
      -2.5      22.4       -.6      27.9
      -1.9      16.5        .1       6.2
      -2.0      15.4        .1       3.0
 11861   .022972  -.964827  -.261882
  97183.6  12754.6       .7     43.3     -1.1     21.1
       .7     86.6     -1.0     49.5  58837.6  60054.9
     -13.1      51.5       3.3     101.0
      -2.5      22.5       -.4      40.2
      -1.6      17.1        .0       7.3
      -1.9      15.4       -.1       3.0
 11862   .000000  -.965081  -.261951
  97209.0  12837.0       .7     43.3       .2     25.8
       .7     86.6       .2     54.2  57240.0  59201.0
     -12.9      51.8       3.5     112.9
      -1.7      21.9        .5      49.6
      -1.7      17.0       -.8      14.6
      -1.8      15.4        .0       4.6
 11863  -.022972  -.964827  -.261882
  97031.2  12694.4       .7     43.3      1.0     21.0
       .7     86.6      1.0     49.4  57593.1  59225.3
     -11.6      50.7       -.1     104.2
      -2.3      22.4       -.9      37.8
      -1.7      16.7       -.2       6.0
      -1.5      15.2       -.1       3.0
 11864  -.045908  -.964064  -.261674
  97479.3  12760.0       .7     43.3       .7     14.5
       .7     86.6       .7     43.1  57894.5  60032.7
     -11.7      50.8      -3.1      90.7
      -2.5      21.6       -.4      29.5
      -1.8      17.2       -.2       4.7
      -1.7      15.1       -.3       3.0
 11865  -.068771  -.962796  -.261330
  97285.7  12705.5       .7     43.3       .8      7.9
       .7     86.6       .7     36.5  56882.6  59106.4
     -14.7      54.6      -2.8      82.6
      -1.9      21.6       -.9      23.5
      -1.8      16.7       -.3       4.7
      -1.8      15.4       -.4       3.0
 11866  -.091527  -.961030  -.260851
  97458.7  12851.2       .7     43.3       .3      1.7
       .7     86.6       .7     29.7  58478.0  59575.6
     -10.9      49.1       1.7      80.6
      -2.2      22.2       -.7      21.9
      -1.8      16.6       -.4       5.5
      -1.9      15.2       -.5       3.7
 11867  -.136577  -.956038  -.259496
  97914.6  12810.3       .7     43.3       .1     28.9
       .7     86.6       .4     16.3  58222.6  60073.7
     -14.0      53.3      -3.9      71.2
      -2.5      22.3      -1.0      18.9
      -1.5      16.8       -.5       7.4
      -1.4      15.2       -.6       5.5
 11868  -.180796  -.949177  -.257634
  98769.6  12984.8       .7     43.3       .1     28.9
       .7     86.6       .2      3.3  59053.1  60956.7
     -14.6      56.0      -4.4      72.7
      -2.2      22.8       -.8      17.5
      -1.5      16.8       -.5       7.5
      -1.6      15.2       -.7       5.8
 11869  -.223945  -.940570  -.255298
  99832.9  13084.8       .7     43.3       .1     28.9
       .7     86.6       .1     57.7  59656.8  61067.1
     -13.8      51.1      -7.0      68.2
      -1.9      22.2      -1.0      18.9
      -1.4      16.9       -.8       9.1
      -1.8      15.3       -.9       7.2
 11870  -.265817  -.930361  -.252527
 100401.6  13116.5       .7     43.3       .1     28.9
       .7     86.6       .1     57.7  60208.0  61843.0
     -12.6      47.9      -4.5      59.8
      -1.9      21.8      -1.0      17.5
      -1.7      16.5       -.8       9.0
      -1.4      15.1       -.6       7.4
 11871  -.306238  -.918714  -.249365
 101725.7  13378.7       .7     43.3       .1     28.9
       .7     86.6       .1     57.7  60847.7  63039.7
     -11.4      51.7      -4.7      58.2
      -2.2      22.8      -1.3      18.9
      -1.4      16.8       -.7      10.2
      -1.6      15.2       -.7       8.4
 11872  -.345068  -.905804  -.245861
 102932.7  13559.4       .7     43.3       .1     28.9
       .7     86.6       .1     57.7  62657.4  64063.0
     -11.9      50.1      -6.8      53.5
      -2.0      21.5      -1.2      18.2
      -1.5      16.7       -.6      10.4
      -1.3      15.2       -.6       8.7
 11873  -.382204  -.891810  -.242063
 104730.1  13657.3       .7     43.3       .1     28.9
       .7     86.6       .1     57.7  63679.6  65375.3
     -15.1      52.1      -7.6      54.2
      -2.0      22.1      -1.0      18.8
      -1.6      16.4       -.8      11.4
      -1.3      15.0       -.5       9.6
 11874  -.417577  -.876913  -.238019
 106402.3  13875.4       .7     43.3       .1     28.9
       .7     86.6       .1     57.7  64181.3  66285.4
     -12.1      50.8      -5.5      46.8
      -2.0      21.9      -1.4      18.3
      -1.3      16.3       -.6      11.6
      -1.3      15.0       -.5       9.9
 11875  -.451149  -.861285  -.233777
 108239.6  14084.6       .7     43.3       .1     28.9
       .7     86.6       .1     57.7  65687.8  67149.7
     -11.2      49.4      -6.5      48.7
      -2.0      22.0      -1.2      18.6
      -1.4      16.3       -.7      12.1
      -1.2      14.8       -.4      10.3
 11876  -.482910  -.845093  -.229382
 110235.3  13986.3       .7     43.3       .1     28.9
       .7     86.6       .1     57.7  67645.6  69599.9
     -11.1      56.8      -4.8      43.0
      -1.8      21.7      -1.4      18.3
      -1.5      16.0       -.7      12.5
      -1.1      14.7       -.5      10.8
 11877   .337328  -.927651  -.160231
 158035.1  13460.6       .7     43.3       .1     28.9
       .7     86.6       .1     57.7  99164.3 101680.5
     -11.1      53.5       7.7      54.0
      -2.5      23.2        .9      19.4
      -1.4      16.9        .5      10.9
      -1.6      15.5        .6       8.9
 11878   .312066  -.936198  -.161707
 156939.7  13458.2       .7     43.3       .1     28.9
       .7     86.6       .1     57.7  98008.8 100403.2
     -14.3      53.7       4.2      57.8
      -2.8      22.2        .7      20.6
      -1.3      16.9        .3      10.8
      -1.5      16.0        .6       9.0
 11879   .286124  -.944211  -.163091
 155657.8  13293.5       .7     43.3       .1     28.9
       .7     86.6       .1     57.7  97486.2 100009.3
     -12.3      47.2       6.7      52.3
      -2.4      22.6       1.1      21.9
      -1.4      17.3        .2       9.7
      -1.4      15.4        .3       8.1
 11880   .259539  -.951641  -.164374
 154527.7  13241.1       .7     43.3       .1     28.9
       .7     86.6       .1     57.7  96433.8  99984.7
     -13.9      52.4       9.1      69.7
      -2.5      23.5        .7      21.7
      -1.5      17.2        .4      10.3
      -1.8      16.2        .4       8.3
 11881   .232349  -.958440  -.165549
 153195.4  13023.7       .7     43.3       .1     28.9
       .7     86.6       .1     57.7  95611.7  98191.0
     -10.6      50.0       8.7      70.2
      -2.4      22.8        .6      20.5
      -1.8      17.0        .6       9.2
      -1.5      15.7        .4       7.1
 11882   .204604  -.964562  -.166606
 152778.7  13030.9       .7     43.3       .1     28.9
       .7     86.6       .1     57.7  94899.3  98959.2
      -6.6      49.2       7.5      72.3
      -2.5      22.7       1.2      22.4
      -1.6      17.3        .4       9.6
      -1.4      15.9        .4       7.4
 11883   .176357  -.969963  -.167539
 151853.8  12935.5       .7     43.3       .1     28.9
       .7     86.6       .1     57.7  94714.1  97278.5
     -12.5      54.0       6.8      83.2
      -2.7      22.9       1.3      24.2
      -1.6      17.1        .5       8.2
      -1.6      15.8        .4       6.2
 11884   .147667  -.974605  -.168341
 150848.0  12838.7       .7     43.3       .1     28.9
       .7     86.6       .1     57.7  95148.4  97856.3
     -11.2      52.8       9.9      85.4
      -2.9      23.1       1.1      25.1
      -1.7      17.3        .6       9.1
      -1.8      16.0        .5       6.6
 11885   .118600  -.978453  -.169006
 150355.0  12850.4       .7     43.3       .1     28.9
       .7     86.6      -.3      2.3  94604.6  96952.0
     -10.4      48.6       3.0      82.9
      -2.6      22.6        .8      25.3
      -1.7      17.2        .4       7.7
      -2.1      15.8        .4       5.1
 11886   .089225  -.981478  -.169528
 149686.1  12790.8       .7     43.3       .1     28.9
       .7     86.6      -.5     15.5  93772.7  96255.8
      -9.9      47.8       7.6      90.2
      -2.6      23.2        .6      26.4
      -1.7      17.0        .4       8.1
      -1.7      15.7        .3       4.9
 11887   .059616  -.983656  -.169904
 149508.2  12750.4       .7     43.3      -.5      1.1
       .7     86.6      -.8     29.0  93873.9  96556.6
     -11.8      49.5        .3      97.7
      -2.8      22.4        .5      29.2
      -1.5      16.9        .2       6.7
      -2.0      15.6        .3       3.7
 11888   .044746  -.984421  -.170036
 149520.5  12708.1       .7     43.3      -.7      7.4
       .7     86.6      -.8     36.0  93958.0  96338.4
      -9.6      46.1       -.4     106.6
      -2.5      22.5       -.1      34.5
      -1.8      16.8        .3       6.6
      -1.7      15.9        .1       4.4
 11889   .029848  -.984969  -.170131
 149503.0  12755.4       .7     43.3     -1.1     14.1
       .7     86.6     -1.0     42.6  92087.7  94734.5
     -12.4      49.8       5.5     110.7
      -2.7      23.2        .6      43.0
      -1.6      17.1        .1      10.3
      -2.0      15.6        .1       4.1
 11890   .014929  -.985299  -.170188
 149613.7  12685.3       .7     43.3     -1.3     20.7
       .7     86.6     -1.3     48.9  92512.0  95694.6
     -14.3      53.0     -11.0     115.8
      -2.6      21.7        .0      54.8
      -1.7      17.3        .0      15.7
      -1.4      15.8       -.3       5.4
 11891   .000000  -.985408  -.170207
 149478.9  12775.8       .7     43.3      -.2     25.5
       .7     86.6      -.1     53.5  93561.8  96064.0
     -14.5      53.6      -3.3     123.0
      -2.7      22.8       1.3      66.4
      -1.9      17.0        .5      22.3
      -2.1      15.7       -.1      10.7
 11892  -.014929  -.985299  -.170188
 149292.8  12652.6       .7     43.3      1.3     20.8
       .7     86.6      1.3     48.9  93126.9  95910.9
     -10.9      50.3        .8     118.2
      -2.1      22.2        .6      54.1
      -2.0      16.8       -.1      12.8
      -2.2      15.5       -.2       4.5
 11893  -.029848  -.984969  -.170131
 149527.4  12729.5       .7     43.3      1.2     14.1
       .7     86.6      1.1     42.7  94007.1  96409.0
     -10.2      50.4       2.6     108.0
      -3.0      22.7       -.2      43.4
      -2.1      17.1       -.3       9.3
      -1.7      15.6       -.2       3.4
 11894  -.044746  -.984421  -.170036
 149670.5  12672.0       .7     43.3       .8      7.4
       .7     86.6      1.0     35.9  93627.7  96431.3
     -13.0      48.2       3.2     106.9
      -2.6      22.5       -.2      34.8
      -1.7      17.1       -.3       8.0
      -2.0      15.8       -.3       3.9
 11895  -.059616  -.983656  -.169904
 149845.1  12817.5       .7     43.3       .5      1.0
       .7     86.6       .7     29.2  92703.8  95900.5
     -15.0      52.2      -3.8      96.9
      -3.0      22.5       -.6      30.7
      -1.9      17.1       -.5       7.2
      -1.6      15.9       -.4       3.5
 11896  -.089225  -.981478  -.169528
 150093.7  12855.8       .7     43.3       .1     28.9
       .7     86.6       .7     15.4  94350.2  97318.2
     -12.7      52.6       -.9      94.7
      -2.8      23.2       -.7      28.2
      -1.9      16.9       -.6       7.6
      -1.6      15.7       -.5       5.1
 11897  -.118600  -.978453  -.169006
 150374.1  12729.2       .7     43.3       .1     28.9
       .7     86.6       .3      2.2  94847.5  97249.7
     -17.5      56.4      -1.8      84.1
      -2.4      21.8       -.8      24.7
      -1.4      17.1       -.6       7.6
      -1.8      16.1       -.5       4.9
 11898  -.147667  -.974605  -.168341
 151075.7  12825.9       .7     43.3       .1     28.9
       .7     86.6       .1     57.7  94158.8  96334.1
     -10.4      48.8      -6.2      85.8
      -2.5      23.1      -1.6      23.8
      -1.6      17.1       -.6       8.8
      -1.8      16.2       -.8       6.2
 11899  -.176357  -.969963  -.167539
 151565.3  12959.9       .7     43.3       .1     28.9
       .7     86.6       .1     57.7  95678.1  97485.1
     -11.5      49.5      -4.0      79.7
      -2.4      22.6       -.8      23.2
      -1.5      17.0       -.5       8.6
      -1.4      15.8       -.6       6.1
 11900  -.204604  -.964562  -.166606
 152354.5  12961.3       .7     43.3       .1     28.9
       .7     86.6       .1     57.7  95528.5  98351.7
     -12.5      52.5     -10.0      74.3
      -2.5      23.3      -1.3      21.8
      -1.9      17.2       -.6       9.6
      -1.6      15.6       -.7       7.1
 11901  -.232349  -.958440  -.165549
 153582.8  13159.7       .7     43.3       .1     28.9
       .7     86.6       .1     57.7  97002.0  98874.2
     -12.7      53.7      -5.5      68.4
      -2.8      22.6      -1.4      22.4
      -1.2      16.8       -.6       8.8
      -1.7      16.0       -.6       7.2
 11902  -.259539  -.951641  -.164374
 154287.4  13094.6       .7     43.3       .1     28.9
       .7     86.6       .1     57.7  95812.9  99069.5
     -11.4      48.7      -3.0      63.7
      -2.3      22.8      -1.1      22.4
      -1.7      17.0       -.8      10.1
      -1.4      15.8       -.6       8.1
 11903  -.286124  -.944211  -.163091
 155504.5  13211.5       .7     43.3       .1     28.9
       .7     86.6       .1     57.7  96967.3  99850.4
     -11.1      48.2      -8.0      58.0
      -2.5      22.6      -1.4      21.6
      -1.6      17.2       -.6      10.0
      -1.6      15.2       -.7       7.9
 11904  -.312066  -.936198  -.161707
 156655.4  13313.4       .7     43.3       .1     28.9
       .7     86.6       .1     57.7  96848.1  99442.6
     -12.0      52.5      -2.8      55.1
      -2.4      22.5      -1.3      20.7
      -1.4      17.0       -.4      10.8
      -1.4      15.8       -.5       8.8
 11905  -.337328  -.927651  -.160231
 158086.3  13378.3       .7     43.3       .1     28.9
       .7     86.6       .1     57.7 100007.2 102678.2
     -12.1      55.5       -.9      52.8
      -2.3      23.0      -1.2      20.6
      -1.4      16.7       -.5      10.5
      -1.5      15.6       -.7       8.8
