OCR_prd2017clk:dj0180c,R11@-350V,0T@20d,263K,rhe=1.10,rhh=0.7,1.4/1.4           
  1007   1   .00  28   3  29   3  350.00  263.00    1.40 1.00000   800.0    -.43     .27  150.000  100.000  290.000   800.0    -.21     .13    1.50    1.00     .85
 12051  -.105170   .946530  -.304993
  76543.5  12191.1      -.2     43.3       .4      2.3
      -.2     86.6       .4     30.2  44741.7  46101.9
      12.9      50.3      -3.1      73.9
       6.3      22.2      -1.9      17.4
       5.8      17.6      -1.8       6.0
       6.1      16.1      -1.8       4.1
 12052  -.113613   .937303  -.329476
  70913.6  12287.9      -.2     43.3       .3      2.5
      -.2     86.6       .5     30.5  41320.1  42359.7
      14.2      49.2      -2.1      71.7
       6.5      24.0      -1.8      16.1
       5.6      20.1      -1.8       5.5
       5.9      19.4      -1.8       4.2
 12053  -.123410   .925573  -.357888
  65391.4  12497.5      -.2     43.3      -.1     14.5
      -.2     86.6       .4     30.7  38080.7  38806.8
      13.8      50.6      -1.0      64.2
       6.4      22.3      -2.0      14.7
       5.8      17.2      -1.9       5.7
       5.9      15.5      -1.8       4.3
 12054  -.134874   .910397  -.391134
  59684.6  12641.4      -.2     43.3       .1      3.0
      -.2     86.6       .4     31.0  34221.5  35133.1
      13.2      50.3       -.5      62.2
       6.3      23.9      -2.0      13.8
       5.9      19.4      -2.0       5.7
       5.8      18.8      -1.9       4.4
 12055  -.148397   .890380  -.430350
  54302.5  12740.8      -.2     43.3       .2      3.4
      -.2     86.6       .2     31.3  30484.4  31323.2
      14.9      52.7      -3.4      60.2
       6.3      22.2      -2.0      12.9
       5.4      17.0      -1.9       6.0
       5.8      15.3      -1.9       4.6
 12056  -.164460   .863416  -.476934
  49221.0  13066.7      -.2     43.3       .1      3.6
      -.2     86.6       .4     31.5  27098.5  27942.1
      16.4      53.0      -2.8      54.7
       6.1      23.4      -2.4      11.9
       5.4      18.9      -2.0       6.2
       5.6      18.4      -2.1       4.9
 12057  -.183618   .826279  -.532491
  43896.1  13619.6      -.2     43.3       .1      4.0
      -.2     86.6       .3     31.9  23364.1  24142.3
      13.9      52.3      -3.7      51.7
       5.7      21.2      -2.2      11.7
       5.5      15.8      -2.1       6.1
       5.4      14.4      -2.1       5.1
 12058  -.206405   .774019  -.598575
  39230.9  14409.9      -.2     43.3      -.2      4.4
      1.9     14.1       .0     32.2  20832.4  21554.5
      10.4      50.2      -2.7      50.3
       5.5      23.2      -2.2      11.2
       5.2      17.8      -2.2       6.5
       5.4      17.0      -2.2       5.4
 12059  -.233063   .699189  -.675882
  34844.7  15760.4      -.2     43.3      -.3      4.9
      1.0     13.7       .1     32.6  18062.6  18619.7
      12.0      57.0      -4.4      50.7
       6.2      26.3      -2.5      10.7
       6.3      17.8      -2.3       6.8
       6.3      15.0      -2.4       5.5
 12060  -.262862   .591440  -.762300
  30955.2  18087.1      -.2     43.3      -.4      5.4
       .7     32.0      -.4     33.3  15703.6  16155.2
      13.0      58.9      -6.5      47.0
       6.9      26.2      -2.7      11.0
       6.5      17.7      -2.7       7.1
       5.9      14.2      -2.5       5.7
 12061  -.292854   .439281  -.849276
  27734.8  20184.0      1.2      8.9      -.8      6.1
       .9     50.8      -.5     33.7  13757.2  14418.7
       7.0      49.0      -7.3      42.6
       4.3      16.6      -3.0      11.2
       3.8      10.6      -2.6       7.2
       3.8       9.0      -2.7       6.0
 12062  -.316664   .237498  -.918324
  25873.0  19308.3      1.0     25.7      -.9      6.3
       .8     68.6      -.8     34.1  12660.1  13120.0
       3.7      54.0      -4.9      42.2
       2.6       9.0      -2.9      11.0
       2.4       5.7      -2.8       7.4
       2.3       5.0      -2.7       6.1
 12063  -.325991   .000000  -.945373
  25342.9  18706.9      -.2     41.4     -1.3      6.3
      -.3     84.4      -.8     34.1  12236.0  12651.0
      -1.6      69.7      -4.7      40.2
        .3      10.4      -3.0      11.3
        .6       5.0      -2.9       7.6
        .3       5.0      -2.9       6.1
 12064  -.323582  -.121343  -.938387
  25374.9  18826.9      -.4     34.5      -.9      6.2
      -.3     77.5      -.7     34.1  12401.2  12911.0
      -1.9      60.4      -7.7      40.7
       -.9       7.2      -2.9      11.3
       -.9       5.0      -2.7       7.4
      -1.1       5.0      -2.9       6.1
 12065  -.316664  -.237498  -.918324
  25821.4  19339.2      -.9     25.7     -1.0      6.3
      -.8     68.7      -.8     34.1  12457.9  12979.0
      -4.9      53.5      -4.8      39.8
      -1.9       9.2      -3.0      11.4
      -1.8       5.6      -2.8       7.3
      -1.8       5.0      -2.8       6.1
 12066  -.306058  -.344315  -.887567
  26530.9  19829.0     -1.1     16.9     -1.0      6.1
     -1.1     59.9      -.7     33.9  13202.3  13653.6
      -5.4      50.6      -4.6      40.5
      -2.8      12.7      -2.7      11.2
      -2.5       8.2      -2.7       7.4
      -2.7       6.9      -2.8       6.1
 12067  -.292854  -.439281  -.849276
  27916.8  20112.2     -1.5      8.9      -.7      5.9
      -.8     50.8      -.6     33.8  13796.0  14390.2
      -8.2      50.3      -5.3      40.8
      -3.5      16.8      -2.7      11.3
      -3.6      11.0      -2.7       7.3
      -3.2       9.0      -2.6       6.0
 12068  -.278147  -.521525  -.806626
  29314.8  19567.0     -3.2      7.0      -.7      5.8
     -1.4     41.6      -.7     33.4  14551.0  15094.2
      -8.8      54.4      -5.4      43.4
      -5.2      21.3      -2.8      11.0
      -4.3      13.9      -2.4       7.1
      -4.2      11.3      -2.6       6.0
 12069  -.262862  -.591440  -.762300
  30851.1  17961.4      -.2     43.3      -.7      5.4
     -1.3     31.9      -.4     33.2  15469.5  16118.9
      -9.6      56.8      -4.7      42.7
      -6.3      26.5      -2.4      11.1
      -5.9      17.7      -2.5       7.0
      -5.6      14.3      -2.5       5.8
 12070  -.233063  -.699189  -.675882
  34842.5  15708.2      -.2     43.3      -.3      4.9
      -.6     13.9       .0     32.8  17984.1  18713.1
     -11.0      56.3      -3.5      46.5
      -7.1      26.3      -2.7      11.6
      -5.7      17.6      -2.3       6.7
      -5.9      15.1      -2.3       5.5
 12071  -.206405  -.774019  -.598575
  39308.5  14388.8      -.2     43.3      -.1      4.4
     -4.7     13.5       .0     32.3  20874.5  21442.8
     -12.3      51.1      -4.7      50.5
      -5.4      22.8      -2.6      11.2
      -4.9      17.7      -2.2       6.6
      -4.9      16.9      -2.3       5.3
 12072  -.183618  -.826279  -.532491
  43952.3  13579.8      -.2     43.3       .0      3.9
      -.2     86.6       .0     31.8  24034.6  24829.4
     -12.9      50.9      -5.0      54.2
      -5.2      21.6      -2.2      11.0
      -4.7      15.8      -2.0       6.2
      -4.9      14.2      -2.1       5.0
 12073  -.164460  -.863416  -.476934
  49139.0  13024.7      -.2     43.3      -.1      3.6
      -.2     86.6       .1     31.6  27009.6  27867.8
     -13.7      52.5      -4.6      56.3
      -4.8      23.1      -2.0      12.3
      -5.1      18.9      -2.1       6.1
      -5.3      18.2      -2.0       4.9
 12074  -.148397  -.890380  -.430350
  54340.9  12731.6      -.2     43.3       .1      3.3
      -.2     86.6       .3     31.3  29969.0  31442.7
     -12.8      51.4      -3.9      61.0
      -5.1      22.2      -2.0      12.7
      -5.3      16.6      -2.0       5.9
      -5.1      15.1      -1.9       4.6
 12075  -.134874  -.910397  -.391134
  59791.0  12647.9      -.2     43.3       .1      3.1
      -.2     86.6       .4     30.9  33949.2  35081.1
     -14.8      52.0      -6.7      64.2
      -5.8      24.1      -2.1      13.9
      -5.2      20.0      -1.9       5.8
      -5.4      18.8      -1.8       4.4
 12076  -.123410  -.925573  -.357888
  65285.1  12496.7      -.2     43.3       .3      2.6
      -.2     86.6       .5     30.7  38165.8  39015.8
     -15.4      52.9      -1.6      66.0
      -5.7      22.2      -2.1      14.4
      -5.1      17.3      -1.7       5.7
      -5.8      15.6      -1.9       4.3
 12077  -.113613  -.937303  -.329476
  70891.3  12289.0      -.2     43.3       .4      2.6
      -.2     86.6       .3     30.4  41230.9  42838.7
     -15.8      53.4      -1.5      70.6
      -5.3      24.1      -2.0      15.4
      -5.1      19.9      -1.8       5.8
      -5.4      19.4      -1.8       4.2
 12078  -.105170  -.946530  -.304993
  76629.1  12345.1      -.2     43.3       .3      2.3
      -.2     86.6       .5     30.4  45350.1  46413.3
     -16.8      49.5      -2.1      73.5
      -6.3      22.4      -1.9      17.7
      -5.7      17.4      -1.9       5.6
      -5.4      16.2      -1.7       4.1
 12079   .863216  -.064741  -.500666
  46460.7   8753.5       .2     33.0       .1     28.9
       .2     76.2       .1     57.7  25929.8  26581.8
      -3.3      69.4      11.4      41.6
       -.9      13.7       6.2      23.0
       -.5       5.0       5.2      17.3
       -.5       5.0       5.5      15.4
 12080   .838516  -.069876  -.540377
  42995.4   9003.5       .3     33.1       .1     28.9
       .4     76.2       .1     57.7  23131.4  23982.4
      -2.7      74.7      11.5      39.4
       -.3      12.6       5.2      20.9
       -.5       5.0       4.6      15.6
       -.5       5.0       5.1      14.0
 12081   .807288  -.075683  -.585284
  39602.9   9281.8       .6     33.4       .1     28.9
       .5     76.6       .1     57.7  21300.7  21980.0
      -2.6      68.2      12.7      42.8
       -.2      11.9       5.0      22.5
       -.5       5.0       5.0      16.4
       -.7       5.0       5.3      14.6
 12082   .767414  -.082223  -.635858
  36709.1   9759.6       .4     33.4       .1     28.9
       .5     76.5       .1     57.7  19504.5  20143.0
       -.1      69.6       9.1      42.1
       -.5       9.6       4.5      20.5
       -.7       5.0       4.5      14.7
       -.7       5.0       4.8      12.8
 12083   .716102  -.089513  -.692232
  33565.1  10434.1       .0     33.7       .1     28.9
      -.1     76.8       .1     57.7  17591.6  17978.3
      -2.0      67.6      10.9      43.2
       -.7       9.8       5.6      21.1
       -.7       5.0       5.0      15.1
       -.7       5.0       4.9      13.4
 12084   .649830  -.097475  -.753803
  30952.7  11333.6       .5     33.8       .1     28.9
       .5     76.9      2.6      8.8  15754.7  16202.5
       -.6      67.3       8.5      41.5
      -1.1       8.4       4.7      19.2
       -.7       5.0       4.3      13.1
       -.7       5.0       4.4      11.2
 12085   .564543  -.105852  -.818588
  28673.6  12931.8      -.1     33.9       .1     28.9
      -.1     77.0       .6     10.9  14384.4  14682.3
      -5.4      63.0       7.5      40.5
       -.4       8.4       4.8      18.8
       -.8       5.0       4.1      12.8
       -.8       5.0       4.4      11.2
 12086   .456422  -.114106  -.882416
  26771.5  15635.4      -.2     34.0       .1     28.9
      -.2     77.2       .8     22.3  12953.3  13489.5
      -2.7      61.1       7.3      41.5
       -.8       6.2       4.4      16.7
       -.9       5.0       3.8      10.8
       -.9       5.0       3.7       9.1
 12087   .323582  -.121343  -.938387
  25460.5  19017.9      -.6     34.3      1.0      6.3
      -.5     77.3       .8     34.2  12120.1  12800.3
      -3.9      63.3       5.0      41.2
       -.9       7.3       2.9      11.3
      -1.0       5.0       2.5       7.3
      -1.0       5.0       2.5       6.1
 12088   .168544  -.126408  -.977555
  24617.3  20370.9      -.2     34.2       .4     17.2
      -.2     77.5       .4     45.9  11807.6  12334.0
      -5.7      60.4       3.5      45.3
      -1.3       6.3       1.1       6.0
       -.9       5.0       1.3       3.8
      -1.1       5.0       1.5       3.0
 12089   .000000  -.128243  -.991743
  24515.9  20141.2       .1     34.4       .1     27.1
       .1     77.5       .1     55.7  11545.9  12039.7
      -7.4      65.0      -1.0      70.1
       -.6       6.2        .5      11.4
      -1.0       5.0        .0       3.0
      -1.1       5.0       -.1       3.0
 12090  -.085184  -.127776  -.988138
  24339.4  20101.0      -.4     34.2       .1     22.7
      -.4     77.4       .2     51.4  11657.5  11916.6
      -3.9      60.0      -1.8      52.9
      -1.0       5.3      -1.0       5.6
      -1.0       5.0       -.9       3.0
      -1.0       5.0      -1.1       3.0
 12091  -.168544  -.126408  -.977555
  24557.6  20362.1      -.4     34.5      -.6     17.2
      -.3     77.4      -.5     45.8  11686.2  12319.1
      -6.2      60.8      -4.5      46.6
      -1.2       6.3      -1.9       6.7
      -1.0       5.0      -1.6       3.8
      -1.1       5.0      -1.7       3.0
 12092  -.248443  -.124222  -.960648
  24908.4  19889.6      -.3     34.2      -.8     11.5
      -.2     77.4      -.7     40.0  12003.5  12477.2
      -1.9      62.5      -5.8      48.1
      -1.4       7.8      -2.4       8.8
       -.9       5.0      -2.3       5.5
      -1.0       5.0      -2.3       4.6
 12093  -.323582  -.121343  -.938387
  25307.3  18858.9       .1     34.4     -1.0      6.2
       .1     77.4      -.7     34.1  12251.3  12741.0
      -3.0      64.5      -6.1      40.8
      -1.0       6.3      -3.2      11.1
       -.9       5.0      -2.8       7.4
      -1.0       5.0      -2.8       6.1
 12094  -.393068  -.117920  -.911917
  26012.3  17473.0       .1     34.2     -2.0      4.3
       .0     77.3      -.9     28.3  12519.1  13127.4
      -4.6      61.0      -7.9      40.7
       -.6       6.2      -3.9      14.1
       -.9       5.0      -3.4       9.1
       -.9       5.0      -3.4       7.6
 12095  -.456422  -.114106  -.882416
  26777.7  15555.6      -.2     34.2       .1     28.9
      -.2     77.3      -.8     22.2  13281.5  13649.0
      -4.3      64.5      -8.0      43.5
       -.7       6.9      -4.6      17.0
      -1.0       5.0      -4.4      11.0
       -.9       5.0      -4.3       9.2
 12096  -.513527  -.110042  -.850988
  27573.1  13874.1       .0     34.2       .1     28.9
       .0     77.3      -.9     16.3  13631.2  14108.1
      -4.2      65.2      -8.7      43.1
       -.8       6.1      -5.1      18.3
       -.8       5.0      -4.5      12.2
      -1.0       5.0      -4.6      10.4
 12097  -.564543  -.105852  -.818588
  28635.4  12885.8      -.1     33.9       .1     28.9
      -.1     77.1      -.7     10.7  14176.7  14760.1
      -3.9      63.8      -9.3      41.7
      -1.0       7.6      -4.6      18.3
       -.8       5.0      -4.5      12.8
       -.9       5.0      -4.7      11.2
 12098  -.649830  -.097475  -.753803
  30985.8  11367.6       .2     33.8       .1     28.9
       .2     77.1     -2.6      7.6  16040.3  16428.2
      -1.5      65.5      -9.7      42.7
      -1.3       8.1      -5.2      19.2
       -.7       5.0      -4.7      13.2
       -.8       5.0      -4.8      11.3
 12099  -.716102  -.089513  -.692232
  33514.8  10318.9       .1     33.5       .1     28.9
       .2     76.6       .1     57.7  17627.9  18172.1
        .6      62.8     -11.1      45.1
       -.5      10.0      -5.4      20.7
       -.6       5.0      -5.0      15.1
       -.7       5.0      -5.3      13.1
 12100  -.767414  -.082223  -.635858
  36609.5   9864.5       .2     33.4       .1     28.9
       .2     76.5       .1     57.7  18974.1  19893.7
      -1.2      63.7     -11.2      41.1
       -.6      11.1      -5.3      20.4
       -.6       5.0      -5.0      14.7
       -.7       5.0      -5.0      12.9
 12101  -.807288  -.075683  -.585284
  39591.8   9224.6       .5     33.4       .1     28.9
       .5     76.3       .1     57.7  21306.9  21872.6
      -2.2      70.3     -11.0      43.4
       -.8      11.6      -5.6      22.3
       -.6       5.0      -5.4      16.4
       -.6       5.0      -5.8      14.6
 12102  -.838516  -.069876  -.540377
  42964.6   9047.4       .5     33.0       .1     28.9
       .4     76.1       .1     57.7  23332.9  24040.1
      -4.4      71.2     -11.8      39.9
       -.7      11.2      -5.5      21.2
       -.5       5.0      -5.0      15.6
       -.5       5.0      -5.1      13.9
 12103  -.863216  -.064741  -.500666
  46374.0   8786.3       .7     33.0       .1     28.9
       .6     76.1       .1     57.7  25841.0  26601.4
      -4.2      74.1     -11.1      40.9
       -.9      15.9      -5.8      23.5
       -.5       5.0      -5.4      17.3
       -.5       5.0      -5.8      15.6
 12104  -.882965  -.060202  -.465563
  50084.5   8620.6       .4     33.1       .1     28.9
       .4     76.0       .1     57.7  27449.7  28613.7
      -3.5      76.1     -13.4      40.2
       -.3      16.6      -5.8      21.5
       -.4       5.0      -5.0      16.7
       -.5       5.0      -5.6      15.1
 12105  -.898927  -.056183  -.434481
  53391.6   8380.9       .8     33.0       .1     28.9
       .8     75.9       .1     57.7  30229.3  31157.5
        .6      73.7     -13.4      40.1
       -.3      16.6      -6.4      23.5
       -.5       5.0      -5.6      17.6
       -.5       5.0      -6.0      16.0
 12106  -.911966  -.052613  -.406877
  57006.3   8381.0       .5     32.8       .1     28.9
       .5     75.7       .1     57.7  32650.4  33788.8
       1.1      78.1     -11.9      38.5
       -.3      18.6      -5.6      22.2
       -.4       5.0      -5.0      16.9
       -.5       5.0      -5.7      15.6
 12107  -.922727  -.049432  -.382272
  60726.0   8301.9       .9     32.6       .1     28.9
       .9     75.6       .1     57.7  34784.2  36112.4
        .6      72.3     -12.4      40.8
       -.6      20.6      -5.8      23.7
       -.3       5.0      -5.8      18.1
       -.3       5.0      -6.3      16.5
 12108   .806111  -.362750  -.467544
  49621.0   9356.4      -.2     43.3       .1     28.9
      -.3     28.3       .1     57.7  27158.1  28180.0
     -11.2      64.2      10.2      42.7
      -4.6      25.7       5.4      23.0
      -4.6      17.1       4.9      17.1
      -3.9      14.1       5.0      15.2
 12109   .774912  -.387456  -.499388
  46329.9   9686.6      -.2     43.3       .1     28.9
      -.2     28.8       .1     57.7  25211.9  26002.5
      -9.9      59.2      11.0      41.3
      -5.2      25.4       5.0      20.7
      -4.2      16.7       4.4      14.8
      -4.1      14.1       4.4      13.5
 12110   .736803  -.414452  -.534182
  43440.0  10216.4      -.2     43.3       .1     28.9
      -.6     29.1       .1     57.7  23656.9  24459.0
      -8.8      61.8      10.2      42.5
      -5.2      25.7       5.1      21.9
      -4.5      16.8       4.7      15.7
      -4.1      14.3       4.9      14.2
 12111   .690099  -.443635  -.571796
  40560.5  10830.2      -.2     43.3       .1     28.9
      -.3     29.7       .1     57.7  21992.3  22722.5
     -10.4      59.8       8.6      41.3
      -4.8      25.7       4.2      19.5
      -4.7      17.2       4.4      14.2
      -4.2      14.2       4.3      12.5
 12112   .632842  -.474632  -.611748
  38080.4  11891.5      -.2     43.3       .1     28.9
      -.3     30.2       .1     57.7  19833.0  20543.8
     -11.3      57.9       9.0      42.5
      -4.8      25.9       4.2      20.3
      -4.8      17.1       4.4      14.4
      -4.3      14.2       4.4      12.7
 12113   .562936  -.506642  -.653006
  35759.6  13202.6      -.2     43.3       .1     28.9
      -.8     30.6      3.4      8.6  18708.9  19247.1
     -11.1      59.3       9.1      43.2
      -4.9      26.4       4.0      18.7
      -4.8      17.6       4.1      12.9
      -4.6      14.2       4.1      10.7
 12114   .478468  -.538276  -.693778
  33655.7  14926.5      -.2     43.3       .1     28.9
      -.8     31.2       .5      9.8  17546.0  18054.2
     -14.0      57.9       7.8      43.5
      -5.3      26.3       4.2      17.5
      -5.1      17.3       4.0      11.8
      -5.0      14.2       3.9      10.2
 12115   .378295  -.567442  -.731370
  32057.6  17205.4      -.2     43.3       .1     28.9
      -.4     31.9       .5     21.1  16130.6  16791.8
     -11.3      57.0       6.7      44.5
      -6.4      26.3       3.9      16.0
      -5.4      17.4       3.4      10.4
      -5.3      14.3       3.4       8.7
 12116   .262862  -.591440  -.762300
  30883.8  17992.3      -.2     43.3       .7      5.4
     -1.0     32.0       .5     33.4  15553.9  16271.5
     -11.1      58.2       4.8      46.4
      -6.7      26.5       2.6      10.7
      -5.5      17.5       2.1       6.9
      -5.5      14.3       2.2       5.7
 12117   .134975  -.607388  -.782855
  30229.9  17517.4      -.2     43.3      -.2     16.7
     -1.4     32.0      -.1     45.4  15185.1  15766.0
     -12.3      57.2       2.5      55.4
      -6.7      26.8       1.5       7.8
      -5.9      17.4       1.2       3.5
      -5.6      14.3       1.2       3.0
 12118   .000000  -.612997  -.790085
  30200.7  17557.7      -.2     43.3      -.1     26.7
     -1.2     32.2      -.1     55.4  15035.1  15592.8
     -11.8      58.5       5.7      80.6
      -6.8      26.3      -1.6      15.6
      -6.1      17.5       -.2       3.6
      -5.8      14.3       -.2       3.0
 12119  -.067953  -.611580  -.788259
  30069.3  17448.7      -.2     43.3       .4     22.4
     -1.3     32.1       .4     51.1  15422.9  15795.4
     -10.4      57.3      -4.0      63.3
      -7.1      26.8       -.9       8.3
      -6.0      17.5       -.8       3.0
      -5.9      14.3      -1.0       3.0
 12120  -.134975  -.607388  -.782855
  30247.2  17582.1      -.2     43.3      -.2     16.5
     -1.2     32.0      -.1     45.2  15264.2  15890.2
     -10.0      56.7      -3.8      58.0
      -6.7      26.7      -1.5       7.3
      -5.9      17.6      -1.4       3.7
      -5.6      14.2      -1.5       3.0
 12121  -.200196  -.600588  -.774091
  30549.3  17747.6      -.2     43.3      -.3     10.9
      -.9     32.1      -.2     39.4  15674.8  16159.1
     -10.7      59.1      -3.5      51.5
      -6.5      26.4      -2.2       9.0
      -5.8      17.6      -2.0       5.3
      -5.7      14.4      -2.1       4.3
 12122  -.262862  -.591440  -.762300
  30889.9  17900.5      -.2     43.3      -.6      5.5
      -.8     32.1      -.2     33.3  15738.0  16377.9
     -11.0      55.5      -5.1      44.3
      -6.0      26.8      -2.5      11.1
      -5.8      17.6      -2.5       7.0
      -5.6      14.3      -2.5       5.8
 12123  -.322373  -.580271  -.747905
  31437.2  17835.3      -.2     43.3     -2.2      4.6
      -.9     31.8      -.8     27.2  15769.1  16477.9
     -11.6      56.2      -6.0      44.5
      -6.0      26.5      -3.3      13.7
      -5.7      17.7      -3.2       8.9
      -5.4      14.2      -2.9       7.2
 12124  -.378295  -.567442  -.731370
  32032.6  17239.6      -.2     43.3       .1     28.9
      -.5     31.9      -.4     21.0  16464.2  17024.8
     -10.4      57.8      -7.0      45.2
      -5.8      26.2      -4.0      16.2
      -5.2      17.6      -3.6      10.4
      -5.0      14.3      -3.8       8.7
 12125  -.430364  -.553325  -.713175
  32735.8  16059.3      -.2     43.3       .1     28.9
      -.6     31.6      -.3     15.2  16709.0  17375.8
     -11.4      57.0      -7.9      43.1
      -5.7      26.2      -4.3      17.5
      -5.0      17.2      -3.9      11.3
      -5.2      14.2      -4.1       9.6
 12126  -.478468  -.538276  -.693778
  33696.2  14830.4      -.2     43.3       .1     28.9
      -.7     31.4      -.4      9.7  17454.6  18127.5
     -10.7      55.7      -7.8      44.1
      -5.8      26.5      -4.3      17.7
      -5.2      17.4      -4.1      12.0
      -4.8      14.3      -4.2      10.4
 12127  -.562936  -.506642  -.653006
  35769.8  13118.1      -.2     43.3       .1     28.9
     -1.0     30.8      -.3     11.1  18753.8  19311.4
     -10.1      58.8      -9.1      44.7
      -5.5      25.7      -4.8      18.8
      -4.9      17.4      -4.3      12.8
      -4.8      14.3      -4.4      10.9
 12128  -.632842  -.474632  -.611748
  38034.4  11736.2      -.2     43.3       .1     28.9
      -.3     30.2       .1     57.7  20038.7  20578.1
     -10.1      57.0     -10.2      43.7
      -5.1      26.3      -4.8      20.5
      -4.5      17.2      -4.5      14.4
      -4.7      14.3      -4.8      12.8
 12129  -.690099  -.443635  -.571796
  40656.5  10875.4      -.2     43.3       .1     28.9
      -.3     29.6       .1     57.7  21543.6  22625.9
     -10.2      57.8      -9.0      41.2
      -5.0      25.9      -4.6      19.9
      -4.2      17.2      -4.2      14.0
      -4.2      14.2      -4.3      12.5
 12130  -.736803  -.414452  -.534182
  43347.4  10260.9      -.2     43.3       .1     28.9
      -.5     29.3       .1     57.7  23617.8  24565.9
      -7.5      58.4     -10.4      44.5
      -4.4      25.3      -5.1      21.6
      -4.4      17.1      -4.7      15.9
      -4.2      14.1      -5.2      14.3
 12131  -.774912  -.387456  -.499388
  46354.4   9787.4      -.2     43.3       .1     28.9
      -.3     28.8       .1     57.7  25234.7  26026.0
      -9.6      60.7     -10.7      42.3
      -4.9      25.6      -5.4      20.6
      -4.4      17.0      -4.8      15.3
      -4.0      14.1      -4.8      13.9
 12132  -.806111  -.362750  -.467544
  49544.3   9537.9      -.2     43.3       .1     28.9
       .0     28.4       .1     57.7  27139.4  28197.5
      -8.9      61.4     -11.6      41.6
      -4.7      25.4      -5.4      22.6
      -4.2      17.0      -5.3      16.9
      -4.1      14.3      -5.4      15.2
 12133  -.831783  -.340275  -.438577
  52746.0   9116.4      -.2     43.3       .1     28.9
      -.5     27.7       .1     57.7  29382.1  30542.6
     -10.2      61.8     -11.4      40.1
      -4.9      24.9      -5.7      21.0
      -4.1      17.0      -5.0      16.2
      -4.2      14.3      -5.3      14.7
 12134  -.853040  -.319890  -.412303
  56110.9   8964.1      -.2     43.3       .1     28.9
      -.3     27.5       .1     57.7  31958.4  32878.2
      -7.7      62.6     -10.4      39.5
      -4.5      25.0      -5.3      23.4
      -4.1      17.0      -5.2      17.4
      -3.9      14.4      -5.5      15.8
 12135  -.870759  -.301417  -.388493
  59472.5   8902.9      -.2     43.3       .1     28.9
       .2     27.2       .1     57.7  33835.8  34917.7
     -11.5      61.9     -12.1      37.2
      -4.6      24.9      -5.3      21.5
      -4.2      16.9      -5.2      16.7
      -3.8      14.4      -5.2      15.2
 12136  -.885633  -.284668  -.366905
  63129.5   8594.0      -.2     43.3       .1     28.9
      -.4     27.1       .1     57.7  36416.8  37285.9
      -6.1      65.5     -11.8      40.0
      -4.2      25.2      -6.1      23.8
      -3.9      17.0      -5.5      18.2
      -3.6      14.5      -5.6      16.4
 12137   .467453  -.841416  -.271123
  85608.5  13247.4      -.2     43.3       .1     28.9
      -.2     86.6       .1     57.7  51178.6  52262.5
     -15.7      53.7       9.6      48.8
      -5.2      22.6       4.2      19.4
      -4.7      17.0       3.7      13.1
      -4.8      15.6       3.8      11.3
 12138   .429723  -.859446  -.276932
  83812.5  13317.0      -.2     43.3       .1     28.9
      -.2     86.6       .1     57.7  49857.4  51145.6
     -13.7      53.1       6.2      50.1
      -5.3      22.2       4.0      18.1
      -4.9      17.0       3.8      12.2
      -4.5      15.9       3.5      10.5
 12139   .389600  -.876600  -.282460
  82370.0  13029.6      -.2     43.3       .1     28.9
      -.2     86.6       .1     57.7  48706.1  50097.8
     -16.1      54.4       6.4      50.7
      -5.2      22.3       4.2      18.3
      -4.9      17.3       3.6      11.7
      -5.0      15.6       3.4       9.8
 12140   .347131  -.892622  -.287623
  80890.5  12885.6      -.2     43.3       .1     28.9
      -.2     86.6       .1     57.7  47647.3  49169.8
     -16.4      52.4       7.0      55.9
      -5.6      22.4       4.1      19.2
      -4.9      17.3       3.6      11.0
      -5.0      15.7       3.5       9.1
 12141   .302414  -.907242  -.292333
  79544.3  12738.1      -.2     43.3       .1     28.9
      -.2     86.6       .1     57.7  46260.3  47687.5
     -15.0      50.4       8.7      55.1
      -5.7      22.1       3.4      16.8
      -5.2      17.6       3.2      10.3
      -5.0      16.2       3.1       8.4
 12142   .255608  -.920190  -.296506
  78650.6  12610.4      -.2     43.3       .1     28.9
      -.2     86.6       .1     57.7  46834.5  47845.1
     -16.3      51.1       7.5      60.5
      -5.8      22.5       3.5      17.5
      -5.2      17.7       3.2       9.8
      -5.7      16.1       3.3       7.8
 12143   .206935  -.931206  -.300055
  77591.1  12405.1      -.2     43.3       .1     28.9
      -.2     86.6      -.3      4.5  46221.3  47426.5
     -12.6      51.0       5.6      61.7
      -5.9      22.8       2.8      16.8
      -5.1      17.5       2.6       8.2
      -5.4      16.0       2.7       6.6
 12144   .156676  -.940054  -.302906
  76995.3  12312.4      -.2     43.3       .1     28.9
      -.2     86.6      -.4     17.1  45642.1  46833.3
     -15.8      51.1       3.2      67.0
      -6.1      22.3       2.7      17.7
      -5.5      17.6       2.5       7.8
      -5.8      16.1       2.4       6.0
 12145   .105170  -.946530  -.304993
  76643.9  12311.0      -.2     43.3      -.5      2.3
      -.2     86.6      -.7     30.3  44747.1  46196.3
     -14.2      47.1       2.7      68.5
      -6.1      23.0       1.7      16.2
      -5.3      17.6       1.5       5.8
      -5.5      16.0       1.5       4.1
 12146   .052804  -.950480  -.306266
  76430.8  12226.0      -.2     43.3     -1.2     14.8
      -.2     86.6     -1.2     43.4  45235.9  46288.5
     -15.1      48.8      -3.7      86.4
      -5.9      22.1       1.2      25.1
      -5.5      17.4        .7       4.0
      -6.0      16.1        .7       3.0
 12147   .000000  -.951808  -.306694
  76209.7  12058.8      -.2     43.3      -.1     25.9
      -.2     86.6      -.1     54.2  44617.3  46253.0
     -15.8      51.9        .9     102.0
      -6.0      21.9        .4      45.0
      -5.4      17.3        .2      11.4
      -5.6      16.1        .2       4.2
 12148  -.026430  -.951476  -.306587
  76339.0  12095.0      -.2     43.3      1.4     21.2
      -.2     86.6      1.4     49.6  44710.1  46091.6
     -14.3      51.8      -2.5      91.4
      -5.8      22.8        .0      35.1
      -5.7      17.5       -.5       5.5
      -5.6      16.1       -.4       3.0
 12149  -.052804  -.950480  -.306266
  76457.5  12154.8      -.2     43.3      1.0     14.7
      -.2     86.6      1.0     43.4  44848.6  46577.3
     -14.4      48.6      -3.0      88.3
      -6.2      22.2       -.2      24.4
      -5.5      17.5       -.9       4.5
      -5.8      16.1       -.9       3.0
 12150  -.079069  -.948828  -.305734
  76603.0  12213.9      -.2     43.3       .6     10.5
      -.2     86.6       .7     37.1  45049.2  46190.1
     -16.5      49.2      -4.6      79.8
      -6.0      22.5      -1.3      20.9
      -5.6      17.3      -1.4       4.5
      -5.8      16.1      -1.4       3.1
 12151  -.105170  -.946530  -.304993
  76701.2  12264.9      -.2     43.3      -.1     16.7
      -.2     86.6       .5     30.3  44378.6  45957.0
     -14.6      51.4      -2.7      76.0
      -6.0      22.8      -1.7      18.1
      -5.7      17.4      -1.9       5.6
      -5.6      16.0      -1.8       4.1
 12152  -.131055  -.943599  -.304049
  76976.4  12245.8      -.2     43.3       .1     28.9
      -.2     86.6       .5     23.7  45524.3  46517.4
     -16.5      53.2      -6.0      69.7
      -5.7      22.3      -2.6      17.3
      -5.7      17.6      -2.5       6.9
      -5.6      16.0      -2.3       5.2
 12153  -.156676  -.940054  -.302906
  77003.6  12235.6      -.2     43.3       .1     28.9
      -.2     86.6       .6     16.9  45045.6  46480.9
     -14.1      50.0      -2.7      66.2
      -5.3      22.5      -2.7      16.9
      -5.4      17.8      -2.7       7.9
      -5.7      16.0      -2.7       6.0
 12154  -.181983  -.935915  -.301572
  77313.9  12409.9      -.2     43.3       .1     28.9
      -.2     86.6       .3     10.6  44889.7  46794.3
     -16.6      53.0      -9.1      66.5
      -6.3      22.8      -3.5      17.4
      -5.3      17.6      -3.0       8.2
      -5.3      16.0      -2.7       6.4
 12155  -.206935  -.931206  -.300055
  77730.0  12453.2      -.2     43.3       .1     28.9
      -.2     86.6       .3      4.6  45944.3  47215.9
     -18.3      53.8      -4.1      60.1
      -6.0      22.8      -3.1      16.8
      -5.1      17.4      -2.8       8.1
      -5.1      16.2      -2.8       6.6
 12156  -.255608  -.920190  -.296506
  78615.8  12622.6      -.2     43.3       .1     28.9
      -.2     86.6       .1     57.7  46228.4  47363.9
     -14.0      51.7      -8.7      61.6
      -5.6      22.8      -4.0      18.6
      -5.2      17.5      -3.5      10.0
      -5.4      16.0      -3.5       7.8
 12157  -.302414  -.907242  -.292333
  79817.6  12870.4      -.2     43.3       .1     28.9
      -.2     86.6       .1     57.7  46868.4  48202.8
     -13.8      50.9      -5.6      55.2
      -5.6      22.6      -4.0      17.6
      -5.2      17.6      -3.7      10.4
      -5.2      15.7      -3.3       8.3
 12158  -.347131  -.892622  -.287623
  80858.1  13038.2      -.2     43.3       .1     28.9
      -.2     86.6       .1     57.7  47206.9  48689.0
     -13.0      49.2      -7.9      53.3
      -5.3      22.3      -4.2      18.3
      -4.9      17.1      -3.7      11.1
      -4.8      15.8      -3.5       9.3
 12159  -.389600  -.876600  -.282460
  82483.8  13077.1      -.2     43.3       .1     28.9
      -.2     86.6       .1     57.7  48654.9  49948.1
     -14.6      51.9      -7.8      51.1
      -5.4      22.7      -4.0      19.2
      -4.7      17.2      -3.4      11.6
      -4.7      15.9      -3.6      10.2
 12160  -.429723  -.859446  -.276932
  83850.5  13393.2      -.2     43.3       .1     28.9
      -.2     86.6       .1     57.7  50316.7  51338.5
     -15.7      52.4      -9.9      49.4
      -5.1      22.1      -4.6      19.0
      -4.7      17.2      -4.0      12.3
      -4.6      15.7      -3.7      10.6
 12161  -.467453  -.841416  -.271123
  85484.1  13229.2      -.2     43.3       .1     28.9
      -.2     86.6       .1     57.7  50852.6  52576.2
     -15.2      53.7     -11.3      50.6
      -5.1      22.5      -4.7      19.6
      -4.5      16.8      -3.9      13.0
      -4.7      15.5      -4.2      11.3
 12162  -.502792  -.822750  -.265108
  87544.8  13083.9      -.2     43.3       .1     28.9
      -.2     86.6       .1     57.7  52468.3  53747.9
     -13.4      52.4      -8.6      44.9
      -5.2      22.4      -4.5      19.4
      -4.6      16.9      -4.2      13.2
      -4.6      15.4      -4.0      11.3
 12163  -.535778  -.803668  -.258960
  89716.8  13147.5      -.2     43.3       .1     28.9
      -.2     86.6       .1     57.7  52407.0  54214.9
     -12.8      53.0     -11.8      43.9
      -4.8      21.9      -4.5      19.6
      -4.4      16.6      -4.3      13.9
      -4.7      15.6      -4.5      12.6
 12164  -.566482  -.784360  -.252738
  91777.9  12755.1      -.2     43.3       .1     28.9
      -.2     86.6       .1     57.7  54835.8  56225.1
     -10.1      51.0      -8.7      40.9
      -4.9      22.4      -4.7      20.0
      -4.6      16.5      -4.4      13.8
      -4.8      14.9      -4.4      12.3
 12165  -.594996  -.764995  -.246498
  94111.1  12461.7      -.2     43.3       .1     28.9
      -.2     86.6       .1     57.7  57175.7  58463.3
     -13.9      54.0     -10.0      39.2
      -4.9      22.3      -4.7      20.4
      -4.3      16.2      -4.4      14.7
      -4.3      14.6      -4.6      13.5
