Dot1_150x100_prd2017clk:@-150V,0T@90d,263K,rhe=1.10,rhh=0.7,0.00/0.00           
  1000   1   .00  60   5  29   0  150.00  263.00     .00 1.00000  1000.0     .96    -.18  150.000  100.000  285.000  1000.0     .48    -.09    1.50    1.00     .85
 11401   .000000   .000000 -1.000000
  27189.7  22241.8       .3     40.7       .4     26.0
       .3     83.6       .4     54.7  13195.4  13659.4
      -1.3      68.2        .2      62.3
      -1.0       9.0       -.3       9.6
       -.5       5.0        .0       3.0
       -.6       5.0        .3       3.0
 11402   .000000  -.130455  -.991454
  27400.3  22537.0       .1     34.3       .1     25.9
       .1     77.3       .0     54.8  13231.5  13730.3
      -4.8      61.6       -.6      69.4
       -.9       6.0        .0      11.9
       -.6       5.0        .2       3.0
       -.8       5.0        .2       3.0
 11403   .000000  -.254493  -.967075
  27906.0  23051.3       .1     25.8       .2     26.1
       .1     69.0       .1     54.8  13481.3  14086.4
      -6.7      53.1        .6      65.5
       -.8       8.5        .1       9.1
       -.8       5.5        .2       3.3
       -.6       5.0        .0       3.0
 11404   .000000  -.367167  -.930155
  28837.4  22948.0       .0     17.2      -.4     26.2
      -.4     60.1      -.4     54.9  13864.2  14509.9
      -5.2      48.3      -2.5      73.1
       -.9      12.4       -.2       8.4
       -.7       8.0        .4       3.2
       -.7       6.7        .1       3.0
 11405   .000000  -.465746  -.884918
  30414.9  22254.4      -.4      8.9      -.3     26.1
      -.2     51.0      -.3     54.8  15159.8  15675.6
      -6.0      50.4       5.0      73.1
       -.8      16.6        .0      10.7
       -.7      10.7       -.2       4.0
       -.6       8.9        .1       3.0
 11406   .000000  -.549617  -.835417
  32043.4  20790.1     -1.1      6.4      -.1     26.1
      -.7     41.8      -.1     54.8  15818.4  16279.0
      -5.6      54.2      -1.9      72.5
       -.8      21.2        .1      11.8
       -.6      14.1        .1       3.2
       -.8      11.1        .0       3.0
 11407   .000000  -.619644  -.784883
  34067.4  19254.4       .5     43.3       .3     26.1
      -.3     32.3       .3     54.7  17173.7  17867.9
      -6.7      55.8      -1.7      68.7
      -1.8      26.6        .8      14.1
      -1.2      17.4        .2       3.7
       -.7      14.3        .1       3.0
 11408   .000000  -.677476  -.735545
  36186.0  17607.9       .5     43.3       .1     26.0
      -.5     22.8       .1     54.6  18373.0  19108.3
      -7.8      57.6       2.5      72.3
      -1.5      28.2        .2      15.4
       -.5      18.5        .1       3.6
       -.7      15.3        .2       3.0
 11409   .000000  -.724999  -.688749
  38599.9  16458.1       .5     43.3      -.3     25.9
      -.3     14.0      -.3     54.6  19758.8  20489.8
      -7.6      54.3       2.0      73.2
       -.9      26.3        .4      17.4
       -.9      17.9        .1       4.1
      -1.1      15.2        .1       3.0
 11410   .000000  -.764030  -.645181
  41308.8  15762.9       .5     43.3       .1     26.1
      -.6      8.6       .1     54.7  21287.8  22184.8
      -9.7      52.8       -.4      74.6
      -1.3      22.6       -.1      19.5
       -.8      17.2        .3       3.2
      -1.1      16.0        .0       3.0
 11411   .000000  -.796162  -.605083
  44042.9  15188.6       .5     43.3      -.1     25.8
     -4.5     11.3      -.1     54.5  23396.4  23945.4
      -7.8      54.5       3.0      80.5
      -1.0      23.4        .3      22.3
      -1.2      17.7        .0       4.0
      -1.0      17.0        .1       3.0
 11412   .000000  -.822730  -.568432
  46682.7  14734.3       .5     43.3       .0     26.0
       .5     86.6       .0     54.5  24647.4  25750.1
     -10.7      54.5       -.4      84.7
       -.8      22.3        .0      24.0
       -.9      16.9        .2       4.7
      -1.0      15.9        .1       3.0
 11413   .000000  -.844819  -.535052
  49456.7  14349.8       .5     43.3       .1     25.9
       .5     86.6       .1     54.5  26646.9  27688.2
      -9.4      50.0        .4      79.7
       -.8      20.9        .0      24.9
       -.9      15.9        .0       5.5
       -.9      14.3        .0       3.0
 11414   .000000  -.863297  -.504697
  52362.2  14078.0       .5     43.3       .1     25.9
       .5     86.6       .1     54.4  28578.1  29469.6
     -11.1      51.9        .9      80.9
      -1.1      22.3       -.6      24.4
       -.8      17.2        .1       4.5
      -1.1      15.8        .0       3.0
 11415   .000000  -.878853  -.477092
  55599.0  13998.7       .5     43.3       .1     25.8
       .5     86.6       .1     54.4  30224.6  31534.3
     -11.8      52.1      -1.3      88.7
       -.6      23.3       -.6      28.5
      -1.0      19.0        .2       5.9
      -1.1      18.4        .0       3.0
 11416   .000000  -.892036  -.451965
  58604.2  13755.7       .5     43.3       .1     25.7
       .5     86.6       .0     54.3  32343.6  33302.4
      -8.7      54.2       1.2      88.4
      -1.2      23.0       -.3      30.0
       -.8      18.0        .3       5.2
      -1.1      16.7        .1       3.0
 11417   .000000  -.903278  -.429057
  61777.3  13691.3       .5     43.3       .0     25.7
       .5     86.6       .1     54.3  34443.2  35631.3
     -13.5      57.4       2.2      88.4
      -1.3      22.0       -.4      37.8
       -.8      16.8       -.1       5.9
      -1.5      14.9        .1       3.0
 11418   .000000  -.912924  -.408131
  64572.6  13542.9       .5     43.3       .0     25.8
       .5     86.6      -.1     54.3  36060.6  37272.5
      -8.7      51.5       2.8      92.6
      -1.2      22.7       -.1      32.7
      -1.0      17.6        .2       6.8
       -.9      16.2        .1       3.2
 11419   .000000  -.921250  -.388972
  67966.1  13503.9       .5     43.3      -.1     25.7
       .5     86.6      -.1     54.3  38804.8  39643.7
      -9.9      51.1      -1.4      88.3
      -1.4      23.9       1.0      34.3
       -.6      19.7        .3       6.6
      -1.5      18.8        .1       3.0
 11420   .000000  -.928477  -.371391
  71104.4  13342.6       .5     43.3      -.1     25.7
       .5     86.6      -.1     54.2  40645.7  41630.3
     -10.0      50.8       2.3      92.7
      -1.2      23.8       -.8      37.2
      -1.2      18.5       -.4       9.7
       -.7      17.8        .2       3.5
 11421   .000000  -.934784  -.355218
  74476.7  13345.0       .5     43.3      -.2     25.7
       .5     86.6      -.2     54.2  42850.9  44170.9
     -10.6      52.4      -3.6      95.4
      -1.2      22.5        .8      37.4
      -1.1      17.4        .3       7.9
      -1.2      15.7        .0       3.3
 11422   .000000  -.940315  -.340305
  77644.3  13278.3       .5     43.3      -.2     25.6
       .5     86.6      -.1     54.1  44594.2  46063.7
     -11.8      49.3      -1.2      97.3
      -1.8      22.9       1.1      43.5
      -1.0      18.0        .6       9.5
      -1.1      16.6        .3       4.1
 11423   .000000  -.945190  -.326520
  80970.2  13182.5       .5     43.3      -.2     25.7
       .5     86.6      -.1     54.1  46801.6  48203.1
     -10.9      50.1      -1.5      98.9
      -1.0      24.1       -.8      43.8
      -1.2      20.0       -.2       9.4
      -1.3      19.3        .3       6.2
 11424   .000000  -.949506  -.313750
  84161.0  13187.1       .5     43.3      -.2     25.5
       .5     86.6      -.1     54.0  49216.9  50506.8
     -11.4      53.1      -1.2     104.2
      -1.3      23.6        .9      44.6
      -1.4      18.7        .0      14.3
      -1.2      17.9       -.1       3.1
 11425   .000000  -.953342  -.301892
  87344.5  13295.0       .5     43.3       .1     25.5
       .5     86.6       .1     53.9  51068.0  53093.0
     -11.2      52.7       -.4      98.9
      -1.4      22.2        .8      42.4
      -1.0      17.3        .2      11.7
      -1.4      16.0        .2       4.6
 11426   .000000  -.956767  -.290857
  90926.4  13178.0       .5     43.3       .3     25.3
       .5     86.6       .3     53.8  53904.2  55490.1
      -9.8      51.3        .2     100.0
      -1.3      23.0       -.3      46.2
       -.7      18.6        .1      13.0
      -1.1      16.8       -.1       5.1
 11427   .000000  -.959834  -.280567
  94312.9  13154.8       .5     43.3      -.2     25.5
       .5     86.6      -.2     53.9  55839.7  57709.0
      -8.7      48.8      -1.3     108.4
      -1.5      24.3       1.1      48.8
      -1.1      20.2        .3      11.5
       -.8      19.2       -.3       5.3
 11428   .000000  -.962593  -.270952
  97675.6  13254.5       .5     43.3      -.1     25.5
       .5     86.6      -.1     53.9  58124.0  59906.1
     -11.3      49.0       2.3     111.1
      -1.7      23.5       -.6      49.8
      -1.1      19.3       -.1      12.0
      -1.5      17.9        .0       4.7
 11429   .000000  -.965081  -.261951
 101029.5  13074.8       .5     43.3      -.1     25.4
       .5     86.6      -.1     53.8  58851.5  61274.7
     -13.2      52.8      -3.5     106.7
      -1.7      22.7        .7      48.4
      -1.2      17.5       -.2      12.1
      -1.5      15.9        .0       5.5
 11430   .000000  -.967333  -.253508
 104253.4  13073.8       .5     43.3       .1     25.3
       .5     86.6       .0     53.7  62744.8  64467.7
     -12.8      54.1       3.8     112.0
      -1.5      23.5        .4      53.0
      -1.0      18.3        .4      12.8
      -1.2      17.0        .2       5.0
 11431   .000000  -.969377  -.245576
 107405.7  13064.9       .5     43.3      -.1     25.3
       .5     86.6      -.2     53.7  64475.4  66193.5
     -16.4      55.3      -2.9     112.3
      -1.4      24.4       -.6      52.3
      -1.0      20.0        .3      14.8
      -1.5      19.6        .2       4.4
 11432   .000000  -.971238  -.238110
 111104.3  13191.4       .5     43.3      -.1     25.3
       .5     86.6      -.1     53.7  66698.3  68999.4
     -11.3      52.0      -2.8     116.1
      -1.7      23.9      -1.4      52.0
      -1.0      19.4        .0      16.1
      -1.4      18.5        .5       6.5
 11433   .000000  -.972937  -.231072
 114369.9  13027.7       .5     43.3      -.1     25.3
       .5     86.6      -.1     53.6  68560.9  70403.9
     -12.8      53.3       1.2     114.4
      -1.3      22.9       -.1      56.1
      -1.0      17.9        .2      17.5
      -1.5      16.3        .2       6.1
 11434   .000000  -.974491  -.224428
 117662.9  13157.8       .5     43.3       .0     25.2
       .5     86.6      -.1     53.5  70913.8  72305.9
     -12.1      51.7      -6.5     111.2
      -2.0      23.2      -2.1      55.8
      -1.1      18.3       -.9      14.5
      -1.2      17.1        .1       7.0
 11435   .000000  -.975916  -.218146
 121135.0  13163.1       .5     43.3       .0     25.3
       .5     86.6       .1     53.6  73954.4  75897.7
     -14.0      56.8       1.4     112.6
      -1.8      24.6       1.2      56.2
       -.8      20.6       -.1      16.5
      -1.1      19.4        .1       7.9
 11436   .000000  -.977227  -.212198
 124369.0  13045.4       .5     43.3      -.2     25.4
       .5     86.6      -.2     53.5  76749.3  78684.1
     -14.2      54.8       -.7     118.9
      -1.7      23.7       -.7      59.8
      -1.1      19.2        .9      18.3
      -1.3      18.3        .1       6.7
 11437   .000000  -.978434  -.206558
 128024.7  13121.3       .5     43.3      -.1     25.5
       .5     86.6      -.1     53.5  78323.8  80492.0
     -13.6      54.3       3.2     115.8
      -1.8      23.4        .5      59.0
      -1.4      17.9        .5      18.9
      -1.3      16.4        .2       4.7
 11438   .000000  -.979549  -.201205
 131406.4  13219.2       .5     43.3       .0     25.1
       .5     86.6      -.1     53.4  80410.1  82380.2
     -10.3      51.2        .3     119.6
      -1.4      23.2       -.5      59.3
      -1.2      18.6        .7      15.5
      -1.2      17.7       -.4       7.3
 11439   .000000  -.980581  -.196116
 134548.9  13131.0       .5     43.3       .0     25.1
       .5     86.6       .1     53.3  82176.5  84529.8
     -10.7      49.0       8.4     120.2
      -2.0      25.0        .7      60.1
      -1.3      20.5        .9      20.1
      -1.4      19.8       -.1       6.7
 11440   .000000  -.981537  -.191274
 138263.2  13047.4       .5     43.3       .3     25.7
       .5     86.6       .2     53.4  85564.6  87708.6
     -14.3      54.7        .0     119.0
      -1.7      24.9        .6      62.3
      -1.1      19.5        .2      21.1
       -.7      18.5       -.1       7.9
 11441   .000000  -.982424  -.186661
 141283.1  13170.1       .5     43.3       .2     25.2
       .5     86.6       .2     53.3  86923.8  88937.5
     -13.5      52.3      11.8     116.7
      -1.7      23.2       2.0      63.3
       -.9      17.8       -.3      18.2
      -1.8      16.8       -.4      10.9
 11442   .000000  -.983250  -.182261
 144981.6  13113.9       .5     43.3       .0     25.1
       .5     86.6       .0     53.3  89062.3  91416.3
     -10.8      50.8       4.2     122.1
      -1.7      24.1       -.9      64.4
      -1.1      18.6       -.5      22.8
       -.9      17.4        .0       6.9
 11443   .000000  -.984020  -.178061
 148173.6  13081.1       .5     43.3       .0     25.1
       .5     86.6       .0     53.3  93674.5  95632.3
     -13.2      52.8      -2.2     129.3
      -1.8      25.7       1.1      63.4
      -1.2      20.6        .7      19.1
      -1.5      19.9        .6       9.6
 11444   .000000  -.984737  -.174047
 151834.7  13132.8       .5     43.3       .0     25.0
       .5     86.6       .0     53.1  93985.3  97004.8
     -14.0      55.3       6.0     121.5
      -2.1      24.9       -.3      64.9
      -1.0      18.9        .5      23.5
      -1.0      18.6        .3       8.4
 11445   .000000  -.985408  -.170207
 155331.3  13186.8       .5     43.3      -.1     25.2
       .5     86.6       .0     53.2  95374.8  98090.2
     -11.5      53.1        .0     120.8
      -1.8      24.1        .6      64.8
      -1.0      18.1        .4      25.9
      -1.3      16.6        .6      11.2
 11446   .000000  -.986036  -.166531
 158512.6  13123.7       .5     43.3      -.1     25.1
       .5     86.6      -.1     53.1  98192.3 101343.8
      -9.6      44.0      -9.6     120.8
      -1.8      24.1       -.9      66.5
      -1.2      18.7        .4      25.1
      -1.1      17.5       -.4      15.0
 11447   .000000  -.986625  -.163008
 162272.2  13160.1       .5     43.3       .2     25.2
       .5     86.6       .3     53.0 100748.3 103819.4
     -14.6      50.3      -6.3     122.4
      -1.9      24.6       -.4      66.6
      -1.4      20.6        .3      24.5
      -1.0      19.8        .8       9.1
 11448   .000000  -.987696  -.156385
 168997.6  13076.5       .5     43.3       .0     25.3
       .5     86.6       .0     53.0 106923.9 109344.2
     -12.3      46.9       3.6     122.1
      -1.6      23.2        .1      69.0
      -1.0      17.8       -.7      26.2
      -1.2      16.7        .2      10.7
 11449   .000000  -.988644  -.150274
 175993.3  13161.7       .5     43.3       .1     24.8
       .5     86.6       .2     52.8 110317.0 113873.7
     -14.7      53.0        .3     131.9
      -2.0      25.4       -.2      69.6
      -1.3      20.6       -.2      26.0
       -.9      20.5        .9      13.5
 11450   .000000  -.989488  -.144617
 182684.7  13233.7       .5     43.3       .1     25.0
       .5     86.6       .1     52.9 115424.0 117385.2
     -16.8      54.6       2.4     127.4
      -2.2      24.5       1.3      71.6
      -1.3      17.9        .6      25.3
      -1.5      16.5       -.5      10.6
 11451   .000000  -.990241  -.139367
 189607.8  13191.1       .5     43.3       .0     25.1
       .5     86.6       .0     52.7 120149.6 122803.9
     -12.9      51.5       5.9     122.9
      -1.7      25.9       -.1      72.8
      -1.1      20.5        .5      28.5
      -1.2      19.9        .5      16.2
 11452   .000000  -.990916  -.134481
 196349.6  13189.0       .5     43.3       .0     24.8
       .5     86.6       .0     52.7 123176.6 128040.5
      -6.8      48.2      -1.1     127.7
      -2.3      24.5       1.4      73.2
      -1.4      18.1        .1      30.1
      -1.5      16.8       -.3      14.3
 11453   .000000  -.991524  -.129924
 203349.6  13257.9       .5     43.3      -.1     24.7
       .5     86.6      -.1     52.7 129143.2 133779.3
     -13.9      53.7     -10.4     131.2
      -2.0      26.2       1.0      75.4
      -1.1      20.5        .6      30.2
      -1.5      20.0        .3      16.0
 11454   .000000  -.992073  -.125663
 210496.9  13376.0       .5     43.3       .0     24.7
       .5     86.6       .1     52.7 133988.5 137844.6
     -11.6      53.8       5.0     125.4
      -2.0      24.4      -1.4      75.4
      -1.1      18.0        .6      31.2
      -1.7      16.6        .2       8.5
 11455   .000000  -.992571  -.121670
 217497.5  13250.3       .5     43.3       .2     24.6
       .5     86.6       .2     52.5 140195.4 143419.4
     -13.5      47.6      -4.0     132.3
      -1.9      25.6       2.0      77.1
      -1.2      20.8       -.6      32.7
      -1.0      19.7        .4      15.0
 11456   .000000  -.993023  -.117921
 224064.8  13308.4       .5     43.3       .0     25.0
       .5     86.6       .0     52.5 142656.1 146330.8
     -13.0      50.9       9.3     136.1
      -2.1      23.7       1.2      78.0
      -1.2      18.0       1.0      33.9
      -1.2      16.8       -.7      13.9
 11457   .000000  -.993435  -.114396
 230813.8  13262.9       .5     43.3       .1     24.5
       .5     86.6       .1     52.2 149603.5 154442.8
     -10.1      41.9      -8.6     128.9
      -2.4      25.7       -.4      75.9
      -1.3      21.0       -.6      33.5
      -1.4      19.7       -.7      13.7
 11458   .000000  -.993812  -.111073
 237982.9  13376.2       .5     43.3      -.1     24.4
       .5     86.6      -.1     52.3 155405.1 159577.6
     -13.7      46.1      -2.4     137.8
      -2.1      23.2        .4      77.7
      -1.1      18.1        .0      36.6
      -1.5      16.6        .3      19.8
 11459   .000000  -.994158  -.107937
 244740.0  13353.0       .5     43.3       .3     24.4
       .5     86.6       .1     52.2 157937.8 162416.7
     -13.6      44.2       6.3     133.7
      -2.1      25.3        .4      76.5
      -1.2      20.6        .0      37.2
      -1.3      20.4       -.4      20.2
 11460   .000000  -.994475  -.104972
 251926.5  13244.5       .5     43.3      -.1     24.4
       .5     86.6      -.1     52.2 162105.9 168259.1
      -4.2      38.8      11.7     125.3
      -1.9      23.0       2.2      78.3
      -1.3      18.3      -1.4      38.3
       -.9      16.8        .8      15.1
 11461   .903278   .000000  -.429057
  60813.8   9139.0      -.1     40.6      -.1     28.9
      -.1     83.4      -.1     57.7  34155.2  35075.5
      -6.5      84.7       7.2      42.0
        .1      31.2       1.0      23.6
       -.2       6.9        .6      18.1
       -.6       5.0        .8      16.1
 11462   .887877   .000000  -.460082
  56854.7   9204.8      -.2     40.5      -.1     28.9
      -.1     83.4      -.1     57.7  31436.5  32287.5
       -.9      80.1       8.3      38.7
       -.3      27.4        .7      21.7
       -.4       8.1        .9      16.6
       -.5       5.0       1.0      15.0
 11463   .868777   .000000  -.495203
  52684.5   9422.0      -.4     40.5      -.1     28.9
      -.4     83.5      -.1     57.7  29055.4  29937.2
      -1.0      81.6       7.9      41.5
       -.9      26.9        .5      23.0
       -.5       5.4        .3      17.2
       -.4       5.0        .9      15.5
 11464   .844819   .000000  -.535052
  48785.7   9667.8       .0     40.4      -.1     28.9
       .0     83.5      -.1     57.7  26397.3  27102.7
        .4      77.3       6.5      40.3
        .1      24.9        .9      21.5
       -.4       5.2        .2      15.6
       -.3       5.0        .7      13.9
 11465   .814421   .000000  -.580275
  45037.5   9950.8       .2     40.6      -.1     28.9
       .2     83.6      -.1     57.7  24032.5  24850.4
       2.8      78.4       7.3      43.8
       -.6      21.7        .4      22.7
       -.3       5.1        .5      16.6
       -.4       5.0        .6      14.6
 11466   .775436   .000000  -.631426
  41312.4  10354.4      -.2     40.4      -.1     28.9
      -.2     83.6      -.1     57.7  21782.5  22407.9
       4.0      75.6       5.8      39.8
        .6      18.6        .7      20.2
       -.2       5.0        .2      14.7
       -.3       5.0        .5      12.7
 11467   .724999   .000000  -.688749
  38081.0  11094.8       .0     40.5      -.1     28.9
      -.1     83.7      -.1     57.7  19744.7  20497.0
       -.8      76.9       6.6      43.6
       -.7      14.4        .7      21.6
       -.6       5.0        .3      15.3
       -.5       5.0        .3      13.2
 11468   .659438   .000000  -.751759
  35009.5  12018.0       .6     40.6      -.1     28.9
       .5     83.7      2.2      6.6  17688.4  18502.2
      -2.9      77.7       4.5      44.0
       -.8      15.0        .6      19.4
       -.5       5.0        .2      13.5
       -.5       5.0        .5      11.2
 11469   .574426   .000000  -.818557
  32295.2  13805.9       .3     40.7      -.1     28.9
       .3     83.8       .3     10.9  15997.4  16660.5
      -1.4      70.2       4.8      40.3
        .9      12.3        .8      18.7
       -.4       5.0        .5      12.8
       -.4       5.0        .4      11.1
 11470   .465746   .000000  -.884918
  30113.8  16897.3       .2     40.4      -.1     28.9
       .1     83.6       .1     22.3  15183.9  15582.2
       -.6      68.5       5.3      39.9
      -1.1      13.4        .7      16.6
       -.5       5.0        .4      10.7
       -.4       5.0        .3       8.9
 11471   .331088   .000000  -.943600
  28247.5  20665.8      -.2     40.5       .0      6.3
      -.1     83.6       .1     34.3  13656.5  14345.8
      -1.1      72.7       3.6      38.9
       -.8      11.9        .6      10.6
       -.5       5.0        .1       7.1
       -.4       5.0        .2       6.0
 11472   .254493   .000000  -.967075
  27760.6  22084.9       .1     40.4      -.1     11.5
       .0     83.6      -.1     40.2  13294.4  13942.3
        .1      66.1       3.8      44.4
       -.4      11.0        .4       8.3
       -.5       5.0        .3       5.3
       -.4       5.0        .3       4.5
 11473   .172799   .000000  -.984957
  27534.0  22651.2       .1     40.5      -.1     17.1
       .1     83.7      -.1     45.6  13417.6  13875.2
       1.6      73.1       1.8      51.2
       -.3       8.8        .5       6.4
       -.7       5.0        .2       3.5
       -.4       5.0        .3       3.0
 11474   .087384   .000000  -.996175
  27420.1  22342.4      -.2     40.4      -.6     22.3
      -.2     83.6      -.6     51.1  13206.9  13702.0
      -2.3      70.7        .3      55.7
       -.9      11.4        .3       6.2
       -.3       5.0        .3       3.0
       -.5       5.0        .4       3.0
 11475   .000000   .000000 -1.000000
  27139.1  22160.1      -.1     40.3      -.1     26.0
      -.1     83.5      -.1     54.8  13041.6  13572.1
       -.4      66.8        .8      64.2
      -1.2       9.0        .1      12.4
       -.4       5.0        .0       3.3
       -.7       5.0        .1       3.0
 11476  -.087384   .000000  -.996175
  27250.0  22284.1      -.2     40.5       .4     22.4
      -.2     83.6       .4     51.2  13136.5  13514.2
      -3.4      70.2      -2.1      55.6
       -.7       7.6       -.3       6.0
       -.6       5.0       -.2       3.0
       -.5       5.0       -.2       3.0
 11477  -.172799   .000000  -.984957
  27433.5  22645.6       .3     40.6       .0     16.9
       .4     83.6       .1     45.6  13179.2  13755.4
      -3.9      73.0      -3.2      46.4
       -.1       9.7       -.3       6.1
       -.6       5.0       -.1       3.5
       -.4       5.0       -.1       3.0
 11478  -.254493   .000000  -.967075
  27871.4  22020.5       .1     40.6      -.2     11.4
       .2     83.7      -.1     40.0  13499.8  14043.1
       1.9      70.0      -2.7      43.8
      -1.0       8.4       -.2       8.2
       -.6       5.0        .0       5.2
       -.4       5.0       -.1       4.5
 11479  -.331088   .000000  -.943600
  28450.1  20753.8      -.7     40.5      -.2      6.3
      -.7     83.7      -.2     34.2  13831.6  14541.5
        .3      72.2      -3.9      39.8
       -.3      10.0       -.1      10.9
       -.4       5.0       -.1       7.3
       -.6       5.0       -.1       5.9
 11480  -.465746   .000000  -.884918
  29997.5  16854.1       .1     40.6      -.1     28.9
       .1     83.7      -.1     22.4  14334.9  15022.6
       1.4      70.5      -4.7      41.6
       -.4      12.8       -.2      16.5
       -.4       5.0       -.3      10.9
       -.6       5.0       -.1       9.1
 11481  -.574426   .000000  -.818557
  32276.9  13755.2      -.2     40.7      -.1     28.9
      -.1     83.8      -.1     10.9  16105.9  16496.3
       3.8      71.9      -4.0      40.5
       -.8      12.4       -.4      18.6
       -.6       5.0       -.2      12.8
       -.5       5.0       -.3      11.1
 11482  -.659438   .000000  -.751759
  35007.5  12112.8       .2     40.5      -.1     28.9
       .1     83.6     -1.7      7.9  17760.5  18406.3
       -.2      75.5      -4.5      42.1
      -1.1      14.2       -.4      19.3
       -.3       5.0       -.2      13.3
       -.6       5.0       -.2      11.2
 11483  -.724999   .000000  -.688749
  38140.7  11087.4      -.2     40.8      -.1     28.9
      -.3     83.7      -.1     57.7  19596.0  20294.2
      -1.7      73.2      -6.5      44.2
       -.3      19.8       -.5      21.5
       -.6       5.0       -.4      15.1
       -.5       5.0       -.3      13.0
 11484  -.775436   .000000  -.631426
  41434.4  10432.3       .2     40.6      -.1     28.9
       .1     83.7      -.1     57.7  21658.0  22305.6
       -.8      78.0      -7.3      44.2
      -1.4      17.0       -.4      20.5
       -.4       5.0       -.4      14.5
       -.4       5.0       -.4      12.8
 11485  -.814421   .000000  -.580275
  44917.9  10020.8       .0     40.6      -.1     28.9
       .0     83.6      -.1     57.7  24026.3  24935.6
       1.3      77.8      -6.3      45.1
      -2.6      22.2       -.3      22.5
       -.7       5.0       -.1      16.6
       -.5       5.0       -.4      14.6
 11486  -.844819   .000000  -.535052
  48524.2   9595.5      -.3     40.5      -.1     28.9
      -.3     83.5      -.1     57.7  26262.0  27404.4
        .5      75.5      -5.9      39.8
      -1.0      22.6       -.4      21.0
       -.3       5.0       -.2      15.8
       -.6       5.0       -.4      14.0
 11487  -.868777   .000000  -.495203
  52610.2   9410.6       .2     40.7      -.1     28.9
       .2     83.6      -.1     57.7  29181.4  29955.3
      -2.1      80.6      -7.3      43.1
       -.4      25.9       -.7      23.4
       -.6       5.0        .0      17.4
       -.6       5.0       -.4      15.6
 11488  -.887877   .000000  -.460082
  56698.1   9255.2       .2     40.5      -.1     28.9
       .3     83.4      -.1     57.7  31520.1  32449.5
       2.9      85.5     -10.6      41.7
        .0      30.6       -.4      22.0
       -.5       6.6       -.6      16.5
       -.4       5.0       -.6      14.7
 11489  -.903278   .000000  -.429057
  60928.6   9167.4       .5     40.5      -.1     28.9
       .4     83.4      -.1     57.7  34101.4  35076.4
      -5.5      80.2      -5.9      41.4
       -.3      29.3       -.3      23.2
       -.3       6.3       -.6      17.7
       -.4       5.0       -.4      15.6
 11490   .840060  -.367526  -.399028
  65265.2   9825.9       .5     43.3      -.1     28.9
       .1     17.9      -.1     57.7  36566.6  37645.8
      -8.9      63.7       7.0      41.5
      -1.1      25.0        .9      23.3
       -.9      16.1        .5      17.6
       -.6      13.4        .4      15.9
 11491   .817505  -.390173  -.423616
  61256.1  10031.4       .5     43.3      -.1     28.9
      -.2     18.5      -.1     57.7  34353.2  35669.5
      -7.9      59.8       7.2      38.7
      -1.2      25.4        .8      21.2
       -.9      16.3        .5      15.9
       -.8      13.7        .3      14.5
 11492   .790440  -.414981  -.450551
  57782.6  10388.5       .5     43.3      -.1     28.9
      -.1     18.7      -.1     57.7  32285.0  33038.0
      -6.2      60.4       7.1      43.8
      -1.0      25.4        .6      22.5
       -.6      16.6        .5      16.9
       -.8      14.0        .5      15.4
 11493   .757796  -.442047  -.479937
  54342.9  10799.6       .5     43.3      -.1     28.9
      -.1     19.3      -.1     57.7  29609.5  30597.9
      -5.3      60.0       7.3      41.3
      -1.0      26.3        .3      20.7
       -.6      16.8        .2      14.8
      -1.0      14.0        .5      13.6
 11494   .718269  -.471364  -.511767
  51084.4  11330.1       .5     43.3      -.1     28.9
       .0     19.8      -.1     57.7  27426.1  28253.9
      -7.7      58.9       7.0      44.1
      -1.5      26.4        .9      21.6
       -.7      17.2        .4      16.0
       -.7      14.2        .3      14.1
 11495   .670317  -.502738  -.545830
  47849.4  12130.6       .5     43.3      -.1     28.9
       .1     20.4      -.1     57.7  25298.1  26187.8
      -7.6      60.4       6.4      42.9
      -1.4      26.7        .6      19.8
       -.8      17.6        .2      14.2
       -.7      14.4        .2      12.3
 11496   .612205  -.535679  -.581595
  45100.3  13171.4       .5     43.3      -.1     28.9
       .0     21.0      -.1     57.7  23376.3  24357.8
      -4.7      58.2       4.3      45.3
       -.7      27.5        .7      20.9
       -.8      17.9        .3      14.2
       -.7      14.7        .2      12.5
 11497   .542159  -.569267  -.618061
  42421.3  14715.7       .5     43.3      -.1     28.9
      -.2     21.6      1.9      9.5  22437.1  23019.0
      -7.5      59.4       3.7      42.7
      -1.1      27.4        .4      18.6
      -1.0      18.0        .4      12.6
       -.7      14.8        .4      10.6
 11498   .458673  -.602008  -.653609
  40308.4  16714.7       .5     43.3      -.1     28.9
      -.5     22.0      -.1      9.3  20847.2  21568.6
      -6.2      58.9       4.8      46.1
      -1.3      27.8        .6      17.5
       -.8      18.5        .3      11.8
       -.8      15.2        .4      10.1
 11499   .361020  -.631785  -.685938
  38449.9  18148.4       .5     43.3      -.1     28.9
       .0     22.7       .0     20.9  19797.7  20444.3
      -4.7      57.6       4.2      45.9
      -1.1      27.7        .5      15.7
      -1.1      18.5        .4      10.3
       -.7      15.4        .2       8.3
 11500   .249898  -.655981  -.712208
  37239.0  18123.0       .5     43.3       .0      5.1
      -.4     22.6       .0     32.8  19019.3  19681.3
      -6.9      58.4       3.0      45.1
      -1.9      27.7        .6      10.7
      -1.2      18.5        .4       6.7
      -1.1      15.1        .3       5.6
 11501   .190037  -.665130  -.722141
  36694.8  17878.1       .5     43.3      -.2     10.4
      -.1     22.7      -.1     39.1  18549.2  19278.0
      -8.4      57.7       3.2      50.0
      -1.3      27.8        .5       8.6
      -1.0      18.7        .3       5.1
      -1.1      15.4        .4       4.2
 11502   .127982  -.671905  -.729496
  36579.4  17729.1       .5     43.3      -.2     16.2
      -.1     22.7      -.2     45.0  18434.9  18938.0
      -6.0      59.5       3.0      56.9
      -1.5      28.2        .3       7.0
       -.9      18.5        .3       3.3
       -.7      15.3        .3       3.0
 11503   .064388  -.676070  -.734019
  36313.8  17634.2       .5     43.3      -.6     21.9
      -.4     23.0      -.5     50.7  18606.7  19035.6
      -6.1      58.1       -.3      64.8
       -.9      27.7        .2       8.9
       -.7      18.4        .3       3.0
      -1.0      15.3        .3       3.0
 11504   .000000  -.677476  -.735545
  36263.5  17645.5       .5     43.3      -.2     26.1
      -.4     22.9      -.2     54.7  18411.3  18841.5
      -6.6      58.3       -.9      75.3
      -1.2      27.8        .2      11.7
       -.8      18.5        .3       3.5
       -.9      15.2        .1       3.0
 11505  -.064388  -.676070  -.734019
  36290.8  17621.4       .5     43.3       .7     22.0
      -.5     23.1       .7     50.7  18391.1  18981.5
      -4.9      58.2        .3      61.4
       -.8      27.8        .2       9.0
       -.5      18.8       -.1       3.0
      -1.0      15.0       -.2       3.0
 11506  -.127982  -.671905  -.729496
  36388.9  17600.9       .5     43.3       .2     16.3
      -.5     22.9       .2     45.0  18588.8  19222.4
      -9.4      60.7       -.2      60.8
      -1.3      28.5       -.1       7.5
       -.9      18.6       -.1       3.3
      -1.0      15.4       -.1       3.0
 11507  -.190037  -.665130  -.722141
  36859.5  17874.8       .5     43.3       .1     10.4
       .0     22.9       .2     39.2  18758.1  19297.2
      -9.0      59.1      -2.2      51.8
      -1.3      28.0       -.3       8.8
       -.6      18.6       -.1       5.1
       -.9      15.2        .0       4.1
 11508  -.249898  -.655981  -.712208
  37260.7  18203.1       .5     43.3       .2      5.1
      -.1     22.7       .1     32.9  18993.8  19526.0
      -8.7      57.8      -2.2      45.7
      -1.5      27.9       -.2      11.1
       -.5      18.2        .0       6.6
       -.8      15.2       -.1       5.5
 11509  -.361020  -.631785  -.685938
  38497.7  18118.6       .5     43.3      -.1     28.9
      -.2     22.4       .1     20.7  19519.4  20302.9
      -5.1      57.8      -3.1      43.5
       -.7      27.9        .0      15.8
      -1.0      18.7       -.2      10.3
       -.7      15.3       -.1       8.4
 11510  -.458673  -.602008  -.653609
  40252.2  16675.7       .5     43.3      -.1     28.9
      -.1     22.1       .0      9.4  20463.0  21409.7
      -5.0      57.7      -1.9      42.0
      -1.3      27.7       -.6      17.4
       -.8      18.2        .0      11.5
       -.8      15.2       -.2       9.8
 11511  -.542159  -.569267  -.618061
  42437.0  14602.9       .5     43.3      -.1     28.9
      -.1     21.5       .8      9.1  22402.4  23067.3
      -6.0      58.9      -4.8      44.7
       -.7      27.4       -.1      18.8
       -.5      18.0       -.2      12.6
       -.8      15.1       -.3      10.9
 11512  -.612205  -.535679  -.581595
  44714.6  13107.5       .5     43.3      -.1     28.9
       .1     20.9      -.1     57.7  23456.2  24300.6
      -7.6      56.8      -6.9      44.4
       -.7      26.8       -.2      20.3
      -1.1      17.8       -.5      14.0
       -.7      14.6       -.1      12.5
 11513  -.670317  -.502738  -.545830
  47776.4  12104.2       .5     43.3      -.1     28.9
      -.4     20.6      -.1     57.7  25433.4  26363.9
      -6.4      58.0      -6.7      43.6
      -1.2      26.6       -.3      19.8
       -.7      17.5       -.1      14.0
       -.6      14.5       -.4      12.2
 11514  -.718269  -.471364  -.511767
  50865.8  11328.8       .5     43.3      -.1     28.9
      -.1     19.9      -.1     57.7  27739.9  28402.6
      -7.6      57.2      -8.6      45.4
      -1.1      26.0       -.6      21.7
       -.9      16.9       -.3      15.7
       -.6      14.4        .0      13.9
 11515  -.757796  -.442047  -.479937
  54375.4  10856.4       .5     43.3      -.1     28.9
       .1     19.2      -.1     57.7  30059.0  30990.4
      -7.2      58.5      -7.1      44.2
      -1.1      25.7       -.2      20.7
       -.8      17.2       -.2      15.4
       -.9      14.2       -.2      13.5
 11516  -.790440  -.414981  -.450551
  57584.3  10365.0       .5     43.3      -.1     28.9
       .2     18.8      -.1     57.7  32360.7  33050.5
      -5.8      60.0      -5.1      44.4
       -.8      25.3       -.1      22.4
       -.5      16.5       -.2      16.6
       -.8      13.9       -.4      15.0
 11517  -.817505  -.390173  -.423616
  61350.7  10079.4       .5     43.3      -.1     28.9
      -.1     18.3      -.1     57.7  34262.3  35388.7
      -6.0      59.9      -5.7      39.2
      -1.3      25.4       -.6      21.6
       -.7      16.6       -.1      16.1
       -.5      13.8        .0      14.6
 11518  -.840060  -.367526  -.399028
  65120.1   9856.7       .5     43.3      -.1     28.9
       .1     17.8      -.1     57.7  37083.3  38256.5
      -6.5      59.9      -6.8      42.4
      -1.1      24.8       -.3      22.9
       -.6      16.1       -.4      17.6
       -.8      13.5       -.1      15.4
 11519   .708659  -.620076  -.336613
  77448.2  11783.7       .5     43.3      -.1     28.9
       .5     86.6      -.1     57.7  44994.9  46197.4
     -10.6      60.0       7.1      42.0
      -1.2      23.7        .9      21.8
       -.8      17.7        .5      16.4
       -.5      16.4        .2      14.7
 11520   .677337  -.646549  -.350984
  74327.4  12130.6       .5     43.3      -.1     28.9
       .5     86.6      -.1     57.7  43014.2  44156.1
      -7.5      53.7       8.3      41.6
      -1.0      23.6        .4      20.2
       -.8      17.8        .4      14.7
       -.6      16.4        .3      13.0
 11521   .641844  -.673936  -.365851
  71301.0  12728.3       .5     43.3      -.1     28.9
       .5     86.6      -.1     57.7  39942.2  41663.2
      -9.0      54.1       6.4      42.2
       -.9      23.3        .7      20.7
       -.5      18.0        .4      15.1
       -.8      16.7        .4      13.5
 11522   .601687  -.701968  -.381068
  68376.0  13379.0       .5     43.3      -.1     28.9
       .5     86.6      -.1     57.7  39319.2  40428.6
      -9.7      53.3       7.9      45.4
      -1.0      23.5        .5      19.2
       -.6      17.7        .3      13.7
       -.5      16.9        .2      11.9
 11523   .556388  -.730259  -.396426
  65856.7  14193.8       .5     43.3      -.1     28.9
       .5     86.6      -.1     57.7  37514.9  38641.4
     -10.5      57.6       6.6      44.0
      -1.5      23.6        .8      19.9
       -.7      18.2        .2      13.8
       -.7      17.1        .3      12.1
 11524   .505524  -.758286  -.411641
  63692.8  14917.6       .5     43.3      -.1     28.9
       .5     86.6      -.1     57.7  35719.0  36642.8
     -10.1      54.8       7.0      44.8
       -.7      23.2        .2      18.5
       -.8      18.3        .3      12.8
       -.5      17.4        .1      10.8
 11525   .448787  -.785377  -.426348
  61598.9  14928.3       .5     43.3      -.1     28.9
       .5     86.6      -.1     57.7  33961.4  35339.8
     -10.8      52.2       6.2      49.3
      -1.2      23.4        .5      17.7
       -.8      18.7        .5      12.2
       -.8      17.5        .4      10.4
 11526   .386057  -.810720  -.440105
  59786.7  15116.6       .5     43.3      -.1     28.9
       .5     86.6      -.1     57.7  32930.7  34206.5
     -11.2      53.4       5.9      49.0
      -1.3      23.8        .4      17.8
       -.9      18.3        .3      11.1
      -1.2      17.7        .4       9.2
 11527   .317480  -.833386  -.452409
  57928.2  14616.8       .5     43.3      -.1     28.9
       .5     86.6       .0      6.7  32143.7  33228.9
     -12.4      57.2       6.2      51.3
      -1.4      23.4        .6      15.5
       -.8      18.9        .4       9.8
      -1.0      17.9        .4       8.1
 11528   .243541  -.852392  -.462727
  56675.0  14307.8       .5     43.3      -.1     28.9
       .5     86.6      -.2     18.7  31348.4  32444.6
     -10.1      52.9       2.3      49.7
       -.8      23.6        .3      14.7
      -1.0      18.8        .3       8.7
       -.8      18.2        .3       6.9
 11529   .165103  -.866792  -.470544
  56223.6  14169.5       .5     43.3      -.1      3.4
       .5     86.6      -.2     31.4  30855.4  31823.4
      -9.7      53.5       2.8      58.1
      -1.0      23.7        .5      11.2
      -1.0      18.8        .2       5.9
      -1.3      18.2        .2       4.8
 11530   .124573  -.872008  -.473376
  55787.8  14118.1       .5     43.3      -.2      9.2
       .5     86.6      -.3     37.9  31064.5  31780.5
     -12.5      54.1       6.6      65.5
      -1.4      23.8        .4      11.9
       -.9      18.7        .2       4.6
       -.9      18.2        .2       3.5
 11531   .083409  -.875791  -.475429
  55472.5  13977.3       .5     43.3      -.7     16.1
       .5     86.6      -.6     44.0  30386.4  31457.0
      -7.9      50.6        .0      66.9
      -1.2      23.9        .5      13.7
       -.7      18.8        .2       3.0
       -.9      18.2        .3       3.0
 11532   .041814  -.878085  -.476675
  55545.3  13961.2       .5     43.3      -.8     21.5
       .5     86.6      -.8     50.2  30739.4  31828.2
      -8.9      51.8       3.0      80.3
       -.8      23.7        .5      19.2
      -1.1      19.0        .2       3.0
      -1.1      18.0        .2       3.0
 11533   .000000  -.878853  -.477092
  55660.2  13959.5       .5     43.3      -.1     25.9
       .5     86.6      -.1     54.4  30412.5  31224.8
     -11.6      53.3        .8      88.6
      -1.8      23.6       -.3      28.7
       -.9      18.9        .1       5.5
      -1.0      18.0        .2       3.5
 11534  -.041814  -.878085  -.476675
  55645.5  13923.0       .5     43.3       .8     21.5
       .5     86.6       .8     50.1  30362.4  31502.9
      -8.6      51.4        .0      82.9
       -.6      23.7       -.7      19.1
      -1.1      18.9        .1       3.0
      -1.1      18.2        .0       3.0
 11535  -.083409  -.875791  -.475429
  55615.9  13993.3       .5     43.3       .6     15.4
       .5     86.6       .5     44.1  30947.1  31823.7
     -11.5      50.3       1.9      69.4
       -.8      24.1       -.1      13.8
       -.9      18.7       -.1       3.6
      -1.1      18.3       -.1       3.0
 11536  -.124573  -.872008  -.473376
  55791.5  14023.8       .5     43.3       .4      9.2
       .5     86.6       .3     37.8  30503.8  31541.4
     -10.7      54.0      -1.8      64.0
      -1.0      23.6       -.3      12.1
       -.9      19.0        .0       4.7
       -.5      18.3        .0       3.6
 11537  -.165103  -.866792  -.470544
  56132.8  14155.3       .5     43.3       .2      3.5
       .5     86.6       .3     31.4  31023.7  32026.8
      -8.5      53.2       -.5      54.0
       -.8      23.5        .0      11.7
      -1.1      18.7       -.2       5.9
       -.8      18.0       -.1       4.7
 11538  -.243541  -.852392  -.462727
  57121.7  14395.2       .5     43.3      -.1     28.9
       .5     86.6      -.1     18.5  31841.4  32799.9
      -8.0      51.6      -2.6      55.0
       -.9      23.5       -.1      14.8
      -1.0      19.1        .0       9.0
       -.9      17.9       -.1       7.0
 11539  -.317480  -.833386  -.452409
  58087.4  14679.7       .5     43.3      -.1     28.9
       .5     86.6      -.1      6.7  32420.0  33132.3
     -10.6      55.0      -5.5      51.0
      -1.0      23.3       -.4      15.3
       -.9      18.8       -.1       9.5
       -.7      17.7       -.2       8.0
 11540  -.386057  -.810720  -.440105
  59555.5  14908.5       .5     43.3      -.1     28.9
       .5     86.6      -.1     57.7  33386.6  34362.0
      -9.5      55.7      -4.0      48.8
       -.8      23.5       -.1      17.5
      -1.0      18.7       -.3      11.2
       -.8      17.6       -.1       9.2
 11541  -.448787  -.785377  -.426348
  61397.4  14996.4       .5     43.3      -.1     28.9
       .5     86.6      -.1     57.7  34360.8  35579.7
     -11.1      55.3      -3.2      45.7
      -1.2      23.6       -.3      17.8
      -1.0      18.5       -.3      12.0
       -.8      17.5       -.2      10.5
 11542  -.505524  -.758286  -.411641
  63596.5  14827.0       .5     43.3      -.1     28.9
       .5     86.6      -.1     57.7  35067.4  36302.2
      -9.7      55.1      -6.2      49.8
      -1.3      23.7       -.5      18.9
       -.8      18.4        .0      12.6
      -1.1      17.4       -.2      10.8
 11543  -.556388  -.730259  -.396426
  65992.0  14234.2       .5     43.3      -.1     28.9
       .5     86.6      -.1     57.7  36992.6  38184.6
     -11.1      56.6      -7.0      46.1
      -1.1      23.7       -.1      20.0
       -.6      18.3       -.1      13.6
       -.4      17.1        .0      12.1
 11544  -.601687  -.701968  -.381068
  68497.5  13505.8       .5     43.3      -.1     28.9
       .5     86.6      -.1     57.7  38500.9  39686.4
      -8.9      53.9      -7.5      44.3
      -1.1      23.1       -.4      19.2
       -.9      18.0       -.3      13.8
       -.8      16.9       -.2      11.9
 11545  -.641844  -.673936  -.365851
  71265.1  12832.4       .5     43.3      -.1     28.9
       .5     86.6      -.1     57.7  40881.4  42173.2
      -9.3      54.7      -7.3      45.4
      -1.1      23.1       -.3      20.7
       -.9      18.2       -.3      15.2
       -.8      16.6       -.3      13.2
 11546  -.677337  -.646549  -.350984
  74156.3  12197.1       .5     43.3      -.1     28.9
       .5     86.6      -.1     57.7  42626.3  44027.5
     -12.9      54.9      -7.4      42.1
      -1.0      23.0       -.1      20.1
       -.4      17.8       -.1      14.8
       -.8      16.3        .0      12.9
 11547  -.708659  -.620076  -.336613
  77216.3  11817.6       .5     43.3      -.1     28.9
       .5     86.6      -.1     57.7  43962.0  45594.8
     -10.2      58.3      -7.9      40.8
      -1.1      23.0       -.6      22.0
       -.8      17.6       -.2      16.1
       -.4      16.5       -.1      14.2
 11548   .482910  -.845093  -.229382
 113956.0  14456.0       .5     43.3      -.1     28.9
       .5     86.6      -.1     57.7  68816.8  70912.7
     -10.0      53.0       5.6      42.8
      -1.3      22.3        .9      19.3
       -.5      17.2        .1      13.2
       -.5      15.6        .2      11.5
 11549   .451149  -.861285  -.233777
 112030.4  14424.1       .5     43.3      -.1     28.9
       .5     86.6      -.1     57.7  67368.5  69468.0
     -12.7      53.6       5.2      46.2
      -1.6      22.5        .8      19.1
       -.8      17.2        .1      12.7
       -.5      15.8        .1      10.6
 11550   .417577  -.876913  -.238019
 110252.8  14287.2       .5     43.3      -.1     28.9
       .5     86.6      -.1     57.7  66366.7  68561.0
     -10.5      55.0       6.1      48.5
      -1.6      22.6       1.1      18.7
      -1.0      17.2        .5      12.0
       -.8      15.9        .4      10.4
 11551   .382204  -.891810  -.242063
 108371.0  14123.2       .5     43.3      -.1     28.9
       .5     86.6      -.1     57.7  65853.4  67014.8
     -12.1      55.9       5.9      52.0
      -1.2      22.8        .3      18.5
       -.7      17.3        .3      11.8
       -.6      16.0        .2       9.8
 11552   .345068  -.905804  -.245861
 106514.4  13908.0       .5     43.3      -.1     28.9
       .5     86.6      -.1     57.7  64881.0  65987.3
     -11.7      50.0       7.7      58.7
      -1.2      22.5        .6      17.8
       -.9      17.3        .3      10.9
       -.6      16.2        .2       9.1
 11553   .306238  -.918714  -.249365
 105301.6  13699.4       .5     43.3      -.1     28.9
       .5     86.6      -.1     57.7  63553.7  64794.3
     -11.0      46.8       4.1      61.8
      -1.3      23.3        .5      18.4
       -.8      17.4        .3      10.7
       -.7      16.2        .2       8.8
 11554   .265817  -.930361  -.252527
 104059.0  13535.7       .5     43.3      -.1     28.9
       .5     86.6      -.1     57.7  61905.2  63631.4
     -11.5      54.6       5.0      60.0
      -1.3      22.9        .6      18.4
       -.9      17.7        .4       9.4
       -.9      16.2        .4       7.6
 11555   .223945  -.940570  -.255298
 102963.7  13399.9       .5     43.3      -.1     28.9
       .5     86.6      -.1     57.7  61637.1  63740.8
     -13.6      55.1       8.7      63.7
      -1.5      22.6        .9      19.4
       -.8      17.6        .1       9.2
       -.8      16.2        .3       7.3
 11556   .180796  -.949177  -.257634
 102285.6  13359.5       .5     43.3      -.1     28.9
       .5     86.6      -.1      3.9  61407.3  63253.0
     -14.3      56.1       7.8      71.8
      -1.2      22.5        .2      18.3
      -1.1      18.1        .3       7.8
      -1.5      16.1        .4       6.1
 11557   .136577  -.956038  -.259496
 101584.6  13264.8       .5     43.3      -.1     28.9
       .5     86.6      -.3     16.5  60479.1  62182.9
     -11.7      50.1       2.2      72.0
      -1.3      22.6        .4      19.3
       -.9      17.4        .3       7.2
       -.9      16.5        .2       5.7
 11558   .091527  -.961030  -.260851
 101172.2  13170.5       .5     43.3      -.3      1.9
       .5     86.6      -.5     30.0  61116.2  62399.9
     -12.6      54.1       8.5      78.0
      -1.4      22.5        .7      19.6
      -1.0      17.7        .2       5.5
      -1.1      16.3        .3       3.9
 11559   .068771  -.962796  -.261330
 101050.8  13192.7       .5     43.3      -.7      8.0
       .5     86.6      -.7     36.6  59362.3  61702.1
     -10.8      51.9       1.8      86.0
      -1.3      22.4        .2      22.3
       -.9      17.6        .2       5.1
      -1.4      16.4        .2       3.0
 11560   .045908  -.964064  -.261674
 100885.8  13123.6       .5     43.3     -1.1     14.5
       .5     86.6     -1.0     43.0  60632.1  62623.6
     -11.7      53.8       2.2      92.0
      -1.5      22.4        .0      26.9
      -1.1      17.7        .2       4.3
      -1.2      16.2        .2       3.0
 11561   .022972  -.964827  -.261882
 100986.2  13199.7       .5     43.3     -1.4     20.9
       .5     86.6     -1.4     49.3  60366.8  62168.5
     -13.3      54.7      -1.8     102.1
      -1.3      23.0        .0      38.6
      -1.1      17.8        .1       5.8
      -1.1      15.8        .2       3.1
 11562   .000000  -.965081  -.261951
 100890.2  13095.3       .5     43.3       .0     25.6
       .5     86.6       .1     53.7  59470.4  61827.4
     -13.8      50.2      -2.5     110.6
      -1.3      22.8        .1      49.7
       -.8      17.6       -.3      18.0
      -1.3      16.2        .2       4.0
 11563  -.022972  -.964827  -.261882
 100801.4  13129.7       .5     43.3      1.3     21.0
       .5     86.6      1.3     49.4  60306.3  61972.9
     -14.1      54.6       1.2     101.6
      -1.2      22.8        .4      38.5
      -1.2      17.9        .0       7.6
      -1.1      16.1        .1       3.0
 11564  -.045908  -.964064  -.261674
 100923.0  13127.4       .5     43.3      1.0     14.5
       .5     86.6      1.0     43.0  60783.5  62390.2
     -11.9      47.9      -4.6      95.1
      -1.5      22.6        .1      27.1
      -1.3      17.5       -.1       5.1
      -1.2      16.3        .0       3.0
 11565  -.068771  -.962796  -.261330
 101130.2  13138.4       .5     43.3       .9      8.0
       .5     86.6       .8     36.6  60252.3  62001.4
     -13.6      51.8      -3.2      83.7
      -1.5      22.8       -.1      23.9
      -1.4      17.6       -.1       4.6
      -1.2      16.1       -.1       3.0
 11566  -.091527  -.961030  -.260851
 101057.6  13155.1       .5     43.3       .4      1.9
       .5     86.6       .6     29.8  60174.1  62092.7
     -13.8      51.9      -1.9      80.9
      -1.3      22.2       -.1      21.1
       -.9      17.6       -.1       5.4
      -1.6      16.3       -.1       3.9
 11567  -.136577  -.956038  -.259496
 101472.8  13248.1       .5     43.3      -.1     28.9
       .5     86.6       .4     16.6  60971.3  62642.4
     -11.4      51.2      -2.0      70.8
      -1.2      22.6       -.4      19.0
      -1.2      17.8       -.1       7.4
       -.9      16.3       -.1       5.6
 11568  -.180796  -.949177  -.257634
 102357.5  13388.4       .5     43.3      -.1     28.9
       .5     86.6       .1      3.8  61702.1  62979.7
     -12.0      55.0      -4.3      71.8
      -1.8      23.2       -.2      18.4
       -.9      17.9       -.1       7.9
      -1.2      16.4       -.2       6.0
 11569  -.223945  -.940570  -.255298
 103128.8  13457.0       .5     43.3      -.1     28.9
       .5     86.6      -.1     57.7  61282.5  63510.8
     -12.8      52.4      -4.3      65.2
      -1.4      22.8       -.5      18.9
       -.9      17.7       -.2       9.3
       -.8      16.4       -.1       7.4
 11570  -.265817  -.930361  -.252527
 104003.9  13688.5       .5     43.3      -.1     28.9
       .5     86.6      -.1     57.7  62530.1  64306.6
     -10.1      51.7      -6.2      64.6
      -1.2      22.7       -.5      18.9
      -1.0      17.3       -.2       9.2
       -.7      16.5       -.1       7.8
 11571  -.306238  -.918714  -.249365
 105200.3  13772.1       .5     43.3      -.1     28.9
       .5     86.6      -.1     57.7  62113.3  64421.8
     -11.8      52.3      -6.1      62.2
      -1.1      22.6       -.4      18.7
       -.7      17.6       -.1      10.5
      -1.2      16.2       -.2       8.7
 11572  -.345068  -.905804  -.245861
 106735.6  13962.6       .5     43.3      -.1     28.9
       .5     86.6      -.1     57.7  63897.8  66001.1
     -12.0      53.3     -11.0      61.4
      -1.8      22.8       -.7      18.3
       -.7      17.5       -.2      10.9
      -1.0      16.4       -.3       9.2
 11573  -.382204  -.891810  -.242063
 108302.7  14125.2       .5     43.3      -.1     28.9
       .5     86.6      -.1     57.7  65404.9  67287.6
     -11.9      53.1      -4.1      54.8
      -1.3      22.0       -.6      18.4
      -1.0      17.6       -.2      11.7
       -.8      16.1       -.2       9.9
 11574  -.417577  -.876913  -.238019
 109992.3  14406.4       .5     43.3      -.1     28.9
       .5     86.6      -.1     57.7  66962.5  68477.8
      -9.0      48.8      -5.4      48.7
      -1.4      23.3       -.7      19.1
      -1.1      17.4       -.3      11.9
       -.8      15.9       -.2      10.3
 11575  -.451149  -.861285  -.233777
 112203.7  14376.1       .5     43.3      -.1     28.9
       .5     86.6      -.1     57.7  67589.9  69397.5
     -11.0      55.1      -5.0      49.1
      -1.2      22.4       -.8      19.5
       -.8      17.2       -.2      12.7
       -.7      16.0       -.1      10.8
 11576  -.482910  -.845093  -.229382
 114197.3  14375.1       .5     43.3      -.1     28.9
       .5     86.6      -.1     57.7  69191.4  71226.6
     -12.2      53.1      -6.9      44.7
      -1.3      22.3       -.5      19.1
       -.5      16.9        .0      12.9
      -1.0      15.6       -.2      11.4
 11577   .337328  -.927651  -.160231
 163668.3  13863.4       .5     43.3      -.1     28.9
       .5     86.6      -.1     57.7 102991.5 105429.2
      -9.4      57.6       5.6      54.3
      -1.6      22.6       1.0      19.6
      -1.2      17.8        .6      11.0
      -1.0      16.7        .4       9.5
 11578   .312066  -.936198  -.161707
 162387.6  13765.4       .5     43.3      -.1     28.9
       .5     86.6      -.1     57.7 100948.7 104631.8
      -9.3      54.6       5.7      58.9
      -2.1      23.1       1.3      19.8
       -.9      18.1        .4      11.0
      -1.1      16.8        .4       9.3
 11579   .286124  -.944211  -.163091
 161202.3  13670.3       .5     43.3      -.1     28.9
       .5     86.6      -.1     57.7 102361.2 104100.8
     -13.4      56.5       7.5      59.8
      -1.7      23.8        .6      20.1
       -.8      18.1        .2      10.1
      -1.1      16.7        .3       8.4
 11580   .259539  -.951641  -.164374
 160004.5  13581.9       .5     43.3      -.1     28.9
       .5     86.6      -.1     57.7  98853.4 101827.5
     -12.7      49.9       7.1      58.6
      -1.9      23.8       1.1      21.6
      -1.1      18.1        .2      10.3
      -1.2      16.4        .3       8.3
 11581   .232349  -.958440  -.165549
 158899.7  13521.0       .5     43.3      -.1     28.9
       .5     86.6      -.1     57.7  99329.3 102483.8
     -11.3      50.0       3.7      69.8
      -1.3      23.8        .6      20.2
       -.9      18.1        .2       9.1
       -.7      17.1        .2       7.6
 11582   .204604  -.964562  -.166606
 157790.5  13414.8       .5     43.3      -.1     28.9
       .5     86.6      -.1     57.7  99608.1 101950.9
     -12.6      53.4       3.8      74.9
      -1.8      23.5        .5      22.9
       -.7      18.1        .3       9.4
       -.6      17.0        .2       7.4
 11583   .176357  -.969963  -.167539
 157344.3  13405.3       .5     43.3      -.1     28.9
       .5     86.6      -.1     57.7  99877.2 102424.6
     -11.5      51.1      14.0      76.1
      -1.7      23.3        .7      21.8
       -.9      17.9        .3       8.6
       -.8      16.9        .2       6.3
 11584   .147667  -.974605  -.168341
 156524.5  13234.3       .5     43.3      -.1     28.9
       .5     86.6      -.1     57.7  97540.1 100678.9
     -13.0      55.0       9.6      83.4
      -1.9      23.3        .4      24.1
       -.8      17.9        .3       9.2
       -.8      16.7        .2       6.3
 11585   .118600  -.978453  -.169006
 156014.7  13260.0       .5     43.3      -.1     28.9
       .5     86.6      -.4      2.6  97777.5 100410.5
     -12.3      54.0       6.1      93.0
      -1.6      23.8        .6      25.4
       -.8      18.1        .2       7.6
       -.7      16.7        .3       5.2
 11586   .089225  -.981478  -.169528
 155862.2  13214.7       .5     43.3      -.1     28.9
       .5     86.6      -.6     15.6  97014.9 100124.5
     -11.2      50.0       -.9      95.8
      -2.0      23.9        .8      28.6
      -1.0      18.2        .2       7.2
      -1.2      16.9        .2       5.1
 11587   .059616  -.983656  -.169904
 155518.7  13260.4       .5     43.3      -.5      1.2
       .5     86.6      -.9     29.2  97495.0  99774.5
     -10.9      47.4       1.3      95.8
      -1.7      24.2        .5      30.0
      -1.1      18.3        .1       6.0
      -1.4      16.8        .2       3.5
 11588   .044746  -.984421  -.170036
 155172.3  13133.2       .5     43.3     -1.0      7.4
       .5     86.6     -1.0     35.9  97100.6  99919.4
      -9.7      51.1      -2.1     109.2
      -1.8      23.1       -.1      33.5
       -.9      18.0        .0       7.2
      -1.1      16.6        .2       3.0
 11589   .029848  -.984969  -.170131
 155274.4  13151.0       .5     43.3     -1.2     14.0
       .5     86.6     -1.2     42.4  96761.0  99127.8
     -12.3      53.9      -4.1     115.5
      -2.1      23.7       -.3      43.2
      -1.4      18.0        .3      10.3
       -.8      16.6        .2       3.0
 11590   .014929  -.985299  -.170188
 155526.2  13118.6       .5     43.3     -1.4     20.5
       .5     86.6     -1.4     48.8  94581.7  97786.4
     -11.3      47.0       1.6     127.3
      -1.5      23.1      -2.3      54.3
      -1.0      17.9        .6      15.5
      -1.2      16.8        .0       6.8
 11591   .000000  -.985408  -.170207
 154968.0  13194.9       .5     43.3       .0     25.0
       .5     86.6      -.1     53.2  96102.2  98879.4
     -11.7      50.1      -3.2     122.9
      -2.0      23.1       -.4      63.8
      -1.4      18.0        .1      20.6
      -1.3      16.7        .0      10.8
 11592  -.014929  -.985299  -.170188
 155384.0  13184.4       .5     43.3      1.7     20.5
       .5     86.6      1.6     48.8  97000.1  99513.9
      -7.8      48.2       7.8     112.5
      -2.3      24.1       -.2      52.8
      -1.0      18.3        .4      14.2
       -.9      16.6        .2       3.2
 11593  -.029848  -.984969  -.170131
 155465.1  13135.6       .5     43.3      1.1     13.9
       .5     86.6      1.1     42.3  96940.4  99523.6
     -10.9      54.6       1.8     114.7
      -1.8      23.3       -.2      43.6
      -1.2      17.6        .1      10.1
       -.8      16.7        .1       3.3
 11594  -.044746  -.984421  -.170036
 155189.3  13164.0       .5     43.3      1.2      7.3
       .5     86.6      1.1     35.9  96156.2  98786.9
     -13.7      53.7       4.7     103.1
      -2.3      23.3       -.2      34.2
      -1.0      17.5        .1       7.4
      -1.2      16.7        .0       3.6
 11595  -.059616  -.983656  -.169904
 155153.2  13140.3       .5     43.3       .5      1.2
       .5     86.6       .9     29.0  96416.7 100219.4
     -11.3      48.6      -6.0      99.7
      -1.9      23.7       -.1      29.8
      -1.1      17.9       -.1       8.0
       -.7      16.7        .0       4.8
 11596  -.089225  -.981478  -.169528
 155810.7  13197.3       .5     43.3      -.1     28.9
       .5     86.6       .3     15.5  95966.6  99402.9
     -11.7      52.2      -2.7      96.5
      -1.8      23.4       -.4      26.9
       -.7      17.8        .0       7.9
      -1.3      16.7       -.1       4.8
 11597  -.118600  -.978453  -.169006
 156027.5  13165.2       .5     43.3      -.1     28.9
       .5     86.6       .3      2.5  98409.0 100689.6
     -11.9      52.7      -4.8      88.7
      -1.8      23.6       -.6      23.7
      -1.3      18.0       -.2       7.0
      -1.0      16.7        .0       5.4
 11598  -.147667  -.974605  -.168341
 156817.4  13388.0       .5     43.3      -.1     28.9
       .5     86.6      -.1     57.7  97704.1 100139.2
     -15.3      57.1      -5.7      83.2
      -1.9      23.6       -.6      24.0
      -1.1      18.0       -.1       8.5
      -1.2      16.6       -.1       6.3
 11599  -.176357  -.969963  -.167539
 157540.2  13321.4       .5     43.3      -.1     28.9
       .5     86.6      -.1     57.7  96507.8  99444.0
     -13.1      52.9      -6.2      75.7
      -1.4      23.6       -.6      22.5
      -1.3      17.9       -.3       8.4
       -.7      16.7        .0       6.3
 11600  -.204604  -.964562  -.166606
 157960.1  13495.7       .5     43.3      -.1     28.9
       .5     86.6      -.1     57.7  98931.5 101964.4
      -8.7      48.4      -4.2      80.6
      -1.8      22.8      -1.0      22.2
      -1.1      17.9       -.2       9.6
       -.9      16.6        .0       7.4
 11601  -.232349  -.958440  -.165549
 158859.4  13434.9       .5     43.3      -.1     28.9
       .5     86.6      -.1     57.7  99630.8 102525.9
      -6.7      50.2      -5.9      68.6
      -1.9      23.9       -.7      21.8
       -.7      18.0       -.1       9.1
       -.4      16.7       -.2       7.3
 11602  -.259539  -.951641  -.164374
 159862.5  13567.2       .5     43.3      -.1     28.9
       .5     86.6      -.1     57.7 100343.9 103565.8
      -8.3      47.7      -3.5      62.2
      -1.7      24.1       -.9      21.9
       -.5      17.9       -.1      10.8
       -.9      16.6       -.1       8.6
 11603  -.286124  -.944211  -.163091
 161259.5  13640.5       .5     43.3      -.1     28.9
       .5     86.6      -.1     57.7 100575.2 103561.6
     -10.8      49.4      -8.5      59.3
      -1.7      23.8       -.9      21.7
       -.7      18.2       -.1      10.3
      -1.1      16.8       -.2       8.7
 11604  -.312066  -.936198  -.161707
 162701.0  13897.8       .5     43.3      -.1     28.9
       .5     86.6      -.1     57.7 101724.6 104382.3
     -13.4      48.9      -7.9      55.4
      -1.7      23.6       -.5      21.4
       -.6      17.9        .1      10.9
      -1.1      16.5       -.2       9.2
 11605  -.337328  -.927651  -.160231
 163574.4  13820.6       .5     43.3      -.1     28.9
       .5     86.6      -.1     57.7 102290.9 105930.2
      -9.6      50.0      -6.5      52.5
      -1.5      23.9       -.5      20.4
       -.5      17.5        .0      11.1
      -1.0      16.7       -.2       9.4
