Pixel3d_25x100_prd2026lka@-30V,3.8T@90d,263K,rh=1.10/0.7,0/0 
426 1 3.8 59 5 29 0 30.0000 263.0000 0.0000 1.0000 500.0000 0.2700 -0.1200 100.1150 25.0000 150.0000 500.0000 0.1300 -0.060000 1.5000 1.0000 0.8500 
9501 -0.000000 -0.000000 -1.000000 
 13566.0  10941.9      0.2     28.3     -0.0      6.5 
     0.2     57.2     -0.0     13.7   1750.0   3500.0 
     -2.1      48.3      -0.3      22.2 
      1.3       9.4       0.1       3.7 
     -0.0       0.5       0.1       1.0 
     -0.2       0.6       0.1       1.0 
9502 -0.000000 -0.164583 -0.986363 
 13672.0  10623.7     -0.0     23.7     -0.1      6.5 
    -0.0     52.5     -0.1     13.7   4750.0   5000.0 
     -4.9      36.5       0.1      22.8 
     -0.1       3.9       0.1       3.5 
     -0.0       2.3       0.0       1.2 
     -0.1       2.1       0.1       0.7 
9503 -0.000000 -0.316555 -0.948574 
 14207.7  11065.6      0.0     18.0      0.0      6.5 
     0.0     46.7      0.0     13.7   6250.0   6250.0 
     -4.6      29.6      -1.1      24.4 
     -0.3       6.8       0.1       5.0 
     -0.1       4.3       0.0       1.1 
     -0.2       3.8       0.1       0.6 
9504 -0.000000 -0.447625 -0.894221 
 15037.8  11372.3      0.0     12.3      0.0      6.5 
    -0.1     40.8      0.0     13.7   6500.0   7750.0 
     -3.5      28.8       0.1      25.7 
     -0.1       9.5       0.0       5.1 
     -0.2       6.6       0.1       0.8 
     -0.1       5.5       0.1       0.7 
9505 -0.000000 -0.555142 -0.831756 
 16082.9  11336.4      0.2      6.9      0.0      6.5 
     0.0     34.5     -0.0     13.7   7750.0   8000.0 
     -4.2      32.9       0.9      25.4 
      0.1      12.1      -0.2       4.6 
     -0.1       8.6       0.1       1.2 
     -0.2       6.9       0.0       0.6 
9506 -0.000000 -0.640619 -0.767859 
 17430.0  10907.7     -0.4      4.8      0.0      6.5 
    -0.3     28.5      0.0     13.7   8000.0   9250.0 
     -3.5      32.8       1.3      24.8 
     -0.3      12.9       0.4       4.7 
     -0.0      10.8       0.1       1.8 
     -0.2       8.9       0.0       0.6 
9507 -0.000000 -0.707513 -0.706700 
 18922.6  10263.3      0.1     28.9     -0.0      6.5 
    -0.1     21.9     -0.0     13.7   9500.0   9500.0 
     -4.8      33.9       0.6      26.0 
     -0.2      15.0       0.4       5.8 
     -0.2      12.4       0.1       1.8 
     -0.1      10.5       0.1       0.6 
9508 -0.000000 -0.759626 -0.650360 
 20393.1   9615.9      0.1     28.9     -0.1      6.5 
     0.2     15.6     -0.1     13.7  11000.0  11000.0 
     -3.9      32.3       0.5      25.5 
     -0.2      15.1       0.1       6.0 
     -0.1      11.6      -0.0       1.6 
     -0.1      10.2       0.0       0.7 
9509 -0.000000 -0.800331 -0.599559 
 22240.2   9224.8      0.1     28.9      0.0      6.5 
     0.0      9.8      0.0     13.7  11500.0  12500.0 
     -4.2      32.2       1.2      26.8 
     -0.2      14.4       0.0       6.8 
     -0.3      10.6       0.0       1.7 
     -0.2       9.3       0.1       0.6 
9510 -0.000000 -0.832344 -0.554259 
 24019.3   8938.7      0.1     28.9      0.0      6.5 
     0.2      6.2      0.0     13.6  12750.0  12750.0 
     -4.6      32.7       0.3      27.3 
     -0.5      14.9       0.0       7.9 
     -0.3      11.7       0.0       2.1 
     -0.3      10.3       0.1       0.8 
9511 -0.000000 -0.857754 -0.514061 
 25837.3   8737.4      0.1     28.9      0.0      6.5 
     0.1      5.5      0.0     13.6  14250.0  14250.0 
     -5.5      33.0       1.1      27.1 
     -0.4      15.9      -0.2       8.2 
      0.0      12.4      -0.0       1.6 
     -0.2      11.6       0.1       0.6 
9512 -0.000000 -0.878127 -0.478428 
 27810.5   8532.5      0.1     28.9      0.0      6.5 
     0.1     57.8      0.0     13.6  15750.0  15750.0 
     -4.3      31.9      -0.4      27.2 
     -0.5      15.7      -0.3       8.8 
     -0.5      12.5      -0.1       3.7 
      0.0      11.0       0.1       1.0 
9513 -0.000000 -0.894633 -0.446802 
 29770.8   8404.7      0.1     28.9      0.0      6.5 
     0.1     57.8      0.1     13.6  16000.0  17250.0 
     -5.9      33.2       0.9      27.8 
     -0.4      15.3       0.4      10.7 
     -0.0      11.4       0.1       2.5 
     -0.1      10.1       0.0       1.2 
9514 -0.000000 -0.908142 -0.418661 
 31723.7   8280.8      0.1     28.9      0.1      6.4 
     0.1     57.8      0.1     13.6  17500.0  18750.0 
     -5.9      31.5       0.9      28.7 
     -0.3      15.4       0.2      11.0 
     -0.2      12.1      -0.1       2.6 
     -0.4      10.7       0.1       1.0 
9515 -0.000000 -0.919309 -0.393537 
 33718.3   8289.2      0.1     28.9     -0.0      6.4 
     0.1     57.8     -0.0     13.6  19000.0  20500.0 
     -4.2      31.3       0.8      28.8 
     -0.5      16.2      -0.1      11.4 
     -0.2      12.9       0.0       2.4 
     -0.1      12.1       0.1       1.0 
9516 -0.000000 -0.928624 -0.371023 
 35775.5   8178.8      0.1     28.9      0.1      6.4 
     0.1     57.8      0.1     13.6  20500.0  21500.0 
     -4.1      32.1       0.3      29.5 
     -0.3      16.0      -0.8      12.9 
     -0.3      12.7      -0.2       3.0 
     -0.2      11.5       0.0       1.2 
9517 -0.000000 -0.936462 -0.350770 
 37873.6   8207.0      0.1     28.9     -0.1      6.4 
     0.1     57.8     -0.1     13.5  22000.0  22500.0 
     -4.6      32.0       0.6      28.9 
     -0.2      15.0      -0.3      12.9 
     -0.2      11.8      -0.1       2.9 
     -0.1      10.5       0.1       0.9 
9518 -0.000000 -0.943110 -0.332480 
 40082.8   8173.1      0.1     28.9      0.0      6.4 
     0.1     57.8      0.0     13.5  23500.0  23750.0 
     -4.8      31.8       0.9      30.5 
     -0.2      15.4      -0.1      14.5 
     -0.1      12.1       0.2       3.0 
     -0.2      11.0       0.1       1.1 
9519 -0.000000 -0.948792 -0.315901 
 42057.1   8081.1      0.1     28.9      0.1      6.4 
     0.1     57.8      0.1     13.5  25250.0  25250.0 
     -5.3      31.3       0.7      29.8 
      0.2      16.1      -0.3      14.2 
     -0.0      13.2       0.3       4.6 
      0.1      12.2       0.0       0.8 
9520 -0.000000 -0.953682 -0.300817 
 44218.2   8086.7      0.1     28.9     -0.0      6.5 
     0.1     57.8     -0.0     13.5  26750.0  26750.0 
     -5.8      33.9       1.6      30.3 
     -0.2      16.6      -0.5      15.6 
     -0.1      13.0       0.2       2.9 
      0.1      11.9       0.1       1.0 
9521 -0.000000 -0.957917 -0.287045 
 46347.8   8100.7      0.1     28.9      0.0      6.4 
     0.1     57.8      0.0     13.5  28250.0  28500.0 
     -5.4      30.5       0.8      30.2 
     -0.5      15.4       0.0      15.4 
     -0.2      12.0       0.0       3.2 
     -0.1      10.9       0.1       1.3 
9522 -0.000000 -0.961607 -0.274429 
 48343.8   8015.4      0.1     28.9      0.0      6.4 
     0.1     57.8      0.0     13.5  29750.0  30000.0 
     -5.7      30.4       0.9      30.9 
     -0.3      15.7      -0.1      15.9 
     -0.2      12.5       0.2       4.1 
     -0.1      11.1       0.0       1.6 
9523 -0.000000 -0.964841 -0.262836 
 50528.2   8015.4      0.1     28.9     -0.0      6.4 
     0.1     57.8     -0.0     13.4  31500.0  31500.0 
     -5.0      31.5       0.7      30.8 
     -0.5      16.7      -0.3      15.5 
     -0.1      13.4      -0.2       5.1 
      0.1      12.4       0.1       1.3 
9524 -0.000000 -0.967688 -0.252150 
 52726.8   8083.6      0.1     28.9      0.0      6.4 
     0.1     57.8      0.0     13.4  33000.0  33250.0 
     -4.3      28.4       1.0      30.5 
     -0.4      16.3      -0.6      17.1 
     -0.2      12.7       0.1       3.7 
      0.0      11.9       0.1       1.2 
9525 -0.000000 -0.970208 -0.242273 
 54804.9   8057.9      0.1     28.9     -0.1      6.4 
     0.1     57.8     -0.0     13.4  34500.0  34750.0 
     -5.5      31.8       2.5      32.6 
     -0.3      15.3      -0.1      16.9 
     -0.0      12.1       0.2       5.2 
     -0.1      11.4       0.0       1.8 
9526 -0.000000 -0.972448 -0.233119 
 57102.4   8049.3      0.1     28.9     -0.0      6.4 
     0.1     57.8     -0.0     13.4  36000.0  36250.0 
     -5.2      31.4       1.3      32.5 
     -0.5      15.6      -0.5      17.3 
     -0.1      12.6       0.2       4.4 
      0.1      11.5       0.1       1.5 
9527 -0.000000 -0.974448 -0.224614 
 59218.4   8022.9      0.1     28.9      0.1      6.3 
     0.1     57.8      0.0     13.4  37500.0  37750.0 
     -5.9      33.1       1.3      33.3 
     -0.7      16.4      -0.3      17.8 
     -0.3      13.3      -0.1       4.8 
     -0.1      12.4       0.0       1.5 
9528 -0.000000 -0.976240 -0.216693 
 61266.0   8027.8      0.1     28.9      0.0      6.3 
     0.1     57.8     -0.0     13.4  38500.0  39500.0 
     -3.8      30.0       1.0      33.1 
     -0.6      16.2      -0.2      17.8 
     -0.1      13.1       0.0       4.8 
     -0.1      12.2       0.1       1.6 
9529 -0.000000 -0.977852 -0.209299 
 63627.5   8026.8      0.1     28.9     -0.0      6.3 
     0.1     57.8     -0.0     13.3  40750.0  41000.0 
     -6.1      31.7       1.1      32.5 
     -0.5      15.3       0.2      18.6 
     -0.2      12.1       0.1       4.8 
      0.1      11.2       0.1       1.7 
9530 -0.000000 -0.979307 -0.202382 
 65725.3   8012.6      0.1     28.9     -0.0      6.3 
     0.1     57.8     -0.0     13.4  42250.0  42750.0 
     -5.7      32.0       1.0      32.8 
     -0.4      15.6      -0.1      19.0 
     -0.2      12.5      -0.0       5.5 
      0.0      11.6       0.2       4.9 
9531 -0.000000 -0.980624 -0.195900 
 67876.0   8065.6      0.1     28.9      0.0      6.3 
     0.1     57.8      0.0     13.3  44000.0  44250.0 
     -7.4      33.4       1.1      33.3 
     -0.3      16.3       0.2      19.1 
     -0.0      13.2       0.2       5.1 
      0.1      12.4       0.1       2.0 
9532 -0.000000 -0.981821 -0.189811 
 70079.6   8042.4      0.1     28.9      0.0      6.4 
     0.1     57.8      0.0     13.3  45500.0  46000.0 
     -5.4      31.6       1.7      32.6 
     -0.7      16.3      -0.1      20.0 
     -0.0      13.1       0.1       5.8 
     -0.2      12.4       0.1       4.7 
9533 -0.000000 -0.982911 -0.184084 
 72127.5   8129.6      0.1     28.9     -0.1      6.3 
     0.1     57.8     -0.1     13.3  45750.0  47250.0 
     -5.5      33.2       0.5      34.2 
     -0.7      15.7      -0.1      19.5 
     -0.3      11.9      -0.0       5.6 
      0.0      11.5       0.2       3.5 
9534 -0.000000 -0.983906 -0.178687 
 74355.9   8014.0      0.1     28.9     -0.0      6.3 
     0.1     57.8     -0.0     13.3  48500.0  48750.0 
     -6.0      33.5       1.6      34.4 
     -0.6      15.7       0.0      19.4 
     -0.1      12.5       0.1       6.3 
      0.0      11.5      -0.1       3.8 
9535 -0.000000 -0.984818 -0.173592 
 76678.6   8054.5      0.1     28.9      0.0      6.3 
     0.1     57.8      0.0     13.3  49000.0  50250.0 
     -7.7      38.4       1.0      34.8 
     -0.5      16.7      -0.1      19.8 
     -0.2      13.4       0.1       6.7 
     -0.1      12.5      -0.1       4.1 
9536 -0.000000 -0.985655 -0.168775 
 78710.5   8061.9      0.1     28.9      0.0      6.2 
     0.1     57.8     -0.0     13.3  51750.0  53250.0 
     -5.8      31.8       2.5      34.9 
     -0.4      16.3      -0.2      19.9 
      0.1      13.0       0.1       5.9 
     -0.0      12.3       0.1       6.7 
9537 -0.000000 -0.986425 -0.164215 
 80896.7   8042.1      0.1     28.9      0.0      6.3 
     0.1     57.8      0.0     13.2  53250.0  54000.0 
     -4.9      33.6       3.5      35.9 
     -0.6      15.2      -0.0      19.9 
     -0.1      12.1       0.1       6.3 
     -0.2      11.3       0.1       2.6 
9538 -0.000000 -0.987134 -0.159892 
 83149.0   8157.2      0.1     28.9      0.0      6.3 
     0.1     57.8      0.0     13.3  55000.0  55250.0 
     -5.0      30.7       3.9      34.5 
     -0.9      15.9      -0.2      20.3 
     -0.1      12.6       0.1       6.6 
      0.2      11.7       0.1       2.3 
9539 -0.000000 -0.987791 -0.155788 
 85321.7   8065.3      0.1     28.9     -0.1      6.2 
     0.1     57.8     -0.1     13.2  56500.0  57000.0 
     -6.5      32.4       2.0      36.5 
     -0.6      16.5       0.1      21.2 
     -0.0      13.4      -0.1       7.6 
     -0.4      12.8       0.1       2.3 
9540 -0.000000 -0.988398 -0.151887 
 87359.4   8097.0      0.1     28.9     -0.0      6.3 
     0.1     57.8     -0.0     13.2  58000.0  58750.0 
     -5.2      30.7       2.7      34.9 
     -0.6      16.4       0.0      20.8 
      0.0      12.9      -0.0       7.1 
     -0.3      12.4       0.1       2.0 
9541 -0.000000 -0.988961 -0.148174 
 89945.7   8114.0      0.1     28.9      0.0      6.2 
     0.1     57.8     -0.0     13.2  59750.0  61250.0 
     -6.4      31.5       1.8      34.9 
     -0.6      15.3      -0.0      21.2 
     -0.1      12.4      -0.2       8.1 
     -0.2      11.3       0.1       2.0 
9542 -0.000000 -0.989485 -0.144636 
 91941.4   8175.8      0.1     28.9     -0.0      6.2 
     0.1     57.8     -0.0     13.2  61000.0  62750.0 
     -3.6      30.3       0.8      37.4 
     -0.9      15.9       0.1      21.6 
     -0.1      12.5       0.1       7.8 
      0.1      11.6      -0.1       3.4 
9543 -0.000000 -0.989972 -0.141262 
 94051.9   8074.5      0.1     28.9     -0.0      6.2 
     0.1     57.8     -0.0     13.2  62000.0  64250.0 
     -5.8      32.3       2.2      36.2 
     -0.8      16.0       0.1      21.1 
      0.1      13.4      -0.3       7.5 
      0.1      12.6       0.1       2.4 
9544 -0.000000 -0.990427 -0.138040 
 96193.8   8070.4      0.1     28.9      0.0      6.2 
     0.1     57.8      0.0     13.1  64500.0  66000.0 
     -8.0      35.6       0.0      37.2 
     -0.5      16.8      -0.3      21.5 
     -0.1      13.2       0.1       7.5 
     -0.1      12.2       0.1       1.9 
9545 -0.000000 -0.990851 -0.134961 
 98460.2   8166.0      0.1     28.9      0.1      6.3 
     0.1     57.8      0.1     13.1  66000.0  67500.0 
     -6.0      32.5       3.0      35.0 
     -0.6      15.8       0.2      21.0 
     -0.1      12.1      -0.1       7.7 
      0.0      11.2       0.1       2.0 
9546 -0.000000 -0.991248 -0.132015 
101028.5   8061.3      0.1     28.9     -0.0      6.2 
     0.1     57.8     -0.0     13.1  67750.0  69000.0 
     -4.4      28.0       1.9      34.2 
     -0.6      15.8       0.2      22.2 
     -0.2      12.5      -0.2       8.9 
     -0.2      11.6       0.0       2.7 
9547 -0.000000 -0.991619 -0.129193 
102833.6   8123.8      0.1     28.9     -0.0      6.2 
     0.1     57.8     -0.0     13.1  69000.0  70750.0 
     -5.2      28.4       4.3      37.2 
     -0.6      16.6      -0.5      21.7 
     -0.3      13.3       0.1       8.1 
      0.2      12.7       0.1       2.1 
9548 -0.000000 -0.991968 -0.126489 
105274.0   8135.3      0.1     28.9      0.0      6.2 
     0.1     57.8     -0.0     13.1  71000.0  72750.0 
     -7.0      32.4       1.4      35.9 
     -0.6      16.6      -0.0      22.1 
     -0.2      13.2       0.2       8.8 
      0.2      12.5       0.1       5.7 
9549 -0.000000 -0.992295 -0.123894 
107208.5   8110.2      0.1     28.9     -0.1      6.1 
     0.1     57.8     -0.1     13.1  73500.0  75000.0 
     -8.2      32.3       2.0      35.9 
     -0.7      15.9       0.1      21.9 
     -0.1      12.2       0.2       8.6 
     -0.2      11.4       0.1       2.6 
9550 -0.000000 -0.992603 -0.121404 
109422.3   8198.5      0.1     28.9      0.0      6.2 
     0.1     57.8     -0.0     13.1  74000.0  76500.0 
     -6.5      32.8       0.3      37.4 
     -0.6      15.6      -0.2      22.2 
     -0.1      12.7      -0.3       8.4 
      0.2      11.6       0.0       4.2 
9551 -0.000000 -0.992893 -0.119010 
111691.0   8162.5      0.1     28.9      0.0      6.2 
     0.1     57.8      0.0     13.1  76750.0  78250.0 
     -5.3      31.9       0.2      37.4 
     -0.7      16.0       0.2      22.1 
      0.1      13.4      -0.1       9.4 
     -0.2      12.7      -0.1       2.5 
9552 -0.000000 -0.993166 -0.116709 
114028.0   8126.3      0.1     28.9     -0.0      6.1 
     0.1     57.8     -0.0     13.0  78250.0  79750.0 
     -4.1      28.0       4.5      36.3 
     -0.9      16.4      -0.3      22.2 
     -0.1      13.3       0.2       8.8 
      0.0      12.5       0.1       1.9 
9553 -0.000000 -0.993424 -0.114494 
116134.8   8135.4      0.1     28.9     -0.0      6.1 
     0.1     57.8     -0.0     13.0  80000.0  81250.0 
     -4.6      24.9       2.7      36.2 
     -0.8      15.6       0.1      22.2 
     -0.1      12.2      -0.1       9.4 
      0.1      11.9       0.1       4.7 
9554 -0.000000 -0.993667 -0.112361 
118543.5   8204.4      0.1     28.9     -0.0      6.1 
     0.1     57.8     -0.0     13.0  81250.0  83000.0 
     -7.3      29.5       3.9      37.9 
     -0.6      15.9       0.3      23.0 
     -0.0      12.6       0.0      10.1 
      0.2      11.7       0.1       2.8 
9555 -0.000000 -0.993898 -0.110306 
120526.7   8224.4      0.1     28.9     -0.0      6.2 
     0.1     57.8     -0.0     13.0  83000.0  84500.0 
     -4.3      29.4       1.9      38.3 
     -0.5      16.4      -0.0      22.7 
     -0.2      13.5      -0.2       9.4 
     -0.1      12.9      -0.1       2.8 
9556 -0.000000 -0.994116 -0.108324 
122785.0   8189.9      0.1     28.9     -0.0      6.3 
     0.1     57.8     -0.0     13.0  84750.0  86250.0 
     -6.9      31.2       1.3      35.3 
     -0.9      16.7      -0.1      22.5 
     -0.0      13.1      -0.1      10.0 
     -0.2      12.6      -0.0       2.6 
9557 -0.000000 -0.994322 -0.106412 
125150.0   8174.4      0.1     28.9     -0.0      6.1 
     0.1     57.8     -0.0     13.0  86000.0  87750.0 
     -4.4      28.8       2.1      37.1 
     -0.6      15.6       0.3      22.6 
     -0.0      12.2       0.0      10.0 
      0.1      12.2      -0.2       4.4 
9558 -0.000000 -0.994518 -0.104566 
127076.5   8184.3      0.1     28.9      0.0      6.1 
     0.1     57.8      0.0     13.0  87750.0  89250.0 
     -3.8      25.9       1.2      36.3 
     -0.7      15.5       0.0      22.8 
     -0.2      12.6       0.2      10.1 
      0.0      11.9       0.1       4.6 
9559 -0.000000 -0.994704 -0.102782 
129503.4   8151.3      0.1     28.9     -0.0      6.1 
     0.1     57.8     -0.0     13.0  89250.0  91750.0 
     -3.1      27.6       3.8      37.4 
     -0.6      16.4       0.3      22.8 
     -0.3      13.5       0.1       9.9 
      0.2      12.7       0.0       4.1 
9560 0.600000 -0.000000 -0.800000 
 16496.7   3035.9      0.2     28.6    -31.1     21.8 
     0.2     57.4     -0.1     14.4   3250.0   5250.0 
     -2.3      51.9       2.5      16.4 
      0.0       9.4       0.1       5.8 
      0.3       1.4      -0.1       5.2 
     -0.2       0.5       0.1       5.8 
9561 0.554700 -0.000000 -0.832050 
 15933.4   3256.3      0.1     28.7    -22.9     25.3 
     0.1     57.5     -0.1     14.4   5250.0   5250.0 
     -1.4      50.1       2.2      15.8 
      1.1      10.9       0.1       5.3 
      0.0       1.3      -0.0       4.6 
     -0.1       0.6       0.0       5.4 
9562 0.503871 -0.000000 -0.863779 
 15287.7   3584.8      0.1     28.5     -0.1      7.2 
     0.1     57.3     -0.1     14.4   5250.0   5250.0 
      2.0      44.8       2.1      15.9 
      2.5       9.6       0.1       5.3 
     -0.0       1.6       0.1       4.5 
     -0.2       0.5      -0.0       4.9 
9563 0.447214 -0.000000 -0.894427 
 14839.1   4008.6     -0.1     28.8     -0.1      7.2 
    -0.1     57.5      0.4      4.1   5250.0   5250.0 
     -2.4      46.7       2.0      16.5 
      0.2       9.1      -0.0       4.9 
     -0.7       2.1      -0.0       3.9 
     -0.1       0.5       0.1       4.5 
9564 0.384615 -0.000000 -0.923077 
 14383.5   4619.0     -0.0     28.6     -0.1      7.2 
    -0.0     57.4     -0.1      3.0   5000.0   5000.0 
      1.4      46.7       1.4      16.5 
     -0.1       9.9       0.1       4.7 
     -0.5       0.7      -0.0       3.9 
     -0.1       0.5       0.1       4.1 
9565 0.351123 -0.000000 -0.936329 
 14242.5   5057.6      0.1     28.5     -0.1      7.2 
     0.1     57.3     -0.0      2.8   5000.0   5000.0 
      0.1      48.4       1.8      16.8 
     -0.5      13.1       0.1       4.3 
      0.0       0.8       0.1       3.4 
     -0.1       0.5       0.1       3.5 
9566 0.316228 -0.000000 -0.948683 
 13947.8   5584.8      0.2     28.7     -0.1      7.2 
     0.2     57.5     -0.0      3.6   5000.0   5000.0 
      0.4      47.8       1.5      16.4 
      1.4       9.9       0.0       3.9 
     -0.1       1.1       0.0       3.1 
     -0.1       0.5       0.0       3.3 
9567 0.280000 -0.000000 -0.960000 
 13818.2   6360.1     -0.1     28.5      0.0      1.5 
    -0.1     57.4      0.1      4.7   5000.0   5000.0 
      0.3      50.7       1.0      15.4 
     -1.3       9.7       0.1       3.9 
     -0.1       1.3       0.1       3.0 
     -0.1       0.5       0.1       3.2 
9568 0.242536 -0.000000 -0.970142 
 13723.5   7266.0     -0.1     28.6     -0.2      1.8 
    -0.1     57.4     -0.1      6.0   4750.0   4750.0 
      4.7      47.3       1.6      16.4 
     -1.4      12.2       0.1       3.8 
     -0.0       1.5       0.1       3.0 
     -0.2       0.7       0.0       2.9 
9569 0.203954 -0.000000 -0.978980 
 13594.5   8344.6      0.2     28.5      0.0      1.9 
     0.2     57.3     -0.0      7.4   4750.0   4750.0 
     -3.7      52.8       1.3      17.0 
      1.9       8.1       0.1       3.4 
     -0.4       1.8       0.0       2.6 
     -0.1       0.5       0.1       2.6 
9570 0.164399 -0.000000 -0.986394 
 13599.4   9441.3     -0.2     28.5     -0.0      2.1 
    -0.2     57.3      0.0      8.8   4750.0   5000.0 
     -1.2      48.4       0.5      17.4 
     -0.1       6.9       0.1       2.9 
      0.1       1.1      -0.0       2.0 
     -0.1       0.5       0.0       2.0 
9571 0.124035 -0.000000 -0.992278 
 13563.2  10322.1      0.0     28.6     -0.0      3.2 
     0.0     57.4      0.0     10.2   4750.0   4750.0 
     -2.7      49.3       1.5      18.9 
      0.7       8.3       0.0       2.3 
     -0.2       0.6       0.1       1.5 
     -0.1       0.5       0.1       1.5 
9572 0.083045 -0.000000 -0.996546 
 13513.0  10828.1     -0.2     28.4     -0.0      4.5 
    -0.2     57.3     -0.0     11.6   3250.0   3250.0 
     -2.1      47.7       0.6      20.0 
     -0.6       7.7      -0.0       1.8 
     -0.1       0.7       0.1       1.0 
     -0.1       0.5       0.1       0.9 
9573 0.041631 -0.000000 -0.999133 
 13491.7  10882.7     -0.0     28.5      0.0      5.7 
    -0.0     57.3      0.0     12.9   1750.0   1750.0 
     -2.5      43.1       0.9      21.6 
     -0.3       8.7       0.1       1.9 
      0.0       0.7       0.1       0.7 
     -0.1       0.5       0.1       0.6 
9574 -0.000000 -0.000000 -1.000000 
 13621.8  10953.2      0.2     28.3      0.0      6.5 
     0.2     57.3      0.0     13.7   1750.0   3250.0 
     -2.2      48.2       0.4      23.0 
     -0.2       9.2       0.1       4.1 
     -0.9       7.0       0.2       1.3 
     -0.2       0.5       0.0       1.3 
9575 -0.041631 -0.000000 -0.999133 
 13517.7  10878.0      0.0     28.5     -0.0      5.7 
     0.0     57.3     -0.0     12.9   1750.0   1750.0 
     -0.6      46.3       1.3      21.9 
      1.1       8.2      -0.0       2.1 
     -0.3       0.8       0.1       0.6 
     -0.1       0.6       0.1       0.5 
9576 -0.083045 -0.000000 -0.996546 
 13514.4  10791.6     -0.2     28.6      0.1      4.5 
    -0.2     57.4      0.1     11.6   3250.0   3250.0 
      0.3      46.8       0.3      20.3 
     -0.5       4.7      -0.0       2.2 
     -0.2       0.5       0.1       1.0 
     -0.1       0.5       0.1       0.9 
9577 -0.124035 -0.000000 -0.992278 
 13506.2  10276.2      0.0     28.4      0.0      3.2 
     0.0     57.3     -0.0     10.2   4750.0   4750.0 
      0.2      45.7      -0.4      18.9 
     -0.1       5.3      -0.0       2.4 
     -0.3       0.5       0.1       1.6 
     -0.2       0.5       0.1       1.5 
9578 -0.164399 -0.000000 -0.986394 
 13555.6   9412.8     -0.2     28.5     -0.0      2.1 
    -0.2     57.3      0.0      8.8   4750.0   5000.0 
      0.1      47.3      -0.4      17.1 
      1.1      11.9       0.1       2.9 
     -0.1       0.5       0.0       2.1 
     -0.1       0.7       0.0       2.1 
9579 -0.203954 -0.000000 -0.978980 
 13582.6   8318.6     -0.1     28.5     -0.0      1.9 
    -0.1     57.3      0.0      7.4   4750.0   4750.0 
     -0.1      50.6      -1.1      16.2 
     -0.6       7.7       0.0       3.4 
     -0.7       2.1       0.0       2.6 
     -0.1       0.5       0.1       2.6 
9580 -0.242536 -0.000000 -0.970142 
 13768.9   7247.5      0.1     28.4      0.0      1.7 
     0.1     57.3      0.1      6.0   4750.0   4750.0 
     -2.1      48.2      -0.7      15.6 
      0.5      11.0       0.1       3.8 
      0.0       1.0       0.1       3.0 
     -0.1       0.5       0.1       2.9 
9581 -0.280000 -0.000000 -0.960000 
 13774.5   6315.8     -0.2     28.7      7.1     33.9 
    -0.2     57.4      0.0      4.7   5000.0   5000.0 
      3.6      45.3      -0.6      15.6 
      0.8       8.7       0.1       3.9 
      0.1       0.7       0.1       3.0 
     -0.1       0.5       0.0       3.2 
9582 -0.316228 -0.000000 -0.948683 
 13992.0   5587.3     -0.4     28.4     -0.1      7.2 
    -0.4     57.3      0.0      3.6   5000.0   5000.0 
      0.0      47.4      -1.0      15.5 
      0.1      11.4       0.1       4.0 
     -0.0       2.1       0.1       3.1 
     -0.1       0.5       0.1       3.3 
9583 -0.351123 -0.000000 -0.936329 
 14067.1   5059.2     -0.2     28.5     -0.1      7.2 
    -0.2     57.3     -0.0      2.8   5000.0   5000.0 
     -1.6      43.0      -1.2      15.5 
      1.7      11.0      -0.0       4.3 
      0.1       1.6       0.1       3.4 
     -0.1       0.5       0.1       3.5 
9584 -0.384615 -0.000000 -0.923077 
 14357.9   4638.6      0.1     28.5     -0.1      7.2 
     0.1     57.4      0.2      2.9   5000.0   5000.0 
     -0.6      49.2      -0.8      15.8 
     -1.1       8.0       0.0       4.6 
     -0.1       0.8       0.1       4.0 
     -0.1       0.5       0.1       4.2 
9585 -0.447214 -0.000000 -0.894427 
 14786.6   3995.5      0.1     28.6     -0.1      7.2 
     0.1     57.4     -0.2      4.1   5250.0   5250.0 
      3.2      47.7      -1.8      15.4 
     -1.0      11.4      -0.1       4.8 
     -0.3       1.9       0.1       3.9 
     -0.1       0.5       0.1       4.5 
9586 -0.503871 -0.000000 -0.863779 
 15336.9   3579.8     -0.1     28.6     -0.5     28.1 
    -0.1     57.4     -0.1     14.4   5250.0   5250.0 
     -2.3      47.7      -1.2      15.3 
      1.2      11.2       0.2       5.3 
      0.0       1.3       0.0       4.5 
     -0.1       0.5       0.1       4.8 
9587 -0.554700 -0.000000 -0.832050 
 15833.3   3257.5     -0.2     28.7    -15.9     25.1 
    -0.2     57.5     -0.1     14.4   5250.0   5250.0 
     -2.2      49.8      -1.2      14.3 
      1.5      12.2      -0.0       5.3 
     -0.3       1.2      -0.0       4.6 
     -0.1       0.5      -0.0       5.3 
9588 -0.600000 -0.000000 -0.800000 
 16467.5   3052.3      0.1     28.7    -23.2     30.1 
     0.1     57.4     -0.1     14.4   3500.0   5250.0 
     -1.7      48.3      -1.3      14.7 
      0.6      12.5       0.0       5.7 
     -2.3      10.8       0.0       5.1 
     -0.1       0.5      -0.0       5.7 
9589 0.468311 -0.625133 -0.624415 
 21033.2   4026.1      0.1     28.9     -0.1      7.2 
    -0.0     21.4     -0.1     14.4  10000.0  10250.0 
     -3.6      31.4       2.4      15.7 
     -0.3      15.6       0.2       5.4 
     -0.2      11.9       0.0       4.6 
     -0.1      10.9       0.1       4.8 
9590 0.426201 -0.640037 -0.639301 
 20640.8   4434.5      0.1     28.9     -0.1      7.2 
    -0.0     21.5     -0.1     14.4  10000.0  11500.0 
     -2.8      31.7       1.3      17.1 
     -0.3      15.3       0.2       5.1 
     -0.1      11.8       0.0       4.1 
     -0.1      10.6       0.1       4.2 
9591 0.381127 -0.654112 -0.653360 
 20169.6   4871.5      0.1     28.9     -0.1      7.2 
     0.0     21.5     -0.1     14.4  10000.0  11250.0 
     -3.4      34.3       2.5      17.8 
     -0.5      15.4       0.2       5.0 
     -0.2      11.8       0.1       4.1 
     -0.0      10.8       0.0       4.1 
9592 0.333163 -0.667092 -0.666326 
 19840.6   5476.6      0.1     28.9     -0.1      7.2 
    -0.2     21.5     -0.1     14.4   9750.0  10000.0 
     -4.1      33.7       1.9      18.7 
     -0.5      15.5       0.2       4.5 
     -0.1      11.8       0.0       3.5 
     -0.1      10.7       0.1       3.4 
9593 0.282467 -0.678701 -0.677921 
 19480.5   6301.5      0.1     28.9     -0.1      7.2 
    -0.0     21.7     -0.0      2.5   9750.0  10000.0 
     -3.9      31.9       2.2      18.7 
     -0.4      16.0       0.2       4.8 
     -0.0      11.9       0.0       3.5 
     -0.2      10.8       0.1       3.3 
9594 0.256170 -0.683905 -0.683119 
 19286.9   6869.9      0.1     28.9     -0.1      7.2 
     0.0     21.7     -0.0      2.2   9750.0   9750.0 
     -3.2      32.1       1.4      18.1 
     -0.3      16.0       0.1       4.6 
     -0.1      12.5       0.0       3.6 
     -0.1      10.9       0.1       2.9 
9595 0.229291 -0.688663 -0.687872 
 19211.6   7588.4      0.1     28.9     -0.1      7.2 
     0.1     21.9     -0.0      2.8   9500.0   9750.0 
     -5.2      34.3       1.9      20.2 
     -0.3      16.2       0.1       4.1 
      0.1      12.3       0.1       2.9 
      0.0      10.8       0.0       2.6 
9596 0.201877 -0.692946 -0.692150 
 19151.3   8424.4      0.1     28.9     -0.1      7.2 
    -0.3     21.8      0.0      4.0   9500.0   9500.0 
     -3.9      34.9       1.6      19.5 
     -0.4      15.7       0.1       4.1 
     -0.3      12.2       0.1       2.9 
     -0.2      11.0       0.1       2.7 
9597 0.173981 -0.696723 -0.695922 
 19100.8   9156.5      0.1     28.9     -0.1      7.2 
     0.4     22.0     -0.0      5.4   9500.0   9500.0 
     -4.4      34.9       1.5      19.4 
     -0.0      15.5       0.1       4.2 
      0.2      11.9       0.1       3.0 
     -0.0      11.0       0.1       2.8 
9598 0.145659 -0.699967 -0.699163 
 18971.9   9683.1      0.1     28.9     -0.2      1.7 
     0.2     22.1     -0.0      6.9   9500.0   9500.0 
     -3.4      31.7       1.2      19.5 
     -0.0      15.3       0.0       3.5 
     -0.2      12.2       0.0       2.6 
     -0.0      11.0       0.0       2.3 
9599 0.116975 -0.702656 -0.701849 
 18863.5   9985.3      0.1     28.9     -0.0      1.6 
    -0.2     22.1     -0.0      8.4   9500.0   9500.0 
     -4.4      33.7       1.0      20.3 
     -0.3      15.3       0.1       3.2 
     -0.1      12.3       0.0       2.0 
     -0.2      10.9       0.1       1.7 
9600 0.087995 -0.704769 -0.703959 
 18912.8  10090.8      0.1     28.9     -0.1      2.7 
    -0.1     22.0     -0.0      9.9   9500.0   9500.0 
     -4.0      31.4       0.7      20.7 
      0.1      15.7       0.1       2.9 
      0.1      12.7       0.0       1.5 
     -0.2      10.7       0.1       1.3 
9601 0.058790 -0.706289 -0.705478 
 18827.3  10295.3      0.1     28.9     -0.0      4.3 
    -0.1     21.9     -0.0     11.3   9500.0   9500.0 
     -3.1      31.8       0.7      22.1 
      0.0      15.3       0.1       2.8 
     -0.2      12.7       0.1       1.1 
     -0.2      10.7       0.1       0.9 
9602 0.029433 -0.707206 -0.706394 
 18890.9  10291.7      0.1     28.9     -0.0      5.5 
     0.1     21.9     -0.1     12.7   9500.0   9500.0 
     -4.8      33.5       0.5      24.3 
     -0.5      15.1      -0.0       4.1 
     -0.2      12.5       0.0       0.7 
     -0.1      10.7       0.1       0.5 
9603 -0.000000 -0.707513 -0.706700 
 18850.1  10260.8      0.1     28.9     -0.0      6.5 
     0.2     22.0     -0.0     13.7   9500.0   9500.0 
     -4.5      32.2       1.0      25.4 
      0.1      15.1       0.1       5.0 
     -0.3      12.5       0.1       1.4 
     -0.1      10.4       0.1       0.6 
9604 -0.029433 -0.707206 -0.706394 
 18898.9  10286.6      0.1     28.9      0.0      5.5 
    -0.1     21.9      0.0     12.7   9500.0   9750.0 
     -4.2      31.7       0.5      23.8 
     -0.5      15.3       0.0       3.8 
     -0.1      12.7       0.1       0.7 
     -0.1      10.8       0.1       0.4 
9605 -0.058790 -0.706289 -0.705478 
 18883.2  10361.3      0.1     28.9      0.0      4.2 
    -0.2     22.0      0.0     11.3   9500.0   9500.0 
     -4.9      34.0      -0.8      23.2 
     -0.3      15.3      -0.0       2.9 
     -0.2      12.4       0.1       1.0 
     -0.2      10.8       0.1       0.8 
9606 -0.087995 -0.704769 -0.703959 
 18876.0  10076.6      0.1     28.9      0.0      2.7 
    -0.1     22.0      0.0      9.9   9500.0   9750.0 
     -4.0      32.9      -0.0      22.1 
     -0.4      15.4       0.0       2.7 
     -0.2      12.4       0.1       1.5 
     -0.2      10.9       0.1       1.2 
9607 -0.116975 -0.702656 -0.701849 
 18981.6   9962.7      0.1     28.9      0.0      1.5 
    -0.1     22.0      0.0      8.4   9500.0   9500.0 
     -4.3      32.8      -0.1      20.0 
     -0.1      15.4       0.0       3.3 
      0.1      12.4       0.0       2.0 
     -0.2      10.9       0.1       1.7 
9608 -0.145659 -0.699967 -0.699163 
 18952.4   9679.7      0.1     28.9      0.1      1.7 
     0.1     21.9      0.1      6.9   9500.0   9500.0 
     -3.8      32.8       0.2      19.6 
     -0.4      15.4       0.1       3.5 
      0.1      12.0       0.1       2.5 
      0.0      10.8       0.1       2.3 
9609 -0.173981 -0.696723 -0.695922 
 19021.8   9158.4      0.1     28.9     -0.1      7.2 
     0.2     22.0      0.0      5.4   9500.0   9500.0 
     -4.4      34.7      -0.9      18.7 
     -0.5      15.6      -0.0       4.1 
      0.1      12.1       0.1       3.0 
     -0.0      11.0       0.1       2.8 
9610 -0.201877 -0.692946 -0.692150 
 19031.5   8429.5      0.1     28.9     -0.1      7.2 
     0.2     21.9      0.0      4.0   9500.0   9500.0 
     -3.6      34.3      -0.3      18.4 
     -0.2      15.9       0.1       4.1 
      0.0      12.2       0.1       2.9 
     -0.1      11.1       0.1       2.7 
9611 -0.229291 -0.688663 -0.687872 
 19234.3   7563.1      0.1     28.9     -0.1      7.2 
    -0.1     21.7      0.0      2.8   9500.0   9750.0 
     -3.7      32.9      -0.8      19.0 
     -0.3      16.0      -0.1       4.2 
     -0.1      12.1       0.1       2.9 
     -0.2      11.0       0.0       2.6 
9612 -0.256170 -0.683905 -0.683119 
 19291.1   6867.0      0.1     28.9     -0.1      7.2 
     0.0     21.8     -0.0      2.1   9750.0   9750.0 
     -3.7      32.3      -0.9      18.1 
     -0.3      16.0      -0.1       4.3 
     -0.4      12.2       0.0       3.2 
     -0.2      10.9       0.0       3.0 
9613 -0.282467 -0.678701 -0.677921 
 19375.0   6272.6      0.1     28.9     -0.1      7.2 
    -0.1     21.7     -0.0      2.5   9750.0  10000.0 
     -3.0      33.0      -0.5      17.8 
     -0.1      16.0       0.0       4.7 
     -0.1      11.9       0.1       3.5 
     -0.1      10.7       0.1       3.4 
9614 -0.333163 -0.667092 -0.666326 
 19788.3   5445.2      0.1     28.9     -0.1      7.2 
    -0.0     21.6     -0.1     14.4   9750.0  10000.0 
     -4.2      32.8      -1.0      17.5 
     -0.1      15.7      -0.0       4.6 
     -0.2      11.7       0.1       3.4 
     -0.1      10.7       0.1       3.4 
9615 -0.381127 -0.654112 -0.653360 
 20135.8   4868.2      0.1     28.9     -0.1      7.2 
    -0.0     21.6     -0.1     14.4  10000.0  10250.0 
     -3.7      33.3      -1.3      17.2 
     -0.2      15.6      -0.0       5.1 
     -0.1      11.9       0.1       4.1 
     -0.0      10.9       0.1       4.1 
9616 -0.426201 -0.640037 -0.639301 
 20544.1   4377.8      0.1     28.9     -0.1      7.2 
    -0.0     21.6     -0.1     14.4  10000.0  10000.0 
     -4.4      34.3      -1.4      16.9 
     -0.1      15.3       0.1       5.1 
     -0.2      11.9       0.1       4.2 
     -0.2      10.7       0.1       4.1 
9617 -0.468311 -0.625133 -0.624415 
 20931.7   3997.4      0.1     28.9     -0.1      7.2 
    -0.1     21.5     -0.1     14.4  10000.0  10250.0 
     -3.8      32.1      -1.7      15.4 
     -0.7      15.1      -0.0       5.5 
     -0.1      11.9       0.1       4.7 
      0.0      10.9       0.1       4.7 
9618 0.317737 -0.848272 -0.423649 
 31100.3   5738.7      0.1     28.9     -0.1      7.2 
     0.1     57.8     -0.1     14.4  18000.0  18000.0 
     -4.7      33.7       1.7      18.2 
     -0.5      15.2       0.3       5.6 
     -0.1      11.4       0.0       3.8 
     -0.1      10.3       0.0       3.7 
9619 0.285473 -0.857404 -0.428210 
 30742.2   6294.8      0.1     28.9     -0.1      7.2 
     0.1     57.8     -0.1     14.4  17750.0  18000.0 
     -3.8      32.0       1.9      19.3 
     -0.3      15.5       0.1       5.3 
     -0.3      11.4       0.1       3.3 
      0.0      10.2       0.0       3.1 
9620 0.252209 -0.865712 -0.432359 
 30495.6   6884.1      0.1     28.9     -0.1      7.2 
     0.1     57.8     -0.1     14.4  17500.0  17500.0 
     -5.3      31.7       1.7      19.5 
     -0.4      15.7       0.2       5.7 
     -0.2      11.7       0.1       3.6 
     -0.1      10.8       0.1       3.5 
9621 0.218027 -0.873110 -0.436054 
 30258.6   7569.8      0.1     28.9     -0.1      7.2 
     0.1     57.8     -0.1     14.4  15750.0  16000.0 
     -4.6      33.0       1.5      20.6 
     -0.5      15.0       0.1       5.0 
     -0.0      11.3       0.1       2.8 
     -0.1      10.8       0.0       2.7 
9622 0.183023 -0.879521 -0.439255 
 30066.1   7856.9      0.1     28.9     -0.1      7.2 
     0.1     57.8     -0.1     14.4  17250.0  17500.0 
     -5.9      33.1       1.7      21.2 
     -0.1      15.3       0.1       5.7 
     -0.1      11.9       0.0       3.2 
     -0.1      10.9       0.1       2.9 
9623 0.165247 -0.882333 -0.440660 
 30050.2   8003.8      0.1     28.9     -0.1      7.2 
     0.1     57.8     -0.1      1.6  17250.0  17500.0 
     -4.8      32.6       1.3      22.1 
     -0.6      15.6       0.2       5.3 
     -0.2      11.9       0.1       2.8 
      0.0      10.7       0.0       2.5 
9624 0.147309 -0.884873 -0.441928 
 29865.2   8094.9      0.1     28.9     -0.1      7.2 
     0.1     57.8     -0.0      1.9  17500.0  17500.0 
     -4.7      32.3       1.7      21.9 
     -0.0      15.2       0.1       4.7 
     -0.2      11.4       0.1       2.4 
     -0.1      10.7       0.1       2.1 
9625 0.129225 -0.887131 -0.443056 
 29704.2   8148.6      0.1     28.9     -0.1      7.2 
     0.1     57.8     -0.0      3.3  17250.0  17500.0 
     -5.5      33.1       1.7      23.3 
     -0.2      14.8       0.2       4.8 
     -0.1      11.1       0.1       2.5 
     -0.1      10.2       0.0       2.3 
9626 0.111010 -0.889103 -0.444041 
 29770.9   8211.4      0.1     28.9     -0.1      7.2 
     0.1     57.8     -0.1      4.8  17250.0  17500.0 
     -5.3      32.4       0.6      23.2 
     -0.2      15.4       0.1       5.2 
     -0.1      11.4       0.1       2.9 
     -0.1      10.2       0.1       2.6 
9627 0.092683 -0.890782 -0.444879 
 29745.5   8366.0      0.1     28.9     -0.1      7.2 
     0.1     57.8     -0.1      6.3  17250.0  17500.0 
     -5.5      31.7       1.3      23.8 
      0.0      15.1       0.0       4.7 
     -0.3      11.6       0.1       2.4 
     -0.1      10.2       0.0       2.0 
9628 0.074261 -0.892162 -0.445569 
 29733.7   8393.0      0.1     28.9     -0.0      1.0 
     0.1     57.8      0.0      7.9  17250.0  17500.0 
     -5.0      34.3       0.6      25.1 
     -0.3      15.0       0.1       4.4 
     -0.2      11.6       0.0       1.7 
      0.0      10.2       0.1       1.3 
9629 0.055763 -0.893241 -0.446107 
 29691.7   8505.9      0.1     28.9     -0.0      2.8 
     0.1     57.8     -0.0      9.5  17250.0  17500.0 
     -5.9      32.8       0.9      25.1 
     -0.2      15.2       0.1       4.6 
      0.1      11.3       0.1       1.3 
     -0.1      10.1       0.1       1.0 
9630 0.037208 -0.894013 -0.446493 
 29702.8   8581.1      0.1     28.9     -0.0      3.9 
     0.1     57.8      0.0     11.1  17250.0  17500.0 
     -3.6      31.1       0.5      26.0 
     -0.5      15.2       0.0       5.0 
     -0.0      11.3       0.1       1.0 
      0.0      10.0       0.0       0.7 
9631 0.018614 -0.894478 -0.446725 
 29738.9   8664.9      0.1     28.9      0.0      5.3 
     0.1     57.8      0.0     12.5  17250.0  17500.0 
     -6.0      33.6       0.5      27.1 
     -0.2      15.4       0.0       7.9 
     -0.3      11.4       0.1       1.4 
      0.0      10.2       0.1       0.4 
9632 -0.000000 -0.894633 -0.446802 
 29785.0   8413.1      0.1     28.9      0.0      6.5 
     0.1     57.8      0.0     13.6  17250.0  17250.0 
     -3.5      30.7       0.4      28.2 
     -0.3      15.3       0.4      10.4 
     -0.2      11.5       0.1       2.5 
     -0.0      10.2       0.0       0.9 
9633 -0.018614 -0.894478 -0.446725 
 29755.1   8630.9      0.1     28.9     -0.0      5.4 
     0.1     57.8     -0.0     12.5  17250.0  17500.0 
     -6.7      34.2       1.2      27.0 
     -0.3      15.4       0.2       7.2 
      0.0      11.6       0.0       1.3 
     -0.2      10.2       0.1       0.4 
9634 -0.037208 -0.894013 -0.446493 
 29633.4   8612.1      0.1     28.9      0.0      3.9 
     0.1     57.8      0.0     11.0  17250.0  17500.0 
     -5.1      33.2       1.8      25.1 
     -0.1      15.1      -0.1       5.2 
     -0.3      11.4       0.0       0.9 
     -0.0      10.1       0.1       0.6 
9635 -0.055763 -0.893241 -0.446107 
 29719.7   8471.6      0.1     28.9      0.0      2.4 
     0.1     57.8      0.0      9.5  17250.0  17500.0 
     -5.3      32.9       0.1      25.2 
     -0.2      15.0       0.1       4.7 
     -0.0      11.3       0.1       1.3 
     -0.1      10.3       0.1       1.0 
9636 -0.074261 -0.892162 -0.445569 
 29799.8   8438.1      0.1     28.9      0.0      1.0 
     0.1     57.8     -0.0      7.9  17250.0  17500.0 
     -4.6      31.1      -0.0      23.7 
     -0.0      15.4       0.1       4.8 
     -0.1      11.7       0.1       1.6 
     -0.2      10.2       0.1       1.3 
9637 -0.092683 -0.890782 -0.444879 
 29829.9   8340.1      0.1     28.9     -0.1      7.2 
     0.1     57.8      0.0      6.3  17250.0  17500.0 
     -4.2      32.6       0.3      23.9 
     -0.4      15.6      -0.0       4.9 
      0.1      11.6       0.1       2.4 
     -0.1      10.2       0.1       2.0 
9638 -0.111010 -0.889103 -0.444041 
 29811.9   8214.8      0.1     28.9     -0.1      7.2 
     0.1     57.8      0.0      4.8  17250.0  17500.0 
     -4.5      32.5       0.1      22.8 
     -0.4      15.2      -0.0       5.2 
     -0.1      11.6       0.0       3.2 
     -0.2      10.0       0.1       2.6 
9639 -0.129225 -0.887131 -0.443056 
 29872.4   8189.3      0.1     28.9     -0.1      7.2 
     0.1     57.8      0.0      3.3  17250.0  17500.0 
     -4.8      31.1      -0.3      22.0 
     -0.4      15.4      -0.0       4.9 
     -0.1      11.5       0.1       2.5 
     -0.0      10.2       0.1       2.3 
9640 -0.147309 -0.884873 -0.441928 
 29849.8   8089.4      0.1     28.9     -0.1      7.2 
     0.1     57.8      0.0      1.9  17500.0  17500.0 
     -5.5      32.3       0.1      21.5 
     -0.3      15.2      -0.0       5.0 
     -0.1      11.4       0.0       2.4 
     -0.1      10.5       0.1       2.1 
9641 -0.165247 -0.882333 -0.440660 
 29967.3   7963.0      0.1     28.9     -0.1      7.2 
     0.1     57.8     -0.1      1.6  17250.0  17500.0 
     -6.7      32.8      -0.7      22.3 
     -0.2      15.3      -0.0       5.5 
      0.1      11.5       0.1       2.7 
     -0.1      10.8       0.1       2.5 
9642 -0.183023 -0.879521 -0.439255 
 30009.6   7829.1      0.1     28.9     -0.1      7.2 
     0.1     57.8     -0.1     14.4  17250.0  17500.0 
     -3.3      32.3       0.4      20.1 
     -0.2      15.4      -0.0       5.4 
     -0.0      11.7       0.1       3.1 
     -0.1      10.9       0.1       2.9 
9643 -0.218027 -0.873110 -0.436054 
 30157.4   7549.9      0.1     28.9     -0.1      7.2 
     0.1     57.8     -0.1     14.4  15750.0  16000.0 
     -4.7      30.7      -0.3      18.7 
     -0.1      14.5      -0.0       4.8 
     -0.3      11.2       0.0       2.8 
     -0.0      10.9       0.1       2.7 
9644 -0.252209 -0.865712 -0.432359 
 30346.9   6931.7      0.1     28.9     -0.1      7.2 
     0.1     57.8     -0.1     14.4  17500.0  17500.0 
     -3.6      30.9      -0.6      19.5 
     -0.2      15.3      -0.0       5.2 
     -0.3      11.7       0.0       3.5 
     -0.2      10.9       0.1       3.3 
9645 -0.285473 -0.857404 -0.428210 
 30815.6   6272.7      0.1     28.9     -0.1      7.2 
     0.1     57.8     -0.1     14.4  17750.0  18000.0 
     -5.2      32.7      -0.7      18.2 
     -0.3      15.1      -0.1       5.3 
     -0.1      11.7       0.1       3.4 
     -0.1      10.3       0.1       3.1 
9646 -0.317737 -0.848272 -0.423649 
 31021.9   5692.7      0.1     28.9     -0.1      7.2 
     0.1     57.8     -0.1     14.4  17750.0  18000.0 
     -4.3      34.1      -0.5      18.2 
     -0.2      15.2      -0.1       5.4 
      0.0      11.6       0.1       3.8 
     -0.1      10.5       0.1       3.7 
9647 0.178778 -0.954577 -0.238370 
 55273.4   7635.7      0.1     28.9     -0.1      7.2 
     0.1     57.8     -0.1     14.4  35250.0  36250.0 
     -5.6      30.8       2.2      21.6 
     -0.8      15.7       0.3       7.7 
     -0.2      12.3       0.1       3.2 
      0.1      11.1       0.0       2.9 
9648 0.159449 -0.957795 -0.239174 
 55026.4   7728.6      0.1     28.9     -0.1      7.2 
     0.1     57.8     -0.1     14.4  35250.0  36500.0 
     -5.4      33.2       2.1      22.2 
     -0.4      16.2       0.2       7.7 
     -0.0      12.1       0.1       2.6 
     -0.1      11.3       0.0       2.2 
9649 0.139936 -0.960662 -0.239890 
 55088.8   7924.5      0.1     28.9     -0.1      7.2 
     0.1     57.8     -0.1     14.4  35000.0  36500.0 
     -3.4      31.4       1.4      22.9 
     -0.6      15.6       0.2       8.3 
     -0.2      12.2       0.1       3.1 
     -0.2      10.9       0.0       2.7 
9650 0.120258 -0.963167 -0.240515 
 55024.3   7915.1      0.1     28.9     -0.1      7.2 
     0.1     57.8     -0.1     14.4  35250.0  36000.0 
     -3.7      28.8       1.8      24.8 
     -0.3      15.7       0.1       8.2 
      0.1      12.2       0.0       2.4 
      0.1      11.2       0.0       1.9 
9651 0.100437 -0.965302 -0.241048 
 54921.0   7933.3      0.1     28.9     -0.1      7.2 
     0.1     57.8     -0.1     14.4  35000.0  36250.0 
     -4.2      30.9       1.1      26.5 
     -0.4      15.8       0.2       8.8 
     -0.1      12.1       0.1       3.0 
     -0.1      10.7       0.0       2.6 
9652 0.090480 -0.966228 -0.241280 
 54888.6   8034.8      0.1     28.9     -0.1      7.2 
     0.1     57.8     -0.1     14.4  35000.0  36250.0 
     -4.5      32.8       0.9      25.9 
     -0.8      15.6       0.2       8.9 
     -0.1      12.1       0.1       2.5 
      0.0      10.8       0.0       2.1 
9653 0.080496 -0.967060 -0.241487 
 54946.0   7992.7      0.1     28.9     -0.1      7.2 
     0.1     57.8     -0.0      1.1  34750.0  36000.0 
     -5.5      32.4       2.0      27.5 
     -0.4      15.8       0.1       9.1 
     -0.2      12.3       0.1       1.9 
     -0.2      11.3       0.1       1.5 
9654 0.070487 -0.967795 -0.241671 
 54871.4   8019.3      0.1     28.9     -0.1      7.2 
     0.1     57.8     -0.0      2.6  35000.0  36250.0 
     -5.1      31.0       2.2      28.6 
     -0.5      15.6       0.1       9.2 
     -0.2      12.1       0.1       2.4 
      0.1      10.8       0.0       2.1 
9655 0.060458 -0.968433 -0.241830 
 54757.8   8108.0      0.1     28.9     -0.1      7.2 
     0.1     57.8      0.0      4.2  34750.0  36000.0 
     -3.4      31.3       0.5      28.3 
     -0.7      15.4       0.3       9.2 
     -0.2      12.0       0.1       3.0 
      0.1      10.8       0.0       2.7 
9656 0.050409 -0.968975 -0.241965 
 54856.0   8143.7      0.1     28.9     -0.1      7.2 
     0.1     57.8     -0.0      5.8  35250.0  36250.0 
     -5.9      31.6       1.7      28.3 
     -0.5      15.9       0.0       9.5 
      0.1      12.1       0.1       2.7 
      0.0      10.8       0.0       2.4 
9657 0.040346 -0.969418 -0.242076 
 54778.7   8250.1      0.1     28.9      0.0      0.6 
     0.1     57.8      0.0      7.5  35000.0  36250.0 
     -5.2      30.4       1.8      28.8 
     -0.4      15.7       0.0       9.7 
     -0.1      12.1       0.0       1.5 
      0.2      11.0       0.1       1.0 
9658 0.030270 -0.969763 -0.242162 
 54743.4   8220.8      0.1     28.9     -0.0      2.7 
     0.1     57.8      0.0      9.1  34750.0  36000.0 
     -5.1      30.5       2.3      29.5 
     -0.7      15.9      -0.2      10.4 
     -0.2      12.1       0.1       1.3 
     -0.2      11.3       0.1       0.7 
9659 0.020185 -0.970010 -0.242224 
 54857.7   8192.4      0.1     28.9     -0.0      3.6 
     0.1     57.8      0.0     10.7  35000.0  36250.0 
     -7.8      35.1       2.0      30.6 
     -0.4      15.6      -0.1      12.3 
     -0.1      12.1       0.1       1.4 
      0.2      10.8       0.1       0.5 
9660 0.010094 -0.970159 -0.242261 
 54836.7   8218.1      0.1     28.9      0.0      5.1 
     0.1     57.8      0.0     12.2  35000.0  36000.0 
     -5.0      31.8       0.3      30.8 
     -0.5      15.7      -0.4      15.0 
     -0.1      12.2       0.1       2.1 
      0.0      11.2       0.1       0.4 
9661 -0.000000 -0.970208 -0.242273 
 54741.1   8013.5      0.1     28.9     -0.0      6.4 
     0.1     57.8     -0.0     13.4  33250.0  34750.0 
     -5.7      31.8       1.1      30.5 
     -0.7      15.5      -0.2      16.6 
     -0.1      12.0      -0.0       4.4 
     -0.0      11.3      -0.0       3.8 
9662 -0.010094 -0.970159 -0.242261 
 54867.0   8258.1      0.1     28.9      0.0      5.3 
     0.1     57.8      0.0     12.2  34750.0  36000.0 
     -3.7      29.6       2.1      31.5 
     -0.5      15.4      -0.2      15.1 
     -0.2      12.1       0.0       2.4 
     -0.1      11.1       0.1       0.5 
9663 -0.020185 -0.970010 -0.242224 
 54765.9   8279.4      0.1     28.9     -0.1      3.6 
     0.1     57.8     -0.0     10.7  36000.0  36250.0 
     -5.7      32.5       0.0      30.3 
     -0.3      15.4      -0.2      11.8 
     -0.3      12.2       0.0       1.6 
     -0.1      10.9       0.1       0.6 
9664 -0.030270 -0.969763 -0.242162 
 54787.4   8161.8      0.1     28.9     -0.0      2.0 
     0.1     57.8     -0.0      9.1  35000.0  36250.0 
     -6.5      34.6       0.8      31.0 
     -0.3      15.6      -0.1      10.5 
     -0.1      12.3       0.1       1.4 
     -0.2      10.9       0.1       1.9 
9665 -0.040346 -0.969418 -0.242076 
 54701.9   8173.5      0.1     28.9      0.1      4.4 
     0.1     57.8     -0.0      7.5  36000.0  36250.0 
     -4.4      29.8       1.0      29.5 
     -0.5      15.7      -0.2       9.4 
     -0.1      12.1       0.1       1.7 
     -0.1      10.9       0.1       1.0 
9666 -0.050409 -0.968975 -0.241965 
 54888.1   8137.8      0.1     28.9     -0.1      7.2 
     0.1     57.8     -0.0      5.9  35000.0  36250.0 
     -5.2      30.7       0.7      28.2 
     -0.6      15.4      -0.1       9.6 
     -0.0      12.1       0.1       2.7 
     -0.1      11.0       0.1       2.4 
9667 -0.060458 -0.968433 -0.241830 
 54979.9   8101.8      0.1     28.9     -0.1      7.2 
     0.1     57.8     -0.0      4.2  35000.0  36000.0 
     -5.7      30.1       2.1      28.8 
     -0.2      15.4       0.0       9.9 
     -0.2      12.1       0.1       3.0 
     -0.1      10.9       0.1       2.8 
9668 -0.070487 -0.967795 -0.241671 
 54896.9   8126.6      0.1     28.9     -0.1      7.2 
     0.1     57.8     -0.0      2.6  35000.0  36250.0 
     -4.0      30.8       1.4      28.4 
     -0.4      15.8       0.0       9.3 
     -0.1      12.1       0.1       2.4 
     -0.1      10.9       0.1       2.6 
9669 -0.080496 -0.967060 -0.241487 
 54689.4   7993.0      0.1     28.9     -0.1      7.2 
     0.1     57.8      0.0      1.2  34750.0  36000.0 
     -4.8      32.0       0.8      26.8 
     -0.4      15.6      -0.0       8.2 
     -0.0      12.2       0.1       1.9 
     -0.1      11.0       0.1       1.5 
9670 -0.090480 -0.966228 -0.241280 
 54919.6   8040.1      0.1     28.9     -0.1      7.2 
     0.1     57.8     -0.1     14.4  35000.0  36250.0 
     -4.8      30.0       0.8      26.4 
     -0.4      15.5      -0.0       8.9 
      0.1      12.0       0.1       2.5 
      0.1      10.8       0.1       2.1 
9671 -0.100437 -0.965302 -0.241048 
 54760.8   7954.0      0.1     28.9     -0.1      7.2 
     0.1     57.8     -0.1     14.4  35000.0  36250.0 
     -5.5      30.2       0.5      26.8 
     -0.4      15.9       0.1       8.6 
      0.0      12.1       0.1       3.0 
      0.2      11.0       0.1       2.6 
9672 -0.120258 -0.963167 -0.240515 
 54957.8   7819.2      0.1     28.9     -0.1      7.2 
     0.1     57.8     -0.1     14.4  35250.0  36250.0 
     -5.8      31.1       0.6      25.3 
     -0.5      15.7      -0.0       8.3 
      0.0      12.2       0.1       2.5 
     -0.2      11.2       0.1       1.9 
9673 -0.139936 -0.960662 -0.239890 
 55106.5   7833.1      0.1     28.9     -0.1      7.2 
     0.1     57.8     -0.1     14.4  35000.0  36500.0 
     -5.6      32.0       0.1      23.8 
     -0.5      16.0      -0.1       8.0 
      0.2      12.1       0.1       3.1 
     -0.1      10.9       0.0       3.0 
9674 -0.159449 -0.957795 -0.239174 
 55340.1   7736.1      0.1     28.9     -0.1      7.2 
     0.1     57.8     -0.1     14.4  35250.0  36500.0 
     -4.3      31.9       0.4      21.8 
     -0.3      15.8      -0.1       7.9 
     -0.1      12.2       0.1       2.6 
     -0.1      11.4       0.1       2.8 
9675 -0.178778 -0.954577 -0.238370 
 55361.5   7625.0      0.1     28.9     -0.1      7.2 
     0.1     57.8     -0.1     14.4  35250.0  36500.0 
     -4.3      29.0       0.9      21.1 
     -0.3      15.7      -0.1       7.5 
     -0.1      12.3       0.1       3.2 
     -0.1      11.3       0.1       2.9 
9676 0.092522 -0.988039 -0.123363 
107337.4   8110.5      0.1     28.9     -0.1      7.2 
     0.1     57.8     -0.1     14.4  75500.0  77250.0 
     -5.6      32.9       4.9      25.8 
     -1.0      15.8       0.5      11.3 
     -0.0      12.2       0.0       3.5 
     -0.3      11.2       0.0       2.7 
9677 0.082316 -0.988928 -0.123474 
107259.3   8110.5      0.1     28.9     -0.1      7.2 
     0.1     57.8     -0.1     14.4  75250.0  76250.0 
     -5.6      32.2       2.5      26.8 
     -0.2      16.0       0.3      11.1 
     -0.0      12.3       0.1       2.7 
      0.0      11.5       0.0       2.3 
9678 0.072084 -0.989714 -0.123572 
107356.1   8162.9      0.1     28.9     -0.1      7.2 
     0.1     57.8     -0.1     14.4  75750.0  77000.0 
     -2.8      30.1       0.5      26.9 
     -0.8      16.1       0.4      12.6 
     -0.1      12.3       0.1       3.7 
      0.2      11.1      -0.1       2.8 
9679 0.061829 -0.990397 -0.123657 
107363.6   8236.3      0.1     28.9     -0.1      7.2 
     0.1     57.8     -0.1     14.4  75250.0  76750.0 
     -4.8      32.4       3.6      29.3 
     -0.7      15.6       0.4      12.8 
      0.1      12.1       0.1       2.9 
      0.1      11.2       0.1       1.4 
9680 0.051554 -0.990976 -0.123730 
107365.5   8264.9      0.1     28.9     -0.1      7.2 
     0.1     57.8     -0.1     14.4  75750.0  77000.0 
     -5.7      32.5       3.6      32.9 
     -0.8      16.0       0.5      13.6 
      0.1      12.3       0.1       3.8 
     -0.5      11.4       0.1       2.7 
9681 0.046410 -0.991226 -0.123761 
107286.4   8193.1      0.1     28.9     -0.1      7.2 
     0.1     57.8     -0.1     14.4  75500.0  77000.0 
     -5.2      30.7       4.7      32.5 
     -0.5      16.2       0.2      13.8 
     -0.1      12.3       0.0       3.5 
      0.0      11.1       0.0       2.5 
9682 0.041263 -0.991450 -0.123789 
107197.3   8261.2      0.1     28.9     -0.1      7.2 
     0.1     57.8      0.0      0.6  76500.0  77000.0 
     -3.4      29.6       5.0      32.9 
     -0.7      15.9       0.2      13.8 
     -0.1      12.3       0.0       2.7 
     -0.3      11.4       0.0       1.9 
9683 0.036112 -0.991648 -0.123814 
107303.5   8277.5      0.1     28.9     -0.1      7.2 
     0.1     57.8      0.1      2.1  75500.0  77000.0 
     -4.4      27.7       2.6      33.9 
     -0.4      15.7       0.4      14.2 
     -0.3      12.2       0.0       3.2 
     -0.2      11.5       0.1       1.9 
9684 0.030959 -0.991820 -0.123835 
107292.3   8274.1      0.1     28.9     -0.1      7.2 
     0.1     57.8      0.1      3.8  75500.0  77000.0 
     -7.3      34.7       1.9      34.9 
     -0.6      15.8       0.2      14.9 
      0.1      12.2       0.0       3.9 
     -0.1      11.4      -0.0       3.3 
9685 0.025803 -0.991965 -0.123853 
107202.2   8265.9      0.1     28.9     -0.1      7.2 
     0.1     57.8      0.0      5.4  75500.0  77000.0 
     -5.3      30.5       4.8      34.3 
     -0.6      16.0       0.0      15.4 
      0.0      12.4      -0.0       4.1 
      0.0      11.3      -0.0       2.9 
9686 0.020645 -0.992084 -0.123868 
107307.1   8296.5      0.1     28.9     -0.0      0.3 
     0.1     57.8      0.0      7.2  76500.0  77250.0 
     -5.6      30.1       3.7      34.8 
     -0.9      16.2       0.1      15.5 
     -0.1      12.3       0.1       2.6 
     -0.2      11.9       0.0       1.6 
9687 0.015485 -0.992176 -0.123880 
107059.9   8315.2      0.1     28.9      0.1      1.7 
     0.1     57.8      0.1      8.8  75500.0  77000.0 
     -4.3      31.4       3.1      36.1 
     -0.5      15.7       0.3      16.3 
      0.0      12.2       0.0       3.2 
     -0.1      11.4       0.0       0.7 
9688 0.010324 -0.992243 -0.123888 
107454.0   8339.5      0.1     28.9      0.0      3.7 
     0.1     57.8      0.1     10.4  76750.0  78000.0 
     -3.0      31.2      -1.4      36.1 
     -0.6      15.4       0.2      17.8 
      0.2      12.1       0.0       4.0 
      0.2      11.0       0.1       1.0 
9689 0.005162 -0.992282 -0.123893 
107399.7   8333.0      0.1     28.9      0.0      4.9 
     0.1     57.8      0.1     11.9  74750.0  76000.0 
     -3.8      29.4       3.6      36.7 
     -0.7      16.0      -0.0      20.7 
     -0.2      12.4      -0.1       6.0 
      0.0      11.4       0.0       1.2 
9690 -0.000000 -0.992295 -0.123894 
107286.0   8103.1      0.1     28.9     -0.0      6.2 
     0.1     57.8     -0.0     13.1  72250.0  74750.0 
     -6.6      29.7       7.1      35.2 
     -0.4      15.8       0.2      22.3 
     -0.1      12.2       0.4       9.3 
     -0.2      11.6      -0.1       2.8 
9691 -0.005162 -0.992282 -0.123893 
107386.8   8350.2      0.1     28.9      0.0      5.2 
     0.1     57.8     -0.0     11.9  75000.0  76500.0 
     -5.7      32.7      -0.1      37.3 
     -0.7      15.8      -0.2      20.7 
     -0.1      12.5       0.0       5.7 
      0.0      11.3       0.1       1.1 
9692 -0.010324 -0.992243 -0.123888 
107287.7   8382.9      0.1     28.9     -0.1      3.3 
     0.1     57.8     -0.1     10.4  76500.0  77250.0 
     -4.4      27.3       3.4      35.9 
     -0.7      15.6      -0.2      18.0 
      0.1      12.1       0.1       3.7 
      0.1      11.1       0.1       2.7 
9693 -0.015485 -0.992176 -0.123880 
107306.7   8286.6      0.1     28.9     -0.0      1.7 
     0.1     57.8     -0.0      8.8  75500.0  77000.0 
     -4.2      30.5       4.7      37.6 
     -0.7      15.6      -0.1      16.7 
      0.0      12.5       0.0       3.1 
      0.1      11.4       0.1       0.8 
9694 -0.020645 -0.992084 -0.123868 
107300.6   8301.9      0.1     28.9      0.0      0.3 
     0.1     57.8     -0.1      7.1  75750.0  77000.0 
     -5.7      31.3       2.6      34.2 
     -0.6      15.9      -0.0      15.5 
     -0.2      12.2       0.1       3.0 
      0.1      11.0       0.1       2.2 
9695 -0.025803 -0.991965 -0.123853 
107212.1   8255.7      0.1     28.9     -0.1      7.2 
     0.1     57.8     -0.0      5.5  75500.0  77000.0 
     -4.7      30.7       2.3      34.5 
     -1.0      15.4      -0.1      15.1 
     -0.1      12.7       0.1       3.7 
     -0.3      11.5       0.1       2.9 
9696 -0.030959 -0.991820 -0.123835 
107220.4   8318.7      0.1     28.9     -0.1      7.2 
     0.1     57.8     -0.0      3.8  75750.0  77000.0 
     -6.8      31.6       2.5      33.4 
     -0.5      15.7       0.0      14.7 
     -0.1      12.1       0.1       4.0 
     -0.2      11.3       0.0       3.4 
9697 -0.036112 -0.991648 -0.123814 
107171.5   8338.2      0.1     28.9     -0.1      7.2 
     0.1     57.8     -0.1      2.1  75500.0  77000.0 
     -3.7      29.5       2.0      33.4 
     -1.0      16.0       0.2      14.5 
     -0.1      12.4       0.1       3.3 
     -0.2      11.4       0.1       1.9 
9698 -0.041263 -0.991450 -0.123789 
107390.8   8291.3      0.1     28.9     -0.1      7.2 
     0.1     57.8      0.0      0.6  75500.0  77250.0 
     -6.5      30.2       3.3      32.9 
     -1.0      16.2       0.1      14.1 
      0.0      12.3       0.1       3.1 
      0.1      12.0       0.1       1.1 
9699 -0.046410 -0.991226 -0.123761 
107205.0   8253.1      0.1     28.9     -0.1      7.2 
     0.1     57.8     -0.1     14.4  76750.0  77000.0 
     -4.5      32.9       1.8      31.2 
     -0.8      15.8       0.0      13.9 
     -0.2      12.4       0.0       3.6 
     -0.1      11.2       0.1       2.5 
9700 -0.051554 -0.990976 -0.123730 
107339.8   8222.2      0.1     28.9     -0.1      7.2 
     0.1     57.8     -0.1     14.4  75750.0  77000.0 
     -6.0      33.0       1.8      32.4 
     -0.7      16.7       0.0      14.0 
     -0.1      12.2       0.1       3.6 
      0.1      11.2       0.0       2.8 
9701 -0.061829 -0.990397 -0.123657 
107046.0   8142.5      0.1     28.9     -0.1      7.2 
     0.1     57.8     -0.1     14.4  75750.0  77250.0 
     -7.6      30.2       0.7      30.9 
     -0.5      15.7       0.1      12.6 
     -0.0      12.2       0.0       2.8 
     -0.0      11.2       0.1       2.1 
9702 -0.072084 -0.989714 -0.123572 
107327.0   8129.8      0.1     28.9     -0.1      7.2 
     0.1     57.8     -0.1     14.4  75750.0  77250.0 
     -6.4      32.1       3.5      27.9 
     -0.7      15.9       0.1      12.1 
     -0.1      12.1       0.0       3.8 
     -0.1      11.3       0.1       2.8 
9703 -0.082316 -0.988928 -0.123474 
107154.7   8147.4      0.1     28.9     -0.1      7.2 
     0.1     57.8     -0.1     14.4  75000.0  76500.0 
     -5.5      30.3       1.1      26.4 
     -0.9      15.7       0.0      11.3 
     -0.1      12.3       0.1       2.6 
     -0.1      11.4       0.0       2.9 
9704 -0.092522 -0.988039 -0.123363 
107324.7   8112.6      0.1     28.9     -0.1      7.2 
     0.1     57.8     -0.1     14.4  76000.0  77250.0 
     -2.9      25.7       1.2      24.7 
     -0.7      15.7      -0.1      11.0 
      0.1      12.3       0.1       3.6 
     -0.1      11.1       0.1       2.7 
