CMSSW_100x25_phase2:FPix@-292V [mu=0.053],3.8T@00deg,263K,rhe=1.10,rhh=0.7 
2295 1 3.80 10 5 13 0 150.0000 263.0000 0.0000 1.0000 500.0000 -0.7400 -0.0700 100.1150 25.0000 150.0000 500.0000 -0.3700 -0.040000 1.5000 1.0000 0.8500 
99501 -0.000000 -0.000000 -1.000000 
 14060.1  11203.9     -0.1     27.7      0.0      6.1 
    -0.1     56.5      0.0     13.3   7750.0   7750.0 
     -0.2      46.7       1.5      22.8 
      0.6       4.2       0.1       3.8 
      0.5       1.0       0.0       1.1 
      0.4       0.7       0.0       0.9 
99502 -0.000000 -0.132164 -0.991228 
 14250.9  11350.3      0.3     24.0     -0.0      6.1 
     0.3     52.9     -0.0     13.3   6500.0   7750.0 
     -3.1      37.9       1.0      23.2 
      0.4       3.8      -0.1       3.7 
      0.2       1.6       0.1       1.1 
      0.2       1.4       0.0       0.9 
99503 -0.000000 -0.257663 -0.966235 
 14552.4  11612.9      0.3     19.5     -0.0      6.2 
     0.2     48.4     -0.0     13.4   7750.0   7750.0 
     -3.1      31.7      -0.1      22.4 
      0.1       5.2       0.2       3.3 
      0.2       3.2       0.1       1.2 
      0.3       2.8       0.1       0.9 
99504 -0.000000 -0.371391 -0.928477 
 15056.6  11957.9     -0.1     15.0      0.0      6.2 
    -0.2     43.7     -0.0     13.3   7750.0   7750.0 
     -3.1      28.7      -0.5      22.8 
      0.1       7.2       0.0       3.6 
      0.3       5.0       0.0       1.1 
      0.2       4.2       0.1       1.0 
99505 -0.000000 -0.470588 -0.882353 
 15764.7  12004.6     -0.4     10.4      0.0      6.2 
    -0.4     38.9      0.0     13.4   7750.0   8000.0 
     -2.5      29.1       0.2      23.1 
      0.1       9.6      -0.1       3.4 
      0.3       6.7       0.0       1.2 
      0.2       5.3       0.0       1.0 
99506 -0.000000 -0.554700 -0.832050 
 16835.1  11942.4     -0.1      5.9      0.0      6.2 
    -0.1     33.9      0.0     13.3   8000.0   9250.0 
     -3.1      33.2      -0.3      23.9 
      0.4      11.3      -0.1       3.5 
      0.2       8.5      -0.0       1.3 
      0.3       6.7       0.0       1.0 
99507 -0.000000 -0.624695 -0.780869 
 17832.5  11588.6     -1.1      3.8     -0.0      6.1 
    -0.3     28.9     -0.0     13.3   9250.0   9500.0 
     -3.9      31.1      -0.3      23.9 
      0.2      12.9       0.0       4.0 
     -0.0       9.1       0.0       1.3 
      0.2       8.1       0.1       1.0 
99508 -0.000000 -0.682318 -0.731055 
 19120.3  11057.1     -0.4     28.9      0.0      6.1 
    -0.4     23.8      0.0     13.3   9500.0  11000.0 
     -3.3      32.3      -0.6      23.8 
      0.1      14.1       0.2       4.7 
      0.2      12.2       0.1       1.6 
      0.1       9.9       0.0       1.1 
99509 -0.000000 -0.729537 -0.683941 
 20252.0  10461.4     -0.4     28.9      0.0      6.2 
    -0.4     18.6      0.0     13.3  11000.0  11000.0 
     -3.7      32.0      -0.5      25.7 
     -0.0      14.9       0.2       4.6 
      0.4      12.1       0.1       1.3 
     -0.0      10.4       0.1       0.9 
99510 -0.000000 -0.768221 -0.640184 
 21595.3   9942.9     -0.4     28.9      0.0      6.2 
    -0.4     13.5     -0.0     13.2  11250.0  12500.0 
     -4.1      32.1      -0.6      25.7 
      0.3      14.7      -0.1       5.2 
      0.2      10.7       0.1       1.2 
      0.0       9.6       0.1       1.0 
99511 0.287348 -0.000000 -0.957826 
 14447.8   6529.0      0.3     27.9     -0.0      7.2 
     0.2     56.6      0.0      4.3   6500.0   8000.0 
     -0.2      44.0       1.4      17.7 
      0.3       5.4       0.1       4.2 
      0.5       0.9       0.1       3.0 
      0.4       0.6       0.1       2.9 
99512 0.242536 -0.000000 -0.970142 
 14344.5   7731.1      0.2     27.8     -0.0      7.2 
     0.2     56.6     -0.0      5.8   6500.0   6500.0 
     -1.3      43.9       1.6      17.9 
      0.4       6.0       0.1       4.0 
      0.3       0.9       0.1       3.0 
      0.4       0.7       0.2       2.8 
99513 0.196116 -0.000000 -0.980581 
 14108.9   9056.8     -0.1     27.8      0.2      4.4 
    -0.1     56.6     -0.0      7.5   6250.0   6500.0 
     -1.2      42.8       0.7      16.9 
      0.8       3.2       0.1       3.5 
      0.4       0.9       0.1       2.5 
      0.4       0.6       0.1       2.2 
99514 0.148340 -0.000000 -0.988936 
 14156.0  10275.6     -0.0     27.8     -0.0      2.1 
    -0.1     56.6     -0.0      9.1   6500.0   7750.0 
     -3.3      46.4       1.1      18.5 
      0.5       3.4       0.2       2.9 
      0.4       0.9       0.1       1.8 
      0.4       0.7       0.1       1.5 
99515 0.099504 -0.000000 -0.995037 
 14083.2  11074.3      0.3     27.7     -0.1      3.6 
     0.3     56.5     -0.1     10.8   6500.0   7750.0 
      1.3      45.4       0.8      19.5 
      0.6       4.8       0.2       2.3 
      0.3       1.2       0.1       1.2 
      0.4       0.7       0.1       1.0 
99516 0.049938 -0.000000 -0.998752 
 14075.0  11188.6      0.0     27.8     -0.2      5.3 
     0.0     56.6     -0.2     12.4   7750.0   7750.0 
     -1.1      49.3       0.9      22.3 
      0.6       5.3       0.2       2.3 
      0.3       0.9       0.1       0.8 
      0.4       0.7       0.1       0.5 
99517 -0.000000 -0.000000 -1.000000 
 14157.0  11206.2      0.0     27.7      0.0      6.2 
     0.0     56.5      0.0     13.4   7750.0   7750.0 
     -0.3      45.3       0.8      23.5 
     -0.6       8.2      -0.2       4.2 
      0.3       0.9      -0.0       1.3 
      0.4       0.7       0.1       0.9 
99518 -0.049938 -0.000000 -0.998752 
 14142.6  11238.0     -0.0     27.8      0.2      5.2 
    -0.0     56.6      0.2     12.4   6500.0   7750.0 
      1.9      42.2      -0.5      22.2 
     -0.0       5.1      -0.1       2.4 
      0.4       0.9      -0.0       0.8 
      0.3       0.7      -0.0       0.5 
99519 -0.099504 -0.000000 -0.995037 
 14082.1  11171.2     -0.0     27.6      0.1      3.7 
    -0.0     56.5      0.1     10.8   7750.0   7750.0 
      1.2      43.0      -0.8      19.5 
      0.3       8.6      -0.0       2.3 
      0.2       1.5      -0.1       1.2 
      0.4       0.7      -0.0       1.0 
99520 -0.148340 -0.000000 -0.988936 
 14117.4  10286.2      0.2     27.8      0.0      2.1 
     0.2     56.6      0.1      9.2   6500.0   7750.0 
      3.0      45.7      -0.6      17.6 
      0.6       4.6      -0.1       3.0 
      0.5       0.9      -0.0       1.8 
      0.4       0.7      -0.0       1.5 
99521 -0.196116 -0.000000 -0.980581 
 14090.2   9038.0      0.0     27.8     -0.1      1.1 
     0.1     56.6     -0.1      7.5   6250.0   6500.0 
      3.3      43.7      -0.7      16.3 
      0.1       3.8      -0.0       3.4 
      0.2       0.8      -0.0       2.4 
      0.4       0.6      -0.1       2.2 
99522 -0.242536 -0.000000 -0.970142 
 14263.6   7648.1      0.2     27.7     -0.0      7.2 
     0.2     56.6      0.0      5.8   6500.0   6500.0 
      2.5      42.8      -0.5      16.4 
      0.4       4.7       0.0       4.1 
      0.3       1.2      -0.0       3.0 
      0.3       0.6      -0.0       2.8 
99523 -0.287348 -0.000000 -0.957826 
 14346.2   6511.3     -0.4     28.0     -0.0      7.2 
    -0.3     56.7     -0.0      4.2   6500.0   6750.0 
      1.9      43.5      -1.0      15.5 
      0.2       5.1      -0.1       4.2 
      0.5       0.8      -0.0       3.0 
      0.4       0.6      -0.1       2.9 
99524 0.276172 -0.276172 -0.920575 
 14996.3   6817.6     -0.2     18.6     -0.0      7.2 
    -0.1     47.1     -0.0      4.1   6750.0   8000.0 
     -3.0      31.6       1.5      17.8 
      0.4       5.4       0.0       4.1 
      0.4       3.6       0.1       2.9 
      0.3       3.3       0.1       2.9 
99525 0.232873 -0.279448 -0.931493 
 14854.2   8040.6      0.1     18.7     -0.0      7.2 
     0.0     47.1     -0.1      5.8   6750.0   8000.0 
     -3.3      28.4       1.3      17.7 
      0.1       5.5       0.1       4.0 
      0.4       3.7       0.0       2.9 
      0.3       3.3       0.1       2.8 
99526 0.188144 -0.282216 -0.940721 
 14721.8   9484.2      0.2     18.5     -0.0      1.1 
     0.1     47.3     -0.1      7.4   6500.0   7750.0 
     -1.4      31.9       0.6      17.3 
      0.2       5.6       0.0       3.3 
      0.2       3.6       0.1       2.4 
      0.3       3.3       0.1       2.2 
99527 0.142214 -0.284427 -0.948091 
 14710.0  10731.0     -0.1     18.5     -0.0      2.1 
    -0.1     47.2     -0.1      9.1   7750.0   7750.0 
     -2.2      33.3       0.7      18.3 
      0.3       5.6       0.1       2.8 
      0.2       3.6       0.1       1.8 
      0.3       3.3       0.1       1.6 
99528 0.095346 -0.286039 -0.953463 
 14667.2  11613.5     -0.0     18.5     -0.1      3.6 
    -0.1     47.2     -0.1     10.8   6500.0   7750.0 
     -2.1      33.1       0.3      19.2 
      0.3       5.5       0.1       2.2 
      0.2       3.5       0.1       1.1 
      0.3       3.1       0.2       1.0 
99529 0.047836 -0.287019 -0.956730 
 14668.8  11719.2     -0.2     18.4     -0.1      5.2 
    -0.2     47.3     -0.1     12.4   7750.0   7750.0 
     -3.4      32.2       0.7      21.9 
      0.1       5.7       0.1       2.4 
      0.2       3.7       0.1       0.7 
      0.2       3.0       0.1       0.5 
99530 -0.000000 -0.287348 -0.957826 
 14654.7  11740.1     -0.0     18.4     -0.0      6.2 
    -0.1     47.2     -0.0     13.4   7750.0   7750.0 
     -3.7      32.2       0.2      23.3 
     -0.1       5.8       0.2       4.0 
      0.3       3.7       0.0       1.2 
      0.2       3.1      -0.0       0.9 
99531 -0.047836 -0.287019 -0.956730 
 14635.1  11701.8      0.0     18.4      0.2      5.2 
    -0.0     47.2      0.2     12.4   7750.0   7750.0 
     -3.4      30.3      -0.5      20.3 
      0.1       5.9      -0.0       2.1 
      0.3       3.6      -0.0       0.6 
      0.3       3.0      -0.1       0.5 
99532 -0.095346 -0.286039 -0.953463 
 14619.0  11650.0     -0.0     18.4      0.1      3.6 
    -0.0     47.2      0.1     10.7   7750.0   7750.0 
     -2.1      28.4      -0.2      18.4 
      0.0       5.7      -0.1       2.2 
      0.3       3.6      -0.0       1.1 
      0.3       3.1      -0.0       1.0 
99533 -0.142214 -0.284427 -0.948091 
 14715.9  10772.8     -0.2     18.3      0.1      2.0 
    -0.2     47.1      0.0      9.1   7750.0   7750.0 
     -3.0      29.6      -0.1      17.7 
     -0.2       5.8      -0.1       2.7 
      0.3       3.6       0.0       1.8 
      0.3       3.3      -0.0       1.5 
99534 -0.188144 -0.282216 -0.940721 
 14662.8   9429.0     -0.0     18.4     -0.0      1.1 
    -0.1     47.3      0.0      7.4   6750.0   7750.0 
     -1.8      30.1      -1.0      16.7 
      0.3       5.7      -0.1       3.3 
      0.3       3.7       0.0       2.4 
      0.3       3.2      -0.0       2.2 
99535 -0.232873 -0.279448 -0.931493 
 14866.3   8071.3      0.1     18.4     -0.0      7.2 
     0.1     47.2      0.0      5.8   6500.0   8000.0 
     -2.1      29.6      -0.6      17.6 
      0.5       5.6       0.0       4.0 
      0.2       3.6      -0.0       2.9 
      0.3       3.3      -0.1       2.9 
99536 -0.276172 -0.276172 -0.920575 
 14965.0   6811.9     -0.2     18.4     -0.0      7.2 
    -0.2     47.2     -0.0      4.2   6750.0   8000.0 
     -0.6      28.8      -1.0      16.1 
      0.3       5.6      -0.0       4.0 
      0.3       3.6      -0.0       2.9 
      0.3       3.4      -0.0       3.0 
99537 0.249136 -0.498273 -0.830455 
 16652.9   7601.9     -0.0      8.5     -0.0      7.2 
    -0.1     36.5     -0.0      3.9   8000.0   8000.0 
     -2.8      31.0       1.1      18.5 
      0.0      10.6       0.2       4.1 
      0.3       7.0       0.1       2.8 
      0.2       6.4       0.1       2.8 
99538 0.209611 -0.503066 -0.838444 
 16446.0   8967.1     -0.1      8.2     -0.0      7.2 
    -0.1     36.4     -0.1      5.6   8000.0   8000.0 
     -4.5      30.5       0.8      17.4 
      0.1      10.6       0.1       3.9 
      0.3       7.2       0.1       2.9 
      0.3       6.1       0.1       2.7 
99539 0.169031 -0.507093 -0.845154 
 16288.1  10399.2     -0.0      8.2      0.1      1.2 
    -0.2     36.4     -0.1      7.3   8000.0   8000.0 
     -3.0      28.1       0.8      17.4 
      0.2      11.0       0.1       3.5 
      0.3       7.1       0.1       2.3 
      0.2       6.1       0.1       2.1 
99540 0.127573 -0.510292 -0.850487 
 16303.8  11420.9     -0.2      8.1     -0.0      1.9 
    -0.3     36.5     -0.1      9.0   8000.0   8000.0 
     -3.3      31.0       0.5      19.3 
      0.5      11.1       0.1       2.8 
      0.2       7.2       0.1       1.7 
      0.2       6.1       0.1       1.4 
99541 0.085436 -0.512615 -0.854358 
 16284.2  12026.2     -0.3      8.1     -0.2      3.5 
    -0.4     36.2     -0.1     10.7   8000.0   8000.0 
     -3.4      30.7       0.2      20.5 
      0.1      10.7       0.2       2.6 
      0.1       7.2       0.1       1.1 
      0.2       6.0       0.1       0.9 
99542 0.042835 -0.514024 -0.856706 
 16248.3  11997.5     -0.2      8.1     -0.3      5.1 
    -0.2     36.3     -0.3     12.3   7750.0   8000.0 
     -3.4      30.6      -0.1      22.6 
     -0.0      10.5       0.0       2.7 
      0.2       7.2       0.1       0.6 
      0.2       5.9       0.1       0.5 
99543 -0.000000 -0.514496 -0.857493 
 16344.7  11985.9     -0.2      8.1      0.0      6.2 
    -0.3     36.5      0.0     13.3   8000.0   9250.0 
     -3.3      31.0       0.2      24.3 
      0.3      10.6       0.1       3.7 
      0.4       7.2       0.1       1.3 
      0.2       5.8       0.0       0.9 
99544 -0.042835 -0.514024 -0.856706 
 16252.9  12033.6     -0.4      8.1      0.2      5.1 
    -0.2     36.4      0.2     12.3   8000.0   8000.0 
     -3.2      29.5      -0.8      21.8 
     -0.0      10.5      -0.0       2.4 
      0.3       7.1      -0.0       0.7 
      0.2       5.9      -0.0       0.5 
99545 -0.085436 -0.512615 -0.854358 
 16302.5  11971.8     -0.3      8.1      0.1      3.5 
    -0.1     36.5      0.1     10.7   7750.0   8000.0 
     -3.0      30.8      -0.9      20.2 
      0.3      10.6       0.0       2.1 
      0.3       7.2      -0.0       1.1 
      0.1       5.8      -0.0       0.9 
99546 -0.127573 -0.510292 -0.850487 
 16343.3  11437.8     -0.1      8.2      0.0      2.0 
    -0.2     36.5      0.0      9.0   8000.0   8000.0 
     -2.9      29.5      -1.0      18.9 
      0.3      10.9      -0.1       2.8 
      0.1       7.3      -0.0       1.7 
      0.3       6.2      -0.0       1.4 
99547 -0.169031 -0.507093 -0.845154 
 16373.6  10463.4     -0.2      8.2     -0.0      1.2 
    -0.0     36.4      0.0      7.3   7750.0   8000.0 
     -1.9      29.9      -0.7      17.5 
      0.0      10.9      -0.0       3.3 
      0.2       7.2      -0.1       2.3 
      0.3       6.1      -0.1       2.1 
99548 -0.209611 -0.503066 -0.838444 
 16437.0   8959.9     -0.2      8.2     -0.0      7.2 
    -0.1     36.6     -0.0      5.6   8000.0   8000.0 
     -2.1      30.7      -1.2      17.5 
      0.2      10.9      -0.0       3.9 
      0.2       7.1      -0.0       2.9 
      0.3       6.2      -0.0       2.7 
99549 -0.249136 -0.498273 -0.830455 
 16556.9   7610.9     -0.1      8.9     -0.0      7.2 
    -0.0     36.5     -0.0      3.9   8000.0   8250.0 
     -2.9      30.4      -1.6      17.2 
      0.1      10.8      -0.1       4.0 
      0.3       7.2      -0.0       2.9 
      0.3       6.4      -0.1       2.8 
99550 0.217643 -0.652929 -0.725476 
 18964.5   8598.2     -0.5      5.7     -0.0      7.2 
    -0.3     25.2     -0.0      3.7   9750.0   9750.0 
     -3.9      31.5       1.0      18.3 
      0.1      14.3       0.1       3.9 
      0.1      10.8       0.1       2.8 
      0.2       9.6       0.1       2.6 
99551 0.182696 -0.657706 -0.730784 
 18748.3   9822.4     -1.2      6.9     -0.0      7.2 
     0.0     25.1     -0.1      5.3   9500.0   9750.0 
     -3.1      32.4       0.7      19.0 
      0.3      13.8       0.0       3.8 
      0.3      10.6       0.1       2.8 
      0.4       9.6       0.1       2.6 
99552 0.147043 -0.661693 -0.735215 
 18801.1  10868.0      7.8     47.5      0.1      1.1 
    -0.5     25.1     -0.0      7.1   9500.0   9500.0 
     -3.5      33.4      -0.3      19.8 
      0.2      14.4       0.1       3.4 
      0.0      11.1       0.1       2.3 
     -0.0       9.6       0.1       2.0 
99553 0.110808 -0.664845 -0.738717 
 18762.5  11171.5      3.2      5.8     -0.0      1.8 
    -0.3     25.1     -0.1      8.9   9500.0   9500.0 
     -2.9      31.6       0.6      20.0 
     -0.1      14.4       0.2       2.8 
      0.2      11.4       0.1       1.7 
      0.1       9.6       0.1       1.4 
99554 0.074125 -0.667124 -0.741249 
 18776.4  11302.8     -0.4     28.9     -0.1      3.4 
    -0.3     25.2     -0.1     10.6   9500.0   9500.0 
     -4.2      33.2      -0.8      20.5 
      0.4      14.1       0.0       2.7 
      0.1      11.7       0.2       1.2 
      0.2       9.6       0.1       0.9 
99555 0.037139 -0.668503 -0.742781 
 18751.1  11255.0     -0.4     28.9     -0.4      5.1 
    -0.5     25.1     -0.3     12.2   9500.0   9500.0 
     -4.1      33.4      -0.6      23.7 
      0.2      13.8       0.1       2.8 
      0.2      11.8       0.1       0.7 
      0.1       9.5       0.1       0.5 
99556 -0.000000 -0.668965 -0.743294 
 18728.1  11189.3     -2.2      4.3     -0.0      6.1 
     0.1     24.8     -0.0     13.3   9500.0   9500.0 
     -2.4      32.2      -1.5      24.2 
      0.1      13.7       0.2       4.4 
      0.5      11.6       0.0       1.0 
      0.3       9.3       0.0       1.1 
99557 -0.037139 -0.668503 -0.742781 
 18677.6  11228.2     -0.4     28.9      0.3      5.1 
    -0.4     25.0      0.3     12.2   9500.0   9500.0 
     -3.4      32.3      -0.4      21.7 
      0.1      13.6       0.1       3.2 
      0.0      11.4       0.0       0.7 
      0.1       9.5      -0.0       0.5 
99558 -0.074125 -0.667124 -0.741249 
 18675.7  11174.9     -0.4     28.9      0.2      3.4 
    -0.3     25.1      0.2     10.6   9500.0   9500.0 
     -2.9      32.7      -0.6      20.4 
      0.2      13.8      -0.0       2.2 
      0.2      11.1      -0.0       1.1 
      0.2       9.6      -0.0       0.9 
99559 -0.110808 -0.664845 -0.738717 
 18810.8  11231.2      2.1      5.7      0.1      1.8 
    -0.1     25.1      0.1      8.8   9500.0   9500.0 
     -4.1      33.2      -1.0      20.5 
      0.2      14.1       0.1       3.1 
      0.2      11.2      -0.1       1.7 
      0.3       9.6      -0.0       1.4 
99560 -0.147043 -0.661693 -0.735215 
 18776.0  10839.5      9.5     40.0     -0.6      8.7 
    -0.2     25.2      0.0      7.0   9500.0   9500.0 
     -4.1      32.5      -0.6      18.6 
      0.1      14.5      -0.1       3.4 
      0.3      11.2      -0.0       2.3 
      0.1       9.6      -0.0       2.0 
99561 -0.182696 -0.657706 -0.730784 
 18887.0   9829.5     -0.4     28.9     -0.0      7.2 
    -0.1     25.1      0.0      5.3   9500.0   9750.0 
     -2.9      30.7      -1.5      17.5 
      0.5      14.6      -0.0       4.0 
      0.0      11.1      -0.1       3.0 
      0.2       9.5      -0.0       2.6 
99562 -0.217643 -0.652929 -0.725476 
 18943.7   8598.9     -0.4     28.9     -0.0      7.2 
    -0.2     25.0     -0.0      3.6   9750.0   9750.0 
     -4.0      33.0      -1.3      18.4 
      0.2      14.5       0.0       3.9 
      0.2      11.0      -0.0       2.8 
      0.2       9.6      -0.0       2.6 
99563 0.188608 -0.754434 -0.628695 
 21939.7   9223.5     -0.4     28.9     -0.0      7.2 
    -0.2     13.7      0.0      3.3  11250.0  11750.0 
     -4.8      32.7       1.3      20.4 
      0.1      14.5       0.1       3.9 
      0.1      10.8       0.1       2.6 
      0.1      10.0       0.1       2.5 
99564 0.158035 -0.758568 -0.632140 
 21776.9   9655.9     -0.4     28.9     -0.0      7.2 
     0.0     13.7     -0.1      5.1  11250.0  12500.0 
     -2.7      31.3       0.2      19.9 
      0.0      14.6       0.1       4.0 
      0.2      10.8       0.0       2.8 
      0.2      10.0       0.1       2.6 
99565 0.127000 -0.762001 -0.635001 
 21698.5  10018.2     -0.4     28.9      0.2      1.1 
    -0.1     13.6     -0.2      6.9  11250.0  12500.0 
     -2.2      32.0       0.1      18.8 
      0.4      14.5       0.0       3.3 
      0.3      10.7       0.1       2.1 
      0.2       9.7       0.1       1.8 
99566 0.095588 -0.764704 -0.637253 
 21676.4   9987.8     -0.4     28.9     -0.1      1.6 
    -0.3     13.6     -0.1      8.6  11250.0  12500.0 
     -2.7      33.0      -0.3      20.5 
     -0.3      14.6       0.2       2.9 
      0.0      10.7       0.1       1.5 
     -0.0       9.7       0.1       1.3 
99567 0.063888 -0.766652 -0.638877 
 21720.5   9975.6     -0.4     28.9     -0.2      3.3 
    -0.3     13.5     -0.2     10.5  11250.0  12500.0 
     -3.8      31.9       0.7      21.7 
      0.0      14.6       0.1       3.0 
      0.1      10.6       0.1       1.0 
      0.1       9.7       0.1       0.8 
99568 0.031993 -0.767828 -0.639857 
 21685.5  10090.9     -0.4     28.9     -0.3      5.0 
    -0.4     13.5     -0.3     12.1  11500.0  12500.0 
     -3.7      32.4       0.7      24.1 
      0.1      14.6      -0.0       2.9 
      0.2      10.6       0.1       0.7 
     -0.0       9.5       0.1       0.5 
99569 -0.000000 -0.768221 -0.640184 
 21632.7   9981.2     -0.4     28.9      0.0      6.1 
    -0.0     13.5      0.0     13.3  11250.0  12500.0 
     -4.4      34.1      -0.9      25.0 
      0.0      14.6      -0.1       5.2 
      0.3      10.6       0.0       1.4 
     -0.0       9.5       0.1       1.0 
99570 -0.031993 -0.767828 -0.639857 
 21663.3   9960.1     -0.4     28.9      0.3      5.0 
    -0.2     13.5      0.3     12.2  11250.0  12500.0 
     -3.9      33.7      -0.7      23.9 
      0.5      14.5       0.2       3.5 
      0.4      10.6       0.1       0.6 
      0.0       9.7      -0.0       0.5 
99571 -0.063888 -0.766652 -0.638877 
 21608.8   9995.7     -0.4     28.9      0.2      3.3 
    -0.2     13.6      0.3     10.5  11250.0  12500.0 
     -3.0      31.6      -0.2      21.4 
      0.2      14.5      -0.0       2.8 
      0.1      10.7      -0.0       1.0 
      0.1       9.7      -0.0       0.8 
99572 -0.095588 -0.764704 -0.637253 
 21700.9   9961.2     -0.4     28.9      0.1      1.6 
    -0.5     13.7      0.1      8.6  12500.0  12500.0 
     -4.1      34.0      -0.9      20.8 
      0.1      14.5      -0.1       3.0 
      0.1      10.8      -0.0       1.5 
      0.2       9.7      -0.0       1.3 
99573 -0.127000 -0.762001 -0.635001 
 21748.7   9960.3     -0.4     28.9     -0.2      1.1 
    -0.4     13.5      0.0      6.9  11250.0  12500.0 
     -4.3      31.7      -1.0      20.2 
      0.3      14.4       0.0       3.3 
      0.3      10.6      -0.0       2.1 
     -0.1       9.8      -0.1       1.8 
99574 -0.158035 -0.758568 -0.632140 
 21852.9   9756.5     -0.4     28.9     -0.0      7.2 
    -0.2     13.5     -0.0      5.1  11250.0  11500.0 
     -3.5      33.2      -1.2      20.2 
     -0.1      14.7      -0.1       4.1 
      0.3      10.7      -0.1       2.8 
      0.0       9.9      -0.1       2.5 
99575 -0.188608 -0.754434 -0.628695 
 21945.0   9245.0     -0.4     28.9     -0.0      7.2 
    -0.0     13.7      0.0      3.3  11250.0  11500.0 
     -3.7      32.4      -0.4      19.9 
     -0.0      14.8      -0.0       3.9 
      0.5      10.8       0.1       2.6 
      0.2       9.9      -0.1       2.4 
