Dot1_50x50_prd2010lk:2010lk@-150V,3.8T@00d,263K,rhe=1.10,rhh=0.7 
2289 1 3.80 16 5 7 0 150.0000 263.0000 0.0000 1.0000 500.0000 0.0800 -0.3800 50.0575 50.0000 150.0000 500.0000 0.0400 -0.190000 1.5000 1.0000 0.8500 
49201 -0.000000 -0.000000 -1.000000 
 14166.7  11203.3      0.1     13.1     -0.2     13.1 
     0.1     27.4     -0.2     27.5   6500.0   7750.0 
     -0.8      33.8      -0.8      37.1 
      0.1       5.1       0.5       4.9 
     -0.1       1.7       0.2       1.6 
     -0.1       1.4       0.2       1.3 
49202 -0.000000 -0.066519 -0.997785 
 14108.0  11205.3      0.2     11.8     -0.1     13.1 
     0.2     26.2     -0.1     27.4   6500.0   7750.0 
     -1.1      33.4       1.5      34.5 
     -0.1       3.4       0.1       4.0 
     -0.1       1.1       0.2       1.5 
     -0.2       1.0       0.1       1.3 
49203 -0.000000 -0.132164 -0.991228 
 14208.1  11337.7      0.0      9.7     -0.0     13.1 
     0.1     24.1     -0.0     27.4   6500.0   7750.0 
     -0.8      29.3      -2.1      32.9 
     -0.1       3.1       0.5       5.2 
     -0.2       1.8       0.2       1.5 
     -0.2       1.5       0.2       1.3 
49204 -0.000000 -0.196116 -0.980581 
 14228.1  11316.6      0.1      7.5      0.1     13.1 
     0.1     21.8      0.1     27.4   6750.0   7750.0 
     -2.4      28.7      -0.9      35.9 
     -0.2       3.7       0.1       3.7 
     -0.2       2.5       0.3       1.5 
     -0.2       2.1       0.2       1.2 
49205 -0.000000 -0.257663 -0.966235 
 14487.7  11030.6      0.0      5.3      0.0     13.0 
     0.0     19.6      0.0     27.4   6500.0   7750.0 
     -1.0      26.2      -0.4      32.8 
     -0.2       4.9       0.2       4.0 
     -0.1       3.3       0.3       1.6 
     -0.2       2.8       0.2       1.2 
49206 -0.000000 -0.316228 -0.948683 
 14725.5  10363.0     -0.0      3.4      0.1     12.9 
     0.0     17.3      0.1     27.4   7750.0   7750.0 
     -1.8      24.0      -2.2      34.5 
     -0.3       6.1       0.3       3.5 
     -0.2       4.3       0.3       1.5 
     -0.1       3.6       0.2       1.2 
49207 -0.000000 -0.371391 -0.928477 
 14961.8   9767.0     -0.2      2.1      0.2     13.1 
     0.0     15.0      0.2     27.4   7750.0   7750.0 
     -2.2      23.0      -0.9      32.5 
     -0.1       6.5       0.5       3.6 
     -0.2       5.0       0.2       1.6 
     -0.2       4.4       0.3       1.1 
49208 -0.000000 -0.422885 -0.906183 
 15338.4   8858.8     -0.8      3.1      0.0     13.0 
    -0.1     12.6      0.0     27.4   8000.0   8000.0 
     -2.7      24.9      -1.6      34.4 
     -0.1       7.3       0.1       3.7 
     -0.1       5.7       0.4       1.4 
     -0.2       5.3       0.2       1.2 
49209 -0.000000 -0.470588 -0.882353 
 15681.1   7983.2      0.0     14.4      0.1     13.0 
    -0.0     10.3      0.1     27.4   8000.0   8000.0 
     -2.8      24.3      -0.7      34.8 
     -0.1       7.9      -0.1       3.8 
     -0.0       6.2       0.3       1.4 
     -0.2       5.6       0.2       1.1 
49210 -0.000000 -0.514496 -0.857493 
 16133.0   7333.4      0.0     14.4      0.2     13.0 
    -0.1      8.0      0.2     27.4   8000.0   8000.0 
     -2.1      25.1      -0.8      33.3 
     -0.1       8.1       0.5       5.4 
     -0.1       5.9       0.3       1.7 
     -0.2       5.6       0.2       1.1 
49211 -0.000000 -0.554700 -0.832050 
 16566.3   6809.0      0.0     14.4      0.1     13.1 
    -0.2      6.0      0.1     27.5   8000.0   8250.0 
     -3.9      26.4      -1.4      33.2 
     -0.1       7.8       0.2       4.3 
     -0.1       5.7       0.1       2.5 
     -0.3       5.4       0.2       1.1 
49212 -0.000000 -0.591364 -0.806405 
 17056.8   6391.7      0.0     14.4      0.1     13.1 
    -0.2      4.3      0.1     27.5   8250.0   8500.0 
     -2.9      25.8      -3.0      35.8 
     -0.2       8.1       0.2       5.6 
     -0.1       6.3       0.3       1.2 
     -0.2       5.7       0.2       1.1 
49213 -0.000000 -0.624695 -0.780869 
 17577.0   6059.7      0.0     14.4      0.2     13.1 
    -0.3      3.7      0.2     27.5   8250.0   9500.0 
     -3.0      25.7      -2.0      33.9 
     -0.2       8.8       0.2       5.1 
     -0.2       6.9       0.2       1.8 
     -0.3       6.6       0.2       1.1 
49214 -0.000000 -0.654931 -0.755689 
 18221.9   5818.8      0.0     14.4      0.2     13.1 
    -2.3      4.5      0.2     27.5   8750.0   9750.0 
     -3.2      25.5      -2.5      36.5 
     -0.3       8.9       0.3       5.5 
     -0.3       6.9       0.2       1.3 
     -0.4       7.0       0.2       1.0 
49215 -0.000000 -0.682318 -0.731055 
 18903.4   5592.4      0.0     14.4      0.1     13.1 
     0.0     28.9      0.1     27.5   9750.0   9750.0 
     -4.4      27.5      -0.7      35.9 
     -0.6       8.8       0.3       6.8 
     -0.2       7.2       0.2       1.3 
     -0.4       6.8       0.2       1.1 
49216 -0.000000 -0.707107 -0.707107 
 19482.6   5427.1      0.0     14.4     -0.0     13.3 
     0.0     28.9     -0.0     27.5   9750.0  10000.0 
     -4.1      25.4      -1.2      34.5 
     -0.2       8.7       0.2       5.9 
     -0.2       6.9       0.3       1.6 
     -0.2       6.6       0.2       1.1 
49217 0.196116 -0.000000 -0.980581 
 14295.6  11260.0     -0.1     13.0     -0.1      7.5 
    -0.1     27.4     -0.1     21.9   6500.0   7750.0 
      0.4      33.8       1.6      25.2 
      0.3       4.9       0.4       4.0 
     -0.0       1.6       0.3       2.5 
     -0.0       1.3       0.3       2.2 
49218 0.132164 -0.000000 -0.991228 
 14195.7  11366.1     -0.1     13.1     -0.2      9.7 
    -0.1     27.5     -0.2     24.1   6750.0   7750.0 
      0.4      33.6       0.6      27.7 
      0.1       4.2       0.3       3.2 
     -0.1       1.7       0.3       1.8 
     -0.1       1.3       0.4       1.6 
49219 0.066519 -0.000000 -0.997785 
 14145.9  11223.6     -0.1     13.1     -0.2     11.8 
    -0.1     27.5     -0.2     26.2   6500.0   7750.0 
      0.9      35.1       1.8      31.9 
     -0.3       4.9       0.2       3.0 
     -0.2       1.7       0.3       1.1 
     -0.0       1.3       0.3       1.0 
49220 -0.000000 -0.000000 -1.000000 
 14122.3  11241.8      0.0     13.0      0.1     13.1 
     0.0     27.4      0.1     27.4   6500.0   7750.0 
     -1.4      37.9      -0.4      35.2 
      0.1       5.5       0.0       5.2 
      0.0       1.6       0.2       1.6 
     -0.1       1.4       0.2       1.3 
49221 -0.066519 -0.000000 -0.997785 
 14122.3  11177.7      0.1     13.1      0.3     11.8 
     0.2     27.4      0.3     26.2   7750.0   7750.0 
      1.9      36.5      -0.7      31.1 
      0.1       4.1       0.4       3.1 
     -0.0       1.6       0.1       1.1 
     -0.0       1.3       0.0       1.1 
49222 -0.132164 -0.000000 -0.991228 
 14161.0  11261.4      0.1     13.4      0.0      9.7 
     0.0     27.4      0.1     24.1   6500.0   7750.0 
      2.1      34.7      -0.9      26.5 
     -0.1       3.9       0.2       2.9 
     -0.1       1.6       0.1       1.7 
     -0.0       1.3       0.1       1.5 
49223 -0.196116 -0.000000 -0.980581 
 14242.4  11303.5      0.0     13.1     -0.0      7.5 
     0.0     27.4     -0.0     21.9   6500.0   7750.0 
     -0.9      30.7      -1.7      24.5 
      0.0       3.7      -0.0       3.7 
     -0.0       1.5       0.0       2.5 
     -0.1       1.3       0.0       2.2 
49224 0.192450 -0.192450 -0.962250 
 14572.8  11429.5     -0.0      7.5     -0.0      7.5 
     0.0     21.9     -0.0     21.8   6750.0   7750.0 
     -1.0      27.6       1.1      25.9 
     -0.1       4.0       0.5       3.9 
     -0.2       2.5       0.3       2.5 
     -0.1       2.2       0.3       2.1 
49225 0.129641 -0.194461 -0.972306 
 14351.0  11454.5     -0.1      7.5     -0.1      9.7 
    -0.0     21.8     -0.1     24.1   6500.0   7750.0 
     -1.6      25.9       1.3      26.1 
     -0.2       3.9       0.5       2.9 
     -0.2       2.5       0.3       1.7 
     -0.2       2.2       0.3       1.5 
49226 0.065233 -0.195698 -0.978492 
 14327.9  11404.8      0.1      7.5     -0.2     11.7 
     0.1     21.9     -0.2     26.2   6750.0   7750.0 
     -1.3      27.8       1.0      33.2 
     -0.1       3.9       0.4       3.4 
     -0.2       2.5       0.3       1.0 
     -0.2       2.2       0.3       0.9 
49227 -0.000000 -0.196116 -0.980581 
 14321.6  11359.2      0.0      7.5      0.2     13.0 
     0.1     21.9      0.1     27.4   6750.0   7750.0 
     -1.5      27.6       0.2      32.1 
     -0.2       3.9       0.1       5.2 
     -0.1       2.5       0.2       1.5 
     -0.2       2.1       0.2       1.2 
49228 -0.065233 -0.195698 -0.978492 
 14340.5  11346.9      0.1      7.5      0.3     11.8 
     0.0     21.8      0.3     26.1   6500.0   7750.0 
     -1.4      24.1      -0.6      29.9 
     -0.2       4.1       0.1       3.5 
     -0.2       2.5       0.1       1.1 
     -0.2       2.1       0.0       1.0 
49229 -0.129641 -0.194461 -0.972306 
 14387.3  11396.2      0.1      7.5      0.1      9.7 
     0.1     21.9      0.1     24.0   6750.0   7750.0 
     -2.7      27.6      -1.1      26.9 
     -0.2       3.9       0.0       2.9 
     -0.1       2.5       0.0       1.7 
     -0.2       2.1       0.0       1.5 
49230 -0.192450 -0.192450 -0.962250 
 14473.5  11367.8     -0.0      7.5      0.2      7.5 
     0.0     21.9      0.2     21.8   6500.0   7750.0 
     -1.7      28.8      -1.3      26.9 
     -0.3       3.9       0.1       3.8 
     -0.1       2.5       0.1       2.5 
     -0.1       2.2       0.1       2.2 
49231 0.182574 -0.365148 -0.912871 
 15209.9  10000.0     -0.1      2.9     -0.1      7.5 
     0.0     14.9     -0.1     21.8   7750.0   7750.0 
     -1.7      23.9       0.4      26.1 
     -0.2       6.7       0.3       3.7 
     -0.2       4.9       0.3       2.6 
     -0.2       4.5       0.3       2.2 
49232 0.122859 -0.368577 -0.921443 
 15160.9   9898.4     -0.2      2.6     -0.0      9.6 
    -0.0     14.9     -0.0     24.0   7750.0   7750.0 
     -3.4      25.9       0.7      30.0 
     -0.3       6.7       0.4       2.9 
     -0.3       4.8       0.3       1.7 
     -0.2       4.5       0.3       1.5 
49233 0.061780 -0.370681 -0.926703 
 14994.4   9718.8     -0.1      2.4     -0.3     11.8 
    -0.0     14.8     -0.3     26.1   7750.0   7750.0 
     -2.0      24.9       0.3      29.5 
     -0.2       6.7       0.2       2.8 
     -0.2       5.0       0.3       0.9 
     -0.1       4.4       0.4       0.8 
49234 -0.000000 -0.371391 -0.928477 
 15025.4   9682.1     -0.1      2.2     -0.1     13.1 
    -0.1     14.9     -0.1     27.4   7750.0   7750.0 
     -2.5      25.2      -0.5      36.2 
     -0.3       6.8       0.4       4.3 
     -0.2       5.1       0.2       1.3 
     -0.2       4.4       0.3       1.3 
49235 -0.061780 -0.370681 -0.926703 
 14965.9   9575.9     -0.5     14.9      0.3     11.7 
     0.0     15.0      0.3     26.1   7750.0   7750.0 
     -2.6      26.0      -1.1      33.1 
     -0.2       6.7       0.1       2.7 
      0.0       4.8       0.2       1.0 
     -0.2       4.4       0.0       0.9 
49236 -0.122859 -0.368577 -0.921443 
 14986.8   9648.1     -0.1      2.1      0.2      9.6 
     0.1     14.9      0.1     24.0   7750.0   7750.0 
     -2.1      22.8      -0.8      26.6 
     -0.0       6.6       0.1       2.7 
     -0.0       4.8       0.1       1.6 
     -0.2       4.4       0.0       1.6 
49237 -0.182574 -0.365148 -0.912871 
 15238.6   9662.5     -0.1      2.3      0.0      7.5 
    -0.1     14.9      0.0     21.8   7750.0   7750.0 
     -2.4      25.1      -2.5      28.4 
     -0.1       6.5       0.1       3.7 
     -0.1       5.0       0.0       2.5 
     -0.2       4.4       0.1       2.2 
49238 0.169031 -0.507093 -0.845154 
 16307.7   7615.2      0.0     14.4     -0.0      7.4 
    -0.1      8.1     -0.0     21.7   8000.0   8000.0 
     -3.2      26.1       1.2      25.9 
     -0.2       8.0       0.4       3.9 
     -0.2       5.9       0.3       2.4 
     -0.3       5.7       0.3       2.1 
49239 0.113592 -0.511166 -0.851943 
 16162.9   7531.7      0.0     14.4     -0.2      9.6 
    -0.0      8.1     -0.2     23.9   8000.0   8000.0 
     -3.3      25.1       0.3      28.8 
     -0.2       8.2       0.4       3.1 
     -0.1       6.0       0.3       1.6 
     -0.2       5.6       0.3       1.4 
49240 0.057073 -0.513657 -0.856095 
 16151.5   7425.3      0.0     14.4     -0.2     11.6 
    -0.1      8.0     -0.2     26.1   8000.0   8000.0 
     -3.4      26.6      -0.9      34.0 
     -0.2       8.1       0.2       3.4 
     -0.2       6.0       0.2       1.0 
     -0.2       5.6       0.3       0.8 
49241 -0.000000 -0.514496 -0.857493 
 16153.1   7321.7      0.0     14.4      0.0     13.0 
    -0.1      8.1      0.0     27.4   8000.0   8000.0 
     -4.1      26.6      -2.5      34.6 
     -0.4       8.0       0.5       4.8 
     -0.2       6.0       0.4       1.5 
     -0.2       5.6       0.2       1.1 
49242 -0.057073 -0.513657 -0.856095 
 16205.6   7298.7      0.0     14.4      0.3     11.7 
    -0.1      8.0      0.3     26.0   8000.0   8000.0 
     -4.2      28.2      -1.5      35.0 
     -0.2       8.1       0.0       3.3 
     -0.1       6.0       0.2       0.9 
     -0.3       5.5       0.1       0.8 
49243 -0.113592 -0.511166 -0.851943 
 16210.1   7333.0      0.0     14.4      0.2      9.5 
    -0.1      8.0      0.1     23.9   8000.0   8000.0 
     -3.5      26.6      -1.9      29.0 
     -0.3       8.1       0.1       3.1 
     -0.1       5.9       0.1       1.6 
     -0.2       5.6       0.0       1.5 
49244 -0.169031 -0.507093 -0.845154 
 16287.0   7343.5      0.0     14.4      0.1      7.4 
    -0.1      8.0      0.1     21.7   8000.0   8000.0 
     -2.5      24.8      -1.8      25.9 
     -0.2       8.0       0.0       3.7 
     -0.1       5.9       0.2       2.4 
     -0.2       5.6       0.1       2.2 
49245 0.154303 -0.617213 -0.771517 
 17841.2   6255.8      0.0     14.4     -0.0      7.2 
    -0.3      4.4     -0.1     21.6   8250.0   9500.0 
     -3.9      27.3      -0.0      27.9 
     -0.2       8.9       0.3       4.0 
     -0.2       6.9       0.3       2.5 
     -0.3       6.7       0.3       2.1 
49246 0.103556 -0.621336 -0.776671 
 17703.0   6169.6      0.0     14.4     -0.1      9.5 
    -0.2      4.1     -0.1     23.9   8250.0   9500.0 
     -3.8      27.2      -1.0      29.5 
     -0.1       8.8       0.2       3.4 
     -0.1       7.0       0.3       1.6 
     -0.2       6.7       0.3       1.4 
49247 0.051988 -0.623850 -0.779813 
 17686.1   6092.4      0.0     14.4     -0.3     11.7 
    -0.3      3.9     -0.3     26.1   8250.0   9500.0 
     -3.0      24.8      -0.4      32.6 
     -0.0       8.6       0.3       3.4 
     -0.1       7.0       0.2       0.9 
     -0.2       6.7       0.3       0.7 
49248 -0.000000 -0.624695 -0.780869 
 17704.6   6129.7      0.0     14.4     -0.0     13.1 
    -0.4      3.6     -0.0     27.5   8250.0   9500.0 
     -4.2      26.5       0.1      34.3 
     -0.1       8.8       0.4       5.1 
     -0.1       6.9       0.1       1.5 
     -0.3       6.6       0.3       1.1 
49249 -0.051988 -0.623850 -0.779813 
 17594.6   6059.5      0.0     14.4      0.4     11.7 
    -0.6      3.6      0.4     26.0   8500.0   9500.0 
     -3.7      25.5      -1.0      34.3 
     -0.4       8.7       0.3       3.5 
     -0.2       6.9       0.2       0.9 
     -0.2       6.6       0.1       0.8 
49250 -0.103556 -0.621336 -0.776671 
 17790.5   6062.6      0.0     14.4      0.2      9.4 
    -0.3      3.8      0.2     23.7   8250.0   9500.0 
     -2.6      25.2      -1.4      31.4 
     -0.1       8.7      -0.1       3.1 
     -0.2       6.8       0.0       1.6 
     -0.3       6.6       0.0       1.4 
49251 -0.154303 -0.617213 -0.771517 
 17835.2   6060.7      0.0     14.4      0.1      7.2 
    -0.4      3.9      0.1     21.5   9500.0   9500.0 
     -3.1      25.3      -2.2      27.9 
     -0.2       8.7       0.2       3.9 
     -0.2       6.9       0.1       2.3 
     -0.1       6.6       0.1       2.1 
