OCR_prd2017clk:dj0180c,R12@-350V,3.8T@20d,263K,rhe=1.10,rhh=0.7,1.4/1.4         
  1018   1  3.80  28   3  29   4  350.00  263.00    1.40 1.00000   800.0   24.69  -22.89  150.000  100.000  290.000   800.0   12.35  -11.44    1.50    1.00     .85
 86081  -.105170   .946530  -.304993
  76478.4  12322.0     12.3     43.3    -12.3      9.2
     12.3     86.6    -12.1     37.6  44679.4  45685.5
      16.1      57.0      -4.8      81.0
       5.7      23.2      -1.1      20.7
       4.7      18.4       -.2       4.9
       4.6      16.8       -.1       3.9
 86082  -.113613   .937303  -.329476
  70938.7  12412.9     12.3     43.3    -12.2      9.4
     12.3     86.6    -12.0     37.9  41220.8  42355.0
      14.1      51.2      -7.6      73.5
       4.7      24.0      -1.2      19.2
       4.3      19.1       -.2       5.0
       4.8      17.9       -.2       3.9
 86083  -.123410   .925573  -.357888
  65361.7  12500.3     12.3     43.3    -12.2      9.6
     12.3     86.6    -12.1     38.1  37797.1  38727.6
      11.1      50.9      -9.2      67.3
       4.5      23.1      -1.0      15.8
       4.7      18.1       -.4       5.2
       4.8      16.8       -.2       4.0
 86084  -.134874   .910397  -.391134
  59552.1  12703.7     12.3     43.3    -12.2      9.8
     12.3     86.6    -12.2     38.1  33789.2  34757.1
      12.3      53.4      -8.1      68.8
       4.5      22.9      -1.1      17.0
       4.1      18.5       -.4       5.6
       4.2      17.7       -.2       4.2
 86085  -.148397   .890380  -.430350
  54399.5  13062.3     12.3     43.3    -12.4     11.8
     12.3     86.6    -12.2     38.6  30726.3  31424.8
      13.0      51.3      -9.8      69.1
       5.0      22.9       -.7      14.1
       4.2      17.5       -.3       5.2
       4.5      16.0       -.1       4.3
 86086  -.164460   .863416  -.476934
  49094.8  13458.5     12.3     43.3    -12.5     11.7
     12.3     86.6    -12.3     38.9  26926.3  27893.8
      10.7      49.3      -6.2      62.3
       4.2      22.3       -.7      12.9
       4.0      17.9       -.4       5.5
       3.9      16.7       -.3       4.4
 86087  -.183618   .826279  -.532491
  43931.2  13999.2     12.3     43.3    -12.4     10.6
     12.3     86.6    -12.4     39.1  23198.9  24204.6
      12.2      52.5      -6.6      57.2
       4.3      22.3       -.8      11.7
       3.6      16.1       -.3       5.4
       4.1      14.8       -.2       4.5
 86088  -.206405   .774019  -.598575
  39166.6  15033.9     12.3     43.3    -12.6     10.9
     12.6      7.9    -12.4     39.4  20724.6  21514.3
       7.2      53.4      -6.7      56.0
       3.9      21.9       -.7      10.3
       3.9      16.5       -.5       5.5
       3.9      15.7       -.3       4.8
 86089  -.233063   .699189  -.675882
  34858.0  16839.6     12.3     43.3    -12.7     11.3
     12.6     20.0    -12.6     39.9  18125.7  18621.7
       9.5      59.1      -5.0      51.9
       4.9      27.6       -.8       9.4
       4.0      18.4       -.5       5.7
       4.0      14.9       -.5       4.9
 86090  -.262862   .591440  -.762300
  31104.6  20034.8     12.3     43.3    -12.8     11.7
     13.1     38.8    -12.7     40.3  15841.7  16414.8
       8.4      56.0      -5.0      51.9
       3.2      23.7       -.7      10.0
       2.7      15.4       -.6       6.0
       2.5      12.2       -.4       5.1
 86091  -.292854   .439281  -.849276
  27967.6  23056.2     13.1     14.7    -13.2     12.1
     12.9     57.5    -12.9     40.6  13725.0  14334.6
       5.5      52.9      -5.5      47.1
       1.6      14.0       -.8       9.5
       1.1       9.2       -.6       6.1
       1.3       7.4       -.6       5.1
 86092  -.316664   .237498  -.918324
  25979.8  21632.2     12.1     32.0    -13.2     12.3
     12.1     75.2    -13.1     40.9  12625.6  13065.0
       1.6      56.5      -4.8      43.2
       -.5       6.7       -.6       9.2
       -.4       5.0       -.6       6.0
       -.5       5.0       -.6       5.1
 86093  -.325991   .000000  -.945373
  25393.9  21126.7     12.4     36.7    -13.2     12.1
     12.3     79.7    -13.2     40.9  12304.8  12703.9
      -1.7      67.3      -3.3      46.6
      -2.7       6.8       -.9       8.9
      -2.2       5.0       -.9       6.1
      -2.5       5.0       -.6       5.1
 86094  -.323582  -.121343  -.938387
  25385.3  21217.6     11.8     28.1    -12.9     12.3
     11.8     71.2    -12.8     40.8  12250.2  12836.7
      -5.4      50.3      -2.0      42.7
      -3.7       8.5      -1.0       9.2
      -3.4       5.2       -.7       6.1
      -3.5       5.0       -.6       5.1
 86095  -.316664  -.237498  -.918324
  25966.0  21802.5     11.3     19.4    -13.1     12.2
     11.4     62.4    -13.0     40.8  12520.3  13079.1
      -7.7      49.4      -6.3      49.0
      -4.4      11.7      -1.0       9.0
      -4.2       7.7       -.7       6.0
      -4.3       6.5       -.5       5.0
 86096  -.306058  -.344315  -.887567
  26722.9  21401.3     11.4     11.2    -12.8     12.1
     11.7     53.6    -12.8     40.7  13107.1  13658.7
     -10.1      48.8      -3.5      49.5
      -5.0      15.1       -.8       8.9
      -5.2      10.5       -.6       6.0
      -5.1       8.7       -.4       4.9
 86097  -.292854  -.439281  -.849276
  27803.0  19854.1     10.4      6.6    -12.9     12.0
     11.7     44.5    -12.7     40.7  13708.7  14191.2
     -11.4      50.2      -3.5      48.2
      -5.6      19.6       -.5       9.2
      -5.7      13.2       -.5       5.9
      -5.8      10.9       -.3       4.9
 86098  -.278147  -.521525  -.806626
  29187.5  18009.0     12.3     43.3    -12.8     11.7
     11.8     35.2    -12.8     40.5  14251.9  14908.7
     -11.0      55.4      -1.0      44.7
      -8.3      25.2       -.8       9.4
      -7.5      17.0       -.4       5.7
      -7.3      13.6       -.4       4.8
 86099  -.262862  -.591440  -.762300
  30780.5  16703.0     12.3     43.3    -13.0     11.7
     11.9     26.2    -12.9     40.2  15486.5  16157.9
     -13.7      58.3      -2.1      51.1
      -8.5      28.3       -.5       9.4
      -8.6      18.7       -.5       5.7
      -8.0      15.5       -.3       4.8
 86100  -.233063  -.699189  -.675882
  34665.2  14913.6     12.3     43.3    -12.8     11.3
     11.5     10.8    -12.5     40.0  17997.7  18531.5
     -10.9      52.5       -.3      51.1
      -6.8      25.0       -.9       9.7
      -6.5      17.8       -.4       5.6
      -6.8      16.5       -.3       4.7
 86101  -.206405  -.774019  -.598575
  38967.5  13966.9     12.3     43.3    -12.7     10.9
     12.3     86.6    -12.4     39.5  20643.9  21296.0
     -13.0      48.1        .2      53.8
      -6.1      22.7       -.3      10.3
      -6.0      17.5       -.3       5.3
      -5.9      16.7       -.2       4.5
 86102  -.183618  -.826279  -.532491
  43901.2  13146.7     12.3     43.3    -12.5     10.4
     12.3     86.6    -12.2     39.1  23275.2  24255.6
     -13.2      51.6       1.3      61.2
      -5.7      22.2       -.5      10.4
      -5.3      17.4       -.2       5.3
      -5.6      15.2       -.2       4.3
 86103  -.164460  -.863416  -.476934
  48802.4  12815.0     12.3     43.3    -12.6     10.2
     12.3     86.6    -12.4     38.9  26644.2  27602.5
     -11.8      50.2       -.1      61.3
      -6.0      23.7       -.4      11.6
      -5.0      18.9       -.2       5.0
      -5.5      18.0       -.2       4.1
 86104  -.148397  -.890380  -.430350
  54077.0  12579.9     12.3     43.3    -12.4     10.0
     12.3     86.6    -12.1     38.6  30161.7  31378.9
     -14.3      51.7        .3      63.5
      -5.5      22.4       -.5      14.5
      -5.3      17.5       -.2       5.1
      -5.1      15.9       -.1       4.0
 86105  -.134874  -.910397  -.391134
  59468.5  12270.4     12.3     43.3    -12.2      9.8
     12.3     86.6    -11.9     38.4  33846.6  34718.7
     -13.6      46.5        .8      68.7
      -5.7      24.0       -.2      15.1
      -5.3      19.6       -.2       5.0
      -5.5      18.8       -.1       4.0
 86106  -.123410  -.925573  -.357888
  64998.7  12242.0     12.3     43.3    -12.4      9.6
     12.3     86.6    -12.0     38.3  36902.1  38127.7
     -15.6      51.3       2.5      72.0
      -5.1      22.6       -.2      16.0
      -5.0      18.3       -.2       4.9
      -5.3      16.6       -.1       3.8
 86107  -.113613  -.937303  -.329476
  70643.6  11984.5     12.3     43.3    -12.3      9.4
     12.3     86.6    -12.0     38.1  41366.8  42420.6
     -15.8      51.2       5.1      77.5
      -5.6      24.1        .2      18.2
      -5.0      20.1       -.2       4.9
      -4.9      19.1        .0       3.8
 86108  -.105170  -.946530  -.304993
  76383.7  11937.4     12.3     43.3    -12.2      9.3
     12.3     86.6    -11.8     37.9  44518.6  45920.7
     -13.8      49.7       5.3      74.3
      -5.2      22.6        .1      21.4
      -4.9      18.6       -.2       5.3
      -5.2      16.9       -.1       3.7
 86109   .863216  -.064741  -.500666
  46120.0   8402.2     12.8     26.4    -11.4     28.9
     12.9     69.6    -11.4     57.7  25459.7  26296.2
       1.6      62.0       9.0      40.2
      -2.2      11.3       3.5      23.2
      -2.6       5.0       3.7      17.7
      -2.7       5.0       3.9      16.2
 86110   .838516  -.069876  -.540377
  42752.7   8613.3     12.4     26.8    -11.4     28.9
     12.6     69.9    -11.4     57.7  23176.8  23885.3
       6.4      62.2       9.3      40.3
      -2.5      10.8       4.1      22.7
      -2.7       5.0       3.9      16.9
      -2.7       5.0       4.4      15.7
 86111   .807288  -.075683  -.585284
  39441.8   8935.7     12.8     26.8    -11.4     28.9
     12.7     69.9    -11.4     57.7  21031.4  21604.1
       1.1      60.7       8.7      40.4
      -2.8       9.1       4.0      22.2
      -2.6       5.0       3.8      16.6
      -2.8       5.0       4.4      15.3
 86112   .767414  -.082223  -.635858
  36349.1   9365.3     12.1     27.1    -11.4     28.9
     12.3     70.2    -11.4     57.7  19344.7  20161.9
        .3      60.0       9.7      40.6
      -3.0      10.0       4.8      22.1
      -2.9       5.0       4.9      16.2
      -2.8       5.0       4.7      14.6
 86113   .716102  -.089513  -.692232
  33481.0   9850.8     12.2     27.3    -11.4     28.9
     12.2     70.4    -11.4     57.7  16852.7  17807.6
        .8      58.2      10.3      42.3
      -2.8       9.0       4.7      21.2
      -2.8       5.0       4.0      15.5
      -3.0       5.0       5.3      14.5
 86114   .649830  -.097475  -.753803
  30804.8  10794.6     12.2     27.5    -11.4     28.9
     12.2     70.7    -11.4     57.7  15800.6  16291.2
       -.5      58.7       8.1      41.5
      -2.8       8.9       5.4      20.9
      -3.1       5.0       5.5      15.4
      -3.0       5.0       5.6      13.4
 86115   .564543  -.105852  -.818588
  28474.7  11969.8     12.1     27.8    -11.4     28.9
     12.1     71.1    -11.5      8.2  13809.6  14438.4
       2.0      52.0       8.1      39.6
      -3.0       8.5       5.1      18.3
      -3.2       5.0       5.0      13.2
      -3.3       5.0       5.2      12.3
 86116   .456422  -.114106  -.882416
  26465.2  13852.5     11.6     27.9    -11.4     28.9
     11.6     71.2    -11.9     16.6  12807.1  13232.7
       -.6      56.2       8.1      41.2
      -3.2       8.3       5.6      18.5
      -3.1       5.1       5.1      12.9
      -3.4       5.0       5.8      11.2
 86117   .323582  -.121343  -.938387
  25106.1  17057.2     11.0     28.0     -9.1      5.7
     11.2     71.3    -12.1     28.0  12012.7  12660.4
      -1.3      55.6       7.6      38.3
      -3.3       8.1       4.4      14.1
      -3.1       5.2       4.3       9.7
      -3.5       5.0       4.5       8.4
 86118   .168544  -.126408  -.977555
  24257.7  20267.4     11.3     28.2    -11.7     11.2
     11.3     71.5    -12.0     39.6  11579.2  12114.8
      -6.1      54.9       5.8      45.7
      -3.6       7.6       3.2       8.8
      -3.5       5.2       3.1       6.3
      -3.6       5.0       3.1       5.7
 86119   .000000  -.128243  -.991743
  24131.1  19917.2     11.4     28.2    -12.0     22.2
     11.5     71.3    -12.0     51.0  11672.1  12137.5
      -5.4      52.5       2.1      62.1
      -3.7       7.8       1.1       7.4
      -3.4       5.0       1.4       3.5
      -3.6       5.0       1.6       3.4
 86120  -.085184  -.127776  -.988138
  24440.0  20114.2     11.6     28.2    -11.0     26.3
     11.5     71.4    -11.0     55.0  11470.5  12027.6
      -7.7      55.4       -.7      64.5
      -3.6       7.9        .0      11.1
      -3.5       5.0        .2       3.0
      -3.6       5.0        .5       3.0
 86121  -.168544  -.126408  -.977555
  24612.9  20315.8     11.3     28.0    -11.8     23.2
     11.4     71.2    -11.8     51.9  12027.7  12384.8
      -5.6      57.1      -2.2      60.7
      -3.5       8.0        .2       6.0
      -3.3       5.1        .3       3.0
      -3.7       5.0        .4       3.0
 86122  -.248443  -.124222  -.960648
  24972.2  20699.9     11.7     28.1    -12.9     17.9
     11.8     71.2    -12.8     46.7  11808.4  12466.1
      -4.8      53.1      -4.2      54.1
      -3.6       8.4       -.3       8.2
      -3.6       5.3       -.3       4.3
      -3.7       5.0       -.1       3.7
 86123  -.323582  -.121343  -.938387
  25450.1  21158.3     11.5     28.0    -13.2     12.3
     11.6     71.3    -13.2     40.9  12210.4  12746.3
      -6.8      53.5      -3.7      42.1
      -3.6       8.4      -1.1       9.1
      -3.5       5.0       -.7       6.0
      -3.6       5.0       -.6       5.0
 86124  -.393068  -.117920  -.911917
  26104.4  20448.7     11.6     28.0    -13.4      7.0
     11.6     71.4    -13.1     35.0  12651.8  13129.9
      -7.2      52.0      -5.9      43.4
      -3.5       8.8      -1.2      11.7
      -3.5       5.1      -1.4       7.8
      -3.6       5.0      -1.2       6.4
 86125  -.456422  -.114106  -.882416
  26961.4  18336.6     11.8     27.7    -13.7      4.0
     11.7     71.1    -13.3     29.2  13199.6  13651.7
      -5.6      53.3      -5.7      41.8
      -3.6       8.9      -1.9      14.6
      -3.2       5.0      -1.8       9.7
      -3.5       5.0      -1.8       7.8
 86126  -.513527  -.110042  -.850988
  27540.4  15885.9     11.7     27.9    -11.4     28.9
     11.7     71.0    -13.2     23.2  13708.8  14205.2
      -6.7      54.4      -7.2      42.1
      -3.4       8.0      -2.6      17.0
      -3.3       5.0      -2.2      11.1
      -3.5       5.0      -2.3       9.2
 86127  -.564543  -.105852  -.818588
  28727.7  14268.5     12.3     28.2    -11.4     28.9
     12.2     70.7    -13.2     17.2  14220.5  14795.5
      -8.0      55.9      -7.1      43.9
      -3.1       8.5      -3.4      18.8
      -3.2       5.0      -2.9      12.5
      -3.4       5.0      -2.8      10.2
 86128  -.649830  -.097475  -.753803
  30970.9  12141.4     12.4     27.4    -11.4     28.9
     12.3     70.5    -13.2      7.5  15560.1  16278.3
      -7.6      60.3     -10.1      45.3
      -3.3       8.7      -4.1      18.6
      -3.1       5.0      -3.1      12.8
      -3.3       5.0      -3.5      11.2
 86129  -.716102  -.089513  -.692232
  33608.2  11054.2     12.1     27.2    -11.4     28.9
     12.1     70.3    -11.4     57.7  17524.7  18134.9
      -9.8      59.6      -9.1      46.2
      -3.3      10.1      -4.6      21.3
      -2.9       5.0      -4.1      14.8
      -3.2       5.0      -4.0      12.2
 86130  -.767414  -.082223  -.635858
  36447.5  10101.4     12.5     26.9    -11.4     28.9
     12.4     70.0    -11.4     57.7  19105.9  19778.5
      -8.3      61.5      -8.0      44.5
      -3.1       9.7      -4.8      21.0
      -2.9       5.0      -4.3      14.9
      -3.0       5.0      -4.3      13.1
 86131  -.807288  -.075683  -.585284
  39654.8   9560.7     12.4     26.8    -11.4     28.9
     12.6     69.8    -11.4     57.7  21245.4  22149.1
      -7.3      63.8      -9.8      44.2
      -2.9      10.1      -5.5      22.2
      -2.8       5.0      -4.7      15.8
      -2.9       5.0      -4.6      13.6
 86132  -.838516  -.069876  -.540377
  42683.7   9183.9     12.8     26.4    -11.4     28.9
     12.7     69.6    -11.4     57.7  23061.9  23962.7
      -8.0      59.6     -10.1      42.2
      -3.0      10.3      -5.4      22.3
      -2.8       5.0      -4.8      16.2
      -2.7       5.0      -4.8      14.4
 86133  -.863216  -.064741  -.500666
  46185.3   8885.2     12.6     26.3    -11.4     28.9
     12.6     69.3    -11.4     57.7  25334.1  26320.1
      -8.8      62.4     -10.9      43.3
      -2.9      10.6      -5.3      22.8
      -2.8       5.0      -5.0      16.5
      -2.8       5.0      -5.0      14.1
 86134  -.882965  -.060202  -.465563
  49641.4   8649.3     12.9     26.1    -11.4     28.9
     12.8     69.0    -11.4     57.7  27723.7  28504.8
      -9.4      67.0     -12.6      43.2
      -2.7      11.4      -5.4      23.1
      -2.7       5.0      -5.2      17.5
      -2.7       5.0      -5.3      15.1
 86135  -.898927  -.056183  -.434481
  53221.6   8524.2     13.0     25.9    -11.4     28.9
     12.9     69.1    -11.4     57.7  30387.5  31082.9
     -11.3      66.2     -10.0      41.1
      -3.1      13.7      -5.9      23.2
      -2.5       5.0      -5.4      17.2
      -2.6       5.0      -5.4      15.0
 86136  -.911966  -.052613  -.406877
  56764.2   8410.5     13.2     25.8    -11.4     28.9
     13.0     69.0    -11.4     57.7  32629.6  33620.5
      -6.1      69.2     -11.2      42.0
      -3.0      13.6      -6.0      23.7
      -2.4       5.0      -5.4      18.0
      -2.5       5.0      -5.5      15.8
 86137  -.922727  -.049432  -.382272
  60263.7   8391.6     12.7     25.7    -11.4     28.9
     12.7     68.8    -11.4     57.7  34869.0  35710.1
     -10.0      67.8     -11.8      40.2
      -3.1      15.0      -6.1      23.1
      -2.4       5.0      -5.6      17.5
      -2.4       5.0      -5.2      15.3
 86138   .806111  -.362750  -.467544
  49204.5   9173.2     12.3     43.3    -11.4     28.9
     12.8     21.7    -11.4     57.7  27679.7  28480.6
      -5.8      58.4       8.1      37.1
      -6.2      25.6       3.7      22.4
      -5.9      16.7       3.1      17.0
      -5.4      14.1       3.6      16.1
 86139   .774912  -.387456  -.499388
  46156.1   9515.6     12.3     43.3    -11.4     28.9
     13.0     22.5    -11.4     57.7  24879.7  25900.0
      -6.7      59.3       9.6      40.9
      -7.0      26.2       4.3      22.4
      -5.9      17.0       3.6      16.9
      -5.7      14.5       3.7      15.2
 86140   .736803  -.414452  -.534182
  43150.5   9942.3     12.3     43.3    -11.4     28.9
     12.8     22.8    -11.4     57.7  23393.8  24135.0
      -5.7      59.7       8.9      40.6
      -6.2      26.9       3.5      21.6
      -6.1      17.4       3.3      16.4
      -6.2      14.6       4.1      15.2
 86141   .690099  -.443635  -.571796
  40343.4  10706.4     12.3     43.3    -11.4     28.9
     12.6     23.5    -11.4     57.7  21530.0  22065.8
      -8.9      56.8      11.0      43.5
      -7.3      26.8       4.5      21.3
      -6.5      17.1       4.0      15.6
      -6.3      14.6       4.5      14.0
 86142   .632842  -.474632  -.611748
  37642.9  11458.7     12.3     43.3    -11.4     28.9
     12.4     24.2    -11.4     57.7  19373.7  20266.1
      -8.4      57.9      10.1      41.7
      -7.0      26.7       3.7      19.7
      -7.2      17.6       4.0      14.3
      -6.8      14.9       4.5      13.8
 86143   .562936  -.506642  -.653006
  35530.9  12713.6     12.3     43.3    -11.4     28.9
     12.1     24.8    -11.4     57.7  18488.2  19209.6
      -8.7      59.7       9.4      42.8
      -8.1      27.4       5.4      20.1
      -7.0      18.2       4.8      14.6
      -7.1      15.3       5.1      13.0
 86144   .478468  -.538276  -.693778
  33593.1  13910.5     12.3     43.3    -11.4     28.9
     11.8     25.5    -12.3      8.6  17224.6  17948.4
     -12.1      59.2       9.8      43.3
      -7.8      28.3       4.3      17.5
      -7.8      18.6       4.3      12.3
      -7.5      15.2       4.6      11.0
 86145   .378295  -.567442  -.731370
  31765.0  15551.8     12.3     43.3    -11.4     28.9
     11.7     25.8    -12.8     15.1  16287.6  16838.3
     -10.4      58.2       9.3      42.7
      -8.2      27.7       5.0      17.3
      -7.8      18.3       4.7      11.8
      -7.5      15.3       5.0      10.4
 86146   .262862  -.591440  -.762300
  30663.3  15746.2     12.3     43.3     -8.9      5.9
     11.7     26.0    -13.0     26.8  15558.6  16083.2
     -12.7      58.4       8.3      44.1
      -8.1      28.2       4.2      13.9
      -7.9      18.7       3.9       9.1
      -8.0      15.5       4.1       7.9
 86147   .134975  -.607388  -.782855
  29967.1  15776.9     12.3     43.3    -12.3     12.1
     11.2     26.3    -12.6     38.8  15139.7  15803.7
     -12.9      58.4       5.4      48.2
      -8.7      28.3       2.7       9.1
      -8.1      18.7       2.7       6.1
      -8.2      15.3       2.8       5.4
 86148   .000000  -.612997  -.790085
  29833.0  15860.6     12.3     43.3    -12.7     21.6
     11.5     26.3    -12.7     50.3  14882.8  15342.6
     -11.5      56.5       6.1      64.5
      -9.8      27.9        .9       8.8
      -8.8      18.6       1.0       3.5
      -8.4      15.3       1.3       3.3
 86149  -.067953  -.611580  -.788259
  29935.6  16026.5     12.3     43.3    -11.5     25.8
     11.9     26.1    -11.5     54.5  15225.3  15701.6
     -11.4      55.7       2.2      71.8
      -8.9      27.9       -.1      12.2
      -8.6      18.6        .1       3.8
      -8.5      15.2        .4       3.0
 86150  -.134975  -.607388  -.782855
  30215.8  16143.4     12.3     43.3    -11.6     22.8
     11.5     26.2    -11.5     51.5  15177.7  15631.9
     -13.7      58.5       -.1      64.0
      -8.7      28.6        .8       8.5
      -8.3      19.0        .3       3.0
      -8.4      15.4        .4       3.0
 86151  -.200196  -.600588  -.774091
  30441.7  16388.2     12.3     43.3    -12.3     17.2
     11.6     25.9    -12.2     45.9  15046.9  15540.3
     -13.1      58.7       1.5      58.1
      -9.1      28.2        .0       7.9
      -8.3      18.5       -.1       4.0
      -8.2      15.7        .0       3.5
 86152  -.262862  -.591440  -.762300
  30768.3  16764.7     12.3     43.3    -12.7     11.6
     11.4     26.0    -12.7     40.3  15426.2  16116.2
     -16.6      60.3      -3.2      49.6
      -8.9      27.6       -.5       9.0
      -8.2      18.5       -.4       5.7
      -8.2      15.2       -.3       4.8
 86153  -.322373  -.580271  -.747905
  31396.7  16806.9     12.3     43.3    -13.0      6.2
     11.9     26.0    -12.6     34.1  15856.3  16367.8
     -13.0      59.0      -1.1      44.4
      -8.3      27.4      -1.2      11.4
      -8.1      18.5       -.9       7.3
      -8.1      15.3       -.9       6.2
 86154  -.378295  -.567442  -.731370
  31968.6  16348.6     12.3     43.3    -13.3      3.8
     11.8     25.8    -12.9     28.2  16277.1  16932.3
     -14.2      57.4      -3.5      42.5
      -8.7      27.6      -1.8      13.9
      -7.6      18.4      -1.3       9.0
      -7.8      15.2      -1.2       7.4
 86155  -.430364  -.553325  -.713175
  32770.3  16246.8     12.3     43.3    -11.4     28.9
     11.9     25.6    -12.8     22.0  16788.3  17384.2
     -13.9      59.9      -4.6      44.4
      -8.5      27.5      -2.2      16.5
      -7.8      18.1      -1.8      10.6
      -7.7      15.3      -1.6       8.8
 86156  -.478468  -.538276  -.693778
  33574.2  15563.3     12.3     43.3    -11.4     28.9
     11.8     25.4    -12.6     16.1  17136.4  17917.3
     -13.9      60.1      -6.6      47.1
      -8.1      27.4      -2.8      17.9
      -7.6      17.9      -2.4      11.6
      -7.6      15.2      -2.2       9.6
 86157  -.562936  -.506642  -.653006
  35584.7  13635.4     12.3     43.3    -11.4     28.9
     12.0     24.7    -12.7      6.9  18630.3  19206.1
     -11.3      58.7      -5.6      43.3
      -8.8      27.2      -3.8      17.6
      -7.3      18.1      -3.0      12.1
      -7.3      15.2      -2.8      10.6
 86158  -.632842  -.474632  -.611748
  37787.5  11927.3     12.3     43.3    -11.4     28.9
     12.3     23.9    -11.4     57.7  19995.8  20744.7
     -12.7      56.5      -8.1      46.3
      -7.3      26.5      -3.9      20.4
      -7.0      17.8      -3.2      13.7
      -6.8      14.8      -3.3      11.9
 86159  -.690099  -.443635  -.571796
  40508.4  11043.9     12.3     43.3    -11.4     28.9
     12.6     23.3    -11.4     57.7  21969.9  22469.8
     -13.3      59.6      -9.3      45.5
      -7.4      26.6      -4.2      20.1
      -6.4      17.5      -3.6      14.4
      -6.7      14.7      -3.7      12.6
 86160  -.736803  -.414452  -.534182
  43147.2  10377.9     12.3     43.3    -11.4     28.9
     12.6     22.9    -11.4     57.7  23488.8  24232.1
     -14.0      58.4      -9.1      43.6
      -6.8      26.2      -4.2      21.7
      -6.4      17.2      -4.0      15.2
      -6.6      14.5      -4.2      13.4
 86161  -.774912  -.387456  -.499388
  46253.9   9853.9     12.3     43.3    -11.4     28.9
     12.8     22.3    -11.4     57.7  25038.8  25732.9
     -14.0      58.8     -11.1      44.0
      -7.1      26.3      -4.6      22.1
      -6.2      17.0      -4.0      15.8
      -6.3      14.3      -4.2      14.2
 86162  -.806111  -.362750  -.467544
  49197.6   9374.5     12.3     43.3    -11.4     28.9
     12.7     21.7    -11.4     57.7  27189.8  28033.0
     -12.6      60.2     -10.7      45.1
      -6.9      25.5      -5.0      22.5
      -6.1      17.0      -4.8      16.6
      -5.8      14.3      -4.3      14.5
 86163  -.831783  -.340275  -.438577
  52603.6   9098.6     12.3     43.3    -11.4     28.9
     12.8     21.1    -11.4     57.7  29557.2  30446.5
     -11.6      61.8     -10.8      44.1
      -6.3      25.5      -4.7      22.2
      -6.0      16.9      -4.9      17.0
      -5.8      14.0      -4.8      15.2
 86164  -.853040  -.319890  -.412303
  55757.7   8917.0     12.3     43.3    -11.4     28.9
     12.4     20.8    -11.4     57.7  31713.2  32504.7
     -11.9      56.6      -9.2      42.6
      -6.4      25.3      -5.3      22.7
      -6.0      16.5      -4.8      17.2
      -5.8      14.1      -4.9      14.7
 86165  -.870759  -.301417  -.388493
  59171.8   8801.9     12.3     43.3    -11.4     28.9
     13.0     20.4    -11.4     57.7  34009.9  34889.4
     -11.8      60.5     -10.3      40.9
      -6.1      24.5      -5.6      23.6
      -5.5      16.2      -4.7      17.6
      -5.6      13.7      -5.2      15.6
 86166  -.885633  -.284668  -.366905
  62736.0   8729.3     12.3     43.3    -11.4     28.9
     12.9     19.9    -11.4     57.7  36239.5  37168.9
     -15.5      63.1     -11.2      40.7
      -6.7      24.8      -5.6      22.8
      -5.7      16.1      -5.2      17.4
      -5.5      13.9      -5.2      15.3
 86167   .467453  -.841416  -.271123
  85210.8  12803.7     12.3     43.3    -11.4     28.9
     12.3     86.6    -11.4     57.7  50967.4  52424.8
      -9.6      51.0       8.8      45.2
      -4.0      22.6       2.3      18.0
      -3.8      17.7       1.7      12.1
      -3.8      16.1       1.7      10.9
 86168   .429723  -.859446  -.276932
  83252.9  12583.8     12.3     43.3    -11.4     28.9
     12.3     86.6    -11.4     57.7  49226.8  50696.1
     -10.5      48.9       9.6      45.8
      -4.4      22.1       3.1      18.4
      -4.0      17.9       2.7      13.0
      -4.0      16.2       2.6      11.4
 86169   .389600  -.876600  -.282460
  81763.0  12426.5     12.3     43.3    -11.4     28.9
     12.3     86.6    -11.4     57.7  48862.1  50005.3
     -12.2      49.8      10.8      49.3
      -4.5      22.7       2.5      17.8
      -4.2      18.0       2.2      11.2
      -4.2      16.4       2.0       9.7
 86170   .347131  -.892622  -.287623
  80446.0  12262.1     12.3     43.3    -11.4     28.9
     12.3     86.6    -11.4     57.7  48035.3  49201.8
     -11.1      50.2      11.0      53.7
      -4.2      22.6       3.1      18.4
      -4.1      18.4       2.5      11.9
      -4.4      16.2       2.9      10.1
 86171   .302414  -.907242  -.292333
  79332.5  12168.1     12.3     43.3    -11.4     28.9
     12.3     86.6    -11.4     57.7  46621.3  47997.3
     -10.9      51.4       9.4      53.2
      -4.4      23.0       2.8      16.7
      -4.5      18.2       2.3       9.9
      -4.0      16.5       2.3       8.4
 86172   .255608  -.920190  -.296506
  77987.6  12106.7     12.3     43.3    -11.4     28.9
     12.3     86.6    -11.4     57.7  46579.6  47745.0
     -11.3      48.9       8.1      55.2
      -4.5      22.9       3.5      17.7
      -4.8      18.3       3.1      10.6
      -4.4      16.7       2.8       8.6
 86173   .206935  -.931206  -.300055
  77425.2  11891.7     12.3     43.3    -11.4     28.9
     12.3     86.6    -11.4     57.7  44898.6  46338.6
     -13.1      49.4       9.0      59.3
      -4.7      22.7       3.3      16.5
      -4.7      18.2       2.8       8.9
      -4.8      16.7       2.9       7.2
 86174   .156676  -.940054  -.302906
  76661.3  11782.7     12.3     43.3    -11.4     28.9
     12.3     86.6    -14.3      9.7  44937.8  46024.8
     -13.5      48.7       6.9      63.4
      -5.2      23.1       3.4      16.7
      -4.5      18.2       2.8       8.4
      -4.8      16.6       2.9       6.8
 86175   .105170  -.946530  -.304993
  76468.3  11795.1     12.3     43.3    -11.4     28.9
     12.3     86.6    -14.1     22.7  44787.1  45916.2
     -14.2      51.6       8.5      69.4
      -5.3      23.0       3.3      17.4
      -5.1      17.9       2.8       7.3
      -5.2      16.9       3.0       5.8
 86176   .052804  -.950480  -.306266
  76282.1  11774.7     12.3     43.3    -14.2      7.4
     12.3     86.6    -14.4     35.6  44795.6  46289.2
     -15.1      51.3       8.2      79.0
      -5.3      22.3       2.0      17.9
      -5.2      18.4       1.8       5.9
      -4.9      16.7       1.7       4.2
 86177   .000000  -.951808  -.306694
  75796.5  11752.8     12.3     43.3    -14.0     19.8
     12.3     86.6    -14.1     48.4  44138.4  45561.5
     -13.5      50.3      -1.6      90.1
      -5.4      22.5        .0      33.4
      -5.1      18.2        .2       7.0
      -5.1      16.7        .3       3.9
 86178  -.026430  -.951476  -.306587
  76186.4  11804.3     12.3     43.3    -12.3     24.9
     12.3     86.6    -12.3     53.1  43876.0  45268.2
     -15.5      53.1       5.5      94.8
      -5.1      23.1       2.2      45.7
      -5.0      18.4       -.3      13.5
      -5.2      16.9       -.1       4.6
 86179  -.052804  -.950480  -.306266
  76080.9  11902.0     12.3     43.3    -11.3     21.6
     12.3     86.6    -11.0     50.0  44556.8  45567.3
     -14.5      51.8       8.5      93.1
      -5.5      22.9       1.2      33.5
      -4.9      18.2        .4       6.4
      -5.3      17.0        .6       3.0
 86180  -.079069  -.948828  -.305734
  76095.0  12004.8     12.3     43.3    -11.8     15.6
     12.3     86.6    -11.6     44.1  45137.5  46386.8
     -13.9      49.2       2.0      86.3
      -5.2      22.9        .7      27.2
      -4.6      18.2        .1       4.7
      -5.2      16.6        .3       3.0
 86181  -.105170  -.946530  -.304993
  76205.7  11939.1     12.3     43.3    -12.3      9.3
     12.3     86.6    -12.0     37.9  44800.1  45938.6
     -15.0      54.3       5.3      81.5
      -5.0      22.8        .2      20.6
      -4.6      18.4       -.1       5.0
      -4.4      16.8        .0       4.0
 86182  -.131055  -.943599  -.304049
  76394.6  11914.9     12.3     43.3    -12.8     11.6
     12.3     86.6    -12.1     31.4  44483.1  46352.3
     -14.5      51.2       2.3      75.8
      -5.1      22.8        .0      17.4
      -4.5      18.4       -.6       6.0
      -4.8      16.7       -.2       4.6
 86183  -.156676  -.940054  -.302906
  76740.0  12050.4     12.3     43.3    -11.4     28.9
     12.3     86.6    -12.3     24.8  45368.2  46530.7
     -15.1      51.5       2.7      68.6
      -5.2      22.8       -.8      18.8
      -4.7      18.3       -.7       7.6
      -5.1      16.8       -.6       5.5
 86184  -.181983  -.935915  -.301572
  77108.8  12152.1     12.3     43.3    -11.4     28.9
     12.3     86.6    -12.3     18.3  45081.9  46712.5
     -13.2      50.2        .9      65.6
      -4.7      23.1      -1.2      18.4
      -4.6      18.4      -1.0       8.2
      -4.8      16.9      -1.0       6.1
 86185  -.206935  -.931206  -.300055
  77397.6  12231.2     12.3     43.3    -11.4     28.9
     12.3     86.6    -12.4     11.8  45543.4  46608.4
     -12.7      50.1       1.2      61.8
      -5.1      22.8      -1.2      18.1
      -4.9      18.2      -1.6       8.5
      -5.0      16.7      -1.3       6.6
 86186  -.255608  -.920190  -.296506
  78168.9  12409.2     12.3     43.3    -11.4     28.9
     12.3     86.6    -12.4      3.0  46109.4  47264.9
     -11.1      50.1       2.2      61.7
      -4.5      22.4      -2.1      17.7
      -4.4      18.3      -2.0       8.9
      -4.6      17.0      -1.8       7.5
 86187  -.302414  -.907242  -.292333
  79118.9  12502.6     12.3     43.3    -11.4     28.9
     12.3     86.6    -11.4     57.7  46427.0  47860.9
     -13.1      49.2      -1.9      61.2
      -4.8      22.7      -3.0      17.6
      -4.4      18.5      -2.6      10.5
      -4.2      16.9      -2.3       8.6
 86188  -.347131  -.892622  -.287623
  80442.1  12795.4     12.3     43.3    -11.4     28.9
     12.3     86.6    -11.4     57.7  47544.3  48827.0
     -12.8      49.3       -.8      56.5
      -4.5      22.6      -3.2      17.8
      -4.1      18.0      -2.9      10.3
      -4.3      16.8      -2.8       8.8
 86189  -.389600  -.876600  -.282460
  82002.2  13117.6     12.3     43.3    -11.4     28.9
     12.3     86.6    -11.4     57.7  48795.0  50083.4
     -15.0      53.3      -7.0      54.0
      -4.5      22.7      -3.3      19.6
      -4.0      17.8      -3.2      11.9
      -4.3      16.7      -3.3       9.8
 86190  -.429723  -.859446  -.276932
  83523.5  13130.2     12.3     43.3    -11.4     28.9
     12.3     86.6    -11.4     57.7  48804.2  50709.9
     -14.5      51.3      -7.6      51.4
      -4.3      22.7      -3.9      18.4
      -4.0      18.1      -3.4      11.8
      -4.2      16.4      -3.3      10.1
 86191  -.467453  -.841416  -.271123
  85189.9  13260.5     12.3     43.3    -11.4     28.9
     12.3     86.6    -11.4     57.7  50660.6  52429.3
     -14.4      51.7      -6.2      52.3
      -4.4      22.5      -4.3      20.3
      -4.1      17.6      -3.8      13.1
      -4.4      16.4      -4.1      11.1
 86192  -.502792  -.822750  -.265108
  87108.9  13001.2     12.3     43.3    -11.4     28.9
     12.3     86.6    -11.4     57.7  50972.5  53247.5
     -11.6      48.5      -6.1      44.8
      -4.2      22.3      -3.9      19.3
      -3.8      17.6      -3.7      13.0
      -4.0      16.1      -3.8      11.2
 86193  -.535778  -.803668  -.258960
  89182.2  12965.6     12.3     43.3    -11.4     28.9
     12.3     86.6    -11.4     57.7  53068.2  54556.7
      -9.4      51.6      -2.7      45.7
      -4.4      22.6      -4.5      20.9
      -3.7      17.6      -4.1      14.0
      -3.9      16.2      -4.2      12.3
 86194  -.566482  -.784360  -.252738
  91256.6  12636.6     12.3     43.3    -11.4     28.9
     12.3     86.6    -11.4     57.7  53827.2  55515.3
     -15.0      54.1      -8.4      45.5
      -4.1      22.5      -4.6      19.5
      -3.7      17.3      -4.4      13.8
      -4.2      16.3      -4.3      12.6
 86195  -.594996  -.764995  -.246498
  93436.4  12156.1     12.3     43.3    -11.4     28.9
     12.3     86.6    -11.4     57.7  56071.6  57396.7
     -15.6      54.6      -9.1      43.0
      -4.3      22.2      -5.1      20.8
      -3.6      17.2      -4.4      15.0
      -3.5      15.9      -4.3      13.3
