Dot1_150x100_prd2010lk:@-150V,3.8T@90d,263K,rhe=1.10,rhh=0.7,0.00/0.00          
  1010   1  3.80  60   5  29   0  150.00  163.00     .00 1.00000  1000.0     .11  124.50  150.000  100.000  285.000  1000.0     .06   62.25    1.50    1.00     .85
 53201   .000000   .000000 -1.000000
  26443.5  16883.8       .0     40.3     61.3      4.9
       .1     83.5     60.4     27.5  12503.1  13035.6
      -3.0      64.9       2.5      38.7
        .0       7.3       2.1      13.7
        .3       5.0       2.1       9.2
        .0       5.0       2.1       8.3
 53202   .000000  -.130455  -.991454
  26740.7  17126.1       .0     34.2     61.8      5.3
       .0     77.4     60.7     27.6  12554.3  13175.0
      -3.6      61.1       2.9      41.0
       -.5       5.8       2.0      13.6
       -.4       5.0       2.4       9.5
       -.3       5.0       2.2       8.3
 53203   .000000  -.254493  -.967075
  27355.6  17591.8      -.1     25.8     62.5      5.8
      -.1     69.0     60.5     27.3  12933.3  13478.4
      -3.4      53.6       2.0      40.4
       -.4       8.8       1.8      13.6
       -.2       5.5       2.1       9.3
       -.3       5.0       2.1       8.2
 53204   .000000  -.367167  -.930155
  28404.5  18162.2      -.2     17.4     62.6      5.8
      -.4     60.3     60.3     27.3  13698.5  14187.0
      -3.7      45.9       2.3      39.5
       -.6      12.9       1.7      14.0
       -.4       8.3       2.2       9.1
       -.3       7.1       2.1       8.2
 53205   .000000  -.465746  -.884918
  29748.1  18558.9       .1      9.7     62.2      7.7
       .0     51.3     60.6     27.0  14369.9  14782.9
      -5.3      48.4       2.2      41.4
       -.5      16.6       2.0      13.5
        .0      10.9       2.3       9.2
       -.2       9.2       2.2       8.0
 53206   .000000  -.549617  -.835417
  31596.5  18230.0      -.3      8.0     62.4      6.0
      -.4     42.0     60.6     26.6  15027.7  15869.5
      -6.1      52.6       1.6      41.9
       -.9      21.7       1.8      13.6
       -.3      14.1       2.2       9.1
       -.4      11.4       2.2       7.7
 53207   .000000  -.619644  -.784883
  33512.0  17504.4       .1     43.3     62.8      6.0
      -.1     32.5     60.6     26.2  16915.7  17447.4
      -7.3      57.0       3.4      42.5
       -.4      26.4       2.1      13.4
       -.4      17.6       2.1       8.8
       -.2      14.6       2.2       7.6
 53208   .000000  -.677476  -.735545
  35843.5  17000.0       .1     43.3     62.3      6.8
       .3     23.3     60.7     25.9  18122.2  18757.2
      -7.7      59.2       2.3      44.8
       -.2      28.6       2.2      13.5
       -.4      18.8       2.2       8.7
       -.1      15.5       2.2       7.4
 53209   .000000  -.724999  -.688749
  38309.5  16346.0       .1     43.3     60.3     28.9
       .0     14.7     60.8     25.6  19575.7  20409.1
      -8.3      58.5       1.8      46.3
       -.8      26.3       2.2      13.5
        .0      17.7       2.3       8.4
       -.3      15.7       2.2       7.3
 53210   .000000  -.764030  -.645181
  40800.5  15612.9       .1     43.3     60.7      4.0
      -.2      9.7     60.7     25.1  20772.7  21426.5
      -9.3      52.2       1.1      45.5
       -.3      23.1       2.1      13.3
       -.3      17.7       2.3       8.4
       -.5      16.2       2.2       7.1
 53211   .000000  -.796162  -.605083
  43349.1  15071.9       .1     43.3     60.3     28.9
     -4.6     14.7     60.7     24.8  22801.5  23486.7
      -7.6      52.1       2.2      49.6
       -.6      23.0       2.1      13.3
       -.1      18.0       2.3       8.2
       -.3      17.3       2.1       6.9
 53212   .000000  -.822730  -.568432
  46289.4  14801.4       .1     43.3     60.3     28.9
       .1     86.6     60.5     24.6  24688.3  25327.0
      -7.4      52.8       2.5      49.7
       -.5      22.8       2.0      13.9
       -.6      17.2       2.2       8.2
       -.3      16.4       2.1       6.8
 53213   .000000  -.844819  -.535052
  49036.1  14352.6       .1     43.3     60.3     28.9
       .1     86.6     60.5     24.5  26340.8  27307.5
      -9.1      50.5       2.3      48.1
       -.9      21.7       2.0      14.0
       -.8      15.8       2.1       7.9
       -.5      14.7       2.1       6.5
 53214   .000000  -.863297  -.504697
  51912.1  14018.2       .1     43.3     60.3     28.9
       .1     86.6     60.7     24.2  28163.4  29180.0
      -8.7      49.8       1.8      53.2
       -.6      22.2       1.9      13.9
       -.7      17.5       2.2       7.9
       -.5      16.2       2.2       6.3
 53215   .000000  -.878853  -.477092
  55186.2  14068.8       .1     43.3     60.3     28.9
       .1     86.6     60.5     23.8  30382.8  31256.9
     -10.5      53.2       1.8      54.4
       -.8      24.3       1.9      13.8
       -.2      19.1       2.2       7.7
       -.6      18.5       2.2       6.4
 53216   .000000  -.892036  -.451965
  58117.6  13775.6       .1     43.3     60.3     28.9
       .1     86.6     60.8     23.6  32392.8  33078.6
      -9.5      52.0       4.8      57.1
       -.3      23.2       2.0      14.6
       -.4      18.0       2.3       7.5
       -.5      17.5       2.2       6.2
 53217   .000000  -.903278  -.429057
  61373.4  13658.7       .1     43.3     60.3     28.9
       .1     86.6     60.8     23.6  33564.4  34659.6
     -10.5      48.7       1.5      59.9
       -.8      22.0       1.8      14.6
       -.7      16.7       2.2       7.6
       -.5      15.6       2.2       6.1
 53218   .000000  -.912924  -.408131
  64695.9  13557.3       .1     43.3     60.3     28.9
       .1     86.6     60.5     23.3  36587.7  37415.1
     -11.5      51.3       4.1      63.7
       -.5      22.8       2.1      16.5
       -.7      18.4       2.2       7.4
       -.7      16.3       2.1       5.9
 53219   .000000  -.921250  -.388972
  67563.3  13396.8       .1     43.3     60.3     28.9
       .1     86.6     60.8     23.1  38472.9  39658.1
     -10.8      54.3       4.7      63.9
       -.9      24.5       2.0      15.5
       -.8      19.6       2.1       7.3
       -.7      19.1       2.1       6.0
 53220   .000000  -.928477  -.371391
  70712.1  13382.3       .1     43.3     60.3     28.9
       .1     86.6     60.8     23.0  40512.3  41758.9
     -10.4      53.3       4.2      62.7
      -1.4      23.7       2.0      15.2
       -.5      18.8       2.1       7.3
       -.5      17.9       2.2       5.7
 53221   .000000  -.934784  -.355218
  74175.3  13268.6       .1     43.3     60.3     28.9
       .1     86.6     60.8     22.9  42634.4  43922.5
     -10.3      52.5       3.2      64.9
      -1.0      22.2       1.6      16.9
       -.8      17.4       2.2       7.3
      -1.0      15.7       2.1       5.6
 53222   .000000  -.940315  -.340305
  77328.2  13273.6       .1     43.3     60.3     28.9
       .1     86.6     60.9     22.7  44310.1  46356.6
     -11.0      53.8       4.9      64.8
       -.7      23.3       2.2      16.5
       -.5      18.1       2.2       7.3
       -.7      16.7       2.2       5.6
 53223   .000000  -.945190  -.326520
  80558.9  13184.5       .1     43.3     60.3     28.9
       .1     86.6     60.8     22.7  46643.7  47977.7
     -10.2      52.3       3.2      69.0
       -.5      24.0       2.0      17.3
       -.7      19.8       2.2       7.0
       -.5      19.4       2.1       5.5
 53224   .000000  -.949506  -.313750
  83839.2  13263.8       .1     43.3     60.3     28.9
       .1     86.6     61.0     22.5  49701.1  50713.3
     -11.9      53.7       1.4      69.3
       -.9      23.6       2.2      17.9
       -.7      19.1       2.3       7.2
       -.9      17.8       2.2       5.6
 53225   .000000  -.953342  -.301892
  87319.5  13231.3       .1     43.3     60.3     28.9
       .1     86.6     60.9     22.6  51026.7  52548.2
     -11.4      52.6       2.3      69.0
      -1.0      22.9       1.9      18.1
       -.7      17.5       2.1       7.1
      -1.0      16.1       2.1       5.4
 53226   .000000  -.956767  -.290857
  90347.4  13143.5       .1     43.3     60.3     28.9
       .1     86.6     61.1     22.4  52927.4  54468.6
     -11.5      51.6       3.2      73.8
       -.9      23.3       2.3      20.0
       -.9      18.8       2.2       7.3
       -.7      16.9       2.2       5.3
 53227   .000000  -.959834  -.280567
  93885.3  13110.9       .1     43.3     60.3     28.9
       .1     86.6     61.2     22.2  55345.8  57155.6
     -11.8      52.5       1.1      74.5
      -1.1      24.3       2.0      18.8
       -.2      20.2       2.2       7.0
      -1.0      19.9       2.2       5.3
 53228   .000000  -.962593  -.270952
  97401.2  13131.9       .1     43.3     60.3     28.9
       .1     86.6     61.0     22.3  58205.0  59357.5
     -12.0      52.5        .6      72.0
      -1.1      24.0       1.7      21.3
       -.8      19.2       2.2       6.9
       -.7      18.5       2.1       5.5
 53229   .000000  -.965081  -.261951
 100764.5  13084.5       .1     43.3     60.3     28.9
       .1     86.6     60.9     22.2  59199.7  61472.3
     -12.3      53.1       8.1      75.6
      -1.4      23.4       2.1      20.4
       -.9      18.0       2.2       6.9
      -1.1      16.0       2.1       5.3
 53230   .000000  -.967333  -.253508
 103909.4  13156.8       .1     43.3     60.3     28.9
       .1     86.6     61.2     22.1  62451.7  63798.8
      -9.7      49.9       5.8      79.7
      -1.0      23.1       2.4      21.1
       -.7      18.4       2.1       7.5
       -.9      17.2       2.2       5.2
 53231   .000000  -.969377  -.245576
 107461.3  13151.8       .1     43.3     60.3     28.9
       .1     86.6     61.3     22.2  65144.9  66622.9
     -10.7      50.0       3.2      80.7
      -1.1      25.1       2.1      23.3
       -.8      20.3       2.3       7.2
       -.7      19.8       2.2       5.1
 53232   .000000  -.971238  -.238110
 110590.6  13110.2       .1     43.3     60.3     28.9
       .1     86.6     61.3     21.9  67388.6  68810.1
     -11.2      50.4       2.7      86.3
      -1.4      23.6       2.1      22.7
       -.8      19.3       2.3       7.5
       -.4      18.7       2.2       5.1
 53233   .000000  -.972937  -.231072
 114151.2  13101.1       .1     43.3     60.3     28.9
       .1     86.6     61.4     21.8  67935.1  69623.6
     -12.3      53.8       1.1      85.9
      -1.0      23.2       2.0      23.8
       -.8      17.7       2.1       7.7
       -.6      16.6       2.2       5.1
 53234   .000000  -.974491  -.224428
 117232.9  13106.6       .1     43.3     60.3     28.9
       .1     86.6     61.5     21.9  70748.5  73167.8
     -12.8      51.4       5.9      86.5
      -1.6      23.1       2.0      24.4
       -.7      18.5       2.3       7.5
       -.7      17.4       2.2       5.0
 53235   .000000  -.975916  -.218146
 120709.2  13086.7       .1     43.3     60.3     28.9
       .1     86.6     61.1     21.9  73523.0  75837.9
     -10.4      53.7       6.3      90.2
      -1.1      25.0       2.4      25.4
       -.8      20.6       2.1       7.4
      -1.0      19.7       2.2       4.9
 53236   .000000  -.977227  -.212198
 124003.7  13067.3       .1     43.3     60.3     28.9
       .1     86.6     61.6     21.7  75101.9  77535.2
     -10.2      50.0        .8      85.7
      -1.5      24.2       1.7      25.3
       -.9      19.8       2.3       7.3
       -.9      18.7       2.2       5.2
 53237   .000000  -.978434  -.206558
 127749.0  13111.4       .1     43.3     60.3     28.9
       .1     86.6     61.6     21.7  77509.3  79673.0
      -9.4      48.4       6.3      92.1
      -1.4      23.4       2.2      25.4
       -.5      17.8       2.3       7.2
       -.9      16.6       2.1       5.0
 53238   .000000  -.979549  -.201205
 130956.1  13086.1       .1     43.3     60.3     28.9
       .1     86.6     61.5     21.7  79618.4  82356.2
     -13.5      50.6       4.2      88.8
      -1.4      23.5       2.2      28.3
       -.8      18.5       2.3       7.4
      -1.2      17.1       2.2       5.0
 53239   .000000  -.980581  -.196116
 134381.7  13236.6       .1     43.3     60.3     28.9
       .1     86.6     61.6     21.7  82821.4  84493.3
     -13.2      53.2       4.3      94.4
      -1.4      25.3       2.4      28.1
       -.9      20.4       2.3       8.1
      -1.0      19.9       2.2       5.8
 53240   .000000  -.981537  -.191274
 138084.5  13112.8       .1     43.3     60.3     28.9
       .1     86.6     61.7     21.6  85238.7  87528.6
     -11.9      47.4      -1.8      93.5
      -2.0      25.5       2.3      28.9
       -.6      19.7       2.3       8.5
       -.7      18.6       2.3       5.3
 53241   .000000  -.982424  -.186661
 141231.6  13231.5       .1     43.3     60.3     28.9
       .1     86.6     61.7     21.5  87991.9  90067.0
     -12.5      56.4       6.2      93.4
      -1.1      23.1       2.2      28.7
       -.6      18.0       2.2       8.0
       -.8      16.6       2.3       5.0
 53242   .000000  -.983250  -.182261
 144698.4  13147.5       .1     43.3     60.3     28.9
       .1     86.6     61.6     21.5  90037.2  92486.6
     -13.3      56.1       8.2      93.5
      -1.8      24.1       2.3      26.4
       -.6      18.5       2.3       7.6
       -.8      17.3       2.2       4.8
 53243   .000000  -.984020  -.178061
 147953.5  13146.1       .1     43.3     60.3     28.9
       .1     86.6     61.8     21.4  92096.5  94066.0
     -12.6      56.3       5.9      94.5
      -1.4      25.9       2.3      30.5
       -.7      20.6       2.2       7.9
      -1.2      19.9       2.1       4.8
 53244   .000000  -.984737  -.174047
 151890.9  13129.4       .1     43.3     60.3     28.9
       .1     86.6     61.5     21.4  94258.5  96759.0
     -11.1      49.3       6.0     100.3
      -2.0      25.2       2.4      31.0
       -.6      19.5       2.2       8.2
       -.7      18.8       2.1       5.6
 53245   .000000  -.985408  -.170207
 154807.6  13062.7       .1     43.3     60.3     28.9
       .1     86.6     61.9     21.4  96902.7  99259.9
     -10.1      48.9       4.3      97.8
      -1.5      23.3       2.6      30.5
       -.7      18.1       2.3       8.2
      -1.0      16.6       2.2       5.2
 53246   .000000  -.986036  -.166531
 158298.9  13167.4       .1     43.3     60.3     28.9
       .1     86.6     61.9     21.4  98371.6 101495.4
     -11.1      51.4      -1.2      97.0
      -1.4      23.5       2.6      31.2
      -1.0      18.6       2.4       8.4
       -.9      17.7       2.2       5.2
 53247   .000000  -.986625  -.163008
 161849.3  13092.3       .1     43.3     60.3     28.9
       .1     86.6     61.8     21.2 102030.3 104163.5
      -7.5      49.1      -1.4     105.5
      -1.3      25.2       2.0      31.4
       -.9      20.7       2.3       8.2
      -1.0      20.0       2.3       5.0
 53248   .000000  -.987696  -.156385
 168345.8  13162.5       .1     43.3     60.3     28.9
       .1     86.6     62.0     21.4 106223.8 108340.9
     -12.6      54.2       2.2     104.7
      -1.4      23.6       3.0      31.6
       -.9      18.0       2.2       9.0
      -1.0      17.0       2.2       5.1
 53249   .000000  -.988644  -.150274
 175606.4  13155.2       .1     43.3     60.3     28.9
       .1     86.6     61.8     21.2 111323.5 113872.1
     -15.1      55.4       -.2     106.5
      -1.5      25.5       2.3      33.3
       -.7      20.6       2.2       9.4
       -.7      20.0       2.3       5.7
 53250   .000000  -.989488  -.144617
 182659.7  13318.8       .1     43.3     60.3     28.9
       .1     86.6     62.0     21.2 115612.6 118503.0
     -11.5      50.5       9.4     106.6
      -1.9      23.5       1.9      34.6
       -.8      17.9       2.2      10.6
       -.6      16.9       2.3       5.4
 53251   .000000  -.990241  -.139367
 188885.3  13333.6       .1     43.3     60.3     28.9
       .1     86.6     62.3     21.1 121118.3 124307.7
     -12.6      52.4      13.0     105.0
      -1.8      25.1       2.1      35.6
       -.5      20.9       2.3      10.7
       -.4      20.2       2.2       5.6
 53252   .000000  -.990916  -.134481
 196247.7  13173.9       .1     43.3     60.3     28.9
       .1     86.6     62.1     21.1 123523.7 127401.5
      -9.0      50.2       2.1     118.0
      -2.4      24.7       2.6      38.0
       -.8      18.3       2.3      11.3
       -.6      16.9       2.2       5.5
 53253   .000000  -.991524  -.129924
 202938.4  13167.9       .1     43.3     60.3     28.9
       .1     86.6     61.9     21.0 130570.1 134300.1
      -9.5      48.3       2.3     110.2
      -1.4      25.9       1.8      36.6
       -.9      20.6       2.4       9.6
      -1.0      20.3       2.4       4.7
 53254   .000000  -.992073  -.125663
 209758.4  13173.7       .1     43.3     60.3     28.9
       .1     86.6     62.1     21.0 134866.5 138460.0
      -9.1      45.5      20.8     113.6
      -2.1      24.5       2.3      36.0
       -.8      18.0       2.4      11.3
       -.7      16.7       2.3       6.2
 53255   .000000  -.992571  -.121670
 217006.9  13277.2       .1     43.3     60.3     28.9
       .1     86.6     62.0     21.0 140477.8 144459.1
      -8.8      43.1       7.2     115.7
      -1.4      25.3       2.9      40.0
       -.8      20.7       2.2      11.7
      -1.0      20.0       2.2       6.2
 53256   .000000  -.993023  -.117921
 223773.7  13219.7       .1     43.3     60.3     28.9
       .1     86.6     62.3     20.9 144583.5 147851.2
     -14.2      50.4       5.8     116.4
      -1.6      23.4       2.1      40.5
       -.9      18.2       2.3      12.2
      -1.1      17.1       2.2       6.3
 53257   .000000  -.993435  -.114396
 230628.6  13235.4       .1     43.3     60.3     28.9
       .1     86.6     62.5     20.9 150663.5 154582.1
     -10.7      51.0      12.3     116.3
      -2.0      26.1       2.9      41.5
       -.8      21.0       2.4      13.8
       -.4      20.2       2.4       6.7
 53258   .000000  -.993812  -.111073
 237425.1  13265.5       .1     43.3     60.3     28.9
       .1     86.6     62.4     20.8 154033.8 158462.2
     -12.2      44.5       6.0     121.4
      -2.1      23.7       2.6      42.3
      -1.1      18.1       2.2      13.1
       -.6      16.7       2.2       6.9
 53259   .000000  -.994158  -.107937
 244595.1  13236.9       .1     43.3     60.3     28.9
       .1     86.6     62.4     20.7 159030.5 162857.3
      -7.0      45.3      15.2     110.9
      -1.6      24.6       2.6      42.2
      -1.0      20.6       2.1      14.2
       -.7      20.3       2.2       8.4
 53260   .000000  -.994475  -.104972
 251290.6  13385.6       .1     43.3     60.3     28.9
       .1     86.6     62.3     20.7 163683.5 167840.7
      -5.8      36.9       7.0     113.1
      -2.0      22.7       3.5      44.4
      -1.1      18.5       2.2      13.3
      -1.1      17.5       2.3       6.9
 53261   .903278   .000000  -.429057
  61287.3  11935.5      -.1     40.0     60.3     28.9
      -.1     82.9     60.3     57.7  33997.1  35238.1
        .1      83.4       9.4      43.8
       -.1      28.6       2.2      22.6
        .4       6.0       1.5      15.8
       -.1       5.0       1.4      13.5
 53262   .887877   .000000  -.460082
  57224.6  12367.7       .0     40.0     60.3     28.9
       .1     83.0     60.3     57.7  31943.5  32640.3
       2.7      82.0      10.1      44.5
        .7      24.3       1.7      20.9
       -.1       7.7       1.4      15.2
        .0       5.0       1.7      13.1
 53263   .868777   .000000  -.495203
  53277.1  12955.4       .1     39.9     60.3     28.9
       .1     82.9     60.3     57.7  29168.2  30099.7
       -.9      82.8      11.4      47.3
        .3      23.7       1.5      22.2
        .2       5.0       1.7      15.2
        .2       5.0       2.0      12.5
 53264   .844819   .000000  -.535052
  49524.8  13924.9       .1     40.3     60.3     28.9
       .1     83.1     60.3     57.7  26646.4  27353.3
       1.5      81.9      10.9      47.5
       -.4      23.1       2.1      19.7
        .0       5.0       1.9      13.7
       -.1       5.0       2.1      12.0
 53265   .814421   .000000  -.580275
  45676.3  15076.9       .2     39.8     60.3     28.9
       .2     82.9     60.3     57.7  23943.0  25031.3
       -.5      78.2      10.3      49.0
       -.7      19.5       2.5      20.6
        .0       5.0       2.4      13.8
       -.1       5.0       2.7      11.5
 53266   .775436   .000000  -.631426
  42299.6  16921.6       .4     40.0     60.3     28.9
       .3     83.0     61.0      6.0  21760.0  22674.3
      -4.1      75.2      12.8      47.6
       -.1      18.5       2.5      17.7
       -.1       5.0       2.3      11.9
       -.2       5.0       2.6      10.0
 53267   .724999   .000000  -.688749
  38965.9  20017.9       .2     39.8     60.3     28.9
       .2     83.0     60.5     15.7  19663.3  20598.9
      -2.7      75.3      11.5      47.2
        .4      15.8       3.3      17.7
       -.2       5.0       3.3      11.7
       -.1       5.0       3.4       9.6
 53268   .659438   .000000  -.751759
  35829.9  24853.3       .2     39.9     62.0      3.7
       .2     83.0     60.6     28.3  18031.6  18817.1
       2.5      73.9      12.2      51.3
        .2      13.5       3.2      13.6
       -.1       5.0       2.9       9.2
       -.1       5.0       3.0       7.6
 53269   .574426   .000000  -.818557
  32929.9  27267.0       .1     39.8     60.5     12.0
       .1     83.0     60.5     40.4  16567.0  17195.1
       1.7      73.1      11.1      56.0
       -.8      14.1       3.0       8.9
       -.1       5.0       2.9       5.9
        .0       5.0       3.2       5.0
 53270   .465746   .000000  -.884918
  30696.6  25238.1      -.1     39.9     60.7     22.8
      -.1     83.0     60.7     51.6  15500.3  16049.3
      -1.5      69.1      12.3      67.0
        .0      14.2       2.5       8.2
        .0       5.0       2.9       3.0
        .0       5.0       3.2       3.0
 53271   .331088   .000000  -.943600
  28935.8  23710.7       .0     39.9     62.0     20.6
      -.1     83.1     62.0     49.4  14107.9  14693.2
      -2.1      68.6       9.3      61.1
       -.4       8.1       1.7       7.9
        .2       5.0       1.8       3.6
       -.1       5.0       1.8       3.3
 53272   .254493   .000000  -.967075
  27856.6  22979.8      -.1     40.2     61.1     15.4
      -.1     83.3     61.1     44.1  13643.5  14210.7
       -.5      70.9       8.0      51.1
       -.2       9.8       1.7       7.1
       -.3       5.0       1.7       4.6
        .0       5.0       1.9       4.1
 53273   .172799   .000000  -.984957
  27282.3  22352.7       .3     40.3     60.8     10.1
       .3     83.4     60.8     38.6  13133.8  13709.0
       1.6      66.8       6.0      43.3
        .4       8.7       1.6       8.6
        .2       5.0       1.8       6.1
       -.1       5.0       2.0       5.3
 53274   .087384   .000000  -.996175
  26890.7  20293.6      -.4     40.2     60.8      5.4
      -.4     83.5     60.6     33.1  12729.2  13319.7
       3.2      72.4       3.0      40.2
       -.1       9.4       1.9      11.2
       -.1       5.0       1.8       7.7
       -.1       5.0       2.1       6.6
 53275   .000000   .000000 -1.000000
  26794.7  17099.5      -.3     40.4     61.0      4.5
      -.2     83.5     60.6     27.6  12675.7  13289.8
        .8      68.6       1.9      38.1
        .7      11.1       1.8      13.8
       -.1       5.0       2.4       9.4
        .0       5.0       2.2       8.3
 53276  -.087384   .000000  -.996175
  26503.6  14341.5       .0     40.6     60.3     28.9
       .0     83.7     60.7     22.1  12604.7  13112.8
       1.3      67.9       1.6      40.0
       -.3       9.9       1.8      16.8
       -.4       5.0       2.3      11.3
        .0       5.0       2.5       9.6
 53277  -.172799   .000000  -.984957
  26589.8  12796.3      -.4     40.3     60.3     28.9
      -.3     83.6     60.4     16.7  12637.8  13293.6
       2.3      71.8       2.1      38.8
        .3       7.7       2.1      18.3
       -.2       5.0       2.2      12.5
        .0       5.0       2.3      11.1
 53278  -.254493   .000000  -.967075
  27070.5  11477.1       .1     40.5     60.3     28.9
       .0     83.8     60.3     11.7  12589.8  13216.4
       -.1      67.6        .2      39.9
       -.8       9.5       1.5      19.1
       -.1       5.0       1.8      13.7
       -.1       5.0       2.0      12.3
 53279  -.331088   .000000  -.943600
  27738.7  10701.3      -.1     40.7     60.3     28.9
      -.2     83.9     60.6      8.3  13326.6  13826.6
      -1.2      66.7        .4      40.1
       -.5       8.9       1.5      19.2
        .1       5.0       1.6      14.0
       -.2       5.0       1.8      13.1
 53280  -.465746   .000000  -.884918
  29415.3   9281.1       .4     40.5     60.3     28.9
       .5     83.8     60.5      7.6  14466.0  14929.2
        .5      70.2       -.9      41.6
        .5      11.6        .9      21.7
       -.1       5.0       1.6      15.8
       -.1       5.0       1.6      14.0
 53281  -.574426   .000000  -.818557
  31655.2   8637.9       .2     40.9     60.3     28.9
       .3     84.0     60.3     57.7  15520.2  16204.5
       4.2      71.8      -2.8      42.1
        .5      14.8        .9      22.6
        .0       5.0        .8      16.7
       -.2       5.0       1.0      15.7
 53282  -.659438   .000000  -.751759
  34649.5   8182.8       .0     40.8     60.3     28.9
       .0     83.9     60.3     57.7  17778.9  18394.4
       -.2      76.7      -4.1      44.0
       1.3      16.6        .7      23.4
        .0       5.0        .8      17.3
        .2       5.0        .9      15.7
 53283  -.724999   .000000  -.688749
  37780.1   7914.5       .2     40.7     60.3     28.9
       .2     83.8     60.3     57.7  19378.5  20145.8
      -2.0      74.2      -2.6      41.2
       -.3      18.9        .5      24.3
       -.1       5.0        .5      18.2
       -.3       5.0        .5      17.1
 53284  -.775436   .000000  -.631426
  41132.5   7796.3      -.6     40.7     60.3     28.9
      -.6     83.8     60.3     57.7  21462.2  22450.9
      -2.2      69.3      -3.9      40.5
       -.9      18.3        .0      24.4
       -.1       5.0        .5      18.4
       -.1       5.0        .0      17.0
 53285  -.814421   .000000  -.580275
  44915.0   7696.4       .2     40.5     60.3     28.9
       .2     83.7     60.3     57.7  24021.3  24882.3
       -.5      77.3      -3.8      40.6
       -.1      22.3        .0      24.7
       -.4       5.0        .3      19.0
        .1       5.0        .1      17.6
 53286  -.844819   .000000  -.535052
  48489.4   7655.6       .5     40.4     60.3     28.9
       .4     83.6     60.3     57.7  26482.9  27229.7
      -2.0      79.0      -6.4      41.5
       1.2      22.6       -.3      23.9
       -.1       5.0       -.1      18.9
       -.1       5.0       -.1      17.1
 53287  -.868777   .000000  -.495203
  52502.5   7593.1       .4     40.6     60.3     28.9
       .3     83.5     60.3     57.7  28751.7  29609.3
       1.3      78.1      -5.3      39.2
      -1.4      24.4       -.2      24.6
       -.3       8.1        .0      19.5
       -.2       5.0       -.2      18.2
 53288  -.887877   .000000  -.460082
  56627.5   7601.4       .1     40.4     60.3     28.9
       .1     83.4     60.3     57.7  31298.3  32601.3
      -1.2      80.3      -5.5      38.5
       1.0      26.0       -.7      24.0
       -.3       9.4       -.2      18.8
        .0       5.0       -.5      16.8
 53289  -.903278   .000000  -.429057
  60755.9   7666.1       .1     40.3     60.3     28.9
       .0     83.3     60.3     57.7  33995.6  34987.8
       1.0      82.1      -5.2      40.3
       -.1      28.5       -.2      24.5
        .0       6.5       -.2      19.4
       -.1       5.0       -.3      17.9
 53290   .840060  -.367526  -.399028
  65675.7  13005.2       .1     43.3     60.3     28.9
      -.1     17.6     60.3     57.7  36842.4  37846.8
      -5.4      60.4       9.3      45.9
       -.6      24.7       1.4      21.9
       -.7      16.2       1.4      15.4
       -.3      13.5       1.3      13.3
 53291   .817505  -.390173  -.423616
  61908.9  13456.4       .1     43.3     60.3     28.9
       .0     18.1     60.3     57.7  34402.6  35512.8
      -6.7      60.4      11.6      47.1
       -.7      24.9       1.4      20.4
       -.5      16.3       1.5      14.7
       -.4      13.5       1.2      13.0
 53292   .790440  -.414981  -.450551
  58266.4  14360.0       .1     43.3     60.3     28.9
      -.3     18.6     60.3     57.7  32322.0  33563.1
      -5.8      59.0      10.0      48.9
       -.6      25.3       2.0      21.4
       -.4      16.4       1.9      14.3
       -.5      13.8       1.6      12.4
 53293   .757796  -.442047  -.479937
  54809.1  15605.3       .1     43.3     60.3     28.9
       .1     19.1     60.3     57.7  29494.2  30534.0
      -5.7      60.1      11.8      49.4
       -.2      25.4       1.5      18.8
       -.3      16.6       1.4      13.0
       -.6      14.0       1.7      11.6
 53294   .718269  -.471364  -.511767
  51540.8  17185.6       .1     43.3     60.3     28.9
       .1     19.7     60.3     57.7  27795.8  28931.1
      -4.9      60.5      10.0      49.1
       -.7      25.9       2.4      20.4
       -.5      17.2       2.3      13.1
       -.5      14.1       2.3      11.1
 53295   .670317  -.502738  -.545830
  48597.8  19297.5       .1     43.3     60.3     28.9
      -.5     20.0     60.5      6.0  25957.6  26790.4
      -8.2      60.9      11.6      48.8
        .0      26.2       2.1      16.9
       -.3      17.3       2.1      11.2
       -.6      14.4       2.3       9.5
 53296   .612205  -.535679  -.581595
  45676.0  20143.6       .1     43.3     60.3     28.9
      -.5     20.8     60.5     14.8  24207.3  24955.5
      -7.1      59.7      12.0      51.7
       -.9      26.6       3.2      17.7
       -.6      17.7       3.0      11.0
       -.5      14.5       2.9       9.0
 53297   .542159  -.569267  -.618061
  43039.6  20660.7       .1     43.3     61.2      4.4
      -.4     21.2     60.5     27.4  22199.0  23274.7
      -7.3      60.3      10.0      51.2
       -.4      26.4       3.1      14.2
       -.6      17.7       2.8       8.9
       -.6      14.6       2.9       7.4
 53298   .458673  -.602008  -.653609
  40657.2  19978.4       .1     43.3     60.3     11.2
      -.3     21.9     60.3     39.8  21009.8  21822.2
      -7.9      58.8      10.4      58.7
       -.9      26.6       3.0       9.8
       -.5      17.8       2.9       5.7
       -.5      14.9       2.9       4.9
 53299   .361020  -.631785  -.685938
  38969.2  18869.9       .1     43.3     60.5     22.7
      -.5     22.1     60.4     51.4  20036.8  20771.9
      -5.9      59.9      13.2      70.9
       -.7      27.3       3.2      14.6
       -.7      18.2       2.9       3.0
       -.6      14.9       3.1       3.0
 53300   .249898  -.655981  -.712208
  37480.7  18256.8       .1     43.3     62.1     20.4
      -.5     22.7     62.1     49.0  19285.0  19845.0
      -5.0      59.5      10.8      64.8
      -1.2      27.7       1.7       9.9
       -.2      18.5       1.9       3.7
       -.4      15.0       1.8       3.3
 53301   .190037  -.665130  -.722141
  36788.6  17969.0       .1     43.3     61.2     14.8
      -.5     23.0     61.2     43.5  18614.5  19350.8
      -7.0      58.9       7.2      60.5
       -.4      27.8       1.5       8.6
       -.9      18.5       1.8       4.4
       -.4      15.2       1.9       3.9
 53302   .127982  -.671905  -.729496
  36382.0  17806.6       .1     43.3     60.7      9.1
      -.2     22.9     60.6     37.6  18358.7  19250.9
      -7.0      59.3       3.2      50.7
       -.9      27.9       1.6       9.8
       -.3      18.7       1.9       5.7
       -.7      15.4       1.9       5.0
 53303   .064388  -.676070  -.734019
  36154.5  17543.2       .1     43.3     60.6      4.2
       .0     23.2     60.4     31.9  18296.4  18914.7
      -8.0      58.5       3.9      48.1
       -.7      28.1       1.9      11.4
       -.5      18.4       2.0       7.2
       -.4      15.5       2.0       6.2
 53304   .000000  -.677476  -.735545
  35712.2  16837.8       .1     43.3     64.7      6.4
      -.4     23.3     60.4     25.8  18317.0  18844.8
      -7.7      60.4       2.5      44.0
       -.1      28.0       2.1      13.6
       -.6      18.6       2.2       8.6
       -.5      15.6       2.0       7.4
 53305  -.064388  -.676070  -.734019
  35970.4  16411.5       .1     43.3     60.3     28.9
      -.4     23.3     60.1     19.9  18001.8  18766.8
      -6.3      57.6       2.7      45.7
       -.8      28.5       2.0      16.0
       -.4      19.0       2.2      10.4
       -.2      15.9       2.2       8.8
 53306  -.127982  -.671905  -.729496
  35877.9  15161.2       .1     43.3     60.3     28.9
      -.1     23.4     60.3     14.3  18034.5  18817.5
      -4.8      56.3        .2      40.5
       -.1      28.2       2.0      16.9
       -.1      18.6       2.1      11.4
       -.4      15.7       2.1       9.9
 53307  -.190037  -.665130  -.722141
  36177.3  14716.1       .1     43.3     60.3     28.9
      -.6     23.7     60.6      9.4  18420.2  19049.1
      -7.3      58.8        .6      40.9
       -.9      28.7       1.2      17.4
       -.5      18.8       1.7      12.2
       -.5      15.8       1.9      10.7
 53308  -.249898  -.655981  -.712208
  36664.1  14001.6       .1     43.3     60.3     28.9
       .0     23.4     60.8      7.4  18680.6  19218.5
      -7.9      58.0       -.6      40.9
       -.8      27.8       1.3      17.2
       -.4      18.5       1.6      11.9
       -.3      15.7       1.6      11.0
 53309  -.361020  -.631785  -.685938
  38008.2  12091.0       .1     43.3     60.3     28.9
      -.3     23.1     60.3     57.7  18893.6  19690.0
      -6.2      58.4       -.8      41.8
       -.1      28.4       1.3      20.9
       -.2      18.4       1.5      14.3
       -.4      15.8       1.5      12.8
 53310  -.458673  -.602008  -.653609
  39440.5  10946.0       .1     43.3     60.3     28.9
      -.1     22.4     60.3     57.7  20000.0  20825.8
      -6.9      59.1        .0      39.7
        .0      27.2        .4      20.1
       -.4      18.1        .9      14.9
       -.3      15.3       1.0      14.0
 53311  -.542159  -.569267  -.618061
  41887.9   9981.2       .1     43.3     60.3     28.9
       .2     21.9     60.3     57.7  21653.8  22525.5
      -8.1      57.2      -2.9      41.4
       -.7      27.4        .3      22.2
       -.4      18.0        .6      16.0
       -.4      15.1       1.0      14.7
 53312  -.612205  -.535679  -.581595
  44410.2   9529.8       .1     43.3     60.3     28.9
      -.1     21.6     60.3     57.7  23503.8  24302.7
      -5.1      58.2      -3.0      40.7
      -1.1      27.3        .2      22.5
       -.1      17.6        .7      17.0
       -.4      14.8        .8      15.9
 53313  -.670317  -.502738  -.545830
  47302.0   9001.5       .1     43.3     60.3     28.9
      -.2     20.7     60.3     57.7  25284.7  26241.5
      -6.1      57.3      -5.3      43.5
       -.2      26.7        .1      22.6
       -.5      17.3        .4      17.4
       -.5      14.4        .3      15.9
 53314  -.718269  -.471364  -.511767
  50479.6   8798.3       .1     43.3     60.3     28.9
       .0     19.9     60.3     57.7  27419.0  28287.4
      -8.1      58.0      -3.9      41.0
       -.2      25.9       -.1      22.8
       -.5      17.0        .5      17.8
       -.4      14.3        .3      17.0
 53315  -.757796  -.442047  -.479937
  53845.3   8542.9       .1     43.3     60.3     28.9
      -.1     19.5     60.3     57.7  29706.7  30585.7
      -6.1      60.6      -5.0      41.1
       -.1      25.9        .0      23.1
       -.2      16.8        .3      18.4
       -.3      14.2        .0      16.8
 53316  -.790440  -.414981  -.450551
  57052.5   8405.5       .1     43.3     60.3     28.9
      -.6     19.1     60.3     57.7  32185.8  33055.1
      -2.5      59.9      -4.6      39.6
       -.6      25.5       -.6      23.8
       -.4      16.3        .0      18.9
       -.4      13.8        .2      17.8
 53317  -.817505  -.390173  -.423616
  61091.9   8368.9       .1     43.3     60.3     28.9
       .1     18.4     60.3     57.7  33899.6  35424.8
      -5.7      57.5      -4.4      39.2
       -.8      25.1       -.6      23.8
        .0      16.2       -.1      18.3
       -.4      13.7       -.1      17.1
 53318  -.840060  -.367526  -.399028
  64902.6   8338.1       .1     43.3     60.3     28.9
      -.2     18.1     60.3     57.7  36997.0  38120.0
      -7.8      62.3      -5.2      38.4
       -.4      24.9       -.2      24.1
       -.4      16.0        .0      19.1
       -.6      13.4       -.4      17.9
 53319   .708659  -.620076  -.336613
  77855.6  15035.5       .1     43.3     60.3     28.9
       .1     86.6     60.3     57.7  43894.7  46014.7
      -8.1      58.2       9.2      47.1
       -.7      23.1       1.8      21.5
       -.3      17.7       1.0      14.6
       -.5      16.1       1.2      12.6
 53320   .677337  -.646549  -.350984
  74785.2  15797.8       .1     43.3     60.3     28.9
       .1     86.6     60.3     57.7  43008.0  44431.1
     -10.3      53.7      10.7      49.2
       -.5      22.6       1.3      18.9
       -.5      17.7       1.0      13.2
       -.6      16.2       1.2      11.7
 53321   .641844  -.673936  -.365851
  71705.9  16165.0       .1     43.3     60.3     28.9
       .1     86.6     60.3     57.7  41227.6  42281.8
      -9.0      54.5      10.6      50.7
       -.5      22.4       2.2      20.1
       -.5      17.5       1.4      13.5
       -.8      16.4       1.8      11.5
 53322   .601687  -.701968  -.381068
  68937.8  16719.6       .1     43.3     60.3     28.9
       .1     86.6     60.3     57.7  38587.7  40206.3
      -8.8      56.0      10.6      51.0
       -.3      22.5       1.2      17.7
       -.5      17.9       1.4      11.8
       -.5      16.5       1.5      10.0
 53323   .556388  -.730259  -.396426
  66377.2  16413.9       .1     43.3     60.3     28.9
       .1     86.6     60.3     57.7  37150.7  38566.3
      -9.1      55.6       9.0      56.7
       -.8      23.7       2.5      19.2
       -.2      18.2       2.0      11.9
       -.5      16.8       2.2      10.0
 53324   .505524  -.758286  -.411641
  64014.0  16194.7       .1     43.3     60.3     28.9
       .1     86.6     60.9      5.0  35811.4  37173.5
     -10.1      54.1       9.8      53.7
       -.9      23.1       2.3      16.9
       -.8      18.2       2.0      10.3
       -.6      17.1       2.1       8.5
 53325   .448787  -.785377  -.426348
  61934.1  15671.8       .1     43.3     60.3     28.9
       .1     86.6     60.1     13.2  34606.8  35902.8
      -9.1      51.6      11.2      58.0
       -.6      23.3       2.8      17.2
       -.4      18.3       2.6       9.8
       -.4      17.5       2.7       8.0
 53326   .386057  -.810720  -.440105
  59838.9  15198.3       .1     43.3     60.3     28.9
       .1     86.6     60.2     25.9  33629.2  34640.4
      -8.3      54.6       9.4      58.7
       -.7      23.0       3.0      14.5
       -.6      18.5       2.9       8.1
       -.6      17.5       2.7       6.5
 53327   .317480  -.833386  -.452409
  58434.0  14877.0       .1     43.3     60.1     10.2
       .1     86.6     59.9     38.7  32778.2  33605.3
     -10.2      52.6       9.2      65.3
       -.8      23.3       3.0      16.4
       -.7      18.5       2.7       5.4
      -1.0      17.7       2.8       4.5
 53328   .243541  -.852392  -.462727
  57320.0  14389.8       .1     43.3     60.0     22.1
       .1     86.6     60.0     50.8  31555.9  32428.6
      -9.6      54.0      11.6      79.4
       -.9      23.8       2.7      24.3
       -.6      18.8       2.6       4.7
       -.7      18.0       3.2       3.0
 53329   .165103  -.866792  -.470544
  56212.0  14138.7       .1     43.3     62.1     19.9
       .1     86.6     62.2     48.5  31139.3  31965.7
      -9.6      53.0      11.0      82.2
       -.3      23.5       1.9      21.3
       -.6      19.0       1.9       3.9
       -.8      18.2       2.0       3.4
 53330   .124573  -.872008  -.473376
  55773.2  14018.8       .1     43.3     61.4     14.0
       .1     86.6     61.4     42.7  30701.2  31645.7
      -8.1      53.1       6.1      68.4
       -.8      23.7       1.7      16.2
       -.6      19.0       1.7       4.9
       -.8      18.1       1.9       3.7
 53331   .083409  -.875791  -.475429
  55546.9  14045.8       .1     43.3     61.0      7.9
       .1     86.6     61.0     36.5  30143.4  31145.5
      -9.0      53.0       2.3      65.8
       -.5      23.5       1.6      12.8
       -.6      19.0       1.8       5.4
       -.5      18.5       1.9       4.6
 53332   .041814  -.878085  -.476675
  55320.7  13930.7       .1     43.3     60.6      2.5
       .1     86.6     60.9     30.4  30192.9  31225.7
      -9.3      51.3       6.0      56.1
       -.6      24.0       1.7      14.2
       -.6      18.9       1.9       6.4
       -.7      18.2       1.9       5.5
 53333   .000000  -.878853  -.477092
  55037.4  13883.6       .1     43.3     60.3     28.9
       .1     86.6     60.7     23.9  30378.0  31492.3
      -8.6      48.9       2.5      54.7
       -.8      23.4       2.1      13.4
       -.4      19.0       2.0       8.0
       -.8      18.2       2.2       6.3
 53334  -.041814  -.878085  -.476675
  55196.2  14077.0       .1     43.3     60.3     28.9
       .1     86.6     60.5     17.6  30489.5  31214.5
     -11.1      54.8       3.5      51.2
      -1.0      23.8       1.8      15.0
       -.5      19.2       2.0       9.0
       -.6      18.5       2.0       7.2
 53335  -.083409  -.875791  -.475429
  55176.1  13978.7       .1     43.3     60.3     28.9
       .1     86.6     60.5     11.4  30183.4  31254.2
      -9.7      53.0        .0      51.2
       -.5      23.9       1.4      15.5
        .2      19.1       1.9       9.4
       -.4      18.5       1.9       7.9
 53336  -.124573  -.872008  -.473376
  55175.5  13903.3       .1     43.3     60.3     28.9
       .1     86.6     60.4      5.9  30359.2  31292.8
      -9.9      53.1       1.3      46.1
      -1.0      24.0        .9      15.4
       -.3      19.1       1.4       9.5
       -.4      18.5       1.5       8.4
 53337  -.165103  -.866792  -.470544
  55730.9  14073.8       .1     43.3     60.3     28.9
       .1     86.6     60.8      6.1  30683.7  31811.6
     -11.0      54.2      -4.1      50.5
       -.6      23.8       1.0      16.0
       -.5      19.4       1.3       9.9
       -.6      18.3       1.3       8.6
 53338  -.243541  -.852392  -.462727
  56346.9  13902.3       .1     43.3     60.3     28.9
       .1     86.6     60.3     57.7  31274.0  32044.8
      -8.5      53.1       -.5      46.4
       -.5      24.0       1.3      17.8
       -.4      18.9       1.2      11.9
       -.3      18.3       1.3      10.2
 53339  -.317480  -.833386  -.452409
  57565.5  13373.7       .1     43.3     60.3     28.9
       .1     86.6     60.3     57.7  31513.9  32501.5
     -10.0      52.0      -3.0      43.6
       -.7      23.8        .4      16.8
       -.6      18.8        .6      12.0
       -.3      18.0        .9      10.6
 53340  -.386057  -.810720  -.440105
  59109.0  13122.1       .1     43.3     60.3     28.9
       .1     86.6     60.3     57.7  32339.2  33623.8
      -9.0      52.7      -3.4      43.6
       -.3      24.0        .7      19.4
       -.1      19.3       1.1      13.8
       -.3      18.1       1.0      12.1
 53341  -.448787  -.785377  -.426348
  61102.2  12467.3       .1     43.3     60.3     28.9
       .1     86.6     60.3     57.7  33872.2  34885.2
      -9.1      53.6      -4.2      44.6
      -1.0      23.2       -.2      18.5
       -.5      18.7        .3      13.9
       -.2      17.5        .5      12.5
 53342  -.505524  -.758286  -.411641
  63044.4  11878.0       .1     43.3     60.3     28.9
       .1     86.6     60.3     57.7  35407.1  36676.6
      -8.5      53.7      -5.4      43.4
       -.6      23.3       -.1      20.5
        .1      18.6        .4      15.1
       -.3      17.4        .4      13.5
 53343  -.556388  -.730259  -.396426
  65419.2  11307.9       .1     43.3     60.3     28.9
       .1     86.6     60.3     57.7  36329.0  37728.6
      -8.1      55.3      -6.8      43.2
       -.8      23.4        .2      20.1
       -.5      18.4        .2      15.1
       -.5      17.4        .3      14.2
 53344  -.601687  -.701968  -.381068
  67862.0  10895.8       .1     43.3     60.3     28.9
       .1     86.6     60.3     57.7  38202.5  39435.0
      -9.7      55.3      -4.9      41.0
       -.6      23.7        .2      21.4
       -.4      18.2       -.1      16.1
        .1      17.1        .3      14.6
 53345  -.641844  -.673936  -.365851
  70937.9  10439.3       .1     43.3     60.3     28.9
       .1     86.6     60.3     57.7  40425.6  41518.6
      -9.4      56.2      -4.5      40.8
       -.5      23.4        .0      21.3
       -.4      18.0        .1      16.5
       -.1      16.9        .3      15.1
 53346  -.677337  -.646549  -.350984
  73625.1  10059.0       .1     43.3     60.3     28.9
       .1     86.6     60.3     57.7  41983.8  43037.6
      -7.5      55.3      -4.3      39.9
       -.8      23.7       -.6      22.0
       -.1      18.1        .1      17.0
       -.5      16.5       -.1      15.3
 53347  -.708659  -.620076  -.336613
  76977.1   9926.0       .1     43.3     60.3     28.9
       .1     86.6     60.3     57.7  44199.4  45294.1
      -6.4      55.4      -3.9      37.9
       -.6      23.5       -.2      21.9
       -.2      17.9        .2      17.1
       -.7      16.4       -.4      15.9
 53348   .482910  -.845093  -.229382
 114260.5  14931.2       .1     43.3     60.3     28.9
       .1     86.6     60.3     57.7  69277.4  70999.2
     -11.5      54.6       8.4      53.1
      -1.4      22.1       1.9      21.9
       -.5      17.1        .9      12.6
       -.3      15.4        .8      10.3
 53349   .451149  -.861285  -.233777
 112550.5  14743.0       .1     43.3     60.3     28.9
       .1     86.6     60.3     57.7  68575.5  69879.9
     -11.6      54.7      10.6      55.5
      -1.2      22.6       1.7      20.9
       -.4      17.2        .7      11.0
       -.7      15.7        .8       9.3
 53350   .417577  -.876913  -.238019
 110735.8  14442.2       .1     43.3     60.3     28.9
       .1     86.6     60.3     57.7  67565.7  68853.7
     -11.1      51.4      12.5      60.6
       -.9      22.8       1.9      20.7
       -.3      17.5       1.3      11.4
       -.8      15.7       1.3       9.4
 53351   .382204  -.891810  -.242063
 108676.6  14258.5       .1     43.3     60.3     28.9
       .1     86.6     60.3     57.7  65211.9  66619.9
     -14.1      56.2      11.6      65.6
      -1.3      22.8       1.9      20.8
       -.7      17.4       1.2      10.2
       -.7      16.0       1.4       8.3
 53352   .345068  -.905804  -.245861
 106898.3  13934.1       .1     43.3     60.3     28.9
       .1     86.6     60.3     57.7  65419.2  66872.2
      -9.0      50.1      10.8      68.6
      -1.4      22.8       2.5      21.7
       -.5      17.5       1.8      10.3
       -.9      15.7       1.8       8.0
 53353   .306238  -.918714  -.249365
 105653.2  13800.5       .1     43.3     60.3     28.9
       .1     86.6     60.3     57.7  63100.2  65065.4
     -14.4      55.3      13.8      71.9
      -1.7      23.1       2.7      21.6
       -.5      17.7       1.9       9.1
      -1.1      16.1       2.1       7.2
 53354   .265817  -.930361  -.252527
 104306.9  13684.4       .1     43.3     60.3     28.9
       .1     86.6     59.9     10.8  62746.8  64463.6
     -11.6      50.1      10.6      74.6
      -1.1      22.5       2.5      22.3
       -.5      17.5       2.4       8.4
      -1.0      16.0       2.5       6.6
 53355   .223945  -.940570  -.255298
 103151.7  13473.6       .1     43.3     60.3     28.9
       .1     86.6     59.9     24.1  61173.3  63502.2
     -11.4      52.4       9.0      85.5
      -1.1      22.5       3.3      22.3
       -.7      17.5       3.0       7.7
       -.4      16.0       2.8       5.6
 53356   .180796  -.949177  -.257634
 102196.7  13341.7       .1     43.3     59.7      8.8
       .1     86.6     59.7     37.4  61280.6  62938.2
     -10.3      51.4      11.7      85.0
      -1.5      22.3       3.1      27.5
       -.7      17.7       2.5       5.4
       -.9      16.2       2.7       4.2
 53357   .136577  -.956038  -.259496
 101781.7  13317.7       .1     43.3     59.5     21.5
       .1     86.6     59.5     49.9  60195.7  61921.3
      -9.1      48.8       2.1     100.1
      -1.1      22.5       3.1      42.7
       -.9      17.7       2.6       8.7
       -.8      16.3       2.7       3.0
 53358   .091527  -.961030  -.260851
 101199.7  13186.3       .1     43.3     62.5     19.2
       .1     86.6     62.6     47.8  60702.8  62427.3
     -15.0      55.4      10.1      99.8
      -1.2      23.0       3.4      40.7
       -.6      17.6       2.2       7.3
       -.9      16.2       2.0       4.1
 53359   .068771  -.962796  -.261330
 101161.2  13149.5       .1     43.3     62.0     13.1
       .1     86.6     62.1     41.7  60741.7  61964.7
     -12.2      51.3      -2.5      90.2
      -1.6      23.1       2.0      32.2
       -.7      17.8       1.9       8.4
       -.9      16.3       1.9       3.6
 53360   .045908  -.964064  -.261674
 100877.4  13135.5       .1     43.3     61.7      6.8
       .1     86.6     61.9     35.4  60420.1  62171.1
     -12.2      53.6       8.3      86.9
      -1.4      22.9       2.3      24.7
       -.7      17.8       1.9       6.4
      -1.2      16.2       2.0       4.2
 53361   .022972  -.964827  -.261882
 100316.6  13051.8       .1     43.3     60.6      1.3
       .1     86.6     61.6     28.7  59441.6  61381.4
     -11.3      51.2       3.8      81.2
      -1.5      22.9       2.1      21.2
       -.7      17.7       2.0       6.6
       -.8      16.5       2.0       4.7
 53362   .000000  -.965081  -.261951
 100696.5  13100.7       .1     43.3     60.3     28.9
       .1     86.6     61.1     22.2  59770.1  61451.6
     -11.7      49.3        .9      77.9
      -1.1      22.9       2.3      20.8
       -.8      17.8       2.2       7.2
       -.8      16.2       2.1       5.2
 53363  -.022972  -.964827  -.261882
 100579.2  13128.1       .1     43.3     60.3     28.9
       .1     86.6     61.1     15.7  59821.8  61444.7
     -13.1      53.8       7.0      74.8
      -1.3      23.1       1.7      19.9
       -.8      18.1       1.9       7.7
       -.9      16.4       1.9       5.9
 53364  -.045908  -.964064  -.261674
 100487.1  13061.0       .1     43.3     60.3     28.9
       .1     86.6     61.0      9.0  59508.9  61877.1
     -12.2      55.1       4.1      76.3
      -1.1      22.8       1.6      19.3
       -.8      17.7       1.6       8.0
       -.7      16.3       1.7       6.1
 53365  -.068771  -.962796  -.261330
 100524.3  13115.4       .1     43.3     60.3     28.9
       .1     86.6     60.6      3.0  59927.4  61897.3
     -12.6      52.9       2.1      67.8
      -1.1      22.8       1.1      17.2
       -.8      17.9       1.2       7.8
       -.6      16.3       1.3       6.2
 53366  -.091527  -.961030  -.260851
 100637.4  13215.2       .1     43.3     60.3     28.9
       .1     86.6     60.3     57.7  60836.8  62305.7
     -14.2      53.0        .9      68.3
      -1.3      22.9       1.4      19.0
      -1.0      18.0       1.2       8.8
       -.9      16.3       1.3       6.8
 53367  -.136577  -.956038  -.259496
 101027.8  13281.3       .1     43.3     60.3     28.9
       .1     86.6     60.3     57.7  60154.4  62275.6
     -10.7      54.5       -.6      61.1
      -1.0      22.8        .9      18.0
       -.7      18.1       1.1       9.4
       -.8      16.5       1.0       7.6
 53368  -.180796  -.949177  -.257634
 101701.7  13312.7       .1     43.3     60.3     28.9
       .1     86.6     60.3     57.7  59718.2  62455.6
     -12.0      54.2       -.6      58.3
      -1.4      22.8        .5      16.8
       -.6      18.0        .8       9.6
       -.6      16.5        .8       7.7
 53369  -.223945  -.940570  -.255298
 102512.0  13362.2       .1     43.3     60.3     28.9
       .1     86.6     60.3     57.7  60937.2  62250.9
     -10.7      51.2      -4.7      56.4
       -.8      23.8        .4      19.1
       -.4      17.7        .8      10.9
       -.3      16.7        .8       8.9
 53370  -.265817  -.930361  -.252527
 103632.6  13654.6       .1     43.3     60.3     28.9
       .1     86.6     60.3     57.7  62468.8  64369.3
     -10.7      52.1      -3.1      48.9
       -.7      23.2        .3      17.8
       -.9      17.8        .3      10.2
       -.7      16.6        .4       8.8
 53371  -.306238  -.918714  -.249365
 104756.5  13579.1       .1     43.3     60.3     28.9
       .1     86.6     60.3     57.7  63019.8  64840.8
      -9.1      53.7      -4.1      50.3
       -.7      22.9        .3      18.7
       -.4      17.6        .4      11.9
       -.7      16.5        .3      10.2
 53372  -.345068  -.905804  -.245861
 106196.8  13628.3       .1     43.3     60.3     28.9
       .1     86.6     60.3     57.7  63742.3  65203.9
     -11.8      51.1      -5.7      46.1
      -1.3      23.2       -.3      17.0
       -.4      17.8        .2      11.2
       -.4      16.2        .2       9.7
 53373  -.382204  -.891810  -.242063
 107937.6  13772.7       .1     43.3     60.3     28.9
       .1     86.6     60.3     57.7  65523.7  67374.3
     -12.2      51.7      -6.6      48.1
       -.9      23.1       -.2      18.9
       -.7      17.9        .1      13.2
       -.7      16.2        .0      11.2
 53374  -.417577  -.876913  -.238019
 109380.3  13538.0       .1     43.3     60.3     28.9
       .1     86.6     60.3     57.7  66228.8  67599.9
     -10.8      54.0      -4.8      44.0
       -.9      22.6       -.1      17.1
       -.5      17.4        .0      12.3
       -.6      16.0       -.1      11.2
 53375  -.451149  -.861285  -.233777
 111638.0  13440.7       .1     43.3     60.3     28.9
       .1     86.6     60.3     57.7  66065.3  67954.3
     -12.1      52.9      -8.1      44.1
      -1.0      23.3       -.3      19.8
        .0      17.5        .2      14.1
       -.1      16.2        .3      12.2
 53376  -.482910  -.845093  -.229382
 113608.9  13373.8       .1     43.3     60.3     28.9
       .1     86.6     60.3     57.7  69070.4  70825.2
      -7.4      50.0      -4.9      39.7
       -.9      22.8       -.5      18.4
       -.4      17.3        .0      13.4
       -.5      15.8       -.1      12.0
 53377   .337328  -.927651  -.160231
 163967.1  13997.4       .1     43.3     60.3     28.9
       .1     86.6     60.3     57.7 102465.3 104737.6
     -10.2      50.8       9.1      65.1
      -1.5      23.6       2.1      24.0
       -.5      17.7        .8      11.1
       -.8      16.7        .8       8.9
 53378   .312066  -.936198  -.161707
 162407.4  13823.9       .1     43.3     60.3     28.9
       .1     86.6     60.3     57.7 101610.2 103819.4
     -12.4      52.6      10.0      74.5
      -1.6      23.8       2.2      25.4
       -.8      17.7        .8      10.0
       -.6      16.9        .8       8.3
 53379   .286124  -.944211  -.163091
 161555.0  13757.8       .1     43.3     60.3     28.9
       .1     86.6     60.3     57.7 101052.0 103460.8
      -9.5      48.5       8.3      76.9
      -1.8      23.7       2.2      26.2
       -.5      17.9       1.2      10.5
       -.6      16.5       1.3       8.2
 53380   .259539  -.951641  -.164374
 160010.7  13547.8       .1     43.3     60.3     28.9
       .1     86.6     60.3     57.7 100280.8 103285.3
     -10.8      53.8       7.3      77.3
      -1.4      24.0       2.2      24.9
       -.7      18.1       1.2       9.4
       -.2      16.6       1.1       7.4
 53381   .232349  -.958440  -.165549
 159026.5  13536.0       .1     43.3     60.3     28.9
       .1     86.6     60.3     57.7  99844.2 102523.0
      -9.6      51.9       5.9      81.9
      -1.3      23.0       2.9      27.4
       -.7      17.7       1.7       9.6
      -1.2      16.7       1.8       7.2
 53382   .204604  -.964562  -.166606
 158230.5  13344.2       .1     43.3     60.3     28.9
       .1     86.6     60.3     57.7  99372.0 101252.7
      -8.1      49.0      11.1      82.7
      -1.6      23.7       2.6      28.5
       -.6      18.2       2.0       9.7
       -.7      16.8       1.9       6.4
 53383   .176357  -.969963  -.167539
 157421.4  13319.8       .1     43.3     60.3     28.9
       .1     86.6     59.8      9.4  98773.7 101163.6
     -12.3      51.6       6.2      91.9
      -1.9      23.7       2.8      30.1
       -.8      18.1       2.1       8.5
       -.8      16.6       2.3       6.4
 53384   .147667  -.974605  -.168341
 156876.5  13237.0       .1     43.3     60.3     28.9
       .1     86.6     59.6     23.0  99652.4 101579.2
     -11.6      53.0       2.9     105.2
      -1.6      24.1       2.9      32.0
       -.8      18.0       2.8       8.4
       -.8      16.3       2.8       5.2
 53385   .118600  -.978453  -.169006
 156022.4  13240.0       .1     43.3     59.3      8.0
       .1     86.6     59.3     36.5  97855.6 100274.2
     -13.2      54.0       5.0     110.1
      -1.5      23.9       2.1      38.9
       -.7      18.1       2.3       9.0
       -.8      16.7       2.6       5.9
 53386   .089225  -.981478  -.169528
 155756.6  13225.2       .1     43.3     58.9     21.0
       .1     86.6     59.1     49.2  98553.3 100649.2
     -12.2      52.0       7.7     107.1
      -1.6      23.9       3.8      58.5
       -.7      17.9       2.3      19.0
       -.8      17.1       2.5       6.4
 53387   .059616  -.983656  -.169904
 155277.0  13218.9       .1     43.3     62.6     19.0
       .1     86.6     62.7     47.3  96382.5  99734.4
     -14.3      54.9      11.4     124.7
      -1.5      23.1       2.0      56.2
       -.9      18.2       2.2      17.1
      -1.0      16.7       2.2       6.4
 53388   .044746  -.984421  -.170036
 155086.4  13210.2       .1     43.3     62.8     12.9
       .1     86.6     62.6     41.2  97055.8 100008.3
     -10.1      51.4       -.2     111.8
      -1.2      22.6       2.6      46.2
       -.6      18.0       1.9      12.5
      -1.1      16.6       2.1       5.2
 53389   .029848  -.984969  -.170131
 154924.0  13151.0       .1     43.3     62.5     10.1
       .1     86.6     62.4     34.6  96559.7  98947.3
      -8.4      50.3       4.3     109.4
      -1.7      24.0       2.4      37.8
       -.4      18.1       1.9      11.0
       -.7      16.3       2.0       5.1
 53390   .014929  -.985299  -.170188
 155064.4  13089.4       .1     43.3     60.5       .8
       .1     86.6     61.7     28.0  96188.0  98552.9
     -14.2      50.8       9.3     104.9
      -1.8      23.3       2.3      33.2
       -.9      18.2       2.0       9.4
       -.7      16.7       2.0       4.5
 53391   .000000  -.985408  -.170207
 154845.6  13071.8       .1     43.3     60.3     28.9
       .1     86.6     61.8     21.4  96986.3  99226.4
      -9.7      47.9       4.5      98.3
      -1.8      23.4       2.5      31.6
       -.7      18.1       2.3       8.5
       -.6      16.6       2.3       4.9
 53392  -.014929  -.985299  -.170188
 155112.8  13119.5       .1     43.3     60.3     28.9
       .1     86.6     61.5     14.5  96922.1  99045.3
      -8.8      50.8       8.8      91.2
      -1.8      24.1       2.0      29.1
       -.5      17.8       2.1       8.5
       -.9      16.9       1.9       5.3
 53393  -.029848  -.984969  -.170131
 155229.6  13194.1       .1     43.3     60.3     28.9
       .1     86.6     61.4      7.9  94386.6  98225.3
      -8.0      45.8       4.1      95.4
      -2.0      24.2       1.7      28.8
       -.7      18.0       1.6       8.7
      -1.1      16.9       1.6       5.4
 53394  -.044746  -.984421  -.170036
 155113.4  13164.7       .1     43.3     60.3     28.9
       .1     86.6     60.9      1.9  96460.5  98329.1
     -11.8      53.1       6.1      93.4
      -1.7      23.6       1.0      27.2
      -1.0      18.5       1.3       8.2
       -.9      17.1       1.2       5.5
 53395  -.059616  -.983656  -.169904
 154801.5  13143.9       .1     43.3     60.3     28.9
       .1     86.6     60.3     57.7  97211.5  99778.6
      -9.2      49.8       4.8      89.5
      -1.8      23.4       1.2      25.3
       -.9      18.1       1.4       8.3
      -1.2      16.8       1.3       6.5
 53396  -.089225  -.981478  -.169528
 155378.1  13203.7       .1     43.3     60.3     28.9
       .1     86.6     60.3     57.7  96418.9  99317.1
     -11.7      49.7       1.9      77.7
      -1.6      24.0        .8      24.5
       -.8      18.0       1.1       8.8
      -1.0      16.9       1.0       6.6
 53397  -.118600  -.978453  -.169006
 155829.0  13362.8       .1     43.3     60.3     28.9
       .1     86.6     60.3     57.7  96264.5  99345.9
     -13.5      52.8      -1.0      75.9
      -1.4      23.4        .6      22.7
       -.6      18.0        .8       8.5
      -1.2      17.0        .6       6.8
 53398  -.147667  -.974605  -.168341
 156028.5  13260.4       .1     43.3     60.3     28.9
       .1     86.6     60.3     57.7  98708.9 101142.0
     -10.0      48.6      -4.2      71.6
      -1.2      23.6        .4      22.6
       -.3      18.1        .7       9.3
       -.5      16.8        .7       7.5
 53399  -.176357  -.969963  -.167539
 156617.6  13317.6       .1     43.3     60.3     28.9
       .1     86.6     60.3     57.7  97141.3 100129.4
     -13.5      49.5      -2.4      60.1
      -1.4      23.6        .3      19.3
       -.8      18.1        .4       9.4
       -.7      17.1        .4       7.6
 53400  -.204604  -.964562  -.166606
 157626.7  13339.3       .1     43.3     60.3     28.9
       .1     86.6     60.3     57.7  98393.2 101062.8
     -15.3      57.4      -4.8      61.3
      -1.3      23.8        .0      21.6
       -.7      18.3        .3      10.6
       -.7      17.0        .3       8.5
 53401  -.232349  -.958440  -.165549
 158667.4  13396.3       .1     43.3     60.3     28.9
       .1     86.6     60.3     57.7  98931.5 101951.9
     -11.9      53.6      -6.1      57.9
      -1.6      23.8       -.4      19.1
       -.6      18.4        .2      10.0
       -.6      17.1        .1       8.2
 53402  -.259539  -.951641  -.164374
 159490.3  13601.1       .1     43.3     60.3     28.9
       .1     86.6     60.3     57.7 100114.1 102594.1
     -13.5      50.7      -3.5      53.7
      -1.0      23.6       -.4      19.7
       -.8      18.3        .1      11.1
       -.8      16.6        .1       9.3
 53403  -.286124  -.944211  -.163091
 160748.8  13571.1       .1     43.3     60.3     28.9
       .1     86.6     60.3     57.7  99572.2 102140.5
     -12.2      56.9      -7.8      54.2
      -1.3      23.8       -.2      18.8
       -.4      18.6        .0      10.6
       -.6      17.1       -.1       8.8
 53404  -.312066  -.936198  -.161707
 162025.1  13670.6       .1     43.3     60.3     28.9
       .1     86.6     60.3     57.7 101436.1 104137.5
     -11.5      52.2      -5.1      44.4
      -1.2      24.0       -.6      19.7
       -.5      18.2        .0      11.7
       -.6      16.9        .0      10.1
 53405  -.337328  -.927651  -.160231
 163316.0  13935.2       .1     43.3     60.3     28.9
       .1     86.6     60.3     57.7 103396.6 106309.7
     -11.9      52.5      -5.9      45.8
      -1.1      23.3       -.3      17.2
       -.6      18.2       -.1      10.7
       -.2      16.5        .1       9.5
