OCR_prd2017clk:dj0091a,R21@-300V,3.8T@20d,263K,rhe=1.10,rhh=0.7,0.7/0.7         
  1016   1  3.80  28   3  29   2  300.00  263.00     .70 1.00000   650.0   29.52  -11.71  150.000  100.000  290.000  2000.0   14.76   -5.86    1.50    1.00     .85
 82321  -.105170   .946530  -.304993
  81472.1  12900.7     14.8     43.3     -5.9      6.3
     14.8     86.6     -6.1     33.8  47342.1  48832.6
      11.8      57.1      -5.1      76.0
       2.4      25.9      -1.8      18.9
       2.0      22.5      -1.1       5.3
       1.9      23.0      -1.1       4.3
 82322  -.113613   .937303  -.329476
  75575.3  12990.5     14.8     43.3     -6.1      6.5
     14.8     86.6     -6.2     34.1  43564.7  45033.6
      12.3      55.1     -12.0      74.3
       2.2      25.3      -1.8      15.6
       1.8      20.6      -1.2       5.4
       2.2      20.1      -1.2       4.4
 82323  -.123410   .925573  -.357888
  69701.1  13255.3     14.8     43.3     -6.4      6.8
     14.8     86.6     -6.2     34.4  39640.6  40594.0
      12.3      56.0     -11.5      70.9
       2.1      25.8      -1.7      15.7
       1.6      21.3      -1.2       5.7
       2.1      21.7      -1.1       4.6
 82324  -.134874   .910397  -.391134
  63247.9  13387.3     14.8     43.3     -6.2      6.9
     14.8     86.6     -6.3     34.5  35832.7  36855.9
       7.6      53.3      -8.9      64.3
       1.8      24.1      -1.5      13.9
       1.4      19.1      -1.1       5.4
       1.8      18.5      -1.2       4.7
 82325  -.148397   .890380  -.430350
  57783.6  13807.9     14.8     43.3     -6.5      7.3
     14.8     86.6     -6.4     34.6  31779.3  33086.6
      10.2      57.1      -8.4      61.4
       2.1      25.1      -1.3      12.7
       1.8      20.9      -1.2       5.8
       1.7      21.4      -1.3       4.9
 82326  -.164460   .863416  -.476934
  52234.2  14152.4     14.8     43.3     -6.6     10.9
     14.8     86.6     -6.7     35.0  28263.2  28959.2
      11.9      54.7      -9.7      60.2
       1.7      24.1      -1.7      13.4
       1.5      19.2      -1.3       5.9
       1.6      18.5      -1.1       5.1
 82327  -.183618   .826279  -.532491
  46929.9  14766.8     14.8     43.3     -6.7      8.1
     14.8     86.6     -6.5     35.2  24273.6  25344.7
       8.5      54.6      -8.2      55.3
       2.0      24.2      -1.6      11.8
       1.5      19.3      -1.3       6.1
       1.5      19.7      -1.2       5.3
 82328  -.206405   .774019  -.598575
  41899.9  15848.6     14.8     43.3     -6.9      8.4
     15.0      6.6     -6.7     35.7  21499.3  22283.9
       7.5      58.2      -9.0      56.2
       1.1      26.2      -1.3      10.8
       1.3      19.1      -1.3       6.3
       1.2      18.1      -1.2       5.4
 82329  -.233063   .699189  -.675882
  36993.0  17771.2     14.8     43.3     -7.1      8.8
     14.5     18.3     -7.0     35.9  18523.5  19166.9
       9.2      58.5      -6.2      50.1
       1.9      29.0      -1.7      10.3
       1.2      18.9      -1.3       6.5
        .7      15.7      -1.2       5.7
 82330  -.262862   .591440  -.762300
  33007.5  21453.9     13.6     13.8     -7.3      9.1
     14.5     37.6     -7.1     36.2  16342.0  16799.3
       7.0      55.4      -5.5      46.6
        .7      22.1      -1.5       9.9
        .4      14.7      -1.4       6.8
        .4      11.5      -1.2       6.0
 82331  -.292854   .439281  -.849276
  29668.2  24481.2     14.5     19.0     -7.3      9.1
     14.6     56.8     -7.3     36.7  14184.1  14941.4
       6.4      51.0      -4.5      43.5
       -.1      13.5      -1.4       9.9
       -.4       8.9      -1.4       6.9
       -.3       7.2      -1.4       6.2
 82332  -.316664   .237498  -.918324
  27780.2  22670.4     14.3     34.1     -7.4      8.7
     14.5     75.4     -7.3     36.9  13260.0  13976.5
       1.0      60.8      -5.5      38.5
       -.6       6.7      -1.8       9.9
      -1.1       5.0      -1.6       6.8
      -1.1       5.0      -1.5       6.1
 82333  -.325991   .000000  -.945373
  26989.8  21936.7     13.9     36.3     -7.5      8.8
     14.8     78.2     -7.4     36.9  12930.3  13363.1
      -2.1      63.3      -5.1      41.7
      -2.1       7.1      -1.6       9.9
      -2.0       5.0      -1.5       6.7
      -2.4       5.0      -1.5       5.7
 82334  -.323582  -.121343  -.938387
  27064.5  21732.9     13.9     28.5     -7.3      9.0
     14.8     68.9     -7.4     36.9  12893.3  13595.7
      -6.1      52.5      -4.5      42.4
      -3.0       8.5      -2.0      10.2
      -2.7       5.5      -1.5       6.8
      -3.0       5.0      -1.5       5.7
 82335  -.316664  -.237498  -.918324
  27358.5  22041.3     13.9     21.4     -7.3      8.9
     14.9     59.9     -7.3     36.8  12931.0  13572.1
      -5.9      50.6      -2.5      42.6
      -3.5      12.1      -1.6       9.8
      -3.1       8.0      -1.4       6.6
      -3.2       6.7      -1.4       5.8
 82336  -.306058  -.344315  -.887567
  28276.5  22075.4     13.1     15.4     -7.1      8.9
     14.7     50.6     -7.1     36.6  13322.1  13829.7
      -6.5      47.0      -2.6      43.0
      -3.3      16.4      -1.6      10.0
      -3.6      10.7      -1.6       6.7
      -3.7       9.0      -1.4       5.7
 82337  -.292854  -.439281  -.849276
  29465.7  20173.1     11.7     13.8     -7.2      8.8
     14.9     41.0     -7.1     36.7  13679.1  14274.2
      -8.6      52.6      -3.9      43.4
      -4.3      20.2      -1.6       9.9
      -3.9      13.5      -1.5       6.8
      -4.0      10.9      -1.3       5.9
 82338  -.278147  -.521525  -.806626
  30879.8  18363.2      -.7     11.9     -7.0      8.5
     14.7     31.4     -7.2     36.4  15144.7  15694.7
     -10.1      55.9      -3.9      46.8
      -5.6      25.5      -1.6       9.9
      -5.2      17.1      -1.6       6.5
      -5.0      14.2      -1.3       6.0
 82339  -.262862  -.591440  -.762300
  32617.5  17184.9     14.8     43.3     -7.0      8.3
     14.7     21.8     -6.9     36.3  15914.9  16503.4
     -10.6      59.6      -3.2      43.8
      -5.5      29.3      -1.6       9.9
      -5.3      19.0      -1.5       6.6
      -5.2      16.3      -1.3       5.9
 82340  -.233063  -.699189  -.675882
  36768.6  15244.1     14.8     43.3     -6.8      7.9
     15.3      7.7     -6.9     35.9  18423.9  19118.5
     -10.7      54.8      -2.7      52.5
      -4.8      28.1      -1.5      10.2
      -4.1      19.8      -1.3       6.3
      -5.0      19.6      -1.3       5.6
 82341  -.206405  -.774019  -.598575
  41460.8  14178.1     14.8     43.3     -6.5      7.4
     14.8     86.6     -6.7     35.6  20349.4  21534.5
      -9.6      52.7      -1.2      53.9
      -3.7      25.7      -1.4      10.4
      -3.7      20.3      -1.4       6.2
      -3.7      21.5      -1.2       5.4
 82342  -.183618  -.826279  -.532491
  46652.2  13545.3     14.8     43.3     -6.6      7.0
     14.8     86.6     -6.7     35.2  24559.3  25448.7
     -12.0      52.1        .8      54.3
      -3.4      24.5      -1.3      11.1
      -3.1      19.4      -1.2       6.0
      -3.7      19.2      -1.2       5.1
 82343  -.164460  -.863416  -.476934
  51885.8  13138.5     14.8     43.3     -6.5      6.6
     14.8     86.6     -6.4     35.0  28501.9  29335.6
      -9.5      53.7        .7      58.2
      -3.2      26.3      -1.3      11.7
      -3.1      22.0      -1.2       5.7
      -3.2      23.9      -1.1       4.9
 82344  -.148397  -.890380  -.430350
  57557.1  12851.0     14.8     43.3     -6.5      6.2
     14.8     86.6     -6.4     34.9  31875.9  32935.1
      -9.6      51.6       4.3      65.0
      -3.7      24.9      -1.3      12.5
      -3.1      20.2      -1.1       5.5
      -3.3      20.2      -1.1       4.6
 82345  -.134874  -.910397  -.391134
  63269.9  12578.1     14.8     43.3     -6.4      6.1
     14.8     86.6     -6.2     34.4  35253.0  36311.5
     -14.5      55.0       3.1      69.2
      -3.0      26.3       -.9      13.9
      -2.7      22.0      -1.2       5.3
      -3.6      22.0      -1.1       4.5
 82346  -.123410  -.925573  -.357888
  69252.8  12600.2     14.8     43.3     -6.4      5.9
     14.8     86.6     -6.4     34.3  39102.5  40349.3
     -11.3      51.9       7.1      69.9
      -3.2      25.6       -.9      15.1
      -2.8      20.9      -1.1       5.1
      -2.7      21.1      -1.0       4.3
 82347  -.113613  -.937303  -.329476
  75416.8  12450.0     14.8     43.3     -6.3      5.7
     14.8     86.6     -6.3     34.0  43573.8  44835.4
     -12.1      54.2       5.3      74.7
      -3.1      27.5      -1.0      18.6
      -3.2      23.8      -1.2       5.3
      -2.4      25.0      -1.0       4.4
 82348  -.105170  -.946530  -.304993
  81551.3  12419.5     14.8     43.3     -6.3      5.5
     14.8     86.6     -6.2     34.0  47074.3  48475.6
     -12.1      52.8       6.7      79.5
      -2.3      25.2       -.8      20.4
      -2.4      21.5      -1.0       5.3
      -2.4      21.4      -1.0       4.1
 82349   .863216  -.064741  -.500666
  49507.4   8869.0     15.2     26.1     -5.9     28.9
     15.7     67.7     -5.9     57.7  27402.3  28149.0
       3.7      63.2       4.4      37.1
      -1.9      10.8        .3      20.7
      -2.2       5.0        .3      16.1
      -2.3       5.0        .7      15.2
 82350   .838516  -.069876  -.540377
  45903.0   9056.4     15.1     26.2     -5.9     28.9
     15.7     67.7     -5.9     57.7  24899.6  25692.2
       2.5      64.5       4.9      38.3
      -2.1      10.3        .7      20.6
      -2.2       5.0        .5      15.8
      -2.2       5.0        .6      14.5
 82351   .807288  -.075683  -.585284
  42509.8   9488.8     14.8     26.6     -5.9     28.9
     15.2     68.2     -5.9     57.7  22713.1  23514.3
       3.1      61.2       6.8      40.2
      -2.4       9.2       1.2      20.4
      -2.3       5.0        .5      15.4
      -2.3       5.0        .8      14.5
 82352   .767414  -.082223  -.635858
  38828.6   9815.0     14.2     26.8     -5.9     28.9
     14.9     68.1     -5.9     57.7  20428.3  21066.3
       -.4      54.6       4.2      37.8
      -2.5       9.7       1.0      20.3
      -2.2       5.0        .9      14.7
      -2.3       5.0       1.2      13.8
 82353   .716102  -.089513  -.692232
  35951.3  10444.3     14.3     27.2     -5.9     28.9
     15.0     68.3     -5.9     57.7  18329.0  19019.1
        .9      56.0       6.6      40.2
      -2.6       8.7       1.0      19.4
      -2.4       5.0        .9      14.4
      -2.4       5.0       1.5      13.6
 82354   .649830  -.097475  -.753803
  33033.3  11458.6     14.0     27.5     -5.9     28.9
     15.1     68.6     -5.9     57.7  16626.3  17336.6
        .8      54.9       5.7      39.5
      -2.5       8.6       1.6      19.3
      -2.5       5.0       1.3      13.6
      -2.5       5.0       1.6      12.5
 82355   .564543  -.105852  -.818588
  30529.0  12836.8     14.0     27.9     -5.9     28.9
     15.0     68.8     -7.7      6.9  14927.0  15594.8
      -1.0      53.4       5.4      37.4
      -2.3       9.0       1.4      16.8
      -2.6       5.3       1.3      12.6
      -2.5       5.0       1.6      11.6
 82356   .456422  -.114106  -.882416
  28358.1  15229.3     13.9     28.3     -5.9     28.9
     14.8     68.9     -7.3     16.7  13638.7  14281.4
      -1.8      52.2       4.3      39.8
      -2.5       8.5       2.0      16.9
      -2.8       5.2       1.9      11.8
      -2.7       5.0       1.8      10.6
 82357   .323582  -.121343  -.938387
  26870.3  19209.0     13.6     28.7     -5.6      7.5
     14.7     69.1     -7.6     28.8  12617.1  13221.8
       -.6      53.0       3.3      37.1
      -3.0       8.6       1.2      12.5
      -2.7       5.4       1.0       8.6
      -2.9       5.0       1.3       8.0
 82358   .168544  -.126408  -.977555
  25877.8  21592.0     13.7     28.8     -7.4     13.0
     14.5     69.3     -7.6     41.4  12002.1  12569.6
      -3.4      50.8        .4      42.8
      -2.8       8.5        .3       7.8
      -2.8       5.7        .3       5.4
      -2.9       5.0        .5       5.1
 82359   .000000  -.128243  -.991743
  25730.7  21263.8     13.7     29.0     -7.9     24.3
     14.6     69.2     -8.0     52.9  11551.4  12240.9
      -5.5      50.8      -1.2      66.6
      -3.1       8.1       -.8       7.3
      -3.0       5.6       -.8       3.6
      -3.0       5.0       -.7       3.1
 82360  -.085184  -.127776  -.988138
  25765.7  21362.8     13.6     28.8     -5.9     25.1
     14.5     69.2     -5.9     53.9  11710.8  12301.8
      -5.4      52.4       3.4      59.8
      -2.8       8.3       -.9       9.0
      -2.9       5.5       -.8       3.0
      -3.0       5.0       -.7       3.0
 82361  -.168544  -.126408  -.977555
  26140.1  21756.9     13.7     28.9     -6.8     20.2
     14.5     69.5     -6.8     48.9  11922.5  12471.8
      -7.2      54.5      -7.3      60.2
      -2.7       8.6      -1.3       6.5
      -2.9       5.5      -1.1       3.3
      -3.0       5.0       -.9       3.0
 82362  -.248443  -.124222  -.960648
  26441.9  21889.8     13.7     28.8     -7.4     15.3
     14.6     69.2     -7.2     43.0  12156.6  12853.9
      -5.8      52.9      -3.3      46.1
      -3.2       8.8      -1.4       7.3
      -2.9       5.6      -1.4       5.0
      -2.9       5.0      -1.2       4.3
 82363  -.323582  -.121343  -.938387
  27102.3  21886.7     13.6     28.6     -7.3      8.9
     14.5     69.0     -7.3     36.7  12868.2  13261.0
      -4.7      52.5      -4.5      39.8
      -3.0       8.8      -1.8      10.0
      -2.8       5.3      -1.4       6.8
      -2.9       5.0      -1.4       5.8
 82364  -.393068  -.117920  -.911917
  27763.9  20221.7     13.5     28.5     -7.9      5.9
     14.5     69.0     -7.2     30.8  13049.9  13656.0
      -3.9      56.7      -4.4      36.3
      -2.6       9.1      -2.0      12.6
      -2.9       5.4      -1.9       8.4
      -2.8       5.0      -1.8       7.1
 82365  -.456422  -.114106  -.882416
  28694.8  17657.7     13.8     28.2     -9.1     12.3
     14.7     69.0     -7.0     24.4  13541.1  14219.1
      -6.9      53.8      -3.8      42.3
      -2.8       8.3      -2.5      15.5
      -2.6       5.4      -2.0      10.4
      -2.7       5.0      -2.1       8.7
 82366  -.513527  -.110042  -.850988
  29454.0  15462.8     14.0     28.1     -5.9     28.9
     14.8     68.9     -7.5     18.3  14148.7  14678.0
      -8.3      53.3      -7.1      43.0
      -2.7       8.7      -2.7      17.7
      -2.7       5.2      -2.4      11.6
      -2.9       5.0      -2.5       9.9
 82367  -.564543  -.105852  -.818588
  30512.3  14011.3     13.9     27.8     -5.9     28.9
     14.6     68.7     -7.2     12.3  15173.9  15611.0
      -6.0      57.9      -6.4      42.2
      -3.0       8.8      -3.1      18.0
      -2.7       5.2      -2.5      12.2
      -2.8       5.0      -2.6      10.5
 82368  -.649830  -.097475  -.753803
  33145.8  12131.3     14.5     27.4     -5.9     28.9
     15.2     68.5     -7.3      4.8  16752.5  17485.8
      -7.6      57.8      -7.7      41.8
      -2.6       8.5      -2.8      18.1
      -2.5       5.0      -2.7      12.1
      -2.6       5.0      -2.7      10.7
 82369  -.716102  -.089513  -.692232
  35962.7  11039.1     14.1     27.2     -5.9     28.9
     14.9     68.3     -5.9     57.7  18531.8  19288.6
      -8.5      59.0      -6.9      43.4
      -2.8       9.1      -3.1      20.3
      -2.6       5.0      -3.0      14.3
      -2.5       5.0      -3.0      12.6
 82370  -.767414  -.082223  -.635858
  38994.3  10277.3     14.6     26.8     -5.9     28.9
     15.3     67.9     -5.9     57.7  20473.1  21194.3
      -8.5      56.2      -7.6      41.7
      -2.6       9.6      -3.1      19.2
      -2.4       5.0      -2.7      13.7
      -2.6       5.0      -3.1      12.2
 82371  -.807288  -.075683  -.585284
  42285.8   9734.0     14.4     26.3     -5.9     28.9
     14.9     67.9     -5.9     57.7  22704.4  23696.6
      -8.3      61.2      -7.5      42.0
      -2.5       9.6      -3.2      21.6
      -2.3       5.0      -2.9      15.4
      -2.3       5.0      -3.1      13.4
 82372  -.838516  -.069876  -.540377
  46011.4   9449.2     14.6     26.3     -5.9     28.9
     15.5     67.8     -5.9     57.7  24834.3  25824.1
      -8.7      61.5      -8.5      39.2
      -2.2      10.7      -3.1      19.8
      -2.2       5.0      -2.7      14.5
      -2.2       5.0      -3.2      13.2
 82373  -.863216  -.064741  -.500666
  49422.9   9169.0     14.9     26.0     -5.9     28.9
     15.4     67.7     -5.9     57.7  27616.4  28262.6
      -8.3      64.0      -8.7      42.7
      -2.3      10.9      -3.0      22.1
      -2.2       5.0      -3.3      15.9
      -2.3       5.0      -3.4      14.4
 82374  -.882965  -.060202  -.465563
  53288.2   8977.8     14.7     26.0     -5.9     28.9
     15.2     67.3     -5.9     57.7  29304.2  30756.3
      -7.1      64.0      -7.4      38.0
      -2.6      12.2      -3.5      20.4
      -2.1       5.0      -2.6      15.0
      -2.2       5.0      -2.8      14.0
 82375  -.898927  -.056183  -.434481
  57046.6   8830.5     15.0     25.6     -5.9     28.9
     15.6     67.2     -5.9     57.7  32456.1  33425.6
      -6.4      65.7      -9.9      39.9
      -2.4      11.9      -3.1      22.2
      -2.1       5.0      -3.1      16.8
      -2.2       5.0      -3.6      14.9
 82376  -.911966  -.052613  -.406877
  60848.8   8695.6     15.2     25.3     -5.9     28.9
     15.7     66.9     -5.9     57.7  34607.1  35675.2
      -8.8      67.3      -9.7      39.4
      -2.1      12.5      -3.5      20.2
      -2.2       5.0      -3.2      15.6
      -2.1       5.0      -2.9      14.3
 82377  -.922727  -.049432  -.382272
  64723.1   8616.5     14.8     25.0     -5.9     28.9
     15.4     66.9     -5.9     57.7  37390.0  38352.6
     -11.0      71.2     -10.2      38.0
      -2.7      15.0      -3.4      22.1
      -1.9       5.0      -3.3      17.1
      -2.1       5.0      -3.5      15.2
 82378   .806111  -.362750  -.467544
  52924.6   9675.5     14.8     43.3     -5.9     28.9
     15.5     18.4     -5.9     57.7  29022.0  30007.6
      -4.6      61.8       6.9      40.6
      -4.1      25.9       1.0      21.4
      -3.8      16.4        .2      16.3
      -3.6      13.9        .6      16.4
 82379   .774912  -.387456  -.499388
  49475.9  10072.7     14.8     43.3     -5.9     28.9
     15.3     18.8     -5.9     57.7  27315.3  27964.0
      -5.1      59.1       5.9      38.9
      -4.0      26.1        .4      20.9
      -4.1      16.7        .5      15.9
      -4.0      14.0        .8      16.1
 82380   .736803  -.414452  -.534182
  46220.2  10536.2     14.8     43.3     -5.9     28.9
     15.3     19.2     -5.9     57.7  24643.0  25681.4
      -6.5      60.2       6.8      38.1
      -4.3      26.4        .7      20.3
      -4.0      17.2        .2      15.8
      -4.4      14.3       1.2      15.8
 82381   .690099  -.443635  -.571796
  43287.1  11237.7     14.8     43.3     -5.9     28.9
     15.5     19.8     -5.9     57.7  22752.1  23549.6
      -7.4      57.8       5.6      39.6
      -4.9      27.1       1.1      20.4
      -4.3      17.5        .9      15.1
      -3.8      14.8        .9      14.8
 82382   .632842  -.474632  -.611748
  40536.3  12196.4     14.8     43.3     -5.9     28.9
     15.2     20.4     -5.9     57.7  20780.2  21466.5
      -7.4      60.5       7.1      40.0
      -5.0      27.6       1.1      19.1
      -4.4      18.0        .7      14.5
      -4.3      15.2       1.1      14.3
 82383   .562936  -.506642  -.653006
  37933.5  13532.9     14.8     43.3     -5.9     28.9
     15.5     20.6     -5.9     57.7  19059.3  19902.5
      -6.6      59.9       6.5      41.2
      -5.0      28.2       1.5      19.3
      -4.5      18.3       1.3      13.7
      -4.6      15.4       1.6      13.1
 82384   .478468  -.538276  -.693778
  35643.2  14663.5     14.8     43.3     -5.9     28.9
     14.9     21.2     -8.1      6.4  17687.9  18614.3
      -5.9      60.4       5.4      41.4
      -5.7      28.2       1.4      16.8
      -5.0      18.6       1.0      12.1
      -4.9      15.9       1.5      11.5
 82385   .378295  -.567442  -.731370
  34029.7  16412.7     14.8     43.3     -5.9     28.9
     15.0     21.6     -7.8     15.8  16923.5  17413.4
      -9.3      59.2       6.0      42.7
      -5.3      28.8       1.6      16.7
      -5.2      18.9       1.5      11.2
      -5.1      16.2       1.6      10.4
 82386   .262862  -.591440  -.762300
  32432.8  16408.8     14.8     43.3     -6.6      8.7
     15.1     21.7     -7.6     28.2  15907.7  16583.4
      -9.7      57.4       3.9      40.8
      -6.1      28.8       1.2      12.6
      -5.1      18.9        .9       8.3
      -5.1      16.2       1.0       7.6
 82387   .134975  -.607388  -.782855
  31862.9  16220.3     14.8     43.3     -7.8     13.0
     14.7     22.1     -7.9     40.8  15558.7  16244.4
     -10.6      57.6       3.7      50.6
      -5.8      29.1        .3       9.5
      -5.2      19.6        .2       5.3
      -5.2      16.4        .5       4.9
 82388   .000000  -.612997  -.790085
  31670.1  16255.2     14.8     43.3     -8.2     23.8
     14.6     22.1     -8.3     52.2  15270.7  15969.9
      -9.2      61.5       3.1      64.7
      -5.8      29.7      -1.0       9.7
      -5.3      19.4      -1.2       3.4
      -5.7      16.4       -.9       3.0
 82389  -.067953  -.611580  -.788259
  31691.7  16408.0     14.8     43.3     -5.9     25.1
     15.2     22.1     -5.9     53.7  14774.1  15470.6
      -9.5      58.6        .0      69.3
      -5.9      28.9       -.5      10.6
      -5.2      19.6       -.7       3.0
      -5.8      16.5       -.7       3.0
 82390  -.134975  -.607388  -.782855
  31834.3  16698.4     14.8     43.3     -6.7     19.6
     14.9     22.1     -6.6     48.3  15200.4  15982.8
     -12.0      58.8       1.0      56.8
      -6.0      29.0       -.9       8.1
      -5.6      19.1       -.9       3.2
      -5.5      16.4       -.9       3.0
 82391  -.200196  -.600588  -.774091
  32163.0  16957.8     14.8     43.3     -6.9     13.8
     14.8     21.9     -6.9     42.5  15703.7  16253.7
     -10.4      58.3      -2.8      50.9
      -5.8      28.8      -1.4       7.9
      -5.4      19.6      -1.2       4.8
      -5.3      16.4      -1.1       4.4
 82392  -.262862  -.591440  -.762300
  32727.7  17186.3     14.8     43.3     -7.1      8.3
     14.6     21.8     -6.9     36.4  15989.7  16537.1
     -10.2      61.1      -2.8      49.9
      -5.5      28.7      -1.5      10.0
      -5.3      19.3      -1.4       6.4
      -5.2      16.5      -1.3       5.9
 82393  -.322373  -.580271  -.747905
  33238.2  17210.6     14.8     43.3     -7.3      6.2
     15.0     21.9     -7.0     30.0  16380.3  16971.0
     -10.5      56.8      -3.4      41.3
      -6.3      29.1      -2.0      12.6
      -5.3      18.8      -1.8       8.2
      -5.2      16.0      -1.5       7.3
 82394  -.378295  -.567442  -.731370
  34143.7  16532.5     14.8     43.3     -8.1     11.3
     14.9     21.7     -7.2     23.6  17009.8  17623.0
     -11.3      58.8      -4.5      43.9
      -5.9      28.2      -2.1      15.1
      -5.0      19.2      -1.9      10.1
      -4.8      15.9      -1.7       8.9
 82395  -.430364  -.553325  -.713175
  34828.1  16149.1     14.8     43.3     -5.9     28.9
     15.0     21.3     -7.0     17.3  17019.7  17852.1
     -10.5      57.7      -4.8      43.5
      -5.2      28.5      -2.6      16.8
      -4.6      18.7      -2.2      11.1
      -4.6      15.8      -2.0      10.1
 82396  -.478468  -.538276  -.693778
  35736.5  15288.9     14.8     43.3     -5.9     28.9
     15.3     21.1     -7.0     11.3  17816.1  18391.8
     -12.1      58.9      -5.3      42.8
      -5.4      28.2      -2.8      17.2
      -4.6      18.7      -2.2      11.8
      -5.1      15.7      -2.3      10.7
 82397  -.562936  -.506642  -.653006
  38003.4  13543.9     14.8     43.3     -5.9     28.9
     15.4     20.6     -6.0      6.0  19599.2  20275.6
      -9.6      58.9      -3.8      39.9
      -5.0      28.1      -2.4      17.6
      -4.0      18.3      -2.4      12.3
      -4.7      15.5      -2.4      11.5
 82398  -.632842  -.474632  -.611748
  40445.3  12086.3     14.8     43.3     -5.9     28.9
     15.4     20.4     -5.9     57.7  20845.1  21795.4
     -11.7      59.1      -5.2      43.4
      -4.9      27.3      -2.9      20.0
      -4.5      17.8      -2.8      14.1
      -4.3      15.1      -2.4      12.8
 82399  -.690099  -.443635  -.571796
  43446.9  11148.8     14.8     43.3     -5.9     28.9
     15.2     19.9     -5.9     57.7  23077.6  23924.6
     -11.5      61.4      -7.3      44.0
      -4.8      27.2      -2.9      19.2
      -4.3      17.7      -2.8      14.2
      -3.8      14.5      -2.6      13.1
 82400  -.736803  -.414452  -.534182
  46213.4  10460.7     14.8     43.3     -5.9     28.9
     15.3     19.2     -5.9     57.7  24798.3  25780.2
     -11.2      58.8      -7.2      42.3
      -4.8      26.6      -3.2      21.9
      -3.4      17.1      -2.3      15.7
      -4.1      14.4      -2.7      14.4
 82401  -.774912  -.387456  -.499388
  49460.9   9986.4     14.8     43.3     -5.9     28.9
     15.5     18.9     -5.9     57.7  26879.8  27744.4
      -9.6      58.6      -8.1      41.8
      -4.7      26.2      -2.8      20.1
      -3.5      16.7      -2.3      14.9
      -4.0      13.9      -2.7      14.0
 82402  -.806111  -.362750  -.467544
  52684.0   9615.6     14.8     43.3     -5.9     28.9
     15.5     18.6     -5.9     57.7  29182.0  30037.7
     -11.4      59.8      -9.2      43.4
      -4.1      26.1      -3.3      22.1
      -3.5      16.4      -2.9      16.2
      -3.7      13.7      -2.7      15.3
 82403  -.831783  -.340275  -.438577
  56458.6   9312.2     14.8     43.3     -5.9     28.9
     15.4     18.1     -5.9     57.7  31627.6  32769.9
     -12.5      60.2      -8.2      39.2
      -4.7      25.8      -3.2      20.6
      -3.7      16.2      -2.5      15.6
      -3.8      13.5      -2.9      14.8
 82404  -.853040  -.319890  -.412303
  59902.1   9179.7     14.8     43.3     -5.9     28.9
     15.3     17.9     -5.9     57.7  33832.7  34833.7
     -10.4      59.1      -7.6      39.5
      -4.4      25.0      -3.4      22.3
      -3.7      16.0      -3.0      17.2
      -3.7      13.3      -3.2      16.0
 82405  -.870759  -.301417  -.388493
  63727.8   8995.7     14.8     43.3     -5.9     28.9
     15.5     17.3     -5.9     57.7  35836.4  37186.2
     -11.8      60.6      -8.6      38.1
      -3.9      25.4      -3.3      21.4
      -3.6      15.7      -2.9      16.3
      -3.5      13.3      -2.6      15.6
 82406  -.885633  -.284668  -.366905
  67224.0   8865.8     14.8     43.3     -5.9     28.9
     15.4     17.1     -5.9     57.7  38412.9  39615.7
      -7.5      60.9      -8.6      39.5
      -3.6      24.6      -3.2      22.4
      -3.5      15.7      -3.0      17.5
      -3.4      12.9      -3.1      16.2
 82407   .467453  -.841416  -.271123
  91201.5  13368.0     14.8     43.3     -5.9     28.9
     14.8     86.6     -5.9     57.7  54346.0  55675.2
      -8.8      56.0      10.6      46.0
      -2.6      24.3        .3      18.2
      -1.8      19.7       -.2      12.8
      -2.3      19.5        .1      12.1
 82408   .429723  -.859446  -.276932
  89456.2  13073.1     14.8     43.3     -5.9     28.9
     14.8     86.6     -5.9     57.7  53162.5  54528.9
     -11.8      58.5       9.6      47.8
      -2.3      25.0        .4      19.0
      -2.3      19.7        .2      12.7
      -2.1      20.0        .1      11.8
 82409   .389600  -.876600  -.282460
  87648.4  12895.2     14.8     43.3     -5.9     28.9
     14.8     86.6     -5.9     57.7  51137.0  53525.0
     -11.2      52.1       9.1      50.0
      -2.7      24.9        .5      17.8
      -2.1      20.4        .0      11.6
      -2.5      20.0        .3      10.6
 82410   .347131  -.892622  -.287623
  85847.5  12676.5     14.8     43.3     -5.9     28.9
     14.8     86.6     -5.9     57.7  51237.1  52400.4
      -7.5      48.4      11.0      50.4
      -2.6      25.4        .8      18.0
      -2.1      20.5        .2      11.8
      -2.2      20.5        .4      10.4
 82411   .302414  -.907242  -.292333
  84589.9  12531.7     14.8     43.3     -5.9     28.9
     14.8     86.6     -5.9     57.7  49469.8  50783.6
      -9.3      52.7       8.2      51.2
      -2.5      24.6        .5      16.8
      -2.6      20.5        .0      10.1
      -2.7      21.0        .2       9.1
 82412   .255608  -.920190  -.296506
  83666.9  12381.6     14.8     43.3     -5.9     28.9
     14.8     86.6     -5.9     57.7  49270.5  50707.4
     -11.4      52.7       8.2      55.1
      -2.7      25.9        .9      18.6
      -2.5      21.2        .4      10.2
      -2.6      21.0        .5       8.6
 82413   .206935  -.931206  -.300055
  82477.2  12432.6     14.8     43.3     -5.9     28.9
     14.8     86.6     -8.8      3.0  47695.0  49081.1
     -14.0      54.3       7.8      62.5
      -2.8      25.7        .7      16.4
      -2.1      21.2        .2       8.5
      -2.4      20.7        .2       7.2
 82414   .156676  -.940054  -.302906
  81770.8  12309.6     14.8     43.3     -5.9     28.9
     14.8     86.6     -8.5     12.0  47338.4  48943.7
     -11.8      48.5      10.3      67.7
      -3.2      25.4       1.0      17.1
      -2.4      21.1        .6       8.2
      -2.6      21.4        .6       6.9
 82415   .105170  -.946530  -.304993
  81279.4  12251.7     14.8     43.3     -5.9     28.9
     14.8     86.6     -9.0     25.3  46815.3  48758.6
     -12.8      54.7       7.8      69.3
      -3.0      25.0        .9      16.2
      -2.8      21.5        .6       6.8
      -2.7      21.3        .4       5.2
 82416   .052804  -.950480  -.306266
  81151.4  12157.5     14.8     43.3     -9.2     10.5
     14.8     86.6     -9.1     38.5  47041.1  48403.6
     -10.3      51.5       7.7      77.4
      -3.1      25.7       -.1      21.1
      -2.7      21.5       -.2       5.0
      -2.7      21.3       -.2       3.5
 82417   .000000  -.951808  -.306694
  80609.6  12234.7     14.8     43.3     -9.2     22.4
     14.8     86.6     -9.1     50.8  47333.2  48333.5
     -13.1      50.7       4.8      98.5
      -3.8      26.3       -.5      38.0
      -2.8      21.4      -1.8       6.7
      -3.1      21.2      -1.4       3.4
 82418  -.026430  -.951476  -.306587
  81079.5  12238.5     14.8     43.3     -5.5     24.2
     14.8     86.6     -5.4     52.5  47445.2  48754.2
     -11.7      52.6       5.8      98.9
      -2.8      25.4        .2      39.4
      -2.4      21.3        .0       7.7
      -3.1      21.2       -.4       3.0
 82419  -.052804  -.950480  -.306266
  81005.9  12212.6     14.8     43.3     -5.6     18.2
     14.8     86.6     -5.5     46.7  47306.6  48693.2
     -14.3      55.4       7.4      85.6
      -3.1      25.5        .1      28.7
      -2.8      21.5       -.8       4.2
      -2.2      21.2       -.6       3.0
 82420  -.079069  -.948828  -.305734
  81214.7  12170.1     14.8     43.3     -6.0     11.8
     14.8     86.6     -6.0     40.3  47088.5  48742.4
     -12.5      52.3       8.8      83.6
      -2.8      25.8       -.6      22.6
      -2.6      21.4      -1.0       4.7
      -2.9      21.2       -.9       3.2
 82421  -.105170  -.946530  -.304993
  81233.7  12358.5     14.8     43.3     -6.4      5.5
     14.8     86.6     -6.1     34.0  47040.4  49138.6
     -12.7      52.2       3.4      75.2
      -3.0      25.9       -.8      19.0
      -2.5      21.4      -1.1       6.0
      -2.9      21.2      -1.1       4.0
 82422  -.131055  -.943599  -.304049
  81672.3  12568.0     14.8     43.3     -3.0       .9
     14.8     86.6     -6.3     27.2  47718.2  48916.3
     -11.7      55.2       6.2      74.9
      -2.9      25.7       -.9      17.3
      -2.6      21.4      -1.3       6.6
      -3.0      21.2      -1.2       5.2
 82423  -.156676  -.940054  -.302906
  82033.6  12560.0     14.8     43.3     -5.9     28.9
     14.8     86.6     -6.2     20.7  48186.2  49321.0
     -15.5      54.8       5.5      71.7
      -2.7      25.5      -1.3      18.4
      -2.5      21.2      -1.4       7.6
      -2.4      21.1      -1.2       6.0
 82424  -.181983  -.935915  -.301572
  82165.0  12618.2     14.8     43.3     -5.9     28.9
     14.8     86.6     -6.4     14.0  47822.0  49790.0
     -11.1      51.0        .6      68.3
      -2.7      25.1      -1.3      17.4
      -2.7      21.3      -1.5       8.2
      -2.8      21.0      -1.5       6.6
 82425  -.206935  -.931206  -.300055
  82590.7  12648.5     14.8     43.3     -5.9     28.9
     14.8     86.6     -6.5      7.4  48209.4  49514.7
      -9.1      48.0       2.5      66.6
      -2.4      24.9      -1.3      17.1
      -2.5      21.2      -1.6       8.6
      -2.4      21.1      -1.6       7.0
 82426  -.255608  -.920190  -.296506
  83508.0  12958.1     14.8     43.3     -5.9     28.9
     14.8     86.6     -5.9     57.7  48959.7  50884.2
     -13.9      54.3      -1.9      66.0
      -2.9      24.9      -1.9      17.4
      -2.5      21.1      -1.9       9.7
      -2.4      20.7      -1.9       8.0
 82427  -.302414  -.907242  -.292333
  84906.5  13136.1     14.8     43.3     -5.9     28.9
     14.8     86.6     -5.9     57.7  49545.2  51137.1
     -14.7      53.1       -.6      58.4
      -2.5      24.9      -2.3      18.1
      -2.3      20.6      -2.2      10.4
      -2.6      20.5      -2.2       9.0
 82428  -.347131  -.892622  -.287623
  86184.1  13505.7     14.8     43.3     -5.9     28.9
     14.8     86.6     -5.9     57.7  51202.7  52465.7
     -14.3      53.2      -6.7      57.4
      -2.3      24.6      -2.3      18.4
      -2.6      20.7      -2.4      11.2
      -2.4      20.5      -2.2       9.9
 82429  -.389600  -.876600  -.282460
  87810.7  13687.7     14.8     43.3     -5.9     28.9
     14.8     86.6     -5.9     57.7  52241.6  53619.3
     -14.4      52.2      -4.2      59.3
      -2.6      25.3      -2.6      19.0
      -1.9      20.2      -2.4      12.1
      -2.2      20.2      -2.2      10.7
 82430  -.429723  -.859446  -.276932
  89530.2  13631.1     14.8     43.3     -5.9     28.9
     14.8     86.6     -5.9     57.7  53914.0  55200.8
     -12.9      54.1      -4.5      52.9
      -2.6      25.1      -2.8      19.0
      -1.8      19.8      -2.2      12.3
      -1.8      19.6      -2.1      10.9
 82431  -.467453  -.841416  -.271123
  91307.9  13737.8     14.8     43.3     -5.9     28.9
     14.8     86.6     -5.9     57.7  54843.9  56220.5
     -14.0      53.3      -1.4      48.4
      -2.1      24.7      -2.6      19.9
      -1.8      19.8      -2.9      13.3
      -2.2      19.3      -2.6      12.2
 82432  -.502792  -.822750  -.265108
  93341.4  13411.5     14.8     43.3     -5.9     28.9
     14.8     86.6     -5.9     57.7  56332.2  57826.2
     -11.5      55.0      -6.1      46.6
      -2.1      24.3      -2.8      19.1
      -1.8      19.6      -2.5      13.3
      -1.9      19.0      -2.4      12.1
 82433  -.535778  -.803668  -.258960
  95601.1  13336.9     14.8     43.3     -5.9     28.9
     14.8     86.6     -5.9     57.7  58217.9  59536.6
     -11.5      54.7      -4.7      46.4
      -2.1      23.7      -2.8      20.4
      -1.9      19.5      -2.9      14.6
      -1.2      19.3      -2.5      13.6
 82434  -.566482  -.784360  -.252738
  97997.0  12904.7     14.8     43.3     -5.9     28.9
     14.8     86.6     -5.9     57.7  58708.6  60407.9
     -12.4      56.4      -4.0      41.9
      -2.1      23.9      -2.9      19.6
      -1.1      19.0      -2.1      14.4
      -2.1      18.2      -2.8      13.4
 82435  -.594996  -.764995  -.246498
 100378.8  12755.6     14.8     43.3     -5.9     28.9
     14.8     86.6     -5.9     57.7  61224.0  62692.5
      -9.5      49.2      -3.8      41.7
      -2.3      23.8      -3.1      21.0
      -1.8      19.0      -3.0      15.4
      -1.6      18.2      -2.5      14.1
