Dot1_150x100_prd2017clk:@-300V,3.8T@90d,263K,rhe=1.10,rhh=0.7,0.00/0.00         
  1009   1  3.80  60   5  29   0  300.00  263.00     .00 1.00000   800.0     .16   82.80  150.000  100.000  285.000   800.0     .08   41.90    1.50    1.00     .85
 12201   .000000   .000000 -1.000000
  26905.8  21634.2       .2     41.1     41.2      7.9
       .2     84.2     41.2     36.2  13143.1  13626.4
       -.5      71.2       1.6      41.3
       -.2      11.4        .6       9.4
       -.1       5.0        .7       6.3
        .1       5.0        .8       5.4
 12202   .000000  -.130455  -.991454
  27264.0  21895.4       .2     34.0     41.2      7.8
       .3     77.1     41.2     36.3  13106.2  13701.9
      -1.8      63.7       1.7      44.4
       -.1       6.0        .7       9.6
       -.2       5.0        .8       6.4
       -.3       5.0        .8       5.4
 12203   .000000  -.254493  -.967075
  27863.4  22634.1       .2     25.0     41.2      7.8
       .1     67.9     41.3     36.1  13640.8  14123.6
      -2.8      52.7       2.0      42.4
       -.4       8.6        .6       9.5
       -.3       5.5        .6       6.3
       -.2       5.0        .8       5.5
 12204   .000000  -.367167  -.930155
  28807.2  22504.6       .0     16.1     41.3      7.7
      -.1     59.0     41.2     36.1  14068.8  14568.0
      -6.2      50.3       2.1      40.9
       -.2      12.3        .6       9.6
       -.3       8.2        .7       6.2
        .0       6.8        .8       5.3
 12205   .000000  -.465746  -.884918
  30238.8  21871.2       .1      7.7     41.4      7.5
      -.1     49.5     41.3     35.8  14971.2  15577.6
      -6.1      47.1       1.6      43.7
       -.8      16.3        .4       9.6
       -.2      10.7        .8       6.1
       -.2       8.8        .8       5.2
 12206   .000000  -.549617  -.835417
  31931.5  20755.0     -2.1      8.0     41.2      7.3
      -.3     40.0     41.1     35.7  15744.1  16547.2
      -4.8      51.6       1.6      43.9
       -.1      21.5        .7       9.4
        .1      14.0        .7       6.0
       -.2      11.3        .8       5.1
 12207   .000000  -.619644  -.784883
  33910.6  18961.0       .1     43.3     41.3      7.2
       .1     30.6     41.4     35.6  17128.8  17895.0
      -4.7      56.8       1.2      42.2
       -.3      26.3        .5       9.7
       -.6      17.6        .6       6.0
       -.3      14.4        .7       4.9
 12208   .000000  -.677476  -.735545
  36423.5  17535.5       .1     43.3     41.4      6.9
       .1     21.0     41.3     35.4  18702.4  19488.2
      -8.6      60.6       1.3      48.0
      -1.0      27.6        .5       9.7
       -.5      18.2        .7       5.9
       -.3      15.0        .7       4.9
 12209   .000000  -.724999  -.688749
  38768.0  16490.6       .1     43.3     41.2      6.5
       .4     12.0     41.0     35.1  20160.7  20711.7
      -6.3      53.8       3.5      48.8
       -.1      25.1        .8       9.9
       -.4      17.0        .6       5.8
       -.3      14.3        .7       4.8
 12210   .000000  -.764030  -.645181
  41436.1  15731.8       .1     43.3     41.3      6.5
       .0      7.4     41.1     34.9  22003.1  22575.6
      -8.2      52.7       2.2      52.6
        .1      21.8        .8      10.4
       -.3      16.5        .6       5.7
       -.4      15.1        .7       4.7
 12211   .000000  -.796162  -.605083
  44141.1  15153.4       .1     43.3     41.1      6.2
       .1     86.6     41.2     34.8  23509.3  24288.2
      -9.0      52.9        .9      53.8
       -.4      22.7        .5      10.7
       -.1      17.4        .8       5.6
       -.1      16.2        .8       4.6
 12212   .000000  -.822730  -.568432
  46861.2  14717.6       .1     43.3     41.4      6.1
       .1     86.6     41.4     34.8  24994.5  25888.9
      -9.3      52.8       1.2      56.0
       -.7      21.8        .4      10.6
       -.1      16.7        .9       5.5
       -.1      14.8        .8       4.5
 12213   .000000  -.844819  -.535052
  49753.6  14403.6       .1     43.3     41.4      5.9
       .1     86.6     41.2     34.4  27091.8  27788.7
      -7.0      50.2       1.6      59.2
       -.7      20.6        .8      10.8
       -.2      15.3        .8       5.4
       -.4      13.3        .7       4.4
 12214   .000000  -.863297  -.504697
  52679.9  14136.3       .1     43.3     41.4      5.8
       .1     86.6     41.4     34.5  28490.8  29641.9
      -8.2      50.5       4.1      57.1
       -.4      21.7        .7      11.6
       -.3      17.2        .7       5.3
       -.5      15.6        .7       4.3
 12215   .000000  -.878853  -.477092
  55703.0  13986.2       .1     43.3     41.4      5.7
       .1     86.6     41.4     34.1  30805.1  31882.7
      -8.9      52.8       1.0      60.6
       -.5      23.0        .7      12.8
       -.1      18.2        .8       5.3
       -.2      16.9        .8       4.3
 12216   .000000  -.892036  -.451965
  58872.5  13783.2       .1     43.3     41.4      5.6
       .1     86.6     41.6     34.1  32508.8  33555.2
     -10.1      53.5       3.0      62.9
       -.3      22.4        .5      13.0
        .1      17.2        .7       5.1
       -.6      15.5        .7       4.1
 12217   .000000  -.903278  -.429057
  61967.3  13673.1       .1     43.3     41.4      5.4
       .1     86.6     41.4     34.0  35168.4  36299.5
     -10.5      52.2        .9      62.7
       -.3      21.3        .5      13.1
       -.6      15.9        .7       5.4
       -.5      14.0        .8       4.1
 12218   .000000  -.912924  -.408131
  64984.9  13561.1       .1     43.3     41.4      5.3
       .1     86.6     41.5     33.8  36773.5  38125.0
     -10.9      52.1       3.6      70.6
       -.6      21.9        .5      14.8
       -.3      17.5        .7       5.3
       -.5      16.3        .7       4.0
 12219   .000000  -.921250  -.388972
  68377.5  13423.9       .1     43.3     41.4      5.3
       .1     86.6     41.4     33.9  38662.8  40312.8
      -8.9      49.0       1.6      66.0
       -.5      23.4        .6      14.6
       -.2      18.8        .7       5.1
       -.3      17.5        .7       4.0
 12220   .000000  -.928477  -.371391
  71471.7  13370.7       .1     43.3     41.4      5.3
       .1     86.6     41.5     33.7  41385.3  42232.0
     -11.6      53.9       2.6      72.0
       -.5      22.7       1.0      14.7
       -.3      17.8        .6       5.1
       -.4      16.0        .8       3.9
 12221   .000000  -.934784  -.355218
  74790.5  13322.4       .1     43.3     41.5      5.1
       .1     86.6     41.4     33.5  43583.9  44602.8
     -10.7      47.9       1.5      67.7
       -.5      21.4        .5      15.3
       -.2      16.3        .7       5.0
       -.6      14.5        .8       3.9
 12222   .000000  -.940315  -.340305
  77915.8  13296.0       .1     43.3     41.6      5.1
       .1     86.6     41.5     33.6  45553.3  46659.3
     -11.6      54.3       1.5      76.0
       -.7      22.4        .9      17.0
       -.5      18.0        .6       5.2
       -.4      16.6        .7       3.9
 12223   .000000  -.945190  -.326520
  81346.3  13252.3       .1     43.3     41.5      4.9
       .1     86.6     41.7     33.6  47276.0  48825.4
     -11.7      54.0       1.4      77.7
       -.8      23.6        .8      17.3
       -.6      18.9        .7       5.3
       -.8      18.0        .7       3.8
 12224   .000000  -.949506  -.313750
  84431.6  13189.8       .1     43.3     41.6      4.9
       .1     86.6     41.6     33.5  49451.8  50804.6
     -10.6      51.7       3.8      77.3
       -.9      23.0        .5      19.2
       -.2      17.7        .8       5.2
       -.6      16.3        .7       3.8
 12225   .000000  -.953342  -.301892
  88066.3  13170.7       .1     43.3     41.7      4.8
       .1     86.6     41.7     33.4  51489.8  53461.1
     -10.5      48.8       3.4      80.5
       -.9      21.8        .9      21.0
       -.2      16.6        .8       5.6
       -.4      14.7        .7       3.9
 12226   .000000  -.956767  -.290857
  91208.0  13129.3       .1     43.3     41.6      4.8
       .1     86.6     41.8     33.3  54052.6  55878.9
     -11.7      51.2       2.1      80.9
       -.4      22.3        .4      22.0
       -.2      18.1        .9       5.2
       -.6      17.0        .8       3.8
 12227   .000000  -.959834  -.280567
  94524.8  13159.9       .1     43.3     41.8      4.7
       .1     86.6     41.7     33.3  56410.1  58277.2
     -10.5      49.3       3.5      83.8
       -.8      23.9        .8      20.0
       -.3      19.3        .7       5.0
       -.5      18.2        .7       3.8
 12228   .000000  -.962593  -.270952
  98168.1  13083.9       .1     43.3     41.8      4.7
       .1     86.6     41.6     33.4  58762.7  60329.4
     -11.6      52.5       5.1      83.0
       -.6      23.0        .5      22.9
       -.5      18.2        .8       5.6
       -.3      16.6        .8       4.0
 12229   .000000  -.965081  -.261951
 101398.7  13127.7       .1     43.3     41.7      4.6
       .1     86.6     41.7     33.2  60858.4  62539.8
     -11.8      54.0       5.8      88.4
      -1.0      21.8        .4      22.3
       -.6      16.6        .6       6.0
       -.2      15.1        .8       3.6
 12230   .000000  -.967333  -.253508
 104750.7  13143.7       .1     43.3     41.8      4.5
       .1     86.6     42.0     32.9  62674.9  64624.7
     -10.3      47.2       5.0      86.9
      -1.1      22.9        .9      25.1
       -.3      18.4        .7       6.5
       -.1      16.9        .8       3.7
 12231   .000000  -.969377  -.245576
 108239.0  13148.5       .1     43.3     41.8      4.5
       .1     86.6     41.8     33.2  64939.4  66455.0
      -9.5      50.6       6.4      92.0
       -.9      23.9        .8      25.6
       -.4      19.4        .7       6.3
       -.3      18.1        .7       3.8
 12232   .000000  -.971238  -.238110
 111257.4  13071.4       .1     43.3     41.8      4.5
       .1     86.6     42.0     33.1  66922.1  68715.7
     -12.1      50.1       2.9      87.8
      -1.2      23.4        .3      24.7
       -.6      18.2        .7       6.0
       -.2      16.6        .8       3.8
 12233   .000000  -.972937  -.231072
 114846.8  13127.0       .1     43.3     41.7      4.5
       .1     86.6     41.8     33.2  70059.0  72067.8
     -11.9      52.0       -.4      85.2
      -1.1      22.2        .7      26.8
       -.5      16.7        .8       6.6
       -.6      15.0        .8       4.0
 12234   .000000  -.974491  -.224428
 117946.5  13079.0       .1     43.3     41.9      4.4
       .1     86.6     41.8     32.9  72060.2  73927.3
     -13.7      52.9        .8      86.4
      -1.3      22.6        .9      27.4
       -.5      18.4        .6       6.5
       -.5      16.9        .8       4.5
 12235   .000000  -.975916  -.218146
 121739.5  13085.2       .1     43.3     41.9      4.4
       .1     86.6     42.1     32.8  75432.0  76970.3
      -8.5      51.8       1.6      93.8
       -.9      24.2        .6      26.4
       -.9      19.3        .8       6.6
       -.3      18.4        .8       3.7
 12236   .000000  -.977227  -.212198
 124739.1  13138.8       .1     43.3     42.0      4.4
       .1     86.6     42.0     32.9  76269.2  78379.7
     -13.9      54.0      -1.0      94.5
       -.8      23.6        .7      27.4
       -.3      18.5        .8       6.2
       -.2      17.0        .8       3.9
 12237   .000000  -.978434  -.206558
 128524.9  13130.3       .1     43.3     42.0      4.3
       .1     86.6     41.9     33.0  78478.3  80310.6
     -11.9      49.6       8.4      95.5
      -1.3      21.9        .7      29.2
       -.5      16.9        .8       6.7
       -.3      15.1        .8       3.7
 12238   .000000  -.979549  -.201205
 131837.5  13139.9       .1     43.3     41.9      4.3
       .1     86.6     42.1     32.7  81175.2  83582.5
     -15.1      57.9       4.7      96.0
       -.9      23.0        .8      30.8
       -.3      18.1        .9       7.0
       -.7      16.9        .7       3.8
 12239   .000000  -.980581  -.196116
 135013.6  13139.3       .1     43.3     42.0      4.3
       .1     86.6     42.1     32.8  82876.2  85958.2
     -13.5      53.7       2.1      98.3
      -1.0      23.6        .9      30.2
       -.5      19.2        .8       6.1
       -.6      18.4        .8       3.6
 12240   .000000  -.981537  -.191274
 138516.9  13059.4       .1     43.3     42.0      4.2
       .1     86.6     42.0     32.7  85469.7  88515.9
     -13.1      51.8       2.2     101.0
      -1.3      23.0       1.1      31.0
       -.3      18.3        .7       6.9
       -.2      17.3        .8       4.1
 12241   .000000  -.982424  -.186661
 142088.7  13095.7       .1     43.3     42.1      4.2
       .1     86.6     41.9     32.8  86677.1  89668.7
     -11.2      50.1        .3      99.5
      -1.3      22.5        .6      31.9
       -.3      16.7        .8       7.7
       -.2      15.5        .8       4.0
 12242   .000000  -.983250  -.182261
 145575.9  13120.8       .1     43.3     42.1      4.1
       .1     86.6     42.2     32.6  90237.9  92710.3
      -9.8      50.7       4.5      99.4
      -1.5      22.9        .7      32.7
       -.4      18.3        .6       8.5
       -.5      16.7        .7       3.5
 12243   .000000  -.984020  -.178061
 148933.2  13141.1       .1     43.3     42.2      4.2
       .1     86.6     42.0     32.7  92667.2  94994.3
     -12.1      52.7      12.5     105.6
      -1.2      24.2       1.4      34.6
       -.3      19.6        .7       8.4
       -.3      18.4        .8       4.8
 12244   .000000  -.984737  -.174047
 152287.0  13231.8       .1     43.3     42.1      4.1
       .1     86.6     42.1     32.7  95808.4  98027.3
     -11.1      49.1        .3     101.6
      -1.4      23.3       1.3      33.9
       -.5      18.3        .8       7.8
       -.4      17.4        .7       4.3
 12245   .000000  -.985408  -.170207
 155727.2  13159.3       .1     43.3     42.1      4.1
       .1     86.6     41.9     32.8  98488.4 100159.8
     -13.2      50.7       6.8     101.6
      -1.5      22.4        .8      34.6
       -.4      16.9        .8       8.4
       -.4      15.4        .8       4.8
 12246   .000000  -.986036  -.166531
 159154.2  13151.2       .1     43.3     42.2      4.1
       .1     86.6     42.1     32.6  99998.0 102472.5
      -9.9      50.3      -1.4     113.0
      -1.1      23.6        .6      35.4
       -.8      18.2        .7       8.9
       -.4      17.0        .8       5.5
 12247   .000000  -.986625  -.163008
 162868.3  13089.9       .1     43.3     42.1      4.1
       .1     86.6     42.1     32.5 101719.8 105401.4
     -12.0      52.9       1.0     107.5
      -1.4      24.1       1.0      35.4
       -.3      19.5        .9       9.7
       -.4      18.9        .8       4.5
 12248   .000000  -.987696  -.156385
 169818.6  13172.5       .1     43.3     42.2      4.0
       .1     86.6     42.2     32.6 107495.4 110296.7
     -10.9      48.9       5.3     107.1
      -1.1      23.1        .9      36.9
       -.6      16.9        .8       9.5
       -.6      15.5        .8       5.0
 12249   .000000  -.988644  -.150274
 176538.4  13197.0       .1     43.3     42.1      4.0
       .1     86.6     42.1     32.6 111665.6 114863.1
     -10.0      55.2       4.4     113.0
      -1.3      24.8       1.7      39.8
       -.1      19.6        .9       9.6
       -.7      18.7        .7       3.8
 12250   .000000  -.989488  -.144617
 183221.4  13153.1       .1     43.3     42.3      4.0
       .1     86.6     42.3     32.5 117227.8 120450.6
     -12.6      54.5       3.8     118.2
      -1.4      22.0        .8      38.8
       -.5      16.8        .9      10.3
       -.6      15.2       1.0       4.8
 12251   .000000  -.990241  -.139367
 190110.0  13176.5       .1     43.3     42.2      3.9
       .1     86.6     42.3     32.6 122471.2 125419.7
     -10.4      49.0      11.6     112.9
      -1.2      24.8       1.1      40.7
       -.4      19.5        .7      10.6
       -.3      18.8        .8       4.5
 12252   .000000  -.990916  -.134481
 197316.6  13246.3       .1     43.3     42.3      3.9
       .1     86.6     42.1     32.2 125159.6 128692.6
     -16.3      57.3      16.6     116.3
      -1.3      22.4        .3      42.4
       -.4      16.8        .8      11.0
       -.3      15.7        .9       4.5
 12253   .000000  -.991524  -.129924
 203998.8  13214.7       .1     43.3     42.4      3.9
       .1     86.6     42.3     32.5 130880.7 134264.5
     -11.6      50.1       5.5     117.8
      -1.2      24.9        .9      43.2
       -.7      19.6        .6      12.1
        .0      18.6        .7       5.5
 12254   .000000  -.992073  -.125663
 210716.2  13220.2       .1     43.3     42.4      3.9
       .1     86.6     42.4     32.3 134211.4 137746.9
      -7.3      47.4      -8.9     118.5
      -1.4      23.2       1.2      41.6
       -.4      17.0        .7      12.6
       -.2      15.5        .6       6.9
 12255   .000000  -.992571  -.121670
 217993.8  13190.7       .1     43.3     42.5      3.9
       .1     86.6     42.4     32.6 140128.1 144070.1
     -13.0      53.5       4.4     114.3
      -1.9      25.8       1.2      45.4
       -.2      19.4        .8      12.6
       -.5      18.8        .9       4.8
 12256   .000000  -.993023  -.117921
 224726.9  13265.6       .1     43.3     42.4      3.8
       .1     86.6     42.4     32.3 146692.6 149392.1
      -8.6      44.4       7.7     112.4
      -1.3      22.3       1.0      44.6
       -.7      16.9        .7      13.9
       -.7      15.5        .8       6.1
 12257   .000000  -.993435  -.114396
 231717.0  13245.5       .1     43.3     42.3      3.8
       .1     86.6     42.6     32.1 150183.2 154466.9
     -14.6      48.5      -1.0     110.8
      -1.5      24.7        .7      46.9
       -.4      19.7        .8      13.1
       -.5      18.5        .9       8.7
 12258   .000000  -.993812  -.111073
 238973.8  13321.8       .1     43.3     42.4      3.9
       .1     86.6     42.3     32.2 155772.2 159354.5
      -8.8      37.2      -2.1     112.3
      -1.5      22.4       1.6      46.0
       -.6      16.9       1.0      13.0
       -.2      15.3        .9       6.8
 12259   .000000  -.994158  -.107937
 245775.6  13274.1       .1     43.3     42.4      3.8
       .1     86.6     42.5     32.1 157803.2 162816.9
      -6.7      39.2       5.3     127.9
      -1.3      23.9       1.5      47.6
       -.5      19.7        .9      13.9
       -.4      18.9        .8       6.6
 12260   .000000  -.994475  -.104972
 252577.5  13269.5       .1     43.3     42.5      3.7
       .1     86.6     42.4     32.1 164995.5 169845.7
      -6.0      36.7      16.4     127.6
      -1.7      22.3       1.4      48.4
       -.3      16.7        .7      14.6
        .0      15.9        .7       7.3
 12261   .903278   .000000  -.429057
  61428.9  10678.8      -.1     40.5     41.2     28.9
      -.1     83.5     41.2     57.7  34239.4  35257.0
      -2.2      84.5       7.8      42.6
       -.4      28.8       1.2      21.1
       -.2       5.8        .5      15.2
        .1       5.0        .4      13.3
 12262   .887877   .000000  -.460082
  57594.2  11098.0      -.1     40.9     41.2     28.9
       .0     83.7     41.2     57.7  31844.6  32825.2
       1.2      79.8       9.7      42.4
        .4      29.5        .8      21.2
       -.4      10.7        .5      15.2
        .0       5.0        .5      12.6
 12263   .868777   .000000  -.495203
  53307.9  11527.5       .1     40.7     41.2     28.9
       .2     83.7     41.2     57.7  29594.9  30484.6
        .8      81.3       9.0      40.4
       -.5      24.9        .7      20.2
        .3       5.6        .4      14.5
       -.1       5.0        .7      12.3
 12264   .844819   .000000  -.535052
  49479.6  12060.7       .5     40.7     41.2     28.9
       .5     83.8     41.2     57.7  27318.5  28074.0
       -.1      79.1       6.5      43.6
       1.0      27.0       1.1      20.0
       -.3       5.0        .9      14.4
        .0       5.0        .7      12.0
 12265   .814421   .000000  -.580275
  45685.9  12861.1       .3     40.8     41.2     28.9
       .2     83.8     41.2     57.7  24375.7  25123.7
      -3.5      78.1       8.9      43.9
        .3      23.0       1.3      19.3
       -.2       5.0        .3      13.2
       -.1       5.0        .8      11.4
 12266   .775436   .000000  -.631426
  42183.4  13940.8      -.3     40.9     41.2     28.9
      -.4     84.0     41.2     57.7  22301.2  22994.5
       -.5      76.6       9.6      47.9
       -.5      19.8        .9      19.5
       -.1       5.0       1.0      13.2
        .0       5.0       1.0      10.8
 12267   .724999   .000000  -.688749
  38845.9  15790.6      -.1     41.2     41.2     28.9
      -.1     83.9     41.5      5.8  20337.1  20896.7
       2.7      71.4       8.3      46.7
        .4      16.7       1.1      16.6
       -.1       5.0       1.1      11.3
       -.1       5.0       1.0       9.6
 12268   .659438   .000000  -.751759
  35870.4  18727.7       .3     41.0     41.2     28.9
       .3     84.0     41.3     16.8  18482.1  18937.0
        .6      72.3       8.7      45.7
       -.9      17.4       1.5      17.0
        .1       5.0       1.2      11.3
        .1       5.0       1.2       9.2
 12269   .574426   .000000  -.818557
  33013.6  23931.9       .1     40.7     41.7      3.5
       .1     83.9     41.4     29.5  16713.2  17317.9
       3.6      72.0       8.5      43.8
        .0      13.5       1.2      12.5
        .1       5.0       1.2       8.1
       -.1       5.0       1.1       6.7
 12270   .465746   .000000  -.884918
  30566.2  25218.1      -.2     41.0     41.4     13.4
      -.3     84.1     41.4     42.1  15306.8  16109.3
      -1.3      70.4       8.8      48.1
      -1.0      13.3       1.1       7.9
       -.1       5.0       1.1       4.9
       -.2       5.0       1.1       4.1
 12271   .331088   .000000  -.943600
  28890.8  23626.3      -.3     40.9     41.3     25.0
      -.3     84.0     41.3     53.7  14534.8  14904.5
       -.5      66.3       7.4      61.4
        .4      14.2       1.2       8.6
        .0       5.0       1.3       3.0
        .0       5.0       1.4       3.0
 12272   .254493   .000000  -.967075
  28170.9  23120.5       .0     40.9     42.5     24.7
      -.1     84.0     42.5     53.5  13800.6  14438.6
        .3      73.0       6.5      60.4
       -.8      14.0        .5       8.6
       -.1       5.0       1.1       3.0
       -.1       5.0        .8       3.0
 12273   .172799   .000000  -.984957
  27576.6  22701.6      -.1     40.9     41.7     19.2
      -.1     84.0     41.7     48.0  13583.8  14044.0
       2.1      69.8       4.6      51.2
        .4      12.9        .5       6.4
       -.3       5.0        .6       3.1
       -.1       5.0        .8       3.0
 12274   .087384   .000000  -.996175
  27274.8  22215.4      -.1     41.1     41.2     13.5
      -.2     84.2     41.3     42.2  13374.1  13779.8
      -5.1      71.4       1.7      46.9
        .2       8.8        .6       7.4
       -.1       5.0        .8       4.6
        .0       5.0        .8       4.1
 12275   .000000   .000000 -1.000000
  26990.3  21734.2       .0     41.0     41.2      7.8
       .0     84.1     41.2     36.1  13142.9  13594.3
      -2.4      71.4       1.1      40.8
        .1       9.4        .7       9.4
        .0       5.0        .7       6.4
       -.1       5.0        .9       5.5
 12276  -.087384   .000000  -.996175
  26977.0  19317.0      -.1     41.1     41.2      3.6
      -.1     84.2     41.3     30.4  12898.9  13548.1
       -.1      70.4       1.1      37.7
        .1       9.8        .5      11.9
       -.1       5.0        .8       8.3
       -.1       5.0        .8       6.9
 12277  -.172799   .000000  -.984957
  27049.0  16243.8       .1     41.2     41.2     28.9
       .1     84.3     41.2     24.4  13105.4  13579.7
      -2.8      65.8       -.9      39.1
       -.4      11.8        .8      14.9
        .0       5.0       1.0      10.1
       -.2       5.0        .9       8.3
 12278  -.254493   .000000  -.967075
  27460.9  14204.9      -.1     41.2     41.2     28.9
      -.1     84.3     41.3     18.5  13356.8  13838.1
       -.1      73.6      -1.2      40.8
      -1.4      12.9        .2      17.0
       -.2       5.0        .8      11.5
       -.1       5.0        .8       9.6
 12279  -.331088   .000000  -.943600
  28142.8  12585.0       .1     41.2     41.2     28.9
       .1     84.3     41.0     12.8  14045.0  14424.1
        .7      67.9      -1.5      40.3
       -.2      12.0        .8      18.0
       -.1       5.0        .7      12.2
       -.1       5.0        .8      10.7
 12280  -.465746   .000000  -.884918
  29689.2  10892.3       .5     41.3     41.2     28.9
       .5     84.4     41.3      6.2  14866.5  15351.2
      -2.7      71.4      -2.1      37.7
       1.3      11.9        .4      18.1
       -.1       5.0        .6      12.4
       -.1       5.0        .6      11.3
 12281  -.574426   .000000  -.818557
  32015.7   9707.4      -.2     41.4     41.2     28.9
      -.2     84.4     41.2     57.7  16274.7  16899.1
        .4      74.4      -2.6      40.8
       -.4      12.7        .3      20.8
       -.1       5.0        .3      14.8
        .0       5.0        .3      12.8
 12282  -.659438   .000000  -.751759
  34838.6   9047.1       .1     41.2     41.2     28.9
       .1     84.3     41.2     57.7  17702.9  18556.0
        .2      73.8      -2.8      37.7
        .3      15.4        .2      20.2
        .0       5.0        .2      15.0
       -.1       5.0        .3      13.2
 12283  -.724999   .000000  -.688749
  38148.5   8669.8      -.1     41.2     41.2     28.9
      -.1     84.3     41.2     57.7  20068.6  20821.7
       2.4      75.8      -4.4      41.1
      -1.9      18.6        .3      21.9
        .1       5.0        .1      16.1
        .0       5.0        .2      14.1
 12284  -.775436   .000000  -.631426
  41544.4   8394.4       .1     41.2     41.2     28.9
       .1     84.3     41.2     57.7  21944.6  22513.4
        .2      80.5      -4.1      39.3
       -.4      21.3       -.2      20.8
       -.1       5.5        .1      15.5
       -.3       5.0       -.2      14.1
 12285  -.814421   .000000  -.580275
  45383.6   8299.6      -.3     41.1     41.2     28.9
      -.3     84.1     41.2     57.7  24749.7  25511.5
      -3.6      77.8      -4.5      39.4
       -.4      20.3        .0      22.5
        .0       5.0        .0      16.5
        .0       5.0        .1      14.8
 12286  -.844819   .000000  -.535052
  49036.6   8221.4       .0     41.1     41.2     28.9
       .0     84.0     41.2     57.7  26764.6  27731.5
      -2.5      79.5      -5.2      38.9
        .2      24.0       -.4      21.3
       -.4       6.1        .0      16.4
       -.2       5.0        .1      14.7
 12287  -.868777   .000000  -.495203
  53035.7   8055.8      -.1     40.8     41.2     28.9
      -.1     83.9     41.2     57.7  29794.2  30716.1
        .7      76.7      -5.6      38.2
       1.3      27.0       -.2      22.6
       -.2       5.5       -.5      16.7
        .0       5.0       -.2      15.3
 12288  -.887877   .000000  -.460082
  57099.7   8072.8      -.4     41.0     41.2     28.9
      -.4     83.9     41.2     57.7  31857.7  33058.5
        .2      80.0      -6.9      36.7
       -.6      29.5       -.4      21.5
        .4       7.5        .0      16.9
       -.1       5.0       -.1      15.2
 12289  -.903278   .000000  -.429057
  60931.1   8008.4       .1     41.0     41.2     28.9
       .1     84.0     41.2     57.7  34672.3  36057.7
       2.2      80.5      -4.1      36.4
       -.4      28.6       -.2      22.0
       -.2       7.6        .0      17.4
        .2       5.0       -.2      15.6
 12290   .840060  -.367526  -.399028
  65842.1  11656.6       .1     43.3     41.2     28.9
      -.1     16.4     41.2     57.7  37298.4  38253.2
      -7.8      60.3       6.6      41.6
       -.4      24.2        .6      20.2
       -.4      15.7        .4      14.5
       -.3      13.1        .3      12.9
 12291   .817505  -.390173  -.423616
  62312.1  12090.3       .1     43.3     41.2     28.9
       .1     16.7     41.2     57.7  34454.2  35845.9
      -4.8      60.8       8.2      42.2
       -.7      24.6       1.0      20.5
       -.1      16.4        .3      14.8
       -.1      13.1        .4      12.5
 12292   .790440  -.414981  -.450551
  58518.7  12602.5       .1     43.3     41.2     28.9
       .1     17.1     41.2     57.7  32898.1  33791.8
      -7.7      61.6       9.5      43.9
       -.7      24.7        .8      19.3
       -.4      16.1        .6      13.5
       -.1      13.3        .3      11.9
 12293   .757796  -.442047  -.479937
  55171.3  13511.6       .1     43.3     41.2     28.9
       .0     17.4     41.2     57.7  30256.4  30939.9
      -7.9      59.6       9.2      45.0
       -.4      25.0        .5      20.0
       -.1      16.6        .8      13.7
       -.3      13.4        .7      11.5
 12294   .718269  -.471364  -.511767
  51865.2  14574.3       .1     43.3     41.2     28.9
      -.1     17.9     41.2     57.7  28726.6  29382.9
      -5.1      59.8       9.1      47.0
       -.6      25.3       1.0      17.9
       -.2      16.6        .8      12.4
       -.3      13.7        .6      10.7
 12295   .670317  -.502738  -.545830
  48555.1  16268.2       .1     43.3     41.2     28.9
       .0     18.3     41.2     57.7  26458.2  27169.1
      -6.5      59.0       8.8      47.4
       -.7      25.5       1.3      18.8
       -.3      16.7        .9      12.4
       -.2      14.0        .9      10.4
 12296   .612205  -.535679  -.581595
  45789.4  18333.2       .1     43.3     41.2     28.9
      -.1     19.0     41.3      5.1  24762.2  25485.3
      -7.6      56.2       6.6      46.0
       -.3      25.9       1.1      16.1
       -.4      17.1        .8      10.3
       -.4      14.0        .9       8.9
 12297   .542159  -.569267  -.618061
  43107.1  19595.8       .1     43.3     41.2     28.9
      -.3     19.3     41.2     15.9  22707.1  23612.5
      -8.6      59.2      10.0      53.0
       -.2      26.1       1.3      16.3
       -.3      17.4       1.3      10.4
       -.4      14.2       1.2       8.4
 12298   .458673  -.602008  -.653609
  40937.7  19829.0       .1     43.3     41.5      3.0
      -.2     19.5     41.1     28.7  21255.1  22045.8
      -4.7      58.5       7.7      47.2
       -.1      26.4       1.1      12.7
       -.3      17.5       1.0       7.8
       -.2      14.5       1.0       6.3
 12299   .361020  -.631785  -.685938
  39164.3  18958.4       .1     43.3     40.9     12.8
      -.1     20.1     41.0     41.5  20020.2  20687.6
      -8.4      58.3       8.1      54.7
      -1.3      27.0       1.3       9.3
       -.3      18.0       1.1       4.6
       -.4      14.6       1.1       3.9
 12300   .249898  -.655981  -.712208
  37577.5  18218.7       .1     43.3     40.8     24.9
      -.2     20.3     40.9     53.6  19476.9  20116.1
     -10.9      59.1      11.0      75.4
       -.6      26.6        .6      13.6
       -.6      18.2       1.4       3.0
       -.5      14.4       1.3       3.0
 12301   .190037  -.665130  -.722141
  37095.3  17987.4       .1     43.3     42.5     24.6
      -.1     20.3     42.4     53.3  19030.5  19677.6
      -6.8      57.5       6.0      74.9
       -.6      26.9        .0      15.9
       -.6      18.0       1.1       3.1
        .0      14.8       1.0       3.0
 12302   .127982  -.671905  -.729496
  36893.6  17868.3       .1     43.3     41.7     18.8
      -.2     20.5     41.7     47.5  19154.2  19852.4
      -7.8      59.2       5.3      65.2
       -.6      27.5        .3      10.4
       -.1      18.3        .7       3.0
       -.3      14.8        .8       3.0
 12303   .064388  -.676070  -.734019
  36518.1  17581.3       .1     43.3     41.3     12.9
       .0     20.6     41.4     41.6  18787.8  19475.9
      -8.0      59.5       3.2      53.8
      -1.2      27.6        .5       8.3
       -.1      18.2        .7       4.3
       -.3      14.9        .8       3.6
 12304   .000000  -.677476  -.735545
  36384.6  17576.1       .1     43.3     41.3      6.8
       .2     20.7     41.2     35.3  18608.7  19307.1
      -6.7      58.7       2.0      48.3
       -.5      27.3        .6       9.7
       -.4      18.0        .7       5.7
       -.3      14.9        .8       4.9
 12305  -.064388  -.676070  -.734019
  36264.4  17567.7       .1     43.3     41.4      3.2
      -.1     20.9     41.3     29.3  18313.4  19125.0
      -5.8      58.0        .8      41.9
       -.7      27.3        .6      11.8
       -.3      18.3        .8       7.4
       -.2      14.8        .8       6.2
 12306  -.127982  -.671905  -.729496
  36557.1  17237.7       .1     43.3     41.2     28.9
       .0     20.8     41.2     22.9  18483.8  19182.1
      -6.4      59.8       -.7      45.0
       -.3      27.4        .8      14.8
       -.5      18.1        .8       9.2
        .0      14.8        .9       7.6
 12307  -.190037  -.665130  -.722141
  36842.3  16439.1       .1     43.3     41.2     28.9
      -.1     20.9     41.1     16.8  18873.0  19619.7
      -8.3      59.2        .5      41.1
       -.8      27.6        .5      16.0
       -.5      18.3        .7      10.4
        .0      14.9        .8       8.6
 12308  -.249898  -.655981  -.712208
  37294.9  15625.5       .1     43.3     41.2     28.9
       .0     20.9     41.0     10.9  18884.5  19782.4
      -7.2      57.7      -1.1      44.5
       -.5      26.9        .4      16.2
       -.2      18.2        .6      11.1
       -.2      14.7        .7       9.3
 12309  -.361020  -.631785  -.685938
  38530.5  13808.4       .1     43.3     41.2     28.9
       .0     20.5     42.5      8.2  20007.0  20620.9
      -7.1      57.2       -.4      41.9
       -.9      26.9        .2      16.6
        .1      18.0        .6      11.5
        .0      14.8        .8       9.9
 12310  -.458673  -.602008  -.653609
  40238.4  12242.9       .1     43.3     41.2     28.9
       .0     20.0     41.2     57.7  21176.8  21996.3
      -4.6      57.5      -1.5      40.0
      -1.0      26.8        .1      19.4
       -.2      17.7        .5      13.5
       -.2      14.6        .4      11.8
 12311  -.542159  -.569267  -.618061
  42445.9  11197.0       .1     43.3     41.2     28.9
       .1     19.6     41.2     57.7  22665.0  23110.6
      -7.0      57.7      -3.7      39.1
      -1.0      26.3       -.3      18.2
       -.3      17.4        .3      13.5
        .0      14.6        .3      11.9
 12312  -.612205  -.535679  -.581595
  45155.6  10342.5       .1     43.3     41.2     28.9
      -.3     19.1     41.2     57.7  24442.6  25154.5
      -5.7      58.0      -3.8      43.6
      -1.2      26.5       -.1      21.0
        .0      17.2        .4      15.0
       -.2      14.1        .3      13.4
 12313  -.670317  -.502738  -.545830
  48056.1   9773.9       .1     43.3     41.2     28.9
       .1     18.7     41.2     57.7  26198.9  26932.0
      -8.5      59.3      -6.3      41.6
       -.1      26.1        .5      19.7
       -.5      16.7        .0      14.8
       -.4      14.1       -.1      13.2
 12314  -.718269  -.471364  -.511767
  51248.4   9364.0       .1     43.3     41.2     28.9
      -.3     18.1     41.2     57.7  28239.7  29038.1
      -7.5      60.2      -4.5      40.2
       -.3      25.7       -.2      21.7
       -.2      16.5        .1      16.3
       -.1      13.7        .2      14.1
 12315  -.757796  -.442047  -.479937
  54786.1   9119.2       .1     43.3     41.2     28.9
       .0     17.7     41.2     57.7  30507.9  31536.7
      -6.3      57.5      -5.8      37.6
       -.7      25.6       -.2      20.2
       -.1      16.3        .0      15.6
       -.4      13.7       -.2      14.4
 12316  -.790440  -.414981  -.450551
  58029.5   9035.0       .1     43.3     41.2     28.9
      -.1     17.1     41.2     57.7  32871.4  33829.4
      -5.0      61.1      -5.2      40.1
       -.1      25.0       -.4      21.9
        .0      15.9        .2      16.5
       -.2      13.4       -.1      15.0
 12317  -.817505  -.390173  -.423616
  61980.7   8774.2       .1     43.3     41.2     28.9
       .1     16.8     41.2     57.7  34703.8  36196.2
      -8.8      64.3      -8.1      38.9
       -.5      24.9       -.6      20.4
       -.3      15.7        .0      16.0
       -.3      13.1       -.2      14.6
 12318  -.840060  -.367526  -.399028
  65725.3   8614.2       .1     43.3     41.2     28.9
       .2     16.5     41.2     57.7  37725.5  38811.9
      -5.4      61.1      -4.8      37.3
       -.7      24.1       -.4      22.3
        .1      15.7        .2      17.1
       -.1      13.0        .0      15.5
 12319   .708659  -.620076  -.336613
  78486.4  13808.8       .1     43.3     41.2     28.9
       .1     86.6     41.2     57.7  45566.8  46987.2
      -8.3      57.4       9.2      45.6
       -.8      23.2        .9      19.0
       -.1      17.2        .0      13.6
       -.3      15.4        .3      11.6
 12320   .677337  -.646549  -.350984
  75435.2  14536.4       .1     43.3     41.2     28.9
       .1     86.6     41.2     57.7  44167.3  45297.8
      -7.7      56.3       9.8      46.1
       -.7      22.8        .7      20.1
       -.3      17.4        .3      13.8
       -.3      15.7        .3      11.3
 12321   .641844  -.673936  -.365851
  72373.1  15245.0       .1     43.3     41.2     28.9
       .1     86.6     41.2     57.7  41813.0  43044.0
      -6.9      54.5       7.4      44.5
       -.6      22.7        .8      18.3
       -.6      17.4        .6      12.3
       -.1      15.9        .2      10.8
 12322   .601687  -.701968  -.381068
  69549.0  15581.9       .1     43.3     41.2     28.9
       .1     86.6     41.2     57.7  39968.3  41133.6
      -9.5      56.0       9.8      47.6
       -.6      22.9        .8      19.1
       -.2      17.6        .7      12.6
       -.4      15.9        .4      10.6
 12323   .556388  -.730259  -.396426
  66870.3  16071.9       .1     43.3     41.2     28.9
       .1     86.6     41.2     57.7  38359.2  39520.7
      -9.9      56.1       8.8      51.0
       -.7      23.1       1.0      16.9
       -.3      17.6        .6      10.9
       -.1      15.9        .6       9.2
 12324   .505524  -.758286  -.411641
  64411.1  15796.0       .1     43.3     41.2     28.9
       .1     86.6     41.2     57.7  36820.7  37805.7
      -9.0      54.2       7.6      53.3
       -.4      22.8       1.1      18.0
       -.7      17.5        .8      11.2
       -.5      16.0        .7       9.0
 12325   .448787  -.785377  -.426348
  62138.8  15574.6       .1     43.3     41.2     28.9
       .1     86.6     41.3      3.9  35098.4  35838.2
     -10.0      52.5       9.2      53.6
       -.8      22.6       1.2      14.9
       -.3      17.9        .8       9.3
       -.2      16.4        .7       7.6
 12326   .386057  -.810720  -.440105
  60358.3  15098.2       .1     43.3     41.2     28.9
       .1     86.6     40.9     14.3  33725.8  34554.6
      -9.1      55.0       7.5      54.1
        .0      23.0       1.0      15.7
        .1      17.8        .7       9.1
       -.7      16.4       1.2       7.2
 12327   .317480  -.833386  -.452409
  58840.9  14691.6       .1     43.3     41.5      3.1
       .1     86.6     40.7     27.5  32660.1  33983.9
      -9.6      53.5       7.1      61.1
      -1.0      23.3       1.3      13.5
       -.4      18.0       1.1       7.2
       -.6      16.7       1.1       5.6
 12328   .243541  -.852392  -.462727
  57496.5  14421.0       .1     43.3     40.8     12.0
       .1     86.6     40.9     40.7  32299.0  33246.7
      -8.8      51.9       6.8      65.7
       -.3      23.1       1.1      13.5
       -.5      18.1       1.1       4.3
       -.5      16.6       1.1       3.5
 12329   .165103  -.866792  -.470544
  56787.1  14161.6       .1     43.3     40.2     24.5
       .1     86.6     40.3     53.0  31402.5  32264.0
      -7.6      54.4       3.8      82.4
       -.7      23.1       1.2      26.0
       -.4      18.1       1.0       4.6
       -.4      17.1       1.3       3.0
 12330   .124573  -.872008  -.473376
  56170.1  14037.8       .1     43.3     42.8     24.2
       .1     86.6     42.8     52.9  31477.9  32329.9
      -8.4      52.8       8.7      83.4
       -.3      23.0       1.8      28.2
       -.1      17.9       1.0       4.0
       -.3      16.8        .9       3.0
 12331   .083409  -.875791  -.475429
  56082.6  14050.1       .1     43.3     41.9     18.4
       .1     86.6     41.9     47.2  30721.7  31764.1
      -9.9      55.4       3.7      76.5
       -.4      23.5        .7      16.7
       -.2      18.1        .7       3.1
       -.5      17.0        .8       3.0
 12332   .041814  -.878085  -.476675
  55813.9  13961.3       .1     43.3     41.5     12.1
       .1     86.6     41.6     40.8  30389.8  31781.1
     -10.6      52.6       2.2      68.8
       -.6      23.2        .6      14.5
       -.2      18.2        .8       4.0
       -.3      17.1        .8       3.2
 12333   .000000  -.878853  -.477092
  55797.5  13991.6       .1     43.3     41.4      5.7
       .1     86.6     41.7     34.4  30514.2  31609.8
      -9.2      52.0       -.2      64.8
       -.9      23.2        .7      12.1
       -.4      18.2        .7       5.3
       -.2      17.1        .8       4.2
 12334  -.041814  -.878085  -.476675
  55580.5  13977.0       .1     43.3     41.5      2.7
       .1     86.6     41.2     27.8  30911.7  31750.3
      -9.1      52.7       1.1      54.4
       -.8      23.2        .6      12.9
       -.1      18.3        .7       6.5
       -.4      17.0        .8       5.3
 12335  -.083409  -.875791  -.475429
  55874.2  13985.0       .1     43.3     41.2     28.9
       .1     86.6     41.2     21.2  30787.8  31994.0
      -9.1      51.2       3.7      53.6
       -.4      23.3        .6      14.8
        .0      18.0       1.0       8.1
       -.3      17.2        .8       6.3
 12336  -.124573  -.872008  -.473376
  56013.3  14063.8       .1     43.3     41.2     28.9
       .1     86.6     41.2     14.7  31181.3  32077.8
     -10.8      51.8       -.8      52.6
       -.7      23.0        .5      15.3
       -.4      18.2        .7       8.9
       -.4      17.2        .8       7.1
 12337  -.165103  -.866792  -.470544
  56315.3  14108.7       .1     43.3     41.2     28.9
       .1     86.6     41.2      8.4  31341.8  32246.0
      -8.9      52.7      -3.4      49.2
       -.6      23.4        .3      15.5
       -.2      18.2        .6       9.1
       -.3      17.0        .7       7.6
 12338  -.243541  -.852392  -.462727
  57180.2  14221.5       .1     43.3     41.2     28.9
       .1     86.6     41.2     57.7  31889.0  32860.1
      -7.4      50.6      -2.2      50.8
       -.6      23.3        .6      15.9
       -.3      18.5        .5      10.3
        .1      17.1        .5       8.3
 12339  -.317480  -.833386  -.452409
  58388.5  14273.0       .1     43.3     41.2     28.9
       .1     86.6     41.2     57.7  32326.0  33795.7
      -8.6      50.3      -2.3      45.2
       -.6      22.9        .2      17.0
       -.1      17.9        .4      11.3
        .3      16.9        .6       9.6
 12340  -.386057  -.810720  -.440105
  59932.2  13776.3       .1     43.3     41.2     28.9
       .1     86.6     41.2     57.7  33270.2  34337.1
      -8.9      53.7      -2.7      45.6
       -.2      23.0       -.1      16.9
       -.1      18.2        .3      11.5
       -.2      16.8        .3       9.8
 12341  -.448787  -.785377  -.426348
  62030.8  13430.7       .1     43.3     41.2     28.9
       .1     86.6     41.2     57.7  34985.1  35728.5
      -8.4      54.9      -3.2      45.6
       -.3      23.1       -.1      19.0
       -.5      18.0        .1      13.0
        .0      16.8        .4      11.3
 12342  -.505524  -.758286  -.411641
  63871.6  12723.8       .1     43.3     41.2     28.9
       .1     86.6     41.2     57.7  36388.7  37240.2
      -9.3      51.0      -3.0      40.6
       -.8      23.4       -.1      17.2
       -.3      17.5        .2      12.4
        .0      16.3        .2      10.9
 12343  -.556388  -.730259  -.396426
  66504.9  12046.5       .1     43.3     41.2     28.9
       .1     86.6     41.2     57.7  37883.4  38872.3
      -9.6      57.5      -4.0      41.1
       -.6      22.9       -.2      19.7
        .0      18.1        .1      14.3
        .0      16.4        .2      12.5
 12344  -.601687  -.701968  -.381068
  69025.2  11554.8       .1     43.3     41.2     28.9
       .1     86.6     41.2     57.7  39591.9  40641.5
      -6.9      54.0      -4.3      37.4
       -.6      22.9       -.4      18.2
       -.2      17.5        .3      13.6
       -.1      16.4        .0      12.2
 12345  -.641844  -.673936  -.365851
  71717.5  11071.3       .1     43.3     41.2     28.9
       .1     86.6     41.2     57.7  41383.9  42505.1
     -10.5      55.4      -5.9      40.8
       -.7      23.2       -.3      21.1
       -.5      17.7       -.1      15.0
       -.2      16.1       -.2      13.3
 12346  -.677337  -.646549  -.350984
  74867.8  10681.9       .1     43.3     41.2     28.9
       .1     86.6     41.2     57.7  43764.1  44670.5
      -9.8      57.6      -5.5      38.6
       -.9      23.0       -.3      18.7
       -.3      17.4       -.2      14.5
        .0      16.0        .0      12.8
 12347  -.708659  -.620076  -.336613
  77873.1  10397.5       .1     43.3     41.2     28.9
       .1     86.6     41.2     57.7  44646.0  45865.8
      -7.6      57.9      -4.8      38.0
       -.3      22.9       -.2      20.6
       -.1      17.5        .1      15.7
       -.3      15.8        .0      14.2
 12348   .482910  -.845093  -.229382
 115460.0  14956.8       .1     43.3     41.2     28.9
       .1     86.6     41.2     57.7  69452.4  71862.3
     -13.9      53.2       9.8      50.2
      -1.3      21.4        .8      18.5
       -.4      16.0        .3      11.3
       -.4      14.2        .2       9.2
 12349   .451149  -.861285  -.233777
 113257.0  14609.3       .1     43.3     41.2     28.9
       .1     86.6     41.2     57.7  68514.4  70299.4
     -10.9      51.6       7.0      50.8
      -1.1      21.8       1.5      20.8
       -.5      15.7        .5      11.7
       -.4      14.5        .3       9.9
 12350   .417577  -.876913  -.238019
 111544.1  14556.4       .1     43.3     41.2     28.9
       .1     86.6     41.2     57.7  67886.9  69482.5
      -8.4      46.9       6.7      60.4
      -1.0      21.2        .8      17.9
       -.2      16.1        .3      10.1
       -.4      14.5        .3       8.4
 12351   .382204  -.891810  -.242063
 109748.5  14266.1       .1     43.3     41.2     28.9
       .1     86.6     41.2     57.7  67075.0  68417.2
     -10.4      53.1       8.1      61.3
       -.9      21.8       1.1      19.7
       -.2      16.4        .4      10.8
       -.4      14.7        .4       8.7
 12352   .345068  -.905804  -.245861
 107633.4  14023.3       .1     43.3     41.2     28.9
       .1     86.6     41.2     57.7  65321.1  66766.5
     -10.2      54.5       7.0      64.4
      -1.3      21.3       1.3      18.7
       -.5      16.5        .4       9.1
       -.4      14.8        .3       7.3
 12353   .306238  -.918714  -.249365
 106527.8  13844.0       .1     43.3     41.2     28.9
       .1     86.6     41.2     57.7  64830.4  65932.6
     -12.5      54.0      13.3      70.4
      -1.2      22.2       1.7      20.8
       -.4      16.7        .6       9.7
       -.3      14.7        .5       7.5
 12354   .265817  -.930361  -.252527
 104887.3  13591.3       .1     43.3     41.2     28.9
       .1     86.6     41.8      2.9  62507.6  64731.4
     -11.4      51.8       8.6      72.8
      -1.1      22.1       1.1      18.9
       -.4      16.5        .7       8.1
       -.5      15.1        .7       6.3
 12355   .223945  -.940570  -.255298
 103689.0  13470.7       .1     43.3     41.2     28.9
       .1     86.6     40.9     12.7  62215.0  64078.8
      -8.4      49.2       9.6      75.6
      -1.1      21.8       1.7      19.8
       -.1      16.3        .9       8.1
       -.3      14.8       1.0       5.8
 12356   .180796  -.949177  -.257634
 102975.0  13429.4       .1     43.3     41.2     28.9
       .1     86.6     40.6     26.2  61217.0  62621.2
     -11.8      47.7       9.8      79.6
      -1.0      21.4       1.6      21.0
       -.3      16.5       1.1       6.3
       -.4      14.8       1.0       4.7
 12357   .136577  -.956038  -.259496
 102151.2  13221.5       .1     43.3     40.5     11.0
       .1     86.6     40.6     39.6  61504.5  63157.7
     -12.5      53.0       1.3      90.1
       -.9      21.3       1.8      27.6
       -.3      16.6        .9       5.7
       -.2      15.0       1.0       3.1
 12358   .091527  -.961030  -.260851
 101812.6  13229.7       .1     43.3     40.1     23.9
       .1     86.6     40.2     52.3  61570.6  63308.0
     -11.8      50.3       8.8     103.4
      -1.1      21.9        .1      46.2
       -.2      17.0        .9      13.0
       -.3      14.9       1.0       4.7
 12359   .068771  -.962796  -.261330
 101529.7  13127.3       .1     43.3     42.9     24.3
       .1     86.6     42.9     52.4  60624.6  62163.2
     -11.8      49.7       2.7     107.0
       -.7      21.8       1.8      47.8
       -.6      16.5        .9      11.3
       -.7      15.0       1.3       4.3
 12360   .045908  -.964064  -.261674
 101482.2  13099.2       .1     43.3     42.4     17.8
       .1     86.6     42.4     46.2  61341.1  63080.2
     -12.5      54.0       7.1     100.1
      -1.0      21.9       -.2      37.3
       -.2      16.3        .7       7.2
       -.7      14.9        .9       3.0
 12361   .022972  -.964827  -.261882
 101225.5  13203.6       .1     43.3     42.1     11.4
       .1     86.6     41.9     40.0  60532.2  62428.3
     -12.2      54.4       3.5      93.0
      -1.3      22.1        .8      29.3
       -.4      16.5        .8       5.3
       -.2      15.0        .8       3.2
 12362   .000000  -.965081  -.261951
 101170.9  13090.5       .1     43.3     41.7      4.6
       .1     86.6     41.7     33.2  60456.3  62159.2
     -13.6      55.1       3.2      86.7
      -1.0      21.9        .3      23.3
       -.4      16.7        .8       6.2
       -.2      14.7        .8       3.6
 12363  -.022972  -.964827  -.261882
 101090.4  13067.4       .1     43.3     41.2     28.9
       .1     86.6     41.5     26.3  60337.7  62493.0
     -10.7      52.6       3.4      79.3
       -.8      21.6        .6      20.3
       -.4      16.5        .7       6.5
       -.5      15.0        .8       4.9
 12364  -.045908  -.964064  -.261674
 101191.0  13114.4       .1     43.3     41.2     28.9
       .1     86.6     41.5     19.7  61021.6  62700.3
     -11.2      50.4       3.9      74.2
       -.7      21.8        .5      21.2
       -.5      16.5        .8       7.1
       -.5      15.1        .8       5.1
 12365  -.068771  -.962796  -.261330
 101287.1  13084.4       .1     43.3     41.2     28.9
       .1     86.6     41.5     12.9  60836.3  62747.8
     -10.8      55.5        .6      73.8
      -1.2      21.9        .5      19.3
       -.4      16.5        .7       7.4
       -.6      15.2        .6       5.7
 12366  -.091527  -.961030  -.260851
 101433.1  13148.2       .1     43.3     41.2     28.9
       .1     86.6     41.4      6.3  60781.1  62181.2
     -10.4      48.3        .8      72.4
      -1.1      21.8        .2      19.7
       -.6      16.6        .4       7.7
       -.3      15.0        .5       5.7
 12367  -.136577  -.956038  -.259496
 102008.8  13273.6       .1     43.3     41.2     28.9
       .1     86.6     41.2     57.7  60458.4  62113.6
      -9.9      50.2       1.7      63.7
      -1.1      22.1        .3      18.8
        .0      16.8        .6       8.5
       -.2      15.0        .7       6.6
 12368  -.180796  -.949177  -.257634
 102516.1  13392.5       .1     43.3     41.2     28.9
       .1     86.6     41.2     57.7  62123.7  63719.7
     -11.4      50.4      -1.0      59.7
       -.9      21.8       -.2      17.8
       -.2      16.8        .1       9.1
       -.2      14.9        .5       7.2
 12369  -.223945  -.940570  -.255298
 103692.7  13453.0       .1     43.3     41.2     28.9
       .1     86.6     41.2     57.7  62596.2  64066.5
      -9.7      51.3      -3.1      55.6
       -.9      21.9        .1      17.6
        .0      16.8        .2       9.7
       -.3      15.0        .2       7.8
 12370  -.265817  -.930361  -.252527
 104612.4  13554.6       .1     43.3     41.2     28.9
       .1     86.6     41.2     57.7  63443.9  65253.2
     -12.0      52.3      -8.3      56.6
       -.6      21.7       -.3      17.6
       -.1      16.5        .3      10.3
       -.4      15.0        .2       8.5
 12371  -.306238  -.918714  -.249365
 106347.1  13768.5       .1     43.3     41.2     28.9
       .1     86.6     41.2     57.7  64246.6  65878.9
     -12.2      51.7      -6.9      51.9
      -1.3      22.0       -.3      17.8
       -.2      16.6        .1      10.7
       -.3      15.1        .1       8.8
 12372  -.345068  -.905804  -.245861
 107456.4  13977.7       .1     43.3     41.2     28.9
       .1     86.6     41.2     57.7  64077.3  66579.6
     -10.3      55.1      -5.2      51.0
      -1.1      22.1       -.5      17.6
       -.3      16.1        .1      11.2
        .0      14.7        .1       9.5
 12373  -.382204  -.891810  -.242063
 109179.9  13939.8       .1     43.3     41.2     28.9
       .1     86.6     41.2     57.7  66289.6  68190.8
      -9.9      50.5      -3.8      44.6
      -1.1      22.3       -.5      17.3
       -.1      16.3        .0      11.2
       -.4      14.8       -.1       9.7
 12374  -.417577  -.876913  -.238019
 110559.4  13917.8       .1     43.3     41.2     28.9
       .1     86.6     41.2     57.7  66855.2  68525.4
     -11.2      50.1      -4.5      45.1
       -.8      22.0       -.4      18.3
       -.2      15.9       -.2      12.2
       -.2      14.3        .0      10.4
 12375  -.451149  -.861285  -.233777
 113045.5  13861.1       .1     43.3     41.2     28.9
       .1     86.6     41.2     57.7  68137.0  69938.8
     -10.9      51.2      -4.6      39.3
       -.7      21.0       -.5      17.7
       -.4      16.3       -.1      12.2
        .0      14.7       -.1      10.2
 12376  -.482910  -.845093  -.229382
 115196.6  13845.0       .1     43.3     41.2     28.9
       .1     86.6     41.2     57.7  69313.6  71175.1
     -10.5      52.5      -5.0      40.8
       -.8      22.3       -.6      19.1
       -.4      16.2       -.1      13.2
       -.3      14.7       -.2      11.7
 12377   .337328  -.927651  -.160231
 165031.9  13951.3       .1     43.3     41.2     28.9
       .1     86.6     41.2     57.7 103369.9 105751.8
      -9.9      44.5       5.5      57.7
      -1.0      22.6       1.1      21.2
       -.4      16.4        .4       9.6
       -.4      15.3        .2       8.1
 12378   .312066  -.936198  -.161707
 163929.2  13868.8       .1     43.3     41.2     28.9
       .1     86.6     41.2     57.7 104258.0 106332.7
      -9.6      49.3       7.6      63.1
      -1.3      22.5       1.2      22.5
       -.5      16.5        .3      10.4
       -.6      15.4        .4       8.6
 12379   .286124  -.944211  -.163091
 162535.9  13670.5       .1     43.3     41.2     28.9
       .1     86.6     41.2     57.7 101942.6 104442.5
     -13.5      54.3       4.8      71.4
      -1.0      22.3       1.1      24.0
       -.5      16.7        .4       9.3
       -.5      15.5        .3       7.3
 12380   .259539  -.951641  -.164374
 161078.8  13647.0       .1     43.3     41.2     28.9
       .1     86.6     41.2     57.7 100801.3 103589.9
     -13.2      55.7      10.6      70.1
      -1.1      22.4       1.0      23.2
       -.3      16.5        .5       9.9
       -.6      15.1        .6       7.5
 12381   .232349  -.958440  -.165549
 160005.9  13518.3       .1     43.3     41.2     28.9
       .1     86.6     41.2     57.7  99909.0 103579.4
      -6.7      49.2       9.1      73.7
      -1.1      22.2       1.5      24.8
       -.2      16.8        .3       8.4
       -.9      15.3        .7       6.5
 12382   .204604  -.964562  -.166606
 159006.5  13381.0       .1     43.3     41.2     28.9
       .1     86.6     41.2     57.7  99609.9 102317.9
     -12.6      54.8      16.3      82.2
      -1.0      22.5       1.3      24.9
       -.4      16.8        .6       9.6
       -.2      15.4        .6       6.6
 12383   .176357  -.969963  -.167539
 158346.3  13374.9       .1     43.3     41.2     28.9
       .1     86.6     41.2     57.7  98694.2 101699.1
     -10.8      49.5      13.7      89.4
      -1.2      22.1       1.6      27.8
       -.4      16.8        .8       8.5
       -.5      15.4        .8       5.6
 12384   .147667  -.974605  -.168341
 157739.7  13258.1       .1     43.3     41.2     28.9
       .1     86.6     40.8     11.7  98843.7 101477.7
     -14.5      56.3       8.8      92.0
      -1.3      22.6       1.9      29.6
       -.2      16.7       1.1       8.4
       -.3      15.4       1.0       5.2
 12385   .118600  -.978453  -.169006
 156823.6  13181.2       .1     43.3     41.2     28.9
       .1     86.6     40.8     25.5  98911.2 101473.0
      -7.9      49.0       4.8     100.3
      -1.0      23.1       1.7      30.6
       -.4      16.9       1.1       9.2
       -.5      15.3       1.0       4.5
 12386   .089225  -.981478  -.169528
 156534.0  13200.7       .1     43.3     40.4     10.5
       .1     86.6     40.4     39.1  98958.1 100379.2
     -13.4      52.1      11.1     115.3
      -1.3      22.5       1.7      38.0
       -.6      17.0        .7       8.9
       -.3      15.1        .9       4.4
 12387   .059616  -.983656  -.169904
 156412.3  13175.7       .1     43.3     40.2     23.4
       .1     86.6     40.4     51.7  97731.8 100034.4
     -12.2      54.5      -5.7     124.6
      -1.2      21.8       2.3      62.4
       -.6      16.7        .5      21.0
       -.6      15.1       1.0       4.7
 12388   .044746  -.984421  -.170036
 155782.8  13162.6       .1     43.3     42.8     23.6
       .1     86.6     42.8     51.8  98267.1 100851.8
     -11.4      47.4       7.3     119.1
      -1.2      22.4       1.7      62.4
       -.4      16.9       1.3      20.7
       -.2      15.2        .7       9.8
 12389   .029848  -.984969  -.170131
 155817.3  13161.9       .1     43.3     42.5     17.5
       .1     86.6     42.6     45.9  96763.5 100297.1
      -9.4      53.2       4.8     115.7
      -1.6      22.2        .1      51.1
       -.6      16.7        .9      15.4
       -.5      15.7       1.0       6.0
 12390   .014929  -.985299  -.170188
 155814.8  13159.8       .1     43.3     42.4     10.9
       .1     86.6     42.4     39.4  97858.6  99679.8
     -10.0      43.4      -1.5     115.0
      -1.0      22.4       1.2      41.1
       -.5      17.1        .9      10.5
       -.2      15.3        .8       4.4
 12391   .000000  -.985408  -.170207
 155570.6  13196.7       .1     43.3     42.1      4.1
       .1     86.6     42.0     32.7  97634.8 100205.6
     -11.4      51.4      10.3     108.2
      -1.1      22.9        .5      35.0
       -.5      16.9        .8       8.6
       -.4      15.4        .7       4.8
 12392  -.014929  -.985299  -.170188
 155856.2  13165.5       .1     43.3     41.2     28.9
       .1     86.6     41.9     25.9  97274.9 100463.8
     -14.3      52.2      -5.3     103.2
      -1.3      22.2       1.0      31.1
       -.1      16.7        .8       8.4
       -.2      15.4        .8       4.4
 12393  -.029848  -.984969  -.170131
 156238.0  13131.6       .1     43.3     41.2     28.9
       .1     86.6     41.9     19.1  97351.9 100178.5
     -12.8      50.1      -7.6      97.9
      -1.0      22.8       1.1      30.5
       -.2      16.7       1.0       8.8
       -.3      15.4        .8       4.7
 12394  -.044746  -.984421  -.170036
 155739.8  13173.8       .1     43.3     41.2     28.9
       .1     86.6     41.7     12.2  97517.6 100002.5
      -8.7      53.9       -.1      96.1
      -1.4      22.4        .5      27.3
       -.9      16.8        .6       8.4
       -.4      15.3        .8       5.1
 12395  -.059616  -.983656  -.169904
 155916.5  13128.4       .1     43.3     41.2     28.9
       .1     86.6     41.4      5.2  97091.8  99218.6
      -9.8      45.3       -.4      85.9
      -1.1      22.2        .4      27.8
       -.7      17.0        .5       7.8
       -.8      15.6        .5       5.8
 12396  -.089225  -.981478  -.169528
 156029.9  13194.2       .1     43.3     41.2     28.9
       .1     86.6     41.2     57.7  99095.9 100706.9
     -11.4      48.9        .4      81.2
      -1.2      22.1        .6      25.5
       -.2      16.8        .5       8.5
       -.5      15.4        .6       6.0
 12397  -.118600  -.978453  -.169006
 156801.4  13172.8       .1     43.3     41.2     28.9
       .1     86.6     41.2     57.7  98574.9 101305.1
     -14.0      55.6      -3.7      77.7
      -1.2      23.0       -.1      24.8
       -.5      16.7        .3       8.3
       -.6      15.5        .2       6.2
 12398  -.147667  -.974605  -.168341
 157289.3  13238.4       .1     43.3     41.2     28.9
       .1     86.6     41.2     57.7  98639.9 101633.8
     -12.4      50.4      -8.7      77.3
      -1.3      23.1       -.1      22.0
       -.5      17.0        .1       9.3
       -.4      15.2        .2       6.8
 12399  -.176357  -.969963  -.167539
 157600.6  13321.7       .1     43.3     41.2     28.9
       .1     86.6     41.2     57.7  97623.0 100398.9
      -6.8      46.0        .1      68.5
      -1.2      21.3       -.2      20.4
       -.4      16.9        .1       9.2
       -.4      15.4        .2       7.0
 12400  -.204604  -.964562  -.166606
 158908.3  13384.6       .1     43.3     41.2     28.9
       .1     86.6     41.2     57.7 100456.1 102598.9
     -12.8      52.8      -6.8      67.0
      -1.2      22.2       -.1      20.7
       -.6      17.1        .0       9.8
       -.4      15.3        .3       7.6
 12401  -.232349  -.958440  -.165549
 160024.5  13474.2       .1     43.3     41.2     28.9
       .1     86.6     41.2     57.7 101242.0 104174.5
     -13.7      53.1      -5.6      61.4
       -.8      23.0       -.4      20.8
       -.5      16.8       -.1       9.6
       -.2      15.4        .0       8.1
 12402  -.259539  -.951641  -.164374
 160893.5  13594.3       .1     43.3     41.2     28.9
       .1     86.6     41.2     57.7 100429.4 102675.2
     -10.7      50.8      -3.8      53.6
      -1.2      22.9       -.6      19.7
       -.5      16.8       -.1      10.2
       -.5      15.4        .1       8.3
 12403  -.286124  -.944211  -.163091
 162280.4  13617.4       .1     43.3     41.2     28.9
       .1     86.6     41.2     57.7 100523.5 103750.5
     -11.4      52.2      -5.1      54.5
      -1.4      23.5       -.5      19.5
       -.3      16.8       -.1      10.4
       -.2      15.2       -.1       8.7
 12404  -.312066  -.936198  -.161707
 163308.4  13757.1       .1     43.3     41.2     28.9
       .1     86.6     41.2     57.7 103066.7 105457.8
      -9.6      48.1      -5.5      45.6
      -1.4      22.5       -.8      19.4
        .0      16.4        .0      10.3
       -.3      15.5        .0       9.0
 12405  -.337328  -.927651  -.160231
 165074.3  13917.3       .1     43.3     41.2     28.9
       .1     86.6     41.2     57.7 104792.5 107508.3
     -13.8      51.8      -7.8      45.6
      -1.3      22.3       -.8      18.4
       -.3      16.7       -.1      11.3
       -.4      15.4       -.1       9.4
