Dot1_150x100_prd2017lk:dj0047a@-275V,3.8T@90d,263K,rhe=1.10,rhh=0.7,0.4/0.4     
  1014   1  3.80  60   5  29   0  275.00  263.00     .40 1.00000   800.0    -.72   86.04  150.000  100.000  285.000   800.0    -.36   43.02    1.50    1.00     .85
 85601   .000000   .000000 -1.000000
  25904.2  20465.9      -.2     41.3     42.9      7.0
      -.2     84.4     43.0     35.2  12467.0  12869.3
       -.8      69.5      -1.1      41.2
        .2      10.9      -1.7      10.1
        .5       5.0      -1.5       6.9
        .5       5.0      -1.7       5.9
 85602   .000000  -.130455  -.991454
  26032.8  20523.8       .2     34.0     43.0      7.1
       .1     77.1     43.1     35.2  12364.7  12897.0
      -5.0      58.3       -.7      39.1
       -.1       5.0      -1.7      10.0
        .0       5.0      -1.5       6.7
       -.1       5.0      -1.6       5.9
 85603   .000000  -.254493  -.967075
  26574.1  21131.7       .3     25.0     43.0      6.9
       .1     68.4     42.9     35.1  12914.2  13375.8
      -5.9      47.0      -2.8      37.0
       -.4       8.4      -1.4       9.9
       -.1       5.3      -1.6       6.7
       -.4       5.0      -1.7       5.8
 85604   .000000  -.367167  -.930155
  27623.6  21159.5       .0     16.3     43.1      6.8
      -.2     59.2     43.2     35.0  13430.1  13912.1
      -5.7      47.7       -.2      41.0
       -.3      12.5      -1.5      10.2
       -.4       8.5      -1.5       6.9
       -.5       6.8      -1.7       5.8
 85605   .000000  -.465746  -.884918
  28986.5  21011.7      -.1      8.1     43.1      6.6
      -.1     50.0     43.0     35.0  14374.0  15032.2
      -6.5      50.0       -.1      38.5
       -.8      16.0      -1.6       9.8
       -.7      10.6      -1.5       6.7
       -.6       8.9      -1.6       5.7
 85606   .000000  -.549617  -.835417
  30702.4  20095.5      -.6      6.7     43.3      6.4
      -.4     40.7     43.3     34.7  15486.2  15842.1
      -7.0      52.9        .8      44.1
       -.7      21.9      -1.6      10.2
      -1.2      14.1      -1.6       6.5
       -.8      11.3      -1.5       5.6
 85607   .000000  -.619644  -.784883
  32500.8  18561.8      -.4     43.3     43.2      6.1
       .0     31.1     43.4     34.5  16783.7  17284.3
      -7.5      56.4       -.8      45.4
      -1.7      26.3      -1.5       9.9
      -1.6      17.3      -1.4       6.4
       -.9      14.2      -1.4       5.4
 85608   .000000  -.677476  -.735545
  34663.8  16870.0      -.4     43.3     43.4      5.9
       .2     21.5     43.7     34.2  17751.9  18362.7
      -7.1      59.0       1.2      47.4
      -2.0      27.5      -1.5      10.3
      -1.4      18.2      -1.3       6.4
      -1.3      14.9      -1.4       5.4
 85609   .000000  -.724999  -.688749
  37173.7  16125.6      -.4     43.3     43.5      5.6
      -.1     12.4     43.5     34.0  19295.8  20095.0
     -10.3      55.9        .9      50.7
      -1.2      25.6      -1.3      10.6
      -1.4      17.3      -1.4       6.2
      -1.1      14.4      -1.4       5.2
 85610   .000000  -.764030  -.645181
  39472.9  15324.7      -.4     43.3     43.6      9.2
       .3      8.0     43.6     34.1  20689.5  21542.7
      -9.1      51.3       -.8      50.3
      -1.0      22.4      -1.5      10.2
       -.8      16.5      -1.2       6.2
      -1.0      15.2      -1.3       5.0
 85611   .000000  -.796162  -.605083
  42253.4  14824.5      -.4     43.3     43.7      5.3
      -.4     86.6     43.5     33.5  21915.9  22988.6
      -9.3      54.5       1.0      52.1
      -1.2      22.9      -1.6      11.1
       -.8      17.6      -1.2       6.2
      -1.0      16.4      -1.3       5.0
 85612   .000000  -.822730  -.568432
  44856.5  14296.4      -.4     43.3     43.7      5.0
      -.4     86.6     43.9     33.4  24120.9  24855.5
     -10.8      55.2       -.1      53.1
      -1.2      22.3      -1.2      11.5
       -.7      16.6      -1.2       5.8
       -.8      15.3      -1.3       5.0
 85613   .000000  -.844819  -.535052
  47504.5  14113.6      -.4     43.3     43.8      4.9
      -.4     86.6     43.9     33.2  25854.8  26639.2
     -10.0      49.1       -.4      56.0
      -1.0      21.1      -1.1      12.0
      -1.0      15.4      -1.2       5.7
       -.7      13.5      -1.3       4.8
 85614   .000000  -.863297  -.504697
  50321.3  13674.2      -.4     43.3     43.8      4.6
      -.4     86.6     43.8     33.2  27358.2  28205.0
      -9.5      52.0      -1.1      55.2
       -.8      21.7      -1.2      12.6
       -.8      17.3      -1.3       5.8
       -.9      15.8      -1.3       4.7
 85615   .000000  -.878853  -.477092
  53246.7  13574.3      -.4     43.3     44.0      4.6
      -.4     86.6     44.3     33.0  29087.6  29933.0
     -10.4      52.2       1.6      56.2
       -.6      23.1      -1.2      12.3
      -1.0      18.3      -1.2       5.8
      -1.0      17.3      -1.2       4.6
 85616   .000000  -.892036  -.451965
  56264.0  13326.0      -.4     43.3     43.9      4.5
      -.4     86.6     44.2     32.9  31443.2  32509.0
     -12.5      55.4       -.9      61.7
      -1.1      22.7      -1.2      13.4
      -1.4      17.5      -1.2       5.6
      -1.0      16.1      -1.2       4.6
 85617   .000000  -.903278  -.429057
  59276.2  13277.7      -.4     43.3     43.9      4.3
      -.4     86.6     44.0     32.8  33390.6  34351.4
      -9.2      50.1       2.0      65.7
      -1.4      21.2      -1.3      12.1
      -1.0      16.0      -1.2       5.5
       -.7      14.4      -1.1       4.5
 85618   .000000  -.912924  -.408131
  62285.9  13100.7      -.4     43.3     44.0      4.1
      -.4     86.6     44.2     32.7  34970.3  36258.2
      -9.8      49.4       3.2      63.4
      -1.3      22.4       -.9      13.8
       -.6      17.9      -1.0       5.8
       -.9      16.4      -1.2       4.4
 85619   .000000  -.921250  -.388972
  65407.5  13125.1      -.4     43.3     43.7     11.2
      -.4     86.6     44.1     32.6  36723.5  38262.2
      -9.8      51.6       3.0      65.8
       -.7      23.6      -1.3      14.5
       -.9      19.0      -1.1       5.5
      -1.2      17.9      -1.2       4.4
 85620   .000000  -.928477  -.371391
  68379.6  13034.5      -.4     43.3     44.1      4.0
      -.4     86.6     44.1     32.6  38972.5  40167.3
      -9.6      51.9       1.4      68.3
      -1.0      22.4      -1.4      16.5
      -1.0      17.7      -1.2       5.8
       -.8      16.8      -1.2       4.4
 85621   .000000  -.934784  -.355218
  71504.2  12873.3      -.4     43.3     44.0      4.0
      -.4     86.6     44.1     32.3  40974.3  42677.5
     -10.2      53.4        .9      69.0
      -1.1      21.8      -1.1      16.7
       -.5      16.5      -1.2       5.8
       -.8      15.0      -1.1       4.4
 85622   .000000  -.940315  -.340305
  74807.7  12924.1      -.4     43.3     44.2      3.8
      -.4     86.6     44.3     32.1  43517.1  44493.3
     -11.1      50.0       2.0      72.2
      -1.1      22.4       -.8      15.1
       -.7      18.2      -1.1       5.6
       -.5      16.8      -1.1       4.3
 85623   .000000  -.945190  -.326520
  77808.9  12855.1      -.4     43.3     44.2      3.7
      -.4     86.6     44.0     32.3  45874.0  47013.3
     -12.8      54.3       1.1      76.6
       -.9      23.1      -1.2      18.2
      -1.0      19.5      -1.2       5.8
      -1.1      18.2      -1.1       4.3
 85624   .000000  -.949506  -.313750
  80928.3  12820.1      -.4     43.3     44.3      3.6
      -.4     86.6     44.1     32.2  47410.2  49006.7
     -12.6      50.8       -.7      72.6
      -1.4      23.3       -.7      18.2
       -.6      18.0      -1.1       6.0
      -1.0      16.7      -1.1       4.2
 85625   .000000  -.953342  -.301892
  84052.1  12776.4      -.4     43.3     44.5     10.2
      -.4     86.6     44.3     32.1  49200.8  50875.2
      -7.9      46.4       1.0      75.1
      -1.0      21.7       -.9      20.5
       -.7      16.8      -1.0       5.7
       -.8      15.1      -1.2       4.1
 85626   .000000  -.956767  -.290857
  87327.8  12747.1      -.4     43.3     44.5     11.0
      -.4     86.6     44.5     32.0  51643.6  53399.0
     -11.8      53.0      -1.2      74.6
       -.9      22.7      -1.0      18.0
       -.8      18.4      -1.1       5.8
       -.9      16.9      -1.1       4.1
 85627   .000000  -.959834  -.280567
  90446.1  12733.1      -.4     43.3     44.4      3.4
      -.4     86.6     44.4     32.0  54130.3  55546.8
     -11.1      51.7       4.7      81.8
      -1.2      23.9      -1.3      20.3
       -.3      19.4      -1.0       6.1
       -.8      18.4      -1.0       4.1
 85628   .000000  -.962593  -.270952
  93676.1  12701.4      -.4     43.3     44.4      3.4
      -.4     86.6     44.6     31.7  55058.2  57439.6
     -11.5      54.1        .0      79.5
      -1.6      24.2      -1.2      22.9
      -1.1      18.2      -1.0       5.7
       -.7      16.8       -.9       4.0
 85629   .000000  -.965081  -.261951
  97230.5  12942.1      -.4     43.3     44.5      3.4
      -.4     86.6     44.2     31.9  57006.1  59005.7
      -9.9      48.9       5.4      81.1
      -1.7      22.0       -.7      24.4
       -.7      17.1      -1.1       6.5
       -.8      15.6      -1.0       4.0
 85630   .000000  -.967333  -.253508
 100141.3  12652.1      -.4     43.3     44.4      3.3
      -.4     86.6     44.6     31.5  59870.2  61183.2
     -10.7      50.8       1.6      84.1
      -1.6      23.0       -.8      24.7
       -.9      18.4      -1.0       6.1
       -.9      17.0      -1.0       4.2
 85631   .000000  -.969377  -.245576
 103254.1  12647.4      -.4     43.3     44.4      3.3
      -.4     86.6     44.5     31.8  62338.5  64315.4
     -10.6      52.2       1.9      84.3
      -1.4      24.4      -1.1      23.9
       -.7      19.6      -1.1       5.9
       -.7      18.9       -.9       4.2
 85632   .000000  -.971238  -.238110
 106548.8  12657.7      -.4     43.3     44.6      3.1
      -.4     86.6     44.8     31.8  63951.9  66229.3
     -10.1      51.6       -.1      89.4
      -1.7      23.8       -.8      25.0
       -.6      18.6       -.9       6.2
       -.7      17.2       -.9       4.1
 85633   .000000  -.972937  -.231072
 110074.5  12754.8      -.4     43.3     44.6      3.1
      -.4     86.6     44.6     31.7  65424.0  67591.9
     -10.9      52.0      -1.8      86.1
      -1.8      22.3       -.4      25.9
       -.6      17.0       -.9       7.0
       -.8      15.3      -1.0       4.5
 85634   .000000  -.974491  -.224428
 112929.8  12602.9      -.4     43.3     44.6      3.1
      -.4     86.6     44.8     31.5  68226.7  70113.6
     -13.9      52.0       2.9      91.3
      -1.1      22.7       -.9      25.6
       -.7      18.2      -1.0       6.0
       -.8      17.1       -.9       4.0
 85635   .000000  -.975916  -.218146
 116239.3  12689.9      -.4     43.3     44.6      3.1
      -.4     86.6     44.5     31.6  70055.8  72038.2
     -11.8      49.9       2.6      90.1
      -1.4      24.4      -1.4      27.3
       -.8      19.3       -.9       7.4
      -1.1      19.0      -1.1       4.0
 85636   .000000  -.977227  -.212198
 119361.1  12685.4      -.4     43.3     44.6      3.0
      -.4     86.6     44.7     31.7  73336.7  74967.2
     -12.3      52.4       6.1      87.9
      -1.7      23.5       -.7      26.4
       -.6      18.1      -1.0       6.9
      -1.1      17.4       -.9       4.0
 85637   .000000  -.978434  -.206558
 122982.4  12628.2      -.4     43.3     44.8     10.5
      -.4     86.6     44.6     31.6  75312.1  77327.5
     -10.6      55.6       6.5      95.3
      -1.7      23.0       -.6      29.4
       -.8      17.1       -.9       7.5
       -.7      15.8       -.9       4.0
 85638   .000000  -.979549  -.201205
 126214.1  12660.2      -.4     43.3     44.8      3.0
      -.4     86.6     44.8     31.6  77830.3  79511.3
     -15.4      57.0        .9      95.9
      -1.3      23.2      -1.2      30.2
       -.6      18.4       -.9       7.5
       -.6      17.0       -.9       4.0
 85639   .000000  -.980581  -.196116
 129291.9  12659.2      -.4     43.3     44.8      2.9
      -.4     86.6     44.8     31.4  79568.4  81769.9
     -10.8      53.0      -3.7      92.4
      -1.6      24.4       -.9      30.3
       -.8      19.8       -.9       7.7
      -1.4      18.8      -1.0       4.0
 85640   .000000  -.981537  -.191274
 132486.0  12620.4      -.4     43.3     44.7      2.9
      -.4     86.6     44.8     31.5  82838.3  84224.6
     -12.8      52.0       1.5      88.7
      -1.3      23.4       -.7      29.7
       -.9      18.4       -.9       7.5
       -.9      17.2      -1.0       4.9
 85641   .000000  -.982424  -.186661
 135741.5  12665.0      -.4     43.3     44.7      2.9
      -.4     86.6     44.9     31.5  82551.3  86128.2
     -10.8      48.0       5.2      97.3
      -1.6      22.4       -.8      30.2
       -.7      17.2      -1.0       7.9
       -.7      15.7       -.9       4.4
 85642   .000000  -.983250  -.182261
 138833.3  12640.2      -.4     43.3     44.8      2.9
      -.4     86.6     45.0     31.5  86654.6  88364.8
      -7.9      46.3      -2.6      99.4
      -1.3      23.1       -.4      31.9
       -.8      18.4       -.9       7.4
       -.8      17.2       -.9       4.0
 85643   .000000  -.984020  -.178061
 142389.9  12784.9      -.4     43.3     44.6     14.3
      -.4     86.6     44.6     31.2  87769.9  90999.9
     -12.6      50.9       3.2     100.3
      -1.7      24.5       -.8      31.7
       -.6      19.6       -.9       8.4
       -.8      19.4       -.9       4.0
 85644   .000000  -.984737  -.174047
 145858.1  12748.3      -.4     43.3     44.8      2.8
      -.4     86.6     44.8     31.2  89407.3  93047.0
     -10.0      50.4       6.6     101.9
      -1.5      23.6       -.7      33.4
      -1.0      18.6      -1.0       7.8
      -1.0      17.4       -.9       4.2
 85645   .000000  -.985408  -.170207
 148951.9  12730.1      -.4     43.3     44.9      2.8
      -.4     86.6     45.0     31.1  93412.7  95848.8
     -12.5      50.4        .3     100.8
      -1.6      22.7      -1.1      33.9
       -.7      17.2       -.9       8.5
      -1.1      15.8       -.8       4.5
 85646   .000000  -.986036  -.166531
 152117.5  12663.6      -.4     43.3     45.0      2.8
      -.4     86.6     45.0     31.2  95995.8  97990.1
     -13.0      52.9      12.6     106.9
      -1.5      23.5       -.8      32.3
       -.7      18.2      -1.0       8.4
       -.8      17.3       -.9       4.6
 85647   .000000  -.986625  -.163008
 155521.7  12835.9      -.4     43.3     44.9      2.7
      -.4     86.6     45.0     31.1  98261.0  99918.9
     -10.4      50.0       6.6     105.1
      -1.3      24.5      -1.0      33.9
       -.9      19.8       -.7       9.2
       -.6      18.8       -.9       4.9
 85648   .000000  -.987696  -.156385
 162336.4  12666.6      -.4     43.3     44.9      2.6
      -.4     86.6     44.8     31.1 103045.1 105611.5
     -12.7      50.6       1.0     100.8
      -2.0      23.5       -.9      36.2
       -.8      17.3       -.9       9.0
      -1.0      15.7       -.9       4.4
 85649   .000000  -.988644  -.150274
 168519.4  12748.5      -.4     43.3     45.0      2.6
      -.4     86.6     45.1     30.9 106854.6 109721.1
     -14.7      51.6       4.3     107.4
      -1.7      24.0       -.3      37.1
       -.7      19.7       -.8       9.1
       -.9      18.9       -.8       5.6
 85650   .000000  -.989488  -.144617
 175465.9  12768.4      -.4     43.3     45.0      2.6
      -.4     86.6     45.0     30.9 112628.5 115278.6
     -14.7      52.2        .2     110.2
      -1.7      23.1       -.4      37.7
       -.7      17.5       -.9      10.6
       -.7      16.2       -.9       5.1
 85651   .000000  -.990241  -.139367
 182062.0  12758.7      -.4     43.3     45.1      2.6
      -.4     86.6     45.0     30.9 115422.1 118349.0
     -12.1      55.3       4.0     115.0
      -1.9      24.7       -.3      40.0
       -.8      19.9       -.8       9.7
       -.9      19.1       -.9       4.8
 85652   .000000  -.990916  -.134481
 188932.5  12723.8      -.4     43.3     45.1      2.5
      -.4     86.6     45.1     31.1 120108.5 123633.7
     -15.3      55.0      -2.0     118.6
      -1.8      23.7        .1      41.2
       -.6      17.4       -.8      11.5
       -.8      16.0       -.6       5.1
 85653   .000000  -.991524  -.129924
 195346.0  12803.7      -.4     43.3     45.1      2.5
      -.4     86.6     45.1     30.8 125328.2 128372.5
     -10.1      47.4      11.3     114.1
      -2.0      25.1       -.8      43.0
       -.9      19.7       -.8      10.7
       -.9      18.9       -.8       4.6
 85654   .000000  -.992073  -.125663
 202044.9  12744.6      -.4     43.3     45.1      2.4
      -.4     86.6     45.2     30.8 128727.1 132618.4
     -11.1      53.9       7.3     116.3
      -2.2      23.8       -.6      42.7
       -.9      17.1       -.8      10.8
      -1.1      15.7       -.9       6.6
 85655   .000000  -.992571  -.121670
 208559.5  12794.9      -.4     43.3     45.1      2.4
      -.4     86.6     44.7     30.9 135737.8 138980.9
     -14.4      53.4       6.7     119.5
      -2.2      25.8       -.2      42.2
      -1.0      20.1       -.9      12.6
       -.9      19.6       -.9       5.3
 85656   .000000  -.993023  -.117921
 215404.9  12830.6      -.4     43.3     45.2      2.4
      -.4     86.6     45.2     30.6 137984.3 142201.0
      -7.3      47.1       -.4     121.5
      -2.2      23.6        .1      45.1
       -.9      17.0       -.8      13.9
       -.9      16.0       -.9       5.6
 85657   .000000  -.993435  -.114396
 221905.8  12769.2      -.4     43.3     45.3      2.4
      -.4     86.6     45.1     30.8 142516.4 146534.5
      -7.9      44.0       7.8     119.2
      -1.6      24.8       -.2      45.3
       -.7      20.1       -.9      14.2
       -.8      19.2       -.9       7.1
 85658   .000000  -.993812  -.111073
 228239.7  12797.4      -.4     43.3     45.2      2.4
      -.4     86.6     45.3     30.6 148699.2 152700.1
      -6.7      39.5      -5.2     114.9
      -2.2      23.3       -.1      47.2
       -.7      17.6       -.8      13.3
       -.8      16.3       -.7       7.1
 85659   .000000  -.994158  -.107937
 234572.0  12810.8      -.4     43.3     45.3      2.3
      -.4     86.6     45.2     30.6 151146.4 154716.8
      -7.1      42.0      -1.9     125.4
      -1.8      24.0        .1      45.0
       -.9      19.9       -.9      13.2
       -.9      19.1       -.8       5.8
 85660   .000000  -.994475  -.104972
 242045.2  12810.9      -.4     43.3     45.7     13.1
      -.4     86.6     45.6     30.5 157150.3 161013.6
      -7.4      37.1      17.9     125.6
      -1.7      21.7       -.5      48.8
      -1.0      17.2       -.6      14.5
       -.9      16.0       -.7       7.6
 85661   .903278   .000000  -.429057
  58696.0  10407.0       .0     40.7     43.0     28.9
       .0     83.6     43.0     57.7  33387.8  34404.5
       2.1      81.9      10.4      42.4
        .8      29.6       1.2      21.6
       -.2       8.9        .8      15.7
        .5       5.0       1.2      13.8
 85662   .887877   .000000  -.460082
  54991.5  10742.4       .2     40.6     43.0     28.9
       .1     83.6     43.0     57.7  30937.0  31899.0
      -3.6      79.4       8.1      43.1
       -.6      26.7        .9      20.5
        .6       5.4        .7      14.8
        .3       5.0        .8      12.6
 85663   .868777   .000000  -.495203
  51113.6  11179.2       .1     40.6     43.0     28.9
       .1     83.7     43.0     57.7  28460.3  29221.7
      -3.0      85.9       7.9      43.0
        .3      25.7        .8      20.9
        .3       5.2        .5      15.1
        .3       5.0        .8      13.0
 85664   .844819   .000000  -.535052
  47446.2  11834.5       .0     40.6     43.0     28.9
       .0     83.6     43.0     57.7  25509.3  26528.0
      -3.6      82.0       9.9      44.1
      -1.0      27.7        .5      20.5
        .1       5.7        .1      14.4
        .2       5.0        .6      11.8
 85665   .814421   .000000  -.580275
  43745.8  12499.0       .1     40.9     43.0     28.9
       .1     83.8     43.0     57.7  23318.2  24262.5
        .3      83.0       7.4      44.8
        .1      19.7        .7      19.9
        .3       5.0        .7      13.8
        .5       5.0        .6      11.7
 85666   .775436   .000000  -.631426
  40425.5  13637.6      -.1     40.8     43.0     28.9
       .0     83.8     43.0     57.7  21541.8  22198.5
       -.1      78.3       8.2      43.9
       -.1      22.4        .8      19.3
        .6       5.0        .5      13.0
        .4       5.0        .5      10.8
 85667   .724999   .000000  -.688749
  37433.5  15550.2      -.1     40.8     43.0     28.9
      -.1     83.8     43.3      7.1  19443.4  20138.5
       1.4      74.2       7.9      44.8
       -.4      16.0        .2      17.3
        .4       5.0        .3      11.9
        .3       5.0        .4      10.0
 85668   .659438   .000000  -.751759
  34349.9  18547.2      -.2     40.7     43.0     28.9
      -.2     83.9     43.2     18.6  17963.0  18391.1
        .1      72.8       8.3      46.1
       1.3      15.2        .2      16.9
        .5       5.0        .3      11.3
        .3       5.0        .1       9.3
 85669   .574426   .000000  -.818557
  31771.6  23509.7       .1     41.0     43.3      3.9
       .1     84.1     43.2     31.0  16055.7  16636.8
      -1.5      80.6       7.0      47.3
      -1.2      15.5       -.1      12.2
        .2       5.0        .0       8.2
        .2       5.0       -.1       6.6
 85670   .465746   .000000  -.884918
  29394.4  24340.0      -.1     41.0     43.3     14.7
      -.1     84.1     43.3     43.5  14489.0  15023.3
       1.8      74.1       9.4      53.0
        .3      13.0       -.4       7.9
        .5       5.0       -.5       4.8
        .5       5.0       -.4       4.0
 85671   .331088   .000000  -.943600
  27835.3  22819.6       .5     40.7     42.1     25.9
       .4     83.9     42.1     54.6  13615.9  14219.2
       1.3      73.0       9.4      67.8
        .0      11.8      -1.3      11.9
        .6       5.0       -.5       3.0
        .3       5.0       -.5       3.0
 85672   .254493   .000000  -.967075
  27100.0  22166.2      -.5     41.1     43.4     24.0
      -.5     84.2     43.4     52.7  12957.4  13584.2
      -1.9      70.8      10.7      66.9
        .5       9.6       -.4       7.6
        .3       5.0       -.2       3.3
        .5       5.0       -.6       3.0
 85673   .172799   .000000  -.984957
  26511.2  21741.4      -.7     41.2     43.4     18.3
      -.6     84.3     43.4     46.9  13079.7  13429.9
       1.1      67.6       3.4      54.5
        .2      11.2      -1.2       7.1
        .4       5.0      -1.1       3.5
        .3       5.0      -1.3       3.2
 85674   .087384   .000000  -.996175
  26196.5  21439.8      -.2     41.0     43.1     12.4
      -.2     84.2     43.0     41.1  12814.2  13329.6
      -2.4      72.6       1.8      48.5
        .1      12.1      -1.6       7.7
        .3       5.0      -1.3       5.1
        .4       5.0      -1.5       4.5
 85675   .000000   .000000 -1.000000
  25786.8  20346.8       .4     41.1     43.0      6.9
       .4     84.3     43.1     35.3  12271.3  12772.3
       1.6      68.2      -1.4      38.5
        .9       9.5      -1.6       9.9
        .3       5.0      -1.6       6.8
        .3       5.0      -1.7       5.9
 85676  -.087384   .000000  -.996175
  25740.2  18064.4      -.1     41.2     42.3      3.6
      -.2     84.3     43.2     29.5  12296.3  12851.6
      -4.1      67.3      -1.9      38.4
       -.2      12.7      -1.9      12.5
        .2       5.0      -1.9       8.7
        .3       5.0      -1.8       7.2
 85677  -.172799   .000000  -.984957
  26031.6  15229.8       .1     41.2     43.0     28.9
       .1     84.3     43.1     23.6  12579.8  13112.0
       -.6      70.9      -1.7      36.7
        .5      10.9      -2.4      15.5
        .2       5.0      -2.1      10.4
        .4       5.0      -2.3       8.8
 85678  -.254493   .000000  -.967075
  26338.7  13438.0      -.2     41.3     43.0     28.9
      -.2     84.4     43.0     17.7  12926.0  13389.0
       5.3      72.5      -4.0      38.4
        .5       8.6      -2.7      17.4
        .3       5.0      -2.3      11.9
        .2       5.0      -2.3      10.1
 85679  -.331088   .000000  -.943600
  26904.8  12109.7       .1     41.4     43.0     28.9
       .1     84.4     42.9     12.2  13135.9  13544.5
      -2.3      72.3      -3.9      39.3
        .1       9.9      -2.4      18.3
        .4       5.0      -2.3      12.7
        .3       5.0      -2.4      11.1
 85680  -.465746   .000000  -.884918
  28504.4  10332.9       .1     41.2     43.0     28.9
       .1     84.4     41.6      6.4  14125.0  14704.3
        .7      71.0      -5.3      38.5
       2.5      14.2      -2.3      18.3
        .2       5.0      -2.1      13.0
        .3       5.0      -2.2      11.6
 85681  -.574426   .000000  -.818557
  30634.9   9377.5       .0     41.3     43.0     28.9
       .1     84.4     43.0     57.7  15852.8  16379.0
       2.7      68.5      -5.9      39.6
        .7      16.7      -2.2      21.3
        .4       5.0      -2.2      15.2
        .5       5.0      -2.2      13.2
 85682  -.659438   .000000  -.751759
  33356.7   8784.5       .2     41.4     43.0     28.9
       .2     84.4     43.0     57.7  17308.7  17884.4
      -1.5      73.1      -5.0      38.7
        .2      17.1      -2.0      20.1
        .2       5.0      -2.0      14.8
        .5       5.0      -1.8      13.7
 85683  -.724999   .000000  -.688749
  36570.2   8441.4       .3     41.4     43.0     28.9
       .2     84.4     43.0     57.7  19064.0  19901.4
        .2      76.4      -4.3      39.8
        .2      19.2      -2.3      22.6
        .0       5.0      -1.5      16.4
        .5       5.0      -2.1      14.6
 85684  -.775436   .000000  -.631426
  39793.1   8112.6      -.1     41.1     43.0     28.9
      -.1     84.2     43.0     57.7  21366.7  22081.4
       1.0      77.6      -5.5      36.9
        .0      20.7      -1.5      21.1
        .5       6.4      -1.5      16.0
        .1       5.0      -1.4      14.5
 85685  -.814421   .000000  -.580275
  43516.9   7932.7       .2     41.0     43.0     28.9
       .2     84.1     43.0     57.7  23717.5  24413.8
       3.6      78.8      -6.7      40.8
      -1.5      20.7      -1.7      23.0
        .4       5.0      -1.5      17.0
        .2       5.0      -1.7      15.2
 85686  -.844819   .000000  -.535052
  46966.2   7907.0      -.1     41.2     43.0     28.9
      -.1     84.1     43.0     57.7  26096.0  26778.6
        .0      78.2      -6.1      38.3
      -1.1      23.3      -1.6      22.0
        .5       5.0       -.9      16.4
        .1       5.0      -1.3      15.3
 85687  -.868777   .000000  -.495203
  50881.3   7791.1       .1     41.0     43.0     28.9
       .1     84.0     43.0     57.7  28516.1  29390.5
       1.6      79.2      -7.5      40.7
        .7      26.3      -1.5      22.9
        .1       5.2      -1.5      17.6
        .8       5.0      -1.5      15.8
 85688  -.887877   .000000  -.460082
  54727.9   7844.3      -.2     40.8     43.0     28.9
      -.2     83.8     43.0     57.7  30010.5  31408.9
       1.6      82.2      -5.4      37.3
       -.6      27.9      -1.2      22.0
       -.1       6.8      -1.3      17.2
        .6       5.0      -1.4      15.3
 85689  -.903278   .000000  -.429057
  58401.7   7779.0      -.4     40.9     43.0     28.9
      -.4     83.8     43.0     57.7  33215.8  34347.6
      -3.0      80.3      -5.9      38.5
       -.8      28.6      -1.0      22.9
       -.4       7.1      -1.1      17.4
        .4       5.0      -1.5      16.0
 85690   .840060  -.367526  -.399028
  63126.9  11214.9      -.4     43.3     43.0     28.9
       .2     16.8     43.0     57.7  35335.8  36742.1
      -6.7      62.5       9.1      43.7
      -1.5      24.2       1.2      20.8
       -.5      15.8        .7      15.0
       -.5      13.4        .5      13.6
 85691   .817505  -.390173  -.423616
  59398.2  11691.2      -.4     43.3     43.0     28.9
       .3     17.1     43.0     57.7  33700.6  34472.0
      -6.8      59.6      10.2      44.6
      -1.2      24.6        .9      20.6
      -1.0      16.1        .6      14.5
       -.6      13.4        .4      12.4
 85692   .790440  -.414981  -.450551
  56040.5  12246.7      -.4     43.3     43.0     28.9
       .1     17.5     43.0     57.7  31443.9  32471.7
      -6.2      58.8       9.1      44.7
      -1.2      24.7       1.1      20.1
       -.4      16.2        .4      14.1
       -.7      13.4        .4      12.6
 85693   .757796  -.442047  -.479937
  52630.9  13083.5      -.4     43.3     43.0     28.9
       .4     17.8     43.0     57.7  29432.6  30161.1
      -7.3      58.9       9.0      44.8
      -1.1      25.2        .6      19.7
       -.8      16.4        .4      13.8
       -.9      13.5        .5      11.6
 85694   .718269  -.471364  -.511767
  49552.6  14173.7      -.4     43.3     43.0     28.9
       .1     18.5     43.0     57.7  26762.0  27844.0
      -6.9      57.0       8.1      45.5
      -1.4      25.7        .7      19.0
       -.7      16.7        .3      12.7
       -.8      13.8        .4      11.2
 85695   .670317  -.502738  -.545830
  46651.1  15783.7      -.4     43.3     43.0     28.9
       .1     18.9     43.0     57.7  25102.3  25979.4
      -7.5      57.9       9.0      50.1
      -1.6      25.7        .7      19.0
       -.9      17.3        .2      12.6
      -1.0      13.9        .1      10.3
 85696   .612205  -.535679  -.581595
  43795.1  17718.9      -.4     43.3     43.0     28.9
      -.1     19.4     43.0      6.2  23507.5  24147.3
      -8.1      56.7       9.2      50.1
      -1.4      25.9        .4      16.4
       -.9      17.3        .0      11.0
      -1.1      14.1        .1       9.1
 85697   .542159  -.569267  -.618061
  41266.7  18943.5      -.4     43.3     43.0     28.9
       .3     19.9     43.0     17.6  22082.4  22638.6
      -6.2      59.1       8.0      50.0
      -1.5      26.4        .0      16.5
      -1.2      17.4       -.2      10.3
      -1.0      14.2       -.3       8.4
 85698   .458673  -.602008  -.653609
  39177.5  18962.2      -.4     43.3     43.2      3.4
       .0     20.1     43.2     30.5  20378.1  21106.3
      -7.2      57.7       5.0      48.2
      -1.3      26.7       -.2      12.0
       -.9      17.7       -.3       7.6
      -1.2      14.4       -.4       6.3
 85699   .361020  -.631785  -.685938
  37490.7  18318.6      -.4     43.3     43.0     14.1
       .0     20.6     43.1     42.9  19520.6  20247.1
      -8.4      59.4       6.6      59.7
      -2.3      26.8       -.2       9.5
      -1.3      18.2       -.7       4.5
      -1.2      14.5       -.6       3.9
 85700   .249898  -.655981  -.712208
  36209.2  17543.3      -.4     43.3     42.1     25.8
      -.3     20.8     42.1     54.4  18576.2  19243.3
      -6.5      56.8       7.9      72.6
      -2.2      27.7        .2      19.1
      -1.1      17.9       -.3       3.0
      -1.3      14.6       -.5       3.0
 85701   .190037  -.665130  -.722141
  35750.8  17273.1      -.4     43.3     43.9     23.6
      -.1     21.1     43.9     52.3  18189.2  18736.1
      -8.1      57.1       7.5      72.1
      -1.9      27.5        .2      12.9
      -1.3      18.3       -.1       3.4
      -1.6      14.8       -.3       3.0
 85702   .127982  -.671905  -.729496
  35279.3  17155.8      -.4     43.3     43.5     17.7
      -.1     21.2     43.6     46.6  17813.8  18444.6
      -8.7      59.7       4.7      68.6
      -2.3      27.7      -1.0       9.9
      -1.2      18.3      -1.0       4.0
      -1.5      14.8      -1.1       3.0
 85703   .064388  -.676070  -.734019
  34828.9  17042.0      -.4     43.3     43.5     11.8
       .5     21.4     43.6     40.5  17982.8  18702.5
      -8.0      59.4       -.2      51.1
      -1.0      27.5      -1.2      10.1
      -1.5      18.1      -1.2       4.8
      -1.3      14.8      -1.3       4.1
 85704   .000000  -.677476  -.735545
  34656.4  16916.6      -.4     43.3     43.3      5.8
       .0     21.4     43.6     34.4  17755.8  18405.7
      -8.5      55.4        .3      45.1
      -1.4      27.1      -1.4      10.1
      -1.2      18.3      -1.4       6.3
      -1.1      14.7      -1.4       5.4
 85705  -.064388  -.676070  -.734019
  34757.8  17061.4      -.4     43.3     42.5      4.3
       .0     21.5     43.6     28.0  17958.9  18402.5
      -5.7      58.1       -.2      43.5
      -1.7      27.6      -1.7      12.2
      -1.0      18.1      -1.6       7.8
      -1.3      15.3      -1.6       6.7
 85706  -.127982  -.671905  -.729496
  34924.1  16407.8      -.4     43.3     43.0     28.9
      -.3     21.6     43.6     21.9  17815.8  18462.6
     -10.3      60.5      -1.0      43.3
      -1.7      27.6      -2.1      14.9
      -1.1      18.3      -1.8       9.3
      -1.3      14.9      -1.9       7.8
 85707  -.190037  -.665130  -.722141
  35163.1  16036.1      -.4     43.3     43.0     28.9
       .1     21.6     43.4     15.9  17888.1  18479.4
      -7.3      57.3      -2.1      43.9
      -2.2      27.7      -2.4      16.2
       -.8      18.3      -1.6      10.6
      -1.2      15.0      -2.0       8.9
 85708  -.249898  -.655981  -.712208
  35605.7  14770.0      -.4     43.3     43.0     28.9
       .2     21.5     43.5     10.3  18252.9  18982.9
      -7.7      58.3      -2.5      42.0
      -1.1      27.3      -1.9      16.7
      -1.1      18.0      -1.7      11.0
       -.9      14.9      -1.9       9.7
 85709  -.361020  -.631785  -.685938
  36905.8  13367.5      -.4     43.3     43.0     28.9
       .2     21.1     41.9      8.4  19151.4  19954.6
      -6.9      57.2      -4.1      40.9
      -1.2      27.4      -1.9      17.4
       -.8      17.7      -1.6      11.8
      -1.0      15.0      -1.7      10.5
 85710  -.458673  -.602008  -.653609
  38644.4  11762.5      -.4     43.3     43.0     28.9
       .2     20.7     43.0     57.7  20130.4  20907.4
      -6.1      57.5      -4.6      43.8
      -1.4      26.7      -1.8      19.3
       -.6      18.0      -1.6      14.1
       -.9      14.9      -2.0      12.2
 85711  -.542159  -.569267  -.618061
  40795.6  10701.8      -.4     43.3     43.0     28.9
       .4     20.3     43.0     57.7  21241.7  22184.3
      -5.7      57.0      -3.5      39.2
      -1.3      26.9      -1.6      18.4
       -.7      17.3      -1.2      13.5
       -.9      14.6      -1.7      12.1
 85712  -.612205  -.535679  -.581595
  43279.2  10015.7      -.4     43.3     43.0     28.9
       .1     19.7     43.0     57.7  22967.8  23682.9
      -6.6      57.8      -5.9      41.7
       -.9      26.6      -1.9      21.6
      -1.1      17.1      -1.6      15.5
       -.5      14.3      -1.5      13.9
 85713  -.670317  -.502738  -.545830
  46138.7   9483.0      -.4     43.3     43.0     28.9
       .3     19.2     43.0     57.7  25375.6  26039.5
      -6.5      60.0      -5.9      38.5
       -.5      26.1      -1.3      20.1
       -.8      17.1      -1.3      15.2
       -.7      14.1      -1.3      13.7
 85714  -.718269  -.471364  -.511767
  49205.1   9099.0      -.4     43.3     43.0     28.9
       .2     18.7     43.0     57.7  27267.3  28052.6
      -6.8      58.6      -6.8      42.3
      -1.1      25.4      -1.5      22.0
       -.4      16.7      -1.2      16.4
       -.7      13.9      -1.4      14.8
 85715  -.757796  -.442047  -.479937
  52236.4   8902.1      -.4     43.3     43.0     28.9
       .2     18.1     43.0     57.7  28893.9  29941.1
      -6.0      60.6      -5.0      38.0
       -.8      25.6      -1.2      20.2
       -.7      16.5       -.9      15.8
       -.4      13.7      -1.0      14.7
 85716  -.790440  -.414981  -.450551
  55620.8   8664.2      -.4     43.3     43.0     28.9
       .3     17.7     43.0     57.7  31338.3  32284.0
      -5.7      61.0      -6.1      39.6
       -.6      25.1      -1.4      22.7
       -.5      16.0      -1.2      16.8
       -.6      13.5      -1.4      15.4
 85717  -.817505  -.390173  -.423616
  59437.1   8596.2      -.4     43.3     43.0     28.9
       .2     17.3     43.0     57.7  33890.6  34819.0
      -3.3      58.2      -5.0      39.0
       -.3      24.6       -.8      21.0
       -.5      15.9      -1.0      16.8
       -.3      13.3       -.8      15.3
 85718  -.840060  -.367526  -.399028
  62926.8   8310.4      -.4     43.3     43.0     28.9
       .2     16.9     43.0     57.7  35992.4  37275.0
      -6.0      62.2      -4.7      37.2
       -.7      24.5      -1.2      22.5
        .0      15.7       -.8      17.5
       -.3      13.0       -.8      15.7
 85719   .708659  -.620076  -.336613
  75079.7  13209.0      -.4     43.3     43.0     28.9
      -.4     86.6     43.0     57.7  43277.8  44714.9
      -9.1      56.0       7.8      45.1
       -.9      22.9       1.2      19.9
       -.8      17.2        .6      14.0
       -.4      15.7        .4      12.3
 85720   .677337  -.646549  -.350984
  71946.1  14105.6      -.4     43.3     43.0     28.9
      -.4     86.6     43.0     57.7  41526.8  42711.9
     -10.1      57.3       9.1      47.9
      -1.0      22.6        .9      20.2
       -.4      17.4        .4      13.5
       -.2      15.9        .0      11.8
 85721   .641844  -.673936  -.365851
  69296.0  14810.4      -.4     43.3     43.0     28.9
      -.4     86.6     43.0     57.7  40027.2  41085.6
     -10.8      57.6       8.3      44.9
      -1.1      22.8        .9      19.2
       -.5      17.4        .4      12.9
       -.6      15.9        .3      11.1
 85722   .601687  -.701968  -.381068
  66556.8  15115.2      -.4     43.3     43.0     28.9
      -.4     86.6     43.0     57.7  38532.2  39602.6
      -9.4      54.6       9.5      49.4
      -1.2      22.5        .9      19.1
       -.6      17.9        .4      12.8
       -.5      16.2        .3      10.7
 85723   .556388  -.730259  -.396426
  64065.4  15473.8      -.4     43.3     43.0     28.9
      -.4     86.6     43.0     57.7  36974.6  37933.9
     -10.6      54.6       8.3      53.4
      -1.2      23.0       1.0      18.0
       -.4      17.7        .3      11.8
       -.4      16.1        .1       9.7
 85724   .505524  -.758286  -.411641
  61776.7  15553.2      -.4     43.3     43.0     28.9
      -.4     86.6     43.0     57.7  35277.4  36204.7
     -11.5      54.5       8.7      56.9
       -.6      23.0        .7      18.8
      -1.0      17.5        .3      11.0
       -.4      16.4        .0       9.4
 85725   .448787  -.785377  -.426348
  59665.5  15153.9      -.4     43.3     43.0     28.9
      -.4     86.6     43.1      4.5  33645.7  34490.9
      -9.3      53.6       5.9      49.7
       -.9      22.8        .2      15.7
       -.7      18.0        .0       9.5
       -.7      16.4       -.1       7.9
 85726   .386057  -.810720  -.440105
  57935.7  14755.0      -.4     43.3     43.0     28.9
      -.4     86.6     43.2     16.0  32252.1  33440.9
      -9.8      56.2       9.0      57.3
       -.6      23.2       -.1      16.9
       -.8      18.0       -.1       9.3
       -.9      16.8       -.3       7.5
 85727   .317480  -.833386  -.452409
  56204.0  14246.0      -.4     43.3     43.3      2.4
      -.4     86.6     43.0     29.1  30980.6  32137.8
     -10.4      53.4       6.4      62.2
      -1.2      23.3       -.3      13.8
       -.7      18.1       -.4       7.0
       -.7      16.9       -.4       5.7
 85728   .243541  -.852392  -.462727
  55029.7  13989.8      -.4     43.3     42.9     13.3
      -.4     86.6     43.0     42.0  30532.6  31381.9
     -10.5      49.5       8.9      66.9
      -1.0      22.8       -.6      14.8
       -.6      18.0       -.6       4.6
       -.9      17.1       -.5       3.6
 85729   .165103  -.866792  -.470544
  54217.7  13711.5      -.4     43.3     41.8     25.8
      -.4     86.6     41.8     54.1  30283.5  31198.9
      -8.3      50.0       3.6      83.1
      -1.3      23.3       -.2      28.7
      -1.0      18.4       -.5       4.2
      -1.3      17.2       -.7       3.0
 85730   .124573  -.872008  -.473376
  53884.2  13734.8      -.4     43.3     44.0     23.3
      -.4     86.6     44.0     51.9  29829.4  30706.3
      -8.8      51.5       4.3      84.5
      -1.5      23.3        .6      26.5
       -.9      18.3        .2       5.8
      -1.0      17.0       -.2       3.0
 85731   .083409  -.875791  -.475429
  53580.3  13632.3      -.4     43.3     44.1     17.2
      -.4     86.6     44.1     45.8  29799.0  30651.0
     -10.2      52.7       5.0      72.9
      -1.0      23.6      -1.1      18.0
       -.9      18.4       -.7       4.2
      -1.2      17.5       -.9       3.0
 85732   .041814  -.878085  -.476675
  53298.5  13513.5      -.4     43.3     43.9     10.8
      -.4     86.6     44.1     39.5  29580.2  30329.1
      -8.9      53.5        .6      61.2
      -1.4      23.0      -1.1      13.5
       -.6      18.3      -1.0       4.5
      -1.2      17.2      -1.1       3.7
 85733   .000000  -.878853  -.477092
  53270.2  13520.4      -.4     43.3     43.9      4.6
      -.4     86.6     44.0     33.1  29283.6  30328.1
      -9.1      52.6       2.0      58.9
      -1.5      23.4      -1.4      12.5
       -.6      18.3      -1.1       5.7
       -.9      17.2      -1.1       4.6
 85734  -.041814  -.878085  -.476675
  53446.2  13563.2      -.4     43.3     43.0     28.9
      -.4     86.6     43.9     26.5  29624.2  30409.1
     -10.4      53.8      -1.0      57.8
      -1.3      23.4      -1.7      13.6
       -.8      18.4      -1.4       7.2
       -.9      17.4      -1.5       5.6
 85735  -.083409  -.875791  -.475429
  53313.7  13630.5      -.4     43.3     43.0     28.9
      -.4     86.6     44.0     20.0  29699.2  30329.4
     -10.5      53.1       -.7      51.1
       -.4      23.0      -1.6      14.5
       -.9      18.2      -1.5       8.1
      -1.0      17.5      -1.6       6.5
 85736  -.124573  -.872008  -.473376
  53503.7  13585.6      -.4     43.3     43.0     28.9
      -.4     86.6     43.9     13.6  29772.7  30586.2
     -11.6      52.5        .3      52.4
      -1.1      23.5      -1.7      15.1
       -.8      18.4      -1.6       8.9
       -.8      17.5      -1.6       7.3
 85737  -.165103  -.866792  -.470544
  53908.8  13749.3      -.4     43.3     43.0     28.9
      -.4     86.6     44.0      7.7  29983.6  30668.8
      -9.0      50.8      -2.2      48.1
       -.8      23.3      -1.8      15.2
       -.7      18.3      -1.4       9.3
       -.6      17.4      -1.5       7.6
 85738  -.243541  -.852392  -.462727
  54643.1  13820.2      -.4     43.3     43.0     28.9
      -.4     86.6     43.0     57.7  30396.4  31284.4
      -8.3      49.9      -2.9      45.8
      -1.2      23.2      -1.8      16.3
       -.5      18.4      -1.4      10.2
       -.6      17.3      -1.4       8.4
 85739  -.317480  -.833386  -.452409
  55994.5  13738.6      -.4     43.3     43.0     28.9
      -.4     86.6     43.0     57.7  30727.1  31887.5
      -8.9      53.3      -5.3      45.7
       -.6      23.4      -1.3      17.3
       -.4      18.2      -1.3      11.5
       -.8      17.1      -1.4       9.8
 85740  -.386057  -.810720  -.440105
  57555.4  13652.6      -.4     43.3     43.0     28.9
      -.4     86.6     43.0     57.7  31719.3  32937.1
     -11.0      54.3      -4.2      44.4
       -.7      23.1      -1.4      17.1
       -.5      18.1      -1.3      11.9
       -.7      17.0      -1.2      10.1
 85741  -.448787  -.785377  -.426348
  59339.6  13232.3      -.4     43.3     43.0     28.9
      -.4     86.6     43.0     57.7  33427.2  34461.2
      -9.9      52.7      -5.3      45.2
       -.8      23.2      -1.3      18.5
       -.4      18.2      -1.1      13.4
       -.4      16.9      -1.1      11.7
 85742  -.505524  -.758286  -.411641
  61334.2  12222.7      -.4     43.3     43.0     28.9
      -.4     86.6     43.0     57.7  34718.6  35802.6
      -9.1      55.9      -5.7      44.8
       -.4      22.8      -1.1      17.8
       -.3      18.1      -1.0      13.1
       -.6      16.8      -1.1      11.3
 85743  -.556388  -.730259  -.396426
  63734.4  11711.0      -.4     43.3     43.0     28.9
      -.4     86.6     43.0     57.7  36020.4  37251.0
      -9.3      55.4      -6.2      41.3
       -.7      23.1      -1.1      20.0
       -.4      18.0       -.8      14.6
       -.4      16.4      -1.0      12.7
 85744  -.601687  -.701968  -.381068
  66181.8  11170.3      -.4     43.3     43.0     28.9
      -.4     86.6     43.0     57.7  37697.0  39000.2
     -10.0      57.6      -5.4      40.1
       -.8      23.6      -1.1      18.9
       -.1      18.0       -.8      14.2
       -.2      16.3       -.7      12.3
 85745  -.641844  -.673936  -.365851
  68875.1  10795.7      -.4     43.3     43.0     28.9
      -.4     86.6     43.0     57.7  39753.9  41285.5
      -9.9      56.9      -4.9      41.1
      -1.0      22.9      -1.4      20.9
       -.5      17.8      -1.0      15.6
       -.1      16.3       -.8      13.9
 85746  -.677337  -.646549  -.350984
  71470.7  10301.2      -.4     43.3     43.0     28.9
      -.4     86.6     43.0     57.7  41194.5  42379.0
     -10.7      55.3      -6.0      36.3
      -1.0      22.7      -1.1      18.7
       -.4      17.5       -.5      14.9
       -.4      16.0       -.7      13.4
 85747  -.708659  -.620076  -.336613
  74548.7   9966.3      -.4     43.3     43.0     28.9
      -.4     86.6     43.0     57.7  42785.4  43992.1
      -9.5      51.8      -5.8      37.8
       -.3      22.6       -.9      20.9
       -.6      17.6       -.8      16.2
        .0      16.1      -1.1      14.7
 85748   .482910  -.845093  -.229382
 110148.0  14342.3      -.4     43.3     43.0     28.9
      -.4     86.6     43.0     57.7  67173.8  68502.5
     -11.6      55.5       8.3      49.9
      -1.3      21.8       1.3      19.1
       -.5      15.9        .5      11.4
       -.3      14.8        .5       9.9
 85749   .451149  -.861285  -.233777
 108302.2  14205.4      -.4     43.3     43.0     28.9
      -.4     86.6     43.0     57.7  64537.6  66589.7
     -12.0      54.2       7.6      52.4
      -1.3      21.9        .9      20.1
       -.4      16.2        .3      11.8
       -.3      14.9        .4      10.0
 85750   .417577  -.876913  -.238019
 106711.4  13947.3      -.4     43.3     43.0     28.9
      -.4     86.6     43.0     57.7  65077.6  67076.0
      -9.2      51.9       7.0      58.8
      -1.1      21.8       1.1      19.8
       -.5      16.4        .5      10.5
       -.7      14.9        .4       8.9
 85751   .382204  -.891810  -.242063
 104929.2  13748.8      -.4     43.3     43.0     28.9
      -.4     86.6     43.0     57.7  63289.2  64879.5
      -9.8      49.2       8.3      63.1
      -1.1      22.3       1.2      20.6
       -.3      16.5        .1      10.8
       -.6      14.8        .2       8.8
 85752   .345068  -.905804  -.245861
 102941.0  13592.2      -.4     43.3     43.0     28.9
      -.4     86.6     43.0     57.7  61474.6  63677.8
      -9.8      47.1       7.8      63.9
      -1.1      21.9        .6      18.6
       -.7      16.8        .2       9.3
       -.6      15.2        .2       7.7
 85753   .306238  -.918714  -.249365
 101736.0  13405.3      -.4     43.3     43.0     28.9
      -.4     86.6     43.0     57.7  62120.5  63680.9
     -11.6      51.9       7.1      67.9
      -1.0      22.0        .6      20.0
       -.5      16.5        .0       9.6
       -.6      15.1       -.2       7.6
 85754   .265817  -.930361  -.252527
 100615.3  13238.1      -.4     43.3     43.0     28.9
      -.4     86.6     43.2      2.7  59863.1  61996.9
     -10.8      50.5       8.4      70.3
      -1.4      21.8        .6      19.4
       -.8      16.8        .0       8.3
       -.5      15.0       -.1       6.6
 85755   .223945  -.940570  -.255298
  99419.9  13046.8      -.4     43.3     43.0     28.9
      -.4     86.6     43.1     14.2  59767.9  61165.5
     -10.4      49.9       4.7      75.4
      -1.2      21.6        .1      20.7
       -.5      16.6       -.4       8.2
       -.7      15.1       -.3       5.9
 85756   .180796  -.949177  -.257634
  98631.2  12866.8      -.4     43.3     43.0     28.9
      -.4     86.6     43.7     27.6  59106.5  60859.1
     -12.8      53.3       8.5      86.7
      -1.5      21.9        .0      21.6
       -.7      17.1       -.5       6.4
      -1.0      15.1       -.6       5.0
 85757   .136577  -.956038  -.259496
  97820.2  12831.4      -.4     43.3     43.0     12.3
      -.4     86.6     42.8     41.0  58718.3  60429.7
     -12.0      50.7       2.2      91.1
      -1.7      22.3       -.2      29.5
      -1.1      17.0       -.6       5.4
      -1.0      15.1       -.7       3.2
 85758   .091527  -.961030  -.260851
  97359.8  12802.1      -.4     43.3     41.9     25.1
      -.4     86.6     41.9     53.4  58824.3  60074.7
     -11.7      50.8       6.9     106.3
      -1.6      22.2      -1.3      50.2
       -.8      16.9       -.9      13.9
       -.9      15.3       -.6       3.0
 85759   .068771  -.962796  -.261330
  97601.7  12759.8      -.4     43.3     44.6     23.1
      -.4     86.6     44.5     51.1  58320.3  59761.8
     -11.6      54.9       1.7     105.6
      -1.1      22.0        .2      45.1
       -.8      16.8        .4      10.8
      -1.0      15.4        .3       4.3
 85760   .045908  -.964064  -.261674
  97048.8  12701.0      -.4     43.3     44.8     16.5
      -.4     86.6     44.7     45.2  58474.5  60172.1
     -11.3      49.8       3.5      93.9
      -1.5      22.7        .5      34.2
       -.6      16.9       -.5       6.9
       -.9      15.1       -.6       3.3
 85761   .022972  -.964827  -.261882
  96826.3  12903.2      -.4     43.3     44.6      9.9
      -.4     86.6     44.7     38.5  58572.1  60128.2
     -11.7      49.9       4.8      88.7
      -1.4      22.5       -.4      27.7
      -1.0      16.9       -.6       5.8
      -1.0      15.1       -.9       3.9
 85762   .000000  -.965081  -.261951
  96920.1  12772.5      -.4     43.3     44.5      3.4
      -.4     86.6     44.6     31.8  56682.4  58845.2
     -10.7      50.0       5.9      85.8
      -1.5      22.2      -1.0      22.1
       -.6      16.8      -1.0       6.1
       -.8      15.5      -1.0       4.2
 85763  -.022972  -.964827  -.261882
  96846.7  12756.9      -.4     43.3     43.0     28.9
      -.4     86.6     44.3     25.0  58581.9  60104.5
     -15.3      56.7      -1.9      78.1
       -.9      22.1       -.9      20.4
       -.8      17.0      -1.3       7.1
       -.7      15.7      -1.2       4.8
 85764  -.045908  -.964064  -.261674
  96976.2  12705.9      -.4     43.3     43.0     28.9
      -.4     86.6     44.2     18.4  58353.2  59908.4
     -10.8      52.7      -1.5      75.1
      -1.6      22.1      -1.5      19.5
       -.7      16.9      -1.2       7.4
       -.9      15.3      -1.2       5.4
 85765  -.068771  -.962796  -.261330
  96992.8  12721.7      -.4     43.3     43.0     28.9
      -.4     86.6     44.4     11.6  57938.1  59552.6
     -12.8      53.6       1.1      72.3
      -1.5      22.4      -1.5      19.9
       -.5      16.8      -1.3       7.8
      -1.0      15.6      -1.3       5.8
 85766  -.091527  -.961030  -.260851
  97352.9  12732.6      -.4     43.3     43.0     28.9
      -.4     86.6     44.3      5.1  58253.4  59835.6
     -11.9      51.1      -6.0      74.2
      -1.3      22.4      -1.1      18.2
      -1.2      16.8      -1.1       7.6
       -.6      15.4      -1.1       5.9
 85767  -.136577  -.956038  -.259496
  97560.8  12875.1      -.4     43.3     43.0     28.9
      -.4     86.6     43.0     57.7  58314.9  60185.0
     -10.0      49.6      -2.0      66.3
      -1.0      21.7      -1.4      18.1
       -.5      16.9      -1.3       8.6
       -.6      15.4      -1.1       6.9
 85768  -.180796  -.949177  -.257634
  98137.0  12807.1      -.4     43.3     43.0     28.9
      -.4     86.6     43.0     57.7  58301.0  60030.8
     -11.8      54.1      -2.3      61.9
      -1.4      21.9      -1.6      18.3
       -.6      17.0      -1.1       9.2
       -.4      15.4       -.9       7.4
 85769  -.223945  -.940570  -.255298
  99207.0  12899.3      -.4     43.3     43.0     28.9
      -.4     86.6     43.0     57.7  59505.0  61242.2
     -11.2      51.1      -2.6      59.3
      -1.0      22.0      -1.1      17.1
       -.8      17.0      -1.1       9.9
       -.5      15.2      -1.0       7.9
 85770  -.265817  -.930361  -.252527
 100156.5  13228.0      -.4     43.3     43.0     28.9
      -.4     86.6     43.0     57.7  60541.7  61869.5
     -11.4      50.3      -3.6      54.1
      -1.0      21.9      -1.0      17.8
       -.3      16.8       -.7      10.4
       -.3      15.2       -.9       8.5
 85771  -.306238  -.918714  -.249365
 101403.0  13362.7      -.4     43.3     43.0     28.9
      -.4     86.6     43.0     57.7  61136.0  62803.9
     -10.1      48.1      -5.5      52.4
      -1.4      22.1      -1.2      17.7
       -.4      16.6       -.7      10.8
       -.3      15.5       -.7       9.0
 85772  -.345068  -.905804  -.245861
 102662.3  13451.6      -.4     43.3     43.0     28.9
      -.4     86.6     43.0     57.7  61974.3  63954.0
      -9.6      47.9      -3.6      50.1
      -1.0      21.7       -.9      17.2
       -.6      16.8       -.6      11.4
       -.8      15.3       -.9       9.8
 85773  -.382204  -.891810  -.242063
 104480.8  13505.8      -.4     43.3     43.0     28.9
      -.4     86.6     43.0     57.7  63574.4  65162.3
     -10.2      54.1      -5.3      49.3
      -1.3      22.4      -1.2      18.2
       -.3      16.7       -.4      11.6
       -.2      15.2       -.5       9.8
 85774  -.417577  -.876913  -.238019
 106006.4  13505.3      -.4     43.3     43.0     28.9
      -.4     86.6     43.0     57.7  64229.5  65919.1
      -9.6      53.5      -3.0      43.4
      -1.3      22.4      -1.1      18.7
       -.5      16.5       -.6      12.7
       -.2      14.9       -.6      10.7
 85775  -.451149  -.861285  -.233777
 108075.0  13430.2      -.4     43.3     43.0     28.9
      -.4     86.6     43.0     57.7  65385.6  67028.6
     -11.9      51.1      -5.4      45.1
       -.9      22.1      -1.0      18.2
       -.2      16.7       -.4      12.4
       -.3      14.8       -.4      10.6
 85776  -.482910  -.845093  -.229382
 109783.6  13196.1      -.4     43.3     43.0     28.9
      -.4     86.6     43.0     57.7  66717.1  68812.5
     -10.9      54.1      -5.2      42.7
       -.7      21.3       -.9      18.6
       -.2      16.4       -.4      13.4
       -.4      14.9       -.5      11.7
 85777   .337328  -.927651  -.160231
 158174.8  13472.3      -.4     43.3     43.0     28.9
      -.4     86.6     43.0     57.7  98236.6 101852.2
     -12.9      54.4       9.9      62.1
      -1.5      23.5       1.4      21.6
       -.4      16.8        .5      10.3
       -.5      15.3        .6       8.2
 85778   .312066  -.936198  -.161707
 156506.4  13309.7      -.4     43.3     43.0     28.9
      -.4     86.6     43.0     57.7  98740.6 102170.0
     -10.6      50.2       6.6      64.5
      -1.4      22.8       1.0      24.2
       -.8      17.1        .6      10.9
       -.5      15.8        .4       8.7
 85779   .286124  -.944211  -.163091
 155463.0  13247.7      -.4     43.3     43.0     28.9
      -.4     86.6     43.0     57.7  96953.9 100398.4
     -11.4      53.4       4.0      70.2
      -1.4      22.0       1.2      21.2
       -.5      17.0        .5       9.3
       -.9      15.6        .4       7.5
 85780   .259539  -.951641  -.164374
 154108.3  13150.4      -.4     43.3     43.0     28.9
      -.4     86.6     43.0     57.7  96447.4  99591.2
     -12.4      51.9      11.3      76.9
      -1.4      23.2       1.2      25.4
       -.6      16.8        .3      10.0
       -.6      15.6        .3       7.6
 85781   .232349  -.958440  -.165549
 153324.7  13037.9      -.4     43.3     43.0     28.9
      -.4     86.6     43.0     57.7  95935.3  98741.1
     -12.8      50.6       9.1      81.4
      -1.7      23.0        .8      23.8
      -1.1      17.0        .4       9.2
       -.6      16.0        .3       6.7
 85782   .204604  -.964562  -.166606
 152198.2  13026.0      -.4     43.3     43.0     28.9
      -.4     86.6     43.0     57.7  94536.9  97240.8
     -11.6      52.2       9.6      86.8
      -1.8      22.8       1.5      25.8
       -.5      16.9        .1       9.1
       -.6      15.4        .0       6.7
 85783   .176357  -.969963  -.167539
 151630.3  12912.7      -.4     43.3     43.0     28.9
      -.4     86.6     43.9      1.8  94256.1  96738.2
     -11.4      50.0       6.6      90.5
      -2.1      22.6       1.0      28.4
       -.7      17.1        .0       8.3
       -.9      15.6        .0       5.7
 85784   .147667  -.974605  -.168341
 150830.1  12886.1      -.4     43.3     43.0     28.9
      -.4     86.6     43.2     13.3  95516.6  97619.2
     -11.3      50.0       8.6     100.0
      -1.9      22.8        .9      29.5
      -1.0      17.2       -.1       8.2
       -.5      16.0       -.2       5.3
 85785   .118600  -.978453  -.169006
 150316.2  12752.0      -.4     43.3     43.0     28.9
      -.4     86.6     42.8     27.0  93809.5  96691.7
     -12.4      52.8      10.2      97.7
      -1.7      23.1        .2      31.5
       -.9      17.1       -.5       8.2
       -.7      15.8       -.5       4.6
 85786   .089225  -.981478  -.169528
 149713.4  12767.7      -.4     43.3     42.7     11.8
      -.4     86.6     42.6     40.4  94582.1  96801.6
     -13.0      54.8      12.8     109.8
      -1.6      22.2        .0      40.8
       -.9      17.0       -.5       9.5
      -1.0      15.7       -.6       4.2
 85787   .059616  -.983656  -.169904
 149159.4  12748.5      -.4     43.3     41.9     24.5
      -.4     86.6     41.8     52.7  94552.8  96172.4
      -8.9      50.2      10.8     121.8
      -1.8      22.2        .2      61.3
       -.8      17.2       -.1      24.5
       -.8      15.6       -.6       9.4
 85788   .044746  -.984421  -.170036
 149127.2  12731.4      -.4     43.3     45.2     22.2
      -.4     86.6     45.1     50.5  92693.7  95297.6
     -11.2      51.1       8.0     120.0
      -1.5      22.8       1.8      59.9
      -1.1      17.2        .5      17.3
       -.9      15.9        .3       8.1
 85789   .029848  -.984969  -.170131
 149440.7  12801.9      -.4     43.3     45.1     16.2
      -.4     86.6     45.0     44.5  91986.2  95087.6
     -10.8      48.8       9.6     109.7
      -2.0      22.9        .6      49.4
      -1.1      17.3       -.5      13.1
       -.8      15.5       -.3       6.3
 85790   .014929  -.985299  -.170188
 149080.4  12859.4      -.4     43.3     45.1      9.4
      -.4     86.6     45.1     37.9  94726.6  95977.8
     -10.8      51.6       3.6     112.1
      -1.4      22.3       -.4      40.3
      -1.1      17.0       -.7       9.7
       -.9      15.7       -.8       5.3
 85791   .000000  -.985408  -.170207
 149212.9  12687.6      -.4     43.3     45.1     11.8
      -.4     86.6     44.8     31.3  94036.2  96425.9
     -13.3      51.9       6.1     107.9
      -1.8      23.3       -.9      35.0
      -1.0      17.2      -1.0       8.8
       -.5      16.0       -.8       4.4
 85792  -.014929  -.985299  -.170188
 148813.7  12700.9      -.4     43.3     43.0     28.9
      -.4     86.6     44.7     24.4  94391.7  95985.1
      -9.9      49.5        .6     103.7
      -1.7      22.4       -.7      30.6
       -.9      17.3      -1.1       8.4
       -.9      16.1      -1.2       4.6
 85793  -.029848  -.984969  -.170131
 148971.3  12726.4      -.4     43.3     43.0     28.9
      -.4     86.6     44.6     17.6  93425.1  95889.0
     -11.2      49.1      -4.7      98.7
      -2.0      23.8       -.6      28.1
       -.7      17.2      -1.1       8.4
       -.6      16.0      -1.0       5.1
 85794  -.044746  -.984421  -.170036
 149163.4  12750.9      -.4     43.3     43.0     28.9
      -.4     86.6     44.7     10.9  93973.5  96171.5
     -11.9      48.6       4.1      87.8
      -1.7      22.1       -.6      27.2
       -.9      17.4      -1.2       8.5
       -.8      15.7      -1.1       5.5
 85795  -.059616  -.983656  -.169904
 149225.8  12802.3      -.4     43.3     43.0     28.9
      -.4     86.6     44.7      4.1  94216.3  96213.8
     -12.8      49.8       3.1      89.4
      -1.8      22.9      -1.0      25.4
       -.8      17.3       -.9       8.2
       -.5      15.8       -.9       5.3
 85796  -.089225  -.981478  -.169528
 149643.0  12900.6      -.4     43.3     43.0     28.9
      -.4     86.6     43.0     57.7  93010.0  96307.9
     -11.0      49.2        .1      79.7
      -1.7      22.8       -.6      25.9
       -.7      17.3      -1.2       8.7
       -.8      15.7      -1.1       6.2
 85797  -.118600  -.978453  -.169006
 149996.4  12744.4      -.4     43.3     43.0     28.9
      -.4     86.6     43.0     57.7  93114.9  95609.2
      -8.5      47.7       -.9      81.5
      -1.3      23.1      -1.0      22.7
       -.5      17.3       -.7       8.0
       -.7      16.1       -.8       6.3
 85798  -.147667  -.974605  -.168341
 150695.0  12837.3      -.4     43.3     43.0     28.9
      -.4     86.6     43.0     57.7  94984.0  97224.6
      -8.8      49.9      -2.1      69.0
      -1.3      23.3       -.9      21.6
       -.2      17.1       -.7       8.9
       -.5      15.8       -.9       7.1
 85799  -.176357  -.969963  -.167539
 151094.8  12928.0      -.4     43.3     43.0     28.9
      -.4     86.6     43.0     57.7  94227.2  96711.0
     -12.5      52.3      -4.3      65.9
      -1.8      22.9      -1.0      21.4
       -.8      17.3       -.8       9.1
       -.7      15.8       -.8       7.2
 85800  -.204604  -.964562  -.166606
 151975.3  12938.4      -.4     43.3     43.0     28.9
      -.4     86.6     43.0     57.7  95691.6  98545.8
      -9.4      52.7      -4.4      64.2
      -1.8      22.5      -1.2      21.2
       -.7      17.4       -.7       9.6
       -.9      16.1      -1.0       7.8
 85801  -.232349  -.958440  -.165549
 153220.8  12982.9      -.4     43.3     43.0     28.9
      -.4     86.6     43.0     57.7  95700.8  98571.0
     -11.1      50.0      -2.7      60.6
      -1.7      22.8      -1.1      19.9
       -.5      17.0       -.5       9.8
       -.5      15.9       -.5       8.2
 85802  -.259539  -.951641  -.164374
 153917.8  13142.3      -.4     43.3     43.0     28.9
      -.4     86.6     43.0     57.7  96552.5  98618.4
     -11.8      50.0     -10.7      58.0
      -1.3      22.8       -.9      20.3
       -.7      17.3       -.7      10.5
       -.5      16.0       -.6       8.6
 85803  -.286124  -.944211  -.163091
 154997.1  13273.0      -.4     43.3     43.0     28.9
      -.4     86.6     43.0     57.7  97304.0 100065.4
     -12.0      61.2      -4.6      52.9
      -1.3      23.2      -1.3      19.1
       -.6      17.1       -.6      10.6
       -.4      15.6       -.2       8.8
 85804  -.312066  -.936198  -.161707
 156626.3  13360.7      -.4     43.3     43.0     28.9
      -.4     86.6     43.0     57.7  98484.1 101481.8
     -12.7      55.2      -5.8      49.3
      -1.6      22.6       -.9      18.0
       -.4      16.9       -.5      10.8
       -.3      15.4       -.3       9.2
 85805  -.337328  -.927651  -.160231
 157640.6  13353.6      -.4     43.3     43.0     28.9
      -.4     86.6     43.0     57.7  98772.8 101659.2
     -10.2      49.3      -5.5      45.5
      -1.0      22.6      -1.0      19.2
       -.6      17.1       -.5      11.1
       -.8      15.6       -.7       9.6
