Dot1_150x100_prd2017lk:dj0047a@-250V,3.8T@90d,263K,rhe=1.10,rhh=0.7,0.4/0.4     
  1015   1  3.80  60   5  29   0  250.00  263.00     .40 1.00000   800.0     .03   90.47  150.000  100.000  285.000   800.0     .01   45.24    1.50    1.00     .85
 85301   .000000   .000000 -1.000000
  25777.4  19586.8       .1     41.1     45.3      6.0
       .1     84.2     45.3     34.1  12563.7  12973.7
       4.0      71.3        .5      38.4
       -.5       8.6      -1.4      10.6
        .0       5.0      -1.5       7.3
       -.1       5.0      -1.5       6.3
 85302   .000000  -.130455  -.991454
  26030.1  19790.5       .3     33.8     45.3      5.9
       .3     77.2     45.6     34.0  12426.0  12936.0
       -.2      57.2       -.5      39.3
       -.4       5.4      -1.5      10.3
       -.4       5.0      -1.3       7.3
       -.6       5.0      -1.5       6.2
 85303   .000000  -.254493  -.967075
  26519.5  20342.9      -.3     25.3     45.4      5.9
      -.3     68.3     45.7     33.8  13052.0  13496.3
      -4.5      47.5      -1.1      40.3
       -.9       8.8      -1.6      10.4
       -.7       5.5      -1.4       7.3
       -.7       5.0      -1.5       6.3
 85304   .000000  -.367167  -.930155
  27512.1  20538.4      -.3     16.5     45.4      5.7
      -.2     59.3     45.7     33.7  13474.2  14010.3
      -6.1      49.5       -.1      41.4
      -1.1      12.6      -1.6      10.7
       -.5       8.1      -1.3       7.1
       -.8       6.8      -1.5       6.2
 85305   .000000  -.465746  -.884918
  28868.4  20597.4      -.3      8.1     45.6      5.5
      -.1     50.2     45.6     33.5  14184.2  14867.4
      -5.5      47.2       -.4      40.4
      -1.4      16.5      -1.4      10.5
      -1.0      10.9      -1.2       7.1
      -1.1       8.9      -1.6       6.1
 85306   .000000  -.549617  -.835417
  30557.0  19860.3     -1.4      6.6     45.7      5.3
      -.2     40.8     45.9     33.5  15324.8  15884.7
      -8.7      53.7        .6      46.7
      -1.8      21.6      -1.4      10.8
      -1.3      14.2      -1.2       7.0
      -1.1      11.3      -1.3       6.0
 85307   .000000  -.619644  -.784883
  32598.1  18404.2       .0     43.3     45.8      5.0
       .2     30.8     45.8     33.0  16609.1  17182.5
      -8.5      57.7        .5      43.3
      -2.2      27.0      -1.3      10.6
      -1.4      17.8      -1.2       6.9
      -1.4      14.3      -1.3       5.8
 85308   .000000  -.677476  -.735545
  34649.5  17038.3       .0     43.3     45.8      4.7
       .0     21.4     46.1     32.9  17541.2  18297.0
      -7.2      55.4       -.1      45.8
      -1.9      27.9      -1.1      10.7
      -2.0      18.0      -1.2       6.7
      -1.7      15.0      -1.3       5.8
 85309   .000000  -.724999  -.688749
  37176.0  16197.9       .0     43.3     45.9      4.5
      -.3     12.6     46.3     32.5  19436.9  20069.0
      -9.8      58.0       -.8      50.9
      -2.0      26.0      -1.3      10.6
      -1.4      17.2      -1.0       6.7
      -1.9      14.5      -1.3       5.6
 85310   .000000  -.764030  -.645181
  39543.2  15199.3       .0     43.3     46.0      4.3
      -.1      7.5     46.4     32.5  20713.3  21401.1
      -9.6      52.0       1.7      50.4
      -1.7      22.5      -1.4      11.0
      -1.2      16.8      -1.0       6.5
      -1.2      15.5      -1.2       5.5
 85311   .000000  -.796162  -.605083
  42093.2  14706.7       .0     43.3     46.0     11.6
       .0     86.6     46.6     32.2  22242.7  22891.4
      -8.2      52.4       2.3      51.0
      -1.8      22.8      -1.3      11.5
      -1.2      17.3      -1.0       6.4
      -1.6      16.2      -1.1       5.4
 85312   .000000  -.822730  -.568432
  44593.0  14205.7       .0     43.3     46.3      3.9
       .0     86.6     46.0     32.0  23547.5  24559.4
      -7.9      51.1       -.6      49.5
      -1.5      22.1      -1.2      11.3
      -1.3      16.5      -1.1       6.3
      -1.1      15.2      -1.1       5.3
 85313   .000000  -.844819  -.535052
  47309.8  14001.0       .0     43.3     46.4      3.7
       .0     86.6     46.4     31.8  25791.4  26643.6
      -9.6      49.2       -.4      53.8
      -1.4      21.2      -1.2      10.9
      -1.2      15.4      -1.0       6.2
      -1.3      13.3      -1.1       5.1
 85314   .000000  -.863297  -.504697
  50302.3  13636.0       .0     43.3     46.5      3.4
       .0     86.6     46.3     31.7  27765.0  28604.4
      -8.9      51.3      -1.2      52.6
      -1.1      21.8      -1.2      12.3
      -1.2      17.6      -1.0       6.2
      -1.4      15.6      -1.1       5.1
 85315   .000000  -.878853  -.477092
  53221.8  13451.8       .0     43.3     46.4      3.3
       .0     86.6     46.6     31.3  29510.3  30170.4
     -11.2      50.7        .3      57.6
      -1.8      23.2      -1.5      12.9
      -1.0      18.3       -.9       6.2
      -1.2      17.2      -1.0       5.0
 85316   .000000  -.892036  -.451965
  56078.0  13424.9       .0     43.3     46.5      3.2
       .0     86.6     46.5     31.5  30651.9  32082.3
      -9.9      49.1       3.2      60.1
      -1.6      22.9       -.9      13.3
      -1.3      17.4       -.9       6.1
      -1.5      15.9      -1.0       4.9
 85317   .000000  -.903278  -.429057
  59387.2  13269.6       .0     43.3     46.5      3.1
       .0     86.6     46.4     31.5  33207.7  34197.5
     -10.2      52.5       2.4      63.2
      -1.4      21.9      -1.0      14.0
      -1.3      16.3       -.9       6.1
      -1.0      14.6       -.9       4.9
 85318   .000000  -.912924  -.408131
  61923.8  13063.0       .0     43.3     46.6      2.9
       .0     86.6     46.4     31.3  35200.8  35970.2
      -9.6      48.5       2.8      63.8
      -1.4      22.1      -1.0      14.1
      -1.2      17.7       -.9       5.8
      -1.4      16.4      -1.0       4.7
 85319   .000000  -.921250  -.388972
  65191.9  13008.5       .0     43.3     46.6      2.8
       .0     86.6     46.9     31.1  37088.9  38119.2
     -11.5      53.2       -.3      64.0
      -1.7      23.3       -.9      15.0
      -1.1      19.0       -.9       5.8
      -1.4      17.9       -.9       4.7
 85320   .000000  -.928477  -.371391
  68142.5  12926.2       .0     43.3     46.7      2.7
       .0     86.6     46.9     31.0  39066.1  40163.4
     -12.3      51.6       3.0      66.6
      -1.5      22.8       -.6      15.8
      -1.3      17.8       -.9       5.8
      -1.3      16.5       -.9       4.7
 85321   .000000  -.934784  -.355218
  71218.0  12847.3       .0     43.3     46.7      2.6
       .0     86.6     46.8     30.9  41076.7  42706.9
     -10.4      50.2       2.0      64.5
      -1.5      21.9       -.9      14.6
      -1.4      16.4       -.8       6.0
       -.9      14.9       -.9       4.6
 85322   .000000  -.940315  -.340305
  74135.5  12725.7       .0     43.3     46.8      2.5
       .0     86.6     46.9     30.6  42440.6  44160.1
     -12.7      50.5        .7      71.3
      -1.4      22.1       -.7      17.1
      -1.0      17.7       -.8       6.0
       -.8      16.4       -.8       4.5
 85323   .000000  -.945190  -.326520
  77556.8  12817.2       .0     43.3     46.9      2.3
       .0     86.6     47.1     30.6  45003.3  46267.5
      -9.4      50.8       1.2      74.3
      -1.2      23.5       -.7      17.4
      -1.1      19.0       -.8       5.8
      -1.4      18.1       -.8       4.5
 85324   .000000  -.949506  -.313750
  80429.6  12788.2       .0     43.3     46.8      2.4
       .0     86.6     47.1     30.5  47139.6  48621.0
     -11.3      50.9       3.3      71.7
      -1.9      23.1       -.9      17.3
      -1.1      18.1       -.8       5.7
      -1.5      16.8       -.9       4.5
 85325   .000000  -.953342  -.301892
  83737.7  12852.7       .0     43.3     46.9      2.2
       .0     86.6     46.8     30.5  49289.4  50733.6
     -11.4      51.3       4.2      75.7
      -1.8      22.0      -1.0      18.3
       -.9      16.8       -.8       5.8
      -1.3      15.0       -.9       4.4
 85326   .000000  -.956767  -.290857
  87011.5  12698.6       .0     43.3     47.0      2.2
       .0     86.6     47.1     30.5  51859.4  53056.3
     -12.0      49.2       6.1      74.7
      -1.7      22.4      -1.0      20.6
      -1.2      18.0       -.9       5.8
      -1.2      16.7       -.9       4.5
 85327   .000000  -.959834  -.280567
  90241.9  12730.3       .0     43.3     47.0      2.1
       .0     86.6     46.9     30.4  54024.7  55303.1
     -14.8      53.6       1.6      81.7
      -1.3      23.6       -.7      18.6
      -1.3      19.7       -.8       6.1
      -1.3      18.6       -.9       4.5
 85328   .000000  -.962593  -.270952
  93483.8  12713.3       .0     43.3     47.0      2.0
       .0     86.6     47.0     30.5  55918.0  57367.5
     -13.9      53.9        .1      77.8
      -1.6      22.8       -.6      20.4
      -1.0      18.3       -.7       6.2
      -1.2      17.0       -.8       4.5
 85329   .000000  -.965081  -.261951
  96595.9  12688.0       .0     43.3     47.1      2.0
       .0     86.6     47.0     30.4  57776.9  59387.7
     -11.2      52.7       1.5      77.6
      -1.4      21.9       -.8      21.7
      -1.2      17.0       -.7       6.4
      -1.8      15.3       -.9       4.3
 85330   .000000  -.967333  -.253508
  99783.9  12611.7       .0     43.3     47.0      2.0
       .0     86.6     47.3     30.2  61126.6  62096.7
     -12.9      52.7       1.1      82.6
      -1.5      22.7       -.5      22.7
      -1.1      18.4       -.6       5.7
      -1.2      16.9       -.8       4.5
 85331   .000000  -.969377  -.245576
 103388.0  12661.5       .0     43.3     47.1      1.9
       .0     86.6     47.0     30.1  62176.8  63954.5
     -10.2      49.9       -.1      86.9
      -1.8      23.9       -.6      24.0
      -1.2      19.7       -.8       6.3
      -1.2      18.8       -.8       4.7
 85332   .000000  -.971238  -.238110
 106361.0  12847.6       .0     43.3     47.1      1.8
       .0     86.6     47.4     30.0  64647.4  65803.3
     -10.4      51.2       -.2      88.2
      -2.1      23.7       -.5      25.4
      -1.2      18.5       -.7       6.2
      -1.2      17.2       -.8       4.5
 85333   .000000  -.972937  -.231072
 109572.2  12716.2       .0     43.3     47.1      1.8
       .0     86.6     47.3     30.1  66019.3  67893.4
     -12.4      54.2       6.5      89.0
      -2.2      22.8       -.5      25.7
      -1.1      17.3       -.7       6.6
      -1.2      15.5       -.7       4.4
 85334   .000000  -.974491  -.224428
 112655.1  12573.4       .0     43.3     47.2      1.7
       .0     86.6     47.6     30.0  68126.2  69898.6
     -12.7      54.6       4.2      89.7
      -1.5      22.3       -.4      25.4
      -1.2      18.3       -.7       6.8
      -1.1      17.2       -.7       4.4
 85335   .000000  -.975916  -.218146
 115930.2  12665.3       .0     43.3     47.3      1.7
       .0     86.6     47.4     30.1  70508.6  72502.7
     -10.8      49.2       2.9      88.8
      -1.4      23.9       -.4      26.2
      -1.2      19.7       -.7       6.6
       -.9      18.7       -.8       4.5
 85336   .000000  -.977227  -.212198
 119300.0  12699.0       .0     43.3     47.1      1.7
       .0     86.6     47.4     29.9  73576.7  75257.0
     -12.9      51.6       2.7      98.0
      -1.8      23.6       -.1      28.2
      -1.2      18.7       -.7       7.6
      -1.5      17.3       -.8       4.2
 85337   .000000  -.978434  -.206558
 122572.8  12658.8       .0     43.3     47.3      1.7
       .0     86.6     47.4     30.0  74689.8  77109.1
     -13.0      55.6       2.8      90.3
      -1.4      23.0       -.4      26.7
      -1.3      17.1       -.7       7.4
      -1.2      15.5       -.8       4.6
 85338   .000000  -.979549  -.201205
 125668.9  12612.8       .0     43.3     47.3      1.6
       .0     86.6     47.4     29.8  77451.3  79186.2
     -10.1      50.5       3.3      92.3
      -2.1      23.3       -.3      28.5
       -.9      18.4       -.7       7.3
      -1.5      17.3       -.7       4.3
 85339   .000000  -.980581  -.196116
 128991.2  12815.2       .0     43.3     47.2      1.6
       .0     86.6     47.7     29.7  79476.0  81605.5
     -11.9      50.5       4.4      91.2
      -2.2      24.2       -.3      30.2
      -1.1      19.7       -.7       6.8
      -1.9      19.3       -.8       4.3
 85340   .000000  -.981537  -.191274
 132202.9  12605.9       .0     43.3     47.4      1.6
       .0     86.6     47.4     29.7  80939.6  83800.3
     -11.9      54.4       4.5      98.1
      -2.2      23.6       -.7      29.3
      -1.1      18.6       -.8       8.4
      -1.4      17.6       -.7       4.2
 85341   .000000  -.982424  -.186661
 135509.0  12779.0       .0     43.3     47.4      1.5
       .0     86.6     47.5     29.7  84363.7  86114.1
     -11.1      51.8       2.4      96.4
      -2.3      22.3      -1.1      29.9
      -1.0      17.3       -.6       8.2
      -1.2      16.0       -.7       4.7
 85342   .000000  -.983250  -.182261
 138790.2  12619.8       .0     43.3     47.3      1.5
       .0     86.6     47.6     29.8  86047.5  88239.4
     -15.1      52.5       4.5     100.6
      -2.0      24.0       -.2      31.4
      -1.0      18.6       -.7       7.6
      -1.2      17.3       -.7       5.1
 85343   .000000  -.984020  -.178061
 141961.2  12619.9       .0     43.3     47.5      1.4
       .0     86.6     47.4     29.7  87515.9  90596.2
     -11.3      46.1       6.2     100.6
      -2.0      24.4       -.6      33.0
      -1.4      19.6       -.6       7.9
      -1.5      19.2       -.8       4.4
 85344   .000000  -.984737  -.174047
 145353.7  12719.6       .0     43.3     47.9     17.4
       .0     86.6     47.8     29.8  91264.0  93798.5
     -13.9      53.2       5.8      97.2
      -2.2      23.7        .0      32.5
      -1.2      18.7       -.5       9.6
      -1.0      17.5       -.6       4.7
 85345   .000000  -.985408  -.170207
 148724.6  12692.7       .0     43.3     47.4      1.5
       .0     86.6     47.7     29.7  93704.1  95405.8
     -12.1      53.1       7.5     105.3
      -2.3      22.8       -.2      32.2
      -1.4      17.1       -.7       8.5
      -1.4      15.9       -.8       5.1
 85346   .000000  -.986036  -.166531
 151997.6  12611.3       .0     43.3     47.4      1.4
       .0     86.6     47.5     29.5  95259.9  97862.8
     -11.6      47.8      -2.2      98.3
      -2.2      23.7       -.2      34.4
      -1.3      18.4       -.7       7.9
      -1.1      17.4       -.7       4.5
 85347   .000000  -.986625  -.163008
 155190.9  12732.9       .0     43.3     48.1     20.2
       .0     86.6     47.6     29.6  98588.6 100915.4
      -8.5      50.2      -1.6      99.2
      -1.9      24.5       -.2      34.3
      -1.0      20.2       -.7       7.8
      -1.4      19.1       -.8       5.7
 85348   .000000  -.987696  -.156385
 161762.3  12619.1       .0     43.3     47.5      1.3
       .0     86.6     47.7     29.6 102432.3 104656.2
     -11.0      49.5        .1     105.7
      -2.0      22.8       -.1      34.6
      -1.1      17.4       -.6       9.4
      -1.3      16.0       -.7       5.0
 85349   .000000  -.988644  -.150274
 168498.4  12778.2       .0     43.3     47.6      1.3
       .0     86.6     47.7     29.5 107080.2 110246.9
     -10.1      53.1       4.2     111.0
      -2.1      25.0       -.1      34.5
       -.8      19.8       -.6       9.1
      -1.1      19.0       -.6       4.8
 85350   .000000  -.989488  -.144617
 175282.7  12746.1       .0     43.3     47.6      1.2
       .0     86.6     47.6     29.5 111211.7 113228.7
     -11.3      48.2       4.2     107.2
      -2.3      23.0       -.1      37.8
      -1.2      17.5       -.7       9.6
      -1.2      16.1       -.6       5.5
 85351   .000000  -.990241  -.139367
 181223.4  12774.2       .0     43.3     47.6      1.2
       .0     86.6     47.7     29.5 114536.9 117882.5
     -13.5      54.0       7.5     116.3
      -2.5      25.3       -.8      36.2
      -1.4      19.8       -.6      10.2
      -1.4      19.1       -.7       5.7
 85352   .000000  -.990916  -.134481
 188120.5  12710.5       .0     43.3     47.7      1.2
       .0     86.6     48.2     29.5 120558.0 123037.3
      -9.7      53.8      -6.2     108.8
      -2.9      23.2       -.4      38.9
      -1.3      17.2       -.7      11.3
      -1.3      16.2       -.5       4.9
 85353   .000000  -.991524  -.129924
 195136.8  12776.9       .0     43.3     47.7      1.1
       .0     86.6     47.7     29.2 123670.0 127406.7
     -13.3      53.9       6.8     111.7
      -2.7      26.0       -.2      42.4
      -1.4      19.8       -.7      11.6
      -1.4      18.8       -.6       5.7
 85354   .000000  -.992073  -.125663
 201530.5  12786.0       .0     43.3     47.7      1.1
       .0     86.6     47.9     29.3 129125.8 132970.0
     -13.8      53.5       1.9     117.4
      -2.3      23.2       -.3      41.0
      -1.3      17.2       -.4      11.6
      -1.8      15.9       -.6       5.1
 85355   .000000  -.992571  -.121670
 207850.3  12781.7       .0     43.3     47.7      1.1
       .0     86.6     47.9     29.2 135818.5 138190.2
     -11.9      46.2       2.4     117.8
      -2.3      25.2        .1      40.7
      -1.2      19.8       -.5      12.0
      -1.2      19.2       -.6       7.2
 85356   .000000  -.993023  -.117921
 214250.3  12807.3       .0     43.3     47.8      1.0
       .0     86.6     47.8     29.1 139293.6 142861.4
      -5.9      41.7      -2.5     112.6
      -2.5      22.8        .5      42.8
      -1.6      17.1       -.4      11.9
      -1.1      16.3       -.5       5.3
 85357   .000000  -.993435  -.114396
 221062.0  12750.9       .0     43.3     47.8      1.1
       .0     86.6     47.7     29.2 142466.1 147212.7
      -9.7      43.3       8.0     119.4
      -2.8      25.8       -.2      42.9
      -1.3      20.2       -.7      12.8
       -.9      19.2       -.4       8.5
 85358   .000000  -.993812  -.111073
 227727.2  12756.4       .0     43.3     47.8      1.0
       .0     86.6     47.9     29.0 146062.8 150123.4
      -7.2      43.3      11.3     116.0
      -2.5      22.5       -.1      43.9
      -1.4      17.5       -.7      12.5
      -1.6      16.0       -.6       6.7
 85359   .000000  -.994158  -.107937
 234591.7  12809.5       .0     43.3     47.9      1.0
       .0     86.6     48.2     29.1 154199.1 157792.1
      -5.6      41.8      -1.8     122.4
      -2.3      24.6       -.4      45.5
      -1.2      20.0       -.4      14.9
      -1.5      19.0       -.6       5.2
 85360   .000000  -.994475  -.104972
 240837.2  12800.0       .0     43.3     47.8      1.0
       .0     86.6     48.0     29.1 158158.0 161410.3
     -10.0      36.7      -6.7     119.7
      -2.3      22.0        .0      44.0
      -1.4      17.4       -.4      13.9
      -1.4      16.3       -.7       7.0
 85361   .903278   .000000  -.429057
  58759.0  10478.0      -.1     40.6     45.2     28.9
      -.1     83.4     45.2     57.7  33402.8  34254.9
       1.7      79.4       8.8      41.6
        .3      27.0       1.8      21.9
       -.3       6.8       1.0      16.0
       -.1       5.0       1.1      13.6
 85362   .887877   .000000  -.460082
  54777.9  10871.4      -.3     40.5     45.2     28.9
      -.2     83.5     45.2     57.7  30211.4  31348.4
        .2      79.9       7.8      42.6
       -.4      28.6       1.0      20.7
        .0       6.7       1.1      14.5
        .0       5.0        .9      12.6
 85363   .868777   .000000  -.495203
  50887.0  11245.5      -.2     40.8     45.2     28.9
      -.2     83.7     45.2     57.7  27969.8  28861.5
       4.1      80.1       9.2      44.0
      -1.0      27.2       1.3      20.8
        .3       5.0        .8      15.1
        .0       5.0       1.1      12.9
 85364   .844819   .000000  -.535052
  47369.6  11869.4       .0     40.6     45.2     28.9
       .0     83.6     45.2     57.7  25682.9  26778.6
        .2      81.4       9.3      44.8
       -.9      22.7       1.1      20.1
       -.1       5.0        .7      13.8
        .0       5.0        .8      11.6
 85365   .814421   .000000  -.580275
  43719.8  12751.1       .0     40.6     45.2     28.9
       .1     83.6     45.2     57.7  23564.4  24177.3
       5.2      76.9       9.7      46.7
       1.5      22.3       1.2      20.0
       -.1       5.6        .8      13.9
       -.1       5.0       1.0      11.8
 85366   .775436   .000000  -.631426
  40256.9  13943.8      -.2     40.8     45.2     28.9
      -.2     83.8     45.2     57.7  21486.0  22207.7
      -1.3      79.5       8.8      44.8
      -1.3      20.5        .8      19.2
       -.1       5.0        .5      13.1
       -.1       5.0        .4      10.6
 85367   .724999   .000000  -.688749
  37248.1  15866.8       .1     40.6     45.2     28.9
       .1     83.7     45.9      8.0  19724.6  20349.6
      -4.4      78.1       8.0      43.7
        .8      15.0        .6      17.4
        .0       5.0        .8      12.0
       -.1       5.0        .5       9.9
 85368   .659438   .000000  -.751759
  34213.8  19157.2      -.4     40.7     45.2     28.9
      -.4     83.8     46.1     19.9  17146.3  18010.2
       2.3      69.6       9.0      44.4
        .0      18.1        .5      16.8
        .0       5.0        .5      11.0
       -.1       5.0        .4       9.1
 85369   .574426   .000000  -.818557
  31686.7  23802.9       .2     40.9     45.9      4.8
       .2     83.9     45.8     32.5  15796.0  16615.8
       -.4      75.0       6.8      44.3
       -.9      16.6        .0      11.9
        .1       5.0        .0       8.0
        .0       5.0        .0       6.5
 85370   .465746   .000000  -.884918
  29408.9  24187.0       .0     40.9     45.5     16.1
       .0     84.0     45.6     44.8  14975.5  15408.6
       2.8      73.0      10.3      57.5
       1.8      14.1       -.1       8.0
       -.3       5.0       -.4       4.7
        .0       5.0       -.3       3.9
 85371   .331088   .000000  -.943600
  27835.4  22761.7       .1     40.9     44.5     26.3
       .1     84.0     44.6     55.0  13241.6  13886.5
       1.9      73.3      15.2      73.1
       -.2      10.9       -.8      11.9
       -.2       5.0       -.4       3.0
       -.1       5.0       -.5       3.0
 85372   .254493   .000000  -.967075
  27014.6  22127.3      -.2     41.1     46.1     22.5
      -.2     84.1     46.2     51.4  13171.8  13660.0
      -2.0      67.6       6.9      61.4
        .5       9.5       -.1       7.8
        .0       5.0       -.3       3.1
        .1       5.0       -.4       3.0
 85373   .172799   .000000  -.984957
  26490.6  21667.4       .2     40.9     45.6     17.0
       .2     84.0     45.7     45.7  12701.7  13248.4
      -1.3      72.9       5.6      54.1
      -1.0      10.0       -.9       6.3
       -.1       5.0       -.9       4.1
        .1       5.0      -1.0       3.6
 85374   .087384   .000000  -.996175
  25869.1  20987.1       .0     41.1     45.5     11.2
      -.1     84.2     45.5     39.8  12501.4  13088.6
       1.8      68.0       1.7      42.3
        .3       9.3      -1.3       8.2
       -.1       5.0      -1.2       5.6
        .1       5.0      -1.4       4.9
 85375   .000000   .000000 -1.000000
  25767.2  19579.4       .1     41.1     45.4      6.0
       .1     84.2     45.5     34.0  12481.6  12928.4
       1.1      73.4        .1      39.6
        .4       8.9      -1.2      10.4
       -.1       5.0      -1.2       7.3
        .0       5.0      -1.5       6.2
 85376  -.087384   .000000  -.996175
  25699.2  17364.5       .2     41.1     44.4      3.9
       .2     84.2     45.9     28.2  12477.3  12936.3
      -3.3      72.2      -1.2      38.6
        .3       8.9      -1.7      13.1
       -.1       5.0      -1.6       8.9
        .0       5.0      -1.7       7.7
 85377  -.172799   .000000  -.984957
  25924.4  14737.4      -.3     41.1     45.2     28.9
      -.3     84.2     45.5     22.2  12516.4  12999.3
       1.5      71.2      -2.7      37.5
        .3       8.7      -2.1      15.9
        .1       5.0      -1.8      10.7
        .1       5.0      -2.0       9.0
 85378  -.254493   .000000  -.967075
  26176.0  13071.9       .2     41.1     45.2     28.9
       .2     84.3     45.6     16.5  12774.7  13207.6
       2.2      70.4      -3.3      39.4
       -.1      12.5      -2.3      17.7
        .1       5.0      -2.2      11.9
        .0       5.0      -2.1      10.3
 85379  -.331088   .000000  -.943600
  26762.6  11740.7       .0     40.9     45.2     28.9
      -.1     84.2     45.6     11.2  13324.3  13723.2
      -1.5      68.7      -4.5      39.7
        .3      12.2      -2.7      18.5
        .0       5.0      -1.8      12.8
        .0       5.0      -2.1      11.0
 85380  -.465746   .000000  -.884918
  28459.6  10126.6       .1     41.0     45.2     28.9
       .1     84.2     44.3      6.7  14005.6  14573.3
       1.8      73.2      -5.6      38.2
        .4      11.6      -2.2      18.5
       -.3       5.0      -1.7      13.2
       -.1       5.0      -2.0      11.7
 85381  -.574426   .000000  -.818557
  30660.5   9210.8       .3     41.2     45.2     28.9
       .2     84.3     45.2     57.7  15566.7  16150.5
       4.0      72.3      -5.9      41.5
       -.6      16.8      -2.6      21.4
        .1       5.0      -1.6      15.5
        .1       5.0      -2.2      13.7
 85382  -.659438   .000000  -.751759
  33459.9   8683.3       .0     41.1     45.2     28.9
       .0     84.3     45.2     57.7  17095.3  17947.6
       2.3      79.4      -4.6      40.7
        .6      14.7      -2.1      20.5
        .2       5.0      -1.6      15.0
        .0       5.0      -1.6      13.7
 85383  -.724999   .000000  -.688749
  36405.9   8243.5      -.5     41.2     45.2     28.9
      -.5     84.2     45.2     57.7  19264.9  19919.9
       -.5      79.1      -5.9      40.8
        .3      20.3      -1.6      22.5
       -.2       5.0      -1.5      16.5
        .0       5.0      -1.5      14.8
 85384  -.775436   .000000  -.631426
  39897.1   8075.9      -.5     41.1     45.2     28.9
      -.5     84.1     45.2     57.7  21391.3  21988.4
        .5      77.0      -6.1      38.4
        .1      16.2      -1.4      21.5
        .0       5.0      -1.1      16.3
       -.1       5.0      -1.2      14.8
 85385  -.814421   .000000  -.580275
  43342.8   8068.2      -.5     41.0     45.2     28.9
      -.5     84.0     45.2     57.7  23580.2  24409.3
      -2.6      75.3      -7.2      41.1
        .0      19.0      -1.6      23.6
       -.1       5.0      -1.1      17.3
       -.2       5.0      -1.4      15.6
 85386  -.844819   .000000  -.535052
  46970.5   7876.8       .1     40.9     45.2     28.9
       .0     83.9     45.2     57.7  25554.0  26358.7
       -.6      77.5      -5.4      37.5
       -.1      24.4      -1.0      21.7
       -.4       5.0       -.8      16.9
       -.1       5.0      -1.0      15.2
 85387  -.868777   .000000  -.495203
  50749.1   7730.2       .2     40.9     45.2     28.9
       .3     83.9     45.2     57.7  28132.5  29191.3
       -.1      81.4      -6.0      37.8
       -.3      26.7       -.9      23.7
       -.4       6.7      -1.1      17.6
       -.1       5.0      -1.1      15.8
 85388  -.887877   .000000  -.460082
  54529.9   7815.4       .1     40.7     45.2     28.9
       .1     83.7     45.2     57.7  30868.5  31681.1
        .9      82.5      -5.1      35.8
      -1.2      28.9       -.8      21.3
        .0       6.7      -1.1      17.0
       -.1       5.0       -.8      15.5
 85389  -.903278   .000000  -.429057
  58527.1   7761.6       .0     40.6     45.2     28.9
       .1     83.6     45.2     57.7  32974.4  34192.0
       3.5      79.5      -5.4      38.2
        .8      28.9      -1.2      23.0
        .2       5.3       -.6      17.8
        .0       5.0       -.9      16.1
 85390   .840060  -.367526  -.399028
  63149.3  11349.9       .0     43.3     45.2     28.9
       .2     16.9     45.2     57.7  35414.5  36800.2
      -7.2      61.2       8.9      42.1
      -1.7      24.5       1.6      21.3
      -1.3      15.7       1.1      15.1
      -1.0      13.1        .9      13.6
 85391   .817505  -.390173  -.423616
  59529.9  11873.0       .0     43.3     45.2     28.9
       .2     17.3     45.2     57.7  33531.2  34462.3
      -7.4      64.3      10.1      47.3
      -1.4      25.0       1.4      20.5
       -.9      16.0        .9      14.5
      -1.0      13.4        .8      12.5
 85392   .790440  -.414981  -.450551
  56036.6  12414.1       .0     43.3     45.2     28.9
       .1     17.5     45.2     57.7  31564.6  32480.5
      -7.4      60.1       9.2      46.1
      -1.4      25.3       1.3      20.5
      -1.1      16.4        .8      14.6
      -1.2      13.4        .8      12.5
 85393   .757796  -.442047  -.479937
  52551.1  13276.7       .0     43.3     45.2     28.9
       .2     18.1     45.2     57.7  29101.7  30181.4
      -5.3      60.4       9.2      46.2
      -1.7      25.0        .9      19.5
      -1.3      16.3        .7      13.7
      -1.2      13.7        .7      11.5
 85394   .718269  -.471364  -.511767
  49635.9  14430.1       .0     43.3     45.2     28.9
       .1     18.5     45.2     57.7  26857.7  27814.1
      -8.4      59.6       9.3      48.7
      -1.4      25.9        .8      19.1
      -1.3      17.0        .4      13.2
      -1.3      13.9        .6      11.2
 85395   .670317  -.502738  -.545830
  46472.0  16112.4       .0     43.3     45.2     28.9
       .4     18.8     45.2     57.7  25286.3  26225.0
      -7.3      59.3       9.2      49.1
      -1.8      25.8        .5      18.9
      -1.2      17.0        .4      12.4
      -1.3      13.9        .4      10.2
 85396   .612205  -.535679  -.581595
  43849.9  18283.9       .0     43.3     45.2     28.9
      -.4     19.5     45.6      7.3  23230.8  24156.9
      -8.4      58.2       8.1      47.8
      -1.9      26.2        .3      16.9
      -1.7      17.4        .5      11.2
      -1.4      14.1        .1       9.3
 85397   .542159  -.569267  -.618061
  41282.5  19507.0       .0     43.3     45.2     28.9
      -.1     19.9     45.8     19.1  22096.3  22750.2
      -8.2      57.3       7.0      48.7
      -2.0      26.3        .5      16.1
      -1.5      17.6        .0      10.3
      -1.5      14.5        .0       8.3
 85398   .458673  -.602008  -.653609
  39107.3  19014.3       .0     43.3     45.8      4.0
       .1     20.4     45.7     31.8  20482.1  21313.7
      -7.0      58.2       6.3      48.1
      -1.9      26.7        .0      11.8
      -1.9      17.8       -.1       7.5
      -1.6      14.4       -.2       6.2
 85399   .361020  -.631785  -.685938
  37469.3  18164.1       .0     43.3     45.7     15.5
       .1     20.6     45.6     44.3  19529.8  20203.1
      -9.1      58.1       9.2      60.3
      -2.2      26.8       -.1       9.0
      -1.7      17.9       -.3       4.4
      -1.7      14.7       -.4       3.8
 85400   .249898  -.655981  -.712208
  35922.8  17500.1       .0     43.3     44.5     26.2
      -.4     20.8     44.5     54.9  18428.0  19048.1
      -8.8      60.3       5.6      78.0
      -2.0      26.6       -.1      14.0
      -1.8      18.0       -.4       3.0
      -2.0      14.8       -.4       3.0
 85401   .190037  -.665130  -.722141
  35605.2  17332.9       .0     43.3     46.5     22.4
      -.1     21.1     46.5     51.0  18523.7  19028.2
      -9.8      60.9       5.3      69.4
      -2.3      27.3       -.4      13.4
      -2.1      18.1       -.1       3.4
      -1.9      14.9       -.3       3.0
 85402   .127982  -.671905  -.729496
  35227.9  17257.5       .0     43.3     46.2     16.3
      -.4     21.3     46.2     45.0  18105.9  18555.5
      -9.1      55.0       3.4      60.1
      -2.8      27.3       -.6       8.7
      -1.6      18.7       -.7       3.9
      -2.0      14.9       -.9       3.5
 85403   .064388  -.676070  -.734019
  34939.0  16936.2       .0     43.3     46.0     10.4
      -.3     21.2     46.2     39.0  17854.9  18497.7
     -10.5      57.1       -.5      51.4
      -1.4      27.8      -1.0       9.1
      -1.5      18.3       -.9       5.3
      -1.7      14.9      -1.1       4.5
 85404   .000000  -.677476  -.735545
  34542.4  16832.1       .0     43.3     45.9      4.7
       .0     21.6     45.9     32.9  17875.5  18415.7
      -8.6      57.9        .0      45.1
      -1.7      27.9      -1.2      10.3
      -1.9      17.9      -1.1       6.6
      -1.7      15.0      -1.3       5.7
 85405  -.064388  -.676070  -.734019
  34520.0  16856.6       .0     43.3     44.4      4.4
       .0     21.6     46.0     26.7  17692.5  18262.1
      -8.4      56.6      -2.6      43.9
      -2.1      27.5      -1.7      12.8
      -1.6      18.1      -1.5       8.2
      -1.6      15.0      -1.5       6.8
 85406  -.127982  -.671905  -.729496
  34589.3  16444.7       .0     43.3     45.2     28.9
       .2     21.5     46.3     20.6  17879.2  18304.0
      -7.7      56.1      -1.9      44.1
      -2.0      26.9      -1.9      14.6
      -1.7      17.8      -1.6       9.5
      -1.7      14.9      -1.8       8.0
 85407  -.190037  -.665130  -.722141
  35149.4  15874.4       .0     43.3     45.2     28.9
      -.1     21.7     46.0     14.6  18012.6  18562.0
      -7.1      59.5      -1.1      43.3
      -1.9      27.5      -1.9      16.3
      -1.8      18.3      -1.8      10.8
      -1.5      15.1      -1.7       9.1
 85408  -.249898  -.655981  -.712208
  35584.1  14548.7       .0     43.3     45.2     28.9
       .0     21.4     46.1      9.1  18613.0  19046.1
      -6.7      59.7      -1.5      39.2
      -2.5      27.4      -2.0      16.6
      -1.7      18.4      -1.6      11.4
      -1.7      14.9      -1.8       9.8
 85409  -.361020  -.631785  -.685938
  36855.5  13256.9       .0     43.3     45.2     28.9
       .4     21.2     45.6      9.1  19416.7  19902.3
      -7.6      58.4      -4.1      41.5
      -2.0      27.8      -1.8      17.6
      -1.5      17.9      -1.4      12.1
      -1.3      15.1      -1.8      10.6
 85410  -.458673  -.602008  -.653609
  38476.6  11583.5       .0     43.3     45.2     28.9
      -.2     20.8     45.2     57.7  19881.6  20694.7
      -5.8      57.0      -3.1      42.3
      -1.6      27.3      -1.6      19.3
      -1.6      17.8      -1.6      14.0
      -1.3      14.9      -1.7      12.7
 85411  -.542159  -.569267  -.618061
  40855.1  10673.7       .0     43.3     45.2     28.9
      -.1     20.3     45.2     57.7  21384.8  21998.3
      -6.5      59.4      -3.8      39.4
      -1.6      26.6      -1.4      19.3
      -1.1      17.7      -1.1      13.9
      -1.1      14.7      -1.4      12.4
 85412  -.612205  -.535679  -.581595
  43081.2   9860.1       .0     43.3     45.2     28.9
       .2     19.8     45.2     57.7  23441.9  24124.4
      -9.5      55.9      -6.0      40.0
      -1.7      26.1      -1.6      21.0
      -1.2      17.1      -1.1      15.2
      -1.1      14.4      -1.2      14.1
 85413  -.670317  -.502738  -.545830
  45942.0   9510.2       .0     43.3     45.2     28.9
       .4     19.2     45.2     57.7  25176.0  25811.2
      -7.6      58.0      -5.5      38.6
      -1.2      26.4      -1.1      20.3
       -.9      16.9       -.8      15.0
      -1.2      14.3      -1.1      13.8
 85414  -.718269  -.471364  -.511767
  48978.6   9033.6       .0     43.3     45.2     28.9
       .2     18.8     45.2     57.7  26886.8  27589.6
      -6.0      58.9      -5.1      41.8
      -1.2      25.6       -.9      22.4
       -.9      16.4       -.9      16.4
       -.8      13.8      -1.2      15.1
 85415  -.757796  -.442047  -.479937
  52218.9   8708.2       .0     43.3     45.2     28.9
      -.2     18.4     45.2     57.7  29124.3  30060.1
      -8.5      61.0      -5.8      39.6
      -1.7      25.3      -1.1      20.7
       -.9      16.2       -.9      15.7
       -.7      13.8       -.9      14.6
 85416  -.790440  -.414981  -.450551
  55757.6   8602.3       .0     43.3     45.2     28.9
       .3     17.8     45.2     57.7  31289.7  32034.6
      -7.9      59.1      -4.4      38.5
      -1.3      25.2      -1.2      22.2
       -.9      16.2      -1.1      17.5
       -.9      13.4      -1.1      15.6
 85417  -.817505  -.390173  -.423616
  59057.5   8421.1       .0     43.3     45.2     28.9
       .2     17.4     45.2     57.7  33324.3  34418.5
      -5.4      60.8      -5.3      37.1
      -1.6      24.7       -.9      20.5
      -1.2      15.9       -.6      16.4
       -.8      13.4       -.9      15.3
 85418  -.840060  -.367526  -.399028
  62984.0   8438.5       .0     43.3     45.2     28.9
       .2     17.0     45.2     57.7  36230.4  37132.3
      -3.7      61.1      -4.9      36.2
      -1.0      24.5       -.9      22.8
       -.8      15.6       -.4      17.9
       -.5      13.2       -.9      16.2
 85419   .708659  -.620076  -.336613
  75035.7  13501.7       .0     43.3     45.2     28.9
       .0     86.6     45.2     57.7  43716.0  45177.0
      -9.3      55.6      10.4      46.1
      -1.8      23.6       1.8      20.7
       -.8      17.2        .8      14.1
       -.9      15.5        .7      12.4
 85420   .677337  -.646549  -.350984
  72044.2  14171.5       .0     43.3     45.2     28.9
       .0     86.6     45.2     57.7  41621.9  42868.3
     -11.3      58.8       8.8      48.2
      -1.5      22.9       1.4      19.9
      -1.1      17.3        .8      13.6
       -.6      15.9        .6      11.7
 85421   .641844  -.673936  -.365851
  69339.2  14776.1       .0     43.3     45.2     28.9
       .0     86.6     45.2     57.7  39755.8  41024.9
     -12.3      58.5      10.3      47.3
      -1.0      22.8       1.0      19.7
       -.9      17.5        .9      12.9
       -.8      16.0        .7      11.3
 85422   .601687  -.701968  -.381068
  66406.7  15280.0       .0     43.3     45.2     28.9
       .0     86.6     45.2     57.7  37209.0  38375.3
     -11.3      52.7      10.1      50.5
      -1.4      23.0        .9      19.5
       -.7      17.5        .4      12.8
       -.8      15.9        .5      10.5
 85423   .556388  -.730259  -.396426
  63846.7  15606.1       .0     43.3     45.2     28.9
       .0     86.6     45.2     57.7  36436.6  37252.7
     -11.2      55.4       8.9      53.1
      -1.1      22.5       1.0      17.9
      -1.2      17.5        .7      11.6
       -.9      16.2        .4       9.8
 85424   .505524  -.758286  -.411641
  61714.2  15581.3       .0     43.3     45.2     28.9
       .0     86.6     45.2     57.7  35040.2  35795.7
     -11.2      55.1      10.8      53.0
       -.9      22.7        .4      18.2
      -1.4      17.9        .5      11.4
      -1.1      16.4        .3       9.1
 85425   .448787  -.785377  -.426348
  59590.3  15206.8       .0     43.3     45.2     28.9
       .0     86.6     45.8      5.2  33542.4  34492.8
     -11.6      56.0      11.5      59.8
      -1.9      23.2        .7      16.4
      -1.0      17.8        .2       9.9
      -1.3      16.6        .2       8.1
 85426   .386057  -.810720  -.440105
  57749.7  14723.1       .0     43.3     45.2     28.9
       .0     86.6     45.7     17.5  32050.0  33032.5
     -10.1      53.9       9.7      61.4
      -1.6      23.2        .3      16.5
      -1.4      17.9        .0       9.2
      -1.3      17.0       -.1       7.2
 85427   .317480  -.833386  -.452409
  56301.2  14244.0       .0     43.3     46.0      2.9
       .0     86.6     45.7     30.3  31194.7  32181.8
      -7.4      51.0       5.1      61.6
      -1.4      23.0        .1      12.5
      -1.0      18.2       -.3       6.9
      -1.2      16.9       -.3       5.6
 85428   .243541  -.852392  -.462727
  55079.4  13917.7       .0     43.3     45.7     14.8
       .0     86.6     45.5     43.4  30276.3  31036.5
     -10.8      53.5       7.5      72.4
      -2.3      23.3        .1      16.0
      -1.4      18.5       -.3       4.8
      -1.3      17.3       -.4       3.7
 85429   .165103  -.866792  -.470544
  53994.0  13760.1       .0     43.3     44.3     25.8
       .0     86.6     44.4     54.4  30080.3  30863.6
     -10.9      52.2       5.6      87.4
      -1.4      22.7        .1      32.6
      -1.3      18.4       -.4       5.1
      -1.5      17.2       -.5       3.0
 85430   .124573  -.872008  -.473376
  53732.9  13670.8       .0     43.3     47.0     21.9
       .0     86.6     47.0     50.5  29858.8  30714.1
     -12.2      54.3       5.1      84.2
      -1.7      23.2        .0      21.8
      -1.2      18.2        .5       5.0
      -1.6      17.3        .2       3.5
 85431   .083409  -.875791  -.475429
  53289.3  13573.9       .0     43.3     46.8     15.8
       .0     86.6     46.8     44.4  29563.2  30346.5
      -9.1      53.1       4.3      72.3
      -1.4      23.0       -.3      14.6
      -1.2      18.2       -.4       4.3
      -1.6      17.1       -.7       3.3
 85432   .041814  -.878085  -.476675
  53183.9  13528.1       .0     43.3     46.7     10.9
       .0     86.6     46.5     37.9  29891.5  30705.6
      -8.4      53.4       2.4      63.3
      -1.6      23.4       -.8      13.0
      -1.7      18.4       -.8       5.0
      -1.4      17.4       -.9       4.2
 85433   .000000  -.878853  -.477092
  53042.8  13488.0       .0     43.3     46.3      3.3
       .0     86.6     46.3     31.6  29841.9  30515.8
     -10.7      52.8       1.4      58.8
      -1.2      23.4      -1.1      11.7
      -1.2      18.5      -1.1       6.1
      -1.1      17.5      -1.0       5.0
 85434  -.041814  -.878085  -.476675
  53328.7  13524.0       .0     43.3     45.2     28.9
       .0     86.6     46.4     25.1  29333.5  30400.1
      -9.5      50.1      -2.6      56.5
      -1.3      23.2      -1.5      14.1
      -1.5      18.5      -1.4       7.4
      -1.4      17.5      -1.4       5.8
 85435  -.083409  -.875791  -.475429
  53366.8  13494.1       .0     43.3     45.2     28.9
       .0     86.6     46.6     18.6  29423.2  30454.2
      -8.7      53.4      -2.6      50.0
       -.9      23.3      -1.5      14.5
      -1.0      18.5      -1.2       8.4
      -1.2      17.6      -1.3       6.8
 85436  -.124573  -.872008  -.473376
  53293.8  13530.8       .0     43.3     45.2     28.9
       .0     86.6     46.7     12.2  29512.4  30279.5
     -12.2      52.3      -2.4      50.3
      -1.6      23.2      -1.5      15.2
      -1.0      18.4      -1.2       9.0
      -1.4      17.4      -1.3       7.3
 85437  -.165103  -.866792  -.470544
  53691.4  13717.5       .0     43.3     45.2     28.9
       .0     86.6     46.8      6.3  29937.8  30702.2
     -11.2      52.6      -1.1      49.4
      -1.2      23.0      -1.3      15.1
      -1.3      18.4      -1.4       9.3
      -1.3      17.4      -1.3       7.9
 85438  -.243541  -.852392  -.462727
  54559.9  13945.9       .0     43.3     45.2     28.9
       .0     86.6     45.2     57.7  30626.5  31494.8
      -8.6      52.2      -4.1      50.9
      -1.4      23.3      -1.4      16.8
      -1.0      18.2      -1.5      10.6
      -1.1      17.3      -1.5       8.8
 85439  -.317480  -.833386  -.452409
  55769.0  13599.0       .0     43.3     45.2     28.9
       .0     86.6     45.2     57.7  31132.8  31857.2
     -10.6      54.6      -3.1      45.1
       -.7      23.1      -1.1      16.9
      -1.2      18.3      -1.1      11.6
       -.6      17.4      -1.1       9.9
 85440  -.386057  -.810720  -.440105
  57232.5  13456.4       .0     43.3     45.2     28.9
       .0     86.6     45.2     57.7  32385.8  33308.3
      -7.1      51.7      -2.9      45.7
      -1.5      23.2      -1.5      17.6
       -.9      18.3       -.8      12.1
      -1.1      17.1      -1.1      10.4
 85441  -.448787  -.785377  -.426348
  58913.5  12996.1       .0     43.3     45.2     28.9
       .0     86.6     45.2     57.7  33021.3  34006.8
     -10.6      54.8      -5.3      43.3
      -1.2      23.1      -1.3      18.5
       -.9      18.0       -.9      13.3
       -.6      16.7       -.8      11.7
 85442  -.505524  -.758286  -.411641
  61165.5  12009.3       .0     43.3     45.2     28.9
       .0     86.6     45.2     57.7  34033.9  35170.9
      -9.6      54.9      -7.8      42.6
      -1.0      23.1       -.8      18.2
       -.8      18.2       -.7      13.3
       -.7      16.9       -.8      11.6
 85443  -.556388  -.730259  -.396426
  63234.3  11588.2       .0     43.3     45.2     28.9
       .0     86.6     45.2     57.7  36558.4  37629.2
      -9.3      55.6      -3.9      41.9
      -1.2      23.2      -1.4      19.9
       -.9      17.8       -.8      14.6
       -.6      16.8       -.9      13.2
 85444  -.601687  -.701968  -.381068
  65901.5  11103.9       .0     43.3     45.2     28.9
       .0     86.6     45.2     57.7  38138.1  39089.1
      -7.7      53.6      -6.3      40.8
      -1.2      23.7      -1.1      19.0
       -.7      17.7       -.4      14.0
       -.7      16.3       -.5      12.5
 85445  -.641844  -.673936  -.365851
  68662.5  10615.1       .0     43.3     45.2     28.9
       .0     86.6     45.2     57.7  39368.7  40890.9
      -6.5      55.4      -4.4      38.5
       -.9      23.0       -.5      20.7
       -.6      17.7       -.4      15.5
       -.5      16.3       -.5      13.8
 85446  -.677337  -.646549  -.350984
  71294.7  10094.3       .0     43.3     45.2     28.9
       .0     86.6     45.2     57.7  41008.4  42631.6
     -10.7      54.1      -4.2      35.4
      -1.2      22.6       -.5      19.0
       -.7      17.5       -.4      14.7
       -.6      15.8       -.4      13.5
 85447  -.708659  -.620076  -.336613
  74414.7  10016.2       .0     43.3     45.2     28.9
       .0     86.6     45.2     57.7  42934.3  44251.4
      -9.2      59.6      -5.3      38.1
      -1.1      22.8       -.6      20.8
       -.5      17.4       -.4      16.2
       -.8      15.9       -.6      14.6
 85448   .482910  -.845093  -.229382
 110225.5  14296.3       .0     43.3     45.2     28.9
       .0     86.6     45.2     57.7  66717.0  68403.7
     -12.6      53.4      10.9      54.6
      -1.1      22.2       1.2      19.5
       -.7      15.9        .8      11.7
       -.9      14.7        .9      10.1
 85449   .451149  -.861285  -.233777
 107991.3  14138.1       .0     43.3     45.2     28.9
       .0     86.6     45.2     57.7  66059.2  67411.9
     -10.4      51.3      10.3      57.5
      -1.3      22.0       1.1      20.3
       -.9      16.2        .8      12.1
       -.9      14.7        .6       9.8
 85450   .417577  -.876913  -.238019
 106337.7  14005.9       .0     43.3     45.2     28.9
       .0     86.6     45.2     57.7  64578.1  66362.5
     -12.0      49.5       9.5      57.2
      -1.4      21.6       1.3      19.8
      -1.1      16.4        .9      11.0
      -1.1      14.5        .7       8.9
 85451   .382204  -.891810  -.242063
 104423.9  13785.1       .0     43.3     45.2     28.9
       .0     86.6     45.2     57.7  62106.2  64640.6
      -9.3      48.8      10.0      56.9
      -1.1      21.7        .9      20.9
       -.9      16.5        .7      11.0
       -.9      15.4        .5       8.9
 85452   .345068  -.905804  -.245861
 102640.0  13508.5       .0     43.3     45.2     28.9
       .0     86.6     45.2     57.7  61779.9  63863.0
     -13.1      55.1       6.7      61.4
      -1.5      21.7       1.0      19.7
       -.8      16.5        .5       9.6
       -.8      15.1        .3       7.8
 85453   .306238  -.918714  -.249365
 101259.1  13374.6       .0     43.3     45.2     28.9
       .0     86.6     45.2     57.7  61336.1  63017.8
     -13.5      53.8       7.8      65.1
      -1.6      21.9        .8      20.8
      -1.4      16.6        .4       9.7
      -1.2      15.4        .2       7.6
 85454   .265817  -.930361  -.252527
 100298.4  13100.8       .0     43.3     45.2     28.9
       .0     86.6     45.9      3.2  60358.7  62217.0
     -11.6      48.9       6.3      68.2
      -1.3      22.4        .7      20.7
       -.9      16.7        .2       8.3
       -.9      15.2        .1       6.5
 85455   .223945  -.940570  -.255298
  99399.4  13016.8       .0     43.3     45.2     28.9
       .0     86.6     46.0     15.7  58507.0  60620.9
     -13.0      56.4       7.9      80.6
      -1.8      21.7        .6      21.5
      -1.2      16.9        .0       8.1
      -1.3      15.3        .0       6.1
 85456   .180796  -.949177  -.257634
  98351.0  12917.4       .0     43.3     46.0      1.6
       .0     86.6     45.9     29.1  59391.9  60629.7
     -13.6      53.7       7.9      81.0
      -1.9      22.1       -.2      22.0
      -1.3      16.7       -.2       6.9
      -1.2      15.2       -.4       4.9
 85457   .136577  -.956038  -.259496
  97609.8  12802.3       .0     43.3     45.4     13.9
       .0     86.6     45.4     42.4  58431.6  59958.4
      -8.2      45.5       6.6      91.3
      -1.9      22.3       1.0      29.7
      -1.0      16.9       -.4       6.3
      -1.3      15.1       -.3       3.4
 85458   .091527  -.961030  -.260851
  96808.0  12847.9       .0     43.3     44.6     25.4
       .0     86.6     44.7     53.7  58189.0  59823.8
      -8.9      47.9       6.9     102.7
      -1.9      22.3       2.4      49.3
      -1.3      16.7      -1.1      13.2
      -1.3      15.5       -.4       3.5
 85459   .068771  -.962796  -.261330
  96967.8  12705.2       .0     43.3     47.4     21.4
       .0     86.6     47.3     49.7  57491.4  59463.2
     -12.2      51.0       1.5     101.2
      -2.0      22.0        .6      41.8
      -1.3      16.7        .5       9.8
      -1.6      15.2        .1       6.0
 85460   .045908  -.964064  -.261674
  96831.3  12667.0       .0     43.3     47.5     15.0
       .0     86.6     47.5     43.5  58405.7  60024.8
     -13.4      54.6       4.4      94.1
      -1.4      22.2       -.2      32.9
      -1.3      17.1       -.2       6.4
      -1.2      15.1       -.4       3.5
 85461   .022972  -.964827  -.261882
  96592.1  12624.4       .0     43.3     47.4      8.4
       .0     86.6     47.4     37.0  57139.3  59027.8
     -13.5      52.4        .8      85.7
      -1.5      22.4       -.2      25.7
      -1.5      16.9       -.6       6.5
      -1.1      15.5       -.5       4.1
 85462   .000000  -.965081  -.261951
  96577.2  12761.7       .0     43.3     46.9      2.1
       .0     86.6     47.0     30.2  58092.3  59655.5
     -12.2      50.8       -.5      81.7
      -1.4      22.1       -.6      21.4
      -1.2      16.8       -.8       6.2
      -1.3      15.3       -.8       4.3
 85463  -.022972  -.964827  -.261882
  96642.2  12658.0       .0     43.3     45.2     28.9
       .0     86.6     47.3     23.6  57861.3  59968.7
     -11.5      51.6       3.6      80.3
      -1.5      22.3       -.5      20.2
      -1.2      16.9      -1.0       6.6
      -1.2      15.4      -1.1       5.0
 85464  -.045908  -.964064  -.261674
  96758.9  12689.1       .0     43.3     45.2     28.9
       .0     86.6     47.0     16.9  57928.1  60062.4
     -12.6      51.6       1.7      77.5
      -1.4      21.9      -1.0      20.1
      -1.1      17.3      -1.0       7.7
      -1.4      15.1      -1.1       5.5
 85465  -.068771  -.962796  -.261330
  96841.2  12728.7       .0     43.3     45.2     28.9
       .0     86.6     47.0     10.1  57599.4  59181.6
     -10.0      51.4       3.5      76.9
      -1.9      22.5       -.9      19.7
      -1.1      16.9       -.9       7.7
      -1.5      15.4      -1.0       5.8
 85466  -.091527  -.961030  -.260851
  96811.1  12709.3       .0     43.3     45.2     28.9
       .0     86.6     46.9      3.8  57940.6  59742.2
      -9.8      48.1       1.5      72.6
      -1.5      22.1       -.9      18.1
      -1.2      16.9       -.7       7.7
      -1.1      15.3       -.8       6.0
 85467  -.136577  -.956038  -.259496
  97478.3  12844.3       .0     43.3     45.2     28.9
       .0     86.6     45.2     57.7  58476.2  60203.6
      -9.4      50.6      -1.5      67.1
      -1.8      22.9      -1.2      18.4
       -.8      16.9       -.9       8.8
      -1.4      15.6      -1.0       7.0
 85468  -.180796  -.949177  -.257634
  97862.0  12930.1       .0     43.3     45.2     28.9
       .0     86.6     45.2     57.7  59179.6  60618.7
     -11.0      52.7      -2.6      61.0
      -1.7      22.6       -.9      17.9
      -1.1      17.0       -.6       9.0
       -.9      15.5       -.7       7.4
 85469  -.223945  -.940570  -.255298
  98965.2  12944.4       .0     43.3     45.2     28.9
       .0     86.6     45.2     57.7  58994.6  60502.9
     -15.4      54.8      -3.1      61.0
      -1.4      21.6       -.8      17.6
       -.8      16.9       -.7      10.1
      -1.2      15.5       -.7       8.2
 85470  -.265817  -.930361  -.252527
 100120.5  13125.6       .0     43.3     45.2     28.9
       .0     86.6     45.2     57.7  60279.1  62036.8
     -12.2      51.3      -3.0      53.6
      -1.1      22.4       -.5      17.3
       -.9      17.0       -.4      10.3
      -1.2      15.2       -.6       8.7
 85471  -.306238  -.918714  -.249365
 101167.8  13235.5       .0     43.3     45.2     28.9
       .0     86.6     45.2     57.7  60713.6  62926.9
     -12.5      51.4      -5.2      52.9
      -1.6      22.2      -1.0      17.5
      -1.1      16.7       -.7      11.0
       -.6      15.3       -.4       9.2
 85472  -.345068  -.905804  -.245861
 102615.9  13429.7       .0     43.3     45.2     28.9
       .0     86.6     45.2     57.7  62197.2  63868.8
     -13.7      54.3      -6.2      47.2
      -1.5      22.2       -.7      18.1
       -.7      16.8       -.3      11.4
       -.8      15.4       -.3       9.9
 85473  -.382204  -.891810  -.242063
 104146.6  13406.3       .0     43.3     45.2     28.9
       .0     86.6     45.2     57.7  62982.2  64510.5
      -7.7      47.7      -5.4      47.8
      -1.8      22.5      -1.0      17.5
       -.6      16.8       -.2      11.8
      -1.0      15.3       -.5      10.2
 85474  -.417577  -.876913  -.238019
 105981.4  13394.3       .0     43.3     45.2     28.9
       .0     86.6     45.2     57.7  63764.2  65767.8
     -12.2      55.5      -4.8      46.2
      -1.2      21.7       -.4      18.2
       -.5      16.6        .0      12.3
       -.9      15.2       -.4      10.9
 85475  -.451149  -.861285  -.233777
 107630.9  13492.1       .0     43.3     45.2     28.9
       .0     86.6     45.2     57.7  65331.4  67038.9
     -11.5      52.3      -5.8      37.8
      -1.4      21.5       -.6      17.9
       -.6      16.7        .0      12.6
      -1.0      15.0       -.4      10.7
 85476  -.482910  -.845093  -.229382
 109846.0  13293.3       .0     43.3     45.2     28.9
       .0     86.6     45.2     57.7  66079.7  67918.7
     -12.2      53.2      -5.3      42.3
      -1.0      21.9       -.4      18.4
       -.6      16.3       -.1      13.1
       -.7      15.1       -.2      11.8
 85477   .337328  -.927651  -.160231
 157698.9  13590.5       .0     43.3     45.2     28.9
       .0     86.6     45.2     57.7  99466.2 101875.0
     -12.0      50.9       8.6      58.1
      -1.9      22.4       2.0      22.3
      -1.0      17.1       1.0      10.3
       -.9      15.4        .8       8.5
 85478   .312066  -.936198  -.161707
 156364.0  13359.0       .0     43.3     45.2     28.9
       .0     86.6     45.2     57.7  97993.0 100738.7
      -8.3      46.1       6.5      62.9
      -1.9      22.9       1.2      23.9
      -1.0      17.1        .8      11.1
      -1.0      15.4        .8       8.6
 85479   .286124  -.944211  -.163091
 155021.6  13232.1       .0     43.3     45.2     28.9
       .0     86.6     45.2     57.7  98188.4 101056.4
      -8.4      51.7       9.5      67.2
      -2.0      22.8       1.4      22.6
      -1.1      16.9        .9      10.1
       -.8      15.6        .6       7.7
 85480   .259539  -.951641  -.164374
 153570.0  13201.5       .0     43.3     45.2     28.9
       .0     86.6     45.2     57.7  96426.9  98712.1
      -9.8      50.4      10.9      74.0
      -1.8      22.9       1.5      25.2
      -1.1      17.2        .5      10.5
      -1.2      15.6        .6       7.8
 85481   .232349  -.958440  -.165549
 153237.4  13002.3       .0     43.3     45.2     28.9
       .0     86.6     45.2     57.7  95773.2  98317.8
     -10.6      50.8      11.3      77.9
      -1.7      22.0       1.7      26.1
      -1.2      16.9        .6       8.9
       -.8      15.7        .5       6.8
 85482   .204604  -.964562  -.166606
 151599.6  12927.8       .0     43.3     45.2     28.9
       .0     86.6     45.2     57.7  93969.5  97127.0
     -13.7      52.0       9.9      89.0
      -1.9      22.5       1.0      25.6
      -1.1      17.2        .4       9.5
      -1.0      15.8        .3       6.7
 85483   .176357  -.969963  -.167539
 151275.8  12814.1       .0     43.3     45.2     28.9
       .0     86.6     46.1      2.1  93851.1  97208.4
      -8.2      46.3       3.8      93.9
      -1.7      22.8        .9      27.7
      -1.1      17.3        .3       8.0
      -1.2      15.5        .3       5.8
 85484   .147667  -.974605  -.168341
 150518.5  12780.3       .0     43.3     45.2     28.9
       .0     86.6     46.0     14.8  94153.7  96822.6
      -9.7      46.4       6.1     102.8
      -2.0      21.9        .9      28.9
      -1.3      17.5       -.2       8.4
      -1.5      15.7       -.1       5.6
 85485   .118600  -.978453  -.169006
 149846.9  12764.9       .0     43.3     54.1     66.5
       .0     86.6     45.8     28.3  93874.3  96389.5
     -14.6      52.2       3.0     104.4
      -1.8      22.7        .6      32.2
      -1.5      17.4       -.2       8.0
      -1.4      15.8       -.2       4.5
 85486   .089225  -.981478  -.169528
 149287.7  12677.4       .0     43.3     45.2     13.3
       .0     86.6     45.2     41.7  93335.6  95845.3
     -11.4      50.3       3.3     111.6
      -1.9      23.0        .7      44.5
      -1.3      17.4       -.3      12.6
      -1.3      15.9       -.4       3.9
 85487   .059616  -.983656  -.169904
 148941.1  12623.3       .0     43.3     44.7     24.9
       .0     86.6     44.7     53.0  92444.9  94855.7
      -9.3      48.9      -9.7     121.8
      -1.8      22.7        .7      66.4
      -1.0      17.1       -.3      23.3
      -1.3      15.6       -.7       9.3
 85488   .044746  -.984421  -.170036
 149106.1  12718.7       .0     43.3     47.8     20.8
       .0     86.6     47.6     49.1  92653.5  95145.9
     -13.3      52.6       3.5     119.5
      -2.1      22.2       -.3      57.3
      -1.5      17.2        .6      20.0
      -1.2      15.8        .2       8.0
 85489   .029848  -.984969  -.170131
 148998.6  12639.4       .0     43.3     47.8     14.5
       .0     86.6     47.6     43.1  92437.4  95407.7
     -10.3      46.9        .2     116.2
      -1.8      22.1        .7      47.2
      -1.5      17.2        .0      12.0
      -1.3      15.7       -.2       5.8
 85490   .014929  -.985299  -.170188
 148895.0  12736.5       .0     43.3     47.8      7.9
       .0     86.6     47.6     36.5  92964.5  95677.9
     -12.9      50.0        .9     106.5
      -2.3      23.0        .1      38.1
      -1.0      17.3       -.4      10.3
      -1.1      15.8       -.5       5.8
 85491   .000000  -.985408  -.170207
 148514.4  12751.4       .0     43.3     47.4      1.5
       .0     86.6     47.3     29.8  92333.2  95128.2
     -11.0      53.5       6.7     101.9
      -2.6      23.3       -.5      32.6
      -1.2      17.3       -.8       8.2
      -1.6      15.8       -.8       4.6
 85492  -.014929  -.985299  -.170188
 148591.5  12614.4       .0     43.3     45.2     28.9
       .0     86.6     47.4     22.8  92730.5  95306.0
     -14.8      48.8      -6.0      97.8
      -2.0      23.1       -.7      30.7
      -1.1      17.0       -.9       8.2
      -1.3      16.0       -.9       4.7
 85493  -.029848  -.984969  -.170131
 148750.4  12791.7       .0     43.3     45.2     28.9
       .0     86.6     47.5     16.0  93174.3  95326.3
     -11.0      51.9       2.0      96.7
      -2.1      22.8       -.6      27.4
      -1.1      17.2      -1.0       8.1
      -1.7      16.1       -.9       5.2
 85494  -.044746  -.984421  -.170036
 148640.1  12640.6       .0     43.3     45.2     28.9
       .0     86.6     47.5      9.1  92679.6  95210.4
      -8.5      41.7       3.3      92.1
      -2.0      22.2       -.9      27.8
      -1.5      17.5       -.9       8.4
      -1.4      15.6       -.8       5.4
 85495  -.059616  -.983656  -.169904
 148877.9  12674.4       .0     43.3     45.2     28.9
       .0     86.6     47.2      2.6  93411.2  95309.9
     -13.2      52.7       5.2      89.9
      -1.8      22.3       -.5      24.6
      -1.4      17.2       -.6       7.2
      -1.2      15.9       -.7       5.4
 85496  -.089225  -.981478  -.169528
 149142.6  12659.5       .0     43.3     45.2     28.9
       .0     86.6     45.2     57.7  92573.4  95029.9
      -8.2      46.8       -.6      85.7
      -2.0      22.6       -.7      23.8
      -1.4      17.1       -.8       8.9
      -1.6      16.0       -.9       6.2
 85497  -.118600  -.978453  -.169006
 149483.4  12767.2       .0     43.3     45.2     28.9
       .0     86.6     45.2     57.7  93426.2  97066.9
     -13.9      50.9       -.5      77.6
      -1.9      23.2       -.7      23.5
      -1.4      16.8       -.4       8.6
      -1.3      16.0       -.4       6.4
 85498  -.147667  -.974605  -.168341
 149911.8  12876.1       .0     43.3     45.2     28.9
       .0     86.6     45.2     57.7  92760.2  96180.4
      -8.9      47.1       2.1      75.7
      -2.0      23.6       -.8      22.8
       -.9      17.2       -.4       9.5
      -1.3      16.0       -.7       7.1
 85499  -.176357  -.969963  -.167539
 150714.5  12910.1       .0     43.3     45.2     28.9
       .0     86.6     45.2     57.7  94156.2  96318.1
     -11.5      53.9      -4.8      68.6
      -2.0      22.8       -.5      21.1
      -1.2      17.2       -.2       8.9
      -1.5      16.0       -.4       7.2
 85500  -.204604  -.964562  -.166606
 151533.6  12944.1       .0     43.3     45.2     28.9
       .0     86.6     45.2     57.7  95493.1  97784.9
     -10.1      48.4      -8.1      67.0
      -2.0      23.2       -.7      21.4
       -.9      17.5       -.2      10.1
      -1.2      15.9       -.6       7.9
 85501  -.232349  -.958440  -.165549
 152890.5  13047.9       .0     43.3     45.2     28.9
       .0     86.6     45.2     57.7  96518.5  98569.2
      -8.7      43.3      -3.5      58.9
      -2.4      23.2      -1.0      20.3
      -1.0      17.1       -.1       9.7
      -1.3      15.9       -.4       8.1
 85502  -.259539  -.951641  -.164374
 153473.5  13174.5       .0     43.3     45.2     28.9
       .0     86.6     45.2     57.7  96314.1  99183.6
     -11.0      47.8      -5.6      58.0
      -1.7      22.6      -1.1      19.4
       -.7      17.1       -.3      10.4
      -1.3      15.9       -.3       8.8
 85503  -.286124  -.944211  -.163091
 154461.2  13156.6       .0     43.3     45.2     28.9
       .0     86.6     45.2     57.7  97164.9  99762.8
     -14.6      53.6      -4.8      45.4
      -1.7      23.2       -.5      18.4
       -.8      16.9        .0      10.3
       -.8      15.8       -.1       8.9
 85504  -.312066  -.936198  -.161707
 156055.0  13298.8       .0     43.3     45.2     28.9
       .0     86.6     45.2     57.7  98565.9 100593.3
     -10.3      52.7      -5.6      46.1
      -1.9      23.3       -.6      18.2
       -.3      16.7        .1      10.8
      -1.1      15.6       -.3       9.2
 85505  -.337328  -.927651  -.160231
 157445.8  13417.3       .0     43.3     45.2     28.9
       .0     86.6     45.2     57.7  99846.3 102862.7
      -8.4      49.6      -4.6      47.6
      -1.9      22.5       -.6      17.9
       -.9      17.4        .0      11.1
      -1.1      15.6        .0       9.3
