Dot1_150x100_prd2012lk:dj0091a@-250V,3.8T@90d,263K,rhe=1.10,rhh=0.7,0.7/0.7     
  1013   1  3.80  60   5  29   0  250.00  263.00    1.40 1.00000   800.0   -1.17   93.89  150.000  100.000  285.000   800.0    -.59   46.94    1.50    1.00     .85
 82901   .000000   .000000 -1.000000
  24688.9  18306.5       .7     41.1     46.7      5.1
       .6     84.3     47.0     32.7  11787.5  12269.0
      -1.7      70.8      -4.1      37.5
        .9       9.1      -4.5      11.5
        .4       5.0      -4.6       8.7
        .6       5.0      -5.2       7.7
 82902   .000000  -.130455  -.991454
  24928.0  18602.3      -.3     34.1     46.7      5.1
      -.3     77.5     47.5     32.7  12236.4  12633.2
      -3.2      61.4      -3.9      37.5
        .0       6.0      -4.5      11.6
       -.2       5.0      -4.6       8.5
       -.1       5.0      -5.0       7.6
 82903   .000000  -.254493  -.967075
  25724.9  19151.1      -.5     25.5     46.7      5.1
      -.4     68.4     47.4     32.7  12387.7  12813.5
      -2.3      50.6      -3.5      38.0
       -.7       9.1      -4.4      11.8
       -.5       5.5      -4.6       8.7
       -.7       5.0      -5.0       7.7
 82904   .000000  -.367167  -.930155
  26563.8  19565.3      -.6     16.6     46.9      5.0
      -.4     59.8     47.5     32.4  12786.2  13267.3
      -5.7      51.0      -2.9      40.7
      -1.1      12.3      -4.4      11.3
       -.9       8.2      -4.5       8.5
       -.9       6.9      -4.9       7.5
 82905   .000000  -.465746  -.884918
  27878.1  19795.1      -.8      8.6     46.9      4.8
      -.7     50.4     47.5     32.1  13680.5  14251.5
      -6.6      47.4      -3.2      42.1
      -1.5      16.4      -4.5      11.4
      -1.3      10.7      -4.4       8.5
      -1.3       9.1      -5.0       7.3
 82906   .000000  -.549617  -.835417
  29480.8  19278.7     -2.4      7.3     47.2      4.5
      -.5     41.1     47.7     31.9  14525.0  15235.4
      -8.7      52.3      -2.2      44.7
      -2.5      21.4      -4.4      11.6
      -2.0      13.9      -4.5       8.3
      -1.8      11.4      -4.6       7.4
 82907   .000000  -.619644  -.784883
  31307.3  17941.5      -.6     43.3     47.4      4.2
      -.4     31.7     48.1     31.6  15574.8  16383.2
      -8.7      56.6      -3.4      45.2
      -2.9      26.6      -4.2      11.7
      -2.4      17.7      -4.3       8.3
      -2.4      14.3      -4.6       7.3
 82908   .000000  -.677476  -.735545
  33321.7  16467.2      -.6     43.3     47.6      4.1
      -.4     22.2     48.3     31.5  17106.4  17756.8
      -8.4      58.6      -3.2      46.0
      -3.7      27.7      -4.4      11.7
      -3.0      18.2      -4.2       8.1
      -2.7      15.1      -4.5       7.2
 82909   .000000  -.724999  -.688749
  35678.2  15778.4      -.6     43.3     47.9      3.7
      -.3     13.6     48.5     31.2  18430.2  19250.7
      -8.7      57.1      -2.4      46.5
      -3.2      26.4      -4.1      11.7
      -2.9      17.6      -4.2       7.9
      -2.7      15.0      -4.4       7.0
 82910   .000000  -.764030  -.645181
  37983.8  14915.6      -.6     43.3     48.0      3.4
      -.8      8.6     48.8     31.0  19624.9  20555.1
      -9.9      51.5        .4      50.5
      -2.4      22.5      -4.0      12.3
      -2.1      16.9      -4.0       8.1
      -2.4      15.6      -4.3       7.0
 82911   .000000  -.796162  -.605083
  40395.2  14474.6      -.6     43.3     48.2      3.2
      -.6     86.6     48.7     30.8  21356.5  22008.8
      -8.6      52.6      -1.5      53.0
      -2.4      22.3      -4.0      12.0
      -2.1      17.4      -4.0       7.8
      -2.3      16.5      -4.2       6.9
 82912   .000000  -.822730  -.568432
  43068.4  13964.9      -.6     43.3     48.4      2.9
      -.6     86.6     48.8     30.6  23076.9  23829.1
      -9.9      52.1      -3.0      52.6
      -2.1      22.4      -3.9      12.2
      -1.9      16.7      -3.9       7.8
      -2.1      15.6      -4.1       6.9
 82913   .000000  -.844819  -.535052
  45691.7  13773.3      -.6     43.3     48.5      2.8
      -.6     86.6     49.1     30.3  24432.6  25578.2
     -10.7      51.6      -1.2      51.9
      -2.2      21.2      -3.8      12.9
      -2.4      15.6      -3.9       7.8
      -2.1      13.8      -4.0       6.8
 82914   .000000  -.863297  -.504697
  48422.1  13474.4      -.6     43.3     48.6      2.6
      -.6     86.6     49.2     30.1  26360.8  27139.2
      -8.6      52.5       -.1      53.5
      -1.9      22.1      -3.9      12.7
      -1.7      17.2      -3.7       7.7
      -2.1      15.9      -4.0       6.7
 82915   .000000  -.878853  -.477092
  51188.3  13220.1      -.6     43.3     48.8      2.4
      -.6     86.6     49.6     30.1  28173.6  29048.5
     -10.8      52.2        .9      55.5
      -2.1      23.7      -3.6      13.4
      -2.1      18.6      -3.8       7.6
      -2.2      17.6      -3.9       6.7
 82916   .000000  -.892036  -.451965
  54033.0  13084.2      -.6     43.3     48.7      2.4
      -.6     86.6     49.3     29.9  30017.0  30874.2
     -10.5      50.2       -.5      60.3
      -2.3      22.4      -3.4      13.8
      -1.9      17.4      -3.7       7.5
      -1.8      16.2      -3.9       6.6
 82917   .000000  -.903278  -.429057
  56914.0  12976.2      -.6     43.3     49.1      2.0
      -.6     86.6     49.6     29.7  32047.5  33098.0
     -11.3      51.1      -1.2      62.0
      -2.3      21.5      -3.5      14.3
      -2.2      16.5      -3.7       7.5
      -2.1      14.6      -3.8       6.5
 82918   .000000  -.912924  -.408131
  59905.2  12806.1      -.6     43.3     49.1      1.9
      -.6     86.6     49.8     29.6  33777.4  34765.9
     -10.2      47.7       5.0      61.8
      -2.3      22.4      -3.4      15.2
      -1.7      17.8      -3.4       7.5
      -2.2      16.4      -3.9       6.5
 82919   .000000  -.921250  -.388972
  62729.3  12799.4      -.6     43.3     49.0      2.0
      -.6     86.6     49.9     29.6  35505.8  36955.5
     -10.5      49.1       -.6      62.1
      -2.2      23.4      -3.3      15.9
      -2.0      19.1      -3.6       7.5
      -2.3      18.2      -3.6       6.4
 82920   .000000  -.928477  -.371391
  65715.0  12696.5      -.6     43.3     49.1      1.8
      -.6     86.6     50.0     29.2  37921.0  39050.9
     -12.3      49.0       -.1      64.0
      -2.1      23.1      -3.1      16.5
      -2.2      18.1      -3.5       7.5
      -2.1      16.8      -3.7       6.4
 82921   .000000  -.934784  -.355218
  68664.1  12630.3      -.6     43.3     49.1      1.9
      -.6     86.6     49.9     29.4  39624.3  40879.9
      -9.5      48.6      -2.6      65.9
      -2.5      22.3      -3.3      16.6
      -2.4      16.7      -3.6       7.6
      -2.0      15.2      -3.6       6.4
 82922   .000000  -.940315  -.340305
  71727.4  12630.2      -.6     43.3     49.1      1.7
      -.6     86.6     49.8     29.2  41452.5  42519.6
     -11.4      53.3       -.8      66.8
      -2.4      22.6      -3.3      17.8
      -2.1      18.2      -3.5       7.5
      -2.3      16.7      -3.5       6.4
 82923   .000000  -.945190  -.326520
  74801.9  12558.1      -.6     43.3     49.3      1.6
      -.6     86.6     50.0     29.2  43841.1  44684.3
     -15.4      54.6      -1.5      68.6
      -2.7      24.0      -3.2      18.2
      -2.0      19.7      -3.5       7.4
      -2.1      18.7      -3.5       6.4
 82924   .000000  -.949506  -.313750
  77627.2  12520.3      -.6     43.3     49.1      1.6
      -.6     86.6     50.2     29.0  44880.3  46243.9
      -8.8      46.9       3.4      73.8
      -2.6      23.1      -3.3      19.3
      -2.0      18.8      -3.4       7.4
      -2.4      17.2      -3.4       6.3
 82925   .000000  -.953342  -.301892
  80772.7  12580.2      -.6     43.3     49.3      1.4
      -.6     86.6     50.1     29.0  47448.5  48773.9
     -13.3      50.0       -.6      75.2
      -2.6      22.0      -3.3      18.6
      -2.1      17.2      -3.4       7.2
      -2.4      15.5      -3.5       6.3
 82926   .000000  -.956767  -.290857
  83830.0  12428.3      -.6     43.3     49.3      1.4
      -.6     86.6     50.4     28.7  49360.2  50936.3
     -11.3      51.1      -2.5      75.9
      -2.3      23.5      -3.2      20.7
      -1.7      18.4      -3.2       7.7
      -1.9      16.9      -3.5       6.2
 82927   .000000  -.959834  -.280567
  86969.7  12446.9      -.6     43.3     49.3      1.4
      -.6     86.6     50.4     28.7  51933.4  52989.0
     -11.2      49.2      -2.6      79.5
      -2.6      24.1      -2.7      21.5
      -2.0      19.7      -3.3       7.8
      -1.9      19.2      -3.4       6.3
 82928   .000000  -.962593  -.270952
  90065.5  12413.7      -.6     43.3     49.4      1.3
      -.6     86.6     50.6     28.6  54371.4  55672.4
     -13.0      49.9       1.0      79.1
      -2.9      23.0      -3.3      20.0
      -2.0      18.7      -3.2       7.6
      -2.2      17.2      -3.4       6.4
 82929   .000000  -.965081  -.261951
  93109.5  12359.8      -.6     43.3     49.4      1.3
      -.6     86.6     50.2     28.6  55869.8  57372.3
     -11.9      50.7       6.1      80.6
      -2.3      21.9      -3.2      22.1
      -2.0      17.1      -3.4       7.7
      -2.0      15.7      -3.3       6.2
 82930   .000000  -.967333  -.253508
  96145.3  12484.0      -.6     43.3     49.5      1.4
      -.6     86.6     50.3     28.6  57869.3  59281.1
     -10.5      46.7       -.4      81.9
      -2.2      23.0      -3.4      21.7
      -1.9      18.4      -3.4       7.4
      -2.0      17.0      -3.3       6.2
 82931   .000000  -.969377  -.245576
  99545.8  12425.5      -.6     43.3     49.5      1.2
      -.6     86.6     50.8     28.6  58767.7  60511.1
      -9.1      49.7      -3.5      84.6
      -2.7      23.8      -3.0      23.6
      -1.9      19.8      -3.2       7.6
      -1.7      19.0      -3.2       6.2
 82932   .000000  -.971238  -.238110
 102319.4  12368.8      -.6     43.3     49.5      1.2
      -.6     86.6     50.5     28.4  62027.0  63581.2
     -12.4      56.6       2.0      88.3
      -2.5      23.3      -2.8      24.2
      -1.7      18.8      -3.2       8.1
      -2.3      17.9      -3.3       6.1
 82933   .000000  -.972937  -.231072
 105590.8  12516.9      -.6     43.3     49.3      1.1
      -.6     86.6     50.3     28.4  64450.3  66208.8
     -10.6      50.2       1.5      87.1
      -2.5      23.1      -2.6      24.4
      -2.0      17.3      -3.1       8.3
      -2.1      15.8      -3.4       6.6
 82934   .000000  -.974491  -.224428
 108554.8  12493.0      -.6     43.3     49.4      1.0
      -.6     86.6     50.8     28.3  64951.1  66789.6
     -12.2      48.5       -.7      81.9
      -2.6      23.2      -3.0      25.0
      -1.9      18.5      -3.2       7.7
      -2.0      17.3      -3.3       6.2
 82935   .000000  -.975916  -.218146
 111856.2  12429.7      -.6     43.3     49.6       .9
      -.6     86.6     50.7     28.4  68086.4  69647.9
     -10.5      54.3       5.5      89.7
      -2.8      24.7      -2.3      26.1
      -2.2      20.0      -3.2       8.1
      -2.4      19.1      -3.4       6.2
 82936   .000000  -.977227  -.212198
 114670.8  12407.4      -.6     43.3     49.5      1.0
      -.6     86.6     50.8     28.1  70332.5  72716.2
     -11.8      49.9       2.1      84.5
      -3.0      24.0      -2.7      26.7
      -2.1      19.0      -3.2       7.9
      -2.0      17.8      -3.3       6.1
 82937   .000000  -.978434  -.206558
 118072.4  12361.5      -.6     43.3     49.3       .9
      -.6     86.6     50.9     28.4  72042.0  74347.4
     -12.8      49.6       2.5      87.4
      -3.0      22.6      -2.3      27.8
      -2.1      17.5      -3.1       8.2
      -2.0      16.0      -3.2       6.2
 82938   .000000  -.979549  -.201205
 121254.3  12378.5      -.6     43.3     49.8      1.1
      -.6     86.6     50.9     28.1  74712.8  76357.3
     -15.1      54.4       4.9      95.4
      -2.4      23.8      -2.7      27.8
      -2.1      18.5      -3.3       8.7
      -1.9      17.3      -3.3       6.3
 82939   .000000  -.980581  -.196116
 124094.3  12354.1      -.6     43.3     49.7       .9
      -.6     86.6     51.0     28.1  76467.8  78592.8
     -11.6      48.8       5.0      96.0
      -2.6      24.1      -2.3      27.7
      -2.1      20.1      -3.0       8.7
      -2.0      19.2      -3.1       6.5
 82940   .000000  -.981537  -.191274
 127530.8  12350.0      -.6     43.3     49.5       .8
      -.6     86.6     50.9     28.1  78182.6  81019.9
     -13.5      54.3       -.3      95.5
      -2.6      23.9      -2.8      28.8
      -2.1      19.0      -3.0       8.4
      -2.1      17.9      -3.2       6.4
 82941   .000000  -.982424  -.186661
 130511.4  12354.0      -.6     43.3     49.3       .9
      -.6     86.6     50.9     28.0  79510.6  83196.8
     -13.2      51.1       3.3     100.5
      -3.1      23.3      -2.5      28.6
      -2.1      17.4      -3.1       8.6
      -2.1      16.1      -3.2       6.3
 82942   .000000  -.983250  -.182261
 133350.4  12318.3      -.6     43.3     49.4       .7
      -.6     86.6     51.0     28.0  83657.5  85504.8
     -11.4      47.7       3.5      97.8
      -3.4      24.3      -2.6      30.1
      -2.2      18.6      -3.2       8.8
      -2.3      17.3      -3.2       6.4
 82943   .000000  -.984020  -.178061
 136760.3  12342.1      -.6     43.3     49.5       .6
      -.6     86.6     51.0     27.9  83935.9  86664.4
     -12.2      52.0       3.7      98.5
      -3.2      24.9      -2.4      31.5
      -1.8      20.2      -3.0       9.3
      -1.9      19.4      -3.2       6.2
 82944   .000000  -.984737  -.174047
 140362.5  12383.3      -.6     43.3     49.8       .7
      -.6     86.6     50.8     27.9  87746.4  90200.8
     -12.8      54.9       4.5      96.8
      -2.9      23.9      -2.3      31.0
      -2.2      18.9      -3.2       9.5
      -2.3      18.0      -3.2       6.3
 82945   .000000  -.985408  -.170207
 143439.7  12360.8      -.6     43.3     46.9     28.9
      -.6     86.6     51.0     28.0  88816.8  91778.9
     -11.2      50.3      -2.0     102.7
      -2.8      22.8      -2.4      31.8
      -2.0      17.5      -3.0       9.4
      -2.4      16.2      -3.3       6.6
 82946   .000000  -.986036  -.166531
 146087.5  12380.5      -.6     43.3     46.9     28.9
      -.6     86.6     51.1     28.0  91737.3  93442.9
     -11.0      49.1       6.3      99.6
      -2.8      23.7      -2.4      33.2
      -2.0      18.7      -2.8      10.3
      -1.7      17.2      -3.2       6.6
 82947   .000000  -.986625  -.163008
 149705.3  12305.6      -.6     43.3     46.9     28.9
      -.6     86.6     50.9     27.8  93054.2  96104.0
      -9.4      47.4      -1.5     102.8
      -3.0      24.9      -2.0      34.0
      -2.1      20.1      -3.1      10.1
      -1.9      19.5      -3.2       6.6
 82948   .000000  -.987696  -.156385
 155793.1  12441.0      -.6     43.3     46.9     28.9
      -.6     86.6     50.9     27.8  98676.6 100839.9
     -12.2      51.6      -2.4     103.8
      -3.2      23.6      -2.0      34.8
      -2.0      17.6      -3.0      10.2
      -2.3      16.0      -3.2       6.8
 82949   .000000  -.988644  -.150274
 162537.5  12431.7      -.6     43.3     46.9     28.9
      -.6     86.6     51.2     27.8 103923.0 106423.7
     -11.6      51.4      -4.4     104.1
      -3.1      24.7      -3.0      34.0
      -2.4      20.1      -3.1      11.0
      -2.1      19.3      -3.0       7.0
 82950   .000000  -.989488  -.144617
 168835.5  12411.4      -.6     43.3     46.9     28.9
      -.6     86.6     51.0     27.8 107060.4 110007.6
     -14.8      55.5      -3.5     106.1
      -3.3      23.9      -2.3      36.6
      -2.4      17.8      -3.2      11.5
      -2.3      16.5      -3.1       6.4
 82951   .000000  -.990241  -.139367
 174526.1  12426.6      -.6     43.3     46.9     28.9
      -.6     86.6     51.1     27.6 110751.1 113513.4
     -11.3      53.8      -3.6     109.3
      -3.2      26.0      -2.6      39.0
      -2.2      20.3      -3.0      12.3
      -2.2      19.4      -3.1       6.5
 82952   .000000  -.990916  -.134481
 181470.9  12434.4      -.6     43.3     46.9     28.9
      -.6     86.6     51.2     27.4 115833.1 119272.4
     -14.8      56.3       4.4     107.7
      -3.1      23.6      -2.8      38.9
      -2.3      17.6      -2.9      11.7
      -2.2      16.3      -3.2       6.7
 82953   .000000  -.991524  -.129924
 187776.4  12453.3      -.6     43.3     46.9     28.9
      -.6     86.6     51.0     27.6 119470.9 123124.8
     -12.6      61.7      -2.1     112.7
      -3.2      25.6      -1.6      39.2
      -2.5      20.6      -3.0      11.9
      -2.1      19.4      -3.0       6.6
 82954   .000000  -.992073  -.125663
 193965.1  12517.2      -.6     43.3     46.9     28.9
      -.6     86.6     51.2     27.5 123088.4 127729.7
     -12.7      52.0       -.5     115.7
      -3.3      23.9      -2.5      39.8
      -2.0      17.4      -2.9      12.4
      -2.3      16.4      -3.0       7.0
 82955   .000000  -.992571  -.121670
 200454.8  12529.0      -.6     43.3     46.9     28.9
      -.6     86.6     51.2     27.5 131098.2 134037.3
      -9.2      44.5       5.6     114.9
      -2.7      25.1      -1.2      43.2
      -2.3      20.0      -2.9      14.0
      -2.5      19.5      -3.0       8.7
 82956   .000000  -.993023  -.117921
 206703.7  12657.4      -.6     43.3     46.9     28.9
      -.6     86.6     51.2     27.5 133428.0 137128.4
     -11.2      43.5      -4.8     113.8
      -2.8      23.1      -2.1      42.3
      -2.3      17.9      -3.0      13.5
      -2.5      16.2      -3.1       7.4
 82957   .000000  -.993435  -.114396
 213200.7  12560.3      -.6     43.3     46.9     28.9
      -.6     86.6     51.3     27.3 136934.2 139873.1
     -12.2      46.5       2.7     115.4
      -2.9      25.2      -1.5      44.1
      -2.0      20.6      -3.0      14.1
      -1.6      19.1      -3.1       7.6
 82958   .000000  -.993812  -.111073
 219584.3  12434.8      -.6     43.3     46.9     28.9
      -.6     86.6     51.2     27.3 139855.5 144423.7
     -11.1      43.3       2.6     117.2
      -3.2      23.3       -.9      44.4
      -2.2      17.6      -2.6      13.5
      -2.4      16.5      -3.2       8.0
 82959   .000000  -.994158  -.107937
 225859.8  12511.1      -.6     43.3     46.9     28.9
      -.6     86.6     51.3     27.3 145960.6 150470.1
      -5.7      43.5       3.2     127.6
      -3.0      25.1      -1.4      45.5
      -2.0      20.4      -2.9      15.3
      -2.2      19.3      -3.1       7.2
 82960   .000000  -.994475  -.104972
 231918.3  12499.5      -.6     43.3     46.9     28.9
      -.6     86.6     51.3     27.2 151438.4 154177.4
      -5.8      36.1      -2.2     117.7
      -3.0      22.5      -2.1      45.9
      -2.3      17.4      -2.8      14.4
      -2.5      16.6      -3.2       9.2
 82961   .903278   .000000  -.429057
  56395.2  10436.0      -.2     40.3     46.9     28.9
      -.1     83.2     46.9     57.7  31890.7  32757.5
       1.6      83.0       9.2      43.3
       2.7      27.5       2.2      22.8
        .3       5.0       1.8      16.4
        .7       5.0       1.8      13.9
 82962   .887877   .000000  -.460082
  52966.2  10876.8       .0     40.4     46.9     28.9
       .0     83.3     46.9     57.7  29472.6  30357.5
       -.7      81.0       9.3      45.3
       2.3      28.8       2.0      21.1
        .7       6.6       1.4      14.9
        .7       5.0       1.5      12.4
 82963   .868777   .000000  -.495203
  49216.0  11359.1      -.2     40.5     46.9     28.9
      -.2     83.4     46.9     57.7  26956.0  27810.8
       1.5      82.2      10.1      46.2
       -.3      26.1       1.8      22.9
        .6       5.2       1.1      15.2
        .7       5.0       1.1      13.2
 82964   .844819   .000000  -.535052
  45481.6  12035.0       .0     40.4     46.9     28.9
      -.1     83.5     46.9     57.7  24573.7  25330.3
      -1.3      77.2       8.0      44.3
       -.2      24.1       1.0      20.1
        .7       5.0        .8      13.8
        .5       5.0        .6      11.7
 82965   .814421   .000000  -.580275
  42124.8  12932.6      -.1     40.5     46.9     28.9
      -.1     83.5     46.9     57.7  22568.2  23218.3
       -.2      79.0       7.0      48.1
        .9      22.5        .6      20.9
        .6       5.0        .2      14.2
        .8       5.0        .1      12.1
 82966   .775436   .000000  -.631426
  38883.9  14333.8      -.4     40.6     46.9     28.9
      -.4     83.6     49.6      5.7  20388.1  21124.5
       3.4      78.0       8.6      48.1
       1.9      19.5       -.2      19.5
        .9       5.0       -.8      13.2
        .5       5.0       -.7      10.7
 82967   .724999   .000000  -.688749
  36002.5  16566.8      -.3     40.6     46.9     28.9
      -.2     83.6     48.3     10.0  18720.9  19281.8
       6.0      73.8       7.2      45.5
       -.9      18.6       -.8      18.7
        .3       5.9      -1.3      12.4
        .5       5.0      -1.7      10.4
 82968   .659438   .000000  -.751759
  32978.6  19822.3      -.1     40.9     46.9     28.9
      -.1     83.8     48.1     22.2  17025.7  17475.2
      -2.8      73.3       6.0      44.3
        .9      16.0      -2.4      17.0
        .4       5.0      -2.8      11.2
        .7       5.0      -2.6       9.3
 82969   .574426   .000000  -.818557
  30451.5  23248.5      -.1     40.8     48.3      6.3
      -.1     83.9     48.4     34.5  15035.9  15711.6
        .6      75.5       4.4      47.4
       -.2      16.5      -2.3      12.0
        .6       5.0      -2.8       8.3
        .6       5.0      -3.1       7.0
 82970   .465746   .000000  -.884918
  28455.6  23498.1       .5     40.8     47.4     17.7
       .5     83.9     47.4     46.3  14196.3  14755.8
       -.4      69.6       9.8      61.1
       1.0      10.0      -3.2       7.9
        .7       5.0      -3.5       5.4
        .6       5.0      -3.7       4.6
 82971   .331088   .000000  -.943600
  26882.0  21934.0       .0     40.8     45.1     24.9
       .0     84.0     45.0     53.7  12866.7  13457.4
       -.1      72.6       6.4      69.1
       -.2      10.4      -2.3      11.2
        .6       5.0      -2.4       3.2
        .7       5.0      -2.6       3.0
 82972   .254493   .000000  -.967075
  26110.4  21332.6      -.1     40.9     47.3     21.2
      -.1     84.1     47.3     49.8  12599.3  13082.5
      -2.6      69.9       5.2      60.8
        .6      11.1      -1.9       8.1
        .6       5.0      -2.0       4.9
        .6       5.0      -2.6       4.5
 82973   .172799   .000000  -.984957
  25566.0  20877.7      -.2     40.9     47.4     15.6
      -.1     84.1     47.5     44.4  12380.3  12785.7
      -1.0      70.3       2.6      50.8
       1.2      10.7      -3.2       8.0
        .2       5.0      -3.4       5.9
        .5       5.0      -4.0       5.3
 82974   .087384   .000000  -.996175
  25022.6  19856.7       .2     41.0     47.3     10.0
       .2     84.1     47.4     38.5  11906.7  12520.3
        .1      66.0      -2.8      41.7
       1.0      10.0      -4.0       9.2
        .6       5.0      -4.2       7.1
        .5       5.0      -4.6       6.4
 82975   .000000   .000000 -1.000000
  24787.6  18393.7      -.1     40.9     46.8      5.1
      -.1     84.1     47.2     32.7  11832.2  12333.7
      -1.8      71.4      -3.1      39.0
       1.0      10.6      -4.7      11.8
        .6       5.0      -4.5       8.5
        .7       5.0      -5.1       7.6
 82976  -.087384   .000000  -.996175
  24837.4  16324.4      -.2     41.2     43.3      4.5
      -.2     84.3     47.4     27.0  11957.1  12398.0
      -1.0      74.1      -4.1      39.5
        .2      11.1      -5.6      14.1
        .3       5.0      -5.4      10.0
        .6       5.0      -5.8       8.9
 82977  -.172799   .000000  -.984957
  24888.9  13803.0      -.4     41.0     46.9     28.9
      -.4     84.2     47.1     21.2  11773.0  12406.0
       -.6      72.1      -5.6      38.7
        .4      11.2      -6.5      16.5
        .7       5.0      -6.1      11.6
        .5       5.0      -6.5      10.1
 82978  -.254493   .000000  -.967075
  25271.6  12967.0      -.2     41.2     46.9     28.9
      -.2     84.2     47.3     15.7  12432.8  12807.4
        .5      69.4      -6.2      41.7
       -.2      11.4      -6.6      18.2
        .6       5.0      -6.0      12.5
        .6       5.0      -6.6      11.3
 82979  -.331088   .000000  -.943600
  25785.8  11587.6      -.5     41.0     46.9     28.9
      -.5     84.3     47.0     10.7  12698.4  13120.7
       1.7      71.9      -6.1      41.8
       1.5      10.1      -5.9      18.7
        .4       5.0      -5.5      13.4
        .6       5.0      -6.3      12.3
 82980  -.465746   .000000  -.884918
  27440.6  10244.0       .2     41.0     46.9     28.9
       .2     84.2     43.9      6.8  13670.1  14265.8
       1.7      68.2      -8.4      40.2
       1.1      12.0      -5.5      19.5
        .6       5.0      -5.4      13.9
        .7       5.0      -5.8      12.5
 82981  -.574426   .000000  -.818557
  29579.9   9345.6      -.1     41.1     46.9     28.9
      -.1     84.3     46.9     57.7  14957.1  15623.8
        .5      74.8      -6.8      41.6
        .4      13.0      -4.8      21.8
        .7       5.0      -4.6      15.5
        .6       5.0      -5.7      14.7
 82982  -.659438   .000000  -.751759
  32136.5   8809.4      -.3     41.4     46.9     28.9
      -.3     84.4     46.9     57.7  16665.0  17174.2
      -4.0      73.6      -7.7      39.8
        .4      15.2      -4.2      20.8
        .5       5.0      -3.9      15.3
        .4       5.0      -4.3      14.3
 82983  -.724999   .000000  -.688749
  35200.5   8408.7      -.1     41.2     46.9     28.9
      -.1     84.3     46.9     57.7  18268.4  19010.0
       5.2      74.6      -7.9      40.0
       1.4      23.0      -3.3      22.9
        .5       5.0      -3.6      17.3
        .6       5.0      -4.6      15.8
 82984  -.775436   .000000  -.631426
  38263.3   8154.4       .5     40.9     46.9     28.9
       .4     84.1     46.9     57.7  20400.3  21136.0
       2.8      75.9      -7.2      37.4
        .4      17.3      -3.1      21.1
        .8       5.0      -2.7      16.4
        .5       5.0      -3.7      15.5
 82985  -.814421   .000000  -.580275
  41562.4   8036.8      -.1     41.2     46.9     28.9
      -.2     84.1     46.9     57.7  22538.1  23252.8
       -.5      77.2      -6.0      41.6
        .3      21.0      -3.5      23.3
        .3       5.0      -3.4      17.9
        .6       5.0      -3.9      16.3
 82986  -.844819   .000000  -.535052
  45139.9   7885.6       .0     41.1     46.9     28.9
       .0     84.0     46.9     57.7  25040.2  25867.6
       1.3      76.8      -7.3      37.2
       -.4      21.1      -2.2      21.8
        .1       6.0      -2.4      17.1
        .5       5.0      -2.6      15.7
 82987  -.868777   .000000  -.495203
  48817.3   7892.6      -.3     41.1     46.9     28.9
      -.3     83.9     46.9     57.7  27328.7  28339.9
      -1.7      77.6      -7.9      38.0
        .1      29.4      -2.8      23.6
        .4       5.0      -2.5      18.2
        .8       5.0      -3.0      16.6
 82988  -.887877   .000000  -.460082
  52629.0   7694.4      -.2     40.5     46.9     28.9
      -.1     83.5     46.9     57.7  29654.2  30399.6
       3.7      83.5      -8.0      36.6
      -1.1      28.8      -2.3      22.0
        .4       5.0      -1.8      17.3
        .5       5.0      -2.0      16.1
 82989  -.903278   .000000  -.429057
  56344.9   7768.7      -.6     40.5     46.9     28.9
      -.4     83.5     46.9     57.7  31884.8  32834.5
       3.5      83.5      -5.9      37.7
       3.1      27.3      -2.2      23.3
        .3       5.7      -1.7      18.6
        .7       5.0      -2.5      17.0
 82990   .840060  -.367526  -.399028
  60621.2  11261.4      -.6     43.3     46.9     28.9
       .4     17.2     46.9     57.7  34667.5  35568.8
      -6.8      61.5      10.4      44.9
      -1.9      24.1       1.8      22.2
      -1.7      15.9       1.7      16.0
      -1.5      13.2       1.4      14.0
 82991   .817505  -.390173  -.423616
  57218.8  11764.1      -.6     43.3     46.9     28.9
       .3     17.6     46.9     57.7  31813.4  32733.5
      -7.1      60.5       8.9      43.2
      -1.9      24.9       1.9      20.8
      -1.8      16.1       1.4      14.5
      -1.5      13.5       1.3      12.6
 82992   .790440  -.414981  -.450551
  54082.8  12464.6      -.6     43.3     46.9     28.9
       .3     18.0     46.9     57.7  30204.7  31062.8
      -8.0      58.9      10.2      47.0
      -2.2      25.3       1.1      21.3
      -1.8      16.5       1.0      15.1
      -1.6      13.6        .6      12.8
 82993   .757796  -.442047  -.479937
  50691.6  13470.3      -.6     43.3     46.9     28.9
       .5     18.4     46.9     57.7  27962.9  29044.2
      -7.3      58.8      10.6      49.2
      -1.8      25.5        .6      20.0
      -1.8      16.7        .5      13.8
      -1.8      13.6        .5      11.6
 82994   .718269  -.471364  -.511767
  47609.6  14720.5      -.6     43.3     46.9     28.9
       .1     19.0     46.9     57.7  26057.9  26714.4
      -8.2      59.8       8.7      47.1
      -2.3      25.8        .0      20.0
      -2.0      17.0       -.2      13.6
      -1.7      13.9       -.7      11.5
 82995   .670317  -.502738  -.545830
  44608.3  16447.3      -.6     43.3     46.9     28.9
       .0     19.7     46.7      8.7  24282.4  25095.7
      -7.1      57.4       6.0      48.9
      -2.9      25.9       -.4      19.0
      -2.1      17.0      -1.0      12.6
      -2.1      14.2      -1.1      10.6
 82996   .612205  -.535679  -.581595
  42302.1  17881.7      -.6     43.3     46.9     28.9
      -.1     20.0     48.0      9.0  22473.7  23319.7
      -8.0      58.7       7.4      49.1
      -3.2      26.7      -1.2      18.1
      -2.5      17.3      -1.4      11.6
      -2.2      14.5      -1.8       9.7
 82997   .542159  -.569267  -.618061
  39758.7  19082.1      -.6     43.3     46.9     28.9
       .0     20.5     48.2     21.1  20958.9  21755.4
     -10.0      59.4       4.0      48.7
      -2.4      26.5      -2.6      16.6
      -2.7      17.7      -2.8      10.6
      -2.3      14.4      -3.0       8.7
 82998   .458673  -.602008  -.653609
  37671.9  18436.5      -.6     43.3     48.1      5.7
      -.2     20.8     48.1     33.5  19612.4  20455.3
     -10.4      56.9       6.0      50.1
      -2.7      26.8      -2.9      12.0
      -2.7      17.9      -2.8       8.0
      -2.6      14.6      -3.0       6.8
 82999   .361020  -.631785  -.685938
  36213.6  17829.9      -.6     43.3     47.4     17.6
      -.1     21.3     47.3     45.7  18549.9  19262.9
     -10.5      56.9       8.4      63.2
      -3.4      27.3      -3.0      10.6
      -3.1      18.2      -3.5       5.3
      -2.6      14.8      -3.7       4.7
 83000   .249898  -.655981  -.712208
  34831.1  17124.7      -.6     43.3     45.3     24.6
       .1     21.6     45.3     53.3  17786.6  18412.9
      -8.2      57.4       6.4      74.4
      -3.5      27.3      -2.1      14.6
      -3.2      18.6      -2.1       3.3
      -3.0      14.9      -2.4       3.0
 83001   .190037  -.665130  -.722141
  34113.2  16805.6      -.6     43.3     48.1     20.5
      -.3     21.8     48.0     49.1  17676.4  18249.7
      -9.0      58.4       3.2      63.9
      -3.2      27.3      -1.4      13.5
      -3.3      17.9      -1.8       5.0
      -3.2      14.9      -2.1       4.8
 83002   .127982  -.671905  -.729496
  33893.3  16691.0      -.6     43.3     48.3     14.9
      -.6     21.9     48.4     43.8  17662.2  18099.8
      -7.7      58.7       3.6      60.7
      -3.2      27.8      -2.8       9.2
      -3.1      18.7      -3.0       6.0
      -3.0      15.2      -3.2       5.4
 83003   .064388  -.676070  -.734019
  33604.4  16496.7      -.6     43.3     48.3      9.0
      -.2     22.1     48.4     37.6  17069.9  17782.3
      -9.5      58.7      -1.4      48.6
      -3.5      28.1      -3.6      10.2
      -2.8      18.1      -3.7       6.9
      -2.9      14.9      -3.9       6.2
 83004   .000000  -.677476  -.735545
  33309.7  16382.6      -.6     43.3     47.7      4.0
      -.3     22.3     48.2     31.4  17319.5  17710.0
     -10.1      58.3      -2.2      45.6
      -3.0      27.9      -4.1      11.9
      -3.1      18.4      -4.1       8.1
      -2.9      15.2      -4.6       7.2
 83005  -.064388  -.676070  -.734019
  33295.5  16444.5      -.6     43.3     46.9     28.9
      -.3     22.3     48.2     25.4  16907.3  17688.1
     -11.1      58.9      -3.7      42.2
      -4.0      27.9      -5.7      13.7
      -2.5      18.4      -5.1       9.2
      -2.6      15.0      -5.3       8.0
 83006  -.127982  -.671905  -.729496
  33499.9  16066.8      -.6     43.3     46.9     28.9
      -.4     22.1     48.4     19.5  17212.1  17781.1
     -11.2      58.8      -3.7      43.3
      -3.6      27.7      -5.7      15.5
      -2.8      18.3      -5.2      10.6
      -2.8      15.1      -5.7       9.1
 83007  -.190037  -.665130  -.722141
  33757.2  15720.6      -.6     43.3     46.9     28.9
      -.1     22.2     48.4     13.5  17451.7  18053.8
      -8.5      58.6      -5.4      42.8
      -2.8      27.8      -5.4      16.8
      -2.4      18.1      -5.0      11.4
      -2.4      15.3      -5.4      10.0
 83008  -.249898  -.655981  -.712208
  34197.7  14292.7      -.6     43.3     46.9     28.9
      -.3     22.1     48.2      8.5  17810.7  18254.2
     -10.5      58.8      -4.3      41.9
      -3.4      27.4      -5.2      17.0
      -2.5      18.2      -4.6      11.9
      -2.4      15.2      -5.3      10.8
 83009  -.361020  -.631785  -.685938
  35297.0  13211.3      -.6     43.3     46.9     28.9
       .1     21.9     42.9      8.0  18704.1  19252.1
      -8.1      57.7      -5.2      43.0
      -3.2      27.4      -5.1      18.4
      -2.2      18.1      -4.4      12.9
      -2.3      15.0      -5.0      11.5
 83010  -.458673  -.602008  -.653609
  37001.0  11647.0      -.6     43.3     46.9     28.9
       .3     21.4     46.9     57.7  19105.8  19833.8
      -7.7      58.4      -6.0      41.8
      -2.6      27.5      -4.5      19.9
      -1.8      17.7      -4.1      14.6
      -1.8      15.1      -4.4      13.1
 83011  -.542159  -.569267  -.618061
  39145.9  10778.3      -.6     43.3     46.9     28.9
       .3     20.9     46.9     57.7  20636.0  21265.4
      -6.3      59.2      -6.7      37.7
      -2.1      26.6      -3.1      19.3
      -1.9      17.5      -3.3      14.3
      -1.8      14.7      -3.8      13.1
 83012  -.612205  -.535679  -.581595
  41511.6   9980.2      -.6     43.3     46.9     28.9
      -.1     20.4     46.9     57.7  22052.4  22840.4
      -7.8      57.2      -6.2      39.7
      -2.0      26.4      -3.5      21.8
      -1.7      17.1      -3.3      16.0
      -1.8      14.5      -3.9      14.9
 83013  -.670317  -.502738  -.545830
  44149.0   9565.2      -.6     43.3     46.9     28.9
       .0     19.8     46.9     57.7  23958.4  24797.0
      -7.6      59.5      -6.1      39.5
      -2.5      26.1      -2.8      20.9
      -1.1      17.1      -2.4      15.6
      -1.6      14.5      -3.0      14.6
 83014  -.718269  -.471364  -.511767
  47159.0   9047.4      -.6     43.3     46.9     28.9
       .2     19.4     46.9     57.7  25800.1  26901.6
      -7.0      58.9      -6.7      38.5
      -2.3      25.6      -3.1      22.6
      -1.2      16.5      -2.4      17.1
      -1.4      14.0      -3.3      15.7
 83015  -.757796  -.442047  -.479937
  50375.3   8835.8      -.6     43.3     46.9     28.9
       .2     18.9     46.9     57.7  27946.5  28672.7
      -8.1      62.3      -6.4      36.1
      -2.0      25.5      -1.9      20.6
      -1.4      16.4      -2.2      16.6
      -1.2      13.8      -2.3      15.2
 83016  -.790440  -.414981  -.450551
  53663.8   8662.7      -.6     43.3     46.9     28.9
       .1     18.2     46.9     57.7  29572.3  31074.8
      -7.1      58.4      -7.3      39.0
      -1.6      25.2      -2.1      23.1
      -1.3      16.3      -1.8      18.2
      -1.2      13.6      -2.4      16.3
 83017  -.817505  -.390173  -.423616
  57083.4   8401.4      -.6     43.3     46.9     28.9
       .3     17.9     46.9     57.7  32450.1  33369.6
      -7.2      59.1      -6.3      36.9
      -1.7      24.7      -1.8      21.1
      -1.1      16.0      -1.3      17.0
       -.8      13.3      -1.6      15.6
 83018  -.840060  -.367526  -.399028
  60382.1   8336.8      -.6     43.3     46.9     28.9
       .1     17.4     46.9     57.7  34591.7  35498.7
      -5.9      61.6      -6.4      36.8
      -1.4      24.7      -1.6      22.6
      -1.1      15.7      -1.8      17.8
      -1.1      13.2      -2.2      16.8
 83019   .708659  -.620076  -.336613
  72111.4  13345.4      -.6     43.3     46.9     28.9
      -.6     86.6     46.9     57.7  41671.3  42854.2
     -10.8      58.5       8.8      45.9
      -1.2      23.0       1.5      21.4
      -1.2      17.3       1.6      14.7
      -1.1      15.8       1.4      12.9
 83020   .677337  -.646549  -.350984
  69223.7  13957.8      -.6     43.3     46.9     28.9
      -.6     86.6     46.9     57.7  39887.5  40785.1
     -10.5      56.8       6.9      45.9
      -1.6      22.5       1.5      20.3
      -1.3      17.3       1.3      13.7
      -1.4      15.9       1.3      11.7
 83021   .641844  -.673936  -.365851
  66399.7  14517.4      -.6     43.3     46.9     28.9
      -.6     86.6     46.9     57.7  38123.3  39349.1
      -9.3      52.9       8.8      49.7
      -1.7      22.4       1.2      20.1
      -1.2      17.5        .7      13.6
      -1.4      16.2        .8      11.7
 83022   .601687  -.701968  -.381068
  63965.2  14858.0      -.6     43.3     46.9     28.9
      -.6     86.6     46.9     57.7  36237.2  37160.0
      -9.9      55.8       7.3      50.5
      -1.8      22.9        .9      19.9
      -1.0      17.5        .1      12.9
      -1.1      16.2        .0      10.8
 83023   .556388  -.730259  -.396426
  61727.6  15184.8      -.6     43.3     46.9     28.9
      -.6     86.6     46.9     57.7  34892.6  36044.5
     -10.8      54.5       7.2      53.6
      -2.1      23.1        .2      19.4
      -1.2      18.0       -.2      12.4
      -1.5      16.5       -.4      10.2
 83024   .505524  -.758286  -.411641
  59135.3  15205.6      -.6     43.3     46.9     28.9
      -.6     86.6     46.9     57.7  33072.1  34183.4
      -9.7      53.5       6.8      55.6
      -2.0      23.0       -.9      18.8
      -1.2      17.6      -1.1      11.5
      -1.8      16.8      -1.2       9.5
 83025   .448787  -.785377  -.426348
  57368.9  14844.7      -.6     43.3     46.9     28.9
      -.6     86.6     48.6      7.2  32284.7  33243.4
     -11.8      55.2      10.3      58.8
      -2.2      22.8      -1.1      17.2
      -1.3      18.0      -1.7      10.3
      -1.6      16.8      -1.7       8.6
 83026   .386057  -.810720  -.440105
  55545.4  14404.6      -.6     43.3     46.9     28.9
      -.6     86.6     48.5     19.5  31433.2  32197.0
     -10.6      51.1       4.9      60.5
      -1.7      22.7      -2.7      16.7
      -1.7      18.0      -2.9       9.5
      -2.1      17.0      -2.9       7.6
 83027   .317480  -.833386  -.452409
  53995.5  13949.4      -.6     43.3     48.5      4.3
      -.6     86.6     48.3     32.1  30385.5  31298.0
      -9.6      52.5       4.6      64.2
      -2.2      23.2      -2.5      14.3
      -1.8      18.2      -2.7       7.5
      -2.3      17.0      -3.0       6.4
 83028   .243541  -.852392  -.462727
  53004.0  13799.7      -.6     43.3     47.8     16.2
      -.6     86.6     47.7     44.9  29764.7  30327.5
     -10.6      52.0       2.5      73.3
      -2.6      23.1      -2.5      16.5
      -1.8      18.3      -3.4       5.2
      -1.9      17.4      -3.6       4.7
 83029   .165103  -.866792  -.470544
  52183.4  13419.2      -.6     43.3     45.6     24.0
      -.6     86.6     45.7     52.6  28651.3  29904.5
     -11.8      52.9       4.1      86.0
      -2.6      23.2      -1.0      27.5
      -2.0      18.2      -1.4       6.7
      -2.3      17.4      -2.1       3.0
 83030   .124573  -.872008  -.473376
  51814.5  13398.9      -.6     43.3     48.4     19.8
      -.6     86.6     48.4     48.4  28427.8  29409.4
     -11.9      51.1       5.1      74.4
      -2.2      23.3      -1.5      19.2
      -2.2      18.2      -1.3       5.8
      -2.3      17.8      -1.5       5.1
 83031   .083409  -.875791  -.475429
  51533.7  13285.3      -.6     43.3     49.4     14.2
      -.6     86.6     49.4     42.8  28463.6  29347.0
     -11.3      50.0       2.9      72.0
      -2.7      23.4      -2.6      16.2
      -2.0      18.6      -2.4       6.1
      -2.3      17.6      -2.8       5.4
 83032   .041814  -.878085  -.476675
  51291.8  13252.2      -.6     43.3     49.3      7.8
      -.6     86.6     49.4     36.5  28626.8  29493.1
     -11.4      53.3        .3      65.7
      -2.2      23.2      -2.9      13.3
      -2.4      18.5      -3.4       6.9
      -2.0      17.6      -3.3       5.9
 83033   .000000  -.878853  -.477092
  51381.4  13299.8      -.6     43.3     48.7      2.5
      -.6     86.6     49.2     30.0  28882.3  29503.8
      -9.3      50.7       -.2      57.4
      -2.3      23.6      -3.8      13.6
      -1.7      18.6      -3.8       7.6
      -2.2      17.7      -4.0       6.6
 83034  -.041814  -.878085  -.476675
  51241.9  13264.6      -.6     43.3     46.9     28.9
      -.6     86.6     49.5     23.6  27828.9  29075.4
     -11.9      54.0       -.6      55.1
      -2.1      23.5      -4.7      13.9
      -1.8      18.7      -4.5       8.5
      -2.0      17.8      -4.5       7.1
 83035  -.083409  -.875791  -.475429
  51387.4  13276.8      -.6     43.3     46.9     28.9
      -.6     86.6     49.5     17.1  28321.7  29328.1
      -9.4      52.4      -3.4      55.0
      -1.8      23.4      -4.7      15.8
      -1.7      18.6      -4.5       9.5
      -2.1      17.9      -4.7       7.8
 83036  -.124573  -.872008  -.473376
  51413.1  13254.1      -.6     43.3     46.9     28.9
      -.6     86.6     49.4     11.0  28916.0  29512.5
     -11.0      51.4      -4.2      51.1
      -1.9      23.6      -4.2      15.8
      -1.9      18.7      -4.3       9.8
      -2.0      17.7      -4.3       8.3
 83037  -.165103  -.866792  -.470544
  51890.3  13533.8      -.6     43.3     46.9     28.9
      -.6     86.6     49.2      5.5  28678.9  29467.0
      -9.7      50.5      -3.0      47.8
      -1.7      23.6      -3.6      15.3
      -1.4      18.7      -3.5       9.8
      -1.9      17.5      -3.8       8.7
 83038  -.243541  -.852392  -.462727
  52444.4  13595.1      -.6     43.3     46.9     28.9
      -.6     86.6     46.9     57.7  28953.1  30033.7
      -9.0      51.4      -5.1      45.7
      -1.8      22.9      -4.3      16.8
      -1.9      18.7      -4.1      11.2
      -1.4      17.6      -4.0       9.4
 83039  -.317480  -.833386  -.452409
  53665.5  13426.4      -.6     43.3     46.9     28.9
      -.6     86.6     46.9     57.7  29846.6  30725.4
     -11.6      54.6      -4.8      42.6
      -1.3      23.7      -3.1      17.4
      -1.7      18.4      -3.1      12.0
      -1.5      17.5      -3.2      10.5
 83040  -.386057  -.810720  -.440105
  55267.4  13332.0      -.6     43.3     46.9     28.9
      -.6     86.6     46.9     57.7  30929.5  31636.1
     -10.3      54.1      -5.7      44.2
      -1.4      23.2      -3.1      18.0
      -1.2      18.6      -2.7      12.6
      -1.4      17.2      -3.0      10.9
 83041  -.448787  -.785377  -.426348
  56816.7  12941.6      -.6     43.3     46.9     28.9
      -.6     86.6     46.9     57.7  31543.1  32551.7
     -12.4      56.8      -6.1      43.7
      -1.6      22.7      -2.7      18.2
      -1.0      18.4      -2.3      13.6
      -1.6      17.1      -2.8      12.3
 83042  -.505524  -.758286  -.411641
  58531.5  11979.5      -.6     43.3     46.9     28.9
      -.6     86.6     46.9     57.7  33884.1  34639.5
      -7.1      54.7      -6.2      40.9
      -1.2      23.5      -2.1      18.8
      -1.1      18.0      -2.0      13.5
      -1.1      17.1      -2.2      12.1
 83043  -.556388  -.730259  -.396426
  61032.9  11575.6      -.6     43.3     46.9     28.9
      -.6     86.6     46.9     57.7  35035.3  36074.0
      -8.9      53.1      -7.7      39.4
      -1.7      22.9      -2.4      19.8
      -1.1      18.2      -1.8      15.0
      -1.1      16.8      -2.4      13.5
 83044  -.601687  -.701968  -.381068
  63403.4  11324.5      -.6     43.3     46.9     28.9
      -.6     86.6     46.9     57.7  36402.8  37630.9
      -9.3      53.8      -6.9      41.1
      -1.7      23.3      -2.0      19.4
       -.9      17.7      -1.4      14.5
      -1.1      16.5      -1.6      13.1
 83045  -.641844  -.673936  -.365851
  66014.0  10652.9      -.6     43.3     46.9     28.9
      -.6     86.6     46.9     57.7  37811.6  39068.6
     -13.3      57.5      -7.3      39.3
      -1.3      23.6      -2.0      21.1
      -1.1      17.7      -1.4      16.0
      -1.1      16.4      -1.8      14.5
 83046  -.677337  -.646549  -.350984
  68607.6  10195.4      -.6     43.3     46.9     28.9
      -.6     86.6     46.9     57.7  39495.0  40728.7
     -10.3      55.0      -5.5      35.4
      -1.2      23.0      -1.2      19.8
      -1.2      17.8      -1.1      15.3
      -1.0      16.3      -1.3      13.7
 83047  -.708659  -.620076  -.336613
  71590.8   9915.6      -.6     43.3     46.9     28.9
      -.6     86.6     46.9     57.7  41026.2  42533.7
      -8.2      57.8      -5.4      36.7
      -1.1      23.3      -1.4      20.8
       -.7      17.4      -1.1      16.8
       -.9      16.0      -1.3      15.4
 83048   .482910  -.845093  -.229382
 105847.7  14028.8      -.6     43.3     46.9     28.9
      -.6     86.6     46.9     57.7  64269.5  65959.5
     -10.9      51.5       5.5      53.0
      -2.1      22.1       1.9      19.8
      -1.4      16.5       1.8      12.6
      -1.4      15.2       1.6      10.6
 83049   .451149  -.861285  -.233777
 103857.2  13751.5      -.6     43.3     46.9     28.9
      -.6     86.6     46.9     57.7  62513.8  64335.4
     -12.0      52.3       6.7      58.7
      -2.0      22.0       2.2      20.7
      -1.3      16.7       1.2      12.1
      -1.2      15.3        .9      10.2
 83050   .417577  -.876913  -.238019
 102134.3  13649.9      -.6     43.3     46.9     28.9
      -.6     86.6     46.9     57.7  61385.8  63462.1
     -13.5      54.2      11.2      58.1
      -1.9      22.2       1.3      20.7
      -1.6      16.8       1.3      11.4
      -1.6      15.3        .9       9.7
 83051   .382204  -.891810  -.242063
 100632.2  13510.0      -.6     43.3     46.9     28.9
      -.6     86.6     46.9     57.7  60598.0  62343.9
     -12.1      50.2       9.3      63.4
      -1.8      22.3        .8      20.9
      -1.4      16.9        .3      11.3
      -1.7      15.4        .3       9.1
 83052   .345068  -.905804  -.245861
  99008.7  13240.5      -.6     43.3     46.9     28.9
      -.6     86.6     46.9     57.7  59621.5  61407.7
     -12.5      54.0       8.7      60.8
      -2.1      21.9        .8      20.8
      -1.4      17.0        .0      10.5
      -1.8      15.5       -.2       8.6
 83053   .306238  -.918714  -.249365
  97831.3  13028.5      -.6     43.3     46.9     28.9
      -.6     86.6     46.9     57.7  59145.8  60787.3
     -10.7      51.6       7.8      71.6
      -2.2      22.2       -.1      21.2
      -1.5      17.1      -1.1      10.1
      -1.8      15.7      -1.0       8.1
 83054   .265817  -.930361  -.252527
  96575.2  12949.4      -.6     43.3     46.9     28.9
      -.6     86.6     48.9      4.7  57101.9  59493.7
     -13.9      52.7       9.6      76.7
      -2.1      22.5       -.8      20.3
      -1.7      16.9      -1.2       8.9
      -1.7      15.7      -1.3       7.3
 83055   .223945  -.940570  -.255298
  95529.6  12737.3      -.6     43.3     46.9     28.9
      -.6     86.6     48.7     17.5  56559.6  57885.0
     -11.2      51.8       5.4      74.4
      -2.3      22.5      -2.4      20.5
      -2.2      17.2      -2.7       8.4
      -1.8      15.4      -3.0       6.8
 83056   .180796  -.949177  -.257634
  94648.3  12586.5      -.6     43.3     48.7      2.6
      -.6     86.6     48.7     30.7  57166.9  58931.4
     -12.6      53.0       5.8      82.0
      -2.9      22.6      -2.0      22.5
      -1.8      17.1      -2.8       7.2
      -2.2      15.7      -2.8       5.9
 83057   .136577  -.956038  -.259496
  93928.1  12497.1      -.6     43.3     48.0     15.3
      -.6     86.6     47.8     43.9  55615.2  57643.2
     -10.9      51.1       3.2      92.1
      -2.5      22.2      -1.9      31.3
      -2.0      17.5      -3.4       7.2
      -2.3      15.8      -3.4       5.1
 83058   .091527  -.961030  -.260851
  93470.2  12369.0      -.6     43.3     46.1     23.4
      -.6     86.6     46.2     51.8  56251.3  57897.1
     -12.1      49.2       6.1     102.7
      -2.6      22.4      -1.2      49.0
      -2.0      17.1      -1.5      12.5
      -2.1      15.6      -1.4       5.9
 83059   .068771  -.962796  -.261330
  93777.5  12470.8      -.6     43.3     49.5     19.0
      -.6     86.6     49.3     47.5  56448.9  57752.7
     -11.7      52.3       2.5     100.0
      -2.8      22.8        .5      40.8
      -1.9      16.9       -.9       8.9
      -2.4      15.6       -.6       6.2
 83060   .045908  -.964064  -.261674
  93449.3  12420.8      -.6     43.3     50.4     13.3
      -.6     86.6     50.4     41.8  56338.9  58044.6
     -10.8      53.3       2.3      96.7
      -2.5      22.5      -1.5      31.5
      -2.1      17.3      -1.8       8.4
      -2.1      15.6      -2.0       5.8
 83061   .022972  -.964827  -.261882
  93056.5  12478.4      -.6     43.3     50.6      6.8
      -.6     86.6     50.4     35.4  55820.2  57009.6
     -11.6      51.9       1.6      83.5
      -2.6      22.4      -2.0      24.6
      -1.8      17.1      -2.7       8.2
      -2.1      15.6      -2.8       6.0
 83062   .000000  -.965081  -.261951
  93229.1  12360.8      -.6     43.3     49.4      1.3
      -.6     86.6     50.2     28.5  56070.4  57788.6
     -11.0      49.5       2.4      77.1
      -2.8      22.8      -2.8      23.2
      -1.9      17.2      -3.3       7.7
      -1.9      15.9      -3.5       6.3
 83063  -.022972  -.964827  -.261882
  93159.8  12528.9      -.6     43.3     46.9     28.9
      -.6     86.6     50.4     21.8  56335.8  57715.4
     -11.9      52.8      -1.0      74.9
      -2.4      22.7      -3.5      21.3
      -2.3      17.3      -3.9       7.8
      -2.2      15.8      -4.0       6.3
 83064  -.045908  -.964064  -.261674
  93432.7  12365.3      -.6     43.3     46.9     28.9
      -.6     86.6     50.4     15.2  55694.5  57306.4
     -12.6      50.4       3.1      69.3
      -2.5      22.6      -3.8      21.1
      -2.0      17.2      -3.8       8.7
      -1.7      15.8      -3.6       6.8
 83065  -.068771  -.962796  -.261330
  93064.7  12417.0      -.6     43.3     46.9     28.9
      -.6     86.6     50.3      8.5  55515.6  56850.2
      -9.0      49.6      -4.9      72.1
      -2.5      22.8      -2.8      20.8
      -1.9      17.3      -3.1       8.4
      -1.8      15.7      -3.2       7.0
 83066  -.091527  -.961030  -.260851
  93287.7  12502.3      -.6     43.3     46.9     28.9
      -.6     86.6     50.1      2.8  55027.3  56969.5
     -13.9      55.6      -4.2      71.9
      -2.4      22.1      -2.7      18.7
      -2.1      17.3      -2.7       8.7
      -1.9      15.8      -2.6       6.9
 83067  -.136577  -.956038  -.259496
  93914.4  12483.0      -.6     43.3     46.9     28.9
      -.6     86.6     46.9     57.7  56170.5  57691.3
     -12.5      54.8        .4      64.4
      -2.4      22.4      -2.9      19.0
      -1.6      17.4      -3.0       9.7
      -2.1      15.9      -3.3       7.9
 83068  -.180796  -.949177  -.257634
  93970.9  12547.8      -.6     43.3     46.9     28.9
      -.6     86.6     46.9     57.7  56884.0  58373.1
     -11.5      49.9      -3.2      57.1
      -2.1      22.6      -2.1      16.1
      -1.5      17.2      -1.8       9.2
      -1.9      16.1      -2.0       8.0
 83069  -.223945  -.940570  -.255298
  95085.2  12673.2      -.6     43.3     46.9     28.9
      -.6     86.6     46.9     57.7  56717.9  58614.3
     -13.5      50.2      -3.9      53.5
      -2.0      22.6      -2.2      18.3
      -1.7      17.5      -2.3      10.5
      -1.7      15.7      -2.3       8.6
 83070  -.265817  -.930361  -.252527
  96112.3  12838.8      -.6     43.3     46.9     28.9
      -.6     86.6     46.9     57.7  57666.3  59554.2
      -9.6      49.6      -3.6      51.5
      -2.0      22.3      -1.6      17.6
      -1.6      17.2      -1.5      10.5
      -1.7      15.7      -1.4       9.1
 83071  -.306238  -.918714  -.249365
  97252.5  13034.3      -.6     43.3     46.9     28.9
      -.6     86.6     46.9     57.7  58478.2  59943.5
     -10.3      52.2      -5.0      50.2
      -2.0      22.0      -2.1      17.9
      -1.6      16.9      -1.6      11.4
      -1.4      15.5      -1.7       9.5
 83072  -.345068  -.905804  -.245861
  98479.3  13184.6      -.6     43.3     46.9     28.9
      -.6     86.6     46.9     57.7  58896.9  60902.9
     -10.7      50.2      -8.8      51.4
      -2.3      22.6      -1.4      17.5
      -1.7      17.3      -1.2      11.6
      -1.1      15.4      -1.1      10.1
 83073  -.382204  -.891810  -.242063
 100025.5  13107.8      -.6     43.3     46.9     28.9
      -.6     86.6     46.9     57.7  61052.4  62216.9
      -9.0      49.4      -5.2      42.7
      -2.1      22.7      -1.3      18.2
      -1.2      17.2      -1.1      12.1
      -1.1      15.7      -1.1      10.6
 83074  -.417577  -.876913  -.238019
 101678.7  13275.9      -.6     43.3     46.9     28.9
      -.6     86.6     46.9     57.7  61106.1  63322.2
     -11.5      52.3      -5.4      41.4
      -1.8      22.6       -.8      17.8
      -1.3      16.8       -.7      12.4
      -1.7      15.4      -1.1      11.3
 83075  -.451149  -.861285  -.233777
 103512.0  13122.3      -.6     43.3     46.9     28.9
      -.6     86.6     46.9     57.7  62592.6  64718.9
     -13.9      52.9      -6.2      40.9
      -2.1      21.9      -1.0      17.9
      -1.3      17.0       -.8      12.9
      -1.4      15.4       -.8      11.4
 83076  -.482910  -.845093  -.229382
 105512.7  12975.2      -.6     43.3     46.9     28.9
      -.6     86.6     46.9     57.7  63638.5  65323.2
     -10.0      52.1      -5.0      39.2
      -1.9      22.0      -1.2      18.8
      -1.5      16.7       -.8      13.5
      -1.1      15.2       -.6      11.9
 83077   .337328  -.927651  -.160231
 151451.3  13094.8      -.6     43.3     46.9     28.9
      -.6     86.6     46.9     57.7  94966.8  97683.7
     -10.0      54.8       8.8      62.4
      -2.4      22.9       2.6      22.2
      -1.3      17.4       1.9      11.0
      -1.4      16.0       1.6       9.4
 83078   .312066  -.936198  -.161707
 150379.1  12938.3      -.6     43.3     46.9     28.9
      -.6     86.6     46.9     57.7  94575.1  97509.5
     -14.4      52.7      11.7      67.9
      -2.7      22.9       2.3      23.7
      -1.3      17.5       1.3      11.5
      -1.6      16.0       1.3       8.9
 83079   .286124  -.944211  -.163091
 148923.9  13066.8      -.6     43.3     46.9     28.9
      -.6     86.6     46.9     57.7  93012.5  95790.1
     -11.9      49.5       8.7      71.1
      -2.4      23.2       1.9      23.9
      -1.7      17.6       1.2      10.5
      -1.6      16.3       1.1       8.4
 83080   .259539  -.951641  -.164374
 148318.6  12779.1      -.6     43.3     46.9     28.9
      -.6     86.6     46.9     57.7  93337.2  95080.1
     -14.3      56.5       9.8      75.3
      -2.6      23.7       1.4      25.9
      -1.8      17.4        .6      10.5
      -1.5      15.9        .5       8.1
 83081   .232349  -.958440  -.165549
 146864.6  12775.8      -.6     43.3     46.9     28.9
      -.6     86.6     46.9     57.7  90953.7  94211.0
     -12.3      53.3       7.3      76.2
      -2.8      22.8       1.3      26.0
      -1.5      17.5        .3       9.3
      -1.8      16.2        .4       7.3
 83082   .204604  -.964562  -.166606
 145885.8  12666.7      -.6     43.3     46.9     28.9
      -.6     86.6     46.9     57.7  91871.6  93986.2
     -11.2      50.1       7.0      80.9
      -2.6      22.6        .0      27.5
      -1.8      17.6       -.7      10.2
      -1.9      16.3       -.8       7.5
 83083   .176357  -.969963  -.167539
 145469.5  12624.5      -.6     43.3     46.9     28.9
      -.6     86.6     49.2      3.4  91386.6  93156.6
     -10.3      49.4       9.8      88.7
      -2.5      22.8       -.2      26.8
      -2.0      17.6      -1.0       8.7
      -1.8      16.4      -1.0       6.5
 83084   .147667  -.974605  -.168341
 144649.0  12533.4      -.6     43.3     46.9     28.9
      -.6     86.6     48.9     16.6  91235.6  93220.0
     -14.7      51.2      12.1      91.3
      -3.2      23.2      -1.1      30.1
      -1.8      17.4      -2.6       9.0
      -2.0      16.1      -2.8       6.2
 83085   .118600  -.978453  -.169006
 144028.5  12529.7      -.6     43.3     48.8      1.9
      -.6     86.6     48.3     30.0  91317.7  93112.0
     -13.6      52.4       4.1     107.0
      -3.1      23.1      -2.0      33.2
      -2.1      17.5      -2.6      10.0
      -2.0      16.2      -2.9       5.7
 83086   .089225  -.981478  -.169528
 143981.6  12468.2      -.6     43.3     47.9     14.9
      -.6     86.6     47.7     43.2  90142.0  92486.2
     -13.6      54.5      -4.6     114.7
      -2.8      23.0      -1.6      44.9
      -2.0      17.5      -3.0      11.9
      -2.0      16.0      -3.2       5.3
 83087   .059616  -.983656  -.169904
 143608.8  12453.6      -.6     43.3     46.3     23.0
      -.6     86.6     46.3     51.2  89357.4  92207.2
     -13.2      53.4       2.4     125.7
      -3.2      23.2       -.6      64.3
      -1.9      17.8      -1.4      21.2
      -2.1      16.1      -1.2       8.9
 83088   .044746  -.984421  -.170036
 143403.6  12372.5      -.6     43.3     49.7     18.7
      -.6     86.6     49.5     46.9  89165.0  91938.7
     -12.7      50.3       8.7     116.7
      -3.0      23.1        .7      53.3
      -2.0      17.5       -.9      17.1
      -2.3      16.1       -.6       8.0
 83089   .029848  -.984969  -.170131
 143507.1  12406.8      -.6     43.3     50.7     12.7
      -.6     86.6     50.6     41.2  90293.1  92099.7
     -10.3      40.9       2.5     113.5
      -3.2      23.2      -1.0      44.0
      -2.1      17.5      -1.8      12.8
      -2.0      15.9      -1.8       7.1
 83090   .014929  -.985299  -.170188
 143303.0  12337.5      -.6     43.3     51.1      6.2
      -.6     86.6     50.9     34.6  89742.6  92407.3
      -9.5      50.9       7.9     107.2
      -3.0      22.7      -1.8      36.3
      -2.0      17.3      -2.5      11.3
      -2.2      16.0      -2.8       7.1
 83091   .000000  -.985408  -.170207
 143031.6  12391.9      -.6     43.3     94.8    152.3
      -.6     86.6     51.1     28.0  88823.6  91581.5
     -11.3      47.6       4.9      94.3
      -3.0      23.5      -2.4      31.7
      -2.2      17.6      -3.0       9.0
      -2.0      16.2      -3.1       6.7
 83092  -.014929  -.985299  -.170188
 143248.8  12335.4      -.6     43.3     46.9     28.9
      -.6     86.6     51.0     21.0  88248.8  92180.4
     -11.7      50.8       8.8      94.8
      -3.2      23.2      -2.9      30.8
      -2.1      17.5      -3.5       9.6
      -1.7      16.1      -3.5       6.8
 83093  -.029848  -.984969  -.170131
 143129.1  12411.3      -.6     43.3     46.9     28.9
      -.6     86.6     50.8     14.3  89101.4  91815.1
     -12.5      49.2      -1.8      93.2
      -2.6      22.8      -3.0      27.5
      -1.8      17.6      -3.3       9.4
      -2.0      16.3      -3.3       6.3
 83094  -.044746  -.984421  -.170036
 143453.9  12325.8      -.6     43.3     46.9     28.9
      -.6     86.6     50.7      7.5  89841.8  91712.1
     -11.1      54.6       3.0      90.0
      -2.7      22.8      -2.3      27.2
      -2.2      17.7      -2.8       9.0
      -1.9      16.2      -2.7       6.4
 83095  -.059616  -.983656  -.169904
 143273.8  12379.0      -.6     43.3     46.9     28.9
      -.6     86.6     50.4      1.8  90251.6  92073.7
     -11.9      49.5      -2.3      82.6
      -2.7      23.1      -1.9      25.9
      -1.8      17.7      -2.1       8.3
      -2.1      16.3      -2.1       6.1
 83096  -.089225  -.981478  -.169528
 143611.2  12392.5      -.6     43.3     46.9     28.9
      -.6     86.6     46.9     57.7  90851.6  92604.9
      -9.0      48.9      -1.5      76.8
      -2.7      23.3      -2.4      25.6
      -2.0      17.6      -2.7       9.2
      -1.6      16.4      -2.4       7.1
 83097  -.118600  -.978453  -.169006
 143930.5  12419.6      -.6     43.3     46.9     28.9
      -.6     86.6     46.9     57.7  90025.2  92168.7
     -13.3      52.1      -2.7      72.4
      -2.9      23.6      -1.1      22.9
      -2.1      17.1      -1.4       8.3
      -2.1      16.2      -1.4       6.9
 83098  -.147667  -.974605  -.168341
 144773.1  12564.3      -.6     43.3     46.9     28.9
      -.6     86.6     46.9     57.7  90001.0  92060.7
     -12.7      48.0      -2.8      68.0
      -2.2      23.3      -2.3      22.9
      -1.8      18.1      -1.7      10.1
      -1.8      16.0      -1.8       7.9
 83099  -.176357  -.969963  -.167539
 145376.3  12631.4      -.6     43.3     46.9     28.9
      -.6     86.6     46.9     57.7  91541.5  93968.4
     -12.7      53.2        .3      71.1
      -2.9      23.8      -1.4      22.0
      -1.8      17.5       -.7       8.9
      -1.7      16.3       -.9       7.7
 83100  -.204604  -.964562  -.166606
 145925.0  12763.5      -.6     43.3     46.9     28.9
      -.6     86.6     46.9     57.7  90839.3  93262.9
     -12.9      48.3      -2.6      64.8
      -2.8      23.2      -1.5      20.6
      -1.9      18.0      -1.4      10.2
      -2.0      16.2      -1.4       8.2
 83101  -.232349  -.958440  -.165549
 147354.1  12750.8      -.6     43.3     46.9     28.9
      -.6     86.6     46.9     57.7  91912.8  94847.4
     -14.3      55.3      -4.7      62.4
      -2.2      22.7       -.6      19.3
      -1.8      17.7       -.5       9.9
      -1.5      16.2       -.6       8.5
 83102  -.259539  -.951641  -.164374
 147929.6  12830.7      -.6     43.3     46.9     28.9
      -.6     86.6     46.9     57.7  91559.9  94466.0
     -10.0      52.0      -2.7      53.1
      -2.9      23.8      -1.6      20.8
      -1.7      17.8       -.9      11.1
      -1.7      16.3       -.9       9.2
 83103  -.286124  -.944211  -.163091
 149104.6  12932.2      -.6     43.3     46.9     28.9
      -.6     86.6     46.9     57.7  92497.4  95771.7
     -10.9      48.5      -7.0      48.6
      -2.4      23.0       -.7      18.1
      -1.7      17.7       -.3      10.8
      -1.2      16.5       -.1       9.0
 83104  -.312066  -.936198  -.161707
 149933.2  12928.3      -.6     43.3     46.9     28.9
      -.6     86.6     46.9     57.7  94656.8  96669.7
      -8.7      43.2      -6.8      47.9
      -2.1      23.1      -1.0      18.1
      -1.5      17.4       -.3      11.3
      -1.5      16.1       -.5       9.6
 83105  -.337328  -.927651  -.160231
 151515.8  13084.8      -.6     43.3     46.9     28.9
      -.6     86.6     46.9     57.7  96462.4  98524.6
     -12.7      53.0      -4.2      48.0
      -2.5      22.7       -.5      18.2
      -1.7      17.5       -.1      11.5
      -1.5      15.8        .1       9.7
