Dot1_150x100_dj0180c@-325V,3.8T@90d,263K,rh=1.10/0.7,0.95/1.3                   
  1011   1  3.80  60   5  29   0  325.00  263.00    1.40 1.00000   800.0    -.37   80.99  150.000  100.000  285.000   800.0    -.18   40.49    1.50    1.00     .85
 85001   .000000   .000000 -1.000000
  24402.7  19431.3      -.5     41.3     40.0      8.3
      -.5     84.5     40.5     36.5  11704.8  12161.0
      -8.5      74.8      -3.3      42.0
        .6      12.5      -5.6      10.8
        .4       5.0      -5.5       7.8
        .2       5.0      -6.3       6.9
 85002   .000000  -.130455  -.991454
  24537.0  19695.8      -.2     34.5     40.2      8.2
      -.2     77.6     40.5     36.5  11617.8  12108.4
      -3.3      66.2      -3.2      40.6
       -.6       5.9      -5.5      10.7
       -.6       5.0      -5.7       8.0
       -.7       5.0      -6.1       7.0
 85003   .000000  -.254493  -.967075
  25020.7  20201.5      -.7     25.8     40.1      8.1
      -.7     69.0     40.5     36.1  12165.1  12633.0
      -5.3      47.6      -3.7      37.9
      -1.3       8.6      -5.5      10.5
      -1.2       5.6      -5.3       8.0
      -1.2       5.0      -6.2       7.0
 85004   .000000  -.367167  -.930155
  25952.8  20316.6      -.7     17.1     40.4      8.0
      -.7     60.0     40.8     36.2  12459.7  12928.9
      -9.4      48.5      -4.7      44.0
      -2.0      13.1      -5.4      10.6
      -1.7       8.2      -5.4       7.7
      -1.7       7.1      -6.0       6.9
 85005   .000000  -.465746  -.884918
  27266.4  20294.7      -.7      8.9     40.7      7.7
      -.4     50.6     41.1     35.8  13422.0  13909.3
      -8.3      52.8      -2.7      42.9
      -2.9      16.6      -5.3      10.7
      -2.0      11.0      -5.5       7.7
      -2.1       9.2      -5.8       6.9
 85006   .000000  -.549617  -.835417
  28726.5  19131.5     -2.0      6.7     41.0      7.5
      -.7     41.5     41.2     35.7  13951.7  14679.9
      -8.6      51.6      -4.7      43.7
      -3.2      21.3      -5.3      10.7
      -2.8      14.1      -5.3       7.7
      -2.5      11.6      -5.6       6.9
 85007   .000000  -.619644  -.784883
  30641.9  17785.9      -.2     43.3     41.4      7.1
      -.6     32.5     41.6     35.5  15282.7  15938.5
     -10.3      58.3      -3.1      45.0
      -3.8      26.7      -4.9      11.2
      -3.6      17.6      -5.2       7.6
      -3.3      14.4      -5.6       6.8
 85008   .000000  -.677476  -.735545
  32545.6  16203.7      -.2     43.3     41.7      6.8
      -.1     22.7     41.9     35.0  16392.7  17041.7
     -10.6      59.7      -2.0      46.7
      -3.7      28.3      -4.7      11.0
      -3.8      18.4      -5.1       7.5
      -3.7      15.3      -5.6       6.6
 85009   .000000  -.724999  -.688749
  34977.6  15445.4      -.2     43.3     41.8      6.5
       .0     14.1     42.2     34.7  17953.0  18556.4
     -10.0      57.6      -3.4      50.4
      -3.7      26.8      -4.9      11.5
      -3.4      17.7      -4.9       7.4
      -3.3      15.3      -5.3       6.8
 85010   .000000  -.764030  -.645181
  37182.0  14633.9      -.2     43.3     42.1     10.3
      -.7      8.6     42.4     34.5  19405.1  20052.5
      -8.8      52.8      -2.1      48.5
      -2.5      22.8      -4.7      11.4
      -2.9      17.2      -5.0       7.5
      -2.8      15.6      -5.0       6.5
 85011   .000000  -.796162  -.605083
  39539.2  14227.6      -.2     43.3     42.2      6.0
      -.6     12.5     42.4     34.2  20733.0  21298.4
     -13.5      55.8      -3.5      53.7
      -3.1      23.2      -4.7      11.4
      -2.5      17.8      -4.7       7.5
      -2.8      16.9      -5.0       6.6
 85012   .000000  -.822730  -.568432
  42118.2  13735.7      -.2     43.3     42.5      5.8
      -.2     86.6     42.8     33.9  22467.8  23094.8
     -11.1      51.1        .5      56.0
      -3.0      22.8      -4.7      12.1
      -2.3      16.9      -4.6       7.4
      -2.7      15.5      -5.0       6.4
 85013   .000000  -.844819  -.535052
  44651.0  13481.3      -.2     43.3     42.7      5.5
      -.2     86.6     43.1     33.7  23849.2  24776.3
     -11.6      49.9      -4.7      54.5
      -2.5      21.7      -4.3      11.3
      -2.5      15.9      -4.6       7.1
      -2.7      14.2      -4.8       6.4
 85014   .000000  -.863297  -.504697
  47348.6  13194.6      -.2     43.3     43.0      5.4
      -.2     86.6     43.2     33.8  25225.6  26339.6
     -11.8      53.6       -.2      58.5
      -2.3      22.0      -4.0      13.3
      -2.0      17.2      -4.5       7.3
      -2.2      16.0      -4.7       6.5
 85015   .000000  -.878853  -.477092
  50156.0  13005.8      -.2     43.3     43.1      5.1
      -.2     86.6     43.3     33.4  27520.3  28291.1
     -11.9      52.9      -3.0      59.9
      -2.6      23.6      -4.4      13.7
      -2.5      18.7      -4.3       7.3
      -2.7      17.9      -4.7       6.4
 85016   .000000  -.892036  -.451965
  52836.7  12822.6      -.2     43.3     43.2      4.9
      -.2     86.6     43.5     33.3  28880.3  30109.6
     -11.0      50.8      -1.5      57.2
      -3.2      23.1      -3.9      14.4
      -2.5      17.5      -4.3       7.2
      -2.8      16.8      -4.5       6.4
 85017   .000000  -.903278  -.429057
  55772.8  12751.3      -.2     43.3     43.1     11.4
      -.2     86.6     43.3     33.0  31109.4  32255.4
     -11.1      52.4       -.5      62.5
      -2.9      22.2      -4.3      14.6
      -2.8      16.8      -4.5       7.2
      -2.6      15.1      -4.5       6.3
 85018   .000000  -.912924  -.408131
  58457.5  12583.0      -.2     43.3     43.5      4.7
      -.2     86.6     43.6     32.9  33033.5  34088.8
     -12.0      50.4       2.8      67.5
      -2.5      22.9      -4.1      15.1
      -2.2      17.7      -4.2       7.2
      -2.3      16.7      -4.4       6.3
 85019   .000000  -.921250  -.388972
  61370.6  12516.2      -.2     43.3     43.7      4.5
      -.2     86.6     44.0     32.7  34997.9  36028.9
     -12.9      53.7       1.1      66.1
      -2.6      23.1      -3.8      15.2
      -2.6      19.8      -4.1       7.3
      -2.6      18.5      -4.4       6.3
 85020   .000000  -.928477  -.371391
  63979.5  12432.1      -.2     43.3     43.8      4.4
      -.2     86.6     43.9     32.7  36724.2  37832.7
     -10.7      51.7       1.3      70.4
      -2.5      23.2      -3.9      15.8
      -2.3      18.5      -4.2       7.5
      -2.7      17.0      -4.4       6.2
 85021   .000000  -.934784  -.355218
  67042.9  12338.7      -.2     43.3     43.7      4.3
      -.2     86.6     44.1     32.7  38523.0  39508.0
     -10.6      52.4      -1.4      71.5
      -3.0      22.4      -4.0      16.5
      -2.3      17.2      -4.1       7.2
      -2.5      15.4      -4.2       6.2
 85022   .000000  -.940315  -.340305
  69945.0  12353.4      -.2     43.3     44.0      4.2
      -.2     86.6     44.0     32.3  40499.7  41696.9
     -10.9      54.8       -.4      73.1
      -2.3      22.2      -4.0      17.2
      -2.4      18.3      -4.1       7.3
      -2.4      16.8      -4.2       6.3
 85023   .000000  -.945190  -.326520
  72729.8  12292.3      -.2     43.3     44.0      4.1
      -.2     86.6     44.0     32.4  42559.6  43841.8
     -11.4      48.5        .4      68.9
      -2.6      23.5      -3.7      17.4
      -2.2      19.7      -4.0       7.3
      -2.4      19.0      -4.2       6.3
 85024   .000000  -.949506  -.313750
  75752.6  12228.6      -.2     43.3     43.9      4.0
      -.2     86.6     44.1     32.5  44212.7  45627.0
     -12.4      53.2       4.2      75.6
      -3.0      23.7      -3.2      19.2
      -2.4      18.4      -4.0       7.2
      -2.6      17.8      -4.1       6.2
 85025   .000000  -.953342  -.301892
  78765.4  12197.1      -.2     43.3     44.2      3.9
      -.2     86.6     44.2     32.3  46149.0  47515.8
     -12.7      51.6        .9      78.1
      -2.9      22.5      -3.5      19.8
      -2.3      17.4      -3.8       7.3
      -2.4      15.8      -4.2       6.2
 85026   .000000  -.956767  -.290857
  81905.6  12213.1      -.2     43.3     44.2      3.9
      -.2     86.6     44.1     32.2  48191.5  49824.6
     -12.2      50.5       2.1      79.0
      -2.4      22.5      -3.4      20.9
      -2.0      18.4      -4.0       7.5
      -2.5      17.0      -4.1       6.2
 85027   .000000  -.959834  -.280567
  84878.2  12167.9      -.2     43.3     44.3      3.8
      -.2     86.6     44.4     32.2  50341.9  51919.3
     -12.0      52.2       2.4      81.1
      -2.7      24.3      -3.4      20.7
      -2.4      20.1      -3.8       7.8
      -2.5      19.3      -4.0       6.1
 85028   .000000  -.962593  -.270952
  88026.9  12096.5      -.2     43.3     44.4      3.7
      -.2     86.6     44.2     32.1  51611.2  53594.6
     -13.6      52.3      -1.0      81.0
      -2.8      23.9      -3.1      25.4
      -2.4      19.2      -3.9       7.6
      -2.6      17.7      -4.1       6.3
 85029   .000000  -.965081  -.261951
  90845.8  12080.1      -.2     43.3     44.5      3.6
      -.2     86.6     44.4     32.1  54231.2  55617.4
     -12.2      53.0       1.6      81.5
      -3.3      23.0      -3.4      23.4
      -2.3      17.3      -3.8       7.5
      -2.6      16.1      -4.0       6.1
 85030   .000000  -.967333  -.253508
  93747.2  12044.5      -.2     43.3     44.5      3.5
      -.2     86.6     44.5     31.9  56232.1  57592.3
     -12.9      51.4       -.6      84.2
      -2.7      23.4      -3.1      23.6
      -2.1      18.6      -3.7       7.8
      -2.3      17.1      -4.0       6.3
 85031   .000000  -.969377  -.245576
  97009.3  12107.7      -.2     43.3     44.6     11.0
      -.2     86.6     44.5     32.0  57720.9  59672.5
     -13.8      50.3       3.4      83.2
      -2.6      24.1      -2.9      24.4
      -2.3      20.0      -3.8       8.5
      -2.4      19.6      -3.9       6.3
 85032   .000000  -.971238  -.238110
  99977.6  12107.2      -.2     43.3     44.5      3.4
      -.2     86.6     44.5     31.7  59700.6  61973.4
     -11.8      50.8       1.2      84.5
      -3.3      24.2      -2.7      24.6
      -2.5      19.2      -3.7       7.8
      -2.4      17.8      -3.9       6.2
 85033   .000000  -.972937  -.231072
 103119.6  12069.6      -.2     43.3     44.6      3.4
      -.2     86.6     44.6     31.9  62366.8  64075.8
     -11.0      46.8       4.6      90.0
      -2.9      22.8      -3.1      25.9
      -2.6      17.5      -3.7       8.0
      -2.4      16.2      -3.7       6.2
 85034   .000000  -.974491  -.224428
 105842.8  12075.1      -.2     43.3     44.7      3.3
      -.2     86.6     44.5     31.7  64517.4  66171.9
     -12.8      49.9       6.0      92.3
      -2.5      23.6      -3.1      28.2
      -2.0      18.4      -3.6       8.3
      -2.0      17.6      -3.8       6.3
 85035   .000000  -.975916  -.218146
 109032.0  12144.4      -.2     43.3     44.7      3.3
      -.2     86.6     44.9     31.6  66286.8  68382.0
     -12.9      47.3      -2.6      86.2
      -2.8      24.1      -2.6      27.3
      -2.3      19.9      -3.5       8.1
      -2.3      19.8      -3.8       6.2
 85036   .000000  -.977227  -.212198
 111969.5  12069.7      -.2     43.3     44.7      3.3
      -.2     86.6     45.0     31.8  68659.5  70486.4
     -12.0      50.2       3.8      91.4
      -2.8      24.0      -2.7      26.5
      -2.3      19.2      -3.6       8.5
      -2.9      18.3      -3.8       6.5
 85037   .000000  -.978434  -.206558
 115429.3  12077.3      -.2     43.3     44.7      3.2
      -.2     86.6     44.8     31.8  69878.8  72227.8
     -15.6      50.4       3.2     100.4
      -3.2      23.0      -2.3      29.8
      -2.7      17.7      -3.6       9.2
      -3.0      16.5      -3.7       6.4
 85038   .000000  -.979549  -.201205
 118085.3  12056.1      -.2     43.3     44.8      3.2
      -.2     86.6     44.9     31.4  72559.3  74403.9
     -15.5      50.4       3.5      93.3
      -2.7      23.0      -3.1      29.4
      -2.2      18.8      -3.4       8.7
      -2.0      17.5      -3.6       6.3
 85039   .000000  -.980581  -.196116
 121397.2  12074.9      -.2     43.3     44.8      3.1
      -.2     86.6     44.9     31.4  75265.3  76606.0
     -14.1      55.2       2.0      94.1
      -2.8      25.0      -2.1      29.0
      -2.2      20.2      -3.6       9.2
      -2.4      19.4      -3.7       6.4
 85040   .000000  -.981537  -.191274
 124402.2  12165.7      -.2     43.3     44.8      3.1
      -.2     86.6     45.0     31.3  76528.4  79019.1
     -15.0      56.5       4.7      97.4
      -3.4      24.2      -2.6      31.3
      -2.5      19.2      -3.6       9.1
      -2.2      18.1      -3.7       6.4
 85041   .000000  -.982424  -.186661
 127604.5  12061.6      -.2     43.3     44.9      3.1
      -.2     86.6     45.1     31.6  78102.1  80545.4
     -14.1      54.1      -2.0      95.7
      -3.3      23.0      -2.4      30.8
      -2.6      18.0      -3.4      10.0
      -2.7      16.4      -3.6       6.7
 85042   .000000  -.983250  -.182261
 130382.5  12144.8      -.2     43.3     44.9      3.0
      -.2     86.6     44.8     31.5  80892.6  82819.8
     -15.0      53.9       1.2     103.3
      -3.2      24.3      -2.5      31.1
      -2.1      18.8      -3.6       9.8
      -2.4      17.6      -3.5       6.5
 85043   .000000  -.984020  -.178061
 133638.7  12077.2      -.2     43.3     45.0      3.0
      -.2     86.6     45.1     31.1  82414.5  84456.7
     -11.0      53.5       4.1     103.4
      -3.0      25.2      -2.8      33.5
      -1.8      20.2      -3.4      10.1
      -2.8      19.7      -3.7       6.2
 85044   .000000  -.984737  -.174047
 136691.4  12075.4      -.2     43.3     45.0      2.9
      -.2     86.6     45.2     31.2  85278.5  87433.2
     -10.9      52.2      -1.7      96.9
      -3.5      24.4      -2.4      32.5
      -2.7      19.4      -3.6       9.8
      -2.1      18.3      -3.5       6.5
 85045   .000000  -.985408  -.170207
 140091.0  12127.0      -.2     43.3     45.0      3.0
      -.2     86.6     44.8     31.3  88202.9  90609.6
     -12.6      47.0      10.4     101.9
      -3.4      23.4      -2.5      35.3
      -2.4      17.5      -3.4       9.5
      -2.7      16.3      -3.9       6.3
 85046   .000000  -.986036  -.166531
 142830.4  12108.2      -.2     43.3     44.9      6.4
      -.2     86.6     45.0     31.4  89340.2  91921.1
     -12.2      53.7       4.8      97.2
      -2.9      24.0      -3.4      35.4
      -2.3      18.7      -3.3      10.2
      -2.3      17.5      -3.5       6.6
 85047   .000000  -.986625  -.163008
 145973.1  12058.5      -.2     43.3     45.4     12.8
      -.2     86.6     45.2     31.2  91350.0  94772.4
     -16.8      59.7       1.1     105.7
      -3.1      25.5      -2.6      35.2
      -2.3      20.2      -3.3      10.1
      -2.4      19.8      -3.5       6.5
 85048   .000000  -.987696  -.156385
 152007.4  12123.8      -.2     43.3     45.2      2.8
      -.2     86.6     45.2     31.1  97406.3  99764.3
     -13.3      57.1      -4.7     110.5
      -3.4      23.4      -2.3      36.4
      -2.3      17.9      -3.2      10.0
      -2.5      16.6      -3.6       7.1
 85049   .000000  -.988644  -.150274
 158131.0  12130.9      -.2     43.3     45.2      2.8
      -.2     86.6     45.5     30.9  99949.8 102979.5
     -11.9      52.0      -4.2     110.7
      -3.4      25.2      -2.5      36.7
      -2.3      20.6      -3.5      11.8
      -2.8      19.6      -3.4       7.2
 85050   .000000  -.989488  -.144617
 164468.4  12089.6      -.2     43.3     45.3      2.7
      -.2     86.6     45.3     31.0 104003.4 106892.8
     -16.2      56.4       7.2     109.2
      -3.6      23.6      -2.9      39.5
      -2.5      18.2      -3.4      11.5
      -2.4      16.6      -3.5       7.0
 85051   .000000  -.990241  -.139367
 170602.8  12215.0      -.2     43.3     45.3      2.6
      -.2     86.6     45.4     31.1 109001.7 111821.0
     -15.9      56.8       5.4     113.7
      -3.1      25.9      -2.4      39.8
      -3.0      21.0      -3.3      11.2
      -2.3      19.7      -3.4       7.6
 85052   .000000  -.990916  -.134481
 177120.4  12146.4      -.2     43.3     45.3      2.6
      -.2     86.6     45.5     30.9 112844.9 115582.1
     -13.5      55.4       2.0     114.1
      -3.5      25.0      -2.4      41.9
      -2.7      18.1      -3.3      12.0
      -2.5      17.0      -3.4       7.7
 85053   .000000  -.991524  -.129924
 183122.2  12123.7      -.2     43.3     45.5      7.1
      -.2     86.6     45.5     30.8 117736.3 120538.9
      -9.1      50.4       1.9     112.3
      -3.7      26.2      -2.2      42.5
      -2.4      20.8      -3.1      12.5
      -1.9      20.2      -3.4       7.6
 85054   .000000  -.992073  -.125663
 189306.9  12150.4      -.2     43.3     45.4      2.5
      -.2     86.6     45.4     30.9 122438.5 125303.9
     -15.2      52.1       1.9     112.0
      -3.7      25.6      -2.6      42.9
      -2.8      17.9      -2.9      13.7
      -2.9      16.7      -3.5       6.9
 85055   .000000  -.992571  -.121670
 195628.7  12290.0      -.2     43.3     45.5      2.5
      -.2     86.6     45.3     30.6 126854.9 129505.2
     -11.4      49.1      14.2     112.3
      -3.8      26.8      -2.3      43.9
      -2.2      20.6      -3.4      13.2
      -2.7      19.9      -3.5       7.8
 85056   .000000  -.993023  -.117921
 201864.6  12139.5      -.2     43.3     45.5      2.4
      -.2     86.6     45.3     30.6 130541.4 134225.2
     -10.7      49.9       1.7     118.0
      -3.7      24.8      -1.4      44.7
      -2.5      17.7      -3.0      13.0
      -2.6      16.8      -3.4       8.3
 85057   .000000  -.993435  -.114396
 207769.3  12190.4      -.2     43.3     45.6      2.4
      -.2     86.6     45.5     30.7 135359.2 138334.3
     -12.0      41.0       9.3     118.9
      -3.7      25.9      -1.8      43.2
      -2.3      20.5      -2.9      13.9
      -2.0      19.8      -3.3       8.2
 85058   .000000  -.993812  -.111073
 213905.2  12170.9      -.2     43.3     45.7      2.3
      -.2     86.6     45.5     30.6 138100.2 142854.5
     -11.2      44.9       3.1     123.2
      -3.6      23.3      -2.7      44.4
      -2.8      18.4      -3.1      14.4
      -2.4      16.5      -3.5       7.6
 85059   .000000  -.994158  -.107937
 220297.8  12194.9      -.2     43.3     45.6      2.3
      -.2     86.6     45.4     30.7 141812.1 146540.8
      -6.7      37.8      -2.1     106.6
      -3.4      24.6      -2.6      46.1
      -2.7      20.7      -3.1      15.8
      -2.2      19.6      -3.4       9.1
 85060   .000000  -.994475  -.104972
 226411.1  12223.2      -.2     43.3     45.7      2.3
      -.2     86.6     45.3     30.6 148084.3 152273.9
      -9.9      38.1      -1.2     110.2
      -3.4      22.6      -2.5      46.0
      -2.6      18.1      -3.1      16.2
      -2.9      16.7      -3.3       8.5
 85061   .903278   .000000  -.429057
  55052.8   9975.2       .2     40.8     40.5     28.9
       .1     83.7     40.5     57.7  31005.0  32099.7
       1.1      86.5       8.5      44.4
      -1.6      29.8       2.3      23.2
        .7       7.1       1.4      16.8
       -.1       5.0       1.5      14.5
 85062   .887877   .000000  -.460082
  51309.6  10311.1       .2     40.8     40.5     28.9
       .1     83.7     40.5     57.7  28911.3  29792.9
      -4.5      82.7      11.6      47.0
       -.4      26.4       1.2      21.8
        .1       5.0       1.0      15.5
        .2       5.0       1.0      13.0
 85063   .868777   .000000  -.495203
  47893.3  10862.4       .1     40.8     40.5     28.9
       .2     83.7     40.5     57.7  26337.6  27015.8
       1.6      81.4      10.3      46.7
        .7      27.8       1.0      22.6
       -.3       6.1        .7      15.8
        .1       5.0        .6      13.6
 85064   .844819   .000000  -.535052
  44428.1  11485.8      -.1     41.0     40.5     28.9
      -.1     83.9     40.5     57.7  24214.3  25137.4
      -3.1      78.8       8.1      45.2
       1.2      27.7       -.2      21.6
        .0       5.0        .1      14.9
        .1       5.0        .0      12.4
 85065   .814421   .000000  -.580275
  40971.4  12258.3      -.1     40.9     40.5     28.9
      -.1     84.0     40.5     57.7  21828.5  22587.7
        .9      82.1       8.5      48.1
       -.5      23.0        .2      21.2
        .0       5.0       -.1      14.5
        .2       5.0       -.8      12.6
 85066   .775436   .000000  -.631426
  37807.7  13447.2      -.1     41.2     40.5     28.9
      -.1     84.1     40.5     57.7  19686.3  20387.4
        .7      77.5       6.1      46.8
       -.4      20.0      -1.7      20.8
        .1       5.0      -1.5      14.0
        .1       5.0      -1.5      11.5
 85067   .724999   .000000  -.688749
  35032.0  15083.0      -.3     40.9     40.5     28.9
      -.3     84.0     41.4      7.9  18074.4  18745.2
      -4.1      82.1       7.5      46.9
        .1      17.1      -1.4      19.2
        .5       5.7      -2.0      12.7
        .1       5.0      -2.2      10.8
 85068   .659438   .000000  -.751759
  32327.1  17622.5       .1     41.2     40.5     28.9
       .1     84.2     41.9     19.4  16131.9  16892.4
       1.2      72.1       3.7      45.8
       -.5      17.8      -2.9      18.3
        .1       5.0      -3.6      12.0
        .1       5.0      -3.6       9.8
 85069   .574426   .000000  -.818557
  29908.4  22364.7       .0     41.1     41.4      4.2
      -.1     84.3     41.7     31.6  14842.6  15385.6
        .0      76.4       4.4      46.9
       -.3      17.7      -3.3      13.5
        .2       5.0      -3.4       9.1
        .4       5.0      -3.8       7.5
 85070   .465746   .000000  -.884918
  27777.6  23044.3       .1     41.2     41.2     14.6
       .1     84.4     41.1     43.4  13547.6  14200.6
      -2.6      73.9       4.0      54.3
        .8      16.0      -4.1       8.6
        .1       5.0      -4.5       6.0
        .1       5.0      -4.8       4.9
 85071   .331088   .000000  -.943600
  26262.6  21520.0       .1     41.5     37.7     24.4
       .1     84.5     37.7     53.2  12687.2  13233.9
       -.7      73.8       5.9      63.7
        .8      12.4      -3.5       8.7
        .3       5.0      -3.8       3.0
        .1       5.0      -4.0       3.0
 85072   .254493   .000000  -.967075
  25736.9  21024.4       .0     41.3     39.1     23.7
       .0     84.5     39.0     52.5  12178.0  12839.3
       -.3      76.0       3.4      62.9
       1.5      12.8      -1.8       9.4
        .4       5.0      -1.9       4.4
        .1       5.0      -2.6       4.0
 85073   .172799   .000000  -.984957
  25054.7  20514.1      -.1     41.5     40.5     19.1
       .0     84.5     40.4     47.8  12087.9  12508.0
      -2.3      70.7       -.6      56.0
       1.6      12.1      -3.4       7.8
        .0       5.0      -4.0       5.5
        .2       5.0      -4.7       5.0
 85074   .087384   .000000  -.996175
  24549.3  20093.4       .0     41.4     40.4     13.3
       .0     84.5     40.5     42.1  11951.6  12393.1
      -2.7      71.7       -.3      46.3
        .6      10.3      -4.8       8.6
        .3       5.0      -5.0       6.5
        .2       5.0      -5.7       5.7
 85075   .000000   .000000 -1.000000
  24470.5  19474.0      -.1     41.4     40.1      8.3
      -.1     84.6     40.4     36.5  11453.7  11962.8
      -5.5      69.3      -3.7      41.2
        .0      11.3      -5.4      10.7
        .1       5.0      -5.5       7.8
        .1       5.0      -6.2       6.9
 85076  -.087384   .000000  -.996175
  24288.9  17439.4       .0     41.4     38.7      4.3
       .0     84.6     40.3     30.8  11476.1  12018.4
       4.4      70.8      -5.2      40.4
       -.1      11.5      -6.3      12.8
        .6       5.0      -6.3       9.4
        .2       5.0      -6.6       8.2
 85077  -.172799   .000000  -.984957
  24471.5  14833.6       .1     41.3     33.0      3.1
       .2     84.5     40.5     25.0  11734.6  12270.2
       6.6      70.4      -6.1      40.0
        .0      12.5      -7.7      15.4
        .2       5.0      -7.2      10.8
        .2       5.0      -7.7       9.4
 85078  -.254493   .000000  -.967075
  24777.2  13860.6       .4     41.4     40.5     28.9
       .4     84.6     40.6     19.4  11974.2  12327.8
       -.7      74.9      -9.5      39.9
        .2      11.4      -7.7      17.9
        .0       5.0      -7.6      12.4
        .2       5.0      -8.4      11.0
 85079  -.331088   .000000  -.943600
  25368.5  12439.1      -.2     41.2     40.5     28.9
      -.1     84.5     40.6     13.9  12398.2  12931.9
        .3      72.1      -8.3      41.4
       1.5      13.4      -7.5      19.1
        .1       5.0      -7.4      13.4
        .1       5.0      -8.3      12.1
 85080  -.465746   .000000  -.884918
  26780.7  10864.7       .1     41.5     40.5     28.9
       .1     84.7     38.4      7.5  13359.9  13763.9
      -2.8      73.3      -8.2      39.9
        .1      15.7      -6.7      18.9
        .3       5.0      -6.2      13.9
        .1       5.0      -7.2      12.7
 85081  -.574426   .000000  -.818557
  28825.9   9714.5       .6     41.5     40.5     28.9
       .5     84.6     40.5     57.7  14685.4  15149.1
       -.4      69.8      -9.5      40.7
       -.8      16.4      -6.4      21.5
        .0       5.0      -6.3      16.1
        .4       5.0      -7.4      14.4
 85082  -.659438   .000000  -.751759
  31426.5   9072.0      -.5     41.5     40.5     28.9
      -.4     84.6     40.5     57.7  15809.4  16555.8
       2.6      76.9      -9.0      39.8
       1.3      17.0      -5.2      21.2
        .0       5.0      -4.5      15.8
        .2       5.0      -5.7      14.9
 85083  -.724999   .000000  -.688749
  34276.7   8572.1       .4     41.4     40.5     28.9
       .4     84.5     40.5     57.7  17973.3  18630.3
       3.1      78.3      -8.3      40.9
       -.1      20.0      -4.7      22.6
        .2       5.0      -4.3      17.2
        .4       5.0      -5.4      15.6
 85084  -.775436   .000000  -.631426
  37329.4   8267.4      -.2     41.2     40.5     28.9
      -.2     84.3     40.5     57.7  19792.3  20404.5
       2.1      75.4      -8.6      38.6
       -.3      20.5      -3.5      22.0
        .2       5.0      -3.3      16.8
        .1       5.0      -4.6      16.1
 85085  -.814421   .000000  -.580275
  40521.3   8036.9      -.1     41.2     40.5     28.9
      -.2     84.3     40.5     57.7  21989.4  22977.0
      -3.7      76.0      -8.1      39.2
       -.1      22.9      -3.7      23.2
        .0       5.0      -3.1      17.9
        .2       5.0      -4.2      15.9
 85086  -.844819   .000000  -.535052
  44224.2   7924.7      -.3     41.3     40.5     28.9
      -.3     84.2     40.5     57.7  24183.9  24918.3
       1.2      82.0      -6.8      38.8
       -.9      24.0      -2.7      23.0
       -.1       5.3      -2.8      18.0
        .0       5.0      -3.4      16.5
 85087  -.868777   .000000  -.495203
  47588.6   7784.0       .1     41.3     40.5     28.9
       .1     84.3     40.5     57.7  26875.9  27702.8
      -2.3      82.2      -7.4      38.3
       -.7      28.8      -3.2      23.7
       -.3       5.0      -2.9      18.4
        .3       5.0      -3.2      16.6
 85088  -.887877   .000000  -.460082
  51332.8   7712.1       .0     40.8     40.5     28.9
      -.1     83.9     40.5     57.7  28902.1  29858.0
        .1      73.7      -6.7      36.4
        .5      28.7      -2.1      22.8
       -.2       5.7      -1.8      18.1
        .5       5.0      -2.6      16.8
 85089  -.903278   .000000  -.429057
  54941.2   7676.2      -.2     41.0     40.5     28.9
      -.2     83.9     40.5     57.7  31310.9  32296.4
      -1.2      82.2      -8.0      37.6
       -.2      29.8      -2.2      23.2
        .2       5.3      -1.6      18.4
        .2       5.0      -2.7      16.7
 85090   .840060  -.367526  -.399028
  59081.8  10790.7      -.2     43.3     40.5     28.9
       .3     17.5     40.5     57.7  33457.7  34315.8
      -6.4      62.1       8.0      45.1
      -2.2      25.2       1.6      22.6
      -1.9      16.1       1.0      16.3
      -1.7      13.3        .8      14.3
 85091   .817505  -.390173  -.423616
  55750.4  11298.1      -.2     43.3     40.5     28.9
       .7     18.1     40.5     57.7  31167.3  32009.5
     -10.9      61.1      10.9      46.2
      -2.2      25.3        .8      21.9
      -2.2      16.5        .8      15.6
      -1.9      13.5        .6      13.3
 85092   .790440  -.414981  -.450551
  52416.2  11872.9      -.2     43.3     40.5     28.9
       .5     18.3     40.5     57.7  29039.5  30021.2
      -8.4      57.3       8.0      44.1
      -2.9      25.6       1.0      22.3
      -2.1      16.6        .1      15.5
      -1.9      13.8       -.3      13.3
 85093   .757796  -.442047  -.479937
  49286.5  12855.4      -.2     43.3     40.5     28.9
       .7     19.1     40.5     57.7  27307.4  27999.2
      -8.7      58.9      10.3      49.8
      -2.5      25.9        .0      21.0
      -1.6      17.1       -.5      14.8
      -2.1      13.9       -.8      12.3
 85094   .718269  -.471364  -.511767
  46264.7  13816.3      -.2     43.3     40.5     28.9
       .3     19.5     40.5     57.7  24965.7  25847.3
      -9.5      59.7       7.9      50.0
      -2.4      26.1       -.5      20.5
      -2.6      17.0       -.8      13.8
      -2.3      14.0      -1.2      12.2
 85095   .670317  -.502738  -.545830
  43614.1  15442.1      -.2     43.3     40.5     28.9
       .7     20.0     40.5     57.7  23842.5  24329.5
      -9.4      57.9       6.4      48.8
      -2.9      26.2      -1.7      20.2
      -2.4      17.4      -1.9      13.5
      -2.6      14.2      -2.0      11.1
 85096   .612205  -.535679  -.581595
  41038.2  16914.8      -.2     43.3     40.5     28.9
       .7     20.6     41.2      7.2  21749.0  22524.8
      -7.6      57.6       6.3      48.0
      -3.5      26.7      -1.7      17.9
      -2.8      17.4      -2.2      11.8
      -2.5      14.4      -2.7      10.2
 85097   .542159  -.569267  -.618061
  38783.6  17546.7      -.2     43.3     40.5     28.9
       .3     20.9     41.9     18.3  20084.5  20969.1
      -7.8      58.1       4.9      50.8
      -3.4      27.1      -3.5      17.5
      -3.0      17.8      -3.9      11.3
      -3.0      14.6      -3.9       9.3
 85098   .458673  -.602008  -.653609
  36790.0  18231.7      -.2     43.3     41.2      3.8
      -.2     21.4     41.8     30.9  18997.2  19666.0
      -9.5      59.3       5.0      50.6
      -4.0      27.4      -3.5      13.5
      -3.2      18.0      -3.8       8.6
      -3.1      14.8      -4.0       7.2
 85099   .361020  -.631785  -.685938
  35147.4  17530.7      -.2     43.3     41.4     14.0
      -.3     22.0     41.2     42.9  18292.3  18845.6
     -11.0      58.5       6.2      55.4
      -3.8      27.7      -4.1      10.0
      -3.2      18.2      -4.6       5.7
      -3.5      14.9      -4.7       5.0
 85100   .249898  -.655981  -.712208
  33945.0  16876.3      -.2     43.3     37.7     24.3
       .2     22.3     37.6     53.0  17619.3  18207.0
      -9.3      58.0       5.6      75.7
      -4.3      27.7      -4.1      12.1
      -3.6      18.5      -3.9       3.4
      -3.6      14.9      -4.0       3.0
 85101   .190037  -.665130  -.722141
  33386.7  16515.3      -.2     43.3     40.0     23.0
       .1     22.4     40.0     51.7  17152.8  17688.7
      -8.8      59.4       2.6      72.9
      -4.7      27.8      -1.3      13.8
      -3.9      18.4      -1.2       5.0
      -3.9      14.9      -2.0       4.8
 85102   .127982  -.671905  -.729496
  33157.7  16440.4      -.2     43.3     41.6     18.4
      -.4     22.5     41.6     47.0  16394.8  17178.1
      -8.9      60.6      -2.1      62.3
      -4.9      28.1      -3.5       9.5
      -4.0      18.5      -3.3       5.8
      -3.9      15.2      -3.9       5.2
 85103   .064388  -.676070  -.734019
  32755.4  16204.7      -.2     43.3     41.9     12.5
      -.5     22.6     41.9     41.2  16639.3  17280.2
      -8.6      56.4        .7      50.9
      -4.9      28.2      -4.3       9.2
      -3.4      18.7      -4.3       6.4
      -3.8      15.2      -5.0       5.8
 85104   .000000  -.677476  -.735545
  32608.4  16151.3      -.2     43.3     41.6      6.8
      -.2     22.8     41.9     35.0  16767.9  17418.4
     -10.6      59.5      -3.1      45.4
      -4.1      28.5      -5.0      11.3
      -3.5      18.3      -5.0       7.5
      -3.6      15.3      -5.3       6.7
 85105  -.064388  -.676070  -.734019
  32558.5  16086.6      -.2     43.3     39.4      3.9
      -.2     22.7     42.1     29.1  16676.4  17149.3
      -9.5      59.7      -5.5      42.5
      -4.3      28.2      -6.0      12.5
      -3.3      18.7      -5.6       8.8
      -3.5      15.4      -5.9       7.6
 85106  -.127982  -.671905  -.729496
  32600.8  16050.5      -.2     43.3     40.5     28.9
      -.4     22.8     42.0     23.0  16789.9  17377.5
      -9.4      58.5      -5.0      41.5
      -3.8      28.1      -6.9      15.1
      -3.5      18.2      -6.7      10.0
      -3.3      15.4      -6.9       8.6
 85107  -.190037  -.665130  -.722141
  33006.6  15633.2      -.2     43.3     40.5     28.9
       .0     22.8     42.1     17.0  16833.1  17445.1
      -8.3      61.6      -5.9      42.9
      -3.9      28.3      -6.8      16.7
      -3.1      18.7      -6.7      11.4
      -3.4      15.4      -7.1      10.0
 85108  -.249898  -.655981  -.712208
  33460.4  14964.4      -.2     43.3     40.5     28.9
       .0     23.0     42.0     11.8  17051.9  17566.9
      -9.2      60.6      -6.3      44.8
      -3.7      28.1      -6.2      17.2
      -3.0      18.3      -6.0      12.1
      -3.4      15.4      -6.8      10.7
 85109  -.361020  -.631785  -.685938
  34469.8  13830.1      -.2     43.3     40.5     28.9
      -.3     22.7     38.9      8.1  17651.5  18217.1
      -8.0      59.5      -7.0      42.8
      -3.4      27.7      -5.6      17.5
      -3.0      18.2      -5.6      12.4
      -2.8      15.4      -5.8      11.1
 85110  -.458673  -.602008  -.653609
  36229.8  12258.4      -.2     43.3     40.5     28.9
       .1     22.1     40.5     57.7  18565.9  19328.1
      -8.2      58.2      -8.3      45.6
      -3.2      27.5      -4.8      20.3
      -2.7      18.4      -5.3      14.8
      -2.7      15.2      -6.1      13.5
 85111  -.542159  -.569267  -.618061
  38130.5  11028.4      -.2     43.3     40.5     28.9
       .2     21.7     40.5     57.7  19729.3  20308.1
     -10.0      62.3      -6.1      38.9
      -2.9      27.3      -4.0      19.4
      -2.6      18.0      -4.0      14.5
      -2.2      15.0      -4.4      13.3
 85112  -.612205  -.535679  -.581595
  40442.7  10120.0      -.2     43.3     40.5     28.9
      -.1     21.1     40.5     57.7  21554.7  22282.5
      -7.2      57.0      -7.2      40.6
      -2.6      27.2      -4.3      21.8
      -2.3      17.5      -3.9      16.3
      -2.1      14.8      -4.8      14.8
 85113  -.670317  -.502738  -.545830
  43080.7   9575.1      -.2     43.3     40.5     28.9
       .2     20.3     40.5     57.7  23672.0  24222.9
      -8.6      59.8      -7.4      39.5
      -1.8      26.2      -3.0      20.8
      -1.7      17.2      -2.6      16.1
      -1.7      14.5      -3.3      15.2
 85114  -.718269  -.471364  -.511767
  45931.7   9174.9      -.2     43.3     40.5     28.9
       .3     19.9     40.5     57.7  25075.7  25843.8
      -7.2      57.0      -7.8      38.2
      -2.3      26.1      -3.5      22.6
      -1.7      16.8      -2.7      17.2
      -1.8      14.1      -3.5      15.7
 85115  -.757796  -.442047  -.479937
  48811.5   8797.8      -.2     43.3     40.5     28.9
       .1     19.3     40.5     57.7  26945.7  27881.2
      -5.8      60.0      -6.1      40.4
      -1.8      25.6      -2.1      21.7
      -1.6      16.6      -1.8      17.0
      -1.4      13.9      -2.5      15.9
 85116  -.790440  -.414981  -.450551
  52058.8   8678.3      -.2     43.3     40.5     28.9
       .2     18.5     40.5     57.7  28983.5  30087.8
      -6.4      60.5      -7.4      40.8
      -1.9      25.2      -2.3      22.6
      -1.2      16.1      -1.9      17.8
      -1.5      13.9      -2.7      16.3
 85117  -.817505  -.390173  -.423616
  55266.5   8421.4      -.2     43.3     40.5     28.9
       .5     18.3     40.5     57.7  31006.3  32204.4
      -8.1      57.8      -6.9      36.8
      -2.0      24.6      -1.6      22.0
      -1.4      16.0      -1.8      17.7
      -1.2      13.4      -2.2      16.5
 85118  -.840060  -.367526  -.399028
  59016.1   8240.3      -.2     43.3     40.5     28.9
       .7     17.9     40.5     57.7  33583.0  34645.6
      -4.6      60.0      -5.3      36.3
      -1.5      24.9      -1.7      23.3
      -1.2      16.0      -1.6      18.3
       -.9      13.4      -1.7      16.7
 85119   .708659  -.620076  -.336613
  70079.2  12682.7      -.2     43.3     40.5     28.9
      -.2     86.6     40.5     57.7  40768.8  41754.4
     -10.5      57.0       9.8      46.7
      -1.6      22.7       1.4      21.5
      -1.1      17.1       1.0      15.2
      -1.3      15.9        .6      13.2
 85120   .677337  -.646549  -.350984
  67243.7  13324.0      -.2     43.3     40.5     28.9
      -.2     86.6     40.5     57.7  38966.5  39921.3
     -10.6      54.6       9.7      50.2
      -2.1      22.8       1.1      21.1
      -1.3      17.6        .4      15.1
      -1.1      15.8        .1      12.2
 85121   .641844  -.673936  -.365851
  64573.1  13962.0      -.2     43.3     40.5     28.9
      -.2     86.6     40.5     57.7  37575.5  38578.4
     -11.7      54.9       9.0      50.0
      -1.6      22.6        .7      20.2
      -1.5      17.5        .3      13.9
      -1.6      16.4        .1      12.1
 85122   .601687  -.701968  -.381068
  61992.5  14128.2      -.2     43.3     40.5     28.9
      -.2     86.6     40.5     57.7  35132.0  36001.2
      -9.0      52.0       7.5      51.6
      -1.9      22.6       -.1      20.3
      -1.4      17.7       -.7      13.5
      -1.7      16.4       -.7      11.4
 85123   .556388  -.730259  -.396426
  59847.5  14835.8      -.2     43.3     40.5     28.9
      -.2     86.6     40.5     57.7  33859.3  34974.2
      -8.8      50.9       7.4      52.8
      -2.1      22.8       -.4      19.3
      -1.8      17.9       -.7      12.5
      -1.5      16.7      -1.3      10.6
 85124   .505524  -.758286  -.411641
  57776.5  14814.6      -.2     43.3     40.5     28.9
      -.2     86.6     40.5     57.7  32793.0  33635.8
     -12.9      55.5       7.8      54.4
      -1.9      23.5      -1.8      20.0
      -2.0      18.1      -2.0      12.2
      -1.6      16.9      -2.3      10.1
 85125   .448787  -.785377  -.426348
  55707.5  14478.6      -.2     43.3     40.5     28.9
      -.2     86.6     41.6      5.5  31181.4  32276.0
     -10.2      54.0       5.5      54.9
      -2.2      23.0      -1.5      16.7
      -1.8      18.5      -2.3      10.7
      -1.9      17.0      -2.7       8.9
 85126   .386057  -.810720  -.440105
  54111.5  14170.4      -.2     43.3     40.5     28.9
      -.2     86.6     42.4     16.6  29820.1  31013.5
     -11.3      53.4       6.3      59.5
      -2.4      23.2      -3.6      18.1
      -2.1      18.3      -3.7      10.0
      -2.3      17.4      -4.0       8.2
 85127   .317480  -.833386  -.452409
  52583.4  13790.4      -.2     43.3     41.5      2.7
      -.2     86.6     42.0     29.4  29171.7  30272.0
     -10.6      52.1       4.0      57.1
      -2.0      23.3      -3.8      14.3
      -1.9      18.4      -3.9       8.1
      -2.2      17.3      -4.1       6.6
 85128   .243541  -.852392  -.462727
  51706.0  13428.1      -.2     43.3     41.7     13.1
      -.2     86.6     41.5     42.1  28817.8  29619.7
      -9.9      53.4        .3      66.3
      -2.7      23.2      -4.0      13.9
      -2.5      18.4      -4.5       5.5
      -2.4      17.6      -4.8       4.8
 85129   .165103  -.866792  -.470544
  50803.5  13169.0      -.2     43.3     38.0     23.7
      -.2     86.6     37.9     52.4  28026.4  28974.7
     -11.5      52.2       2.3      83.9
      -2.5      23.4      -3.5      24.9
      -2.5      18.3      -3.9       4.8
      -2.9      17.6      -3.9       3.0
 85130   .124573  -.872008  -.473376
  50646.4  13190.8      -.2     43.3     40.8     22.4
      -.2     86.6     40.7     51.0  27611.5  28569.1
     -11.9      53.2       3.8      81.7
      -3.4      23.3      -2.3      25.8
      -2.5      18.8       -.6       6.3
      -2.7      17.6      -1.2       5.1
 85131   .083409  -.875791  -.475429
  50250.4  13120.6      -.2     43.3     43.3     17.6
      -.2     86.6     43.2     46.1  27550.0  28270.2
     -12.1      50.3       4.4      73.4
      -2.1      23.6      -2.4      20.0
      -2.7      18.8      -2.6       6.0
      -2.8      17.7      -3.0       5.5
 85132   .041814  -.878085  -.476675
  50008.5  12997.3      -.2     43.3     43.3     11.2
      -.2     86.6     43.3     39.9  27740.6  28787.5
     -10.1      52.8       3.5      63.3
      -3.3      23.4      -3.9      14.3
      -2.6      18.7      -3.7       6.7
      -2.5      17.7      -4.1       5.8
 85133   .000000  -.878853  -.477092
  50067.6  12993.8      -.2     43.3     43.0      5.2
      -.2     86.6     43.4     33.5  27360.2  28295.0
     -11.5      52.7      -2.4      61.1
      -2.8      23.7      -4.4      12.9
      -2.2      19.0      -4.2       7.3
      -2.6      18.1      -4.6       6.3
 85134  -.041814  -.878085  -.476675
  50230.2  13074.4      -.2     43.3     38.8      1.8
      -.2     86.6     43.5     26.9  27642.5  28667.4
     -12.7      50.6      -3.9      56.2
      -3.0      23.4      -5.2      14.8
      -2.3      18.5      -5.3       8.0
      -2.4      18.0      -5.5       6.9
 85135  -.083409  -.875791  -.475429
  49888.0  12965.5      -.2     43.3     40.5     28.9
      -.2     86.6     43.4     20.8  27692.6  28470.8
     -10.9      51.7      -2.7      49.6
      -2.1      24.0      -5.9      15.0
      -1.9      18.8      -5.6       9.0
      -2.4      17.9      -5.8       7.7
 85136  -.124573  -.872008  -.473376
  50179.9  13158.1      -.2     43.3     40.5     28.9
      -.2     86.6     43.3     14.4  27675.1  28561.6
      -9.0      51.0      -3.0      51.3
      -2.3      23.3      -5.7      15.6
      -2.2      18.5      -5.3       9.8
      -2.7      18.0      -5.7       8.5
 85137  -.165103  -.866792  -.470544
  50574.3  13224.1      -.2     43.3     40.5     28.9
      -.2     86.6     43.7      8.5  28053.1  28996.3
      -8.6      50.7      -5.4      49.4
      -2.4      23.5      -4.9      15.9
      -2.6      18.6      -5.0      10.2
      -2.1      17.8      -5.0       8.9
 85138  -.243541  -.852392  -.462727
  51155.7  13421.7      -.2     43.3     40.5     28.9
      -.2     86.6     40.5     57.7  28337.9  29197.1
     -11.1      52.7      -4.4      45.7
      -1.8      23.7      -4.8      16.2
      -2.0      19.1      -4.6      10.9
      -1.6      17.6      -4.6       9.2
 85139  -.317480  -.833386  -.452409
  52313.3  13473.0      -.2     43.3     40.5     28.9
      -.2     86.6     40.5     57.7  28726.5  29675.5
     -10.5      55.8      -5.2      47.3
      -1.9      22.8      -4.2      18.1
      -1.8      19.0      -4.0      12.5
      -2.0      17.7      -4.3      10.9
 85140  -.386057  -.810720  -.440105
  53726.7  13125.8      -.2     43.3     40.5     28.9
      -.2     86.6     40.5     57.7  29728.8  30498.6
      -9.7      53.6      -4.9      44.8
      -2.0      23.7      -3.0      17.5
      -1.4      18.7      -3.0      12.2
      -1.7      17.6      -3.3      10.8
 85141  -.448787  -.785377  -.426348
  55038.5  13122.7      -.2     43.3     40.5     28.9
      -.2     86.6     40.5     57.7  31066.2  32009.7
      -9.0      50.4      -7.0      43.7
      -1.9      23.5      -3.5      19.4
      -1.8      18.4      -3.1      14.1
      -1.7      17.7      -3.5      12.8
 85142  -.505524  -.758286  -.411641
  57362.6  12365.3      -.2     43.3     40.5     28.9
      -.2     86.6     40.5     57.7  32204.0  33300.1
     -11.0      55.0      -7.7      42.1
      -1.5      23.5      -2.2      18.4
      -1.4      18.4      -2.1      13.5
      -1.4      17.1      -2.3      12.2
 85143  -.556388  -.730259  -.396426
  59369.7  11657.1      -.2     43.3     40.5     28.9
      -.2     86.6     40.5     57.7  33654.4  34976.5
     -10.0      54.9      -5.6      40.2
      -1.4      23.4      -2.4      20.4
      -1.5      18.0      -2.1      15.1
      -1.5      17.0      -2.6      13.6
 85144  -.601687  -.701968  -.381068
  61699.5  11095.4      -.2     43.3     40.5     28.9
      -.2     86.6     40.5     57.7  35198.4  36133.3
      -9.4      53.3      -6.0      37.6
      -1.5      23.1      -1.3      18.9
       -.9      18.0      -1.1      14.8
      -1.1      16.5      -1.6      13.6
 85145  -.641844  -.673936  -.365851
  64085.4  10561.1      -.2     43.3     40.5     28.9
      -.2     86.6     40.5     57.7  37081.7  38149.4
     -10.4      53.9      -5.1      40.2
      -1.4      22.9      -1.8      21.1
      -1.0      17.7      -1.5      16.0
      -1.1      16.6      -1.8      14.8
 85146  -.677337  -.646549  -.350984
  66754.8  10273.5      -.2     43.3     40.5     28.9
      -.2     86.6     40.5     57.7  38644.7  39739.5
      -7.8      55.1      -4.5      37.2
      -1.4      22.8       -.8      19.5
       -.8      17.5       -.5      15.4
      -1.5      16.4      -1.3      14.6
 85147  -.708659  -.620076  -.336613
  69610.6   9896.4      -.2     43.3     40.5     28.9
      -.2     86.6     40.5     57.7  39929.9  41149.1
      -9.8      57.2      -5.0      37.1
      -1.6      23.1      -1.9      21.9
      -1.2      17.5      -1.1      16.8
      -1.0      16.2      -1.5      15.2
 85148   .482910  -.845093  -.229382
 102861.3  13859.9      -.2     43.3     40.5     28.9
      -.2     86.6     40.5     57.7  62896.2  64652.3
      -9.1      52.3       7.7      50.1
      -1.9      22.5       1.9      20.4
      -1.5      16.6       1.3      12.6
      -1.7      15.1       1.2      11.1
 85149   .451149  -.861285  -.233777
 101172.0  13483.2      -.2     43.3     40.5     28.9
      -.2     86.6     40.5     57.7  60670.0  62726.2
      -9.9      54.5       6.4      57.4
      -2.1      22.4       1.4      21.5
      -1.6      17.0        .8      12.7
      -1.4      15.6        .5      10.5
 85150   .417577  -.876913  -.238019
  99646.6  13351.4      -.2     43.3     40.5     28.9
      -.2     86.6     40.5     57.7  59498.5  61555.7
     -13.8      51.8       7.1      56.0
      -2.5      23.1       1.3      20.1
      -1.6      17.3        .4      11.8
      -1.6      15.5        .5       9.9
 85151   .382204  -.891810  -.242063
  97679.7  13141.3      -.2     43.3     40.5     28.9
      -.2     86.6     40.5     57.7  58829.3  60510.8
     -11.6      53.0       6.6      62.3
      -2.5      22.3        .6      20.7
      -1.6      17.2       -.2      11.8
      -2.0      15.6       -.4       9.6
 85152   .345068  -.905804  -.245861
  96292.3  12895.6      -.2     43.3     40.5     28.9
      -.2     86.6     40.5     57.7  57861.5  59773.5
     -11.4      48.4       8.1      65.4
      -2.5      22.4        .2      19.6
      -1.8      17.3       -.6      10.4
      -1.7      15.8       -.7       8.7
 85153   .306238  -.918714  -.249365
  95271.4  12758.1      -.2     43.3     40.5     28.9
      -.2     86.6     40.5     57.7  57528.2  59237.7
     -12.5      51.9       4.4      64.4
      -2.3      22.5      -1.1      21.2
      -2.2      17.5      -1.7      10.5
      -1.6      15.9      -2.1       8.5
 85154   .265817  -.930361  -.252527
  94135.8  12686.1      -.2     43.3     40.5     28.9
      -.2     86.6     42.4      3.2  56885.7  58148.1
     -13.1      51.4       9.5      71.1
      -3.0      23.4      -1.5      20.7
      -1.9      17.5      -2.0       9.1
      -1.8      15.9      -2.2       7.4
 85155   .223945  -.940570  -.255298
  93020.9  12449.4      -.2     43.3     40.5     28.9
      -.2     86.6     42.8     14.5  55619.6  56995.2
     -14.6      54.5       6.8      81.2
      -2.5      22.2      -3.1      20.8
      -2.0      17.3      -3.7       8.8
      -1.9      15.9      -3.9       7.1
 85156   .180796  -.949177  -.257634
  92209.8  12307.7      -.2     43.3     42.2      1.8
      -.2     86.6     42.5     27.8  55237.0  56727.0
      -8.8      51.5       8.9      78.8
      -2.5      22.3      -3.3      21.2
      -1.9      17.1      -4.1       7.6
      -2.6      16.2      -4.2       6.0
 85157   .136577  -.956038  -.259496
  91571.2  12240.2      -.2     43.3     42.2     12.2
      -.2     86.6     41.9     40.7  55638.3  57144.9
     -13.3      54.5       3.5      88.5
      -2.9      22.9      -3.2      27.3
      -2.1      17.2      -4.5       7.1
      -2.4      16.0      -4.6       4.8
 85158   .091527  -.961030  -.260851
  91199.6  12225.3      -.2     43.3     38.3     23.3
      -.2     86.6     38.2     51.8  55358.6  56763.8
     -13.5      51.6      -2.3     101.2
      -2.9      22.6      -2.4      45.1
      -2.2      17.2      -3.8       8.7
      -2.7      16.2      -4.0       3.0
 85159   .068771  -.962796  -.261330
  90948.2  12154.6      -.2     43.3     41.6     21.5
      -.2     86.6     41.6     49.9  54242.8  55675.7
     -12.4      49.6       5.3     102.7
      -2.7      22.5        .2      43.0
      -2.7      17.4       -.1      11.8
      -2.4      15.9       -.2       6.3
 85160   .045908  -.964064  -.261674
  91215.8  12126.8      -.2     43.3     44.0     16.6
      -.2     86.6     44.0     45.0  54805.0  56585.8
     -12.4      49.8       2.4     100.6
      -3.2      22.4       -.5      33.4
      -2.4      17.1      -2.0      10.0
      -2.7      16.0      -2.2       6.6
 85161   .022972  -.964827  -.261882
  90895.0  12092.1      -.2     43.3     44.5     10.1
      -.2     86.6     44.3     38.7  54314.8  55505.9
     -13.1      53.4       3.0      89.8
      -3.2      22.8      -2.2      26.4
      -2.3      17.7      -3.2       7.5
      -2.7      15.8      -3.5       6.1
 85162   .000000  -.965081  -.261951
  90759.0  12135.8      -.2     43.3     44.3      3.7
      -.2     86.6     44.4     32.0  53663.4  55663.2
     -11.8      49.0       3.0      77.5
      -2.9      22.3      -3.2      23.2
      -2.4      17.6      -3.9       7.6
      -2.7      15.8      -3.9       6.4
 85163  -.022972  -.964827  -.261882
  90874.2  12189.2      -.2     43.3     40.5     28.9
      -.2     86.6     44.6     25.4  54315.8  56066.4
     -11.1      50.8      -1.8      75.8
      -3.0      22.6      -4.1      20.2
      -2.4      17.4      -4.6       7.8
      -2.5      16.0      -4.8       6.4
 85164  -.045908  -.964064  -.261674
  90728.3  12117.8      -.2     43.3     40.5     28.9
      -.2     86.6     44.5     18.6  54792.4  55980.7
      -9.4      50.3      -1.2      76.1
      -2.5      22.4      -4.5      21.4
      -2.2      17.4      -4.8       8.4
      -2.5      16.1      -4.9       7.0
 85165  -.068771  -.962796  -.261330
  90927.0  12135.7      -.2     43.3     40.5     28.9
      -.2     86.6     44.7     11.9  54603.3  55835.4
     -12.1      52.9        .7      73.9
      -3.0      22.9      -4.0      19.7
      -1.9      17.6      -4.3       9.0
      -2.3      16.2      -4.4       7.3
 85166  -.091527  -.961030  -.260851
  90889.0  12135.2      -.2     43.3     40.5     28.9
      -.2     86.6     44.6      5.5  55279.8  56356.7
     -12.9      54.3      -4.2      69.6
      -2.5      22.7      -3.6      19.7
      -2.2      17.9      -3.5       8.7
      -2.2      15.9      -3.6       7.4
 85167  -.136577  -.956038  -.259496
  91349.2  12240.5      -.2     43.3     40.5     28.9
      -.2     86.6     40.5     57.7  54778.5  56006.6
     -10.6      54.3       1.6      63.8
      -2.8      22.7      -3.6      18.9
      -1.9      17.6      -3.6       9.4
      -2.0      16.2      -3.9       7.6
 85168  -.180796  -.949177  -.257634
  92038.1  12282.9      -.2     43.3     40.5     28.9
      -.2     86.6     40.5     57.7  54746.4  56460.9
     -14.5      53.1      -3.9      62.0
      -2.6      22.9      -2.7      18.5
      -2.0      17.7      -2.5       9.9
      -1.9      16.3      -2.7       8.6
 85169  -.223945  -.940570  -.255298
  92957.8  12534.2      -.2     43.3     40.5     28.9
      -.2     86.6     40.5     57.7  55540.1  57015.0
     -13.8      51.6      -1.2      53.3
      -2.5      23.0      -2.7      18.3
      -2.0      17.6      -2.5      10.2
      -2.0      16.1      -2.5       8.7
 85170  -.265817  -.930361  -.252527
  93562.0  12539.5      -.2     43.3     40.5     28.9
      -.2     86.6     40.5     57.7  56292.2  57699.2
     -12.5      51.5       -.9      56.6
      -2.3      22.8      -2.0      17.5
      -1.8      17.7      -1.6      11.1
      -2.0      16.2      -1.9       9.5
 85171  -.306238  -.918714  -.249365
  94990.3  12676.8      -.2     43.3     40.5     28.9
      -.2     86.6     40.5     57.7  57087.9  58886.0
     -12.5      54.3      -3.3      51.4
      -1.8      22.6      -1.8      17.7
      -1.5      17.3      -1.4      10.9
      -1.6      16.2      -1.5       9.3
 85172  -.345068  -.905804  -.245861
  96013.9  12877.2      -.2     43.3     40.5     28.9
      -.2     86.6     40.5     57.7  57972.9  59618.2
     -11.7      49.1      -5.2      49.0
      -2.3      22.6      -1.9      18.4
      -1.5      17.4      -1.0      12.2
      -1.4      15.9      -1.2      10.5
 85173  -.382204  -.891810  -.242063
  97591.8  13012.5      -.2     43.3     40.5     28.9
      -.2     86.6     40.5     57.7  59196.6  60321.7
     -10.9      52.8      -3.9      45.6
      -1.9      22.8       -.9      17.6
      -1.6      17.3       -.9      11.7
      -1.6      16.0       -.8      10.3
 85174  -.417577  -.876913  -.238019
  98993.6  13074.6      -.2     43.3     40.5     28.9
      -.2     86.6     40.5     57.7  60244.0  61539.9
     -10.7      53.9      -2.6      44.5
      -1.4      23.1       -.6      18.9
      -1.6      17.3       -.6      12.9
      -1.9      16.1      -1.2      11.8
 85175  -.451149  -.861285  -.233777
 100847.8  12980.4      -.2     43.3     40.5     28.9
      -.2     86.6     40.5     57.7  60790.2  62129.7
     -10.0      53.4      -3.4      38.8
      -2.2      23.0       -.7      17.6
      -1.2      17.3       -.2      12.5
      -1.7      15.8       -.2      11.0
 85176  -.482910  -.845093  -.229382
 102642.8  12844.6      -.2     43.3     40.5     28.9
      -.2     86.6     40.5     57.7  61969.9  63869.1
     -13.5      54.8      -6.4      40.7
      -1.6      22.6       -.6      18.9
      -1.6      17.1       -.5      14.0
      -1.5      15.8       -.8      12.5
 85177   .337328  -.927651  -.160231
 147855.6  12836.8      -.2     43.3     40.5     28.9
      -.2     86.6     40.5     57.7  92953.1  94874.4
     -14.8      51.5       9.3      61.4
      -3.0      23.6       2.4      22.4
      -1.8      17.7       1.6      11.3
      -1.6      16.6       1.4       9.5
 85178   .312066  -.936198  -.161707
 146338.4  12719.5      -.2     43.3     40.5     28.9
      -.2     86.6     40.5     57.7  91236.5  94013.0
     -10.0      48.6       4.8      64.4
      -2.9      23.7       1.7      24.5
      -1.6      17.6        .9      11.4
      -1.8      16.3        .9       9.5
 85179   .286124  -.944211  -.163091
 145154.6  12709.2      -.2     43.3     40.5     28.9
      -.2     86.6     40.5     57.7  92008.4  94144.9
      -7.3      43.8       5.7      67.4
      -2.7      23.4       1.9      23.9
      -2.0      17.7        .9      10.7
      -1.7      16.4        .9       8.6
 85180   .259539  -.951641  -.164374
 144220.9  12566.7      -.2     43.3     40.5     28.9
      -.2     86.6     40.5     57.7  90528.2  93346.3
     -11.9      49.9       6.5      69.8
      -2.6      23.5        .9      26.3
      -1.9      17.8        .0      10.9
      -1.8      16.4       -.3       8.7
 85181   .232349  -.958440  -.165549
 143367.4  12543.8      -.2     43.3     40.5     28.9
      -.2     86.6     40.5     57.7  89053.2  91601.6
      -8.0      46.1       8.1      80.4
      -2.7      23.7       1.1      26.3
      -1.9      17.8       -.1      10.4
      -1.9      16.4       -.3       7.7
 85182   .204604  -.964562  -.166606
 142663.4  12387.0      -.2     43.3     40.5     28.9
      -.2     86.6     40.5     57.7  89250.4  90817.0
     -10.5      48.3       4.5      84.1
      -3.0      22.9       -.2      28.8
      -2.1      17.6      -1.5      10.8
      -2.0      16.5      -1.8       8.0
 85183   .176357  -.969963  -.167539
 141802.4  12337.3      -.2     43.3     40.5     28.9
      -.2     86.6     42.6      2.3  87749.8  90048.5
     -13.4      54.5       5.6      89.8
      -3.1      23.3       -.6      28.6
      -2.1      17.8      -1.7       9.3
      -2.0      16.7      -1.7       6.7
 85184   .147667  -.974605  -.168341
 140842.2  12313.9      -.2     43.3     40.5     28.9
      -.2     86.6     43.2     13.5  88567.9  90635.3
     -11.9      51.5        .3      93.8
      -3.1      23.4      -2.1      29.0
      -2.4      17.8      -3.3      10.1
      -2.7      16.4      -3.5       6.6
 85185   .118600  -.978453  -.169006
 140598.9  12198.7      -.2     43.3     40.5     28.9
      -.2     86.6     42.8     27.0  88174.3  91108.7
     -12.0      50.5       9.7     105.4
      -3.2      23.5      -2.6      32.9
      -2.1      17.4      -4.1       9.3
      -1.9      16.7      -4.3       5.9
 85186   .089225  -.981478  -.169528
 140489.8  12113.2      -.2     43.3     42.4     11.8
      -.2     86.6     41.9     40.2  87513.0  89746.1
     -10.7      50.9        .9     110.2
      -3.3      23.3      -2.7      40.8
      -2.3      17.8      -4.2      10.2
      -2.4      16.3      -4.6       5.1
 85187   .059616  -.983656  -.169904
 140267.7  12124.7      -.2     43.3     38.2     22.7
      -.2     86.6     38.2     51.0  87894.2  89534.4
     -13.6      54.2       2.3     114.5
      -3.1      23.5       -.5      60.2
      -2.3      17.7      -3.2      20.0
      -2.4      16.4      -3.6       6.3
 85188   .044746  -.984421  -.170036
 139907.4  12107.7      -.2     43.3     41.7     20.8
      -.2     86.6     41.7     49.1  87832.7  89586.0
     -12.1      48.5       5.8     117.5
      -3.3      23.3       -.1      58.3
      -2.1      17.8        .2      17.1
      -2.7      16.4        .5       8.1
 85189   .029848  -.984969  -.170131
 140007.5  12061.5      -.2     43.3     44.5     15.9
      -.2     86.6     44.4     44.4  87739.1  90242.4
     -11.0      51.4      -1.3     110.6
      -3.3      23.7       -.5      49.7
      -2.5      17.9      -1.3      14.0
      -2.8      16.4      -1.9       8.3
 85190   .014929  -.985299  -.170188
 139986.1  12103.5      -.2     43.3     45.1      9.6
      -.2     86.6     45.0     38.0  87203.3  89815.8
     -13.0      52.7       2.1     107.8
      -3.0      22.1      -1.9      39.0
      -2.6      17.8      -2.8      11.7
      -2.3      16.6      -2.9       6.6
 85191   .000000  -.985408  -.170207
 139614.3  12146.7      -.2     43.3     45.0      2.9
      -.2     86.6     44.9     31.1  86988.8  89336.8
     -12.8      50.8       3.8     102.6
      -3.2      23.5      -2.2      32.8
      -2.6      18.1      -3.4      10.8
      -2.3      16.5      -3.6       6.6
 85192  -.014929  -.985299  -.170188
 139454.6  12133.7      -.2     43.3     40.5     28.9
      -.2     86.6     45.1     24.5  87223.7  88956.3
     -14.3      55.9       8.5      92.4
      -2.8      22.9      -3.5      30.8
      -2.4      18.0      -4.3       9.2
      -2.5      16.5      -4.3       6.4
 85193  -.029848  -.984969  -.170131
 139612.7  12104.1      -.2     43.3     40.5     28.9
      -.2     86.6     45.3     17.6  87293.1  90116.2
     -13.1      52.2      -2.8      89.5
      -3.4      22.9      -3.8      28.8
      -1.9      17.8      -4.4       9.1
      -2.3      16.6      -4.2       7.0
 85194  -.044746  -.984421  -.170036
 139807.8  12083.9      -.2     43.3     40.5     28.9
      -.2     86.6     45.1     10.8  88689.9  90903.6
     -12.9      51.7       1.6      90.7
      -3.3      22.8      -3.3      27.7
      -2.7      17.8      -3.8       9.5
      -2.5      16.7      -3.7       6.9
 85195  -.059616  -.983656  -.169904
 140177.5  12122.0      -.2     43.3     40.5     28.9
      -.2     86.6     45.2      4.2  87437.4  89838.4
     -13.7      53.0       -.5      86.6
      -3.1      23.6      -2.3      27.3
      -2.2      17.9      -2.8       9.1
      -2.1      16.5      -2.9       6.8
 85196  -.089225  -.981478  -.169528
 139997.7  12207.0      -.2     43.3     40.5     28.9
      -.2     86.6     40.5     57.7  87353.1  89697.4
     -13.3      50.3        .4      79.5
      -3.2      23.3      -2.9      25.9
      -2.0      18.0      -3.4       9.9
      -2.5      16.8      -3.3       7.3
 85197  -.118600  -.978453  -.169006
 140264.3  12142.6      -.2     43.3     40.5     28.9
      -.2     86.6     40.5     57.7  88817.6  90548.8
     -12.6      53.6       -.3      76.3
      -3.0      23.6      -1.9      23.0
      -2.3      17.9      -1.8       9.4
      -2.0      16.7      -1.9       7.5
 85198  -.147667  -.974605  -.168341
 140784.0  12253.9      -.2     43.3     40.5     28.9
      -.2     86.6     40.5     57.7  86871.5  89754.9
     -13.3      49.4      -3.5      74.1
      -2.6      23.9      -2.2      21.3
      -1.7      17.8      -2.0      10.1
      -2.0      16.8      -2.1       7.6
 85199  -.176357  -.969963  -.167539
 141317.8  12294.9      -.2     43.3     40.5     28.9
      -.2     86.6     40.5     57.7  89251.5  91560.3
     -12.9      48.4      -1.1      67.2
      -3.0      22.9      -1.4      21.3
      -1.8      17.8      -1.0       9.6
      -2.3      16.7      -1.3       8.0
 85200  -.204604  -.964562  -.166606
 141808.4  12431.3      -.2     43.3     40.5     28.9
      -.2     86.6     40.5     57.7  88162.4  90496.2
     -15.1      55.8      -4.5      71.5
      -3.0      23.9      -1.4      20.4
      -1.8      18.1      -1.0      10.1
      -2.1      16.9      -1.1       8.4
 85201  -.232349  -.958440  -.165549
 143239.6  12496.9      -.2     43.3     40.5     28.9
      -.2     86.6     40.5     57.7  89291.3  92139.1
     -11.2      53.1      -5.2      64.5
      -2.7      23.1      -1.1      21.0
      -1.6      17.6       -.4      10.3
      -1.7      16.3       -.5       8.8
 85202  -.259539  -.951641  -.164374
 143909.9  12679.2      -.2     43.3     40.5     28.9
      -.2     86.6     40.5     57.7  89474.6  91970.7
      -8.9      45.8      -2.1      54.7
      -2.8      23.3       -.9      19.5
      -1.8      18.0       -.5      10.9
      -1.9      16.6       -.6       8.6
 85203  -.286124  -.944211  -.163091
 144887.2  12547.6      -.2     43.3     40.5     28.9
      -.2     86.6     40.5     57.7  90636.5  94416.6
     -10.6      52.1      -3.8      47.1
      -2.5      23.4       -.3      18.2
      -1.9      17.7       -.3      11.1
      -1.8      16.8       -.4       9.7
 85204  -.312066  -.936198  -.161707
 145982.8  12755.5      -.2     43.3     40.5     28.9
      -.2     86.6     40.5     57.7  93262.9  94506.5
     -13.0      58.0      -1.2      45.3
      -2.2      22.8       -.5      18.4
      -1.4      17.7        .1      10.7
      -1.6      16.6        .1       9.3
 85205  -.337328  -.927651  -.160231
 147004.3  12742.8      -.2     43.3     40.5     28.9
      -.2     86.6     40.5     57.7  94118.7  96343.6
     -10.3      54.6      -3.7      43.9
      -2.3      23.1       -.2      18.5
      -1.6      17.6        .1      11.6
      -1.7      16.2        .3       9.9
