OCR_prd2017clk:dj0180c,R11@-350V,3.8T@20d,263K,rhe=1.10,rhh=0.7,1.4/1.4         
  1017   1  3.80  28   3  29   3  350.00  263.00    1.40 1.00000   800.0   18.50  -27.14  150.000  100.000  290.000   800.0    9.25  -13.57    1.50    1.00     .85
 85951  -.105170   .946530  -.304993
  76525.0  12315.3      9.2     43.3    -14.2     10.4
      9.2     86.6    -14.0     38.9  44220.3  46012.3
      13.0      53.4     -11.6      76.3
       5.7      23.4       -.4      21.5
       5.2      17.9        .1       4.8
       5.5      16.8        .2       3.8
 85952  -.113613   .937303  -.329476
  70829.5  12426.1      9.2     43.3    -14.3     10.5
      9.2     86.6    -14.1     39.0  41064.4  42391.7
      12.3      49.4      -7.9      76.4
       5.2      23.7       -.1      19.9
       5.3      19.3        .2       4.7
       5.1      18.4        .2       3.8
 85953  -.123410   .925573  -.357888
  65121.6  12476.7      9.2     43.3    -14.2     12.5
      9.2     86.6    -14.1     39.2  37597.1  38793.9
      15.5      51.3     -13.7      74.0
       5.3      22.7        .0      16.8
       5.0      17.8        .2       5.0
       5.3      16.4        .3       3.9
 85954  -.134874   .910397  -.391134
  59835.5  12703.9      9.2     43.3    -14.3     10.8
      9.2     86.6    -14.2     39.4  33770.5  34803.8
      12.6      52.7      -7.6      69.9
       4.8      23.4       -.3      15.9
       4.3      19.0        .3       5.2
       4.8      18.1        .3       4.0
 85955  -.148397   .890380  -.430350
  54354.1  12954.8      9.2     43.3    -14.3     11.1
      9.2     86.6    -14.2     39.6  30280.2  31399.2
      13.1      51.3      -8.9      68.9
       5.6      22.7       -.5      14.2
       5.0      17.0        .0       5.0
       5.3      15.7        .2       4.2
 85956  -.164460   .863416  -.476934
  49011.2  13420.5      9.2     43.3    -14.3     11.4
      9.2     86.6    -14.3     40.0  26928.7  27988.2
      11.8      53.9      -7.5      62.8
       5.0      22.7       -.2      13.3
       4.6      18.4        .1       5.0
       4.9      17.1        .2       4.3
 85957  -.183618   .826279  -.532491
  43919.2  13839.3      9.2     43.3    -14.6     12.9
      9.2     86.6    -14.4     40.1  23948.9  24824.8
      12.5      52.6      -8.6      63.6
       5.2      21.9       -.2      11.9
       4.9      16.3        .0       5.1
       5.0      14.7        .2       4.4
 85958  -.206405   .774019  -.598575
  39283.7  14892.9      9.2     43.3    -14.8     11.9
     11.6      7.8    -14.6     40.6  21056.7  21643.6
      13.6      54.1      -9.0      62.4
       4.2      22.2        .0      10.9
       4.4      17.0        .1       5.5
       4.7      16.0        .1       4.5
 85959  -.233063   .699189  -.675882
  34927.5  16532.4      9.2     43.3    -14.6     12.4
     10.1     18.6    -14.5     41.1  18030.8  18649.2
       9.4      58.0      -6.6      55.2
       5.8      27.8       -.3      10.8
       4.9      18.1        .0       5.5
       5.1      15.0        .1       4.7
 85960  -.262862   .591440  -.762300
  31121.4  19464.5      9.2     43.3    -14.9     12.7
     10.4     37.1    -14.8     41.2  15765.1  16264.7
       9.4      55.9      -6.7      51.5
       4.1      24.4       -.3       9.1
       3.9      16.1        .0       5.8
       3.9      12.8       -.1       4.8
 85961  -.292854   .439281  -.849276
  28044.2  22764.6     10.3     13.2    -14.9     13.0
     10.3     55.8    -14.8     41.7  13820.4  14380.9
       8.2      49.9      -6.1      46.6
       2.7      14.8       -.5       9.1
       2.4       9.6       -.2       5.9
       2.2       8.0       -.2       5.0
 85962  -.316664   .237498  -.918324
  26050.3  21796.1     10.0     30.6    -15.1     13.2
      9.9     73.7    -15.0     42.0  12593.6  13006.8
       3.9      54.9      -6.0      46.3
        .6       8.1       -.5       9.2
        .8       5.0       -.2       5.8
        .6       5.0       -.2       5.0
 85963  -.325991   .000000  -.945373
  25433.7  21079.7      9.3     37.8    -15.2     13.3
      9.3     80.9    -15.2     42.0  12358.2  12781.5
       -.2      62.1      -4.7      43.7
      -1.0       7.0       -.3       8.7
      -1.1       5.0       -.2       5.8
      -1.4       5.0       -.3       4.9
 85964  -.323582  -.121343  -.938387
  25436.4  21203.5      9.2     29.3    -15.0     13.3
      9.1     72.6    -15.0     41.8  12294.5  12834.1
      -4.6      56.1      -2.8      48.1
      -2.4       7.6       -.4       8.6
      -2.3       5.0       -.3       5.8
      -2.5       5.0       -.1       4.8
 85965  -.316664  -.237498  -.918324
  25917.9  21593.6      8.9     20.8    -15.0     13.2
      8.9     63.9    -15.1     41.8  12772.2  13149.0
      -6.1      49.2      -3.9      47.4
      -3.6      10.9       -.6       8.5
      -3.2       7.2       -.2       5.8
      -3.2       6.1        .0       4.8
 85966  -.306058  -.344315  -.887567
  26735.7  21611.5      8.7     12.5    -15.0     13.1
      8.7     55.1    -14.9     41.7  13294.4  13655.7
      -8.8      50.3      -2.8      49.0
      -4.2      14.5       -.7       8.9
      -3.8      10.0       -.2       5.7
      -4.0       8.2       -.1       4.8
 85967  -.292854  -.439281  -.849276
  27862.3  20008.2      8.1      6.6    -14.8     12.8
      8.8     45.6    -14.8     41.7  13753.1  14285.6
      -9.8      49.7       -.5      47.4
      -4.9      18.9       -.2       8.9
      -4.9      12.4       -.1       5.6
      -4.6      10.4        .1       4.7
 85968  -.278147  -.521525  -.806626
  29276.6  18304.0      9.2     43.3    -14.8     12.7
      8.5     36.3    -14.6     41.5  14670.7  15260.4
     -11.5      56.2      -1.6      49.6
      -7.2      24.6       -.4       8.7
      -6.2      16.4        .0       5.6
      -6.0      13.1        .1       4.7
 85969  -.262862  -.591440  -.762300
  30941.2  17056.0      9.2     43.3    -14.7     12.7
      9.1     27.2    -14.5     41.3  15860.8  16254.1
     -11.8      57.9      -2.8      51.4
      -7.7      27.3       -.3       9.4
      -7.0      18.6        .0       5.4
      -7.1      15.2        .1       4.6
 85970  -.233063  -.699189  -.675882
  34645.1  15111.4      9.2     43.3    -14.7     12.2
      9.1     11.2    -14.5     40.9  17785.9  18364.6
     -10.9      54.3      -2.7      53.6
      -6.2      24.7        .0       9.1
      -5.8      17.6        .1       5.3
      -6.2      15.9        .1       4.4
 85971  -.206405  -.774019  -.598575
  39164.1  13969.3      9.2     43.3    -14.8     11.8
      9.2     86.6    -14.4     40.6  20890.3  21428.0
     -14.7      54.8       -.3      61.0
      -5.3      22.8        .0       9.8
      -5.1      17.5        .1       5.1
      -5.1      16.8        .3       4.3
 85972  -.183618  -.826279  -.532491
  43970.7  13368.1      9.2     43.3    -14.5     11.5
      9.2     86.6    -14.2     40.3  23976.3  24555.0
     -11.5      50.1       -.5      61.4
      -5.0      21.8       -.1      11.3
      -4.9      16.7        .1       5.0
      -4.9      14.8        .2       4.1
 85973  -.164460  -.863416  -.476934
  49001.6  12862.9      9.2     43.3    -14.4     11.2
      9.2     86.6    -14.1     39.9  26931.9  27671.7
     -15.5      51.6       1.7      60.0
      -5.0      24.1       -.1      13.7
      -5.2      19.0        .0       4.9
      -4.7      18.3        .4       4.0
 85974  -.148397  -.890380  -.430350
  54065.8  12527.5      9.2     43.3    -14.4     11.1
      9.2     86.6    -14.1     39.6  30354.3  31328.1
     -13.6      51.0       2.1      70.2
      -4.6      21.9        .0      14.6
      -4.9      17.4        .2       4.8
      -4.8      15.5        .3       3.9
 85975  -.134874  -.910397  -.391134
  59759.7  12337.4      9.2     43.3    -14.3     10.9
      9.2     86.6    -14.1     39.6  33918.8  35145.2
     -13.8      48.2       2.6      67.2
      -5.0      24.4       -.1      16.7
      -4.9      19.7        .1       4.8
      -4.4      18.9        .4       3.9
 85976  -.123410  -.925573  -.357888
  65041.6  12178.5      9.2     43.3    -14.3     12.1
      9.2     86.6    -14.1     39.2  37124.0  38478.1
     -10.8      45.4       3.3      75.6
      -4.6      22.3        .5      17.0
      -4.4      17.8        .1       4.7
      -4.7      16.2        .4       3.7
 85977  -.113613  -.937303  -.329476
  70719.1  12096.5      9.2     43.3    -14.5     10.6
      9.2     86.6    -14.0     39.2  41600.7  42491.4
     -12.9      52.5       2.9      77.1
      -5.1      24.9        .4      18.9
      -4.4      19.8        .2       4.8
      -4.6      19.4        .4       3.6
 85978  -.105170  -.946530  -.304993
  76209.6  11978.5      9.2     43.3    -14.4     10.4
      9.2     86.6    -14.1     39.0  44328.1  46123.0
     -14.0      48.7       4.3      79.7
      -4.8      22.7        .6      19.6
      -4.4      17.9        .4       4.7
      -4.2      16.4        .5       3.6
 85979   .863216  -.064741  -.500666
  46179.3   8459.1      9.8     27.8    -13.6     28.9
      9.9     71.1    -13.6     57.7  25680.2  26504.4
       7.4      67.4       8.9      39.3
      -1.1      11.1       3.6      22.9
      -1.6       5.0       3.6      17.3
      -1.6       5.0       4.6      16.6
 85980   .838516  -.069876  -.540377
  42681.3   8578.6     10.2     28.1    -13.6     28.9
     10.3     71.3    -13.6     57.7  23400.5  24148.7
       1.2      65.5      10.6      41.7
      -1.4      11.7       4.6      22.9
      -1.5       5.0       4.3      17.5
      -1.7       5.0       4.8      15.4
 85981   .807288  -.075683  -.585284
  39649.7   8791.8      9.7     28.3    -13.6     28.9
      9.8     71.3    -13.6     57.7  21320.7  21955.3
       2.9      64.9      10.3      39.9
      -1.8       9.3       4.6      22.2
      -1.7       5.0       4.0      17.0
      -1.8       5.0       4.7      15.6
 85982   .767414  -.082223  -.635858
  36409.6   9267.9      9.5     28.4    -13.6     28.9
      9.7     71.4    -13.6     57.7  19387.8  20150.9
       5.6      60.4      11.0      43.9
      -1.9       8.6       5.3      22.3
      -1.7       5.0       4.7      16.6
      -1.9       5.0       5.2      14.8
 85983   .716102  -.089513  -.692232
  33401.7   9795.7      9.6     28.6    -13.6     28.9
      9.7     71.8    -13.6     57.7  17057.2  17826.4
        .9      61.3       8.4      39.7
      -1.9       9.0       4.7      20.7
      -1.9       5.0       4.5      15.5
      -1.9       5.0       5.2      14.4
 85984   .649830  -.097475  -.753803
  30739.8  10615.8      9.3     29.0    -13.6     28.9
      9.4     72.2    -13.6     57.7  15729.3  16106.7
       1.3      62.8      10.9      43.2
      -2.1       8.1       6.2      21.2
      -2.1       5.0       5.1      15.2
      -2.0       5.0       6.1      13.6
 85985   .564543  -.105852  -.818588
  28441.5  11828.7      9.3     29.1    -13.6     28.9
      9.4     72.3    -13.4      7.8  13835.5  14415.0
       1.5      57.6      10.2      41.7
      -1.9       7.9       5.5      18.8
      -2.1       5.0       5.3      13.5
      -2.1       5.0       5.6      12.2
 85986   .456422  -.114106  -.882416
  26388.0  13578.0      9.1     29.3    -13.6     28.9
      9.1     72.3    -13.8     15.5  12990.8  13448.6
        .8      55.9       9.8      41.3
      -2.2       8.6       6.1      18.6
      -2.3       5.0       5.7      12.8
      -2.2       5.0       6.1      11.4
 85987   .323582  -.121343  -.938387
  25157.8  16374.0      9.0     29.4    -10.8      7.0
      8.9     72.6    -13.9     26.9  12250.6  12664.1
      -1.4      56.8       8.6      39.0
      -2.4       7.5       5.2      14.8
      -2.2       5.0       4.9      10.0
      -2.4       5.0       4.8       8.6
 85988   .168544  -.126408  -.977555
  24355.0  20039.8      8.8     29.8    -13.5     10.2
      8.9     72.7    -13.7     38.6  11659.2  12131.2
      -5.9      53.8       4.6      41.0
      -2.6       6.7       3.5       9.4
      -2.3       5.0       3.6       6.8
      -2.4       5.0       3.7       6.0
 85989   .000000  -.128243  -.991743
  24297.8  20075.2      9.0     29.7    -14.0     21.2
      9.0     72.8    -14.0     49.9  11486.7  12069.7
      -4.2      56.5       2.6      58.0
      -2.5       7.7       1.6       7.3
      -2.4       5.0       1.9       3.8
      -2.5       5.0       2.0       3.6
 85990  -.085184  -.127776  -.988138
  24394.4  20065.4      8.9     29.5    -13.5     25.8
      8.9     72.7    -13.5     54.6  11688.0  12025.5
      -4.8      58.9      -4.6      64.7
      -2.8       7.7        .1      10.8
      -2.4       5.0        .0       4.2
      -2.6       5.0        .4       3.0
 85991  -.168544  -.126408  -.977555
  24610.8  20361.0      8.9     29.5    -13.5     24.0
      8.9     72.7    -13.5     52.8  11628.3  12194.4
      -2.6      57.9        .2      64.2
      -2.6       7.7        .9       6.3
      -2.5       5.0        .6       3.0
      -2.6       5.0        .7       3.0
 85992  -.248443  -.124222  -.960648
  25059.7  20698.2      8.9     29.5    -14.7     18.9
      8.9     72.5    -14.7     47.6  12046.8  12584.0
      -5.3      55.9      -5.4      53.3
      -2.3       7.9       -.1       6.7
      -2.4       5.0        .3       4.1
      -2.6       5.0        .4       3.6
 85993  -.323582  -.121343  -.938387
  25520.2  21203.1      8.8     29.5    -15.2     13.3
      8.8     72.7    -15.1     41.9  12232.5  12837.7
      -4.0      54.8      -4.2      47.5
      -2.4       8.1       -.6       9.1
      -2.4       5.0       -.1       5.7
      -2.5       5.0       -.2       4.8
 85994  -.393068  -.117920  -.911917
  26104.8  20928.4      9.6     29.4    -15.4      7.9
      9.6     72.5    -15.2     36.1  12517.4  13172.0
      -2.1      57.9      -4.7      41.9
      -2.8       7.8       -.9      11.4
      -2.3       5.0       -.8       7.5
      -2.5       5.0       -.7       6.2
 85995  -.456422  -.114106  -.882416
  26957.0  19015.4      9.7     29.2    -15.6      4.1
      9.6     72.4    -15.2     30.4  12834.5  13447.8
      -4.4      54.2      -6.6      41.1
      -2.2       7.7      -1.6      14.0
      -2.2       5.0      -1.4       9.3
      -2.5       5.0      -1.3       7.5
 85996  -.513527  -.110042  -.850988
  27637.9  16516.2      9.0     29.2    -13.6     28.9
      9.0     72.3    -15.3     24.2  13802.1  14314.4
      -7.2      57.1      -4.7      42.6
      -2.4       7.8      -2.3      16.7
      -2.2       5.0      -1.5      11.0
      -2.4       5.0      -1.7       8.9
 85997  -.564543  -.105852  -.818588
  28830.5  14762.9      9.4     29.1    -13.6     28.9
      9.3     72.1    -15.5     18.2  14296.3  14874.0
      -5.1      57.5      -5.8      43.1
      -2.4       7.9      -2.2      18.7
      -2.2       5.0      -2.5      12.4
      -2.2       5.0      -2.2      10.0
 85998  -.649830  -.097475  -.753803
  31026.1  12359.6      9.8     28.5    -13.6     28.9
      9.7     71.9    -15.0      7.9  15785.9  16359.5
      -4.9      54.6      -9.8      44.6
      -2.2       8.0      -3.3      18.9
      -2.0       5.0      -2.9      13.0
      -2.2       5.0      -2.8      11.2
 85999  -.716102  -.089513  -.692232
  33636.5  11153.3      9.8     28.5    -13.6     28.9
      9.7     71.6    -13.6     57.7  17566.4  18143.8
      -8.4      59.4      -9.8      46.1
      -2.2       8.5      -3.8      21.1
      -1.9       5.0      -3.6      14.3
      -2.0       5.0      -3.6      11.9
 86000  -.767414  -.082223  -.635858
  36364.7  10217.8     10.0     28.3    -13.6     28.9
      9.9     71.4    -13.6     57.7  19380.0  19891.8
      -8.4      62.1      -9.0      44.4
      -1.9       9.2      -4.7      20.9
      -1.8       5.0      -4.1      14.8
      -1.9       5.0      -4.0      13.1
 86001  -.807288  -.075683  -.585284
  39428.7   9650.8      9.7     28.2    -13.6     28.9
      9.7     71.3    -13.6     57.7  21380.3  21932.5
      -9.1      60.8      -9.1      42.4
      -1.7       9.3      -4.5      21.7
      -1.8       5.0      -4.5      15.3
      -1.9       5.0      -4.3      13.2
 86002  -.838516  -.069876  -.540377
  42834.2   9335.1     10.0     27.9    -13.6     28.9
     10.1     70.9    -13.6     57.7  23322.4  24015.3
      -4.8      63.3     -11.4      43.4
      -1.9      10.9      -5.2      22.8
      -1.7       5.0      -4.5      16.6
      -1.8       5.0      -4.6      14.4
 86003  -.863216  -.064741  -.500666
  46199.5   9005.7     10.0     27.8    -13.6     28.9
      9.9     70.8    -13.6     57.7  25227.2  25949.4
      -4.5      65.3     -11.1      42.8
      -2.3      12.7      -5.4      22.7
      -1.7       5.0      -4.8      16.5
      -1.7       5.0      -4.6      14.1
 86004  -.882965  -.060202  -.465563
  49563.8   8709.1     10.2     27.5    -13.6     28.9
     10.2     70.6    -13.6     57.7  27444.6  28444.2
     -10.1      66.1     -11.3      44.2
      -1.7      12.0      -5.0      23.1
      -1.5       5.0      -4.7      17.2
      -1.7       5.0      -5.2      15.5
 86005  -.898927  -.056183  -.434481
  52964.9   8532.1     10.3     27.5    -13.6     28.9
     10.3     70.6    -13.6     57.7  30455.3  31185.3
     -10.9      72.3      -9.6      40.8
      -1.8      13.3      -5.5      23.0
      -1.5       5.0      -5.0      17.0
      -1.6       5.0      -5.1      14.5
 86006  -.911966  -.052613  -.406877
  56644.9   8454.0     10.4     27.3    -13.6     28.9
     10.3     70.4    -13.6     57.7  32421.4  33328.6
      -7.7      67.6     -12.6      41.1
      -1.8      14.2      -5.8      23.5
      -1.4       5.0      -4.8      17.8
      -1.6       5.0      -5.3      15.9
 86007  -.922727  -.049432  -.382272
  60355.2   8332.9     10.1     27.3    -13.6     28.9
     10.2     70.1    -13.6     57.7  34858.2  35948.8
      -9.9      73.6     -10.5      39.1
      -2.0      15.0      -5.7      22.7
      -1.6       5.0      -5.3      17.3
      -1.4       5.0      -5.3      15.0
 86008   .806111  -.362750  -.467544
  49147.1   9149.9      9.2     43.3    -13.6     28.9
      9.9     23.2    -13.6     57.7  27298.5  28003.2
      -8.2      59.5       9.2      39.2
      -5.2      25.8       3.6      22.3
      -4.8      16.9       3.1      16.9
      -4.7      14.3       3.7      16.1
 86009   .774912  -.387456  -.499388
  45965.3   9440.7      9.2     43.3    -13.6     28.9
     10.0     23.8    -13.6     57.7  25129.0  25870.8
      -6.5      59.4       9.6      40.4
      -5.1      25.6       4.2      22.1
      -5.2      17.1       4.0      16.8
      -4.9      14.4       4.5      15.5
 86010   .736803  -.414452  -.534182
  43151.2   9860.6      9.2     43.3    -13.6     28.9
     10.1     24.4    -13.6     57.7  23145.0  24016.2
      -6.6      59.3      10.2      40.7
      -5.8      26.5       3.7      21.4
      -5.2      17.2       3.5      16.4
      -5.1      14.3       4.2      15.1
 86011   .690099  -.443635  -.571796
  40298.8  10464.5      9.2     43.3    -13.6     28.9
     10.0     25.0    -13.6     57.7  21622.3  22102.7
      -5.0      59.8       9.5      40.8
      -5.8      27.0       4.5      22.2
      -5.3      17.6       4.1      16.0
      -5.1      14.7       4.6      14.5
 86012   .632842  -.474632  -.611748
  37812.1  11367.1      9.2     43.3    -13.6     28.9
      9.7     25.5    -13.6     57.7  19646.4  20420.4
      -6.3      58.2       8.4      40.2
      -6.1      27.0       4.3      19.8
      -5.5      18.0       3.9      14.7
      -5.5      14.8       4.5      13.6
 86013   .562936  -.506642  -.653006
  35329.0  12523.3      9.2     43.3    -13.6     28.9
      9.9     26.1    -13.6     57.7  18146.2  18993.4
      -9.5      58.3      10.5      43.2
      -6.2      27.0       5.4      20.2
      -5.9      18.0       4.8      14.7
      -5.9      14.9       5.5      13.0
 86014   .478468  -.538276  -.693778
  33402.9  13641.3      9.2     43.3    -13.6     28.9
      9.1     26.7    -13.8      9.1  17026.7  17835.8
      -9.5      59.5       8.7      41.3
      -6.8      27.3       4.8      17.5
      -6.1      18.4       4.4      12.3
      -6.2      15.4       4.9      11.2
 86015   .378295  -.567442  -.731370
  31829.4  15538.2      9.2     43.3    -13.6     28.9
      9.1     27.2    -14.7     14.2  15803.0  16560.3
     -10.1      56.1       8.0      39.2
      -7.4      27.8       5.4      17.9
      -6.6      18.5       5.1      12.2
      -6.1      15.3       5.2      10.5
 86016   .262862  -.591440  -.762300
  30651.7  15798.6      9.2     43.3     -9.2      6.9
      9.1     27.6    -14.6     25.7  15590.4  16000.4
     -11.4      58.9       8.5      44.6
      -7.2      27.5       4.7      14.3
      -6.6      18.3       4.6       9.5
      -6.8      15.2       4.5       8.1
 86017   .134975  -.607388  -.782855
  30010.2  16114.1      9.2     43.3    -14.5      9.4
      9.0     27.7    -14.6     37.8  15071.7  15429.3
     -13.2      57.4       5.9      43.1
      -7.2      27.8       2.9       9.7
      -7.4      18.7       3.2       6.4
      -6.8      15.3       3.1       5.6
 86018   .000000  -.612997  -.790085
  29949.6  16155.4      9.2     43.3    -14.8     20.6
      8.8     27.5    -14.8     49.3  14804.9  15336.3
     -12.6      58.2       1.3      63.2
      -8.1      27.8       1.3       9.8
      -7.7      18.4       1.6       3.7
      -7.0      15.1       1.8       3.4
 86019  -.067953  -.611580  -.788259
  29955.9  16223.9      9.2     43.3    -13.6     25.2
      8.8     27.5    -13.6     54.0  14874.5  15525.6
     -10.9      56.1        .9      67.1
      -7.5      27.6       -.1      13.0
      -6.9      18.3       -.3       3.9
      -7.3      15.0        .1       3.2
 86020  -.134975  -.607388  -.782855
  30197.4  16474.1      9.2     43.3    -13.4     23.7
      8.3     27.4    -13.2     52.4  15303.3  15779.2
     -15.5      59.4        .4      70.8
      -7.4      27.7        .6       8.6
      -7.4      18.5        .7       3.0
      -7.5      15.3        .7       3.0
 86021  -.200196  -.600588  -.774091
  30493.4  16774.4      9.2     43.3    -14.6     18.4
      8.8     27.6    -14.4     47.2  15631.1  15943.1
     -12.0      58.8       1.4      60.5
      -8.0      27.9        .3       8.5
      -7.2      18.7        .4       3.9
      -7.1      15.4        .5       3.3
 86022  -.262862  -.591440  -.762300
  30913.8  17077.4      9.2     43.3    -14.7     12.6
      9.1     27.4    -14.5     41.4  15672.9  16124.1
     -12.0      56.8      -2.0      50.5
      -8.6      28.0       -.6       9.3
      -7.1      18.6       -.1       5.5
      -6.9      15.3        .1       4.6
 86023  -.322373  -.580271  -.747905
  31503.9  17023.8      9.2     43.3    -15.0      7.1
      8.9     27.2    -14.9     35.3  15706.3  16299.4
     -14.6      59.6      -1.0      49.1
      -7.9      27.4       -.7      11.2
      -6.9      18.4       -.6       7.0
      -6.8      15.4       -.4       5.9
 86024  -.378295  -.567442  -.731370
  32080.1  16815.9      9.2     43.3    -15.2      3.8
      9.2     27.0    -15.0     29.1  16357.6  17100.4
     -11.5      57.6      -2.1      43.0
      -7.5      27.6      -1.3      13.8
      -6.8      18.5       -.8       8.8
      -6.7      15.0       -.9       7.2
 86025  -.430364  -.553325  -.713175
  32945.8  16766.0      9.2     43.3    -13.6     28.9
      9.1     26.6    -14.6     23.1  17036.3  17537.5
     -13.4      58.0      -2.7      44.8
      -7.1      28.0      -1.9      16.7
      -6.4      18.2      -1.2      10.4
      -6.6      15.1      -1.2       8.6
 86026  -.478468  -.538276  -.693778
  33713.2  15944.6      9.2     43.3    -13.6     28.9
      9.7     26.5    -14.6     17.1  17257.9  17931.1
     -10.8      57.4      -4.7      44.1
      -6.9      27.7      -2.2      18.0
      -6.5      18.1      -1.9      11.3
      -6.5      15.1      -1.8       9.6
 86027  -.562936  -.506642  -.653006
  35819.6  13837.6      9.2     43.3    -13.6     28.9
      9.1     26.1    -14.6      7.1  18642.1  19221.5
     -13.8      59.4      -6.4      46.0
      -6.7      27.8      -2.9      18.4
      -6.3      18.1      -2.4      12.2
      -6.2      14.9      -2.5      10.5
 86028  -.632842  -.474632  -.611748
  37938.4  12216.4      9.2     43.3    -13.6     28.9
      9.6     25.2    -13.6     57.7  20061.2  20565.2
     -15.2      58.5      -8.7      46.6
      -6.3      27.3      -3.2      20.5
      -6.3      17.7      -3.4      13.8
      -6.1      14.8      -3.0      11.6
 86029  -.690099  -.443635  -.571796
  40499.6  11123.5      9.2     43.3    -13.6     28.9
      9.7     24.8    -13.6     57.7  21289.9  22105.5
     -11.7      58.7      -6.7      43.9
      -6.6      26.6      -4.2      20.6
      -5.7      17.4      -3.3      14.2
      -5.8      14.8      -3.5      12.7
 86030  -.736803  -.414452  -.534182
  43132.2  10414.6      9.2     43.3    -13.6     28.9
      9.8     24.1    -13.6     57.7  23581.9  24181.0
     -12.5      57.8      -8.8      45.1
      -5.7      26.1      -4.0      21.3
      -5.3      17.4      -3.7      15.0
      -5.6      14.5      -3.9      13.0
 86031  -.774912  -.387456  -.499388
  46125.3   9911.5      9.2     43.3    -13.6     28.9
      9.8     23.6    -13.6     57.7  25453.3  26290.9
     -12.3      56.5      -8.1      43.0
      -5.7      26.1      -4.0      21.6
      -5.3      17.1      -3.8      16.0
      -5.3      14.4      -4.0      14.1
 86032  -.806111  -.362750  -.467544
  49317.9   9582.4      9.2     43.3    -13.6     28.9
      9.8     23.2    -13.6     57.7  27114.0  27857.4
     -12.1      60.4     -10.3      42.8
      -5.2      25.6      -4.0      22.2
      -5.4      17.1      -4.4      16.1
      -4.9      14.2      -4.4      14.0
 86033  -.831783  -.340275  -.438577
  52582.0   9157.4      9.2     43.3    -13.6     28.9
     10.2     22.6    -13.6     57.7  29530.0  30409.2
     -14.4      58.7      -9.7      41.7
      -5.5      25.4      -4.9      22.6
      -4.8      16.9      -4.4      17.0
      -5.0      14.2      -4.4      15.0
 86034  -.853040  -.319890  -.412303
  55770.4   9001.6      9.2     43.3    -13.6     28.9
     10.3     22.1    -13.6     57.7  31463.6  32338.3
     -13.0      59.8      -9.4      41.9
      -5.5      25.1      -5.1      22.9
      -4.8      16.7      -4.6      16.7
      -4.9      14.2      -4.4      14.5
 86035  -.870759  -.301417  -.388493
  59177.1   8850.0      9.2     43.3    -13.6     28.9
     10.4     21.9    -13.6     57.7  33791.7  34723.6
     -11.2      60.1      -9.1      41.8
      -5.2      24.9      -5.2      22.7
      -4.8      16.6      -4.8      17.9
      -4.6      14.0      -5.0      15.9
 86036  -.885633  -.284668  -.366905
  62771.7   8598.1      9.2     43.3    -13.6     28.9
     10.5     21.4    -13.6     57.7  36381.0  37553.1
     -13.5      62.9     -10.4      41.3
      -4.9      24.9      -5.1      22.7
      -4.5      16.5      -4.8      17.2
      -4.6      14.0      -4.9      15.1
 86037   .467453  -.841416  -.271123
  85135.3  12694.7      9.2     43.3    -13.6     28.9
      9.2     86.6    -13.6     57.7  49855.9  51358.3
     -10.2      53.0       9.0      41.8
      -3.4      22.3       2.5      18.0
      -3.5      17.3       2.0      12.5
      -3.8      16.3       2.1      10.9
 86038   .429723  -.859446  -.276932
  83261.4  12678.6      9.2     43.3    -13.6     28.9
      9.2     86.6    -13.6     57.7  48573.9  50608.4
     -10.0      51.4       8.5      47.1
      -3.9      22.4       3.0      18.6
      -3.5      17.9       2.7      13.3
      -4.1      15.9       3.0      11.3
 86039   .389600  -.876600  -.282460
  81706.3  12550.6      9.2     43.3    -13.6     28.9
      9.2     86.6    -13.6     57.7  48754.4  49848.6
     -10.9      50.7      10.0      46.1
      -4.4      22.4       2.9      17.7
      -3.5      17.5       2.2      11.3
      -3.6      16.2       2.3       9.8
 86040   .347131  -.892622  -.287623
  80399.5  12289.0      9.2     43.3    -13.6     28.9
      9.2     86.6    -13.6     57.7  47783.9  48860.0
     -11.2      50.7      11.6      51.8
      -4.3      22.4       3.5      18.4
      -3.4      17.5       2.8      11.8
      -3.8      16.0       3.0      10.2
 86041   .302414  -.907242  -.292333
  79367.9  12222.2      9.2     43.3    -13.6     28.9
      9.2     86.6    -13.6     57.7  46279.2  47782.3
     -10.7      49.9      10.7      50.9
      -4.0      23.1       3.0      17.3
      -3.5      17.8       2.6      10.3
      -3.9      16.4       2.7       8.6
 86042   .255608  -.920190  -.296506
  78322.5  12098.8      9.2     43.3    -13.6     28.9
      9.2     86.6    -13.6     57.7  45814.5  47692.9
     -10.9      50.4       8.7      60.2
      -4.4      23.3       3.7      18.4
      -3.4      17.9       2.9      10.5
      -4.1      16.3       3.3       8.8
 86043   .206935  -.931206  -.300055
  77443.2  11942.8      9.2     43.3    -13.6     28.9
      9.2     86.6    -13.6     57.7  45359.5  46797.4
     -12.7      50.3       7.5      61.2
      -4.3      22.5       4.1      17.3
      -3.8      18.0       3.2       9.1
      -4.1      16.4       3.2       7.2
 86044   .156676  -.940054  -.302906
  76624.1  11910.7      9.2     43.3    -13.6     28.9
      9.2     86.6    -16.1      8.8  45095.7  46575.6
     -13.3      51.0       8.9      61.7
      -5.1      23.2       3.8      17.1
      -4.4      17.9       3.1       8.5
      -4.4      16.4       3.2       6.9
 86045   .105170  -.946530  -.304993
  76168.0  11811.1      9.2     43.3    -13.6     28.9
      9.2     86.6    -16.3     21.6  44467.3  46039.7
     -13.0      48.7       8.9      66.8
      -4.3      22.6       3.7      17.6
      -4.2      17.9       3.3       7.5
      -4.6      16.3       3.3       6.1
 86046   .052804  -.950480  -.306266
  76266.3  11764.4      9.2     43.3    -16.2      6.3
      9.2     86.6    -16.2     34.6  45191.7  46206.7
     -13.2      49.1       8.2      75.5
      -4.6      23.1       2.4      18.4
      -4.3      17.9       2.1       5.9
      -4.7      16.5       2.2       4.4
 86047   .000000  -.951808  -.306694
  75969.9  11888.7      9.2     43.3    -16.2     18.8
      9.2     86.6    -16.2     47.3  44679.0  45880.9
     -14.7      49.1        .9      93.6
      -5.1      22.8       1.4      31.4
      -4.5      17.9        .4       6.4
      -4.6      16.4        .7       3.5
 86048  -.026430  -.951476  -.306587
  76401.4  11869.3      9.2     43.3    -14.8     24.1
      9.2     86.6    -14.8     52.5  44398.8  45780.0
     -14.4      53.6       5.2      97.0
      -5.1      22.4       1.8      41.9
      -4.6      17.9       -.8      10.4
      -4.4      16.3       -.6       4.2
 86049  -.052804  -.950480  -.306266
  76062.0  12040.6      9.2     43.3    -13.1     22.8
      9.2     86.6    -12.9     51.3  44481.7  45858.7
     -15.8      48.7       8.1      95.0
      -4.9      22.7       2.8      34.9
      -4.4      18.2        .8       6.4
      -4.4      16.4       1.0       3.0
 86050  -.079069  -.948828  -.305734
  76304.4  11945.9      9.2     43.3    -14.0     16.7
      9.2     86.6    -13.6     45.2  44800.5  46033.3
     -16.5      52.5       7.2      86.1
      -5.3      22.9       1.4      28.1
      -4.6      17.9        .5       4.5
      -4.5      16.5        .8       3.0
 86051  -.105170  -.946530  -.304993
  76324.4  12065.9      9.2     43.3    -14.2     10.4
      9.2     86.6    -13.9     38.9  44638.8  45843.6
     -13.9      51.9       7.0      79.2
      -4.9      22.7        .4      20.0
      -4.4      18.1        .2       5.4
      -4.6      16.3        .3       3.8
 86052  -.131055  -.943599  -.304049
  76653.9  12149.2      9.2     43.3    -14.7      4.2
      9.2     86.6    -14.1     32.6  45351.5  46392.1
     -15.5      51.4       5.4      76.3
      -5.0      22.7        .0      18.2
      -4.2      17.7       -.2       6.2
      -4.3      16.4        .1       4.5
 86053  -.156676  -.940054  -.302906
  76864.4  12231.8      9.2     43.3    -13.6     28.9
      9.2     86.6    -14.3     26.1  45127.4  46245.0
     -12.8      50.9       -.2      71.2
      -4.8      22.9       -.4      18.5
      -4.4      17.8       -.5       7.1
      -4.3      16.7       -.2       5.4
 86054  -.181983  -.935915  -.301572
  77110.0  12272.2      9.2     43.3    -13.6     28.9
      9.2     86.6    -14.6     19.4  45631.3  46786.9
     -15.2      52.8       1.3      72.1
      -4.9      23.5       -.4      18.2
      -4.2      18.0       -.6       8.0
      -4.6      16.5       -.5       6.2
 86055  -.206935  -.931206  -.300055
  77343.6  12279.2      9.2     43.3    -13.6     28.9
      9.2     86.6    -14.3     12.9  45247.9  46612.9
     -14.3      49.6        .7      69.1
      -4.4      22.6      -1.1      18.3
      -4.1      17.9      -1.1       8.6
      -4.1      16.6       -.9       6.6
 86056  -.255608  -.920190  -.296506
  78114.1  12418.9      9.2     43.3    -13.6     28.9
      9.2     86.6    -14.3      3.5  46132.1  46975.3
     -12.1      50.6       2.2      64.0
      -4.3      22.5      -1.7      16.4
      -4.1      17.9      -1.8       8.7
      -4.0      16.5      -1.5       7.1
 86057  -.302414  -.907242  -.292333
  79279.9  12658.1      9.2     43.3    -13.6     28.9
      9.2     86.6    -13.6     57.7  46669.7  48200.3
     -13.2      49.0      -1.2      62.0
      -4.3      22.8      -2.5      18.3
      -3.9      18.1      -2.4      10.4
      -4.1      16.2      -2.1       8.3
 86058  -.347131  -.892622  -.287623
  80672.3  12919.2      9.2     43.3    -13.6     28.9
      9.2     86.6    -13.6     57.7  47042.8  48532.1
     -13.9      48.3      -5.5      60.4
      -4.4      23.0      -2.9      17.9
      -3.7      17.9      -2.7      10.4
      -4.0      16.2      -2.4       8.8
 86059  -.389600  -.876600  -.282460
  82025.8  13018.7      9.2     43.3    -13.6     28.9
      9.2     86.6    -13.6     57.7  48165.2  49492.8
     -15.2      52.1      -4.9      53.9
      -3.8      22.6      -2.9      19.3
      -3.8      17.5      -3.2      12.1
      -3.6      16.2      -2.8      10.0
 86060  -.429723  -.859446  -.276932
  83530.2  13311.8      9.2     43.3    -13.6     28.9
      9.2     86.6    -13.6     57.7  49758.7  50749.6
     -14.1      52.5      -5.7      53.6
      -3.5      22.8      -3.2      19.1
      -3.4      17.5      -3.1      11.7
      -4.0      16.0      -3.1      10.1
 86061  -.467453  -.841416  -.271123
  85488.3  13373.7      9.2     43.3    -13.6     28.9
      9.2     86.6    -13.6     57.7  50626.5  52079.4
     -14.1      54.1      -5.6      52.7
      -4.3      22.9      -4.1      20.7
      -3.1      17.6      -3.6      13.1
      -3.4      16.2      -3.4      11.2
 86062  -.502792  -.822750  -.265108
  87283.7  13210.1      9.2     43.3    -13.6     28.9
      9.2     86.6    -13.6     57.7  52626.0  53725.0
     -13.7      49.5      -4.9      49.3
      -3.8      23.0      -3.9      20.1
      -3.6      17.4      -3.7      13.1
      -3.5      15.6      -3.5      11.2
 86063  -.535778  -.803668  -.258960
  88983.5  13022.9      9.2     43.3    -13.6     28.9
      9.2     86.6    -13.6     57.7  53759.5  54988.2
     -11.7      47.1      -4.9      47.4
      -3.5      22.5      -3.9      20.4
      -3.2      17.3      -4.1      14.2
      -3.3      16.1      -4.1      12.1
 86064  -.566482  -.784360  -.252738
  91441.9  12553.0      9.2     43.3    -13.6     28.9
      9.2     86.6    -13.6     57.7  53902.0  55534.1
     -13.9      52.4      -5.3      44.6
      -3.8      22.5      -4.6      20.5
      -3.2      17.1      -3.8      14.0
      -3.2      15.7      -4.1      12.7
 86065  -.594996  -.764995  -.246498
  93495.4  12206.5      9.2     43.3    -13.6     28.9
      9.2     86.6    -13.6     57.7  55888.7  57472.8
     -13.1      51.3      -5.7      40.3
      -3.6      22.1      -4.7      21.0
      -3.0      16.8      -4.3      14.9
      -3.5      15.4      -4.5      13.0
