Dot1_150x100_prd2012lk:dj0091a@-275V,3.8T@90d,263K,rhe=1.10,rhh=0.7,0.7/0.7     
  1012   1  3.80  60   5  29   0  275.00  263.00     .70 1.00000   800.0     .27   88.58  150.000  100.000  285.000   800.0     .14   44.29    1.50    1.00     .85
 83201   .000000   .000000 -1.000000
  25039.2  19161.9      -.2     41.0     44.1      6.2
      -.2     84.1     44.4     34.4  11939.8  12459.4
       -.6      65.8      -4.0      40.3
       -.8       9.2      -4.4      10.7
       -.1       5.0      -4.1       8.0
       -.2       5.0      -4.7       7.1
 83202   .000000  -.130455  -.991454
  25186.8  19512.7       .2     34.1     44.2      6.1
       .2     77.3     44.3     34.1  12047.2  12546.8
      -3.4      60.1      -2.9      40.3
       -.8       6.5      -4.3      11.0
       -.8       5.0      -4.3       8.0
       -.9       5.0      -4.5       7.1
 83203   .000000  -.254493  -.967075
  25666.8  19863.6      -.5     25.4     44.2      6.0
      -.5     68.5     44.6     34.0  12453.5  12990.4
      -5.4      51.9      -3.4      39.5
      -1.3       8.8      -4.3      10.9
      -1.3       5.5      -4.2       8.0
      -1.1       5.0      -4.5       7.1
 83204   .000000  -.367167  -.930155
  26648.8  20092.9      -.1     16.8     44.4      6.0
      -.2     59.4     44.8     34.1  12980.7  13436.2
      -4.0      46.4      -2.1      40.1
      -1.6      12.6      -4.2      10.9
      -1.5       8.2      -4.2       7.9
      -1.8       6.8      -4.6       6.9
 83205   .000000  -.465746  -.884918
  28048.3  20077.4      -.6      8.4     44.5      5.8
      -.8     50.3     44.8     33.8  13861.0  14272.6
      -7.3      47.2      -3.8      41.2
      -2.2      17.0      -4.0      10.8
      -1.8      10.9      -4.1       7.9
      -2.0       9.1      -4.5       6.9
 83206   .000000  -.549617  -.835417
  29725.4  19508.3     -1.6      6.5     44.8      5.5
      -.1     41.0     45.0     33.3  14776.9  15467.2
      -6.3      52.2      -4.7      42.4
      -3.0      21.6      -4.1      11.0
      -2.4      14.3      -4.1       7.9
      -2.5      11.4      -4.3       6.8
 83207   .000000  -.619644  -.784883
  31549.8  18063.4       .1     43.3     44.9      5.3
      -.4     31.4     45.0     33.3  16062.2  16687.6
      -9.1      57.1       -.3      44.3
      -3.6      27.0      -4.1      10.9
      -3.2      17.8      -3.9       7.6
      -2.9      14.2      -4.2       6.6
 83208   .000000  -.677476  -.735545
  33535.2  16573.2       .1     43.3     45.1      4.9
      -.4     22.1     45.3     33.0  16878.8  17618.6
     -10.8      59.2      -2.1      47.4
      -3.7      27.6      -4.1      11.1
      -3.2      18.4      -3.9       7.5
      -3.6      15.2      -4.2       6.5
 83209   .000000  -.724999  -.688749
  35934.0  15723.1       .1     43.3     45.2      4.8
      -.3     13.3     45.5     32.9  18194.1  19146.9
     -11.1      57.8      -2.4      47.4
      -3.5      25.8      -3.9      11.3
      -3.0      17.6      -3.9       7.5
      -3.1      14.7      -4.0       6.5
 83210   .000000  -.764030  -.645181
  38179.9  14936.4       .1     43.3     45.5      4.4
      -.8      8.4     45.8     32.6  20015.5  20721.8
     -10.0      50.4      -4.3      49.6
      -2.9      22.0      -3.7      11.8
      -2.8      16.7      -3.7       7.4
      -2.8      15.6      -3.9       6.4
 83211   .000000  -.796162  -.605083
  40814.2  14567.9       .1     43.3     45.7      4.2
       .1     86.6     46.0     32.5  21614.5  22083.0
      -8.9      51.3      -2.6      47.1
      -2.4      22.9      -3.4      11.9
      -2.6      17.6      -3.6       7.3
      -2.4      16.4      -3.9       6.3
 83212   .000000  -.822730  -.568432
  43309.8  14059.6       .1     43.3     45.6      4.1
       .1     86.6     46.1     32.2  23058.8  23879.6
     -10.5      50.1        .2      50.3
      -3.2      22.3      -3.8      12.6
      -3.0      16.7      -3.6       7.3
      -2.8      15.5      -3.8       6.3
 83213   .000000  -.844819  -.535052
  45932.8  13712.6       .1     43.3     45.8      3.8
       .1     86.6     46.2     32.0  24963.9  25684.1
     -12.0      51.4       -.3      57.4
      -3.3      21.4      -3.5      11.9
      -2.4      15.3      -3.5       7.3
      -2.7      13.8      -3.8       6.2
 83214   .000000  -.863297  -.504697
  48644.0  13462.6       .1     43.3     45.9      3.7
       .1     86.6     46.2     31.9  26895.5  27597.0
     -10.0      51.9      -1.4      53.5
      -2.3      22.0      -3.4      12.0
      -2.3      17.5      -3.5       7.0
      -2.7      15.8      -3.7       6.1
 83215   .000000  -.878853  -.477092
  51461.1  13232.1       .1     43.3     46.1      3.4
       .1     86.6     46.4     31.8  28321.9  29273.2
     -13.3      52.9       1.8      58.5
      -3.0      23.4      -3.3      13.0
      -2.5      18.7      -3.4       7.1
      -2.6      17.6      -3.6       6.1
 83216   .000000  -.892036  -.451965
  54173.6  13096.6       .1     43.3     46.3      3.4
       .1     86.6     46.3     31.6  30027.8  31098.8
     -13.0      49.4      -2.9      55.5
      -2.6      22.8      -3.2      13.9
      -2.4      17.5      -3.4       7.1
      -2.5      16.3      -3.5       6.0
 83217   .000000  -.903278  -.429057
  57250.8  13041.0       .1     43.3     46.3      3.2
       .1     86.6     46.4     31.5  32036.4  33302.8
     -11.8      52.0       -.9      61.5
      -2.5      21.3      -3.5      13.5
      -2.2      16.4      -3.3       6.9
      -2.4      14.7      -3.6       5.9
 83218   .000000  -.912924  -.408131
  60192.3  12843.4       .1     43.3     46.4      3.0
       .1     86.6     46.6     31.3  33826.9  34968.7
     -13.1      49.2       2.4      66.6
      -2.9      22.5      -3.3      15.2
      -2.4      17.8      -3.3       6.8
      -2.6      16.5      -3.6       6.0
 83219   .000000  -.921250  -.388972
  63211.0  12799.8       .1     43.3     46.6      3.0
       .1     86.6     46.8     31.2  36174.0  37306.6
     -13.1      52.0      -2.0      65.3
      -2.6      23.7      -3.2      14.9
      -2.6      19.4      -3.3       6.9
      -2.5      18.3      -3.4       6.0
 83220   .000000  -.928477  -.371391
  66001.3  12651.9       .1     43.3     46.6      2.8
       .1     86.6     46.9     31.0  37606.1  39002.6
     -10.9      48.1      -1.6      63.9
      -2.8      23.1      -3.2      16.4
      -2.3      18.3      -3.3       7.0
      -2.8      16.7      -3.4       5.8
 83221   .000000  -.934784  -.355218
  69234.7  12744.6       .1     43.3     46.7      2.8
       .1     86.6     46.8     30.8  40079.8  41104.6
     -12.8      51.5       3.5      69.5
      -2.4      21.9      -2.6      17.2
      -2.6      17.1      -3.3       7.1
      -2.5      15.1      -3.4       5.9
 83222   .000000  -.940315  -.340305
  72054.3  12635.8       .1     43.3     46.6      2.7
       .1     86.6     47.0     30.9  41440.6  42978.4
     -11.4      50.7       -.1      70.7
      -2.7      22.6      -3.1      18.3
      -2.5      18.1      -3.1       6.9
      -2.5      17.0      -3.3       5.8
 83223   .000000  -.945190  -.326520
  75144.5  12538.8       .1     43.3     46.8      2.5
       .1     86.6     47.1     30.9  43945.9  44924.4
     -13.2      52.8       1.7      72.5
      -2.5      23.5      -3.0      18.6
      -2.1      19.3      -3.1       7.1
      -2.3      18.6      -3.3       5.8
 83224   .000000  -.949506  -.313750
  78136.3  12497.3       .1     43.3     46.8      2.5
       .1     86.6     47.1     30.7  45741.1  47135.9
     -13.0      51.2      -1.2      75.8
      -3.1      23.4      -2.8      17.1
      -2.4      18.7      -3.1       7.4
      -2.8      17.2      -3.2       5.7
 83225   .000000  -.953342  -.301892
  81225.8  12552.7       .1     43.3     46.9      2.4
       .1     86.6     47.0     30.8  47717.0  48918.6
     -12.4      51.1      -1.1      75.0
      -3.0      22.3      -3.2      19.2
      -2.5      17.0      -3.1       7.2
      -2.6      15.6      -3.2       5.9
 83226   .000000  -.956767  -.290857
  84197.7  12419.0       .1     43.3     46.9      2.3
       .1     86.6     47.3     30.7  49847.0  51160.9
     -11.5      49.3       2.1      80.6
      -2.9      22.9      -3.0      18.8
      -2.2      18.4      -2.9       6.9
      -2.4      16.8      -3.2       5.7
 83227   .000000  -.959834  -.280567
  87334.5  12553.3       .1     43.3     46.6     15.5
       .1     86.6     47.2     30.3  51942.3  53112.3
     -13.8      53.5       2.4      78.3
      -3.0      23.5      -2.9      19.9
      -2.7      19.7      -3.1       7.8
      -2.5      19.0      -3.2       5.7
 83228   .000000  -.962593  -.270952
  90389.9  12497.8       .1     43.3     47.1      2.2
       .1     86.6     47.3     30.6  53589.9  55186.5
     -12.0      48.0       2.5      78.1
      -3.0      23.3      -2.4      21.2
      -2.6      18.4      -3.1       6.9
      -2.6      17.7      -3.1       5.8
 83229   .000000  -.965081  -.261951
  93662.5  12474.2       .1     43.3     47.0      2.1
       .1     86.6     47.3     30.4  56443.2  57854.9
      -9.1      45.6        .4      82.9
      -3.0      22.0      -2.9      22.8
      -2.5      17.4      -3.0       7.6
      -2.9      15.6      -3.2       5.7
 83230   .000000  -.967333  -.253508
  96933.5  12469.9       .1     43.3     47.2      2.1
       .1     86.6     46.9     30.3  57448.6  59602.4
     -11.8      47.8       2.5      87.5
      -2.7      23.3      -2.3      22.5
      -2.4      18.7      -3.2       7.3
      -2.5      17.1      -3.0       5.8
 83231   .000000  -.969377  -.245576
  99736.0  12401.1       .1     43.3     47.2      2.1
       .1     86.6     47.2     30.3  60385.9  61953.9
     -14.1      48.4        .1      82.6
      -3.3      24.1      -2.5      23.4
      -2.4      19.9      -3.1       7.1
      -2.5      19.0      -3.1       5.6
 83232   .000000  -.971238  -.238110
 102940.2  12404.0       .1     43.3     47.2      2.0
       .1     86.6     47.5     30.2  62953.3  64134.3
     -15.6      52.5       1.0      88.3
      -2.9      23.4      -2.6      24.7
      -2.6      18.8      -3.0       6.9
      -2.8      17.7      -3.1       5.6
 83233   .000000  -.972937  -.231072
 106263.5  12411.8       .1     43.3     47.3      1.9
       .1     86.6     47.5     30.1  63562.5  65499.5
     -11.1      47.8      -1.1      86.7
      -3.0      22.4      -2.8      25.3
      -2.5      17.3      -2.9       8.0
      -2.7      15.9      -3.1       5.9
 83234   .000000  -.974491  -.224428
 109082.3  12380.3       .1     43.3     47.3      1.9
       .1     86.6     47.2     30.0  66160.1  68070.9
     -13.3      51.6       2.3      86.6
      -3.4      23.8      -2.0      27.0
      -2.4      18.7      -3.0       8.0
      -2.4      17.3      -3.1       5.6
 83235   .000000  -.975916  -.218146
 112150.7  12356.8       .1     43.3     47.8     16.9
       .1     86.6     47.4     30.1  68196.3  70568.1
     -15.2      55.1        .8      90.4
      -3.0      24.3      -2.5      26.0
      -2.3      20.0      -2.9       7.8
      -2.7      19.2      -3.1       5.9
 83236   .000000  -.977227  -.212198
 115550.8  12414.2       .1     43.3     47.3      1.8
       .1     86.6     47.7     30.1  71293.4  73052.5
     -14.7      51.8       2.1      90.6
      -3.1      24.0      -2.4      26.5
      -2.4      18.8      -2.9       8.0
      -2.9      17.7      -3.0       5.8
 83237   .000000  -.978434  -.206558
 118663.9  12433.3       .1     43.3     47.3      1.8
       .1     86.6     47.6     30.1  72854.8  74980.1
     -12.8      49.6       5.8      98.5
      -3.5      23.0      -2.6      28.5
      -2.5      17.4      -2.8       8.3
      -2.7      15.8      -3.0       6.0
 83238   .000000  -.979549  -.201205
 121885.7  12460.9       .1     43.3     47.5      1.7
       .1     86.6     47.5     29.9  75767.4  77534.6
     -15.4      52.5        .8      94.4
      -3.2      23.6      -2.2      28.6
      -2.2      18.6      -2.8       9.2
      -2.8      17.6      -3.0       5.6
 83239   .000000  -.980581  -.196116
 124706.7  12374.7       .1     43.3     47.4      1.7
       .1     86.6     47.6     30.0  76319.2  78633.8
     -13.3      52.8       2.2     100.9
      -3.2      24.7      -2.3      29.9
      -2.8      20.1      -2.8       8.4
      -2.3      19.3      -2.9       5.6
 83240   .000000  -.981537  -.191274
 128204.8  12387.9       .1     43.3     47.4      1.6
       .1     86.6     47.4     29.9  79288.5  81080.0
     -12.3      50.2       2.1      98.6
      -3.9      25.0      -1.9      30.3
      -2.9      18.9      -2.9       8.7
      -2.7      17.8      -3.0       5.6
 83241   .000000  -.982424  -.186661
 131608.3  12505.4       .1     43.3     47.5      1.6
       .1     86.6     47.5     29.8  81496.1  83204.1
     -11.0      48.9       2.0      94.0
      -3.4      22.6      -2.3      30.6
      -2.8      17.7      -3.0       8.8
      -2.8      16.1      -2.9       5.8
 83242   .000000  -.983250  -.182261
 134681.4  12496.7       .1     43.3     47.5      1.6
       .1     86.6     47.6     30.0  84055.6  86156.8
     -10.2      48.6       7.5     101.2
      -3.3      23.7      -2.5      32.3
      -2.5      18.6      -2.9       8.3
      -2.5      17.5      -2.9       5.9
 83243   .000000  -.984020  -.178061
 137510.8  12391.4       .1     43.3     47.5      1.6
       .1     86.6     47.9     29.8  84839.0  87337.4
     -18.3      57.4      -1.4     103.0
      -3.2      24.1      -2.1      32.1
      -2.1      20.2      -2.7       9.4
      -2.9      19.4      -2.8       5.8
 83244   .000000  -.984737  -.174047
 140516.7  12355.7       .1     43.3     47.6      1.6
       .1     86.6     47.8     29.6  87571.3  89427.4
     -15.6      53.0        .9     103.1
      -3.3      24.4      -1.9      31.3
      -2.6      18.8      -2.7      10.0
      -2.6      17.8      -3.0       6.3
 83245   .000000  -.985408  -.170207
 143867.4  12476.8       .1     43.3     47.6      1.5
       .1     86.6     47.4     29.8  89692.2  92005.3
     -15.1      54.4       3.7     111.1
      -3.1      23.0      -2.0      33.8
      -2.3      17.4      -2.9       9.1
      -2.8      16.3      -3.1       6.0
 83246   .000000  -.986036  -.166531
 147045.2  12383.8       .1     43.3     47.7      1.5
       .1     86.6     47.9     29.9  92342.4  94657.4
     -11.8      48.9      -2.6     101.7
      -3.1      23.8      -2.1      32.7
      -2.4      18.6      -2.7       9.2
      -2.7      17.4      -2.8       6.1
 83247   .000000  -.986625  -.163008
 150460.6  12414.4       .1     43.3     47.6      1.5
       .1     86.6     47.8     29.6  93740.0  97319.5
     -15.2      53.6       -.6     101.4
      -3.2      24.2      -2.2      33.4
      -2.7      20.2      -2.9       8.9
      -2.8      19.4      -2.9       6.3
 83248   .000000  -.987696  -.156385
 156480.0  12402.0       .1     43.3     47.7      1.5
       .1     86.6     48.0     29.6  98914.6 101508.6
     -14.0      51.5       1.9     103.9
      -3.4      23.1      -2.2      34.5
      -2.5      17.6      -2.6      10.8
      -2.5      16.5      -3.0       6.6
 83249   .000000  -.988644  -.150274
 163244.0  12488.0       .1     43.3     48.5     20.5
       .1     86.6     47.6     29.6 103176.8 105822.7
     -11.3      48.0       3.1     105.6
      -3.6      25.3      -2.3      37.3
      -2.5      20.2      -2.7      10.4
      -2.4      19.1      -3.0       5.9
 83250   .000000  -.989488  -.144617
 169581.0  12495.6       .1     43.3     47.7      1.3
       .1     86.6     47.8     29.5 107029.8 109670.0
     -12.5      48.7      -1.6     107.6
      -4.0      23.6      -1.9      38.5
      -2.7      17.3      -2.8      11.3
      -2.6      16.2      -2.8       5.8
 83251   .000000  -.990241  -.139367
 175875.3  12439.7       .1     43.3     47.8      1.3
       .1     86.6     47.9     29.6 111242.2 114647.5
     -12.7      49.5       1.8     106.2
      -3.6      24.6      -1.7      37.5
      -2.5      20.4      -2.8      10.6
      -2.5      19.6      -2.9       6.4
 83252   .000000  -.990916  -.134481
 182390.2  12473.4       .1     43.3     47.9      1.2
       .1     86.6     47.9     29.5 115089.4 118576.3
     -11.8      50.2      12.7     118.1
      -3.7      24.1      -2.5      38.5
      -2.4      17.5      -2.6      10.7
      -2.5      16.4      -2.8       6.3
 83253   .000000  -.991524  -.129924
 188264.5  12396.5       .1     43.3     47.9      1.2
       .1     86.6     48.1     29.4 120288.7 123850.1
     -13.4      48.4       -.3     106.8
      -3.2      24.8      -1.7      40.4
      -2.7      20.2      -2.7      11.3
      -2.4      19.7      -2.7       6.9
 83254   .000000  -.992073  -.125663
 194996.9  12556.8       .1     43.3     47.9      1.1
       .1     86.6     48.0     29.3 123851.8 127953.1
     -14.2      52.5       6.5     113.6
      -3.6      23.7      -1.0      40.9
      -2.7      17.8      -2.7      12.9
      -2.7      16.1      -2.9       7.3
 83255   .000000  -.992571  -.121670
 201402.0  12513.5       .1     43.3     47.8      1.1
       .1     86.6     48.1     29.1 130940.7 133768.2
      -9.4      50.4      -2.7     113.3
      -3.7      25.5      -1.9      41.5
      -2.6      20.3      -2.5      13.4
      -2.6      19.4      -2.6       7.0
 83256   .000000  -.993023  -.117921
 207828.5  12526.2       .1     43.3     47.8      1.2
       .1     86.6     48.1     29.2 134274.4 138167.0
     -12.1      45.0       2.7     115.6
      -3.7      23.6      -2.4      42.8
      -2.7      17.5      -2.5      13.5
      -2.8      16.9      -3.0       6.9
 83257   .000000  -.993435  -.114396
 214125.3  12546.4       .1     43.3     48.0      1.1
       .1     86.6     48.1     29.2 138460.0 143069.4
     -11.9      39.7      -3.2     120.5
      -3.7      25.7      -1.7      44.4
      -2.8      20.1      -2.5      13.2
      -3.0      19.4      -2.7       7.1
 83258   .000000  -.993812  -.111073
 220637.3  12563.2       .1     43.3     47.9      1.1
       .1     86.6     48.0     29.1 142947.0 146786.7
     -10.3      46.5       3.8     121.8
      -3.6      23.0      -1.2      46.2
      -2.9      17.9      -2.5      14.2
      -2.9      16.1      -2.8       8.3
 83259   .000000  -.994158  -.107937
 227428.3  12500.4       .1     43.3     48.0      1.1
       .1     86.6     47.9     29.1 147067.2 149880.2
      -5.2      41.0       4.5     115.8
      -3.9      24.3      -2.0      45.5
      -2.7      20.3      -2.5      15.0
      -2.5      19.5      -2.7       9.1
 83260   .000000  -.994475  -.104972
 233360.4  12603.9       .1     43.3     48.1      1.0
       .1     86.6     48.1     29.0 152691.2 156277.5
      -5.3      40.1      -3.9     119.8
      -3.4      22.2      -2.1      45.1
      -2.7      17.5      -2.3      14.9
      -3.2      16.5      -2.7       8.7
 83261   .903278   .000000  -.429057
  56643.7  10293.3      -.1     40.5     44.3     28.9
      -.1     83.4     44.3     57.7  31669.8  32655.2
       5.5      85.8      10.3      44.0
       -.4      27.0       2.0      22.1
        .2       7.7       1.7      16.0
        .0       5.0       1.7      14.5
 83262   .887877   .000000  -.460082
  52962.7  10706.6      -.3     40.7     44.3     28.9
      -.2     83.5     44.3     57.7  29633.1  30491.9
       6.2      84.4       9.9      43.5
        .7      27.8       1.6      21.4
       -.2       5.2       1.4      15.0
       -.2       5.0       1.1      12.8
 83263   .868777   .000000  -.495203
  49379.9  11106.0       .2     40.6     44.3     28.9
       .2     83.5     44.3     57.7  27353.9  28148.2
       3.2      78.4      10.3      44.5
        .1      24.3       1.1      21.9
       -.2       5.7        .8      15.5
       -.5       5.0        .8      13.4
 83264   .844819   .000000  -.535052
  45679.7  11786.5       .1     40.6     44.3     28.9
       .0     83.7     44.3     57.7  25179.2  25742.5
      -5.2      84.6       8.5      47.2
      -2.0      24.8       1.0      20.5
        .3       5.3        .4      14.1
       -.1       5.0        .3      11.7
 83265   .814421   .000000  -.580275
  42367.6  12625.8       .1     40.6     44.3     28.9
       .0     83.6     44.3     57.7  22707.2  23460.9
      -2.7      78.7       9.5      47.3
      -1.5      22.1        .5      20.4
        .1       5.0        .0      14.3
        .0       5.0        .3      12.1
 83266   .775436   .000000  -.631426
  39062.5  14012.2       .0     40.7     44.3     28.9
       .0     83.8     44.3     57.7  20481.2  21164.9
      -2.3      78.7      11.1      49.1
        .9      20.7       -.1      19.6
        .0       5.0       -.6      13.5
       -.1       5.0       -.6      10.9
 83267   .724999   .000000  -.688749
  36068.3  15938.1       .1     40.6     44.3     28.9
       .0     83.7     45.2      8.6  18781.4  19343.0
       -.6      79.3       9.4      49.4
       -.7      15.2       -.9      18.5
       -.1       5.0      -1.1      12.2
       -.1       5.0      -1.2      10.4
 83268   .659438   .000000  -.751759
  33245.0  18959.8      -.1     40.8     44.3     28.9
      -.1     83.8     45.4     20.4  16988.8  17524.6
       2.1      70.2       6.1      46.5
        .0      14.3      -1.7      17.3
       -.4       5.0      -2.3      11.5
       -.2       5.0      -2.4       9.4
 83269   .574426   .000000  -.818557
  30614.7  23303.2      -.1     40.9     45.1      5.0
      -.1     84.1     45.2     32.7  15863.2  16353.7
       1.0      73.0       4.6      43.0
        .1      16.8      -2.0      12.7
        .0       5.0      -2.2       8.6
       -.2       5.0      -2.6       7.0
 83270   .465746   .000000  -.884918
  28605.0  23614.7      -.1     41.0     44.9     16.1
      -.1     84.1     44.8     44.9  14192.1  14652.6
      -2.4      74.2       7.4      57.2
       -.7      13.4      -2.7       8.7
       -.1       5.0      -3.1       5.4
       -.2       5.0      -3.2       4.7
 83271   .331088   .000000  -.943600
  26940.0  22013.6       .4     40.9     42.1     25.5
       .4     84.1     42.1     54.3  13159.3  13664.6
      -2.8      67.8       6.8      66.7
        .0      12.2      -3.0       9.2
        .1       5.0      -2.8       3.0
       -.1       5.0      -2.7       3.0
 83272   .254493   .000000  -.967075
  26193.4  21548.7      -.1     41.0     44.3     22.5
      -.1     84.1     44.3     51.2  12447.9  13221.4
       2.5      70.0       5.1      64.2
       -.6      11.8      -1.6       9.6
       -.1       5.0      -1.7       4.3
        .0       5.0      -2.4       3.9
 83273   .172799   .000000  -.984957
  25631.1  20974.5       .0     41.1     44.5     17.1
       .0     84.2     44.6     45.9  12225.2  12687.3
       1.6      72.5       3.6      53.6
      -1.0      11.1      -2.8       7.7
        .0       5.0      -3.2       5.3
       -.1       5.0      -3.5       4.8
 83274   .087384   .000000  -.996175
  25215.6  20523.6       .2     41.1     44.4     11.4
       .2     84.2     44.5     39.9  12267.2  12666.2
       1.1      70.2       -.9      44.5
        .0      11.7      -3.7       8.6
       -.2       5.0      -3.7       6.3
       -.3       5.0      -4.3       5.8
 83275   .000000   .000000 -1.000000
  25005.4  19207.9       .0     41.1     44.1      6.3
       .0     84.3     44.4     34.3  11956.1  12512.3
      -2.1      70.4       -.9      38.2
        .0      11.0      -4.2      11.0
       -.1       5.0      -4.2       7.9
       -.2       5.0      -4.7       7.1
 83276  -.087384   .000000  -.996175
  24952.9  16934.4       .1     41.2     42.0      3.8
       .2     84.3     44.6     28.4  11959.4  12501.4
        .3      71.1      -3.9      35.5
        .3      13.2      -5.3      13.4
       -.1       5.0      -4.7       9.5
       -.1       5.0      -5.2       8.3
 83277  -.172799   .000000  -.984957
  25100.5  14409.7       .4     41.3     44.3     28.9
       .5     84.4     44.4     22.7  12157.2  12561.0
       6.2      72.1      -6.7      40.3
        .9      12.2      -6.0      16.1
       -.1       5.0      -5.6      11.0
       -.1       5.0      -5.8       9.4
 83278  -.254493   .000000  -.967075
  25475.9  13258.6      -.4     41.2     44.3     28.9
      -.4     84.3     44.4     16.9  12508.5  13032.0
      -2.4      71.7      -5.9      40.9
        .1      10.1      -6.4      18.1
       -.2       5.0      -5.8      12.6
        .0       5.0      -6.1      10.7
 83279  -.331088   .000000  -.943600
  26083.1  11988.5      -.2     41.3     44.3     28.9
      -.2     84.5     44.4     11.6  12838.2  13321.5
       -.3      73.6      -6.9      40.2
       -.5      10.5      -5.9      18.7
       -.1       5.0      -5.4      13.4
       -.2       5.0      -5.9      12.0
 83280  -.465746   .000000  -.884918
  27504.8  10360.3       .0     41.4     44.3     28.9
       .0     84.5     41.8      7.2  13728.0  14224.1
       -.9      69.5      -6.8      38.0
        .2      15.4      -5.3      18.6
       -.2       5.0      -4.6      13.3
       -.1       5.0      -5.2      12.2
 83281  -.574426   .000000  -.818557
  29764.8   9572.5       .0     41.3     44.3     28.9
       .0     84.4     44.3     57.7  15016.6  15551.9
      -2.6      75.7      -8.3      40.8
      -1.1      17.3      -5.2      21.3
       -.2       5.0      -4.8      15.6
       -.1       5.0      -5.4      14.1
 83282  -.659438   .000000  -.751759
  32363.1   8961.9       .1     41.4     44.3     28.9
       .1     84.4     44.3     57.7  16833.7  17441.1
      -1.0      73.0      -7.5      40.1
        .0      17.7      -4.1      20.8
        .0       5.0      -3.6      15.5
       -.2       5.0      -4.3      14.2
 83283  -.724999   .000000  -.688749
  35282.2   8568.8      -.1     41.2     44.3     28.9
      -.1     84.3     44.3     57.7  18244.8  19247.1
       -.4      74.6      -8.2      40.3
        .5      16.5      -3.3      22.3
       -.4       5.0      -3.6      16.8
       -.2       5.0      -4.6      15.4
 83284  -.775436   .000000  -.631426
  38612.5   8270.6      -.4     41.3     44.3     28.9
      -.3     84.2     44.3     57.7  20543.3  21167.2
       -.4      78.5      -7.8      40.7
        .4      22.8      -2.8      21.4
       -.1       5.0      -2.9      16.4
       -.1       5.0      -3.4      15.4
 83285  -.814421   .000000  -.580275
  41909.4   8061.1       .2     41.0     44.3     28.9
       .2     84.1     44.3     57.7  22632.9  23546.8
      -3.0      77.4      -7.5      41.0
       -.1      23.2      -2.9      23.0
       -.3       5.0      -2.8      17.2
       -.2       5.0      -3.6      15.9
 83286  -.844819   .000000  -.535052
  45617.3   8026.5       .1     40.9     44.3     28.9
       .1     84.0     44.3     57.7  25164.2  25996.6
      -2.0      80.1      -6.5      38.4
        .3      21.7      -2.8      22.2
       -.1       5.0      -2.1      17.3
       -.3       5.0      -3.0      15.9
 83287  -.868777   .000000  -.495203
  49227.1   7943.8       .4     41.0     44.3     28.9
       .4     83.9     44.3     57.7  27727.1  28547.6
      -3.0      81.2      -7.0      40.0
       -.5      26.6      -2.1      23.4
        .2       5.9      -2.3      18.1
       -.2       5.0      -2.6      16.2
 83288  -.887877   .000000  -.460082
  52912.2   7843.8       .0     40.9     44.3     28.9
       .1     83.8     44.3     57.7  30285.3  30839.9
       1.2      83.8      -7.7      38.0
       -.2      26.8      -2.1      22.0
       -.3       5.9      -1.7      17.3
       -.1       5.0      -2.3      15.9
 83289  -.903278   .000000  -.429057
  56870.4   7810.5       .1     40.8     44.3     28.9
       .1     83.7     44.3     57.7  32463.9  33328.8
      -1.0      84.5      -6.0      38.2
        .8      32.0      -1.9      23.3
        .0       7.3      -1.9      18.2
        .3       5.8      -2.2      16.5
 83290   .840060  -.367526  -.399028
  61006.4  11163.3       .1     43.3     44.3     28.9
       .5     17.1     44.3     57.7  34549.8  35452.7
      -9.2      63.5       7.9      43.7
      -2.4      24.7       1.7      22.0
      -1.7      15.9       1.1      16.0
      -1.9      13.2       1.2      13.7
 83291   .817505  -.390173  -.423616
  57276.5  11659.4       .1     43.3     44.3     28.9
       .3     17.4     44.3     57.7  32487.7  33213.2
      -7.6      59.5       8.3      42.9
      -2.3      24.4       1.3      20.7
      -2.0      16.1       1.0      14.8
      -2.0      13.4       1.0      12.6
 83292   .790440  -.414981  -.450551
  54189.1  12269.4       .1     43.3     44.3     28.9
       .4     17.9     44.3     57.7  30047.9  31072.2
      -9.3      59.5       7.5      45.3
      -2.5      25.2        .9      20.8
      -2.3      16.6        .9      15.0
      -2.2      13.5        .6      12.8
 83293   .757796  -.442047  -.479937
  51080.9  13157.6       .1     43.3     44.3     28.9
       .1     18.5     44.3     57.7  28048.5  28984.0
      -6.0      59.6       9.1      46.9
      -2.3      25.4        .6      20.2
      -2.5      16.7        .4      14.0
      -2.4      13.8        .2      11.8
 83294   .718269  -.471364  -.511767
  47868.3  14476.3       .1     43.3     44.3     28.9
       .5     18.8     44.3     57.7  26088.3  26748.0
     -11.7      58.1      11.1      49.5
      -2.6      26.0        .1      19.9
      -2.3      16.9       -.4      13.4
      -2.4      14.1       -.4      11.5
 83295   .670317  -.502738  -.545830
  44964.4  16141.3       .1     43.3     44.3     28.9
       .4     19.3     44.3     57.7  24174.2  25080.5
     -10.0      56.8       8.7      48.4
      -3.3      26.2       -.6      19.5
      -2.4      17.3       -.9      12.8
      -2.8      14.0      -1.0      10.5
 83296   .612205  -.535679  -.581595
  42296.4  17213.3       .1     43.3     44.3     28.9
       .3     19.9     45.2      7.6  22340.5  23162.1
     -11.0      59.4       7.8      48.2
      -2.9      26.5       -.9      17.3
      -2.8      17.4      -1.4      11.5
      -2.5      14.4      -1.7       9.6
 83297   .542159  -.569267  -.618061
  39743.9  18746.6       .1     43.3     44.3     28.9
       .1     20.3     45.2     19.3  21012.9  21779.4
      -9.0      55.7       3.8      48.7
      -3.0      26.4      -2.4      16.6
      -3.1      17.5      -2.4      10.7
      -2.9      14.3      -2.6       8.7
 83298   .458673  -.602008  -.653609
  37849.8  18452.6       .1     43.3     45.2      4.4
      -.1     20.7     45.2     32.1  20055.6  20696.9
     -10.1      58.7       5.6      47.4
      -4.0      26.9      -2.0      12.6
      -3.3      17.9      -2.4       8.1
      -3.1      14.9      -2.7       6.9
 83299   .361020  -.631785  -.685938
  36215.1  17932.1       .1     43.3     44.9     15.6
      -.2     21.2     44.8     44.4  18769.6  19411.2
      -9.0      57.3       7.0      58.7
      -3.8      27.3      -2.9      10.2
      -3.5      18.0      -3.0       5.3
      -3.3      14.9      -3.4       4.7
 83300   .249898  -.655981  -.712208
  34855.8  17062.5       .1     43.3     41.9     25.3
      -.4     21.6     41.9     54.1  18008.7  18604.2
      -9.2      57.8       6.5      73.1
      -3.9      27.2      -2.5      14.5
      -3.7      18.0      -2.6       3.0
      -3.5      14.6      -2.7       3.0
 83301   .190037  -.665130  -.722141
  34372.0  16920.4       .1     43.3     44.6     22.1
      -.5     21.8     44.6     50.7  17588.6  18112.5
     -13.1      57.6       3.4      70.2
      -4.1      27.7      -1.6      11.1
      -3.6      18.4      -1.3       4.8
      -3.5      14.8      -1.8       4.1
 83302   .127982  -.671905  -.729496
  34115.8  16736.5       .1     43.3     45.5     16.5
      -.3     21.8     45.5     45.2  17486.6  17987.8
      -8.9      58.6       4.6      61.0
      -4.3      27.7      -2.6      10.0
      -3.5      18.4      -2.7       5.4
      -3.4      15.0      -3.2       4.9
 83303   .064388  -.676070  -.734019
  33732.3  16646.7       .1     43.3     45.4     10.6
      -.1     22.0     45.3     39.1  17183.8  17763.2
     -10.6      58.5      -1.6      49.4
      -3.4      27.6      -3.3       9.3
      -3.7      18.6      -3.7       6.3
      -3.2      15.3      -3.8       5.6
 83304   .000000  -.677476  -.735545
  33609.0  16609.9       .1     43.3     45.0      5.0
      -.4     22.0     45.4     32.9  16900.9  17750.3
     -10.5      58.9      -2.8      46.9
      -4.1      27.8      -4.1      11.1
      -3.5      18.4      -3.9       7.6
      -3.2      15.2      -4.2       6.6
 83305  -.064388  -.676070  -.734019
  33559.1  16589.1       .1     43.3     41.6      3.7
       .0     22.2     45.3     27.0  17025.0  17753.6
      -8.4      58.9      -3.0      43.0
      -4.2      28.0      -4.9      13.2
      -3.2      18.1      -4.6       8.7
      -3.4      15.2      -4.8       7.6
 83306  -.127982  -.671905  -.729496
  33703.0  16294.6       .1     43.3     44.3     28.9
       .1     22.1     45.4     20.7  17157.1  17836.0
     -10.0      58.2      -2.9      45.4
      -3.9      28.1      -5.2      15.4
      -3.6      18.4      -5.2      10.1
      -3.4      15.2      -5.3       8.5
 83307  -.190037  -.665130  -.722141
  34032.7  15840.1       .1     43.3     44.3     28.9
      -.5     22.1     45.4     14.9  17320.3  17928.0
      -9.4      57.7      -5.0      42.7
      -3.2      27.5      -5.3      16.7
      -3.3      18.5      -5.0      11.3
      -3.2      15.3      -5.3       9.7
 83308  -.249898  -.655981  -.712208
  34449.4  14432.0       .1     43.3     44.3     28.9
      -.1     22.1     45.3      9.5  17731.3  18315.4
     -10.5      57.9      -5.7      42.2
      -3.5      27.6      -4.6      16.9
      -2.3      18.3      -4.2      11.7
      -2.9      15.1      -4.9      10.3
 83309  -.361020  -.631785  -.685938
  35517.7  13538.9       .1     43.3     44.3     28.9
      -.1     21.9     42.2      9.5  18489.1  18958.6
      -8.3      57.2      -6.3      41.6
      -3.6      27.2      -4.5      17.6
      -2.8      18.0      -4.3      12.5
      -2.6      15.2      -4.6      11.0
 83310  -.458673  -.602008  -.653609
  37211.3  11966.8       .1     43.3     44.3     28.9
       .1     21.3     44.3     57.7  19309.3  20058.7
      -9.0      58.7      -7.9      41.5
      -2.6      27.1      -3.9      19.7
      -2.5      17.8      -3.9      14.5
      -2.5      14.8      -4.4      12.9
 83311  -.542159  -.569267  -.618061
  39310.0  10828.9       .1     43.3     44.3     28.9
       .3     20.9     44.3     57.7  20523.3  21247.9
      -9.8      58.5      -5.7      39.0
      -2.8      26.7      -3.3      19.1
      -2.6      17.5      -3.1      14.0
      -2.6      14.8      -3.6      12.8
 83312  -.612205  -.535679  -.581595
  41704.5  10138.9       .1     43.3     44.3     28.9
       .3     20.3     44.3     57.7  22415.8  23123.9
      -6.6      57.1      -7.0      41.2
      -2.9      27.0      -3.9      21.5
      -2.2      17.0      -3.1      16.0
      -2.4      14.4      -3.7      14.4
 83313  -.670317  -.502738  -.545830
  44441.4   9670.3       .1     43.3     44.3     28.9
       .3     19.8     44.3     57.7  24217.5  24982.0
     -10.0      59.2      -7.0      40.2
      -2.5      26.1      -2.4      20.2
      -2.0      16.9      -2.4      15.3
      -2.1      14.3      -2.8      14.2
 83314  -.718269  -.471364  -.511767
  47322.3   9101.6       .1     43.3     44.3     28.9
      -.1     19.1     44.3     57.7  26112.9  26712.2
      -6.8      57.7      -6.1      40.1
      -2.2      25.7      -2.5      22.0
      -1.7      16.7      -2.5      17.0
      -2.0      14.1      -3.1      15.3
 83315  -.757796  -.442047  -.479937
  50561.8   8904.6       .1     43.3     44.3     28.9
       .1     18.6     44.3     57.7  27999.5  28992.1
      -8.7      62.7      -6.8      37.8
      -2.3      25.5      -2.2      20.5
      -1.5      16.5      -1.8      16.3
      -1.8      13.9      -2.2      15.2
 83316  -.790440  -.414981  -.450551
  53828.6   8697.3       .1     43.3     44.3     28.9
       .1     18.3     44.3     57.7  30312.6  31015.2
      -9.0      60.3      -6.2      37.1
      -2.2      25.3      -2.3      22.4
      -2.3      16.2      -2.3      17.6
      -1.7      13.7      -2.4      16.0
 83317  -.817505  -.390173  -.423616
  57229.6   8567.0       .1     43.3     44.3     28.9
       .4     17.9     44.3     57.7  32624.8  33558.8
      -7.2      62.4      -5.8      36.4
      -1.8      24.9      -1.6      21.3
      -1.9      15.7      -1.9      16.8
      -1.6      13.4      -1.9      15.6
 83318  -.840060  -.367526  -.399028
  60660.2   8313.3       .1     43.3     44.3     28.9
       .3     17.5     44.3     57.7  35137.3  36201.8
      -7.0      61.0      -6.6      37.6
      -1.4      24.4      -1.8      22.8
      -1.6      15.6      -1.5      17.9
      -1.8      13.3      -2.2      16.6
 83319   .708659  -.620076  -.336613
  72322.9  13096.9       .1     43.3     44.3     28.9
       .1     86.6     44.3     57.7  41947.8  43448.2
      -9.9      54.2       8.0      46.4
      -2.6      22.6       2.1      20.9
      -2.0      17.0       1.3      14.4
      -1.7      15.8       1.2      12.9
 83320   .677337  -.646549  -.350984
  69329.9  13737.0       .1     43.3     44.3     28.9
       .1     86.6     44.3     57.7  40594.7  41798.6
     -10.4      55.1      10.1      48.2
      -2.1      22.4       1.4      20.8
      -1.6      17.4       1.0      13.9
      -1.9      16.0        .7      11.9
 83321   .641844  -.673936  -.365851
  66911.6  14347.4       .1     43.3     44.3     28.9
       .1     86.6     44.3     57.7  38477.4  39589.2
     -11.4      54.3      11.8      49.6
      -2.1      22.6       1.0      20.2
      -2.0      17.6        .7      13.7
      -1.9      16.1        .6      11.7
 83322   .601687  -.701968  -.381068
  64236.9  14470.7       .1     43.3     44.3     28.9
       .1     86.6     44.3     57.7  36093.9  37390.7
     -12.6      57.6      11.5      50.6
      -2.4      22.9        .4      19.8
      -1.6      17.5        .1      12.9
      -2.0      16.3        .1      11.0
 83323   .556388  -.730259  -.396426
  61952.9  15162.1       .1     43.3     44.3     28.9
       .1     86.6     44.3     57.7  34875.4  35832.3
     -10.3      55.5       8.8      53.5
      -2.5      22.8        .6      18.6
      -1.9      17.8       -.2      12.2
      -2.0      16.5       -.5      10.0
 83324   .505524  -.758286  -.411641
  59594.5  15136.3       .1     43.3     44.3     28.9
       .1     86.6     44.3     57.7  33750.0  34660.2
      -9.9      52.5       7.7      52.7
      -2.3      22.7       -.9      19.0
      -2.4      18.1       -.8      11.6
      -2.0      16.7      -1.2       9.5
 83325   .448787  -.785377  -.426348
  57606.8  15025.1       .1     43.3     44.3     28.9
       .1     86.6     45.3      5.9  32239.8  33072.4
     -11.9      54.1       8.7      59.0
      -2.3      22.9       -.9      16.4
      -1.9      18.0      -1.4      10.3
      -2.2      16.9      -1.5       8.6
 83326   .386057  -.810720  -.440105
  55758.0  14370.6       .1     43.3     44.3     28.9
       .1     86.6     45.5     17.8  30900.4  32242.2
      -9.7      51.9       5.7      58.8
      -2.5      23.0      -2.1      16.4
      -2.5      18.1      -2.4       9.6
      -2.4      17.0      -2.6       7.7
 83327   .317480  -.833386  -.452409
  54114.8  14143.5       .1     43.3     45.6      3.0
       .1     86.6     45.5     30.7  30047.0  31042.2
     -11.4      49.2       5.5      58.1
      -2.3      23.1      -1.9      13.7
      -2.6      18.1      -2.5       7.4
      -2.4      17.2      -2.7       6.3
 83328   .243541  -.852392  -.462727
  53225.0  13738.0       .1     43.3     45.1     14.6
       .1     86.6     44.9     43.3  29458.8  30399.7
     -11.4      49.8       4.9      67.4
      -2.8      23.3      -2.6      15.9
      -2.5      18.2      -3.0       5.2
      -2.5      17.2      -3.1       4.6
 83329   .165103  -.866792  -.470544
  52423.9  13531.5       .1     43.3     41.8     25.2
       .1     86.6     41.8     53.7  29142.2  30149.7
     -13.0      52.9       1.8      85.5
      -3.1      22.8      -3.0      27.8
      -2.7      18.3      -2.9       4.5
      -2.7      17.3      -2.7       3.0
 83330   .124573  -.872008  -.473376
  51977.9  13391.9       .1     43.3     45.3     21.4
       .1     86.6     45.3     50.0  28563.9  29595.1
     -10.9      53.3       3.2      81.7
      -3.2      23.5       -.8      21.5
      -2.5      18.5       -.9       5.3
      -2.7      17.5      -1.1       4.6
 83331   .083409  -.875791  -.475429
  51886.9  13341.8       .1     43.3     46.3     15.7
       .1     86.6     46.3     44.4  28410.5  29361.8
     -12.6      52.2       3.2      72.3
      -3.0      23.2      -1.9      16.4
      -2.4      18.5      -2.3       5.6
      -3.0      17.4      -2.6       4.9
 83332   .041814  -.878085  -.476675
  51522.9  13212.4       .1     43.3     46.3      9.5
       .1     86.6     46.4     38.0  28215.1  29552.1
     -13.0      53.6       1.7      67.5
      -2.8      23.1      -2.9      13.3
      -2.6      18.6      -3.0       6.0
      -2.8      17.7      -3.2       5.3
 83333   .000000  -.878853  -.477092
  51551.5  13284.9       .1     43.3     46.1      3.4
       .1     86.6     46.1     31.6  28483.6  29425.0
     -11.1      52.0       -.3      60.4
      -2.8      23.4      -3.3      13.4
      -2.5      18.7      -3.6       7.1
      -2.7      17.7      -3.6       6.0
 83334  -.041814  -.878085  -.476675
  51547.2  13253.1       .1     43.3     44.3     28.9
       .1     86.6     46.3     25.2  28368.3  29278.6
     -11.1      56.2      -1.6      56.8
      -2.5      23.2      -4.3      13.9
      -2.1      18.3      -4.1       8.1
      -2.4      17.6      -4.2       6.7
 83335  -.083409  -.875791  -.475429
  51530.7  13287.1       .1     43.3     44.3     28.9
       .1     86.6     46.5     18.8  28484.5  29148.7
     -10.1      50.9      -2.7      50.8
      -2.8      23.7      -4.6      14.9
      -2.4      18.8      -4.2       8.9
      -2.5      17.7      -4.4       7.5
 83336  -.124573  -.872008  -.473376
  51696.1  13354.7       .1     43.3     44.3     28.9
       .1     86.6     46.5     12.6  28667.5  29555.7
     -11.9      52.8      -3.4      48.6
      -2.6      23.3      -4.4      15.7
      -2.4      18.9      -3.9       9.6
      -2.3      17.8      -4.1       8.0
 83337  -.165103  -.866792  -.470544
  52040.8  13408.4       .1     43.3     44.3     28.9
       .1     86.6     46.2      6.7  28580.9  29302.4
     -11.3      53.5      -2.3      49.8
      -2.6      23.8      -3.5      15.2
      -2.2      18.4      -3.7      10.0
      -2.4      17.7      -3.8       8.5
 83338  -.243541  -.852392  -.462727
  52861.7  13673.6       .1     43.3     44.3     28.9
       .1     86.6     44.3     57.7  29302.3  30061.3
     -13.7      54.6      -5.6      47.7
      -2.3      23.6      -3.9      16.8
      -1.7      18.3      -3.6      10.7
      -1.9      17.7      -3.8       9.1
 83339  -.317480  -.833386  -.452409
  54055.5  13742.2       .1     43.3     44.3     28.9
       .1     86.6     44.3     57.7  29791.0  30926.2
     -10.0      53.8      -3.8      44.4
      -2.6      23.5      -3.5      17.7
      -2.0      18.6      -3.0      12.1
      -2.1      17.9      -3.3      10.6
 83340  -.386057  -.810720  -.440105
  55409.8  13418.0       .1     43.3     44.3     28.9
       .1     86.6     44.3     57.7  30662.5  31325.5
     -11.7      51.7      -5.6      43.6
      -1.9      23.0      -2.6      17.2
      -2.1      18.4      -2.8      12.3
      -1.8      17.2      -2.9      10.5
 83341  -.448787  -.785377  -.426348
  57129.7  13083.6       .1     43.3     44.3     28.9
       .1     86.6     44.3     57.7  32149.3  33286.8
     -11.6      55.5      -6.6      41.5
      -2.2      23.2      -3.0      18.8
      -2.0      18.4      -2.4      13.7
      -1.8      17.2      -2.7      12.2
 83342  -.505524  -.758286  -.411641
  59022.7  12293.5       .1     43.3     44.3     28.9
       .1     86.6     44.3     57.7  33442.7  34509.5
     -12.5      54.3      -4.3      39.7
      -2.2      23.3      -2.1      18.0
      -1.8      18.3      -2.1      13.4
      -1.9      16.8      -2.2      11.5
 83343  -.556388  -.730259  -.396426
  61430.3  11678.7       .1     43.3     44.3     28.9
       .1     86.6     44.3     57.7  35520.6  36111.7
     -12.8      57.0      -5.4      41.6
      -2.3      23.3      -2.6      20.3
      -1.9      18.0      -2.1      14.9
      -1.7      16.8      -2.3      13.4
 83344  -.601687  -.701968  -.381068
  63483.5  11172.4       .1     43.3     44.3     28.9
       .1     86.6     44.3     57.7  36533.2  37313.8
     -10.5      55.0      -6.2      40.2
      -2.0      22.4      -1.7      18.3
      -1.4      17.9      -1.5      14.3
      -2.0      16.4      -1.7      12.7
 83345  -.641844  -.673936  -.365851
  66334.7  10801.2       .1     43.3     44.3     28.9
       .1     86.6     44.3     57.7  37997.5  39414.2
     -10.3      55.3      -8.4      41.5
      -1.8      23.0      -1.8      21.2
      -1.6      17.8      -1.4      15.8
      -1.6      16.4      -1.8      14.5
 83346  -.677337  -.646549  -.350984
  69038.0  10219.7       .1     43.3     44.3     28.9
       .1     86.6     44.3     57.7  39660.7  40940.1
     -10.3      57.9      -5.3      36.4
      -2.1      22.9      -1.1      19.3
      -1.6      17.5      -1.1      15.1
      -1.5      16.3      -1.3      13.6
 83347  -.708659  -.620076  -.336613
  71962.1   9925.1       .1     43.3     44.3     28.9
       .1     86.6     44.3     57.7  40988.0  42502.2
     -11.0      57.6      -6.0      35.9
      -1.5      23.1      -1.3      21.3
      -1.5      17.5      -1.2      16.3
      -1.7      16.0      -1.6      15.0
 83348   .482910  -.845093  -.229382
 106682.5  14076.7       .1     43.3     44.3     28.9
       .1     86.6     44.3     57.7  64526.1  66342.9
     -11.5      50.8       6.2      51.5
      -2.3      21.7       2.1      20.3
      -1.7      16.7       1.2      12.5
      -1.8      14.9       1.4      10.3
 83349   .451149  -.861285  -.233777
 104781.3  13870.5       .1     43.3     44.3     28.9
       .1     86.6     44.3     57.7  64038.1  65742.5
     -10.4      47.4       7.2      53.8
      -2.8      22.3       1.7      21.6
      -2.0      16.4       1.0      12.2
      -2.1      15.1        .8      10.2
 83350   .417577  -.876913  -.238019
 102676.3  13718.7       .1     43.3     44.3     28.9
       .1     86.6     44.3     57.7  62544.5  63903.3
     -12.8      53.0       9.9      55.3
      -2.5      22.2       1.5      20.1
      -2.3      16.8       1.0      11.4
      -2.0      15.0        .7       9.4
 83351   .382204  -.891810  -.242063
 101098.2  13504.3       .1     43.3     44.3     28.9
       .1     86.6     44.3     57.7  61457.8  63067.7
      -9.8      50.1       4.8      61.4
      -2.5      22.5       1.2      21.6
      -1.9      16.8        .2      11.4
      -2.3      15.6        .3       9.3
 83352   .345068  -.905804  -.245861
  99446.0  13202.4       .1     43.3     44.3     28.9
       .1     86.6     44.3     57.7  60202.5  61689.2
     -12.7      52.9       8.2      63.8
      -2.4      22.0        .5      19.9
      -1.8      16.9        .0      10.0
      -2.1      15.2        .0       8.2
 83353   .306238  -.918714  -.249365
  98108.8  13022.9       .1     43.3     44.3     28.9
       .1     86.6     44.3     57.7  59673.0  60966.4
     -13.9      52.0       8.3      68.5
      -2.5      21.8        .0      22.1
      -2.3      16.6       -.8      10.2
      -2.2      15.5       -.9       8.0
 83354   .265817  -.930361  -.252527
  97118.3  12904.8       .1     43.3     44.3     28.9
       .1     86.6     45.7      3.3  57619.4  59368.2
     -14.8      53.8       6.9      72.7
      -2.8      22.6       -.2      20.7
      -2.0      17.0      -1.1       9.0
      -2.1      15.5      -1.2       7.0
 83355   .223945  -.940570  -.255298
  96181.3  12714.5       .1     43.3     44.3     28.9
       .1     86.6     46.0     15.7  57391.0  59171.9
     -13.9      52.1       9.8      73.6
      -3.1      22.8      -1.6      22.6
      -2.4      17.2      -2.4       8.6
      -2.3      15.6      -2.7       6.7
 83356   .180796  -.949177  -.257634
  95367.9  12626.5       .1     43.3     45.7      1.8
       .1     86.6     45.4     29.2  56959.2  58742.1
     -12.6      51.4       2.0      79.1
      -3.3      22.3      -1.6      22.5
      -2.4      17.2      -2.5       7.4
      -2.6      15.9      -2.6       5.8
 83357   .136577  -.956038  -.259496
  94533.8  12575.4       .1     43.3     45.0     13.8
       .1     86.6     44.9     42.4  57233.6  58515.3
     -14.4      51.8      -1.1      93.3
      -3.1      22.3      -2.9      28.8
      -2.4      17.0      -3.0       7.2
      -2.4      15.5      -3.1       4.5
 83358   .091527  -.961030  -.260851
  94035.2  12498.8       .1     43.3     42.3     24.6
       .1     86.6     42.4     52.9  56494.1  57946.5
     -13.2      54.1       1.9     106.6
      -3.1      22.2        .8      50.6
      -2.4      17.3      -2.4      11.7
      -2.5      15.9      -2.5       5.7
 83359   .068771  -.962796  -.261330
  93951.0  12571.2       .1     43.3     46.1     20.7
       .1     86.6     46.1     49.2  56120.2  57746.3
     -15.6      54.6       6.2     100.6
      -3.0      22.3        .2      41.3
      -2.6      17.4       -.5      10.2
      -2.7      15.7       -.8       5.7
 83360   .045908  -.964064  -.261674
  93605.5  12404.2       .1     43.3     47.2     15.1
       .1     86.6     47.1     43.5  55484.3  57382.4
     -15.6      53.6       4.4      97.1
      -2.5      21.8      -1.2      34.2
      -2.7      17.2      -1.9       7.1
      -2.5      15.4      -2.2       5.2
 83361   .022972  -.964827  -.261882
  93781.3  12451.6       .1     43.3     47.3      8.5
       .1     86.6     47.4     37.1  56417.6  57963.4
     -14.9      52.6       6.8      85.7
      -3.3      22.6      -2.2      26.9
      -2.5      17.1      -2.6       7.1
      -2.7      15.6      -2.8       5.5
 83362   .000000  -.965081  -.261951
  93944.7  12437.4       .1     43.3     47.0      2.1
       .1     86.6     47.3     30.4  55509.0  57230.9
     -15.1      56.3       1.5      84.8
      -3.0      22.2      -2.6      22.0
      -2.8      17.0      -3.0       7.4
      -2.7      15.6      -3.3       5.6
 83363  -.022972  -.964827  -.261882
  93541.1  12387.9       .1     43.3     44.3     28.9
       .1     86.6     47.3     23.7  56013.1  57844.1
     -11.8      50.0      -4.0      78.0
      -3.2      22.5      -3.5      22.1
      -2.5      17.2      -3.5       7.4
      -2.7      15.8      -3.7       6.1
 83364  -.045908  -.964064  -.261674
  93701.0  12509.0       .1     43.3     44.3     28.9
       .1     86.6     47.2     17.0  55901.6  57721.9
     -13.7      49.5      -1.9      73.5
      -3.0      22.2      -3.4      19.7
      -2.7      17.3      -3.7       8.6
      -2.6      15.8      -3.8       6.5
 83365  -.068771  -.962796  -.261330
  93578.7  12416.6       .1     43.3     44.3     28.9
       .1     86.6     47.1     10.3  56574.5  57824.6
     -17.1      57.5       -.7      66.3
      -2.9      22.0      -3.2      19.4
      -2.6      16.9      -3.3       8.6
      -2.6      15.5      -3.3       6.6
 83366  -.091527  -.961030  -.260851
  93888.7  12483.9       .1     43.3     44.3     28.9
       .1     86.6     47.0      3.9  55849.2  57632.4
      -9.9      49.0      -2.0      73.0
      -2.7      22.6      -2.8      19.8
      -2.4      17.5      -2.7       8.3
      -2.5      15.6      -2.8       6.6
 83367  -.136577  -.956038  -.259496
  94246.9  12497.1       .1     43.3     44.3     28.9
       .1     86.6     44.3     57.7  56510.0  58280.9
     -11.8      51.2      -1.5      66.8
      -2.7      22.6      -2.9      18.5
      -2.3      17.2      -3.1       9.5
      -2.3      15.9      -3.0       7.5
 83368  -.180796  -.949177  -.257634
  94894.0  12650.7       .1     43.3     44.3     28.9
       .1     86.6     44.3     57.7  57112.3  58566.4
     -11.6      48.0      -3.4      52.4
      -2.6      22.3      -2.0      18.5
      -2.3      17.3      -2.1       9.7
      -2.0      15.9      -2.2       7.8
 83369  -.223945  -.940570  -.255298
  95516.2  12709.4       .1     43.3     44.3     28.9
       .1     86.6     44.3     57.7  56350.0  58356.3
     -11.9      52.4      -4.3      60.7
      -2.9      22.4      -2.4      16.7
      -2.2      17.1      -2.3      10.0
      -2.2      15.5      -2.1       8.3
 83370  -.265817  -.930361  -.252527
  96935.1  12912.0       .1     43.3     44.3     28.9
       .1     86.6     44.3     57.7  57729.8  59255.3
     -15.0      52.2      -6.8      56.6
      -2.8      22.7      -2.0      17.3
      -1.9      17.1      -1.6      10.6
      -2.0      15.5      -1.6       8.9
 83371  -.306238  -.918714  -.249365
  98085.7  12993.5       .1     43.3     44.3     28.9
       .1     86.6     44.3     57.7  58677.7  60422.8
     -13.4      55.2      -5.4      49.3
      -2.7      22.5      -2.2      17.6
      -2.0      17.1      -1.6      11.2
      -2.3      15.4      -1.8       9.5
 83372  -.345068  -.905804  -.245861
  99270.2  13211.3       .1     43.3     44.3     28.9
       .1     86.6     44.3     57.7  59522.2  61004.3
     -11.7      52.9      -5.4      47.9
      -2.4      22.7      -1.4      17.6
      -2.0      16.9      -1.2      11.7
      -1.8      15.6      -1.3      10.1
 83373  -.382204  -.891810  -.242063
 100826.9  13277.4       .1     43.3     44.3     28.9
       .1     86.6     44.3     57.7  61062.0  62528.4
     -12.4      54.5      -6.5      44.9
      -2.8      22.7      -1.8      17.4
      -1.7      17.0      -1.0      12.0
      -1.9      15.7      -1.2      10.2
 83374  -.417577  -.876913  -.238019
 102108.1  13319.6       .1     43.3     44.3     28.9
       .1     86.6     44.3     57.7  62001.6  63564.8
     -11.8      52.4      -6.0      42.5
      -2.4      22.9      -1.1      18.6
      -1.8      16.7       -.9      12.6
      -1.9      15.5      -1.2      11.2
 83375  -.451149  -.861285  -.233777
 104340.7  13244.4       .1     43.3     44.3     28.9
       .1     86.6     44.3     57.7  61712.5  64183.2
     -10.3      52.3      -4.8      41.5
      -2.5      22.3       -.9      17.8
      -1.8      16.7       -.7      12.4
      -2.1      15.3      -1.0      10.7
 83376  -.482910  -.845093  -.229382
 106255.3  13173.3       .1     43.3     44.3     28.9
       .1     86.6     44.3     57.7  64384.1  65734.0
     -10.8      53.6      -6.1      39.9
      -2.5      22.3      -1.1      19.1
      -1.9      16.8       -.7      13.8
      -2.0      15.2      -1.0      12.1
 83377   .337328  -.927651  -.160231
 152206.0  13228.4       .1     43.3     44.3     28.9
       .1     86.6     44.3     57.7  96379.2  99200.8
     -10.4      44.3       7.5      60.9
      -2.6      22.1       2.2      21.9
      -1.9      17.0       1.6      10.4
      -2.2      16.2       1.6       9.0
 83378   .312066  -.936198  -.161707
 151476.4  13112.5       .1     43.3     44.3     28.9
       .1     86.6     44.3     57.7  94457.0  97425.3
      -9.6      48.6       4.3      66.3
      -2.7      23.0       1.4      23.7
      -2.1      17.4       1.0      11.3
      -1.9      15.9       1.1       9.0
 83379   .286124  -.944211  -.163091
 150088.7  12915.8       .1     43.3     44.3     28.9
       .1     86.6     44.3     57.7  92886.6  95748.6
     -10.5      46.7       6.4      69.5
      -2.7      22.4       1.6      22.3
      -2.4      17.4       1.2       9.9
      -2.0      16.3       1.0       8.2
 83380   .259539  -.951641  -.164374
 149061.5  12821.2       .1     43.3     44.3     28.9
       .1     86.6     44.3     57.7  93271.1  95671.5
     -14.7      56.4       7.0      71.3
      -3.0      23.3       1.5      25.1
      -2.3      17.5        .2      10.2
      -2.6      15.8        .3       8.1
 83381   .232349  -.958440  -.165549
 147945.4  12792.8       .1     43.3     44.3     28.9
       .1     86.6     44.3     57.7  92648.4  95024.2
     -12.7      49.1       9.5      75.4
      -2.9      23.0       1.0      24.9
      -2.3      17.4        .5       9.6
      -2.2      15.9        .3       7.3
 83382   .204604  -.964562  -.166606
 146714.3  12686.4       .1     43.3     44.3     28.9
       .1     86.6     44.3     57.7  93172.4  95569.8
     -12.1      47.6       8.3      79.3
      -3.6      23.9        .5      27.0
      -2.6      17.4       -.5       9.5
      -2.6      16.3       -.7       7.2
 83383   .176357  -.969963  -.167539
 146001.4  12641.8       .1     43.3     44.3     28.9
       .1     86.6     46.1      2.2  90723.3  93589.2
     -11.9      49.3      11.0      85.2
      -3.2      22.2        .2      26.3
      -2.7      17.5       -.7       8.5
      -2.5      16.0       -.9       6.3
 83384   .147667  -.974605  -.168341
 145663.2  12632.3       .1     43.3     44.3     28.9
       .1     86.6     45.9     14.8  91598.0  93756.4
     -16.3      52.1       6.0      95.9
      -3.3      23.0      -1.1      31.1
      -2.7      17.3      -2.3       9.0
      -2.4      15.9      -2.3       6.0
 83385   .118600  -.978453  -.169006
 144851.4  12438.9       .1     43.3     46.1      1.1
       .1     86.6     45.7     28.4  90972.6  93102.6
     -13.6      50.8       8.1      99.1
      -3.5      22.4      -2.1      33.1
      -2.3      17.2      -2.5       8.7
      -2.5      16.2      -2.5       5.9
 83386   .089225  -.981478  -.169528
 144769.2  12460.8       .1     43.3     45.1     13.2
       .1     86.6     44.7     41.8  90899.9  93122.7
     -15.1      52.5       4.2     108.8
      -3.4      23.3      -1.9      42.2
      -2.5      17.4      -2.8      11.3
      -2.6      15.8      -2.9       4.8
 83387   .059616  -.983656  -.169904
 144402.0  12358.3       .1     43.3     42.5     24.1
       .1     86.6     42.5     52.3  90297.9  92505.7
     -14.1      56.5       4.4     123.9
      -3.2      22.5      -1.5      65.4
      -2.1      17.1      -1.6      24.6
      -2.6      16.1      -2.4       8.5
 83388   .044746  -.984421  -.170036
 144088.0  12433.3       .1     43.3     46.2     20.2
       .1     86.6     46.1     48.5  88860.4  91686.9
     -15.7      55.1       8.4     116.6
      -3.1      22.3        .8      57.3
      -2.7      17.5       -.1      18.2
      -2.6      16.2       -.3       7.9
 83389   .029848  -.984969  -.170131
 144021.1  12358.7       .1     43.3     47.9     14.7
       .1     86.6     47.6     42.8  89343.8  91700.7
     -13.2      50.9      -2.8     112.6
      -3.4      23.7       -.7      47.6
      -2.8      17.7      -1.9      12.3
      -2.8      15.8      -1.9       6.3
 83390   .014929  -.985299  -.170188
 144033.8  12389.3       .1     43.3     47.7      8.0
       .1     86.6     47.6     36.4  90802.9  92945.8
     -12.4      46.1       8.4     100.3
      -3.5      23.4      -1.3      37.4
      -2.5      17.7      -2.5      10.5
      -2.6      16.4      -2.6       5.7
 83391   .000000  -.985408  -.170207
 144045.3  12369.8       .1     43.3     47.5      1.5
       .1     86.6     47.5     29.5  90864.3  92841.1
     -14.0      49.8       5.9     101.8
      -3.6      23.5      -2.1      32.9
      -2.5      17.7      -2.8       9.3
      -2.9      16.3      -3.0       6.1
 83392  -.014929  -.985299  -.170188
 144102.8  12377.8       .1     43.3     44.3     28.9
       .1     86.6     47.7     23.0  89394.7  91704.3
     -14.3      56.4      -2.8      95.1
      -3.3      22.5      -2.7      31.2
      -2.6      17.6      -3.3       9.4
      -2.3      15.9      -3.4       5.9
 83393  -.029848  -.984969  -.170131
 144047.4  12455.1       .1     43.3     44.3     28.9
       .1     86.6     47.5     16.1  89318.8  92388.3
     -10.1      46.5        .8      96.3
      -3.3      23.5      -3.1      27.5
      -2.6      17.6      -3.3       8.9
      -2.4      16.2      -3.4       6.0
 83394  -.044746  -.984421  -.170036
 143979.9  12527.8       .1     43.3     44.3     28.9
       .1     86.6     47.6      9.2  90738.1  92896.6
     -12.2      48.6      -2.4      96.2
      -3.4      23.2      -2.8      26.4
      -2.3      17.4      -2.8       8.8
      -2.5      16.3      -3.0       6.3
 83395  -.059616  -.983656  -.169904
 144360.0  12401.4       .1     43.3     44.3     28.9
       .1     86.6     47.4      2.8  91081.1  93226.4
     -11.8      49.9       2.6      88.7
      -3.1      23.0      -2.2      26.7
      -2.5      17.6      -2.2       9.0
      -2.5      16.4      -2.5       6.7
 83396  -.089225  -.981478  -.169528
 144212.9  12451.5       .1     43.3     44.3     28.9
       .1     86.6     44.3     57.7  90840.3  92851.1
      -9.2      48.7       6.3      77.6
      -3.3      23.2      -2.4      24.6
      -2.6      17.4      -2.7       8.8
      -2.5      16.1      -2.9       6.8
 83397  -.118600  -.978453  -.169006
 144897.7  12460.6       .1     43.3     44.3     28.9
       .1     86.6     44.3     57.7  91472.4  93725.2
      -8.7      46.8      -1.3      72.5
      -3.1      22.7      -1.8      22.7
      -2.4      17.5      -1.6       8.8
      -2.1      16.3      -1.5       6.8
 83398  -.147667  -.974605  -.168341
 145556.7  12539.4       .1     43.3     44.3     28.9
       .1     86.6     44.3     57.7  92279.1  94018.1
     -13.5      52.2      -3.1      69.7
      -3.1      23.7      -2.1      22.6
      -2.5      17.6      -2.0       9.6
      -2.4      16.2      -2.0       7.5
 83399  -.176357  -.969963  -.167539
 145804.9  12652.5       .1     43.3     44.3     28.9
       .1     86.6     44.3     57.7  90768.3  93403.2
     -10.7      47.0     -10.4      67.4
      -3.4      23.3      -1.3      21.8
      -2.4      17.5      -1.2       9.1
      -2.2      16.3      -1.0       7.3
 83400  -.204604  -.964562  -.166606
 146657.2  12626.4       .1     43.3     44.3     28.9
       .1     86.6     44.3     57.7  92735.6  94051.8
     -13.1      51.2      -4.5      68.0
      -2.9      23.8      -1.7      20.9
      -2.3      17.5      -1.5      10.3
      -2.5      16.5      -1.5       8.2
 83401  -.232349  -.958440  -.165549
 147419.6  12631.2       .1     43.3     44.3     28.9
       .1     86.6     44.3     57.7  92666.0  95163.3
     -11.5      47.4      -5.6      58.2
      -2.7      23.1      -1.1      19.6
      -2.3      17.3       -.9       9.8
      -1.8      16.7       -.7       8.3
 83402  -.259539  -.951641  -.164374
 148588.2  12825.6       .1     43.3     44.3     28.9
       .1     86.6     44.3     57.7  93091.2  95109.9
     -10.1      49.6      -9.1      57.2
      -3.1      23.2      -1.4      18.8
      -1.8      17.4       -.7      10.7
      -1.7      16.3       -.8       8.8
 83403  -.286124  -.944211  -.163091
 149876.0  12860.9       .1     43.3     44.3     28.9
       .1     86.6     44.3     57.7  93456.8  96309.6
     -11.6      53.5      -4.9      47.2
      -2.9      22.9       -.9      18.7
      -2.2      17.6       -.5      10.7
      -2.2      16.0       -.6       9.1
 83404  -.312066  -.936198  -.161707
 151082.9  13005.0       .1     43.3     44.3     28.9
       .1     86.6     44.3     57.7  95239.5  97496.8
     -10.5      55.4      -4.1      42.8
      -2.6      22.7      -1.2      18.3
      -2.0      17.3       -.5      10.9
      -1.9      15.9       -.6       9.5
 83405  -.337328  -.927651  -.160231
 152344.0  13180.4       .1     43.3     44.3     28.9
       .1     86.6     44.3     57.7  95373.0  99120.6
     -11.5      51.5      -6.7      40.9
      -2.9      24.1       -.9      18.6
      -2.2      17.4       -.5      11.6
      -2.2      16.1       -.4       9.8
