OCR_prd2017clk:dj0091a,R22@-300V,3.8T@20d,263K,rhe=1.10,rhh=0.7,0.7/0.7         
  1019   1  3.80  28   3  29   5  300.00  263.00     .70 1.00000   600.0   32.03   -9.77  150.000  100.000  290.000  2000.0   16.02   -4.88    1.50    1.00     .85
 82711  -.105170   .946530  -.304993
  81476.0  12885.0     16.0     43.3     -3.2      4.9
     16.0     86.6     -3.1     32.3  47809.4  49305.0
       8.0      53.5      -8.8      73.4
       2.2      26.4       -.1      17.6
       1.8      22.4        .4       5.5
       1.7      23.4        .6       4.2
 82712  -.113613   .937303  -.329476
  75504.5  13019.8     16.0     43.3     -3.2      5.0
     16.0     86.6     -3.1     32.3  44235.8  45391.9
      12.8      53.4      -7.1      69.9
       2.3      25.1       -.4      15.8
       1.4      20.7        .4       5.7
       1.5      19.9        .4       4.2
 82713  -.123410   .925573  -.357888
  69494.2  13273.7     16.0     43.3     -3.2      5.3
     16.0     86.6     -3.2     32.4  39129.6  40192.0
      11.9      58.0      -7.1      68.7
       2.1      25.9       -.3      16.0
       1.5      21.2        .5       5.3
       1.7      21.6        .5       4.4
 82714  -.134874   .910397  -.391134
  63571.9  13408.5     16.0     43.3     -3.6     11.5
     16.0     86.6     -3.3     32.6  35712.9  37029.4
      10.1      53.4      -5.7      63.2
       1.5      24.2        .0      13.0
       1.3      19.4        .4       5.4
       1.2      18.4        .5       4.5
 82715  -.148397   .890380  -.430350
  57768.6  13797.6     16.0     43.3     -3.6      5.9
     16.0     86.6     -3.5     32.9  32089.2  33074.7
       9.7      55.4      -7.3      64.9
       1.8      24.9        .0      12.0
       1.2      20.5        .5       5.8
       1.1      21.3        .5       4.7
 82716  -.164460   .863416  -.476934
  52004.4  14189.6     16.0     43.3     -3.7      6.3
     16.0     86.6     -3.4     33.1  27811.6  29025.8
       8.8      51.8      -3.8      54.6
       1.1      23.9        .0      11.0
       1.2      18.8        .3       5.8
        .9      18.2        .4       5.0
 82717  -.183618   .826279  -.532491
  46908.0  14829.8     16.0     43.3     -3.8      6.7
     16.0     86.6     -3.6     33.3  24536.6  25407.3
       9.5      56.3      -4.8      56.2
       1.2      24.1        .2      11.6
       1.1      18.6        .4       6.1
       1.0      19.5        .4       5.2
 82718  -.206405   .774019  -.598575
  41716.1  15979.6     16.0     43.3     -4.2      7.2
     16.2      6.7     -3.9     33.7  21395.9  22210.3
       7.6      56.4      -6.9      51.0
       1.4      25.9        .0      10.7
       1.0      19.1        .3       6.2
       1.0      17.9        .2       5.4
 82719  -.233063   .699189  -.675882
  37083.2  17992.7     16.0     43.3     -4.2      7.4
     15.8     18.2     -4.0     34.0  18664.9  19351.7
       6.3      61.1      -4.8      51.0
        .9      28.2        .1      10.4
        .2      18.7        .3       6.4
        .6      15.6        .2       5.7
 82720  -.262862   .591440  -.762300
  32998.1  21693.9     15.5     14.2     -4.4      7.9
     15.9     37.7     -4.0     34.6  15997.7  16557.5
       3.3      51.8      -3.8      43.8
        .1      22.2        .1      10.0
        .0      14.4        .2       6.6
        .0      11.3        .1       6.0
 82721  -.292854   .439281  -.849276
  29602.8  23940.2     15.6     19.5     -4.6      8.0
     15.9     56.8     -4.4     34.8  14426.3  14968.7
       3.4      49.5      -4.0      41.4
       -.6      13.0       -.1      10.0
       -.9       8.6        .2       6.8
       -.6       7.0        .1       6.2
 82722  -.316664   .237498  -.918324
  27689.1  21979.9     15.1     34.6     -4.5      7.1
     15.3     75.8     -4.3     35.0  13227.4  13934.6
        .7      57.7      -3.3      41.9
      -1.5       7.5       -.1      10.5
      -1.6       5.0        .2       6.8
      -1.5       5.0        .1       6.1
 82723  -.325991   .000000  -.945373
  27078.6  21190.5     15.0     35.5     -4.6      7.3
     16.0     77.4     -4.4     35.0  12899.0  13487.3
      -2.3      62.8      -4.7      41.9
      -2.7       6.9       -.3      10.0
      -2.6       5.0       -.1       6.9
      -2.7       5.0       -.1       5.8
 82724  -.323582  -.121343  -.938387
  27048.6  21013.2     15.0     28.0     -4.4      7.3
     16.0     68.4     -4.4     35.0  12990.3  13433.2
      -6.0      55.9      -3.6      45.9
      -3.2       8.6        .0      10.1
      -3.1       5.6        .1       6.9
      -3.4       5.0        .0       5.8
 82725  -.316664  -.237498  -.918324
  27433.8  21313.1     14.8     20.8     -4.6      7.4
     15.6     59.0     -4.5     34.9  12892.7  13724.1
      -7.2      50.2      -2.7      38.4
      -3.5      12.4        .0       9.9
      -3.5       8.3        .2       6.7
      -3.7       6.9        .1       5.9
 82726  -.306058  -.344315  -.887567
  28310.0  21193.8     14.3     15.4     -4.3      7.3
     15.7     49.4     -4.2     34.8  13523.2  14052.7
      -7.9      47.2      -1.2      42.0
      -3.9      16.6       -.3      10.1
      -3.7      10.8        .1       6.6
      -3.8       9.0        .1       6.0
 82727  -.292854  -.439281  -.849276
  29450.1  19451.6     11.5     14.1     -4.4      7.3
     15.9     40.2     -4.0     34.7  13804.8  14276.0
      -8.7      51.6      -1.7      40.4
      -4.1      20.8        .2       9.7
      -4.3      13.7        .1       6.7
      -4.2      11.2        .1       6.0
 82728  -.278147  -.521525  -.806626
  31017.0  18068.7     11.5     21.0     -4.3      7.1
     16.2     30.3     -4.2     34.5  14911.1  15615.4
     -11.4      57.8       -.4      41.2
      -5.9      26.7       -.1      10.2
      -5.1      17.4        .1       6.6
      -5.1      14.2        .3       6.0
 82729  -.262862  -.591440  -.762300
  32760.8  17192.8     16.0     43.3     -4.1      6.7
     15.9     20.7     -4.1     34.4  15736.6  16473.1
     -12.4      60.5        .2      47.6
      -6.1      29.2        .1      10.4
      -5.3      19.2        .2       6.4
      -5.6      16.3        .2       5.9
 82730  -.233063  -.699189  -.675882
  36667.6  15311.3     16.0     43.3     -4.1      6.3
     16.3      7.4     -3.9     33.9  18322.9  19084.9
     -11.7      54.9        .5      47.0
      -4.8      27.5        .0      10.2
      -4.8      20.3        .3       6.4
      -5.3      19.3        .2       5.5
 82731  -.206405  -.774019  -.598575
  41684.0  14215.0     16.0     43.3     -3.8      6.0
     16.0     86.6     -3.8     33.6  20495.0  21474.5
     -11.9      54.5       1.0      51.6
      -4.0      25.1        .3      10.7
      -3.7      20.0        .4       6.0
      -4.3      21.4        .4       5.3
 82732  -.183618  -.826279  -.532491
  46512.5  13539.5     16.0     43.3     -3.7      5.5
     16.0     86.6     -3.6     33.3  24535.2  25414.9
     -13.7      53.1       3.8      55.0
      -3.1      24.1        .3      11.6
      -3.1      18.9        .4       5.8
      -3.7      19.3        .4       5.1
 82733  -.164460  -.863416  -.476934
  52008.0  13049.3     16.0     43.3     -3.6      5.1
     16.0     86.6     -3.6     33.1  27988.8  29355.0
      -9.8      51.3       1.3      56.5
      -3.6      26.5        .5      13.2
      -3.2      22.3        .4       5.5
      -3.4      23.7        .5       4.7
 82734  -.148397  -.890380  -.430350
  57499.0  12770.7     16.0     43.3     -3.5      4.7
     16.0     86.6     -3.4     32.8  31777.5  32833.2
     -12.2      54.7       3.6      59.3
      -3.3      24.5        .3      13.5
      -2.9      20.2        .4       5.4
      -3.3      20.3        .5       4.5
 82735  -.134874  -.910397  -.391134
  63383.6  12665.7     16.0     43.3     -3.6      4.5
     16.0     86.6     -3.3     32.7  34982.6  36199.3
     -13.1      52.1       3.1      64.1
      -2.9      26.9        .7      13.4
      -3.0      22.1        .5       5.2
      -3.5      22.3        .5       4.3
 82736  -.123410  -.925573  -.357888
  69335.7  12543.3     16.0     43.3     -3.5      4.2
     16.0     86.6     -3.4     32.4  39949.3  40823.6
     -12.7      52.3       4.0      68.9
      -3.3      25.3        .5      15.3
      -2.4      20.8        .6       5.4
      -2.9      21.0        .5       4.2
 82737  -.113613  -.937303  -.329476
  75432.1  12444.5     16.0     43.3     -3.5      4.0
     16.0     86.6     -3.5     32.4  44007.3  45433.1
     -12.0      53.2       5.2      67.9
      -3.4      27.4        .9      15.2
      -2.8      23.5        .6       5.2
      -2.8      25.1        .5       4.0
 82738  -.105170  -.946530  -.304993
  81321.5  12302.3     16.0     43.3     -3.4      3.8
     16.0     86.6     -3.2     32.0  47602.5  48864.5
     -13.2      51.6       6.9      77.7
      -3.1      25.1        .9      17.5
      -2.5      21.3        .6       5.1
      -2.7      21.2        .5       3.9
 82739   .863216  -.064741  -.500666
  49855.1   8973.6     15.8     25.3     -4.9     28.9
     16.5     66.7     -4.9     57.7  27542.4  28375.1
       2.7      67.7       8.1      38.9
      -2.8      11.2       2.3      21.3
      -2.4       5.0       2.1      16.0
      -2.5       5.0       2.4      14.9
 82740   .838516  -.069876  -.540377
  45899.6   9132.7     15.4     25.5     -4.9     28.9
     16.3     67.0     -4.9     57.7  25174.3  26008.6
      -1.1      62.3       6.7      37.1
      -2.8      10.3       2.7      20.2
      -2.6       5.0       2.4      15.4
      -2.5       5.0       2.5      13.9
 82741   .807288  -.075683  -.585284
  42345.0   9493.2     15.6     25.6     -4.9     28.9
     16.4     67.0     -4.9     57.7  22538.8  23664.0
        .4      59.0       7.8      37.6
      -2.6       9.6       2.8      20.8
      -2.5       5.0       2.6      15.2
      -2.6       5.0       2.5      14.3
 82742   .767414  -.082223  -.635858
  39228.7  10049.6     15.5     26.3     -4.9     28.9
     16.3     67.5     -4.9     57.7  20632.7  21431.1
       2.2      59.4       8.0      39.9
      -2.8      10.2       2.9      20.4
      -2.5       5.0       2.5      14.8
      -2.7       5.0       2.9      13.2
 82743   .716102  -.089513  -.692232
  35954.3  10557.7     15.4     26.4     -4.9     28.9
     16.2     67.7     -4.9     57.7  18621.6  19186.7
       3.6      61.2       7.9      39.0
      -2.6       8.9       3.6      19.3
      -2.8       5.0       2.7      14.3
      -2.8       5.0       3.2      13.3
 82744   .649830  -.097475  -.753803
  33187.8  11552.8     15.7     27.0     -4.9     28.9
     16.3     67.7     -4.9     57.7  17052.5  17694.6
        .4      56.0       6.3      42.9
      -2.6       9.2       3.2      19.4
      -2.8       5.2       3.1      13.6
      -2.9       5.0       3.3      12.5
 82745   .564543  -.105852  -.818588
  30657.1  13166.2     14.7     27.3     -4.9     28.9
     15.7     68.0     -4.8      7.1  15087.0  15675.0
      -1.6      57.5       7.5      40.1
      -2.9       9.0       3.6      17.5
      -3.1       5.3       3.2      12.0
      -2.9       5.0       3.4      11.5
 82746   .456422  -.114106  -.882416
  28523.3  15841.4     14.8     27.6     -4.9     28.9
     15.8     68.3     -4.8     17.9  13571.4  14191.5
      -2.1      56.0       6.5      40.9
      -3.1       8.6       3.5      17.2
      -2.9       5.5       3.4      11.5
      -3.1       5.0       3.6      10.3
 82747   .323582  -.121343  -.938387
  26934.7  19708.2     14.6     28.0     -3.4      6.1
     15.7     68.3     -4.8     30.3  12587.6  13216.3
      -1.3      55.3       5.8      39.0
      -3.1       8.9       2.8      12.2
      -3.0       5.7       2.5       8.3
      -3.2       5.0       2.8       7.4
 82748   .168544  -.126408  -.977555
  25931.8  21548.9     14.3     28.3     -4.7     14.3
     15.7     68.5     -4.8     42.7  12079.5  12621.4
      -2.5      52.0       5.5      45.7
      -3.3       8.7       2.0       7.7
      -3.2       5.9       2.2       5.0
      -3.2       5.0       2.2       4.6
 82749   .000000  -.128243  -.991743
  25823.6  21270.0     14.5     28.5     -4.9     25.3
     15.4     68.5     -4.9     54.0  11755.0  12306.8
      -4.7      49.9       5.6      66.9
      -3.1       8.7        .5       8.2
      -3.3       5.9        .7       3.0
      -3.3       5.0        .8       3.0
 82750  -.085184  -.127776  -.988138
  25795.3  21310.2     14.6     28.3     -3.3     24.2
     15.6     68.5     -3.3     52.8  11814.1  12389.2
      -5.3      51.8       3.2      62.8
      -2.9       8.8       1.1       7.9
      -3.1       5.9        .9       3.0
      -3.3       5.0        .9       3.0
 82751  -.168544  -.126408  -.977555
  26044.1  21610.2     14.7     28.2     -4.1     18.6
     15.6     68.4     -4.1     47.4  12063.4  12623.6
      -2.6      52.5       -.4      50.6
      -3.0       8.5        .6       5.6
      -3.0       5.8        .5       3.5
      -3.2       5.0        .6       3.0
 82752  -.248443  -.124222  -.960648
  26451.1  21637.4     15.1     28.1     -4.3     12.8
     16.1     68.4     -4.2     41.2  12593.7  13016.2
      -5.7      48.2        .3      43.5
      -3.3       9.1        .1       7.7
      -3.0       5.7        .4       5.0
      -3.2       5.0        .3       4.5
 82753  -.323582  -.121343  -.938387
  26950.1  21050.7     14.7     28.0     -4.6      7.4
     15.7     68.3     -4.4     35.0  12755.2  13396.2
      -3.0      53.2      -3.0      39.7
      -3.3       8.7       -.1       9.9
      -3.1       5.6        .0       6.6
      -3.2       5.0        .0       5.8
 82754  -.393068  -.117920  -.911917
  27710.9  19144.6     14.8     27.9     -5.4      6.6
     15.8     68.4     -4.6     28.8  13191.3  13904.6
      -7.1      52.2      -2.9      40.8
      -3.2       9.1       -.4      12.8
      -3.0       5.5       -.3       8.4
      -3.2       5.0       -.2       7.1
 82755  -.456422  -.114106  -.882416
  28684.8  16927.4     15.3     27.7    -32.3    108.6
     16.2     68.2     -4.4     22.5  13652.4  14183.5
      -6.3      53.4      -3.8      39.9
      -3.3       8.6      -1.1      15.4
      -2.8       5.6       -.4      10.4
      -3.1       5.0       -.6       8.7
 82756  -.513527  -.110042  -.850988
  29496.8  14961.8     15.1     27.5     -4.9     28.9
     15.9     68.2     -4.3     16.3  14375.4  14922.9
      -8.1      55.8      -4.3      41.7
      -2.6       8.6       -.7      17.1
      -3.0       5.4       -.8      11.3
      -3.0       5.0       -.7       9.9
 82757  -.564543  -.105852  -.818588
  30631.6  13672.9     15.2     27.2     -4.9     28.9
     16.1     68.1     -4.5     10.3  15085.5  15628.4
      -7.5      58.1      -5.9      41.3
      -3.2       9.1      -1.1      17.4
      -2.8       5.3       -.8      11.8
      -3.0       5.0      -1.1      10.4
 82758  -.649830  -.097475  -.753803
  33134.0  11927.4     15.5     26.8     -4.9     28.9
     16.2     67.9     -5.5      5.5  16739.4  17350.5
      -6.4      57.3      -5.1      40.0
      -2.8       9.1      -1.3      17.8
      -2.9       5.3      -1.0      12.1
      -2.9       5.0      -1.1      10.8
 82759  -.716102  -.089513  -.692232
  35917.6  10811.8     15.6     26.4     -4.9     28.9
     16.6     67.5     -4.9     57.7  18782.6  19302.5
      -7.8      58.0      -5.6      41.1
      -3.0       8.7      -1.6      19.2
      -2.8       5.1      -1.2      13.9
      -2.9       5.0      -1.2      12.2
 82760  -.767414  -.082223  -.635858
  38994.4  10082.5     15.7     26.2     -4.9     28.9
     16.4     67.4     -4.9     57.7  20621.6  21456.6
      -4.7      59.0      -6.6      41.0
      -2.8       9.7      -1.0      18.9
      -2.8       5.2       -.9      13.2
      -2.7       5.0       -.9      12.1
 82761  -.807288  -.075683  -.585284
  42364.9   9626.0     16.1     25.8     -4.9     28.9
     16.7     67.3     -4.9     57.7  22780.7  23610.5
     -10.3      58.6      -6.2      40.0
      -2.6      10.5      -1.1      20.7
      -2.5       5.0      -1.0      15.1
      -2.7       5.0      -1.0      13.4
 82762  -.838516  -.069876  -.540377
  45964.8   9226.2     16.0     25.5     -4.9     28.9
     16.6     66.9     -4.9     57.7  24965.7  25812.4
      -8.6      59.7      -6.6      38.5
      -2.7      10.6      -1.1      19.1
      -2.6       5.0      -1.0      14.5
      -2.6       5.0      -1.2      12.9
 82763  -.863216  -.064741  -.500666
  49398.0   8987.3     16.2     25.3     -4.9     28.9
     16.6     66.7     -4.9     57.7  27677.5  28233.6
      -9.5      60.2      -6.1      40.0
      -2.7      11.1      -1.0      21.0
      -2.4       5.0       -.9      15.9
      -2.5       5.0      -1.1      14.1
 82764  -.882965  -.060202  -.465563
  53193.8   8791.8     16.2     25.0     -4.9     28.9
     16.8     66.7     -4.9     57.7  29680.4  30405.2
     -13.1      63.6      -7.3      37.9
      -2.9      12.5      -1.3      19.4
      -2.4       5.0      -1.0      14.5
      -2.5       5.0       -.9      13.4
 82765  -.898927  -.056183  -.434481
  57164.4   8725.4     16.4     25.0     -4.9     28.9
     16.8     66.4     -4.9     57.7  32710.0  33640.2
      -9.1      65.3      -6.2      37.9
      -2.5      12.7      -1.3      21.4
      -2.4       5.0      -1.0      16.3
      -2.5       5.0      -1.3      14.6
 82766  -.911966  -.052613  -.406877
  60878.0   8565.9     15.9     24.5     -4.9     28.9
     16.5     66.4     -4.9     57.7  35366.3  36348.0
      -8.2      65.1      -7.0      34.9
      -2.8      13.4      -1.0      19.7
      -2.4       5.0      -1.1      15.4
      -2.5       5.0      -1.0      14.0
 82767  -.922727  -.049432  -.382272
  64708.1   8535.2     16.4     24.5     -4.9     28.9
     16.8     66.3     -4.9     57.7  37888.1  38933.4
      -9.4      72.4      -8.4      39.0
      -2.5      13.9      -1.5      21.7
      -2.3       5.0      -1.5      16.6
      -2.4       5.0      -1.4      14.9
 82768   .806111  -.362750  -.467544
  53097.9   9809.1     16.0     43.3     -4.9     28.9
     16.9     17.3     -4.9     57.7  29275.2  30350.1
      -3.2      60.7       8.2      39.4
      -4.0      25.4       2.5      21.3
      -4.1      16.3       2.2      16.4
      -4.0      13.6       2.5      16.2
 82769   .774912  -.387456  -.499388
  49735.2  10148.7     16.0     43.3     -4.9     28.9
     16.5     17.7     -4.9     57.7  27324.2  28101.2
      -6.3      59.3       9.8      39.3
      -4.6      26.1       2.7      21.3
      -4.1      16.6       2.1      16.0
      -3.6      13.9       2.1      15.3
 82770   .736803  -.414452  -.534182
  46498.5  10693.6     16.0     43.3     -4.9     28.9
     16.8     18.2     -4.9     57.7  24850.3  25722.9
      -9.0      63.6       9.3      41.2
      -4.2      26.8       2.4      20.8
      -4.4      17.0       2.4      15.7
      -4.3      14.2       2.7      15.4
 82771   .690099  -.443635  -.571796
  43353.0  11432.9     16.0     43.3     -4.9     28.9
     16.5     18.6     -4.9     57.7  22471.3  23636.0
      -6.9      59.6       9.6      43.1
      -4.8      26.8       2.9      20.4
      -4.7      17.3       2.7      15.1
      -4.4      14.6       2.7      14.6
 82772   .632842  -.474632  -.611748
  40569.8  12417.7     16.0     43.3     -4.9     28.9
     16.5     19.1     -4.9     57.7  20852.6  21655.5
      -8.4      59.1       9.3      42.9
      -4.8      27.7       2.9      19.7
      -4.3      17.9       2.3      14.5
      -4.6      14.9       2.9      13.8
 82773   .562936  -.506642  -.653006
  37993.4  13838.2     16.0     43.3     -4.9     28.9
     16.5     19.7     -4.9     57.7  19001.9  19944.1
      -7.5      59.5       9.0      44.5
      -5.1      27.7       3.4      19.3
      -4.9      18.2       3.1      13.6
      -4.8      15.6       3.1      12.9
 82774   .478468  -.538276  -.693778
  35738.7  14914.4     16.0     43.3     -4.9     28.9
     16.4     19.8     -5.3      6.5  18313.0  18826.4
      -7.0      59.8       7.1      43.5
      -5.8      28.1       3.2      17.0
      -5.2      18.3       2.9      11.8
      -5.2      15.7       3.0      11.2
 82775   .378295  -.567442  -.731370
  34056.6  16416.8     16.0     43.3     -4.9     28.9
     16.3     20.4     -5.2     17.0  16811.8  17458.9
      -9.7      60.4       8.0      43.1
      -6.0      28.3       3.5      16.6
      -5.3      19.0       3.0      11.0
      -5.2      16.2       3.1      10.2
 82776   .262862  -.591440  -.762300
  32765.7  16176.6     16.0     43.3     -3.8      7.5
     16.3     20.8     -5.1     29.5  15579.1  16340.3
     -10.8      61.5       6.4      43.0
      -5.7      29.5       2.6      12.4
      -5.5      19.6       2.4       8.1
      -5.3      16.2       2.5       7.2
 82777   .134975  -.607388  -.782855
  31946.7  16188.5     16.0     43.3     -4.7     14.2
     15.6     20.8     -5.0     42.0  15430.0  15992.4
      -8.6      58.8       5.1      53.8
      -6.3      29.3       2.0       8.2
      -6.2      19.8       2.0       4.9
      -5.9      16.7       2.1       4.3
 82778   .000000  -.612997  -.790085
  31595.8  16174.0     16.0     43.3     -5.4     24.6
     16.0     20.8     -5.4     53.2  15245.7  15724.8
     -12.7      59.1       5.6      66.7
      -6.4      29.0        .3      11.6
      -5.8      19.6        .6       3.3
      -5.6      16.5        .8       3.0
 82779  -.067953  -.611580  -.788259
  31719.2  16278.8     16.0     43.3     -3.4     23.6
     16.2     20.7     -3.3     52.3  15250.9  15736.4
     -11.0      58.9       3.7      69.7
      -6.2      29.1       1.0      10.5
      -5.7      19.7       1.1       3.0
      -5.8      17.1       1.0       3.0
 82780  -.134975  -.607388  -.782855
  31820.6  16533.7     16.0     43.3     -4.0     17.9
     15.9     20.8     -3.8     46.7  15428.5  16109.5
     -12.8      58.5        .5      56.1
      -6.2      29.1        .6       6.3
      -5.8      19.2        .7       3.2
      -5.8      16.5        .7       3.0
 82781  -.200196  -.600588  -.774091
  32438.2  16813.0     16.0     43.3     -3.9     12.1
     16.3     20.7     -3.9     40.6  15622.4  16361.8
     -10.8      59.9       1.2      50.1
      -5.7      29.5        .5       8.5
      -5.7      19.7        .4       4.8
      -5.8      16.4        .4       4.5
 82782  -.262862  -.591440  -.762300
  32649.8  17076.5     16.0     43.3     -4.1      6.9
     16.1     20.5     -4.0     34.4  15898.7  16650.3
     -11.7      58.0       -.8      42.9
      -6.2      29.1        .1      10.0
      -5.4      19.1        .1       6.5
      -5.7      16.3        .2       5.9
 82783  -.322373  -.580271  -.747905
  33324.1  16985.9     16.0     43.3     -3.8      7.9
     16.0     20.6     -4.3     28.1  16409.3  16944.3
     -10.5      58.9      -1.7      42.3
      -6.1      28.7       -.5      12.5
      -5.6      19.3        .1       8.3
      -5.5      16.2        .0       7.3
 82784  -.378295  -.567442  -.731370
  33937.5  16333.2     16.0     43.3     -9.9     10.6
     16.3     20.5     -4.2     21.8  16906.0  17616.3
     -13.5      58.2      -1.2      43.1
      -6.2      28.3       -.8      14.9
      -5.5      18.6       -.3       9.9
      -5.5      16.1       -.3       8.9
 82785  -.430364  -.553325  -.713175
  34911.9  15384.8     16.0     43.3     -4.9     28.9
     16.3     20.0     -4.2     15.3  17247.6  17848.6
     -10.8      61.3      -2.3      43.5
      -5.6      29.1       -.9      16.9
      -5.0      18.8       -.4      11.0
      -5.2      15.8       -.5       9.8
 82786  -.478468  -.538276  -.693778
  35814.5  14956.5     16.0     43.3     -4.9     28.9
     16.2     20.0     -4.0      9.4  17930.2  18577.8
      -9.9      58.9      -2.9      44.1
      -6.0      28.2       -.9      17.0
      -5.2      18.3       -.7      11.4
      -4.9      15.7       -.6      10.6
 82787  -.562936  -.506642  -.653006
  38155.0  13273.5     16.0     43.3     -4.9     28.9
     16.7     19.5     -4.9     57.7  19477.4  20394.2
     -10.0      59.5      -3.3      43.6
      -5.2      28.1      -1.0      18.1
      -5.0      18.3       -.8      12.5
      -4.8      15.3       -.7      11.3
 82788  -.632842  -.474632  -.611748
  40641.8  11862.8     16.0     43.3     -4.9     28.9
     16.4     19.1     -4.9     57.7  21153.3  21877.8
     -11.1      56.4      -5.5      41.4
      -5.1      27.5      -1.2      19.5
      -4.7      17.8       -.8      13.7
      -4.4      15.0       -.6      12.7
 82789  -.690099  -.443635  -.571796
  43430.3  10940.6     16.0     43.3     -4.9     28.9
     16.2     18.6     -4.9     57.7  23123.6  23876.1
     -12.2      60.2      -4.9      41.1
      -4.6      26.9       -.8      19.3
      -4.4      17.1       -.9      13.8
      -4.6      14.6      -1.1      13.1
 82790  -.736803  -.414452  -.534182
  46369.0  10331.9     16.0     43.3     -4.9     28.9
     16.5     18.4     -4.9     57.7  25166.8  26101.2
     -12.2      57.1      -5.5      41.6
      -5.3      26.5      -1.4      20.5
      -3.9      16.9       -.6      15.1
      -4.3      14.3      -1.1      14.0
 82791  -.774912  -.387456  -.499388
  49632.6   9941.5     16.0     43.3     -4.9     28.9
     16.7     17.9     -4.9     57.7  27093.6  28004.9
     -10.1      60.8      -4.6      40.7
      -4.9      26.1      -1.0      19.3
      -3.9      16.7       -.5      14.7
      -4.2      14.0       -.6      13.7
 82792  -.806111  -.362750  -.467544
  52914.6   9533.1     16.0     43.3     -4.9     28.9
     16.4     17.5     -4.9     57.7  29297.9  30116.7
     -13.4      59.8      -6.1      41.5
      -4.6      25.8      -1.3      21.3
      -4.0      16.0       -.8      15.5
      -4.0      13.5       -.9      14.8
 82793  -.831783  -.340275  -.438577
  56458.9   9242.2     16.0     43.3     -4.9     28.9
     16.8     17.1     -4.9     57.7  31799.2  32524.5
     -13.4      59.3      -7.0      40.6
      -4.5      25.4      -1.1      20.2
      -4.0      16.1       -.7      15.4
      -3.9      13.5       -.7      14.7
 82794  -.853040  -.319890  -.412303
  59859.2   9067.3     16.0     43.3     -4.9     28.9
     16.9     16.9     -4.9     57.7  34087.6  35083.6
     -11.8      58.6      -4.6      40.1
      -4.5      25.1      -1.4      21.4
      -4.1      15.8      -1.1      16.7
      -4.0      13.1      -1.2      15.6
 82795  -.870759  -.301417  -.388493
  63638.0   9004.5     16.0     43.3     -4.9     28.9
     16.5     16.6     -4.9     57.7  36285.0  37342.4
     -10.7      62.3      -7.7      37.8
      -4.0      24.8       -.9      20.3
      -3.4      15.6       -.8      15.8
      -3.6      12.9       -.8      14.9
 82796  -.885633  -.284668  -.366905
  67538.5   8841.2     16.0     43.3     -4.9     28.9
     16.6     16.0     -4.9     57.7  39285.6  40088.6
     -11.6      63.9      -5.9      36.6
      -4.5      24.2      -1.4      21.7
      -3.7      15.4       -.7      16.9
      -3.8      12.6      -1.3      15.7
 82797   .467453  -.841416  -.271123
  91649.2  13221.1     16.0     43.3     -4.9     28.9
     16.0     86.6     -4.9     57.7  54229.4  55726.3
     -11.6      57.3      10.9      47.0
      -2.2      24.7       2.1      18.7
      -2.1      19.6       1.7      12.8
      -2.2      19.4       1.8      12.1
 82798   .429723  -.859446  -.276932
  89513.1  13131.8     16.0     43.3     -4.9     28.9
     16.0     86.6     -4.9     57.7  53067.8  54292.6
      -6.5      52.7       9.6      46.1
      -2.3      24.7       2.2      18.6
      -2.1      19.9       1.8      13.1
      -2.0      19.7       1.9      11.8
 82799   .389600  -.876600  -.282460
  87886.5  12890.3     16.0     43.3     -4.9     28.9
     16.0     86.6     -4.9     57.7  51790.5  53312.1
      -9.9      53.2      11.8      49.7
      -2.6      25.0       2.3      18.1
      -1.9      20.2       1.7      11.7
      -2.5      19.9       1.9      10.7
 82800   .347131  -.892622  -.287623
  86066.3  12630.5     16.0     43.3     -4.9     28.9
     16.0     86.6     -4.9     57.7  51381.7  52555.8
     -12.9      54.9      11.7      51.4
      -2.4      25.4       2.8      18.2
      -2.4      20.6       2.2      11.8
      -2.5      20.1       2.3      10.4
 82801   .302414  -.907242  -.292333
  84852.3  12620.3     16.0     43.3     -4.9     28.9
     16.0     86.6     -4.9     57.7  49692.8  51108.6
     -12.4      55.3      13.3      58.5
      -2.8      25.0       2.5      17.5
      -2.6      20.4       1.9      10.3
      -3.1      20.2       2.1       9.1
 82802   .255608  -.920190  -.296506
  83560.9  12363.7     16.0     43.3     -4.9     28.9
     16.0     86.6     -4.9     57.7  49117.8  50570.9
      -9.2      54.1      13.6      58.3
      -3.0      25.5       2.7      18.1
      -2.8      21.0       2.5      10.3
      -2.7      21.0       2.2       8.8
 82803   .206935  -.931206  -.300055
  82455.0  12355.4     16.0     43.3     -4.9     28.9
     16.0     86.6     -6.1      3.5  48841.5  50089.9
     -11.7      53.0       9.5      60.7
      -2.6      25.4       2.4      16.9
      -2.3      21.0       1.9       8.5
      -2.8      20.8       2.0       7.1
 82804   .156676  -.940054  -.302906
  81820.5  12231.5     16.0     43.3     -4.9     28.9
     16.0     86.6     -5.9     13.5  47561.7  48943.2
     -11.5      52.3      10.5      65.6
      -3.0      26.1       2.7      17.7
      -2.5      21.4       2.2       8.1
      -3.0      21.3       2.3       6.6
 82805   .105170  -.946530  -.304993
  81142.2  12175.1     16.0     43.3     -5.1      3.3
     16.0     86.6     -6.1     26.8  46855.2  48183.3
      -8.5      49.2       6.7      65.9
      -3.3      25.3       2.6      17.2
      -2.6      21.3       2.1       6.9
      -2.9      21.0       2.1       4.9
 82806   .052804  -.950480  -.306266
  80894.6  12257.5     16.0     43.3     -6.2     11.9
     16.0     86.6     -6.1     40.1  47483.1  48849.1
     -10.0      51.2      12.2      84.8
      -3.3      24.8       2.2      20.6
      -2.6      21.1       1.5       4.9
      -2.8      21.1       1.6       3.0
 82807   .000000  -.951808  -.306694
  81043.4  12256.7     16.0     43.3     -5.8     23.6
     16.0     86.6     -5.9     52.1  47180.4  48521.6
     -12.7      53.7      10.5      99.4
      -3.2      25.9       2.0      40.8
      -2.9      21.5        .0       7.3
      -3.3      21.1        .3       3.8
 82808  -.026430  -.951476  -.306587
  81067.6  12300.9     16.0     43.3     -2.6     22.6
     16.0     86.6     -2.4     51.1  46790.5  48141.9
     -11.9      53.3       8.9      95.9
      -3.0      25.2       3.1      38.4
      -3.0      21.1       1.8       9.6
      -3.0      21.3       1.3       3.0
 82809  -.052804  -.950480  -.306266
  80980.7  12258.3     16.0     43.3     -2.8     16.5
     16.0     86.6     -2.7     45.1  47335.7  48606.8
     -12.9      52.0       6.9      83.1
      -3.5      25.8       1.3      26.1
      -2.8      21.4        .8       5.8
      -2.8      21.3        .9       3.0
 82810  -.079069  -.948828  -.305734
  81152.0  12262.4     16.0     43.3     -3.2     10.1
     16.0     86.6     -2.8     38.6  47739.1  49166.5
     -10.1      50.4       6.0      80.7
      -3.4      25.4        .6      19.9
      -2.7      21.3        .8       4.1
      -2.9      21.1        .7       3.0
 82811  -.105170  -.946530  -.304993
  81378.6  12284.3     16.0     43.3     -3.4      3.9
     16.0     86.6     -3.1     32.1  47013.4  48747.4
     -13.7      52.8       3.9      73.9
      -3.3      25.8        .8      17.9
      -2.2      21.8        .6       5.0
      -2.7      21.3        .5       3.8
 82812  -.131055  -.943599  -.304049
  81658.5  12503.7     16.0     43.3     -4.9     28.9
     16.0     86.6     -3.2     25.4  47817.3  49187.5
     -12.1      52.9       5.9      72.3
      -3.0      25.4        .7      17.4
      -2.5      21.2        .5       6.6
      -3.1      21.0        .4       5.0
 82813  -.156676  -.940054  -.302906
  82032.0  12476.3     16.0     43.3     -4.9     28.9
     16.0     86.6     -3.6     18.7  47682.8  49185.0
     -14.7      56.1       2.7      71.3
      -2.7      25.7        .5      17.9
      -2.7      21.1        .2       7.3
      -2.8      21.3        .3       6.0
 82814  -.181983  -.935915  -.301572
  82211.3  12569.5     16.0     43.3     -4.9     28.9
     16.0     86.6     -3.6     12.0  47766.5  49796.7
     -11.9      48.8       1.4      64.1
      -3.3      25.8        .0      16.7
      -2.3      21.1        .1       8.0
      -2.7      21.0        .1       6.5
 82815  -.206935  -.931206  -.300055
  82617.5  12606.9     16.0     43.3     -4.9     28.9
     16.0     86.6     -3.7      5.7  48461.7  50095.8
     -11.2      50.7       4.4      65.2
      -2.9      25.6        .0      16.9
      -2.4      20.9        .1       8.1
      -2.3      21.0        .1       6.8
 82816  -.255608  -.920190  -.296506
  83604.1  12908.4     16.0     43.3     -4.9     28.9
     16.0     86.6     -4.9     57.7  48880.7  50627.4
     -11.0      49.1       1.7      56.9
      -2.7      25.3        .0      17.8
      -2.2      21.0       -.2       9.6
      -2.6      20.7       -.3       7.9
 82817  -.302414  -.907242  -.292333
  85125.3  13222.9     16.0     43.3     -4.9     28.9
     16.0     86.6     -4.9     57.7  49582.3  50980.7
     -13.0      54.3        .6      56.7
      -2.6      25.2       -.3      17.6
      -1.8      20.5       -.4      10.3
      -2.3      20.4       -.3       8.6
 82818  -.347131  -.892622  -.287623
  86259.3  13217.6     16.0     43.3     -4.9     28.9
     16.0     86.6     -4.9     57.7  50125.1  52244.6
     -14.0      55.2        .0      51.7
      -2.8      25.0       -.9      18.1
      -1.9      20.3       -.4      11.0
      -2.2      20.2       -.3       9.5
 82819  -.389600  -.876600  -.282460
  88033.9  13639.2     16.0     43.3     -4.9     28.9
     16.0     86.6     -4.9     57.7  52023.4  53480.0
     -11.8      53.0       1.0      51.1
      -2.3      24.3       -.5      17.7
      -2.0      20.2       -.2      11.7
      -2.6      19.9       -.8      10.5
 82820  -.429723  -.859446  -.276932
  89672.5  13596.6     16.0     43.3     -4.9     28.9
     16.0     86.6     -4.9     57.7  53727.7  54948.1
     -13.5      53.5      -3.0      52.1
      -2.3      24.6       -.6      18.2
      -1.9      19.9       -.4      12.1
      -2.4      19.7       -.5      11.0
 82821  -.467453  -.841416  -.271123
  91812.0  13569.8     16.0     43.3     -4.9     28.9
     16.0     86.6     -4.9     57.7  53873.4  55826.4
      -9.1      55.5       -.7      48.5
      -2.5      24.2      -1.0      19.8
      -1.6      20.0       -.5      13.0
      -2.4      18.9       -.7      11.7
 82822  -.502792  -.822750  -.265108
  93752.3  13350.6     16.0     43.3     -4.9     28.9
     16.0     86.6     -4.9     57.7  55692.8  57576.8
     -14.8      57.2      -4.1      45.8
      -2.0      24.3       -.7      18.5
      -2.1      19.4       -.7      13.0
      -2.0      19.0       -.5      12.1
 82823  -.535778  -.803668  -.258960
  95795.6  13273.6     16.0     43.3     -4.9     28.9
     16.0     86.6     -4.9     57.7  57387.3  59486.9
      -9.9      50.7       -.5      44.7
      -2.4      23.7      -1.1      19.1
      -2.1      19.1       -.9      13.9
      -1.6      18.3       -.6      12.7
 82824  -.566482  -.784360  -.252738
  98353.0  12844.3     16.0     43.3     -4.9     28.9
     16.0     86.6     -4.9     57.7  58534.2  60496.9
     -15.1      54.6      -1.3      41.9
      -2.1      24.3       -.8      19.3
      -1.8      18.6       -.7      13.8
      -1.9      18.3       -.7      13.0
 82825  -.594996  -.764995  -.246498
 100716.9  12500.0     16.0     43.3     -4.9     28.9
     16.0     86.6     -4.9     57.7  60723.8  62918.3
     -14.7      55.2      -2.2      42.1
      -2.3      23.9      -1.0      19.6
      -1.6      18.5       -.8      14.8
      -1.3      17.9       -.7      13.6
