CMSSW_100x25_phase2:FPix@-292V [mu=0],3.8T@90deg,263K,rhe=1.10,rhh=0.7 
2295 1 3.80 11 5 13 0 292.0000 263.0000 0.0000 1.0000 500.0000 0.0700 0.1100 100.1150 25.0000 150.0000 500.0000 0.0400 0.060000 1.5000 1.0000 0.8500 
99501 -0.000000 -0.000000 -1.000000 
 14060.1  11203.9     -0.1     27.7      0.0      6.1 
    -0.1     56.5      0.0     13.3   7750.0   7750.0 
     -0.6      46.7       1.4      22.8 
      0.2       4.3       0.0       3.7 
      0.1       2.0      -0.1       1.1 
     -0.0       2.0      -0.1       1.0 
99502 -0.000000 -0.066519 -0.997785 
 14088.4  11194.1      0.1     26.3      0.0      6.1 
     0.1     55.1      0.0     13.3   7750.0   7750.0 
     -2.7      39.7      -0.7      21.6 
     -0.2       4.6       0.0       3.5 
     -0.1       2.0      -0.1       1.1 
     -0.2       2.0      -0.1       1.0 
99503 -0.000000 -0.132164 -0.991228 
 14251.1  11327.1      0.2     24.1      0.0      6.1 
     0.1     52.9      0.0     13.3   7750.0   7750.0 
     -2.7      36.1       0.4      23.6 
     -0.2       3.7      -0.1       3.7 
     -0.2       2.0      -0.0       1.2 
     -0.1       2.0      -0.1       1.0 
99504 -0.000000 -0.196116 -0.980581 
 14288.3  11410.0     -0.0     22.0     -0.0      6.2 
    -0.1     50.7     -0.0     13.3   7750.0   7750.0 
     -2.2      32.6       1.3      22.8 
     -0.3       4.3      -0.0       3.4 
     -0.2       2.5      -0.0       1.4 
     -0.1       2.1      -0.1       1.0 
99505 -0.000000 -0.257663 -0.966235 
 14477.5  11595.4     -0.2     19.6      0.1      6.2 
    -0.2     48.3      0.1     13.4   7750.0   7750.0 
     -1.0      31.1       1.7      23.1 
     -0.3       5.1      -0.1       3.3 
     -0.2       3.3      -0.1       1.3 
     -0.1       2.8      -0.1       1.0 
99506 -0.000000 -0.316228 -0.948683 
 14841.2  11841.5      0.1     17.1      0.0      6.2 
     0.0     46.0      0.0     13.3   7750.0   7750.0 
     -5.5      33.6      -0.1      23.3 
     -0.5       6.6      -0.2       3.8 
     -0.1       4.3      -0.0       1.2 
     -0.1       3.5      -0.1       1.0 
99507 -0.000000 -0.371391 -0.928477 
 15112.0  12008.6     -0.1     15.0      0.0      6.2 
    -0.1     43.6      0.0     13.4   7750.0   7750.0 
     -4.2      30.8      -0.5      23.5 
     -0.2       7.4      -0.1       3.3 
     -0.1       5.1       0.0       1.3 
     -0.2       4.1      -0.0       1.0 
99508 -0.000000 -0.422885 -0.906183 
 15491.6  12119.3     -0.1     12.6     -0.1      6.2 
     0.0     41.4     -0.1     13.3   7750.0   7750.0 
     -2.8      28.5      -0.5      22.7 
     -0.2       8.3       0.1       3.4 
     -0.1       5.7      -0.0       1.1 
     -0.2       4.9      -0.0       1.0 
99509 -0.000000 -0.470588 -0.882353 
 15813.5  12035.6     -0.2     10.3     -0.1      6.2 
    -0.2     38.8     -0.1     13.3   7750.0   8000.0 
     -3.5      28.7      -1.6      24.2 
     -0.2       9.5       0.0       3.5 
     -0.2       6.7      -0.0       1.1 
     -0.2       5.4      -0.1       1.0 
99510 -0.000000 -0.514496 -0.857493 
 16194.6  12013.9     -0.2      8.1      0.0      6.2 
    -0.2     36.5      0.0     13.3   8000.0   8000.0 
     -3.5      32.5       0.7      24.3 
     -0.3      10.6      -0.1       3.7 
     -0.1       7.3      -0.0       1.2 
     -0.2       5.9      -0.1       1.0 
99511 -0.000000 -0.554700 -0.832050 
 16775.6  11948.2     -0.2      6.0     -0.0      6.2 
    -0.1     34.0     -0.0     13.4   8250.0   9250.0 
     -2.8      29.6      -0.3      24.0 
     -0.2      11.2      -0.2       4.1 
     -0.0       8.5      -0.1       1.3 
     -0.3       6.7      -0.1       1.0 
99512 0.287348 -0.000000 -0.957826 
 14471.9   6560.6      0.2     27.9      0.1      7.2 
     0.1     56.7      0.0      4.2   6500.0   8000.0 
     -4.1      42.0       1.4      17.4 
      0.3       5.9      -0.0       4.1 
     -0.1       2.0      -0.0       3.1 
      0.0       2.0       0.0       2.9 
99513 0.242536 -0.000000 -0.970142 
 14248.4   7686.0     -0.1     28.0      0.1      7.2 
    -0.1     56.7      0.0      5.8   6500.0   8000.0 
     -2.8      44.4       0.7      17.1 
     -0.4       3.9      -0.0       3.9 
      0.0       2.0      -0.0       3.0 
     -0.0       2.0       0.0       2.8 
99514 0.196116 -0.000000 -0.980581 
 14136.5   9079.5      0.0     27.7      0.2      5.0 
     0.0     56.6     -0.0      7.5   6250.0   6500.0 
      0.3      41.8       0.8      16.8 
     -0.3       4.1      -0.0       3.4 
     -0.1       2.0      -0.0       2.5 
     -0.0       2.0      -0.0       2.2 
99515 0.148340 -0.000000 -0.988936 
 14027.5  10264.6     -0.2     27.8     -0.0      2.1 
    -0.2     56.6     -0.1      9.1   6500.0   7750.0 
     -0.3      41.4       0.8      17.6 
     -0.4       4.6       0.0       3.0 
     -0.1       2.0      -0.0       1.8 
     -0.1       2.0       0.0       1.5 
99516 0.099504 -0.000000 -0.995037 
 14107.5  11159.2     -0.2     27.7     -0.1      3.6 
    -0.2     56.5     -0.1     10.8   7750.0   7750.0 
     -1.0      49.3       0.8      19.9 
     -0.0       4.9       0.0       2.2 
      0.0       2.0       0.0       1.2 
     -0.0       2.0       0.0       1.0 
99517 0.049938 -0.000000 -0.998752 
 14128.8  11230.6      0.4     27.8     -0.2      5.2 
     0.4     56.6     -0.2     12.4   7750.0   7750.0 
      1.2      41.7      -0.2      21.0 
      0.1       5.2       0.1       2.4 
     -0.1       2.0      -0.0       1.0 
     -0.0       2.0       0.1       1.0 
99518 -0.000000 -0.000000 -1.000000 
 14116.0  11189.8      0.2     27.6      0.0      6.2 
     0.1     56.5      0.0     13.3   6500.0   7750.0 
     -5.3      46.3       0.5      23.3 
     -0.3       6.9       0.1       3.3 
      0.0       2.0      -0.1       1.2 
      0.0       2.0      -0.0       1.0 
99519 -0.049938 -0.000000 -0.998752 
 14090.0  11241.1      0.0     27.9      0.2      5.2 
     0.0     56.6      0.2     12.4   7750.0   7750.0 
      1.0      40.9       0.3      21.0 
     -0.3       4.4      -0.1       2.1 
      0.1       2.0      -0.1       1.0 
     -0.0       2.0      -0.2       1.0 
99520 -0.099504 -0.000000 -0.995037 
 14061.4  11099.0     -0.1     27.7      0.1      3.6 
    -0.1     56.5      0.1     10.8   6500.0   7750.0 
      4.0      44.5      -0.8      19.3 
     -0.3       3.9      -0.2       2.1 
     -0.1       2.0      -0.1       1.2 
     -0.1       2.0      -0.2       1.0 
99521 -0.148340 -0.000000 -0.988936 
 14065.5  10272.8     -0.2     27.8     -0.0      2.1 
    -0.1     56.6     -0.0      9.1   6500.0   7750.0 
      2.1      43.7      -0.9      17.7 
     -0.2       4.3      -0.1       3.0 
      0.1       2.0      -0.2       1.8 
     -0.1       2.0      -0.1       1.5 
99522 -0.196116 -0.000000 -0.980581 
 14150.2   9086.0     -0.2     27.9     -0.1      1.1 
    -0.2     56.6     -0.0      7.5   6500.0   6750.0 
      2.4      43.2      -0.5      17.9 
     -0.1       4.4      -0.1       3.5 
     -0.3       2.5      -0.1       2.4 
     -0.0       2.0      -0.2       2.2 
99523 -0.242536 -0.000000 -0.970142 
 14238.9   7699.6      0.1     27.9     10.5     37.9 
     0.1     56.6     -0.0      5.9   6500.0   6500.0 
      0.3      44.0      -0.6      17.6 
     -0.1       3.5      -0.2       3.9 
     -0.1       2.0      -0.1       2.9 
     -0.0       2.0      -0.1       2.8 
99524 -0.287348 -0.000000 -0.957826 
 14506.9   6544.8      0.0     27.8      0.1      7.2 
     0.1     56.6     -0.0      4.2   6500.0   8000.0 
      1.0      45.0      -1.0      17.2 
      0.8       7.1      -0.0       4.2 
     -0.0       2.0      -0.1       3.1 
     -0.1       2.0      -0.1       2.9 
99525 0.283755 -0.157642 -0.945850 
 14514.5   6601.5      0.1     23.0      0.1      7.2 
     0.1     51.8     -0.0      4.2   6500.0   8000.0 
     -2.0      36.8       1.2      16.7 
     -0.1       3.4       0.1       4.1 
     -0.2       2.1      -0.0       3.1 
     -0.1       2.0       0.1       2.9 
99526 0.239426 -0.159617 -0.957704 
 14412.5   7825.0     -0.2     23.0      0.0      3.0 
    -0.2     51.8      0.0      5.8   6500.0   6750.0 
     -1.6      36.5       0.8      16.4 
     -0.1       3.7       0.1       4.0 
     -0.2       2.1      -0.0       3.0 
     -0.1       2.0       0.0       2.8 
99527 0.193548 -0.161290 -0.967742 
 14392.4   9241.7      0.2     23.0      0.0      1.1 
     0.2     51.9     -0.0      7.4   6500.0   7750.0 
     -3.4      37.1       0.3      17.4 
     -0.2       4.2       0.1       3.5 
     -0.1       2.1       0.0       2.5 
     -0.1       2.0      -0.0       2.2 
99528 0.146366 -0.162629 -0.975771 
 14253.1  10383.7     -0.0     23.1     -0.0      2.1 
    -0.0     51.8     -0.0      9.1   6500.0   7750.0 
     -1.3      34.5       0.5      17.2 
     -0.3       3.3       0.0       2.7 
     -0.2       2.1       0.0       1.8 
     -0.1       2.0       0.0       1.5 
99529 0.098163 -0.163605 -0.981630 
 14257.9  11301.6      0.4     23.0     -0.1      3.6 
     0.3     51.8     -0.1     10.8   6500.0   7750.0 
     -1.5      31.5       1.2      19.1 
     -0.1       3.2       0.0       2.2 
     -0.1       2.1       0.0       1.2 
     -0.1       2.0       0.0       1.0 
99530 0.049260 -0.164199 -0.985196 
 14225.3  11340.7     -0.3     23.0     -0.2      5.3 
    -0.2     51.7     -0.2     12.4   6500.0   7750.0 
     -0.6      33.0       0.4      22.0 
     -0.3       3.9      -0.1       2.2 
     -0.1       2.1      -0.0       1.0 
     -0.2       2.0       0.0       1.0 
99531 -0.000000 -0.164399 -0.986394 
 14243.8  11321.5      0.0     23.0     -0.0      6.2 
    -0.0     51.8     -0.0     13.4   7750.0   7750.0 
     -3.9      36.0       0.0      23.5 
     -0.1       3.7      -0.1       3.6 
     -0.2       2.1      -0.0       1.1 
     -0.1       2.0      -0.0       1.0 
99532 -0.049260 -0.164199 -0.985196 
 14196.0  11325.9     -0.1     23.0      0.2      5.2 
    -0.1     51.8      0.2     12.4   7750.0   7750.0 
     -3.0      33.2       0.6      21.3 
     -0.1       3.8      -0.1       1.9 
     -0.1       2.0      -0.1       1.0 
     -0.1       2.0      -0.2       1.0 
99533 -0.098163 -0.163605 -0.981630 
 14227.5  11285.2      0.1     23.0      0.0      3.6 
     0.0     51.9      0.1     10.8   6500.0   7750.0 
     -3.8      36.0      -0.1      18.9 
     -0.1       3.3      -0.2       2.2 
     -0.2       2.1      -0.2       1.2 
     -0.2       2.0      -0.1       1.0 
99534 -0.146366 -0.162629 -0.975771 
 14186.8  10419.6      0.2     23.1      0.0      2.1 
     0.1     51.8      0.1      9.1   6500.0   7750.0 
     -3.2      35.8      -0.9      17.0 
     -0.3       2.9      -0.1       2.8 
     -0.1       2.1      -0.1       1.8 
     -0.1       2.0      -0.1       1.5 
99535 -0.193548 -0.161290 -0.967742 
 14268.6   9219.0     -0.2     23.0      0.0      1.2 
    -0.2     51.8      0.0      7.5   6500.0   7750.0 
     -1.2      31.8      -0.9      15.6 
     -0.0       3.6      -0.1       3.5 
     -0.0       2.1      -0.1       2.4 
     -0.2       2.0      -0.2       2.2 
99536 -0.239426 -0.159617 -0.957704 
 14453.9   7799.6     -0.1     23.0      0.1      7.2 
    -0.1     51.8      0.1      5.8   6500.0   8000.0 
     -1.8      35.2      -0.9      16.9 
     -0.2       3.1      -0.1       4.0 
     -0.2       2.1      -0.1       3.0 
     -0.1       2.0      -0.1       2.8 
99537 -0.283755 -0.157642 -0.945850 
 14603.6   6646.4     -0.1     23.0      0.1      7.2 
    -0.1     51.9     -0.0      4.2   6500.0   8000.0 
     -2.3      34.9      -0.7      17.3 
     -0.2       3.5      -0.3       4.1 
     -0.1       2.1      -0.1       3.0 
     -0.1       2.0      -0.1       2.9 
99538 0.273735 -0.304150 -0.912449 
 15070.5   6860.7      0.1     17.2      0.1      7.2 
    -0.1     46.1      0.0      4.1   8000.0   8000.0 
     -5.1      33.4       1.3      17.6 
     -0.2       6.1       0.1       4.0 
     -0.1       4.2       0.0       3.0 
     -0.1       3.7       0.1       2.9 
99539 0.230769 -0.307692 -0.923077 
 14950.6   8086.8     -0.3     17.4      0.1      7.2 
    -0.3     46.1      0.0      5.7   6750.0   8000.0 
     -2.3      29.1       0.0      16.7 
     -0.2       6.3       0.1       4.1 
     -0.1       4.1      -0.1       2.9 
     -0.2       3.7       0.1       2.8 
99540 0.186411 -0.310685 -0.932055 
 14870.9   9593.5      0.0     17.3     -0.0      1.2 
    -0.0     46.0     -0.0      7.4   6750.0   7750.0 
     -3.9      30.0       1.2      17.4 
      0.1       6.2      -0.0       3.3 
     -0.2       4.0       0.0       2.4 
     -0.1       3.6      -0.0       2.2 
99541 0.140883 -0.313074 -0.939221 
 14822.0  10788.3     -0.2     17.2     -0.0      2.1 
    -0.2     46.1     -0.1      9.1   7750.0   7750.0 
     -3.7      30.8       0.9      17.9 
     -0.3       6.1       0.0       2.7 
     -0.1       4.1       0.1       1.8 
     -0.1       3.7      -0.0       1.5 
99542 0.094444 -0.314814 -0.944443 
 14758.3  11666.7     -0.3     17.3     -0.1      3.8 
    -0.3     46.0     -0.1     10.8   7750.0   7750.0 
     -3.8      29.4       0.9      19.4 
     -0.2       6.3      -0.0       2.1 
      0.0       4.2      -0.0       1.2 
     -0.2       3.5       0.0       1.0 
99543 0.047381 -0.315873 -0.947618 
 14690.0  11811.3     -0.2     17.2     -0.2      5.2 
    -0.2     46.0     -0.2     12.4   7750.0   7750.0 
     -3.0      28.6      -0.6      21.1 
     -0.1       6.2       0.0       2.2 
     -0.1       4.1      -0.0       1.0 
     -0.2       3.5       0.0       1.0 
99544 -0.000000 -0.316228 -0.948683 
 14808.4  11829.2     -0.4     17.3     -0.0      6.2 
    -0.3     46.0     -0.0     13.3   7750.0   7750.0 
     -2.6      30.5      -0.2      23.5 
     -0.3       6.1       0.0       2.8 
     -0.1       4.4      -0.1       1.4 
     -0.2       3.5      -0.0       1.0 
99545 -0.047381 -0.315873 -0.947618 
 14796.2  11847.6     -0.3     17.3      0.2      5.2 
    -0.3     46.1      0.2     12.4   7750.0   7750.0 
     -3.3      30.9      -1.1      21.3 
     -0.4       6.4      -0.1       2.1 
      0.1       4.2      -0.1       1.0 
     -0.2       3.5      -0.2       1.0 
99546 -0.094444 -0.314814 -0.944443 
 14812.8  11685.1     -0.2     17.3      0.1      3.9 
    -0.3     46.0      0.1     10.8   7750.0   7750.0 
     -2.3      28.0      -1.2      19.3 
     -0.4       6.4      -0.2       2.1 
     -0.1       4.2      -0.1       1.2 
     -0.1       3.7      -0.1       1.0 
99547 -0.140883 -0.313074 -0.939221 
 14761.6  10801.6     -0.1     17.3      0.0      2.1 
    -0.2     46.2      0.1      9.1   7750.0   7750.0 
     -2.9      30.2      -0.7      17.1 
     -0.2       6.2      -0.2       2.8 
     -0.0       4.1      -0.1       1.8 
     -0.1       3.7      -0.1       1.5 
99548 -0.186411 -0.310685 -0.932055 
 14852.6   9607.2      0.1     17.3      0.0      1.1 
     0.0     46.0      0.1      7.4   6750.0   7750.0 
     -2.7      28.4      -1.2      17.7 
     -0.2       6.4      -0.2       3.4 
     -0.1       4.1      -0.1       2.4 
     -0.1       3.7      -0.1       2.2 
99549 -0.230769 -0.307692 -0.923077 
 14972.0   8094.5     -0.1     17.4      0.1      7.2 
    -0.1     46.1     -0.0      5.7   7750.0   8000.0 
     -3.9      31.2      -1.0      17.2 
     -0.2       6.2      -0.2       4.0 
     -0.3       4.1      -0.2       2.9 
     -0.1       3.8      -0.1       2.8 
99550 -0.273735 -0.304150 -0.912449 
 15138.3   6894.1     -0.1     17.5      0.1      7.2 
    -0.1     46.1      0.0      4.2   8000.0   8000.0 
     -2.3      30.6      -1.3      17.4 
     -0.2       6.2      -0.2       4.1 
      0.1       4.2      -0.0       3.0 
     -0.1       3.7      -0.1       2.9 
99551 0.259161 -0.431934 -0.863868 
 15915.7   7221.7     -0.1     11.5      0.1      7.2 
    -0.2     40.0     -0.0      4.0   8000.0   8000.0 
     -3.8      29.4       1.3      18.6 
     -0.1       8.8      -0.0       4.0 
     -0.3       6.4       0.1       3.0 
     -0.1       5.3       0.0       2.8 
99552 0.218218 -0.436436 -0.872872 
 15820.7   8568.6     -0.3     11.6      0.1      7.2 
    -0.3     39.9      0.0      5.6   8000.0   8000.0 
     -2.6      28.8       0.7      17.3 
     -0.3       9.0       0.1       4.0 
     -0.2       6.3      -0.0       3.0 
     -0.2       5.4       0.0       2.7 
99553 0.176090 -0.440225 -0.880451 
 15753.7  10134.8     -0.2     11.7      0.0      1.2 
    -0.2     40.2     -0.0      7.4   7750.0   7750.0 
     -3.8      28.9       0.1      17.4 
      0.0       9.8       0.0       3.4 
     -0.3       6.3       0.0       2.4 
     -0.1       5.3       0.0       2.2 
99554 0.132973 -0.443242 -0.886484 
 15641.6  11308.9     -0.1     11.5     -0.1      2.0 
    -0.0     40.0     -0.1      9.1   7750.0   8000.0 
     -5.1      30.7       0.2      18.2 
     -0.2       8.8       0.0       2.6 
     -0.2       6.4      -0.0       1.8 
     -0.2       5.2       0.0       1.5 
99555 0.089087 -0.445435 -0.890871 
 15596.9  12045.1     -0.1     11.5     -0.1      3.6 
    -0.2     40.3     -0.1     10.7   7750.0   8000.0 
     -3.7      29.0      -0.1      19.5 
     -0.3       8.8       0.0       1.9 
     -0.0       6.3      -0.0       1.2 
     -0.2       5.3       0.0       1.0 
99556 0.044677 -0.446767 -0.893534 
 15554.2  12019.5     -0.2     12.1     -0.2      5.3 
    -0.2     40.2     -0.2     12.3   7750.0   8000.0 
     -3.9      28.7      -0.5      21.2 
     -0.2       9.1      -0.1       2.3 
     -0.2       6.4      -0.0       1.0 
     -0.3       5.1       0.0       1.0 
99557 -0.000000 -0.447214 -0.894427 
 15645.9  12063.4     -0.3     11.5      0.0      6.2 
    -0.2     40.0      0.0     13.4   7750.0   7750.0 
     -2.1      29.4       0.2      23.7 
     -0.1       9.4       0.0       3.2 
     -0.2       6.5      -0.0       1.0 
     -0.1       5.1      -0.1       1.0 
99558 -0.044677 -0.446767 -0.893534 
 15555.4  12094.7     -0.1     11.6      0.2      5.1 
    -0.2     40.1      0.2     12.4   7750.0   8000.0 
     -3.6      27.2      -0.8      21.0 
     -0.1       9.0      -0.1       2.7 
     -0.1       6.4      -0.1       1.0 
     -0.3       5.1      -0.1       1.0 
99559 -0.089087 -0.445435 -0.890871 
 15638.9  12025.0     -0.1     11.6      0.2      3.8 
    -0.2     40.1      0.1     10.7   7750.0   8000.0 
     -4.2      30.3      -0.2      20.9 
     -0.3       9.0      -0.1       2.1 
     -0.1       6.3      -0.2       1.2 
     -0.1       5.2      -0.1       1.0 
99560 -0.132973 -0.443242 -0.886484 
 15638.2  11276.2     -0.0     11.5      0.0      2.0 
    -0.1     40.0      0.1      9.0   7750.0   8000.0 
     -3.1      28.7      -0.4      18.3 
     -0.5       9.0      -0.2       2.7 
     -0.2       6.4      -0.1       1.8 
     -0.1       5.3      -0.1       1.5 
99561 -0.176090 -0.440225 -0.880451 
 15716.7  10191.2     -0.0     11.6      0.1      1.1 
    -0.1     40.0      0.1      7.3   7750.0   8000.0 
     -2.8      30.8      -0.9      17.2 
     -0.3       8.7      -0.1       3.2 
     -0.0       6.3      -0.1       2.4 
     -0.2       5.3      -0.1       2.1 
99562 -0.218218 -0.436436 -0.872872 
 15801.6   8630.5     -0.0     11.6      0.1      7.2 
    -0.2     40.2      0.0      5.6   8000.0   8000.0 
     -2.9      27.2      -0.4      17.0 
     -0.2       9.0      -0.1       4.0 
     -0.1       6.2      -0.1       2.9 
     -0.2       5.4      -0.1       2.7 
99563 -0.259161 -0.431934 -0.863868 
 16048.9   7233.5      0.2     11.5      0.1      7.2 
     0.1     40.0      0.0      4.0   8000.0   8000.0 
     -3.1      30.3      -1.1      18.3 
     -0.2       9.5      -0.2       4.2 
     -0.2       6.4      -0.1       3.0 
     -0.3       5.4      -0.1       2.8 
99564 0.242184 -0.538187 -0.807280 
 17070.4   7814.3     -0.0      6.3      0.1      7.2 
    -0.1     34.0     -0.1      3.9   8250.0   8500.0 
     -3.5      30.4       0.9      18.2 
     -0.4      11.6       0.1       4.0 
     -0.2       8.2       0.0       2.9 
     -0.0       7.0      -0.0       2.7 
99565 0.203653 -0.543075 -0.814613 
 16939.6   9160.7     -0.1      6.8      0.1      7.2 
    -0.2     34.1     -0.1      5.5   8000.0   9500.0 
     -3.9      33.1       0.4      18.0 
     -0.5      11.6       0.0       3.9 
     -0.1       8.1      -0.0       2.9 
     -0.1       6.9       0.0       2.7 
99566 0.164153 -0.547176 -0.820763 
 16788.3  10658.8     -0.1      6.1      0.0      1.1 
    -0.2     34.0      0.0      7.2   8000.0   8250.0 
     -3.0      31.8       0.4      17.3 
     -0.5      11.8       0.0       3.3 
     -0.2       8.1       0.0       2.3 
     -0.2       6.9       0.0       2.1 
99567 0.123847 -0.550430 -0.825645 
 16921.3  11568.6     -0.1      6.1     -0.1      1.9 
     0.0     34.0     -0.0      8.9   8000.0   9250.0 
     -3.9      32.9      -0.2      20.4 
     -0.2      11.8      -0.0       2.7 
      0.0       8.2       0.0       1.8 
     -0.1       6.8      -0.0       1.5 
99568 0.082919 -0.552790 -0.829185 
 16774.8  11926.2     -0.1      6.1     -0.1      3.5 
    -0.3     33.9     -0.1     10.7   8000.0   9250.0 
     -3.3      30.7      -0.3      19.5 
     -0.4      11.6       0.0       2.2 
      0.1       8.3      -0.0       1.1 
     -0.1       6.8       0.0       1.0 
99569 0.041567 -0.554221 -0.831331 
 16742.9  11907.5     -0.3      6.2     -0.2      5.1 
    -0.5     33.9     -0.3     12.3   8000.0   9250.0 
     -3.4      30.0      -0.7      22.7 
     -0.1      11.3      -0.1       2.4 
     -0.2       8.2      -0.0       1.0 
     -0.1       6.6       0.0       1.0 
99570 -0.000000 -0.554700 -0.832050 
 16777.4  11917.5     -0.3      5.9      0.1      6.1 
    -0.4     33.9      0.1     13.3   8250.0   9250.0 
     -2.5      28.9      -0.1      23.2 
     -0.2      11.2      -0.0       3.6 
     -0.3       8.7      -0.0       1.0 
     -0.2       6.6      -0.1       1.0 
99571 -0.041567 -0.554221 -0.831331 
 16767.4  11902.2     -0.3      6.1      0.2      5.1 
    -0.4     34.0      0.2     12.3   8000.0   9250.0 
     -3.4      30.8      -1.1      22.2 
     -0.4      11.3      -0.1       2.5 
     -0.2       8.5      -0.1       1.0 
     -0.1       6.8      -0.1       1.0 
99572 -0.082919 -0.552790 -0.829185 
 16819.8  11906.4     -0.2      6.2      0.1      3.5 
    -0.2     34.0      0.1     10.7   8000.0   9250.0 
     -3.6      31.0      -0.4      20.3 
     -0.3      11.5      -0.1       2.2 
     -0.1       8.3      -0.1       1.1 
     -0.2       6.8      -0.2       1.0 
99573 -0.123847 -0.550430 -0.825645 
 16839.5  11590.1     -0.2      6.1      0.1      1.9 
    -0.3     34.2      0.0      9.0   8000.0   9250.0 
     -2.8      30.6      -1.3      18.7 
     -0.1      11.8      -0.1       2.7 
     -0.1       8.2      -0.1       1.8 
     -0.2       6.9      -0.1       1.5 
99574 -0.164153 -0.547176 -0.820763 
 16849.9  10688.5     -0.2      6.1     -0.0      1.2 
    -0.2     34.0      0.0      7.2   8000.0   8250.0 
     -2.3      30.9      -0.6      18.3 
     -0.0      11.9      -0.1       3.2 
     -0.2       8.0      -0.1       2.3 
     -0.2       7.0      -0.1       2.1 
99575 -0.203653 -0.543075 -0.814613 
 16987.1   9128.1     -0.1      6.2      0.1      7.2 
    -0.2     33.9      0.1      5.5   8000.0   8250.0 
     -2.1      30.4      -1.0      17.8 
     -0.3      11.9      -0.1       3.9 
     -0.1       8.0      -0.1       2.9 
     -0.2       6.9      -0.1       2.7 
99576 -0.242184 -0.538187 -0.807280 
 17108.5   7744.1      0.1      6.2      0.1      7.2 
    -0.2     34.1      0.0      3.9   8000.0   9500.0 
     -3.2      29.4      -1.1      17.6 
     -0.4      11.6      -0.2       3.9 
     -0.2       8.2      -0.1       3.0 
      0.0       7.0      -0.1       2.7 
