CMSSW_100x25_phase2:BPix@-292V [mu=0.053],3.8T@90deg,263K,rhe=1.10,rhh=0.7 
2293 1 3.80 61 5 29 0 292.0000 263.0000 0.0000 1.0000 500.0000 0.7800 30.3400 100.1150 25.0000 150.0000 500.0000 0.3900 15.170000 1.5000 1.0000 0.8500 
99101 -0.000000 -0.000000 -1.000000 
 13886.8   9110.6      0.1     27.8     15.2      1.1 
     0.1     56.6     15.2      7.5   6250.0   6500.0 
      2.9      44.0       0.3      17.2 
     -0.6       4.7      -0.1       3.4 
     -0.2       1.1      -0.1       2.4 
     -0.4       1.0      -0.1       2.2 
99102 -0.000000 -0.132164 -0.991228 
 13949.4   9186.8     -0.2     24.1     15.1      1.1 
    -0.2     53.0     15.2      7.5   6250.0   6500.0 
     -2.4      36.3       0.4      18.2 
     -0.4       2.7      -0.1       3.3 
     -0.5       1.7      -0.0       2.4 
     -0.5       1.5      -0.1       2.3 
99103 -0.000000 -0.257663 -0.966235 
 14366.9   9464.7     -0.3     19.7     15.2      1.3 
    -0.3     48.4     15.2      7.4   6250.0   6500.0 
     -3.3      30.6       1.0      18.2 
     -0.6       5.3      -0.2       3.6 
     -0.5       3.6      -0.1       2.5 
     -0.5       3.0      -0.1       2.2 
99104 -0.000000 -0.371391 -0.928477 
 14881.3   9853.1     -0.2     15.2     14.9      5.6 
    -0.2     43.8     15.3      7.4   6500.0   7750.0 
     -3.4      31.0       0.4      17.6 
     -0.5       7.6      -0.1       3.3 
     -0.5       4.9      -0.1       2.4 
     -0.5       4.5      -0.1       2.2 
99105 -0.000000 -0.470588 -0.882353 
 15653.3  10226.0     -0.1     10.4     15.1      1.1 
    -0.2     39.0     15.2      7.3   7750.0   8000.0 
     -4.6      28.6       0.0      16.6 
     -0.7       9.3      -0.1       3.3 
     -0.5       6.7      -0.1       2.4 
     -0.5       5.7      -0.1       2.2 
99106 -0.000000 -0.554700 -0.832050 
 16643.5  10373.0     -0.1      6.4     15.1      1.2 
    -0.1     34.0     15.1      7.2   8000.0   8000.0 
     -4.7      32.0      -0.3      18.0 
     -0.4      12.0      -0.1       3.3 
     -0.5       7.8      -0.1       2.3 
     -0.5       6.9      -0.1       2.1 
99107 -0.000000 -0.624695 -0.780869 
 17677.1  10365.8     -0.3      4.7     15.2      1.1 
    -0.2     28.9     15.2      7.0   9250.0   9500.0 
     -4.3      30.4       0.2      19.2 
     -0.8      13.4      -0.1       3.4 
     -0.5       9.7      -0.0       2.3 
     -0.6       8.3      -0.1       2.0 
99108 -0.000000 -0.682318 -0.731055 
 18868.8  10347.0      0.4     28.9     15.0      1.2 
    -0.3     23.9     15.2      7.0   9500.0   9750.0 
     -5.3      32.8       0.1      19.2 
     -0.5      14.8      -0.1       3.5 
     -0.6      11.5      -0.1       2.4 
     -0.7      10.0      -0.1       2.0 
99109 -0.000000 -0.729537 -0.683941 
 20216.1   9970.8      0.4     28.9     14.8      1.1 
    -0.4     18.8     15.2      6.9  11000.0  11000.0 
     -5.7      33.7       0.4      20.4 
     -0.4      15.3      -0.1       3.6 
     -0.5      11.6      -0.0       2.2 
     -0.5      10.5      -0.1       1.9 
99110 -0.000000 -0.768221 -0.640184 
 21636.4   9756.5      0.4     28.9     15.2      1.1 
    -0.3     13.7     15.2      6.8  11250.0  12500.0 
     -3.6      34.6       0.7      21.8 
     -0.8      14.6      -0.1       3.4 
     -0.5      10.7      -0.0       2.2 
     -0.7       9.7      -0.1       1.9 
99111 -0.000000 -0.800000 -0.600000 
 23037.0   9581.0      0.4     28.9     15.3      1.2 
    -0.2      9.0     15.3      6.7  12750.0  12750.0 
     -4.7      32.7       0.2      21.1 
     -0.8      14.4      -0.2       3.7 
     -0.5      10.1      -0.1       2.1 
     -0.6       8.9      -0.1       1.8 
99112 -0.000000 -0.826227 -0.563337 
 24587.5   9368.4      0.4     28.9     15.2      0.8 
    -0.7      5.9     15.3      6.6  12750.0  14000.0 
     -5.4      34.4      -0.4      22.8 
     -0.7      14.6      -0.1       3.9 
     -0.6      11.0      -0.1       2.2 
     -0.7       9.7      -0.1       1.8 
99113 -0.000000 -0.847998 -0.529999 
 25961.8   9091.4      0.4     28.9     15.2      1.1 
    -2.0      8.6     15.3      6.6  14250.0  14500.0 
     -4.5      33.3       0.5      22.1 
     -0.9      15.7      -0.2       3.9 
     -0.7      12.0      -0.1       2.2 
     -0.8      11.0      -0.0       1.8 
99114 -0.000000 -0.866186 -0.499722 
 27526.9   8958.6      0.4     28.9     15.2      7.2 
     0.4     57.7     15.2      6.5  15750.0  16000.0 
     -5.6      33.4       0.1      23.0 
     -0.6      16.2      -0.1       4.7 
     -0.5      12.3      -0.1       2.2 
     -0.7      11.3      -0.1       1.8 
99115 -0.000000 -0.881480 -0.472221 
 29199.8   8845.2      0.4     28.9     15.2      7.2 
     0.4     57.7     15.3      6.5  17250.0  17250.0 
     -4.5      33.0       0.2      23.4 
     -0.8      15.8      -0.2       4.5 
     -0.6      11.6      -0.1       2.2 
     -0.6      10.6      -0.1       1.8 
99116 -0.000000 -0.894427 -0.447214 
 30948.2   8795.5      0.4     28.9     15.2      7.2 
     0.4     57.7     15.3      6.4  17750.0  19000.0 
     -6.1      33.8       0.6      24.4 
     -0.6      14.9      -0.0       5.0 
     -0.6      10.9      -0.1       2.2 
     -0.8       9.7      -0.1       1.8 
99117 -0.000000 -0.905459 -0.424434 
 32651.2   8722.5      0.4     28.9     15.2      7.2 
     0.4     57.7     15.3      6.4  19000.0  19250.0 
     -6.7      35.0       0.3      25.6 
     -0.9      15.2      -0.1       5.0 
     -0.8      11.5      -0.1       2.2 
     -0.7      10.2      -0.1       1.8 
99118 -0.000000 -0.914918 -0.403640 
 34211.9   8624.3      0.4     28.9     15.2      7.2 
     0.4     57.7     15.4      6.3  20500.0  20500.0 
     -5.6      32.9       0.2      23.6 
     -0.7      15.9      -0.2       5.3 
     -0.9      12.5      -0.1       2.2 
     -0.8      11.4      -0.1       1.8 
99119 -0.000000 -0.923077 -0.384615 
 35864.2   8579.2      0.4     28.9     15.2      7.2 
     0.4     57.7     15.4      6.3  20750.0  22000.0 
     -5.0      32.3       0.9      25.5 
     -0.6      16.5       0.0       6.0 
     -0.5      12.8      -0.1       2.2 
     -0.9      11.4      -0.1       1.8 
99120 -0.000000 -0.930155 -0.367167 
 37502.1   8539.0      0.4     28.9     15.2      7.2 
     0.4     57.7     15.4      6.2  22250.0  23500.0 
     -6.8      34.2      -0.9      25.2 
     -0.6      15.6      -0.2       6.2 
     -0.5      12.1      -0.1       2.3 
     -0.8      10.9      -0.1       1.9 
99121 -0.000000 -0.936329 -0.351123 
 39416.7   8522.8      0.4     28.9     15.2      7.2 
     0.4     57.7     15.3      6.2  23750.0  25000.0 
     -5.5      31.3       1.6      26.8 
     -0.8      15.1      -0.1       6.5 
     -0.8      11.7      -0.2       2.3 
     -0.7      10.0      -0.1       1.9 
99122 -0.000000 -0.941742 -0.336336 
 41033.5   8473.8      0.4     28.9     15.2      7.2 
     0.4     57.7     15.4      6.2  25250.0  25500.0 
     -5.3      31.5      -0.2      25.5 
     -0.6      15.1      -0.1       6.7 
     -0.7      11.8      -0.2       2.4 
     -0.8      10.4      -0.1       1.9 
99123 -0.000000 -0.946510 -0.322674 
 42767.8   8490.6      0.4     28.9     15.2      7.2 
     0.4     57.7     15.4      6.1  26750.0  27000.0 
     -3.1      29.5       0.1      26.6 
     -1.0      15.9      -0.2       7.3 
     -0.7      12.7      -0.1       2.4 
     -0.7      11.6      -0.1       2.0 
99124 -0.000000 -0.950730 -0.310021 
 44464.8   8473.3      0.4     28.9     15.2      7.2 
     0.4     57.7     15.4      6.1  28250.0  28500.0 
     -5.8      30.9      -0.6      26.7 
     -1.0      16.0      -0.2       7.6 
     -0.8      13.2      -0.2       2.5 
     -0.7      11.9      -0.1       2.0 
99125 -0.000000 -0.954480 -0.298275 
 46299.7   8391.9      0.4     28.9     15.2      7.2 
     0.4     57.7     15.4      6.1  28750.0  30000.0 
     -5.8      31.0       1.4      26.6 
     -0.9      15.9      -0.0       8.3 
     -1.0      12.4      -0.2       2.5 
     -0.9      11.3      -0.1       2.0 
99126 -0.000000 -0.957826 -0.287348 
 47949.0   8404.8      0.4     28.9     15.2      7.2 
     0.4     57.7     15.5      6.0  30250.0  31500.0 
     -5.7      29.3      -0.6      27.4 
     -1.1      15.0      -0.2       7.8 
     -0.7      11.6      -0.2       2.5 
     -0.7      10.2      -0.1       2.0 
99127 -0.000000 -0.960824 -0.277161 
 49909.9   8411.1      0.4     28.9     15.2      7.2 
     0.4     57.7     15.5      6.0  31500.0  32750.0 
     -7.4      33.4       0.7      27.4 
     -1.4      15.1      -0.2       8.6 
     -0.8      11.9      -0.1       2.6 
     -0.7      10.5      -0.1       2.0 
99128 -0.000000 -0.963518 -0.267644 
 51777.0   8400.9      0.4     28.9     15.2      7.2 
     0.4     57.7     15.4      6.0  33250.0  34500.0 
     -5.4      31.0      -0.7      27.7 
     -1.0      16.1      -0.1       9.1 
     -0.7      13.0      -0.1       2.6 
     -0.7      11.6      -0.1       2.1 
99129 -0.000000 -0.965948 -0.258736 
 53448.1   8377.1      0.4     28.9     15.2      7.2 
     0.4     57.7     15.4      5.9  34750.0  34750.0 
     -5.9      32.9      -0.1      28.9 
     -1.0      16.3      -0.1       9.1 
     -0.7      13.1      -0.1       2.6 
     -0.8      12.1      -0.1       2.1 
99130 -0.000000 -0.968147 -0.250383 
 55257.4   8359.1      0.4     28.9     15.2      7.2 
     0.4     57.7     15.4      6.0  36250.0  36500.0 
     -5.6      33.4      -0.9      30.2 
     -1.2      16.3      -0.2       9.5 
     -0.7      12.4      -0.2       2.6 
     -0.6      11.2      -0.1       2.1 
99131 -0.000000 -0.970142 -0.242536 
 56961.5   8386.2      0.4     28.9     15.2      7.2 
     0.4     57.7     15.5      5.9  37500.0  37750.0 
     -6.7      30.7       0.3      29.2 
     -1.2      15.5      -0.1       9.4 
     -0.8      11.8      -0.2       2.6 
     -0.8      10.1      -0.2       2.2 
99132 -0.000000 -0.971959 -0.235151 
 58930.0   8389.1      0.4     28.9     15.2      7.2 
     0.4     57.7     15.5      5.9  39250.0  39500.0 
     -7.5      35.2      -0.3      29.8 
     -0.9      15.3      -0.2       9.8 
     -0.5      11.9      -0.2       2.8 
     -0.8      11.2      -0.1       2.1 
99133 -0.000000 -0.973616 -0.228191 
 60672.5   8429.5      0.4     28.9     15.2      7.2 
     0.4     57.7     15.5      5.9  39500.0  40750.0 
     -5.6      31.1       0.1      30.9 
     -1.3      16.1      -0.1       9.9 
     -0.7      12.9      -0.2       2.7 
     -0.9      12.0      -0.2       2.2 
99134 -0.000000 -0.975133 -0.221621 
 62472.6   8426.6      0.4     28.9     15.2      7.2 
     0.4     57.7     15.4      5.8  41000.0  41250.0 
     -7.0      34.2      -0.7      29.9 
     -1.0      16.6      -0.1      10.5 
     -0.9      13.0      -0.2       2.8 
     -0.6      11.8      -0.1       2.2 
99135 -0.000000 -0.976524 -0.215410 
 64256.8   8395.6      0.4     28.9     15.2      7.2 
     0.4     57.7     15.5      5.8  42500.0  44000.0 
     -5.9      31.4      -0.1      29.7 
     -1.3      16.1      -0.2      10.8 
     -0.6      12.6      -0.2       2.8 
     -1.0      11.5      -0.2       2.3 
99136 -0.000000 -0.977802 -0.209529 
 66170.7   8372.7      0.4     28.9     15.2      7.2 
     0.4     57.7     15.6      5.8  44000.0  44500.0 
     -6.8      32.3      -0.5      31.1 
     -1.2      15.7      -0.1      11.3 
     -0.8      11.7      -0.2       2.8 
     -0.8      10.3      -0.2       2.3 
99137 -0.000000 -0.978980 -0.203954 
 67763.1   8369.7      0.4     28.9     15.2      7.2 
     0.4     57.7     15.5      5.8  45500.0  45750.0 
     -7.2      32.3      -1.3      30.3 
     -1.3      15.5      -0.3      11.3 
     -0.8      12.1      -0.2       2.8 
     -0.6      10.9      -0.2       2.8 
99138 -0.000000 -0.980068 -0.198662 
 69766.2   8387.0      0.4     28.9     15.2      7.2 
     0.4     57.7     15.6      5.8  47000.0  47250.0 
     -5.7      32.2      -0.6      31.7 
     -1.2      16.1      -0.5      11.6 
     -0.7      12.9      -0.1       2.9 
     -0.7      12.0      -0.2       2.3 
99139 -0.000000 -0.981074 -0.193633 
 71440.1   8437.0      0.4     28.9     15.2      7.2 
     0.4     57.7     15.6      5.8  47500.0  48750.0 
     -7.0      33.6       0.1      31.7 
     -1.0      16.7      -0.4      11.2 
     -0.7      13.2      -0.2       2.8 
     -0.9      12.0      -0.2       2.4 
99140 -0.000000 -0.982006 -0.188847 
 73236.5   8380.2      0.4     28.9     15.2      7.2 
     0.4     57.7     15.5      5.8  48750.0  50250.0 
     -6.2      30.5       0.1      31.9 
     -1.0      16.0      -0.3      11.6 
     -0.6      12.5      -0.2       3.0 
     -0.9      11.6      -0.2       2.6 
99141 -0.000000 -0.982872 -0.184289 
 75008.6   8396.0      0.4     28.9     15.2      7.2 
     0.4     57.7     15.6      5.7  50500.0  51750.0 
     -6.1      29.5      -0.6      32.7 
     -1.0      15.5      -0.3      12.0 
     -0.6      11.8      -0.2       3.0 
     -0.9      10.5      -0.2       3.0 
99142 -0.000000 -0.983677 -0.179941 
 76809.8   8375.6      0.4     28.9     15.2      7.2 
     0.4     57.7     15.6      5.7  52000.0  53500.0 
     -6.3      32.3       0.9      32.8 
     -1.2      15.7      -0.3      12.5 
     -0.9      12.0      -0.2       3.0 
     -1.0      10.9      -0.2       2.4 
99143 -0.000000 -0.984428 -0.175791 
 78633.8   8414.5      0.4     28.9     15.2      7.2 
     0.4     57.7     15.5      5.7  53500.0  55000.0 
     -6.8      30.9       0.3      33.0 
     -1.1      16.1      -0.2      12.5 
     -0.8      12.9      -0.2       3.0 
     -0.6      11.8      -0.2       2.5 
99144 -0.000000 -0.985128 -0.171825 
 80648.2   8470.3      0.4     28.9     15.2      7.2 
     0.4     57.7     15.5      5.7  55250.0  56500.0 
     -7.1      32.6      -0.8      32.6 
     -1.4      16.4      -0.2      12.6 
     -0.8      13.1      -0.2       3.1 
     -0.8      12.4      -0.3       2.4 
99145 -0.000000 -0.985782 -0.168031 
 82426.5   8412.9      0.4     28.9     15.2      7.2 
     0.4     57.7     15.7      5.7  56500.0  58000.0 
     -6.1      32.0      -0.8      33.1 
     -1.2      15.7      -0.4      12.6 
     -0.8      12.3      -0.2       3.2 
     -0.6      11.6      -0.1       3.0 
99146 -0.000000 -0.986394 -0.164399 
 84083.7   8413.8      0.4     28.9     15.2      7.2 
     0.4     57.7     15.6      5.7  58000.0  58250.0 
     -5.9      32.1       0.6      32.1 
     -1.3      15.6      -0.2      13.1 
     -0.8      11.8      -0.2       3.3 
     -0.7      10.2      -0.2       2.6 
99147 -0.000000 -0.986968 -0.160919 
 86037.2   8390.9      0.4     28.9     15.2      7.2 
     0.4     57.7     15.7      5.7  59750.0  60000.0 
     -7.3      30.7      -2.6      32.5 
     -1.7      16.0      -0.2      13.5 
     -0.8      12.0      -0.2       3.1 
     -0.9      10.8      -0.2       3.1 
99148 -0.000000 -0.987506 -0.157581 
 87929.3   8420.0      0.4     28.9     15.2      7.2 
     0.4     57.7     15.7      5.7  61250.0  61500.0 
     -6.1      32.5       1.2      33.7 
     -1.1      16.3      -0.2      13.7 
     -0.8      12.9      -0.2       3.1 
     -0.6      11.7      -0.2       3.0 
99149 -0.000000 -0.988012 -0.154377 
 89554.2   8451.2      0.4     28.9     15.2      7.2 
     0.4     57.7     15.6      5.6  62750.0  64000.0 
     -4.0      27.4      -0.6      33.5 
     -1.1      16.5      -0.3      13.4 
     -0.6      13.1      -0.2       3.2 
     -0.9      12.2      -0.2       2.6 
99150 -0.000000 -0.988488 -0.151299 
 91455.1   8432.7      0.4     28.9     15.2      7.2 
     0.4     57.7     15.6      5.6  63000.0  64500.0 
     -6.9      32.6      -1.0      33.8 
     -0.9      16.3      -0.0      13.6 
     -0.8      12.5      -0.2       3.2 
     -1.1      11.3      -0.2       3.5 
99151 -0.000000 -0.988936 -0.148340 
 93451.6   8425.0      0.4     28.9     15.2      7.2 
     0.4     57.7     15.6      5.7  65750.0  66000.0 
     -5.6      33.7      -0.0      34.8 
     -1.2      15.4      -0.4      13.5 
     -0.6      11.7      -0.3       3.4 
     -0.7      10.6      -0.3       3.4 
99152 -0.000000 -0.989359 -0.145494 
 95120.4   8458.1      0.4     28.9     15.2      7.2 
     0.4     57.7     15.6      5.6  66000.0  67500.0 
     -8.2      34.0      -0.8      33.3 
     -1.2      15.2      -0.2      13.9 
     -0.8      11.9      -0.2       3.5 
     -0.8      11.0      -0.3       2.6 
99153 -0.000000 -0.989758 -0.142754 
 97050.7   8433.5      0.4     28.9     15.2      7.2 
     0.4     57.7     15.6      5.6  67750.0  69000.0 
     -5.6      30.9       2.0      33.9 
     -1.2      16.0      -0.2      14.4 
     -0.7      13.0      -0.2       3.3 
     -0.7      11.8      -0.2       2.7 
99154 -0.000000 -0.990135 -0.140114 
 98869.5   8478.0      0.4     28.9     15.2      7.2 
     0.4     57.7     15.7      5.6  69500.0  70500.0 
     -5.8      32.4      -1.5      32.9 
     -1.1      16.5      -0.4      14.3 
     -0.9      13.1      -0.2       3.5 
     -0.9      11.9      -0.2       3.0 
99155 -0.000000 -0.990492 -0.137568 
100628.4   8479.2      0.4     28.9     15.2      7.2 
     0.4     57.7     15.7      5.6  70750.0  72250.0 
     -7.1      32.9      -0.1      33.4 
     -1.6      16.1      -0.6      14.5 
     -0.8      12.7      -0.2       3.7 
     -0.9      11.6      -0.2       3.3 
99156 -0.000000 -0.990830 -0.135113 
102413.4   8496.4      0.4     28.9     15.2      7.2 
     0.4     57.7     15.7      5.6  72250.0  73500.0 
     -4.6      28.6      -2.1      33.6 
     -1.4      15.7      -0.2      14.8 
     -0.8      11.7      -0.2       3.5 
     -0.6      10.7      -0.2       3.5 
99157 -0.000000 -0.991150 -0.132743 
104278.3   8456.3      0.4     28.9     15.2      7.2 
     0.4     57.7     15.6      5.6  73750.0  75000.0 
     -7.3      32.7       0.5      34.8 
     -1.5      15.5      -0.4      14.7 
     -0.6      12.1      -0.2       3.6 
     -1.1      10.9      -0.3       3.1 
99158 -0.000000 -0.991454 -0.130455 
106166.9   8499.1      0.4     28.9     15.2      7.2 
     0.4     57.7     15.7      5.5  75250.0  76500.0 
     -5.1      28.4      -1.7      33.2 
     -1.5      16.5      -0.4      15.1 
     -0.8      12.9      -0.2       3.9 
     -1.1      11.9      -0.3       2.7 
99159 -0.000000 -0.991743 -0.128243 
107849.1   8512.8      0.4     28.9     15.2      7.2 
     0.4     57.7     15.7      5.6  76750.0  77250.0 
     -7.6      34.6       0.1      34.8 
     -1.4      16.6       0.1      15.1 
     -0.6      13.2      -0.3       3.6 
     -1.0      12.0      -0.3       2.8 
99160 -0.000000 -0.992017 -0.126104 
109794.1   8451.0      0.4     28.9     15.2      7.2 
     0.4     57.7     15.7      5.5  78500.0  79750.0 
     -4.8      31.6      -0.2      33.9 
     -1.2      16.0      -0.4      15.4 
     -0.7      12.7      -0.2       3.8 
     -0.7      11.6      -0.2       2.7 
99161 -0.000000 -0.992278 -0.124035 
111655.2   8528.6      0.4     28.9     15.2      7.2 
     0.4     57.7     15.7      5.6  80000.0  81500.0 
     -6.4      28.5      -1.0      35.9 
     -1.5      15.8      -0.3      15.1 
     -0.7      11.7      -0.3       3.6 
     -0.8      10.6      -0.2       2.7 
99162 0.600000 -0.000000 -0.800000 
 17122.8   4314.8     -0.3     28.3     15.2      7.2 
    -0.3     56.7     15.2     14.4   8250.0   8500.0 
      0.1      44.7       2.0      16.2 
     -0.6       7.8       0.0       4.8 
     -0.4       0.7       0.2       4.0 
     -0.4       0.6       0.1       3.8 
99163 0.554700 -0.000000 -0.832050 
 16551.3   4895.3     -0.1     28.0     15.2      7.2 
    -0.1     56.7     15.9      2.7   8250.0   8250.0 
     -0.5      47.4       2.4      16.6 
     -0.4       3.5       0.0       4.7 
     -0.3       1.3       0.0       3.7 
     -0.4       0.5       0.1       3.7 
99164 0.503871 -0.000000 -0.863779 
 15942.9   5722.1     -0.6     27.8     15.2      7.2 
    -0.5     56.6     15.2      2.0   8000.0   8000.0 
      1.0      45.2       1.9      16.4 
     -1.2       6.7       0.0       4.5 
     -0.4       0.7      -0.0       3.4 
     -0.3       0.6       0.1       3.1 
99165 0.447214 -0.000000 -0.894427 
 15457.1   7038.0     -0.2     27.8     15.2      7.2 
    -0.2     56.6     15.2      4.1   8000.0   8000.0 
     -1.1      46.5       1.9      17.0 
     -0.4       4.7       0.1       3.9 
     -0.5       0.9      -0.0       3.0 
     -0.4       0.6       0.1       2.8 
99166 0.384615 -0.000000 -0.923077 
 14967.8   9364.0     -0.1     27.8     15.3      1.1 
    -0.0     56.6     15.1      6.8   7750.0   8000.0 
      0.7      42.8       1.8      17.4 
     -0.3       3.5       0.0       3.6 
     -0.3       1.0       0.0       2.5 
     -0.4       0.7       0.1       2.4 
99167 0.351123 -0.000000 -0.936329 
 14818.9  10857.3      0.1     27.7     15.2      1.4 
     0.1     56.5     15.1      8.3   7750.0   7750.0 
     -2.7      42.8       1.5      17.5 
     -0.2       6.7       0.1       3.0 
     -0.4       0.9       0.1       2.1 
     -0.4       0.7       0.1       1.7 
99168 0.316228 -0.000000 -0.948683 
 14787.1  11662.5      0.0     27.8     15.1      2.6 
     0.0     56.6     15.1      9.7   7750.0   7750.0 
      0.5      40.0       1.8      18.2 
     -0.7       4.7       0.0       2.6 
     -0.4       0.9       0.1       1.5 
     -0.4       0.7       0.1       1.3 
99169 0.280000 -0.000000 -0.960000 
 14638.0  11680.1     -0.2     27.6     15.0      3.9 
    -0.2     56.4     15.0     11.1   7750.0   7750.0 
     -2.3      43.9       2.4      19.7 
     -0.5       4.7       0.0       1.9 
     -0.4       1.0       0.1       1.0 
     -0.4       0.7       0.1       0.8 
99170 0.242536 -0.000000 -0.970142 
 14517.4  11577.7      0.1     27.8     14.9      5.2 
     0.1     56.6     14.9     12.4   7750.0   7750.0 
     -2.8      43.6       2.4      22.4 
     -0.3       5.1       0.0       1.9 
     -0.4       0.9       0.0       0.6 
     -0.4       0.7       0.1       0.5 
99171 0.203954 -0.000000 -0.978980 
 14413.5  11400.3      0.3     27.8     15.1      6.2 
     0.2     56.5     15.1     13.3   7750.0   7750.0 
      0.8      42.2       3.3      22.5 
     -0.2       8.3      -0.2       3.5 
     -0.4       0.9      -0.1       1.3 
     -0.4       0.7      -0.1       0.8 
99172 0.164399 -0.000000 -0.986394 
 14217.3  11322.2      0.0     27.6     15.5      5.6 
     0.0     56.5     15.5     12.8   7750.0   7750.0 
      0.6      43.7       0.8      22.0 
     -0.2       6.8      -0.3       2.9 
     -0.5       0.9      -0.0       0.8 
     -0.5       0.7      -0.1       0.5 
99173 0.124035 -0.000000 -0.992278 
 14189.0  11275.9     -0.2     27.6     15.3      4.3 
    -0.2     56.5     15.3     11.5   7750.0   7750.0 
     -3.8      41.3       2.1      20.8 
     -0.1       3.8      -0.1       2.2 
     -0.3       1.1      -0.1       1.0 
     -0.4       0.7      -0.1       0.7 
99174 0.083045 -0.000000 -0.996546 
 14078.1  11170.8     -0.0     27.8     15.2      3.1 
    -0.0     56.6     15.2     10.2   6500.0   7750.0 
      0.9      46.1       0.4      18.9 
     -0.7       6.1      -0.1       2.6 
     -0.4       0.9      -0.0       1.4 
     -0.4       0.7      -0.1       1.2 
99175 0.041631 -0.000000 -0.999133 
 13953.9  10530.5     -0.1     27.9     15.2      1.8 
    -0.1     56.6     15.2      8.8   6500.0   6500.0 
     -0.4      41.4       0.6      17.5 
     -0.2       5.3      -0.1       2.8 
     -0.4       0.9      -0.1       1.8 
     -0.4       0.7      -0.1       1.6 
99176 -0.000000 -0.000000 -1.000000 
 13870.2   9124.8     -0.2     27.8     15.1      1.1 
    -0.2     56.6     15.2      7.4   6250.0   6500.0 
      1.2      48.0       0.1      18.1 
     -0.6       6.3      -0.0       3.3 
     -0.4       0.8      -0.1       2.4 
     -0.4       0.6      -0.1       2.2 
99177 -0.041631 -0.000000 -0.999133 
 13851.0   7664.6     -0.3     27.9     14.9      1.8 
    -0.3     56.6     15.3      6.1   6500.0   6500.0 
     -1.7      44.7      -0.6      16.9 
     -0.7       4.1      -0.1       3.9 
     -0.4       0.8      -0.1       2.9 
     -0.4       0.6      -0.0       2.8 
99178 -0.083045 -0.000000 -0.996546 
 13859.3   6584.4      0.1     27.9     15.2      7.2 
     0.0     56.7     15.1      4.8   6500.0   6500.0 
     -1.8      38.8      -0.6      16.4 
     -0.6       6.4      -0.1       4.0 
     -0.5       0.8      -0.1       3.1 
     -0.3       0.6      -0.1       3.0 
99179 -0.124035 -0.000000 -0.992278 
 13889.2   5760.7     -0.1     27.9     15.2      7.2 
    -0.1     56.7     15.2      3.6   6500.0   6500.0 
     -4.7      41.8      -0.5      15.7 
     -0.4       4.9      -0.1       4.1 
     -0.4       0.7      -0.1       3.0 
     -0.3       0.6      -0.1       3.0 
99180 -0.164399 -0.000000 -0.986394 
 13938.2   5153.6      0.1     28.0     15.2      7.2 
     0.1     56.7     15.1      2.7   6500.0   6500.0 
     -0.0      41.3      -0.2      16.6 
     -0.5       4.4      -0.1       4.3 
     -0.4       0.7      -0.0       3.4 
     -0.4       0.6      -0.1       3.2 
99181 -0.203954 -0.000000 -0.978980 
 14066.9   4670.5     -0.3     28.0     15.2      7.2 
    -0.2     56.8     15.2      2.3   6500.0   6500.0 
      0.3      47.4      -0.2      16.2 
     -0.5       5.0      -0.1       4.7 
     -0.3       1.1      -0.0       3.9 
     -0.4       0.5      -0.1       3.9 
99182 -0.242536 -0.000000 -0.970142 
 14153.4   4279.6      0.2     27.9     15.2      7.2 
     0.2     56.8     14.9      2.2   6500.0   6750.0 
      2.6      43.8      -0.4      15.8 
     -0.3       5.2      -0.1       4.7 
     -0.4       0.9      -0.1       3.9 
     -0.4       0.6      -0.2       4.2 
99183 -0.280000 -0.000000 -0.960000 
 14329.7   3970.0     -0.0     28.0     15.2      7.2 
    -0.0     56.7     15.4      4.2   6750.0   6750.0 
     -2.7      44.8      -1.6      15.7 
     -0.5       4.9      -0.2       4.9 
     -0.4       1.0      -0.1       4.2 
     -0.4       0.5      -0.1       4.1 
99184 -0.316228 -0.000000 -0.948683 
 14536.1   3721.9     -0.2     28.1     15.2      7.2 
    -0.2     56.9     15.2     14.4   6750.0   6750.0 
     -3.6      44.8      -0.7      15.7 
     -0.2       6.2      -0.1       5.4 
     -0.4       0.7      -0.1       4.2 
     -0.4       0.5      -0.1       4.2 
99185 -0.351123 -0.000000 -0.936329 
 14706.2   3517.2      0.0     28.0     15.2      7.2 
    -0.0     56.8     15.2     14.4   6750.0   6750.0 
     -1.8      38.8      -1.3      15.2 
     -0.3       4.0      -0.1       5.5 
     -0.4       0.7      -0.1       4.6 
     -0.4       0.5      -0.1       4.6 
99186 -0.384615 -0.000000 -0.923077 
 14884.4   3324.6     -0.1     28.2     15.2      7.2 
    -0.1     56.9     15.2     14.4   6750.0   6750.0 
     -0.1      44.7      -1.5      15.6 
     -0.9       5.7      -0.2       5.7 
     -0.4       0.7      -0.0       4.9 
     -0.4       0.5      -0.2       5.4 
99187 -0.447214 -0.000000 -0.894427 
 15253.8   3023.4     -0.2     28.2     15.2      7.2 
    -0.2     56.9     15.2     14.4   7000.0   7000.0 
      0.9      48.4      -2.1      15.3 
      0.0       7.3      -0.0       5.8 
     -0.4       0.6       0.0       4.9 
     -0.4       0.5      -0.2       5.3 
99188 -0.503871 -0.000000 -0.863779 
 15696.6   2831.7     -0.2     28.0     -6.9     40.4 
    -0.2     56.9     15.2     14.4   7000.0   7000.0 
      1.9      48.9      -1.3      14.7 
     -1.1       7.5      -0.2       6.2 
     -0.5       1.1       0.0       5.6 
     -0.4       0.5      -0.1       6.1 
99189 -0.554700 -0.000000 -0.832050 
 16229.7   2627.6      0.1     28.3    -18.0     35.8 
     0.1     57.0     15.2     14.4   3500.0   6500.0 
     -0.5      47.4      -1.5      14.7 
     -1.2       7.8      -0.1       6.2 
     -0.3       0.6      -0.2       5.8 
     -0.4       0.5      -0.3       6.3 
99190 -0.600000 -0.000000 -0.800000 
 16819.7   2503.8      0.4     28.1    -36.8     24.6 
     0.4     56.9     15.2     14.4   1750.0   3500.0 
     -2.2      47.2      -0.8      13.4 
      0.0       6.1      -0.1       6.7 
     -0.5       1.9      -0.2       6.1 
     -0.3       0.5      -0.4       7.1 
99191 0.499230 -0.554700 -0.665640 
 20476.0   5247.4     -2.1     21.0     15.2      7.2 
    -0.1     27.2     15.2     14.4  10000.0  11250.0 
     -3.6      32.9       1.8      18.3 
     -0.6      13.0       0.1       4.8 
     -0.6       9.4       0.0       3.7 
     -0.3       8.6       0.0       3.5 
99192 0.455842 -0.569803 -0.683763 
 19989.1   6016.1      0.2      4.7     15.2      7.2 
    -0.1     27.2     15.2     14.4   9750.0  11250.0 
     -4.1      30.5       1.8      18.4 
     -0.6      13.5       0.1       4.5 
     -0.5       9.6      -0.0       3.4 
     -0.5       8.6       0.1       3.3 
99193 0.408944 -0.584206 -0.701047 
 19688.5   7101.7     -0.6      5.0     15.2      7.2 
    -0.2     27.2     15.2      1.8   9750.0   9750.0 
     -4.5      31.9       2.3      18.5 
     -0.3      13.8       0.0       4.4 
     -0.4       9.7       0.0       3.1 
     -0.6       8.5       0.1       3.0 
99194 0.358569 -0.597614 -0.717137 
 19176.5   8792.3      0.1      5.1     15.2      7.2 
    -0.2     27.4     15.1      3.7   9750.0   9750.0 
     -4.2      31.4       2.2      19.1 
     -1.0      13.8       0.1       4.1 
     -0.5       9.9       0.0       2.8 
     -0.6       8.7       0.1       2.6 
99195 0.304855 -0.609711 -0.731653 
 18889.9  10601.7     -0.4      4.9     15.4      1.4 
    -0.5     27.6     15.1      6.5   9500.0   9750.0 
     -3.3      30.2       0.9      19.0 
     -0.9      13.4       0.1       3.6 
     -0.5      10.1       0.1       2.6 
     -0.7       8.7       0.1       2.2 
99196 0.276825 -0.615166 -0.738200 
 18750.8  11432.2      0.0      4.9     15.1      1.2 
    -0.1     27.4     15.1      8.0   9500.0   9750.0 
     -2.4      30.6       1.6      18.9 
     -0.7      13.4       0.1       3.1 
     -0.6      10.3       0.1       2.0 
     -0.5       8.7       0.1       1.6 
99197 0.248069 -0.620174 -0.744208 
 18702.5  11844.2     -5.5     53.8     15.1      2.7 
    -0.2     27.5     15.1      9.5   9500.0   9500.0 
     -5.0      32.2       1.5      21.0 
     -0.4      13.0       0.1       2.7 
     -0.6      10.0       0.1       2.7 
     -0.5       8.7       0.1       1.2 
99198 0.218643 -0.624695 -0.749634 
 18579.0  11842.1     -0.6      4.8     15.0      3.7 
    -0.5     27.6     15.0     11.0   9500.0   9500.0 
     -5.2      32.4       2.3      22.2 
     -0.7      12.9       0.0       2.5 
     -0.8      10.3       0.1       1.0 
     -0.6       8.7       0.1       0.8 
99199 0.188608 -0.628695 -0.754434 
 18449.8  11753.2     -1.3      4.4     14.8      5.1 
    -0.2     27.4     14.9     12.3   9500.0   9500.0 
     -3.8      31.5       1.1      24.4 
     -0.8      12.9      -0.0       2.8 
     -0.5       9.5      -0.0       0.7 
     -0.6       8.6       0.1       0.5 
99200 0.158035 -0.632140 -0.758567 
 18421.9  11651.7     -4.5     36.5     15.0      6.1 
    -0.4     27.6     15.0     13.2   9500.0   9500.0 
     -4.4      33.8       2.6      24.4 
     -0.8      12.8      -0.1       4.3 
     -0.5       9.5      -0.2       1.1 
     -0.5       8.7      -0.2       3.4 
99201 0.127000 -0.635001 -0.762001 
 18293.8  11554.5     -1.3      4.4     15.5      5.5 
    -0.3     27.6     15.5     12.7   9500.0   9500.0 
     -4.5      32.7       1.1      23.7 
     -0.3      13.2      -0.1       3.4 
     -0.7       9.7      -0.0       0.8 
     -0.7       8.7      -0.0       0.4 
99202 0.095588 -0.637253 -0.764704 
 18147.2  11459.1     -0.2      4.2     15.4      4.2 
    -0.4     27.5     15.4     11.4   9500.0   9500.0 
     -4.6      32.1       0.3      22.6 
     -0.6      13.1      -0.1       2.5 
     -0.7       9.5      -0.1       0.8 
     -0.7       8.5      -0.1       0.7 
99203 0.063888 -0.638877 -0.766652 
 18143.2  11483.8      0.1      4.4     15.2      2.8 
    -0.2     27.5     15.2     10.0   9500.0   9500.0 
     -3.7      30.6      -0.2      21.2 
     -0.5      13.2      -0.1       2.5 
     -0.5       9.7      -0.1       1.3 
     -0.7       8.6      -0.1       1.1 
99204 0.031993 -0.639857 -0.767828 
 17991.1  11120.7     -0.4      5.5     15.2      1.5 
    -0.0     27.7     15.3      8.5   9500.0   9500.0 
     -2.9      29.8       0.3      18.6 
     -0.8      13.3      -0.1       3.1 
     -0.5       9.9      -0.1       1.8 
     -0.4       8.7      -0.1       1.5 
99205 -0.000000 -0.640184 -0.768221 
 17952.8  10330.5     -0.6      4.9     15.0      1.2 
    -0.3     27.6     15.2      7.1   9250.0   9500.0 
     -3.2      31.7       0.2      18.3 
     -0.5      13.7      -0.1       3.4 
     -0.7       9.8      -0.1       2.3 
     -0.6       8.7      -0.1       2.0 
99206 -0.031993 -0.639857 -0.767828 
 18038.3   9472.5     -0.8      4.8     15.2      7.2 
    -0.2     27.8     15.2      5.7   9500.0   9500.0 
     -5.5      32.8      -0.0      18.9 
     -0.7      13.9      -0.2       4.0 
     -0.4       9.9      -0.1       2.9 
     -0.6       8.8      -0.1       2.6 
99207 -0.063888 -0.638877 -0.766652 
 17942.6   8517.8     -0.1      5.6     15.2      7.2 
    -0.3     27.9     15.2      4.2   9500.0   9500.0 
     -3.1      30.5       0.2      17.6 
     -0.4      14.0      -0.1       4.4 
     -0.5       9.9      -0.1       2.9 
     -0.6       9.0      -0.1       2.7 
99208 -0.095588 -0.637253 -0.764704 
 17922.1   7544.4     -0.2      5.6     15.2      7.2 
    -0.3     27.9     15.2      3.0   9500.0   9500.0 
     -3.3      31.3      -0.3      17.1 
     -0.6      13.7      -0.1       4.0 
     -0.6       9.9      -0.1       2.8 
     -0.5       8.9      -0.1       2.6 
99209 -0.127000 -0.635001 -0.762001 
 18039.9   6817.3     -1.8     24.4     15.2      7.2 
    -0.2     27.8     15.2      2.2   9500.0   9500.0 
     -4.5      33.3      -0.7      18.6 
     -0.9      14.0      -0.2       4.3 
     -0.6      10.0      -0.1       3.1 
     -0.6       8.9      -0.1       2.8 
99210 -0.158035 -0.632140 -0.758567 
 17978.6   6109.8      0.5      5.7     15.2      7.2 
     0.0     27.9     15.1      2.4   8250.0   9500.0 
     -4.4      31.3      -0.5      18.0 
     -0.8      13.4      -0.1       4.6 
     -0.6       9.9      -0.1       3.5 
     -0.4       9.0      -0.0       3.5 
99211 -0.188608 -0.628695 -0.754434 
 18085.4   5600.8     -0.1      5.4     15.2      7.2 
    -0.1     28.0     15.0      3.1   8250.0   9750.0 
     -3.2      29.3      -0.2      17.6 
     -0.5      13.6      -0.0       4.7 
     -0.6       9.8      -0.0       3.6 
     -0.5       8.9      -0.1       3.6 
99212 -0.218643 -0.624695 -0.749634 
 18295.5   5147.2      0.6      5.5     15.2      7.2 
    -0.4     27.8     15.2     14.4   8500.0   9750.0 
     -4.4      32.7      -0.6      17.5 
     -0.4      13.8      -0.1       4.7 
     -0.6       9.7      -0.0       3.6 
     -0.6       9.1      -0.1       3.6 
99213 -0.248069 -0.620174 -0.744208 
 18329.4   4813.7      0.0      5.3     15.2      7.2 
    -0.4     27.8     15.2     14.4   8500.0   9750.0 
     -3.6      32.6      -0.6      16.4 
     -0.7      13.8      -0.2       4.8 
     -0.7      10.0      -0.1       3.7 
     -0.6       9.0      -0.1       3.6 
99214 -0.276825 -0.615166 -0.738200 
 18439.5   4489.1      0.0      5.1     15.2      7.2 
    -0.4     27.9     15.2     14.4   8500.0   9750.0 
     -3.9      31.7      -0.8      17.1 
     -0.4      13.5      -0.1       5.1 
     -0.7       9.8      -0.1       4.2 
     -0.5       8.9      -0.0       4.2 
99215 -0.304855 -0.609711 -0.731653 
 18676.7   4243.0     -0.8      5.2     15.2      7.2 
    -0.5     27.9     15.2     14.4   9750.0   9750.0 
     -4.6      32.3      -1.1      16.8 
     -0.7      13.5      -0.1       5.1 
     -0.7       9.8      -0.1       4.3 
     -0.5       8.9      -0.1       4.5 
99216 -0.358569 -0.597614 -0.717137 
 18925.0   3800.2     -0.3      7.4     15.2      7.2 
    -0.1     27.9     15.2     14.4   8750.0  10000.0 
     -3.7      30.8      -1.1      15.9 
     -0.7      13.3      -0.1       5.2 
     -0.4       9.7      -0.0       4.3 
     -0.5       8.9      -0.0       4.5 
99217 -0.408944 -0.584206 -0.701047 
 19409.6   3513.7     -2.0     14.9     15.2      7.2 
    -0.2     27.8     15.2     14.4   8500.0  10000.0 
     -3.0      31.0      -1.1      15.3 
     -0.5      13.1      -0.1       5.6 
     -0.5       9.8      -0.1       5.0 
     -0.4       9.0      -0.1       5.5 
99218 -0.455842 -0.569803 -0.683763 
 19829.8   3273.8     -5.3     25.1     15.2      7.2 
    -0.1     27.7     15.2     14.4   8250.0   9500.0 
     -4.0      30.8      -1.5      14.5 
     -0.4      13.5      -0.1       5.9 
     -0.5       9.8      -0.1       5.1 
     -0.4       9.2      -0.1       5.6 
99219 -0.499230 -0.554700 -0.665640 
 20375.6   3112.8     -9.6     31.6    -28.6     37.7 
    -0.3     27.6     15.2     14.4   5000.0   6750.0 
     -3.7      32.7      -1.5      14.9 
     -0.6      13.4      -0.1       6.3 
     -0.6       9.9      -0.2       5.6 
     -0.5       9.2      -0.2       7.3 
99220 0.360000 -0.800000 -0.480000 
 28587.1   7309.9      0.4     28.9     15.2      7.2 
     0.4     57.7     15.2     14.4  16000.0  16250.0 
     -5.3      35.5       1.8      20.2 
     -1.0      16.4       0.2       4.9 
     -0.6      12.5       0.1       3.2 
     -0.7      11.2       0.1       3.0 
99221 0.324443 -0.811107 -0.486664 
 28166.7   8075.3      0.4     28.9     15.2      7.2 
     0.4     57.7     15.2     14.4  15750.0  16250.0 
     -4.8      32.1       1.6      20.8 
     -0.7      15.9       0.1       4.9 
     -0.6      12.1       0.0       2.9 
     -0.7      11.2       0.1       2.8 
99222 0.287456 -0.821302 -0.492781 
 27917.6   8813.5      0.4     28.9     15.2      7.2 
     1.7      4.5     15.1      1.6  15750.0  16000.0 
     -6.2      32.4       2.0      21.0 
     -0.3      15.9       0.1       4.8 
     -0.6      12.0       0.0       2.7 
     -0.8      11.2       0.1       2.5 
99223 0.249136 -0.830455 -0.498273 
 27676.2   9205.1      0.4     28.9     15.2      7.2 
     0.4     57.7     15.1      3.0  15750.0  16000.0 
     -4.6      34.1       1.6      22.0 
     -0.9      16.2       0.1       4.6 
     -0.6      12.3       0.1       2.5 
     -0.8      11.2       0.1       2.2 
99224 0.209611 -0.838444 -0.503066 
 27539.8   9286.5      0.4     28.9     15.2      7.2 
     0.4     57.7     15.1      6.0  15750.0  15750.0 
     -6.8      33.9       1.7      23.6 
     -0.6      15.8       0.1       4.6 
     -0.6      12.1       0.1       2.5 
     -0.7      11.2       0.1       2.1 
99225 0.189442 -0.841965 -0.505179 
 27462.6   9273.8      0.4     28.9     15.1      0.8 
     0.4     57.7     15.0      7.6  15750.0  15750.0 
     -6.1      34.7       1.3      23.8 
     -0.7      16.2       0.1       3.9 
     -0.8      12.1       0.0       1.6 
     -0.9      10.9       0.1       1.3 
99226 0.169031 -0.845154 -0.507093 
 27265.9   9211.8      0.4     28.9     15.0      2.0 
     0.4     57.7     15.0      9.1  15750.0  15750.0 
     -4.6      32.3       1.6      23.7 
     -0.7      16.2      -0.0       3.8 
     -0.8      12.2       0.1       1.2 
     -0.8      11.0       0.1       1.0 
99227 0.148400 -0.847998 -0.508799 
 27181.5   9163.7      0.4     28.9     14.9      3.5 
     0.4     57.7     14.8     10.6  15750.0  15750.0 
     -5.4      35.1       0.6      24.1 
     -0.7      15.8      -0.0       4.6 
     -0.5      12.1       0.0       1.0 
     -0.6      11.0       0.0       0.7 
99228 0.127573 -0.850487 -0.510292 
 27108.2   9166.4      0.4     28.9     14.7      4.9 
     0.4     57.7     14.7     12.1  15750.0  15750.0 
     -5.1      33.5       0.2      26.2 
     -0.9      16.0      -0.1       5.8 
     -0.8      12.2      -0.1       0.8 
     -0.8      11.1       0.0       0.5 
99229 0.106576 -0.852609 -0.511565 
 27009.3   9107.7      0.4     28.9     15.0      6.0 
     0.4     57.7     15.0     13.1  15750.0  15750.0 
     -6.1      33.6       1.5      26.1 
     -1.0      15.9       0.1       7.1 
     -0.8      12.6      -0.2       2.0 
     -0.9      11.0      -0.1       0.9 
99230 0.085436 -0.854358 -0.512615 
 26987.3   9152.1      0.4     28.9     15.6      5.4 
     0.4     57.7     15.6     12.5  15750.0  15750.0 
     -4.8      31.8       0.1      26.2 
     -0.6      16.2      -0.0       6.4 
     -0.6      12.4       0.1       1.1 
     -0.9      11.0       0.0       0.5 
99231 0.064179 -0.855725 -0.513435 
 26860.3   9052.9      0.4     28.9     15.5      4.0 
     0.4     57.7     15.5     11.1  15750.0  15750.0 
     -5.6      31.0       1.8      23.7 
     -0.9      16.0       0.0       5.1 
     -0.5      12.5      -0.0       0.8 
     -0.5      11.0      -0.1       0.6 
99232 0.042835 -0.856706 -0.514024 
 26844.1   9094.9      0.4     28.9     15.4      2.9 
     0.4     57.7     15.4      9.7  15750.0  15750.0 
     -5.1      33.1       0.1      24.2 
     -0.6      16.2      -0.1       4.4 
     -0.8      12.5      -0.0       1.2 
     -0.9      11.1      -0.1       0.9 
99233 0.021432 -0.857296 -0.514378 
 26866.2   9068.3      0.4     28.9     15.3      1.1 
     0.4     57.7     15.4      8.1  15750.0  15750.0 
     -4.7      35.3       0.1      22.9 
     -0.5      16.2      -0.1       4.0 
     -0.8      12.6      -0.1       1.6 
     -0.7      11.3      -0.0       1.3 
99234 -0.000000 -0.857493 -0.514496 
 26788.5   9059.5      0.4     28.9     15.6      0.9 
     0.4     57.7     15.4      6.5  15750.0  15750.0 
     -5.7      34.0       0.3      22.7 
     -0.5      16.3      -0.1       4.0 
     -0.7      12.4      -0.1       2.2 
     -0.5      11.2      -0.1       1.8 
99235 -0.021432 -0.857296 -0.514378 
 26761.1   8980.1      0.4     28.9     15.2      7.2 
     0.4     57.7     15.3      5.0  14750.0  15750.0 
     -4.3      31.9       0.7      21.5 
     -1.1      16.2      -0.1       5.2 
     -0.8      12.6      -0.1       2.9 
     -0.7      11.2      -0.1       2.5 
99236 -0.042835 -0.856706 -0.514024 
 26901.2   9035.6      0.4     28.9     15.2      7.2 
     0.4     57.7     15.2      3.5  15750.0  15750.0 
     -5.5      31.7      -0.8      21.5 
     -0.8      16.1      -0.0       4.7 
     -0.8      12.7      -0.1       2.7 
     -0.7      11.1      -0.1       2.4 
99237 -0.064179 -0.855725 -0.513435 
 26806.8   8898.8      0.4     28.9     15.2      7.2 
     0.4     57.7     15.2      2.1  14750.0  15750.0 
     -6.0      33.6      -0.1      21.4 
     -0.9      16.5      -0.1       4.5 
     -0.6      12.5      -0.0       2.4 
     -0.6      11.2      -0.1       2.0 
99238 -0.085436 -0.854358 -0.512615 
 26803.2   8512.1      0.4     28.9     15.2      7.2 
     1.0      7.5     15.1      1.5  14500.0  15750.0 
     -5.4      32.6      -0.8      20.7 
     -0.6      16.6      -0.1       4.4 
     -0.6      12.6      -0.0       2.7 
     -0.7      11.3      -0.1       2.4 
99239 -0.106576 -0.852609 -0.511565 
 26878.7   7997.7      0.4     28.9     15.2      7.2 
     0.4     57.7     15.0      2.0  14750.0  15750.0 
     -3.6      33.3      -0.1      21.2 
     -0.5      16.4      -0.1       5.1 
     -0.8      12.7       0.0       3.2 
     -0.7      11.3      -0.1       2.8 
99240 -0.127573 -0.850487 -0.510292 
 26841.1   7840.4      0.4     28.9     15.2      7.2 
     0.4     57.7     15.2     14.4  14500.0  15000.0 
     -5.0      32.5      -1.2      21.0 
     -0.6      16.1      -0.1       4.5 
     -0.6      12.6      -0.0       3.1 
     -0.7      11.4      -0.1       2.8 
99241 -0.148400 -0.847998 -0.508799 
 27039.4   7476.5      0.4     28.9     15.2      7.2 
     0.4     57.7     15.2     14.4  14500.0  15750.0 
     -5.9      34.4      -1.0      20.1 
     -1.1      16.6      -0.3       4.6 
     -0.4      12.6      -0.1       3.0 
     -0.6      11.3      -0.1       2.7 
99242 -0.169031 -0.845154 -0.507093 
 27012.3   7043.8      0.4     28.9     15.2      7.2 
     0.8      6.3     15.2     14.4  14750.0  16000.0 
     -5.6      33.5      -0.4      19.4 
     -0.4      16.7      -0.0       4.9 
     -0.6      12.7      -0.1       3.2 
     -0.6      11.4      -0.0       2.9 
99243 -0.189442 -0.841965 -0.505179 
 27125.4   6614.3      0.4     28.9     15.2      7.2 
     0.1      5.7     15.2     14.4  14750.0  16000.0 
     -5.8      35.1      -1.0      18.9 
     -0.6      16.9      -0.1       5.2 
     -0.5      12.6      -0.1       3.5 
     -0.7      11.4      -0.1       3.3 
99244 -0.209611 -0.838444 -0.503066 
 27216.6   6269.4      0.4     28.9     15.2      7.2 
     0.4     57.7     15.2     14.4  14750.0  16000.0 
     -6.9      34.4      -0.6      18.7 
     -0.5      16.2       0.0       5.1 
     -0.6      12.6      -0.1       3.6 
     -0.7      11.4      -0.1       3.4 
99245 -0.249136 -0.830455 -0.498273 
 27319.6   5560.1      0.4     28.9     15.2      7.2 
     0.4     57.7     15.2     14.4  14750.0  15000.0 
     -4.7      33.2      -0.9      16.8 
     -0.5      16.2      -0.1       4.9 
     -0.6      12.6      -0.0       3.6 
     -0.6      11.4      -0.1       3.4 
99246 -0.287456 -0.821302 -0.492781 
 27613.4   5035.1      0.4     28.9     15.2      7.2 
     0.4     57.7     15.2     14.4  14750.0  15250.0 
     -5.5      34.5      -1.3      17.1 
     -0.6      16.6      -0.1       5.4 
     -0.5      12.5      -0.1       4.1 
     -0.7      11.5      -0.1       4.0 
99247 -0.324443 -0.811107 -0.486664 
 27958.6   4645.6      0.4     28.9     15.2      7.2 
     0.4     57.7     15.2     14.4  15000.0  16250.0 
     -5.7      35.8      -1.4      15.8 
     -0.9      16.2      -0.2       5.4 
     -0.2      12.3      -0.0       4.1 
     -0.6      11.6      -0.1       3.9 
99248 -0.360000 -0.800000 -0.480000 
 28277.0   4322.7      0.4     28.9     15.2      7.2 
    -0.2      5.9     15.2     14.4  15250.0  16500.0 
     -5.7      32.3      -1.2      15.0 
     -0.2      16.3      -0.0       5.6 
     -0.7      12.5      -0.1       4.5 
     -0.4      11.6      -0.1       4.7 
99249 0.210674 -0.936329 -0.280899 
 48976.0   8525.4      0.4     28.9     15.2      7.2 
     0.4     57.7     15.2     14.4  31500.0  31750.0 
     -6.9      33.5       1.5      22.9 
     -0.7      14.9       0.2       7.2 
     -0.5      11.7       0.0       2.7 
     -0.9      10.3       0.0       2.3 
99250 0.188144 -0.940721 -0.282216 
 48790.2   8547.5      0.4     28.9     15.2      7.2 
     0.4     57.7     15.2     14.4  30500.0  31750.0 
     -6.3      33.4      -0.0      24.1 
     -0.9      15.2       0.2       7.9 
     -0.6      11.7       0.0       2.5 
     -0.9      10.4       0.1       2.2 
99251 0.165313 -0.944648 -0.283394 
 48677.1   8559.7      0.4     28.9     15.2      7.2 
     0.4     57.7     15.2     14.4  30500.0  31500.0 
     -5.8      32.8       0.1      26.7 
     -0.9      15.2       0.1       8.5 
     -0.7      11.6       0.1       2.6 
     -0.8      10.1       0.1       2.2 
99252 0.142214 -0.948091 -0.284427 
 48404.6   8518.4      0.4     28.9     15.2      7.2 
     0.4     57.7     15.0      2.2  30250.0  31500.0 
     -4.8      32.0       1.7      26.3 
     -0.9      15.0       0.2       8.2 
     -0.7      11.7       0.0       2.3 
     -1.0      10.1       0.1       1.9 
99253 0.118879 -0.951034 -0.285310 
 48468.8   8512.8      0.4     28.9     15.2      7.2 
     0.4     57.7     14.9      5.5  30250.0  31500.0 
     -5.5      31.7       0.1      27.5 
     -1.3      15.4       0.3       8.2 
     -0.7      11.4       0.1       3.0 
     -0.8      10.1       0.1       2.5 
99254 0.107135 -0.952313 -0.285694 
 48281.3   8448.0      0.4     28.9     16.9     16.0 
     0.4     57.7     14.8      7.1  30250.0  31500.0 
     -6.0      32.7       0.9      28.0 
     -1.1      15.3       0.2       7.8 
     -0.8      11.6       0.1       1.4 
     -0.8      10.3       0.0       1.0 
99255 0.095346 -0.953463 -0.286039 
 48350.6   8431.3      0.4     28.9     14.7      1.6 
     0.4     57.7     14.7      8.7  30250.0  31500.0 
     -5.3      30.5       1.3      28.4 
     -0.9      15.2       0.1       8.9 
     -0.5      11.6      -0.0       1.3 
     -0.6      10.2       0.0       0.8 
99256 0.083517 -0.954480 -0.286344 
 48281.0   8437.7      0.4     28.9     14.7      3.2 
     0.4     57.7     14.7     10.4  30250.0  31250.0 
     -4.9      31.3       0.6      27.4 
     -0.9      15.1       0.2       9.5 
     -0.5      11.7      -0.0       1.4 
     -1.0      10.3       0.0       1.7 
99257 0.071652 -0.955364 -0.286609 
 48398.1   8451.4      0.4     28.9     14.5      4.7 
     0.4     57.7     14.6     11.9  30500.0  31250.0 
     -5.1      31.7      -0.5      30.2 
     -0.6      15.0      -0.0      12.0 
     -0.7      11.5      -0.2       1.9 
     -0.8      10.0      -0.1       0.6 
99258 0.059757 -0.956115 -0.286834 
 48136.7   8443.5      0.4     28.9     14.9      5.9 
     0.4     57.7     14.9     13.0  30250.0  31250.0 
     -6.2      30.7       0.7      30.7 
     -0.9      15.3       0.1      14.5 
     -0.7      11.5      -0.2       2.7 
     -1.0      10.0      -0.3       1.3 
99259 0.047836 -0.956730 -0.287019 
 48289.9   8429.3      0.4     28.9     15.8      5.2 
     0.4     57.7     15.8     12.3  30500.0  31250.0 
     -4.7      32.5      -0.3      30.4 
     -1.0      15.2       0.6      12.8 
     -0.5      11.6       0.1       2.1 
     -0.9      10.1       0.1       0.7 
99260 0.035895 -0.957209 -0.287163 
 48159.9   8415.1      0.4     28.9     15.7      4.0 
     0.4     57.7     15.7     10.8  30250.0  31250.0 
     -5.6      30.6       0.3      28.1 
     -1.1      15.0       0.0      10.9 
     -0.8      11.5       0.0       1.2 
     -1.0      10.1      -0.0       0.5 
99261 0.023939 -0.957552 -0.287266 
 48103.2   8399.7      0.4     28.9     15.5      2.1 
     0.4     57.7     15.5      9.3  30250.0  31500.0 
     -6.9      30.8      -0.3      28.8 
     -0.8      15.1       0.1       8.5 
     -0.9      11.7       0.0       1.3 
     -0.7      10.3      -0.0       0.7 
99262 0.011972 -0.957758 -0.287327 
 48019.1   8388.8      0.4     28.9     15.4      0.6 
     0.4     57.7     15.5      7.7  30250.0  31250.0 
     -5.6      30.0       0.1      28.1 
     -1.0      15.4      -0.2       7.8 
     -0.8      11.7      -0.0       1.6 
     -0.9      10.2      -0.1       0.9 
99263 -0.000000 -0.957826 -0.287348 
 48095.2   8429.8      0.4     28.9     15.2      7.2 
     0.4     57.7     15.4      6.0  30250.0  31500.0 
     -5.3      31.5      -0.2      27.9 
     -1.1      15.2      -0.1       8.5 
     -0.8      11.7      -0.2       2.6 
     -0.7      10.3      -0.1       2.0 
99264 -0.011972 -0.957758 -0.287327 
 48040.8   8469.9      0.4     28.9     15.2      7.2 
     0.4     57.7     15.4      4.4  30000.0  31250.0 
     -6.0      29.6      -1.0      28.0 
     -0.8      15.4      -0.1       8.2 
     -0.7      11.6      -0.1       3.0 
     -0.9      10.2      -0.1       2.6 
99265 -0.023939 -0.957552 -0.287266 
 48087.7   8403.5      0.4     28.9     15.2      7.2 
     0.4     57.7     15.4      2.8  30000.0  31250.0 
     -6.6      32.4      -0.8      27.0 
     -0.7      15.1      -0.1       7.7 
     -0.4      11.6      -0.0       2.5 
     -0.8      10.4      -0.1       2.1 
99266 -0.035895 -0.957209 -0.287163 
 48006.5   8457.0      0.4     28.9     15.2      7.2 
     0.4     57.7     15.3      1.3  30000.0  31500.0 
     -6.8      33.1      -0.9      25.9 
     -0.9      15.3      -0.1       7.5 
     -0.8      11.6      -0.1       2.0 
     -0.9      10.3      -0.1       1.5 
99267 -0.047836 -0.956730 -0.287019 
 48029.0   8400.0      0.4     28.9     15.2      7.2 
     0.4     57.7     14.8      1.1  30250.0  30500.0 
     -5.6      32.9       0.5      26.7 
     -1.0      15.3      -0.1       7.6 
     -0.8      11.6      -0.1       2.5 
     -0.8      10.4      -0.1       1.9 
99268 -0.059757 -0.956115 -0.286834 
 47944.7   8372.9      0.4     28.9     15.2      7.2 
     0.4     57.7     15.2     14.4  30000.0  30750.0 
     -5.8      30.1      -0.8      25.0 
     -1.0      15.2      -0.1       7.7 
     -0.7      11.6      -0.1       3.0 
     -0.9      10.4      -0.1       2.6 
99269 -0.071652 -0.955364 -0.286609 
 48156.1   8411.5      0.4     28.9     15.2      7.2 
     0.4     57.7     15.2     14.4  30000.0  30500.0 
     -6.9      32.6      -0.4      24.9 
     -0.7      15.2      -0.1       7.8 
     -0.6      11.6      -0.0       2.8 
     -0.8      10.6      -0.1       2.4 
99270 -0.083517 -0.954480 -0.286344 
 48075.4   8410.8      0.4     28.9     15.2      7.2 
     0.4     57.7     15.2     14.4  30250.0  31500.0 
     -5.2      30.0      -1.0      23.2 
     -0.9      15.2      -0.2       7.0 
     -0.5      11.5      -0.0       2.3 
     -0.9      10.5      -0.1       1.9 
99271 -0.095346 -0.953463 -0.286039 
 48062.1   8406.2      0.4     28.9     15.2      7.2 
     0.4     57.7     15.2     14.4  30250.0  30500.0 
     -5.8      30.9      -1.3      23.5 
     -0.6      15.4      -0.0       7.1 
     -0.6      11.8      -0.0       2.6 
     -0.7      10.6      -0.0       2.2 
99272 -0.107135 -0.952313 -0.285694 
 48201.6   8413.4      0.4     28.9     15.2      7.2 
     0.4     57.7     15.2     14.4  30250.0  30500.0 
     -5.1      32.0      -0.6      22.4 
     -0.8      15.1      -0.1       7.4 
     -0.6      11.5      -0.1       3.0 
     -0.8      10.4      -0.1       2.6 
99273 -0.118879 -0.951034 -0.285310 
 48184.6   8297.1      0.4     28.9     15.2      7.2 
     0.4     57.7     15.2     14.4  30250.0  30500.0 
     -5.8      29.9      -0.7      22.8 
     -0.7      15.3      -0.0       7.0 
     -0.6      11.6      -0.0       2.9 
     -0.6      10.5      -0.1       2.6 
99274 -0.142214 -0.948091 -0.284427 
 48376.6   8166.1      0.4     28.9     15.2      7.2 
     0.4     57.7     15.2     14.4  30250.0  30500.0 
     -5.5      29.8      -0.4      19.5 
     -1.0      15.3      -0.1       6.8 
     -0.7      11.7       0.0       2.8 
     -0.9      10.7      -0.1       2.5 
99275 -0.165313 -0.944648 -0.283394 
 48371.7   7927.5      0.4     28.9     15.2      7.2 
     0.4     57.7     15.2     14.4  30000.0  31000.0 
     -5.7      31.4      -1.6      19.6 
     -0.8      15.2      -0.1       6.5 
     -0.6      11.7      -0.0       3.2 
     -0.6      10.7      -0.1       2.9 
99276 -0.188144 -0.940721 -0.282216 
 48765.0   7594.3      0.4     28.9     15.2      7.2 
     0.4     57.7     15.2     14.4  30000.0  31000.0 
     -6.0      33.7      -0.8      18.8 
     -0.7      15.4      -0.1       6.4 
     -0.6      11.6      -0.1       3.1 
     -0.7      10.7      -0.1       3.2 
99277 -0.210674 -0.936329 -0.280899 
 48836.9   7142.7      0.4     28.9     15.2      7.2 
     0.4     57.7     15.2     14.4  30500.0  30750.0 
     -5.4      31.2       0.4      17.9 
     -1.4      15.4      -0.3       6.3 
     -0.5      11.8      -0.0       3.5 
     -0.7      10.7      -0.1       3.2 
99278 0.110573 -0.982872 -0.147431 
 93493.6   8535.1      0.4     28.9     15.2      7.2 
     0.4     57.7     15.2     14.4  65000.0  66250.0 
     -7.9      34.5       1.8      26.8 
     -1.2      15.4       0.4      11.6 
     -0.9      11.8       0.1       3.1 
     -1.1      10.9       0.2       2.5 
99279 0.098414 -0.984136 -0.147620 
 93610.8   8537.1      0.4     28.9     15.2      7.2 
     0.4     57.7     15.2     14.4  64750.0  66250.0 
     -5.5      33.5      -0.2      30.2 
     -1.3      15.7       0.3      12.3 
     -0.7      11.6       0.0       2.7 
     -0.8      10.8       0.1       1.9 
99280 0.086210 -0.985255 -0.147788 
 93738.6   8503.1      0.4     28.9     15.2      7.2 
     0.4     57.7     15.2     14.4  65750.0  66250.0 
     -6.0      31.5      -0.2      30.8 
     -1.1      15.5       0.1      12.8 
     -0.6      11.8       0.1       3.1 
     -1.2      10.7       0.2       2.6 
99281 0.073967 -0.986227 -0.147934 
 93434.4   8423.3      0.4     28.9     15.2      7.2 
     0.4     57.7     14.8      1.7  64500.0  66000.0 
     -5.6      30.9       1.7      32.9 
     -1.0      15.4       0.0      13.2 
     -1.0      11.8       0.1       2.5 
     -0.8      11.1       0.1       1.7 
99282 0.061691 -0.987053 -0.148058 
 93515.8   8474.1      0.4     28.9     15.2      7.2 
     0.4     57.7     14.7      5.1  66000.0  67250.0 
     -5.3      27.0      -1.8      34.8 
     -1.2      15.5       0.3      13.8 
     -0.7      11.8       0.2       3.6 
     -1.2      10.7       0.2       2.8 
99283 0.055542 -0.987410 -0.148111 
 93565.0   8419.3      0.4     28.9     15.2      7.2 
     0.4     57.7     14.6      6.7  65750.0  66000.0 
     -6.6      30.1       0.5      33.6 
     -1.5      15.8      -0.0      14.2 
     -0.6      11.8       0.1       2.8 
     -0.9      10.7       0.1       1.1 
99284 0.049386 -0.987730 -0.148159 
 93483.6   8431.6      0.4     28.9     14.6      1.3 
     0.4     57.7     14.5      8.4  64500.0  66000.0 
     -6.2      30.8      -0.0      35.1 
     -1.1      15.4      -0.1      14.8 
     -0.9      11.8       0.0       2.1 
     -0.7      10.6       0.0       2.7 
99285 0.043226 -0.988012 -0.148202 
 93483.3   8463.7      0.4     28.9     14.5      2.9 
     0.4     57.7     14.6     10.0  66000.0  67250.0 
     -6.1      31.7      -0.9      35.1 
     -1.3      15.4      -0.2      16.3 
     -0.7      11.7      -0.1       3.1 
     -0.7      10.8      -0.0       0.7 
99286 0.037060 -0.988257 -0.148239 
 93471.9   8452.4      0.4     28.9     14.4      4.6 
     0.4     57.7     14.5     11.6  65000.0  65750.0 
     -7.5      36.7      -0.8      36.8 
     -1.5      15.5       0.0      18.1 
     -0.8      11.9      -0.2       4.0 
     -0.8      10.3      -0.1       0.9 
99287 0.030890 -0.988464 -0.148270 
 93423.3   8458.7      0.4     28.9     14.9      5.7 
     0.4     57.7     14.9     12.7  64250.0  65750.0 
     -4.8      31.0      -1.5      36.0 
     -1.4      15.6       0.1      20.0 
     -0.8      11.8      -0.1       5.7 
     -0.9      10.6      -0.2       1.9 
99288 0.024716 -0.988634 -0.148295 
 93402.2   8478.9      0.4     28.9     15.8      5.0 
     0.4     57.7     15.8     12.0  64500.0  65750.0 
     -6.1      34.2      -1.4      34.7 
     -1.2      15.7      -0.3      18.8 
     -0.8      11.9       0.3       4.5 
     -0.9      10.5       0.1       3.3 
99289 0.018539 -0.988766 -0.148315 
 93234.6   8443.9      0.4     28.9     15.9      3.5 
     0.4     57.7     15.8     10.5  64250.0  65750.0 
     -6.3      35.1       0.6      34.5 
     -1.2      15.4      -0.2      16.8 
     -0.8      11.7       0.1       3.3 
     -1.1      10.5      -0.1       3.7 
99290 0.012361 -0.988861 -0.148329 
 93212.1   8515.2      0.4     28.9     15.7      1.9 
     0.4     57.7     15.7      9.0  65500.0  66000.0 
     -6.8      31.6      -1.6      35.8 
     -1.3      15.5      -0.1      15.0 
     -0.6      11.8      -0.0       2.5 
     -1.0      10.7      -0.0       2.1 
99291 0.006181 -0.988917 -0.148338 
 93389.4   8454.5      0.4     28.9     15.6      0.3 
     0.4     57.7     15.7      7.3  64500.0  66000.0 
     -6.9      33.0       1.6      33.7 
     -1.4      15.9      -0.1      14.5 
     -0.7      11.8      -0.0       2.1 
     -0.7      10.8      -0.0       2.0 
99292 -0.000000 -0.988936 -0.148340 
 93293.0   8448.7      0.4     28.9     15.2      7.2 
     0.4     57.7     15.7      5.6  64750.0  66000.0 
     -9.2      34.4       0.8      33.3 
     -1.4      15.6       0.0      14.0 
     -0.8      11.8      -0.2       3.5 
     -1.1      10.6      -0.2       2.6 
99293 -0.006181 -0.988917 -0.148338 
 93398.2   8468.4      0.4     28.9     15.2      7.2 
     0.4     57.7     15.5      4.0  64500.0  66000.0 
     -5.8      30.1       1.8      34.5 
     -1.2      15.6      -0.2      13.4 
     -0.9      11.8      -0.2       3.7 
     -0.9      10.7      -0.2       2.8 
99294 -0.012361 -0.988861 -0.148329 
 93157.0   8388.6      0.4     28.9     15.2      7.2 
     0.4     57.7     15.6      2.3  65500.0  66000.0 
     -6.0      30.0       0.9      32.0 
     -1.2      15.1      -0.1      13.5 
     -0.7      11.8      -0.1       2.9 
     -0.9      10.4      -0.1       2.7 
99295 -0.018539 -0.988766 -0.148315 
 93240.0   8472.6      0.4     28.9     15.2      7.2 
     0.4     57.7     15.4      0.7  64500.0  66000.0 
     -4.1      28.2      -1.8      31.6 
     -1.4      15.9      -0.2      12.9 
     -0.7      11.9      -0.0       2.3 
     -0.8      11.1      -0.0       1.2 
99296 -0.024716 -0.988634 -0.148295 
 93433.9   8415.0      0.4     28.9     15.2      7.2 
     0.4     57.7     15.2     14.4  64750.0  66000.0 
     -4.6      27.3      -0.6      30.5 
     -1.2      15.6      -0.4      12.9 
     -0.7      11.8      -0.1       2.9 
     -0.6      10.4      -0.1       2.2 
99297 -0.030890 -0.988464 -0.148270 
 93200.9   8418.9      0.4     28.9     15.2      7.2 
     0.4     57.7     15.2     14.4  64500.0  66000.0 
     -6.8      33.2      -0.8      30.2 
     -1.4      15.4       0.1      12.1 
     -0.8      11.8      -0.1       3.4 
     -0.9      10.7      -0.1       2.7 
99298 -0.037060 -0.988257 -0.148239 
 93240.5   8437.7      0.4     28.9     15.2      7.2 
     0.4     57.7     15.2     14.4  64750.0  66000.0 
     -7.3      30.3      -2.3      29.3 
     -1.7      16.2      -0.3      12.0 
     -0.9      11.8      -0.1       2.8 
     -0.7      10.7      -0.1       2.7 
99299 -0.043226 -0.988012 -0.148202 
 93261.7   8417.1      0.4     28.9     15.2      7.2 
     0.4     57.7     15.2     14.4  64750.0  66000.0 
     -8.5      34.6       0.6      29.8 
     -1.3      15.4      -0.3      11.6 
     -0.9      11.9      -0.1       2.3 
     -0.7      10.6      -0.0       1.5 
99300 -0.049386 -0.987730 -0.148159 
 93316.0   8406.0      0.4     28.9     15.2      7.2 
     0.4     57.7     15.2     14.4  64750.0  66000.0 
     -7.1      33.0       0.8      28.1 
     -1.4      15.6      -0.3      11.3 
     -0.7      11.7      -0.1       2.8 
     -1.0      10.7      -0.2       2.7 
99301 -0.055542 -0.987410 -0.148111 
 93242.2   8400.6      0.4     28.9     15.2      7.2 
     0.4     57.7     15.2     14.4  64750.0  66000.0 
     -6.5      31.3      -0.6      27.3 
     -1.3      16.0      -0.2      11.1 
     -0.7      11.8      -0.1       3.3 
     -1.0      10.8      -0.2       3.2 
99302 -0.061691 -0.987053 -0.148058 
 93455.0   8511.7      0.4     28.9     15.2      7.2 
     0.4     57.7     15.2     14.4  64750.0  66000.0 
     -6.9      34.8       1.5      28.3 
     -1.2      15.7      -0.3      11.2 
     -0.6      11.8      -0.0       2.9 
     -0.5      10.8      -0.1       2.3 
99303 -0.073967 -0.986227 -0.147934 
 93159.5   8418.8      0.4     28.9     15.2      7.2 
     0.4     57.7     15.2     14.4  64750.0  66250.0 
     -3.6      28.7      -0.7      25.7 
     -1.4      15.9      -0.2      10.5 
     -0.8      11.9      -0.0       2.7 
     -0.9      10.8      -0.1       1.9 
99304 -0.086210 -0.985255 -0.147788 
 93259.3   8438.1      0.4     28.9     15.2      7.2 
     0.4     57.7     15.2     14.4  64750.0  66000.0 
     -5.6      29.5      -0.6      23.0 
     -1.0      15.5      -0.1       9.6 
     -0.7      11.7      -0.1       3.0 
     -0.7      10.6      -0.1       2.9 
99305 -0.098414 -0.984136 -0.147620 
 93585.6   8446.1      0.4     28.9     15.2      7.2 
     0.4     57.7     15.2     14.4  64750.0  66250.0 
     -7.1      31.3      -0.4      22.3 
     -1.3      15.6      -0.3       9.4 
     -0.6      12.2      -0.1       2.8 
     -1.0      10.8      -0.1       2.1 
99306 -0.110573 -0.982872 -0.147431 
 93563.1   8505.8      0.4     28.9     15.2      7.2 
     0.4     57.7     15.2     14.4  65000.0  65250.0 
     -5.9      29.8       0.7      20.1 
     -1.1      15.8      -0.2       8.8 
     -0.7      12.0      -0.1       3.1 
     -0.6      10.6      -0.0       2.5 
