Pixel3d_25x100_prd2026lk@-30V,0T@90d,263K,rh=1.10/0.7,0/0 
411 1 0.00 59 5 29 0 30.0000 263.0000 0.0000 1.0000 500.0000 0.1900 0.1100 100.0000 25.0000 150.0000 500.0000 0.0900 0.050000 1.5000 1.0000 0.8500 
9201 -0.000000 -0.000000 -1.000000 
 13615.8  10982.3      0.0     28.1      0.0      6.3 
    -0.0     57.1      0.0     13.5   1750.0   1750.0 
     -3.4      49.3       0.1      22.5 
     -0.9       8.9      -0.1       3.7 
     -0.0       0.5      -0.1       1.3 
     -0.1       0.5      -0.1       1.1 
9202 -0.000000 -0.164399 -0.986394 
 13777.4  10810.5      0.1     24.0      0.1      6.4 
     0.0     52.7      0.1     13.6   4750.0   4750.0 
     -1.3      36.7      -0.2      23.0 
     -0.2       3.5       0.0       2.6 
     -0.1       2.3      -0.0       1.1 
     -0.1       2.3      -0.0       0.8 
9203 -0.000000 -0.316228 -0.948683 
 14219.8  11342.9      0.0     18.5     -0.0      6.4 
     0.0     47.2     -0.0     13.6   6250.0   6250.0 
     -1.6      30.1      -0.2      24.5 
     -0.1       6.5      -0.2       3.5 
     -0.1       4.4      -0.1       0.9 
     -0.1       4.2      -0.1       0.8 
9204 -0.000000 -0.447214 -0.894427 
 15111.6  11625.2     -0.2     13.2     -0.0      6.5 
    -0.2     41.4     -0.0     13.6   6250.0   6500.0 
     -3.9      29.3      -0.3      24.2 
     -0.3       9.4       0.2       4.3 
     -0.1       6.7      -0.0       1.3 
     -0.0       5.9      -0.0       0.8 
9205 -0.000000 -0.554700 -0.832050 
 16127.5  11428.8     -0.3      8.3      0.0      6.4 
    -0.3     35.4      0.0     13.5   7750.0   7750.0 
     -3.0      30.0       0.5      24.4 
      0.2      12.2       0.0       4.5 
      0.1       8.7      -0.0       1.4 
     -0.1       7.6      -0.1       0.8 
9206 -0.000000 -0.640184 -0.768221 
 17380.9  10991.0     -0.9      6.5      0.0      6.4 
    -0.3     29.3      0.0     13.5   7750.0   8000.0 
     -4.4      32.2       0.5      24.8 
     -0.2      12.9      -0.2       4.4 
      0.0      10.9      -0.1       2.1 
     -0.0       9.3      -0.0       0.8 
9207 -0.000000 -0.707107 -0.707107 
 18915.4  10283.2     -2.5      5.8      0.0      6.4 
    -0.3     23.2      0.0     13.5   8000.0   9500.0 
     -4.5      32.4       0.2      24.3 
     -0.0      15.1      -0.2       5.3 
      0.1      12.8      -0.1       1.3 
     -0.0      11.3      -0.0       0.8 
9208 -0.000000 -0.759257 -0.650791 
 20551.2   9638.6      0.1     28.9     -0.0      6.3 
    -0.3     17.1     -0.0     13.5   9500.0  10000.0 
     -3.4      34.2       0.2      25.3 
      0.2      15.6      -0.1       5.5 
      0.3      12.4      -0.1       1.7 
     -0.2      11.5      -0.1       0.8 
9209 -0.000000 -0.800000 -0.600000 
 22236.2   9377.2      0.1     28.9      0.0      6.4 
    -0.4     11.6      0.0     13.5  11000.0  11250.0 
     -3.1      31.7       0.7      26.7 
     -0.2      15.0       0.1       6.4 
      0.1      11.3      -0.1       1.8 
     -0.1      10.4      -0.1       0.9 
9210 -0.000000 -0.832050 -0.554700 
 24029.7   8928.0      0.1     28.9      0.0      6.3 
    -0.7      8.5      0.0     13.5  12500.0  12500.0 
     -4.6      32.8      -0.3      26.9 
     -0.2      15.2       0.3       7.3 
     -0.1      12.3      -0.1       1.3 
     -0.2      11.0      -0.0       0.8 
9211 -0.000000 -0.857493 -0.514496 
 25878.0   8970.0      0.1     28.9      0.0      6.3 
    -1.6      7.6      0.0     13.4  12750.0  14250.0 
     -3.6      33.9       1.2      26.5 
      0.1      16.2      -0.3       7.1 
     -0.0      12.8       0.0       1.6 
     -0.1      12.4      -0.1       0.9 
9212 -0.000000 -0.877896 -0.478852 
 27724.5   8820.6      0.1     28.9     -0.0      6.3 
     0.1     57.7     -0.0     13.4  14250.0  15750.0 
     -4.1      31.7      -0.8      27.0 
     -0.1      16.1      -0.2       8.6 
     -0.1      13.1      -0.1       1.9 
     -0.0      12.4      -0.1       1.0 
9213 -0.000000 -0.894427 -0.447214 
 29712.1   8697.4      0.1     28.9      0.0      6.2 
     0.1     57.7      0.0     13.4  15750.0  16000.0 
     -4.6      31.2      -0.1      27.8 
     -0.1      15.6      -0.1       9.6 
      0.1      12.1      -0.1       2.1 
     -0.1      11.6      -0.0       1.2 
9214 -0.000000 -0.907959 -0.419058 
 31752.6   8546.5      0.1     28.9     -0.0      6.2 
     0.1     57.7     -0.0     13.3  17250.0  17500.0 
     -5.1      31.8       1.1      28.7 
      0.1      15.8      -0.7       9.5 
     -0.1      12.7      -0.1       1.9 
     -0.3      11.7      -0.1       1.2 
9215 -0.000000 -0.919145 -0.393919 
 33851.2   8572.6      0.1     28.9     -0.0      6.2 
     0.1     57.7     -0.0     13.3  18000.0  19000.0 
     -5.0      34.1       1.4      29.0 
     -0.2      16.7      -0.4      11.6 
     -0.0      13.6      -0.1       2.2 
     -0.3      13.0      -0.1       1.1 
9216 -0.000000 -0.928477 -0.371391 
 35875.9   8461.6      0.1     28.9     -0.0      6.2 
     0.1     57.7     -0.0     13.2  20500.0  20500.0 
     -5.8      34.3       0.1      29.5 
     -0.1      16.6       0.1      12.1 
     -0.0      13.5      -0.1       2.3 
     -0.2      13.0      -0.0       1.2 
9217 -0.000000 -0.936329 -0.351123 
 38048.8   8470.3      0.1     28.9     -0.0      6.1 
     0.1     57.7     -0.0     13.2  22000.0  22250.0 
     -5.3      33.9       0.8      29.5 
     -0.2      16.2      -0.4      13.5 
     -0.0      12.5      -0.0       2.8 
     -0.3      12.2      -0.1       1.2 
9218 -0.000000 -0.942990 -0.332820 
 39957.6   8376.6      0.1     28.9      0.0      6.1 
     0.1     57.7      0.0     13.2  22250.0  23750.0 
     -5.6      31.0       1.1      28.1 
     -0.4      15.8      -0.2      13.0 
     -0.1      12.7      -0.0       2.6 
     -0.3      12.0      -0.0       1.3 
9219 -0.000000 -0.948683 -0.316228 
 42107.6   8402.4      0.1     28.9     -0.1      6.1 
     0.1     57.7     -0.1     13.2  23750.0  25250.0 
     -4.7      32.9       0.3      29.6 
     -0.3      16.7       0.2      14.4 
      0.1      13.9       0.1       2.9 
     -0.4      13.3      -0.1       2.8 
9220 -0.000000 -0.953583 -0.301131 
 44212.1   8423.4      0.1     28.9      0.1      6.0 
     0.1     57.7      0.0     13.1  25500.0  26750.0 
     -6.9      33.4       0.6      29.9 
     -0.4      16.8      -0.2      14.5 
     -0.1      13.9      -0.1       2.9 
     -0.4      13.4      -0.1       1.4 
9221 -0.000000 -0.957826 -0.287348 
 46270.1   8379.1      0.1     28.9     -0.0      6.0 
     0.1     57.7     -0.0     13.1  27250.0  28500.0 
     -5.8      33.6       1.6      31.1 
     -0.1      15.9      -0.4      15.4 
     -0.2      13.0      -0.3       3.3 
     -0.2      12.4      -0.0       2.6 
9222 -0.000000 -0.961524 -0.274721 
 48423.4   8299.3      0.1     28.9     -0.0      6.0 
     0.1     57.7      0.0     13.0  28750.0  30000.0 
     -4.5      32.3       1.7      29.8 
     -0.2      16.0       0.1      14.3 
     -0.3      13.1       0.1       3.3 
     -0.3      12.3      -0.0       1.5 
9223 -0.000000 -0.964764 -0.263117 
 50565.8   8322.0      0.1     28.9     -0.0      6.0 
     0.1     57.7      0.0     13.0  30250.0  31500.0 
     -5.9      32.9      -0.5      31.4 
     -0.5      17.0       0.3      15.4 
     -0.1      14.0      -0.1       3.5 
     -0.1      13.8      -0.1       1.6 
9224 -0.000000 -0.967617 -0.252422 
 52804.4   8324.5      0.1     28.9      0.0      6.0 
     0.1     57.7     -0.0     13.0  31750.0  33000.0 
     -5.4      33.2       0.6      31.5 
     -0.5      16.8      -0.6      16.1 
     -0.1      13.7      -0.1       4.2 
     -0.5      13.7      -0.0       1.3 
9225 -0.000000 -0.970142 -0.242536 
 54902.1   8302.5      0.1     28.9     -0.0      5.9 
     0.1     57.7     -0.0     13.0  33250.0  34500.0 
     -6.7      33.3       0.9      32.2 
     -0.3      16.2      -0.4      16.9 
     -0.1      12.8      -0.2       3.7 
     -0.1      12.8      -0.1       1.5 
9226 -0.000000 -0.972387 -0.233373 
 57107.2   8285.4      0.1     28.9     -0.0      6.0 
     0.1     57.7      0.0     12.9  34750.0  36000.0 
     -4.9      31.9       0.5      32.6 
     -0.7      16.3       0.0      16.6 
     -0.1      13.3      -0.1       4.1 
     -0.2      12.3      -0.0       1.5 
9227 -0.000000 -0.974391 -0.224860 
 59255.9   8305.9      0.1     28.9     -0.0      5.9 
     0.1     57.7     -0.0     13.0  36250.0  37500.0 
     -5.6      31.8       1.6      31.5 
     -0.5      16.9       0.1      17.8 
     -0.1      14.4      -0.2       4.1 
     -0.3      13.7      -0.0       1.8 
9228 -0.000000 -0.976187 -0.216930 
 61486.2   8351.9      0.1     28.9     -0.1      5.9 
     0.1     57.7     -0.1     12.9  37750.0  38750.0 
     -5.2      33.9       0.9      32.4 
     -0.6      16.9       0.1      17.1 
     -0.3      14.0      -0.3       4.2 
     -0.2      13.7      -0.0       1.6 
9229 -0.000000 -0.977802 -0.209529 
 63483.4   8331.6      0.1     28.9     -0.0      5.9 
     0.1     57.7     -0.0     12.9  39500.0  40750.0 
     -6.7      31.9       2.1      32.1 
     -0.7      16.2      -0.3      17.5 
     -0.2      13.1      -0.0       4.2 
     -0.6      12.8      -0.1       1.5 
9230 -0.000000 -0.979260 -0.202606 
 65843.8   8335.0      0.1     28.9      0.0      5.8 
     0.1     57.7      0.0     12.9  41000.0  42500.0 
     -6.1      34.3       1.6      32.1 
     -0.5      16.0       0.0      17.8 
     -0.2      13.2      -0.0       4.7 
     -0.6      12.6       0.1       2.8 
9231 -0.000000 -0.980581 -0.196116 
 68097.9   8325.0      0.1     28.9     -0.0      5.8 
     0.1     57.7     -0.1     12.9  42500.0  44000.0 
     -5.5      33.1      -0.5      32.7 
     -0.6      17.3      -0.3      18.3 
      0.1      14.2       0.1       4.7 
     -0.3      13.7      -0.0       1.6 
9232 -0.000000 -0.981780 -0.190022 
 70163.6   8419.1      0.1     28.9     -0.1      5.8 
     0.1     57.7     -0.0     12.8  44500.0  45750.0 
     -4.5      31.6       0.6      33.5 
     -0.4      17.0       0.5      18.9 
     -0.3      14.1      -0.1       5.4 
     -0.5      13.9      -0.1       1.5 
9233 -0.000000 -0.982872 -0.184289 
 72259.5   8349.5      0.1     28.9      0.0      5.8 
     0.1     57.7      0.0     12.8  46000.0  47250.0 
     -5.9      33.2       1.1      33.7 
     -0.6      16.6       0.1      19.2 
     -0.2      13.2       0.1       4.5 
     -0.5      13.2      -0.1       2.9 
9234 -0.000000 -0.983870 -0.178885 
 74576.8   8382.1      0.1     28.9      0.0      5.8 
     0.1     57.7     -0.0     12.8  47500.0  48750.0 
     -5.2      31.1       2.0      34.6 
     -0.3      16.5      -0.5      19.4 
     -0.1      13.3       0.1       5.2 
     -0.4      12.7       0.0       1.7 
9235 -0.000000 -0.984784 -0.173785 
 76743.9   8372.8      0.1     28.9     -0.0      5.7 
     0.1     57.7     -0.0     12.8  49000.0  50500.0 
     -5.7      32.4       3.0      34.1 
     -0.6      17.5      -0.0      19.1 
     -0.2      14.2      -0.1       5.2 
      0.1      13.7      -0.1       1.8 
9236 -0.000000 -0.985622 -0.168964 
 78998.9   8380.1      0.1     28.9      0.0      5.7 
     0.1     57.7      0.0     12.7  50500.0  52000.0 
     -4.3      35.2       2.2      35.2 
     -0.6      17.1      -0.4      19.5 
     -0.3      14.1      -0.2       5.6 
     -0.3      13.7      -0.1       1.8 
9237 -0.000000 -0.986394 -0.164399 
 81106.1   8363.8      0.1     28.9     -0.0      5.9 
     0.1     57.7     -0.0     12.7  52500.0  53500.0 
     -7.4      35.2       3.5      36.7 
     -0.7      16.0       0.2      19.6 
     -0.1      13.2       0.0       5.4 
     -0.4      13.0      -0.1       1.8 
9238 -0.000000 -0.987105 -0.160071 
 83322.7   8404.8      0.1     28.9     -0.0      5.7 
     0.1     57.7     -0.0     12.7  54000.0  55000.0 
     -6.1      32.4       1.8      36.1 
     -0.8      16.6      -0.4      20.1 
     -0.3      13.4      -0.1       6.2 
     -0.3      12.7      -0.1       1.9 
9239 -0.000000 -0.987763 -0.155963 
 85609.1   8489.3      0.1     28.9      0.0      5.8 
     0.1     57.7     -0.0     12.7  55250.0  56750.0 
     -5.3      31.9       3.0      35.2 
     -0.6      17.2      -0.0      20.3 
     -0.3      14.3      -0.1       5.9 
     -0.6      13.7      -0.1       1.7 
9240 -0.000000 -0.988372 -0.152057 
 87679.7   8373.6      0.1     28.9     -0.0      5.6 
     0.1     57.7     -0.0     12.6  57250.0  58750.0 
     -5.8      29.6       1.1      36.4 
     -0.5      16.8      -0.4      19.8 
     -0.1      13.9       0.0       6.9 
     -0.5      13.9      -0.0       1.8 
9241 -0.000000 -0.988936 -0.148340 
 89979.0   8389.1      0.1     28.9      0.0      5.7 
     0.1     57.7      0.0     12.7  59250.0  60500.0 
     -5.1      31.4       3.2      35.2 
     -0.8      16.5       0.1      20.3 
     -0.1      13.4      -0.1       6.7 
     -0.2      13.1      -0.0       1.9 
9242 -0.000000 -0.989461 -0.144799 
 92181.8   8395.5      0.1     28.9     -0.1      5.8 
     0.1     57.7     -0.0     12.6  60250.0  62500.0 
     -5.0      32.2       1.6      36.4 
     -0.9      16.7       0.1      20.8 
      0.2      13.3      -0.2       6.4 
     -0.4      12.8      -0.1       3.4 
9243 -0.000000 -0.989950 -0.141421 
 94223.2   8401.2      0.1     28.9     -0.0      5.7 
     0.1     57.7     -0.0     12.6  62000.0  63750.0 
     -5.1      31.7       3.1      36.9 
     -0.9      17.1      -0.3      20.5 
     -0.4      14.1      -0.1       6.6 
     -0.5      14.0      -0.0       2.9 
9244 -0.000000 -0.990405 -0.138196 
 96527.9   8428.2      0.1     28.9     -0.0      5.6 
     0.1     57.7      0.0     12.6  64250.0  65500.0 
     -5.0      32.3       1.1      36.0 
     -0.9      17.2       0.2      21.2 
     -0.1      14.3      -0.2       7.0 
     -0.5      14.1      -0.0       2.2 
9245 -0.000000 -0.990830 -0.135113 
 98833.1   8368.3      0.1     28.9      0.0      5.7 
     0.1     57.7      0.1     12.5  65750.0  67250.0 
     -4.8      34.8       1.1      36.9 
     -1.0      16.7      -0.3      21.1 
     -0.1      13.4      -0.1       7.3 
     -0.1      13.2      -0.1       2.3 
9246 -0.000000 -0.991228 -0.132164 
100769.2   8405.6      0.1     28.9     -0.0      5.6 
     0.1     57.7      0.0     12.6  67500.0  69000.0 
     -6.0      34.9       3.6      36.5 
     -0.5      16.1      -0.4      21.4 
     -0.2      13.3      -0.2       7.3 
     -0.4      13.1      -0.0       1.8 
9247 -0.000000 -0.991600 -0.129339 
103142.3   8397.0      0.1     28.9     -0.0      5.6 
     0.1     57.7     -0.0     12.5  68500.0  70500.0 
     -4.2      31.9      -0.5      37.3 
     -0.8      17.4       0.0      21.7 
     -0.3      14.4       0.0       7.6 
     -0.2      13.9      -0.0       2.5 
9248 -0.000000 -0.991950 -0.126632 
105254.3   8386.8      0.1     28.9      0.0      5.7 
     0.1     57.7      0.0     12.5  71250.0  72250.0 
     -7.1      35.0       0.3      36.9 
     -0.9      17.4      -0.2      21.7 
     -0.4      14.3      -0.2       7.4 
     -0.5      14.2      -0.0       2.1 
9249 -0.000000 -0.992278 -0.124035 
107542.3   8400.5      0.1     28.9     -0.0      5.6 
     0.1     57.7     -0.0     12.5  72250.0  73750.0 
     -7.3      34.0       3.7      36.7 
     -0.8      16.2      -0.3      21.6 
     -0.3      13.3       0.1       7.7 
     -0.2      13.7      -0.1       2.2 
9250 -0.000000 -0.992586 -0.121541 
109886.3   8471.0      0.1     28.9      0.1      5.8 
     0.1     57.7      0.0     12.5  73750.0  75500.0 
     -7.5      30.3       2.1      34.3 
     -0.7      16.8      -0.2      21.6 
     -0.3      13.2      -0.0       7.8 
     -0.4      12.6       0.0       2.2 
9251 -0.000000 -0.992877 -0.119145 
112139.4   8414.0      0.1     28.9      0.0      5.8 
     0.1     57.7     -0.0     12.5  75250.0  76750.0 
     -7.6      34.5       1.4      37.5 
     -0.6      17.4      -0.2      22.0 
     -0.3      14.5      -0.1       8.4 
     -0.3      13.9      -0.1       2.2 
9252 -0.000000 -0.993151 -0.116841 
114028.4   8425.2      0.1     28.9     -0.1      5.6 
     0.1     57.7     -0.1     12.4  76750.0  78500.0 
     -6.1      34.7       1.9      37.6 
     -1.1      17.3       0.3      22.0 
     -0.1      14.3       0.0       9.0 
     -0.1      14.1      -0.0       2.0 
9253 -0.000000 -0.993409 -0.114624 
116623.3   8485.7      0.1     28.9     -0.0      5.8 
     0.1     57.7     -0.0     12.5  79750.0  81250.0 
     -5.1      28.7       3.1      36.7 
     -1.1      16.2      -0.3      22.2 
     -0.3      13.2      -0.3       8.6 
     -0.1      13.2      -0.0       2.2 
9254 -0.000000 -0.993653 -0.112489 
118613.7   8423.4      0.1     28.9      0.0      5.5 
     0.1     57.7     -0.0     12.4  80000.0  81750.0 
     -5.9      30.4       3.0      37.0 
     -0.8      17.0       0.5      22.5 
     -0.3      13.5       0.1       8.6 
     -0.5      13.0      -0.1       4.6 
9255 -0.000000 -0.993884 -0.110432 
120987.5   8505.6      0.1     28.9     -0.1      5.5 
     0.1     57.7     -0.0     12.4  81500.0  83250.0 
     -2.8      24.1       4.9      37.6 
     -1.0      17.1       0.2      22.1 
     -0.4      14.2       0.3       9.7 
     -0.2      13.9      -0.1       2.6 
9256 -0.000000 -0.994102 -0.108448 
123012.1   8438.6      0.1     28.9      0.0      5.5 
     0.1     57.7     -0.0     12.4  83750.0  85500.0 
     -6.5      29.3       5.3      37.4 
     -1.2      16.9      -0.4      23.1 
     -0.3      14.4      -0.2       8.8 
     -0.3      14.5      -0.2       2.3 
9257 -0.000000 -0.994309 -0.106533 
125213.5   8473.6      0.1     28.9      0.0      5.5 
     0.1     57.7      0.0     12.4  85000.0  87500.0 
     -4.8      29.0       2.9      37.0 
     -0.8      16.4      -0.1      22.3 
     -0.1      13.3      -0.1       8.8 
     -0.3      13.4      -0.0       2.7 
9258 -0.000000 -0.994505 -0.104685 
127539.9   8463.4      0.1     28.9     -0.1      5.4 
     0.1     57.7     -0.0     12.4  86750.0  88500.0 
     -4.1      30.5       4.3      37.4 
     -0.9      16.4      -0.1      23.1 
     -0.1      13.3      -0.2       9.2 
     -0.2      13.0      -0.1       3.2 
9259 -0.000000 -0.994692 -0.102899 
129770.4   8592.7      0.1     28.9      0.1      5.4 
     0.1     57.7      0.0     12.4  88500.0  91000.0 
     -3.7      26.1       2.2      37.0 
     -0.7      16.7      -0.1      22.8 
     -0.3      14.2      -0.3       9.0 
     -0.1      14.2      -0.2       4.1 
9260 0.600000 -0.000000 -0.800000 
 16417.6   3154.0      0.1     28.5    -20.0     33.0 
     0.1     57.3      0.1     14.4   1750.0   3250.0 
     -2.6      48.5       2.3      16.3 
      0.6       9.9      -0.0       6.4 
      1.3       7.2      -0.0       5.8 
      0.0       0.9      -0.6       8.2 
9261 0.554700 -0.000000 -0.832050 
 15837.9   3419.2     -0.0     28.6    -14.5     31.8 
    -0.0     57.4      0.1     14.4   3250.0   3250.0 
      0.6      46.7       1.9      16.1 
      1.9       9.9      -0.0       5.9 
     -0.5       1.5      -0.1       5.3 
     -0.0       0.5      -0.4       6.7 
9262 0.503871 -0.000000 -0.863779 
 15232.7   3743.4     -0.3     28.7    -11.8     26.6 
    -0.3     57.4      1.4      7.4   3500.0   5000.0 
     -1.4      43.0       1.5      16.2 
     -2.9      15.7      -0.0       5.5 
      1.2       4.0      -0.0       4.9 
     -0.1       0.5      -0.3       5.6 
9263 0.447214 -0.000000 -0.894427 
 14806.3   4181.3     -0.1     28.6     -7.2     22.7 
    -0.1     57.4     -1.0      5.7   3500.0   5000.0 
     -1.7      53.6       2.7      17.2 
     -0.8      12.0      -0.0       5.2 
      0.1       1.4      -0.0       4.3 
     -0.1       0.5      -0.3       5.1 
9264 0.384615 -0.000000 -0.923077 
 14313.0   4838.6      0.2     28.7     10.5     19.6 
     0.3     57.4     -0.1      3.7   4750.0   5000.0 
      4.5      48.5       1.9      16.5 
     -0.7       8.2      -0.0       5.0 
     -0.1       1.4       0.0       4.3 
     -0.1       0.5      -0.2       4.5 
9265 0.351123 -0.000000 -0.936329 
 14226.6   5219.5     -0.0     28.5      0.1      7.2 
    -0.0     57.3     -0.1      3.7   5000.0   5000.0 
     -0.9      50.3       1.8      17.3 
     -0.8       7.6       0.1       4.4 
      0.2       1.4      -0.0       3.7 
     -0.2       0.7      -0.2       3.9 
9266 0.316228 -0.000000 -0.948683 
 14004.8   5705.8      0.4     28.6      2.4      5.8 
     0.4     57.3      0.1      4.3   5000.0   5000.0 
      0.1      47.7       1.0      16.3 
     -0.5       7.5       0.1       4.2 
      0.3       0.8       0.0       3.5 
     -0.0       0.5      -0.1       3.7 
9267 0.280000 -0.000000 -0.960000 
 13852.4   6447.4     -0.1     28.5     -0.6      3.2 
    -0.1     57.3      0.1      5.3   4750.0   5000.0 
      3.5      44.1       1.1      16.3 
     -1.2      15.2      -0.1       4.1 
     -0.2       0.8      -0.0       3.3 
     -0.1       0.5      -0.1       3.6 
9268 0.242536 -0.000000 -0.970142 
 13744.6   7327.7      0.2     28.5     -0.0      2.6 
     0.2     57.3      0.0      6.5   3500.0   4750.0 
     -2.8      45.5       1.0      16.3 
      0.0       6.9      -0.0       3.9 
      0.0       1.0       0.0       3.2 
     -0.1       0.5      -0.1       3.3 
9269 0.203954 -0.000000 -0.978980 
 13655.3   8470.8     -0.5     28.6      0.2      2.1 
    -0.5     57.3      0.1      7.7   4750.0   4750.0 
      0.2      45.4       0.4      16.1 
     -0.1       9.2       0.0       3.4 
     -0.2       0.8      -0.0       2.7 
     -0.1       0.5      -0.1       2.7 
9270 0.164399 -0.000000 -0.986394 
 13592.2   9473.9      0.3     28.5      0.1      2.5 
     0.3     57.3      0.1      9.1   4750.0   4750.0 
      1.2      49.8       0.7      17.5 
      1.0      11.4       0.1       3.0 
     -0.0       1.0      -0.0       2.1 
     -0.1       0.5      -0.2       2.1 
9271 0.124035 -0.000000 -0.992278 
 13574.8  10286.0      0.1     28.4      0.1      3.5 
     0.1     57.2      0.0     10.4   3500.0   4750.0 
      3.6      45.8       0.7      18.3 
     -0.1       7.4       0.0       2.4 
     -0.6       2.2       0.0       1.5 
     -0.1       0.5      -0.1       1.5 
9272 0.083045 -0.000000 -0.996546 
 13514.5  10843.1     -0.1     28.5     -0.0      4.7 
    -0.1     57.3     -0.0     11.7   3250.0   3250.0 
     -2.2      44.3       0.8      19.3 
     -0.2       8.9       0.1       2.0 
     -0.2       0.7       0.0       1.0 
     -0.1       0.5       0.0       1.0 
9273 0.041631 -0.000000 -0.999133 
 13634.3  10939.8     -0.1     28.3     -0.0      5.8 
    -0.1     57.2     -0.0     12.9   1750.0   1750.0 
     -0.3      46.8       0.3      21.8 
     -1.4       8.7      -0.2       2.4 
     -0.1       0.5      -0.0       0.9 
     -0.1       0.5       0.0       0.5 
9274 -0.000000 -0.000000 -1.000000 
 13675.2  11003.9     -0.2     28.0     -0.0      6.3 
    -0.1     57.0     -0.0     13.5   1750.0   1750.0 
      0.3      45.2       0.1      23.7 
     -0.2      10.1      -0.1       3.7 
      0.1       0.7      -0.0       1.0 
     -0.1       0.5      -0.0       1.0 
9275 -0.041631 -0.000000 -0.999133 
 13567.2  10900.0      0.0     28.3      0.1      5.7 
     0.0     57.2      0.1     12.9   1750.0   1750.0 
     -3.6      42.7       0.1      20.9 
      0.1       6.7      -0.0       2.4 
      0.1       0.7      -0.1       0.9 
     -0.1       0.6      -0.1       0.5 
9276 -0.083045 -0.000000 -0.996546 
 13604.2  10779.2     -0.4     28.5      0.1      4.6 
    -0.4     57.3      0.1     11.7   3250.0   3250.0 
     -1.1      45.1      -0.3      21.0 
     -0.1       9.5      -0.1       2.4 
      0.0       1.5      -0.1       1.1 
     -0.0       0.5      -0.1       1.0 
9277 -0.124035 -0.000000 -0.992278 
 13647.1  10378.6      0.2     28.4     -0.0      3.4 
     0.2     57.2     -0.0     10.4   3500.0   4750.0 
     -2.2      48.1      -0.8      18.5 
      1.2       7.9      -0.1       2.4 
     -0.3       1.1      -0.2       1.6 
     -0.1       0.5      -0.0       1.5 
9278 -0.164399 -0.000000 -0.986394 
 13645.2   9457.9      0.0     28.5     -0.1      2.5 
     0.0     57.3     -0.0      9.0   4750.0   4750.0 
     -2.5      42.5      -0.8      17.0 
     -1.0      10.6      -0.1       2.9 
     -0.4       1.5      -0.1       2.1 
     -0.1       0.5       0.0       2.1 
9279 -0.203954 -0.000000 -0.978980 
 13595.6   8448.7      0.2     28.5     -0.2      4.2 
     0.2     57.3     -0.2      7.7   4750.0   4750.0 
      0.7      52.4      -0.7      15.8 
     -0.2       6.6      -0.1       3.5 
     -0.0       0.8      -0.1       2.7 
     -0.1       0.5      -0.1       2.7 
9280 -0.242536 -0.000000 -0.970142 
 13750.6   7336.2     -0.2     28.5      0.0      2.4 
    -0.2     57.3     -0.1      6.5   3500.0   4750.0 
     -1.0      47.4      -0.4      15.5 
     -1.3       8.1      -0.1       3.9 
     -0.2       1.0      -0.0       3.2 
     -0.1       0.5      -0.0       3.3 
9281 -0.280000 -0.000000 -0.960000 
 13813.2   6416.3      0.1     28.6      0.7      3.3 
     0.1     57.4     -0.0      5.3   4750.0   5000.0 
     -0.8      47.5      -0.7      15.6 
     -0.9      12.2      -0.0       4.0 
     -0.3       0.9      -0.1       3.4 
     -0.1       0.5       0.0       3.6 
9282 -0.316228 -0.000000 -0.948683 
 13994.6   5748.0      0.1     28.5      0.6      3.1 
     0.1     57.3     -0.0      4.3   5000.0   5000.0 
      0.4      52.8      -0.4      16.3 
     -0.3       9.5      -0.1       4.2 
     -0.2       0.9      -0.0       3.3 
     -0.1       0.5       0.1       3.7 
9283 -0.351123 -0.000000 -0.936329 
 14114.0   5173.5      0.3     28.4      0.1      7.2 
     0.3     57.2      0.0      3.7   5000.0   5000.0 
      3.5      49.1      -1.1      15.8 
     -0.8      10.8      -0.1       4.4 
     -0.4       1.4      -0.1       3.6 
     -0.1       0.5       0.1       3.9 
9284 -0.384615 -0.000000 -0.923077 
 14276.4   4821.7      0.1     28.5     -0.3     19.2 
     0.1     57.3      0.2      3.7   3500.0   5000.0 
      3.6      48.4      -1.3      15.2 
      0.3       7.7      -0.2       4.9 
      0.2       1.2      -0.1       4.2 
     -0.1       0.5       0.1       4.5 
9285 -0.447214 -0.000000 -0.894427 
 14796.5   4186.1     -0.2     28.6     -5.7     24.2 
    -0.2     57.4      0.5      5.1   3500.0   5000.0 
      0.1      50.8      -2.2      15.6 
     -1.0       8.3      -0.1       5.1 
      0.4       2.0      -0.0       4.4 
     -0.1       0.7       0.1       5.1 
9286 -0.503871 -0.000000 -0.863779 
 15235.9   3772.6      0.1     28.6     -7.4     27.4 
     0.1     57.4     -0.7      8.7   3250.0   4750.0 
     -0.0      44.3      -1.7      15.8 
     -0.8       8.1      -0.0       5.5 
     -0.0       3.1      -0.1       4.9 
     -0.1       1.2       0.2       5.7 
9287 -0.554700 -0.000000 -0.832050 
 15769.4   3425.7      0.2     28.5    -14.8     30.5 
     0.2     57.3     -2.3      8.7   1750.0   3250.0 
      0.1      46.6      -1.6      15.2 
     -0.6       8.8      -0.1       5.8 
     -0.1       1.4      -0.0       5.4 
     -0.0       0.8       0.1       6.7 
9288 -0.600000 -0.000000 -0.800000 
 16321.2   3159.6      0.1     28.6    -18.6     36.8 
     0.1     57.3      0.1     14.4   1750.0   1750.0 
     -0.0      43.6      -1.1      13.7 
     -0.0      10.1      -0.2       6.4 
     -0.4       3.3      -0.1       5.7 
     -0.1       0.5       0.1       8.4 
9289 0.468521 -0.624695 -0.624695 
 20899.5   4128.8      7.8     45.6     -5.7     43.9 
    -0.3     22.6      0.1     14.4   8000.0   9750.0 
     -3.1      32.7       1.3      16.3 
     -0.2      15.4       0.1       5.9 
     -0.1      12.6      -0.1       5.1 
      0.2      11.9      -0.1       5.9 
9290 0.426401 -0.639602 -0.639602 
 20385.2   4545.0     -2.2     37.9      0.1      7.2 
    -0.3     22.6      0.1     14.4   8500.0  10000.0 
     -3.3      32.5       1.3      17.2 
      0.0      15.4       0.1       5.4 
      0.1      12.0      -0.1       4.5 
     -0.1      11.7      -0.0       5.0 
9291 0.381314 -0.653682 -0.653682 
 20010.9   5032.0      0.5     48.9      0.1      7.2 
    -0.2     22.6      0.1     14.4   8500.0   9750.0 
     -3.3      35.0       1.6      17.4 
     -0.1      15.5      -0.0       5.2 
     -0.1      12.2      -0.1       4.4 
      0.1      11.8      -0.0       4.7 
9292 0.333333 -0.666667 -0.666667 
 19745.1   5648.9      0.1     28.9      0.1      7.2 
     0.0     22.8      1.4      4.0   8500.0   9750.0 
     -2.6      32.7       1.4      18.2 
     -0.3      15.8       0.1       4.9 
      0.3      12.5      -0.1       3.9 
      0.1      11.7      -0.1       3.9 
9293 0.282617 -0.678280 -0.678280 
 19483.7   6539.5     -1.5      8.4      0.1      7.2 
    -0.2     22.9     -0.1      3.0   9500.0   9750.0 
     -3.0      33.0       1.2      19.7 
     -0.0      15.9       0.0       4.7 
      0.1      12.3      -0.0       3.8 
      0.1      11.5      -0.1       3.7 
9294 0.256307 -0.683486 -0.683486 
 19336.4   7015.6      0.4      6.8      0.1      7.2 
    -0.1     23.1      0.2      2.8   9500.0   9750.0 
     -4.1      33.8       1.0      18.9 
     -0.0      16.1      -0.0       4.5 
     -0.0      12.5      -0.1       3.3 
     -0.0      11.8      -0.1       3.2 
9295 0.229416 -0.688247 -0.688247 
 19144.7   7757.9      0.1     28.9      0.1      7.2 
    -0.3     22.9      0.1      3.2   8250.0   9500.0 
     -3.0      33.5       1.1      18.8 
      0.1      15.9      -0.1       4.2 
     -0.1      12.4      -0.0       3.0 
      0.0      11.9      -0.0       3.0 
9296 0.201988 -0.692532 -0.692532 
 19080.5   8484.6     -2.2      9.4      0.1      7.2 
    -0.3     22.9      0.0      4.4   8250.0   9500.0 
     -4.0      32.8       0.7      19.2 
     -0.1      15.7       0.0       4.2 
     -0.0      12.5      -0.0       3.1 
      0.2      12.1      -0.1       3.1 
9297 0.174078 -0.696311 -0.696311 
 19003.6   9213.5     -4.3      5.0      0.1      7.2 
    -0.2     23.1      0.0      5.7   8000.0   9500.0 
     -3.5      33.6       1.1      19.6 
     -0.3      15.9      -0.1       4.0 
      0.3      12.4      -0.1       3.1 
      0.2      11.9      -0.1       3.0 
9298 0.145741 -0.699557 -0.699557 
 19001.7   9804.8     -1.1      6.1      0.1      1.9 
    -0.2     23.1     -0.0      7.1   8000.0   9500.0 
     -4.4      33.8       0.5      20.5 
     -0.2      15.9      -0.0       3.7 
      0.0      12.5      -0.0       2.6 
     -0.1      11.7      -0.0       2.4 
9299 0.117041 -0.702247 -0.702247 
 18994.2   9994.7     -3.0     10.2      0.1      1.9 
    -0.4     23.0      0.0      8.5   9500.0   9500.0 
     -4.8      34.6       0.8      19.8 
     -0.3      15.5      -0.0       3.3 
      0.3      12.7      -0.1       2.0 
     -0.1      11.6      -0.1       1.8 
9300 0.088045 -0.704361 -0.704361 
 18848.8  10127.4      0.1     28.9      0.0      3.0 
    -0.3     23.2     -0.1     10.0   9500.0   9500.0 
     -4.1      33.3       0.3      20.9 
     -0.1      15.6      -0.0       3.0 
      0.1      13.0      -0.1       1.5 
     -0.1      11.7      -0.0       1.4 
9301 0.058824 -0.705882 -0.705882 
 18862.7  10300.2      0.1     28.9     -0.2      4.2 
    -0.5     23.2     -0.2     11.4   9500.0   9500.0 
     -4.2      33.4       0.5      21.7 
      0.0      15.4      -0.0       2.7 
     -0.0      12.8       0.0       1.1 
     -0.0      11.7      -0.0       1.0 
9302 0.029450 -0.706800 -0.706800 
 18792.9  10352.8      0.1     28.9     -0.1      5.5 
    -0.4     23.1     -0.1     12.7   9500.0   9500.0 
     -2.7      32.1       0.8      24.2 
      0.1      15.2      -0.1       4.3 
     -0.1      12.7      -0.1       1.0 
     -0.2      11.6      -0.0       0.5 
9303 -0.000000 -0.707107 -0.707107 
 18887.9  10278.5     -0.8      7.6      0.0      6.4 
    -0.3     23.1     -0.0     13.5   8000.0   9500.0 
     -3.7      34.1      -0.4      23.9 
     -0.1      15.3      -0.1       4.6 
      0.2      13.0      -0.0       1.7 
     -0.1      11.3      -0.0       1.0 
9304 -0.029450 -0.706800 -0.706800 
 18881.0  10280.6      0.1     28.9      0.2      5.5 
    -0.2     23.2      0.2     12.7   9500.0   9500.0 
     -3.5      33.2       0.9      24.0 
     -0.0      15.5      -0.2       3.8 
      0.4      12.7      -0.1       1.2 
     -0.1      11.6      -0.1       0.5 
9305 -0.058824 -0.705882 -0.705882 
 18910.5  10296.3     -1.7     11.4      0.1      4.2 
    -0.7     23.1      0.1     11.4   9500.0   9500.0 
     -4.3      35.1       0.1      22.1 
      0.0      15.4      -0.0       3.2 
     -0.2      12.7      -0.1       1.1 
     -0.1      11.7      -0.1       1.0 
9306 -0.088045 -0.704361 -0.704361 
 18905.5  10055.0    -59.8    160.6      0.1      2.9 
    -0.4     23.1      0.1      9.9   9500.0   9500.0 
     -3.5      33.4      -1.0      21.3 
     -0.1      15.7      -0.1       2.7 
     -0.2      12.8      -0.1       1.5 
     -0.1      11.7      -0.1       1.8 
9307 -0.117041 -0.702247 -0.702247 
 18898.7   9971.7     -2.7      7.7     -0.1      1.9 
    -0.5     23.2     -0.0      8.6   9500.0   9500.0 
     -4.0      32.0      -0.6      20.0 
     -0.1      15.5      -0.0       3.3 
     -0.1      12.7      -0.0       2.0 
      0.0      11.8      -0.0       1.8 
9308 -0.145741 -0.699557 -0.699557 
 18926.8   9696.9      0.5      7.6     -0.3      1.8 
    -0.1     23.1     -0.0      7.1   8000.0   9500.0 
     -3.4      33.6      -0.1      19.3 
      0.1      15.6      -0.0       3.6 
      0.1      12.5      -0.0       2.5 
      0.0      11.8      -0.0       2.4 
9309 -0.174078 -0.696311 -0.696311 
 19127.6   9144.3      0.1     28.9     -1.4      2.2 
     0.0     23.0     -0.1      5.7   8000.0   9500.0 
     -3.3      33.4      -0.4      19.6 
     -0.1      15.9      -0.1       4.2 
      0.1      12.4      -0.0       3.1 
      0.2      11.8      -0.0       3.0 
9310 -0.201988 -0.692532 -0.692532 
 19061.2   8430.4      0.1     28.9      0.1      7.2 
    -0.3     23.2     -0.0      4.5   8250.0   9500.0 
     -3.9      32.6      -0.2      18.3 
      0.0      16.0       0.0       4.2 
      0.1      12.5      -0.0       3.1 
     -0.1      12.1      -0.1       3.0 
9311 -0.229416 -0.688247 -0.688247 
 19168.8   7680.0      0.1     28.9      0.1      7.2 
    -0.2     22.9     -0.1      3.3   9500.0   9500.0 
     -4.6      32.0      -0.4      18.8 
      0.2      16.1       0.0       4.4 
     -0.2      12.6      -0.1       3.1 
      0.1      11.9      -0.0       2.9 
9312 -0.256307 -0.683486 -0.683486 
 19252.7   7025.4     -0.9     11.6      0.1      7.2 
    -0.1     23.0     -0.1      2.8   9500.0   9750.0 
     -3.2      34.1      -0.7      17.5 
      0.1      16.1      -0.1       4.5 
      0.1      12.5      -0.1       3.4 
     -0.0      11.7      -0.1       3.2 
9313 -0.282617 -0.678280 -0.678280 
 19333.6   6553.0      0.3      9.0      0.1      7.2 
    -0.2     22.8      0.1      3.1   9500.0   9750.0 
     -2.6      31.7      -0.3      18.7 
     -0.1      16.1      -0.1       4.7 
     -0.1      12.3      -0.0       3.7 
     -0.0      11.6      -0.1       3.7 
9314 -0.333333 -0.666667 -0.666667 
 19796.4   5694.3      0.1     28.9      0.1      7.2 
    -0.2     22.8      1.1      4.6   9750.0   9750.0 
     -4.0      32.8      -1.0      17.7 
      0.1      15.8      -0.2       4.9 
     -0.0      12.5      -0.1       3.8 
     -0.0      11.8      -0.0       3.9 
9315 -0.381314 -0.653682 -0.653682 
 20063.3   5048.2      5.9     16.6      0.1      7.2 
    -0.1     22.7      0.1     14.4   9750.0   9750.0 
     -3.7      33.0      -1.1      17.0 
     -0.2      15.6      -0.1       5.2 
      0.3      12.3       0.1       4.3 
      0.3      11.8       0.0       4.5 
9316 -0.426401 -0.639602 -0.639602 
 20458.0   4560.8    -12.0     32.8      0.1      7.2 
    -0.1     22.6      0.1     14.4   8500.0  10000.0 
     -4.2      34.3      -0.8      16.1 
      0.1      15.1      -0.0       5.3 
      0.1      12.4      -0.0       4.6 
      0.0      11.7      -0.0       5.0 
9317 -0.468521 -0.624695 -0.624695 
 20890.7   4135.1     -2.3     48.1     -7.6     41.7 
    -0.4     22.4      0.1     14.4   8000.0   8750.0 
     -3.2      32.1      -1.9      15.1 
     -0.1      15.3      -0.1       5.7 
     -0.1      12.4      -0.1       5.1 
      0.2      11.8       0.0       5.6 
9318 0.317999 -0.847998 -0.423999 
 31143.0   6110.1      0.1     28.9      0.1      7.2 
     0.1     57.7      0.1     14.4  16250.0  16500.0 
     -4.5      33.2       2.5      18.9 
      0.0      15.8       0.1       5.8 
      0.2      12.4      -0.0       4.1 
     -0.0      11.7      -0.0       4.0 
9319 0.285714 -0.857143 -0.428571 
 30679.2   6617.8      0.1     28.9      0.1      7.2 
     0.1     57.7      0.1     14.4  16250.0  17500.0 
     -5.4      33.4       2.3      19.6 
     -0.0      16.1      -0.1       5.7 
      0.2      12.5      -0.1       3.6 
      0.2      11.6      -0.1       3.5 
9320 0.252426 -0.865462 -0.432731 
 30441.9   6996.5      0.1     28.9      0.1      7.2 
     0.1     57.7      0.1     14.4  16000.0  16250.0 
     -4.6      31.9       1.6      20.0 
      0.1      15.9      -0.1       5.6 
      0.2      12.6      -0.1       3.6 
      0.2      11.8      -0.0       3.5 
9321 0.218218 -0.872872 -0.436436 
 30181.8   7946.2      0.1     28.9      0.1      7.2 
     0.1     57.7      0.1     14.4  15750.0  16000.0 
     -4.6      32.9       1.2      19.5 
      0.1      15.4      -0.1       5.3 
     -0.1      12.1      -0.0       3.0 
      0.4      12.1      -0.1       3.0 
9322 0.183186 -0.879292 -0.439646 
 30058.8   8064.3      0.1     28.9      0.1      7.2 
     0.1     57.7     -0.3      2.7  16000.0  16500.0 
     -5.7      33.3       1.5      21.8 
     -0.1      16.0       0.1       5.3 
     -0.1      12.4      -0.0       3.3 
      0.1      11.9      -0.1       3.1 
9323 0.165395 -0.882109 -0.441054 
 29939.3   8391.9      0.1     28.9      0.1      7.2 
     0.1     57.7      0.1      1.9  16250.0  17250.0 
     -4.9      32.2       1.2      21.9 
     -0.1      16.1      -0.1       5.3 
     -0.0      12.3      -0.0       2.8 
      0.1      11.8      -0.1       2.6 
9324 0.147442 -0.884652 -0.442326 
 29918.4   8434.3      0.1     28.9      0.1      7.2 
     0.1     57.7      0.0      2.3  16250.0  17500.0 
     -4.8      34.5       0.8      22.6 
      0.2      16.0      -0.1       5.3 
     -0.1      12.2      -0.0       2.4 
      0.1      11.8      -0.1       2.3 
9325 0.129342 -0.886914 -0.443457 
 29873.5   8501.8      0.1     28.9      0.1      7.2 
     0.1     57.7     -0.0      3.5  16000.0  17250.0 
     -5.3      33.2       0.9      22.7 
     -0.0      15.9      -0.1       5.1 
      0.1      12.2      -0.1       2.7 
      0.0      11.8      -0.0       2.6 
9326 0.111111 -0.888889 -0.444444 
 29713.0   8531.8      0.1     28.9      0.1      7.2 
     0.1     57.7     -0.1      5.0  16000.0  17250.0 
     -5.0      32.8       1.8      22.4 
      0.2      15.4      -0.0       5.2 
     -0.1      12.1       0.0       3.0 
     -0.2      11.5      -0.0       2.8 
9327 0.092768 -0.890570 -0.445285 
 29843.2   8678.8      0.1     28.9      0.3      1.3 
     0.1     57.7     -0.1      6.4  16000.0  17250.0 
     -4.4      33.7       0.7      23.3 
     -0.2      16.4       0.0       5.3 
      0.1      12.2      -0.0       2.4 
      0.0      11.4      -0.0       2.0 
9328 0.074329 -0.891953 -0.445976 
 29646.7   8575.6      0.1     28.9     -0.0      1.3 
     0.1     57.7     -0.2      7.9  16000.0  17250.0 
     -4.0      32.6       0.5      24.0 
      0.0      15.4      -0.0       4.5 
      0.1      11.9      -0.0       1.6 
     -0.2      11.8      -0.0       1.4 
9329 0.055815 -0.893033 -0.446516 
 29860.0   8675.6      0.1     28.9     -0.2      2.4 
     0.1     57.7     -0.2      9.5  16000.0  17250.0 
     -5.2      34.4       0.4      24.6 
     -0.1      16.0      -0.0       5.0 
     -0.1      12.5      -0.1       1.3 
     -0.0      11.6      -0.0       1.1 
9330 0.037242 -0.893807 -0.446903 
 29760.2   8633.4      0.1     28.9     -0.3      3.8 
     0.1     57.7     -0.3     10.9  17250.0  17250.0 
     -4.2      32.3       1.0      24.9 
      0.2      15.9      -0.1       5.8 
     -0.0      12.2      -0.0       1.1 
     -0.1      11.7      -0.0       0.8 
9331 0.018631 -0.894272 -0.447136 
 29836.5   8745.0      0.1     28.9     -0.3      5.2 
     0.1     57.7     -0.3     12.3  16000.0  17250.0 
     -5.2      32.2      -0.3      26.6 
     -0.4      15.8       0.0       8.0 
      0.1      12.2      -0.1       1.2 
      0.0      11.7      -0.1       0.5 
9332 -0.000000 -0.894427 -0.447214 
 29734.8   8681.2      0.1     28.9      0.1      6.2 
     0.1     57.7      0.1     13.4  15750.0  16000.0 
     -4.3      31.9       1.8      26.6 
     -0.1      15.7      -0.3       9.8 
      0.1      12.0      -0.2       1.9 
     -0.1      11.6      -0.1       1.2 
9333 -0.018631 -0.894272 -0.447136 
 29714.8   8719.2      0.1     28.9      0.3      5.2 
     0.1     57.7      0.3     12.4  16000.0  17250.0 
     -5.2      34.0       0.1      26.8 
     -0.1      15.8       0.1       7.0 
      0.1      12.4      -0.0       1.2 
      0.0      11.8      -0.1       0.6 
9334 -0.037242 -0.893807 -0.446903 
 29729.5   8625.9      0.1     28.9      0.2      3.8 
     0.1     57.7      0.3     11.0  16000.0  17250.0 
     -4.8      32.4      -0.6      25.4 
     -0.0      15.7       0.1       5.4 
     -0.1      12.2      -0.1       1.1 
     -0.3      11.5      -0.1       1.8 
9335 -0.055815 -0.893033 -0.446516 
 29619.7   8694.0      0.1     28.9      0.2      2.4 
     0.1     57.7      0.2      9.5  16000.0  17250.0 
     -6.0      33.5      -0.4      24.8 
     -0.2      15.6      -0.1       4.7 
     -0.1      12.0      -0.1       1.3 
      0.0      11.9      -0.1       1.1 
9336 -0.074329 -0.891953 -0.445976 
 29679.5   8574.5      0.1     28.9      0.1      1.3 
     0.1     57.7      0.2      8.0  16000.0  17250.0 
     -4.6      30.8      -0.8      22.1 
     -0.3      15.5      -0.1       4.4 
      0.1      11.9      -0.0       1.7 
     -0.0      11.7      -0.1       1.5 
9337 -0.092768 -0.890570 -0.445285 
 29895.3   8647.7      0.1     28.9     -0.3      1.5 
     0.1     57.7      0.1      6.4  16000.0  17250.0 
     -5.4      34.5      -0.3      23.1 
     -0.0      15.7      -0.1       5.0 
      0.0      12.3      -0.1       2.4 
     -0.3      11.5      -0.1       2.0 
9338 -0.111111 -0.888889 -0.444444 
 29795.4   8584.8      0.1     28.9      0.1      7.2 
     0.1     57.7      0.1      5.0  16000.0  17250.0 
     -4.5      32.0      -0.4      22.7 
      0.1      16.0      -0.2       5.4 
      0.2      12.2      -0.1       3.0 
     -0.0      11.5      -0.1       2.7 
9339 -0.129342 -0.886914 -0.443457 
 29809.9   8447.2      0.1     28.9      0.1      7.2 
     0.1     57.7      0.1      3.5  16000.0  17250.0 
     -4.1      33.4      -0.3      21.8 
      0.2      15.7      -0.0       5.0 
      0.1      12.1      -0.0       2.7 
     -0.0      11.6      -0.1       2.5 
9340 -0.147442 -0.884652 -0.442326 
 29979.6   8479.3      0.1     28.9      0.1      7.2 
     0.1     57.7     -0.0      2.4  16250.0  17500.0 
     -3.9      33.5       0.5      23.1 
     -0.0      16.1      -0.0       5.0 
     -0.0      12.4      -0.0       2.5 
     -0.1      11.8      -0.1       2.3 
9341 -0.165395 -0.882109 -0.441054 
 29862.3   8258.0      0.1     28.9      0.1      7.2 
     0.1     57.7     -0.1      1.9  16250.0  17250.0 
     -3.7      31.3      -0.2      21.6 
     -0.1      16.0      -0.1       4.8 
      0.2      12.4      -0.0       2.8 
     -0.1      11.9      -0.1       2.6 
9342 -0.183186 -0.879292 -0.439646 
 30029.3   8114.9      0.1     28.9      0.1      7.2 
     0.1     57.7      0.6      2.5  16000.0  17250.0 
     -4.9      32.4       0.7      20.8 
     -0.0      16.1      -0.1       5.5 
      0.1      12.4      -0.1       3.3 
     -0.1      12.0      -0.0       3.1 
9343 -0.218218 -0.872872 -0.436436 
 30317.7   7986.4      0.1     28.9      0.1      7.2 
     0.1     57.7      0.1     14.4  15750.0  16000.0 
     -3.9      33.5       0.1      21.1 
     -0.0      15.8      -0.2       5.1 
      0.1      12.3      -0.1       3.1 
      0.1      11.8       0.0       3.0 
9344 -0.252426 -0.865462 -0.432731 
 30422.4   6995.0      0.1     28.9      0.1      7.2 
     0.1     57.7      0.1     14.4  16000.0  16250.0 
     -4.0      31.8      -0.7      19.0 
     -0.3      16.1      -0.2       5.5 
     -0.1      12.5      -0.1       3.6 
      0.2      11.9      -0.1       3.5 
9345 -0.285714 -0.857143 -0.428571 
 30674.1   6664.9      0.1     28.9      0.1      7.2 
     0.1     57.7      0.1     14.4  16250.0  17500.0 
     -4.7      31.7      -1.2      19.5 
     -0.2      16.0      -0.2       5.6 
      0.2      12.2      -0.0       3.6 
     -0.0      11.7      -0.0       3.5 
9346 -0.317999 -0.847998 -0.423999 
 31026.6   6117.7      0.1     28.9      0.1      7.2 
     0.1     57.7      0.1     14.4  16500.0  17500.0 
     -4.0      33.2      -0.2      17.9 
      0.0      15.8      -0.1       5.6 
      0.1      12.2      -0.0       4.1 
      0.3      12.0      -0.0       4.1 
9347 0.178965 -0.954480 -0.238620 
 55349.2   7990.4      0.1     28.9      0.1      7.2 
     0.1     57.7      0.1     14.4  33750.0  35000.0 
     -3.3      31.3       1.5      21.3 
     -0.5      16.5       0.1       7.6 
     -0.2      13.3      -0.0       3.4 
     -0.4      12.6      -0.0       3.1 
9348 0.159617 -0.957704 -0.239426 
 55452.0   8120.6      0.1     28.9      0.1      7.2 
     0.1     57.7      0.1     14.4  35000.0  35250.0 
     -5.1      33.3       1.9      23.0 
     -0.7      16.5       0.2       8.0 
     -0.2      13.3      -0.1       2.8 
      0.0      12.8      -0.1       2.6 
9349 0.140084 -0.960577 -0.240144 
 55204.5   8288.6      0.1     28.9      0.1      7.2 
     0.1     57.7      0.1     14.4  34750.0  35000.0 
     -5.8      30.2       1.7      23.4 
     -0.2      16.7       0.0       8.2 
      0.3      13.1      -0.1       3.1 
     -0.1      12.4       0.0       2.8 
9350 0.120386 -0.963087 -0.240772 
 55168.1   8234.0      0.1     28.9      0.1      7.2 
     0.1     57.7      0.1     14.4  34500.0  35250.0 
     -5.2      33.2       1.8      25.1 
     -0.6      16.6       0.1       8.6 
     -0.2      13.3      -0.1       2.5 
     -0.3      12.7      -0.0       2.1 
9351 0.100544 -0.965226 -0.241307 
 54857.2   8384.0      0.1     28.9      0.1      7.2 
     0.1     57.7      0.1     14.4  34750.0  35000.0 
     -3.8      31.0       2.6      26.1 
     -0.5      16.3       0.2       8.9 
     -0.1      13.1       0.0       3.0 
     -0.2      12.5      -0.0       2.7 
9352 0.090577 -0.966155 -0.241539 
 55002.6   8327.2      0.1     28.9      0.1      7.2 
     0.1     57.7      0.5      1.2  34750.0  35000.0 
     -6.4      34.4       2.1      27.5 
     -0.4      16.3       0.1       8.9 
     -0.2      13.3       0.0       2.8 
     -0.2      12.4      -0.1       2.4 
9353 0.080582 -0.966988 -0.241747 
 54899.9   8289.1      0.1     28.9      0.1      7.2 
     0.1     57.7     -0.1      1.4  34750.0  35250.0 
     -7.8      36.6       1.3      27.4 
     -0.5      16.7       0.1       8.6 
     -0.3      13.2      -0.1       2.1 
     -0.2      12.7      -0.0       1.6 
9354 0.070563 -0.967724 -0.241931 
 54751.5   8303.4      0.1     28.9      0.1      7.2 
     0.1     57.7     -0.3      2.6  34750.0  35250.0 
     -7.3      35.3       1.5      27.5 
     -0.4      16.4       0.1       9.1 
     -0.1      13.2      -0.1       2.7 
     -0.2      12.4       0.0       2.3 
9355 0.060523 -0.968364 -0.242091 
 54890.0   8361.8      0.1     28.9      0.1      7.2 
     0.1     57.7     -0.3      4.2  34750.0  35250.0 
     -4.9      29.7       1.6      28.0 
     -0.4      16.5       0.0       9.6 
     -0.2      13.1       0.0       3.2 
     -0.4      12.6       0.1       2.9 
9356 0.050464 -0.968906 -0.242227 
 54915.0   8375.8      0.1     28.9      0.1      7.2 
     0.1     57.7     -0.4      5.8  34750.0  36000.0 
     -5.5      33.5      -0.0      28.8 
     -0.5      16.6       0.2       9.7 
     -0.1      13.1       0.1       2.7 
     -0.4      12.8       0.0       3.0 
9357 0.040390 -0.969351 -0.242338 
 54856.7   8325.3      0.1     28.9     -0.1      0.8 
     0.1     57.7     -0.4      7.3  34750.0  36000.0 
     -5.2      32.6       1.9      28.9 
     -0.7      16.4      -0.1       9.5 
     -0.2      13.1      -0.1       1.6 
     -0.4      12.4      -0.1       1.1 
9358 0.030303 -0.969697 -0.242424 
 55019.7   8397.6      0.1     28.9     -0.4      1.9 
     0.1     57.7     -0.5      8.9  34750.0  36000.0 
     -5.0      30.8       1.6      30.9 
     -0.3      16.6      -0.1      10.4 
     -0.1      13.3      -0.1       2.0 
     -0.3      12.7      -0.0       1.9 
9359 0.020207 -0.969944 -0.242486 
 55062.1   8347.2      0.1     28.9     -0.5      3.6 
     0.1     57.7     -0.5     10.5  34500.0  36000.0 
     -6.0      31.9       1.8      30.5 
     -0.3      16.3      -0.1      11.9 
     -0.2      13.1      -0.1       1.6 
     -0.3      12.4      -0.1       0.8 
9360 0.010105 -0.970093 -0.242523 
 55191.8   8318.9      0.1     28.9     -0.6      4.9 
     0.1     57.7     -0.5     11.9  33500.0  34750.0 
     -4.4      30.1       1.9      32.1 
     -0.6      16.4       0.1      14.1 
     -0.4      13.3      -0.2       2.6 
     -0.5      12.8      -0.1       0.7 
9361 -0.000000 -0.970142 -0.242536 
 55064.3   8341.0      0.1     28.9      0.1      5.9 
     0.1     57.7      0.1     13.0  33250.0  34500.0 
     -5.2      29.2       0.3      31.7 
     -0.5      16.2      -0.4      16.0 
     -0.2      13.1      -0.1       4.1 
     -0.4      12.6      -0.0       2.7 
9362 -0.010105 -0.970093 -0.242523 
 54911.3   8335.7      0.1     28.9      0.6      5.0 
     0.1     57.7      0.6     11.9  34500.0  35000.0 
     -5.3      33.0       0.3      30.7 
     -0.5      16.3      -0.1      14.3 
     -0.2      13.2       0.1       2.0 
     -0.2      12.7      -0.0       0.8 
9363 -0.020207 -0.969944 -0.242486 
 54941.6   8283.3      0.1     28.9      0.5      3.4 
     0.1     57.7      0.5     10.5  34750.0  35000.0 
     -5.0      30.7       0.4      30.0 
     -0.0      16.4      -0.1      11.6 
     -0.1      13.2      -0.0       1.7 
     -0.6      12.8      -0.1       0.7 
9364 -0.030303 -0.969697 -0.242424 
 54979.4   8293.0      0.1     28.9      0.5      3.3 
     0.1     57.7      0.5      8.9  34500.0  34750.0 
     -5.6      31.9       1.0      28.8 
     -0.4      16.3       0.0      10.4 
      0.1      13.0      -0.0       1.4 
     -0.4      12.9      -0.1       0.9 
9365 -0.040390 -0.969351 -0.242338 
 54896.8   8356.1      0.1     28.9      0.1      8.1 
     0.1     57.7      0.4      7.3  34750.0  35000.0 
     -5.5      33.0       1.0      30.1 
     -0.5      16.3      -0.3       9.3 
     -0.2      13.1      -0.1       1.5 
     -0.4      12.6      -0.0       1.1 
9366 -0.050464 -0.968906 -0.242227 
 55056.4   8361.9      0.1     28.9      0.1      7.2 
     0.1     57.7      0.4      5.7  34750.0  35000.0 
     -5.6      33.0       0.6      28.6 
     -0.5      16.6      -0.3       9.8 
     -0.1      13.3      -0.2       2.9 
     -0.2      12.2      -0.1       2.4 
9367 -0.060523 -0.968364 -0.242091 
 54859.3   8353.3      0.1     28.9      0.1      7.2 
     0.1     57.7      0.4      4.1  34750.0  35000.0 
     -5.0      34.5       0.3      28.3 
     -0.3      16.3      -0.2       9.1 
     -0.1      13.1      -0.1       3.1 
     -0.3      12.6      -0.2       3.1 
9368 -0.070563 -0.967724 -0.241931 
 54877.4   8321.8      0.1     28.9      0.1      7.2 
     0.1     57.7      0.3      2.6  34750.0  36000.0 
     -4.5      31.1       0.3      27.1 
     -0.3      16.3      -0.3       9.3 
     -0.1      13.2      -0.1       2.6 
     -0.1      12.5      -0.1       2.8 
9369 -0.080582 -0.966988 -0.241747 
 54945.1   8281.8      0.1     28.9      0.1      7.2 
     0.1     57.7      0.1      1.4  34500.0  35000.0 
     -5.3      31.1       1.0      27.2 
     -0.0      16.6      -0.0       9.1 
     -0.0      13.3      -0.0       2.1 
     -0.2      12.6      -0.0       1.6 
9370 -0.090577 -0.966155 -0.241539 
 55077.4   8354.8      0.1     28.9      0.1      7.2 
     0.1     57.7     -0.0      1.6  34750.0  35250.0 
     -3.8      31.8       0.5      27.2 
     -0.6      16.5      -0.3       8.5 
     -0.0      13.3      -0.1       2.6 
     -0.2      12.4      -0.1       2.1 
9371 -0.100544 -0.965226 -0.241307 
 55002.9   8353.4      0.1     28.9      0.1      7.2 
     0.1     57.7      0.1     14.4  34750.0  35000.0 
     -6.7      35.6       0.3      26.1 
     -0.2      16.6      -0.3       8.7 
     -0.1      13.1      -0.1       3.1 
     -0.1      12.7      -0.1       3.0 
9372 -0.120386 -0.963087 -0.240772 
 55115.9   8262.7      0.1     28.9      0.1      7.2 
     0.1     57.7      0.1     14.4  34500.0  34750.0 
     -5.4      34.8       1.4      24.8 
     -0.5      16.4      -0.2       8.4 
      0.1      13.0      -0.0       2.5 
     -0.4      12.6      -0.1       2.1 
9373 -0.140084 -0.960577 -0.240144 
 54992.2   8159.6      0.1     28.9      0.1      7.2 
     0.1     57.7      0.1     14.4  34750.0  35000.0 
     -5.6      30.5       1.2      23.1 
     -0.4      16.3      -0.2       8.0 
     -0.2      13.0      -0.1       3.1 
     -0.1      12.5      -0.1       2.9 
9374 -0.159617 -0.957704 -0.239426 
 55174.4   8135.7      0.1     28.9      0.1      7.2 
     0.1     57.7      0.1     14.4  35000.0  35250.0 
     -4.9      31.5       0.2      22.1 
     -0.8      16.9      -0.3       7.8 
     -0.2      13.2      -0.1       2.9 
      0.2      12.6      -0.0       2.4 
9375 -0.178965 -0.954480 -0.238620 
 55334.9   8022.8      0.1     28.9      0.1      7.2 
     0.1     57.7      0.1     14.4  34000.0  35250.0 
     -4.1      32.5       1.5      21.1 
     -0.3      16.3      -0.1       7.4 
      0.2      13.3      -0.0       3.4 
     -0.2      12.4      -0.1       3.0 
9376 0.092626 -0.988012 -0.123502 
107560.9   8411.0      0.1     28.9      0.1      7.2 
     0.1     57.7      0.1     14.4  75250.0  75750.0 
     -5.3      30.1       4.9      25.6 
     -0.9      17.4       0.4      11.3 
     -0.1      13.4      -0.0       3.6 
     -0.2      12.8       0.1       3.6 
9377 0.082409 -0.988903 -0.123613 
107689.1   8431.5      0.1     28.9      0.1      7.2 
     0.1     57.7      0.1     14.4  75000.0  76500.0 
     -6.3      31.2       2.6      27.0 
     -0.7      17.0       0.1      11.4 
     -0.1      13.7      -0.1       2.9 
     -0.1      13.0      -0.1       1.7 
9378 0.072165 -0.989691 -0.123711 
107355.7   8396.5      0.1     28.9      0.1      7.2 
     0.1     57.7      0.1     14.4  75500.0  76750.0 
     -5.4      30.5       2.4      26.7 
     -0.6      16.9       0.3      12.0 
     -0.3      13.4      -0.0       3.8 
     -0.2      12.9       0.0       2.9 
9379 0.061898 -0.990375 -0.123797 
107482.3   8416.4      0.1     28.9      0.1      7.2 
     0.1     57.7      0.1     14.4  75250.0  76500.0 
     -4.4      33.1       1.7      29.5 
     -0.5      16.7       0.0      12.2 
     -0.3      13.3      -0.1       3.0 
     -0.2      12.8      -0.0       2.3 
9380 0.051612 -0.990955 -0.123869 
107573.9   8361.2      0.1     28.9      0.1      7.2 
     0.1     57.7      0.1     14.4  75500.0  76750.0 
     -5.2      30.5       1.8      30.9 
     -0.9      17.4       0.1      13.5 
     -0.2      13.5       0.0       3.9 
     -0.4      12.8       0.0       2.9 
9381 0.046463 -0.991206 -0.123901 
107745.8   8404.9      0.1     28.9      0.1      7.2 
     0.1     57.7      0.1     14.4  75500.0  76750.0 
     -6.4      31.3       1.4      30.8 
     -0.9      16.6       0.3      14.0 
     -0.3      13.4       0.1       3.5 
     -0.2      12.5       0.1       2.8 
9382 0.041310 -0.991431 -0.123929 
107595.3   8436.9      0.1     28.9      0.1      7.2 
     0.1     57.7     -0.3      0.8  75000.0  76500.0 
     -5.0      29.7       4.2      31.6 
     -1.0      16.6       0.2      14.3 
     -0.1      13.6      -0.2       3.0 
     -0.0      12.7      -0.1       2.0 
9383 0.036153 -0.991629 -0.123954 
107298.2   8503.3      0.1     28.9      0.1      7.2 
     0.1     57.7     -0.6      1.9  75250.0  76750.0 
     -5.4      29.1       1.5      32.0 
     -0.8      17.0       0.1      14.1 
     -0.1      13.5      -0.0       3.2 
     -0.3      12.8       0.1       2.0 
9384 0.030994 -0.991801 -0.123975 
107584.7   8499.2      0.1     28.9      0.1      7.2 
     0.1     57.7     -0.7      3.5  75250.0  76750.0 
     -6.3      34.4       2.5      32.6 
     -0.7      17.1       0.1      14.7 
     -0.0      13.5      -0.0       3.9 
     -0.3      12.9       0.1       3.1 
9385 0.025832 -0.991947 -0.123993 
107560.2   8398.2      0.1     28.9      0.1      7.2 
     0.1     57.7     -0.7      5.1  75250.0  76750.0 
     -7.5      33.7       1.5      32.6 
     -0.8      17.0       0.4      15.1 
     -0.1      13.6       0.1       4.3 
     -0.3      12.9       0.1       3.1 
9386 0.020668 -0.992066 -0.124008 
107620.5   8344.3      0.1     28.9     -0.4      0.4 
     0.1     57.7     -0.7      6.8  75250.0  76750.0 
     -5.8      31.4       1.5      34.5 
     -0.8      17.0       0.1      15.3 
     -0.2      13.5      -0.0       3.2 
     -0.4      13.0       0.0       2.0 
9387 0.015502 -0.992159 -0.124020 
107455.0   8416.8      0.1     28.9     -0.7      1.4 
     0.1     57.7     -0.8      8.4  75250.0  76750.0 
     -6.6      30.1       1.7      36.7 
     -0.7      16.7       0.1      15.9 
     -0.3      13.4      -0.2       2.9 
     -0.9      12.6      -0.1       0.8 
9388 0.010336 -0.992225 -0.124028 
107491.8   8415.5      0.1     28.9     -0.7      3.0 
     0.1     57.7     -0.7     10.0  75250.0  76750.0 
     -4.8      30.4       3.1      35.5 
     -0.7      16.7      -0.2      17.7 
     -0.0      13.4      -0.3       3.8 
     -0.6      12.8      -0.2       1.5 
9389 0.005168 -0.992265 -0.124033 
107609.5   8404.5      0.1     28.9     -0.8      4.5 
     0.1     57.7     -0.7     11.5  73500.0  75750.0 
     -3.3      28.3       1.7      36.9 
     -1.0      16.8      -0.1      20.1 
     -0.4      13.5      -0.4       5.1 
     -0.3      13.1      -0.2       1.1 
9390 -0.000000 -0.992278 -0.124035 
107512.8   8372.8      0.1     28.9      0.0      5.5 
     0.1     57.7      0.0     12.5  72500.0  74250.0 
     -5.5      32.4       2.4      35.2 
     -0.6      16.4       0.2      21.8 
     -0.3      13.2      -0.2       7.5 
     -0.0      13.2      -0.1       2.5 
9391 -0.005168 -0.992265 -0.124033 
107678.3   8385.5      0.1     28.9      0.8      4.7 
     0.1     57.7      0.8     11.5  74250.0  75500.0 
     -4.9      33.9       3.8      37.7 
     -0.5      17.2       0.4      20.2 
     -0.3      13.4       0.2       5.5 
     -0.6      13.0       0.0       1.3 
9392 -0.010336 -0.992225 -0.124028 
107544.3   8404.8      0.1     28.9      0.8      3.3 
     0.1     57.7      0.8     10.0  75250.0  76750.0 
     -7.7      33.0       3.2      36.6 
     -0.6      16.6       0.0      17.6 
     -0.1      13.7       0.1       3.9 
     -0.5      13.0      -0.0       2.5 
9393 -0.015502 -0.992159 -0.124020 
107501.4   8430.5      0.1     28.9      0.7      1.4 
     0.1     57.7      0.8      8.4  75250.0  76750.0 
     -5.6      30.5       0.3      35.0 
     -0.8      16.9       0.0      16.3 
     -0.2      13.4       0.1       2.9 
     -0.3      12.9      -0.0       2.3 
9394 -0.020668 -0.992066 -0.124008 
107533.7   8419.1      0.1     28.9      0.3      0.5 
     0.1     57.7      0.8      6.8  75000.0  76750.0 
     -6.6      32.7       1.2      34.7 
     -0.7      16.9       0.2      15.2 
     -0.1      13.4      -0.1       2.9 
     -0.5      13.9      -0.1       3.1 
9395 -0.025832 -0.991947 -0.123993 
107692.3   8466.5      0.1     28.9      0.1      7.2 
     0.1     57.7      0.7      5.1  75250.0  76500.0 
     -5.4      31.5       2.6      34.0 
     -0.8      17.0      -0.2      15.0 
      0.1      13.4      -0.3       4.1 
     -0.3      12.9      -0.4       3.2 
9396 -0.030994 -0.991801 -0.123975 
107553.1   8409.1      0.1     28.9      0.1      7.2 
     0.1     57.7      0.6      3.5  75500.0  76750.0 
     -5.2      32.9       2.7      34.3 
     -0.9      16.5      -0.3      14.8 
     -0.0      13.4      -0.2       4.0 
     -0.1      13.2      -0.2       3.1 
9397 -0.036153 -0.991629 -0.123954 
107414.3   8427.1      0.1     28.9      0.1      7.2 
     0.1     57.7      0.6      1.9  75000.0  76750.0 
     -3.4      28.1       2.2      32.2 
     -0.9      16.8      -0.1      13.9 
     -0.3      13.6      -0.1       3.4 
     -0.4      13.4      -0.2       2.1 
9398 -0.041310 -0.991431 -0.123929 
107636.1   8440.4      0.1     28.9      0.1      7.2 
     0.1     57.7      0.2      0.8  75250.0  76750.0 
     -5.1      32.0       3.0      32.3 
     -0.8      16.5      -0.0      14.0 
     -0.2      13.7      -0.1       2.8 
     -0.4      12.6      -0.0       1.2 
9399 -0.046463 -0.991206 -0.123901 
107474.7   8404.7      0.1     28.9      0.1      7.2 
     0.1     57.7      0.1     14.4  75500.0  76750.0 
     -4.5      31.7       2.3      31.0 
     -0.6      16.8      -0.1      14.2 
     -0.4      13.4      -0.3       3.7 
     -0.3      12.6      -0.1       2.9 
9400 -0.051612 -0.990955 -0.123869 
107530.1   8403.6      0.1     28.9      0.1      7.2 
     0.1     57.7      0.1     14.4  75500.0  76750.0 
     -3.6      28.7       1.6      30.6 
     -0.9      16.9       0.0      13.6 
     -0.5      13.5      -0.2       3.9 
     -0.4      12.8      -0.1       2.9 
9401 -0.061898 -0.990375 -0.123797 
107344.0   8413.8      0.1     28.9      0.1      7.2 
     0.1     57.7      0.1     14.4  75250.0  76750.0 
     -4.5      33.2       0.4      28.3 
     -0.7      16.5      -0.0      12.8 
     -0.2      13.3      -0.1       2.9 
     -0.1      12.6       0.0       1.4 
9402 -0.072165 -0.989691 -0.123711 
107387.7   8408.5      0.1     28.9      0.1      7.2 
     0.1     57.7      0.1     14.4  75500.0  77000.0 
     -3.2      30.7       2.9      26.4 
     -0.5      16.9      -0.1      12.0 
      0.1      13.7      -0.1       3.7 
     -0.2      13.4      -0.2       4.1 
9403 -0.082409 -0.988903 -0.123613 
107503.1   8522.6      0.1     28.9      0.1      7.2 
     0.1     57.7      0.1     14.4  74750.0  75750.0 
     -5.5      30.1       2.2      27.1 
     -0.7      16.5       0.0      11.4 
     -0.1      13.5      -0.0       2.9 
     -0.1      12.9       0.0       2.1 
9404 -0.092626 -0.988012 -0.123502 
107466.1   8333.3      0.1     28.9      0.1      7.2 
     0.1     57.7      0.1     14.4  74250.0  76000.0 
     -5.4      30.6       2.6      23.6 
     -0.5      16.3      -0.1      10.5 
     -0.0      13.6      -0.1       3.5 
     -0.5      12.9      -0.1       2.8 
