Dot1_100x25x150_dj0599ax32:BPix@-500V,3.8T@90deg,263K,rhe=1.10,rhh=0.7          
   303   1  3.80  61   5  29   0  500.00  263.00   12.70 1.00000   500.0     .03   19.48  100.000   25.000  150.000   500.0     .02    9.74    1.50    1.00     .85
  1001   .000000   .000000 -1.000000
   8511.0   6091.3       .0     28.3      9.4      3.0
       .1     56.9     10.9      8.9   3750.0   3750.0
       1.9      42.4        .6      18.3
       -.1       5.0       -.6       4.7
        .0       5.0       -.9       4.1
        .1       5.0      -1.5       3.8
  1002   .000000  -.132164  -.991228
   8612.0   6173.5     -1.6     25.4      9.3      3.1
     -1.6     54.1     10.9      8.9   3000.0   3750.0
      -4.0      41.5        .1      19.8
      -2.3       5.0       -.5       5.0
      -2.8       5.0       -.9       4.1
      -2.8       5.0      -1.5       3.9
  1003   .000000  -.257663  -.966235
   8754.0   6288.2     -3.0     21.8      9.2      3.3
     -2.9     50.5     11.0      8.8   3000.0   3750.0
      -5.5      30.5       -.4      17.9
      -4.6       5.7       -.5       4.7
      -4.7       5.0      -1.0       4.1
      -4.9       5.0      -1.4       3.9
  1004   .000000  -.371391  -.928477
   9068.5   6571.9     -4.5     18.3      9.2      3.4
     -4.2     46.6     11.1      8.8   3750.0   3750.0
      -9.3      31.4        .1      19.9
      -6.2       8.4       -.1       5.0
      -6.4       6.5       -.6       4.3
      -7.4       6.7      -1.4       4.0
  1005   .000000  -.470588  -.882353
   9498.4   6859.7     -5.4     14.8      9.5      3.2
     -5.0     42.7     11.3      8.6   3750.0   3750.0
     -10.0      29.0        .4      19.1
      -7.9      10.2       -.1       4.8
      -8.4       8.4       -.5       4.3
      -9.3       8.7      -1.3       4.0
  1006   .000000  -.554700  -.832050
  10110.9   7191.5     -6.6     11.8      9.5      3.2
     -5.6     38.5     11.6      8.5   3750.0   4500.0
     -13.0      32.8       1.5      19.4
      -9.9      13.3        .0       5.0
     -10.1      10.2       -.3       4.3
     -10.7      10.0      -1.0       4.1
  1007   .000000  -.624695  -.780869
  10709.5   7440.7     -8.7      9.5      9.8      3.1
     -6.1     34.2     11.9      8.3   4500.0   4500.0
     -15.6      33.4       1.3      20.3
     -11.3      15.2        .3       5.0
     -11.7      11.8       -.2       4.3
     -13.0      11.7      -1.0       4.1
  1008   .000000  -.682318  -.731055
  11464.5   7368.4    -12.0      8.6     10.0      2.7
     -6.5     29.7     12.2      8.0   4500.0   5250.0
     -19.6      36.3       1.3      19.1
     -14.0      18.5        .4       4.9
     -14.2      13.3       -.1       4.3
     -15.1      13.2       -.9       4.1
  1009   .000000  -.729537  -.683941
  12283.8   7283.8    -18.4     18.3     10.3      3.9
     -6.9     25.2     12.5      7.8   5250.0   6000.0
     -20.4      39.2       2.1      21.1
     -16.5      20.5        .7       5.1
     -17.0      16.1       -.1       4.3
     -17.5      14.7       -.5       4.2
  1010   .000000  -.768221  -.640184
  13177.5   7354.9    -22.9      9.1     10.5      2.3
     -7.5     20.7     12.7      7.6   6000.0   6000.0
     -22.3      43.1       2.6      22.9
     -18.9      22.3        .5       5.4
     -18.8      16.4        .6       4.3
     -19.5      16.1       -.6       4.1
  1011   .000000  -.800000  -.600000
  14014.1   7211.0       .0     28.9     10.7      2.0
     -7.8     16.5     12.9      7.4   6750.0   6750.0
     -22.7      40.8       1.9      24.6
     -18.9      22.2       1.0       5.6
     -18.5      17.0        .2       4.4
     -20.9      16.2       -.1       4.2
  1012   .000000  -.826227  -.563337
  14946.2   7110.8       .0     28.9     10.9      1.9
     -8.7     12.9     13.1      7.3   7500.0   7500.0
     -21.5      38.4       2.5      24.5
     -17.3      21.0        .9       5.6
     -18.7      16.8        .6       4.3
     -20.4      16.6       -.2       4.2
  1013   .000000  -.847998  -.529999
  15956.0   7116.6       .0     28.9     11.0      1.8
    -11.2     10.5     13.2      7.1   7500.0   7500.0
     -20.8      35.4       2.1      25.1
     -16.4      20.0       1.1       6.3
     -16.9      16.1        .8       4.5
     -18.9      16.2        .0       4.3
  1014   .000000  -.866186  -.499722
  16915.6   6964.0       .0     28.9     11.2      8.1
    -15.1     10.5     13.5      7.0   8250.0   9000.0
     -19.6      33.8       2.9      26.2
     -16.0      18.9       1.4       6.3
     -16.7      15.9        .7       4.3
     -18.5      16.3        .3       4.4
  1015   .000000  -.881480  -.472221
  17864.3   6972.5       .0     28.9     11.3      1.4
    -22.7     10.5     13.6      6.9   9750.0   9750.0
     -20.8      34.9       3.3      25.9
     -16.8      17.9       1.3       6.7
     -17.3      15.5       1.0       4.2
     -18.2      16.1        .4       4.2
  1016   .000000  -.894427  -.447214
  18997.8   6956.2       .0     28.9     11.6      1.2
       .0     57.7     13.6      6.8   9750.0   9750.0
     -20.9      33.5       3.2      27.3
     -17.1      18.0       1.3       7.3
     -17.5      14.9       1.0       4.3
     -18.6      15.1        .4       4.2
  1017   .000000  -.905459  -.424434
  20019.4   6806.1       .0     28.9     11.5      1.2
       .0     57.7     13.7      6.7  10500.0  11250.0
     -21.4      32.6       3.6      29.5
     -17.1      17.4       1.5       8.4
     -17.3      14.2       1.1       4.3
     -18.9      13.9        .5       4.2
  1018   .000000  -.914918  -.403640
  21034.8   6987.3       .0     28.9     12.5     11.0
       .0     57.7     13.8      6.7  11250.0  11250.0
     -20.9      33.9       4.7      29.8
     -16.9      18.0       1.8       9.3
     -17.5      15.0       1.2       4.4
     -18.7      14.2        .5       4.2
  1019   .000000  -.923077  -.384615
  21985.0   6892.5       .0     28.9     12.8     13.1
       .0     57.7     13.9      6.6  12000.0  12000.0
     -20.5      31.2       3.1      30.0
     -17.9      19.1       1.9       8.4
     -17.8      16.2       1.3       4.3
     -19.3      15.8        .6       4.2
  1020   .000000  -.930155  -.367167
  23164.8   6797.4       .0     28.9     11.6      1.0
       .0     57.7     13.9      6.5  12750.0  13500.0
     -22.4      34.1       3.7      31.7
     -18.5      18.9       2.0       9.9
     -18.3      16.4       1.2       4.4
     -20.1      16.7        .8       4.3
  1021   .000000  -.936329  -.351123
  24141.7   6907.4       .0     28.9     11.8       .8
       .0     57.7     14.1      6.5  13500.0  13500.0
     -23.2      34.9       3.6      31.5
     -18.4      18.2       2.0       9.8
     -18.5      15.4       1.5       4.5
     -20.1      16.1        .9       4.2
  1022   .000000  -.941742  -.336336
  25238.7   6815.7       .0     28.9     11.4      1.8
       .0     57.7     14.1      6.5  14250.0  15000.0
     -21.8      32.2       2.6      32.4
     -18.5      17.6       2.0       9.9
     -18.7      14.9       1.5       4.3
     -20.0      14.6        .9       4.3
  1023   .000000  -.946510  -.322674
  26402.2   6831.4       .0     28.9     10.2     10.2
       .0     57.7     14.2      6.4  15000.0  15750.0
     -21.9      31.5       3.3      32.1
     -18.1      18.3       2.0      10.8
     -18.3      15.6       1.5       4.5
     -19.8      15.1       1.0       4.3
  1024   .000000  -.950730  -.310021
  27518.0   6793.2       .0     28.9     18.4     29.4
       .0     57.7     14.2      6.3  15750.0  15750.0
     -23.1      34.5       4.7      35.1
     -18.8      19.0       2.3      12.2
     -18.5      16.7       1.6       4.5
     -20.4      16.3       1.1       4.2
  1025   .000000  -.954480  -.298275
  28540.6   6749.2       .0     28.9     12.1       .6
       .0     57.7     14.2      6.3  16500.0  17250.0
     -22.0      33.6       4.0      35.3
     -18.8      19.2       2.2      12.9
     -19.2      17.1       1.6       4.5
     -20.9      17.1       1.1       4.5
  1026   .000000  -.957826  -.287348
  29571.7   6892.2       .0     28.9      4.3     24.0
       .0     57.7     14.3      6.3  17250.0  18000.0
     -22.7      31.9       2.3      34.7
     -19.3      18.7       2.4      13.0
     -19.4      16.2       1.8       4.6
     -20.6      16.6       1.2       4.5
  1027   .000000  -.960824  -.277161
  30782.0   6736.8       .0     28.9      9.7      7.2
       .0     57.7     14.4      6.2  18750.0  18750.0
     -22.3      30.3       3.9      35.9
     -19.1      18.1       2.2      14.0
     -19.3      15.3       1.8       4.6
     -20.7      15.2       1.2       4.3
  1028   .000000  -.963518  -.267644
  31911.8   6789.0       .0     28.9      9.7      7.2
       .0     57.7     14.4      6.2  18750.0  19500.0
     -22.4      32.8       7.4      36.7
     -19.1      18.4       2.3      13.5
     -18.8      15.9       1.8       4.9
     -20.7      15.4       1.3       4.4
  1029   .000000  -.965948  -.258736
  32995.8   6803.8       .0     28.9      9.7      7.2
       .0     57.7     14.4      6.2  20250.0  20250.0
     -23.2      30.9       4.7      36.1
     -19.4      19.6       2.1      13.6
     -19.1      16.9       1.9       4.8
     -20.5      16.7       1.4       4.2
  1030   .000000  -.968147  -.250383
  34060.3   6748.2       .0     28.9      9.7      7.2
       .0     57.7     14.4      6.1  21000.0  21000.0
     -25.6      35.4       5.3      38.2
     -20.0      19.6       2.6      15.0
     -20.1      17.2       1.8       4.8
     -21.3      17.6       1.4       4.3
  1031   .000000  -.970142  -.242536
  35225.1   6869.3       .0     28.9      9.7      7.2
       .0     57.7     14.5      6.1  21750.0  21750.0
     -24.2      33.2       5.0      38.8
     -20.4      18.9       2.4      14.7
     -19.6      16.6       2.0       4.8
     -21.6      17.0       1.5       4.6
  1032   .000000  -.971959  -.235151
  36280.9   6753.5       .0     28.9      9.7      7.2
       .0     57.7     14.6      6.1  22500.0  23250.0
     -22.8      31.9       2.9      39.8
     -19.7      18.4       2.5      15.8
     -19.6      15.8       2.1       5.0
     -21.1      15.6       1.5       4.4
  1033   .000000  -.973616  -.228191
  37467.6   6812.4       .0     28.9      9.7      7.2
       .0     57.7     14.6      6.1  23250.0  24000.0
     -23.2      30.2       5.5      38.5
     -19.6      18.4       2.5      15.7
     -19.6      16.1       2.0       4.7
     -21.0      15.4       1.6       4.4
  1034   .000000  -.975133  -.221621
  38558.1   6802.3       .0     28.9      9.7      7.2
       .0     57.7     14.5      6.0  24000.0  24750.0
     -21.6      31.3       6.1      40.0
     -19.4      19.7       2.6      16.6
     -19.8      17.3       2.1       5.1
     -20.7      16.9       1.5       4.3
  1035   .000000  -.976524  -.215410
  39696.1   6777.1       .0     28.9      9.7      7.2
       .0     57.7     14.5      6.1  24750.0  25500.0
     -25.6      36.2       5.9      42.3
     -20.0      19.8       2.8      17.2
     -20.2      17.7       2.1       4.9
     -21.9      17.9       1.6       4.7
  1036   .000000  -.977802  -.209529
  40829.2   6768.6       .0     28.9      9.7      7.2
       .0     57.7     14.6      6.0  26250.0  26250.0
     -23.5      33.1       5.1      40.9
     -20.3      19.1       2.6      17.3
     -20.0      16.9       2.1       5.0
     -21.8      16.9       1.7       4.4
  1037   .000000  -.978980  -.203954
  41872.1   6784.9       .0     28.9      9.7      7.2
       .0     57.7     14.7      6.0  26250.0  27000.0
     -25.1      33.9       6.4      41.8
     -20.1      18.8       2.8      17.7
     -20.3      15.9       2.1       5.2
     -21.1      15.6       1.7       4.4
  1038   .000000  -.980068  -.198662
  42965.7   6799.4       .0     28.9      9.7      7.2
       .0     57.7     14.7      6.0  27750.0  28500.0
     -23.1      33.9       4.4      40.8
     -19.7      18.6       2.9      18.4
     -19.9      16.1       2.2       5.2
     -21.4      16.0       1.7       4.6
  1039   .000000  -.981074  -.193633
  44210.4   6821.7       .0     28.9      9.7      7.2
       .0     57.7     14.6      6.0  27750.0  28500.0
     -22.5      31.6       4.7      43.4
     -20.4      19.2       2.4      18.3
     -20.7      17.1       2.2       5.1
     -21.2      16.9       1.8       4.5
  1040   .000000  -.982006  -.188847
  45251.8   6801.6       .0     28.9      9.7      7.2
       .0     57.7     14.7      5.9  29250.0  30000.0
     -23.6      29.4       4.4      42.0
     -20.5      19.9       2.7      18.7
     -20.4      17.6       2.4       5.3
     -21.8      18.2       1.7       4.3
  1041   .000000  -.982872  -.184289
  46497.2   6838.0       .0     28.9      9.7      7.2
       .0     57.7     14.7      5.9  30000.0  30750.0
     -23.4      30.5       5.9      42.7
     -20.4      19.1       3.0      18.6
     -20.8      17.1       2.3       5.8
     -21.6      17.3       1.8       4.6
  1042   .000000  -.983677  -.179941
  47453.8   6818.1       .0     28.9      9.7      7.2
       .0     57.7     14.7      5.9  30750.0  31500.0
     -24.1      31.6       4.1      42.9
     -20.8      18.7       3.0      19.5
     -20.2      16.0       2.3       5.3
     -21.6      15.9       1.8       4.8
  1043   .000000  -.984428  -.175791
  48664.2   6828.3       .0     28.9      9.7      7.2
       .0     57.7     14.8      5.9  31500.0  32250.0
     -25.7      33.5       4.3      46.1
     -20.5      18.8       3.2      19.9
     -19.8      16.3       2.4       5.4
     -21.5      15.8       2.0       4.8
  1044   .000000  -.985128  -.171825
  49861.4   6788.9       .0     28.9      9.7      7.2
       .0     57.7     14.8      5.9  32250.0  33000.0
     -23.0      30.9       5.6      44.0
     -20.5      19.8       2.7      20.5
     -20.4      17.4       2.4       5.8
     -21.6      17.4       1.9       5.1
  1045   .000000  -.985782  -.168031
  50962.4   6827.1       .0     28.9      9.7      7.2
       .0     57.7     14.8      5.9  33750.0  33750.0
     -24.7      33.8       5.4      46.9
     -21.3      20.0       3.2      20.9
     -20.8      17.8       2.4       5.8
     -22.0      18.1       2.0       4.5
  1046   .000000  -.986394  -.164399
  52172.3   6849.8       .0     28.9      9.7      7.2
       .0     57.7     14.9      5.9  34500.0  35250.0
     -25.9      35.3       5.0      45.3
     -20.7      19.1       2.8      21.0
     -21.2      17.2       2.4       6.0
     -21.9      17.6       2.1       4.5
  1047   .000000  -.986968  -.160919
  53371.2   6885.0       .0     28.9      9.7      7.2
       .0     57.7     14.8      5.8  35250.0  36000.0
     -22.5      32.2       3.2      45.7
     -20.9      19.1       3.2      22.5
     -20.3      16.0       2.5       6.5
     -22.2      16.8       2.0       5.1
  1048   .000000  -.987506  -.157581
  54319.8   6924.6       .0     28.9      9.7      7.2
       .0     57.7     14.9      5.8  36000.0  36750.0
     -23.0      34.9       2.8      47.7
     -20.6      18.9       3.7      21.7
     -20.6      16.3       2.5       5.8
     -21.5      16.2       2.0       5.0
  1049   .000000  -.988012  -.154377
  55488.0   6936.5       .0     28.9      9.7      7.2
       .0     57.7     14.8      5.8  36750.0  37500.0
     -26.4      34.9       4.0      46.9
     -20.6      19.6       2.9      21.7
     -20.5      17.6       2.5       5.9
     -21.8      17.3       2.1       4.5
  1050   .000000  -.988488  -.151299
  56648.1   6835.9       .0     28.9      9.7      7.2
       .0     57.7     14.9      5.8  37500.0  38250.0
     -24.7      34.1       1.7      49.6
     -21.0      20.5       3.2      22.4
     -21.3      18.2       2.5       6.4
     -22.1      18.2       2.1       4.8
  1051   .000000  -.988936  -.148340
  57781.0   6870.5       .0     28.9      9.7      7.2
       .0     57.7     14.9      5.8  38250.0  39000.0
     -24.5      30.3       4.7      48.4
     -21.1      19.3       3.5      23.1
     -21.1      17.5       2.5       6.2
     -22.1      17.6       2.0       5.0
  1052   .000000  -.989359  -.145494
  58835.3   6797.8       .0     28.9      9.7      7.2
       .0     57.7     14.9      5.8  39000.0  40500.0
     -22.7      28.7       5.0      49.9
     -21.0      18.6       3.6      23.3
     -21.0      16.3       2.6       6.3
     -22.2      17.0       2.2       5.9
  1053   .000000  -.989758  -.142754
  59973.4   6824.6       .0     28.9      9.7      7.2
       .0     57.7     14.9      5.8  39750.0  41250.0
     -24.9      32.7       4.3      49.4
     -20.4      18.8       3.6      22.6
     -20.7      16.2       2.6       6.1
     -22.0      15.9       2.2       4.8
  1054   .000000  -.990135  -.140114
  61148.8   6824.6       .0     28.9      9.7      7.2
       .0     57.7     15.0      5.8  41250.0  42000.0
     -23.0      29.7       4.7      50.6
     -20.8      20.0       3.4      24.1
     -20.8      17.6       2.6       6.5
     -21.8      17.5       2.3       4.8
  1055   .000000  -.990492  -.137568
  62510.4   6856.2       .0     28.9      9.7      7.2
       .0     57.7     14.9      5.7  42000.0  42750.0
     -23.6      34.4       7.1      47.8
     -21.6      20.5       3.3      25.1
     -21.3      18.3       2.6       7.0
     -22.5      18.1       2.1       5.3
  1056   .000000  -.990830  -.135113
  63510.4   6832.0       .0     28.9      9.7      7.2
       .0     57.7     15.0      5.7  42750.0  43500.0
     -23.5      31.3      10.3      50.6
     -21.4      20.0       3.6      25.0
     -21.3      17.4       2.7       7.1
     -22.0      17.6       2.4       6.0
  1057   .000000  -.991150  -.132743
  64563.6   6836.1       .0     28.9      9.7      7.2
       .0     57.7     14.9      5.7  44250.0  45000.0
     -24.8      33.6       8.9      54.2
     -21.0      18.4       4.1      25.1
     -21.0      16.4       2.7       7.4
     -21.9      16.1       2.2       4.5
  1058   .000000  -.991454  -.130455
  65690.9   6874.3       .0     28.9      9.7      7.2
       .0     57.7     14.9      5.7  45000.0  45750.0
     -24.3      27.4       4.7      50.0
     -21.0      19.0       3.3      25.0
     -20.8      16.4       2.8       6.8
     -22.0      16.6       2.3       5.6
  1059   .000000  -.991743  -.128243
  66889.1   6805.5       .0     28.9      9.7      7.2
       .0     57.7     15.0      5.7  45750.0  46500.0
     -23.5      30.7       3.4      47.9
     -20.9      19.9       3.5      25.3
     -20.9      17.6       2.8       8.1
     -21.7      17.4       2.3       4.4
  1060   .000000  -.992017  -.126104
  68146.9   6896.5       .0     28.9      9.7      7.2
       .0     57.7     15.0      5.7  46500.0  47250.0
     -26.1      32.0       4.0      52.4
     -21.6      20.3       3.1      25.7
     -21.2      18.4       2.9       7.6
     -22.9      18.5       2.3       5.0
  1061   .000000  -.992278  -.124035
  69131.1   6887.9       .0     28.9      9.7      7.2
       .0     57.7     14.9      5.7  48000.0  48750.0
     -24.9      27.6       8.4      49.6
     -21.7      19.6       3.8      26.0
     -21.4      17.3       2.7       7.5
     -22.3      17.4       2.3       4.9
  1062   .600000   .000000  -.800000
  10379.5   3127.4      -.2     28.2     42.9     14.8
      -.2     56.8     18.2      4.8   3750.0   3750.0
      -1.3      48.0      11.4      18.9
        .4       8.6       9.5       9.7
       -.1       5.0       9.6       8.7
        .0       5.0       9.5       8.9
  1063   .554700   .000000  -.832050
   9955.7   3529.9       .0     27.9      9.7      7.2
       .0     56.7     16.5      4.4   3750.0   4500.0
        .9      44.5      10.0      18.5
        .4       5.0       8.4       9.1
        .2       5.0       8.2       7.6
       -.1       5.0       8.1       8.0
  1064   .503871   .000000  -.863779
   9709.6   4050.0       .2     28.0     17.4     24.7
       .2     56.8     15.6      5.1   3750.0   4500.0
       2.8      46.1       9.4      19.3
        .2       5.9       7.6       7.8
        .1       5.0       7.0       7.8
       -.1       5.0       6.7       6.9
  1065   .447214   .000000  -.894427
   9390.6   4978.2       .2     28.0     16.6      3.1
       .2     56.8     15.1      6.7   3750.0   3750.0
       4.1      46.4       7.2      17.8
       -.5       5.0       6.1       7.1
       -.1       5.0       5.6       5.9
        .0       5.0       5.4       5.5
  1066   .384615   .000000  -.923077
   9220.3   6389.7       .0     27.9     15.2      2.6
       .0     56.7     14.8      8.8   3750.0   3750.0
       2.3      44.0       7.1      19.9
        .3       5.0       4.6       6.3
       -.2       5.0       4.3       4.8
        .0       5.0       4.0       5.2
  1067   .351123   .000000  -.936329
   9135.4   7033.0       .1     27.9     14.8      3.1
       .1     56.7     14.6      9.8   3750.0   3750.0
       -.2      46.1       6.5      21.0
        .0       5.0       3.5       5.5
        .1       5.0       3.6       4.5
        .0       5.0       3.2       4.6
  1068   .316228   .000000  -.948683
   9069.1   7309.9       .0     27.9     14.3      3.9
       .0     56.7     14.2     10.9   3750.0   3750.0
        .5      47.9       5.1      23.3
        .3       5.6       3.1       5.2
        .0       5.0       2.7       3.8
        .1       5.0       2.3       4.0
  1069   .280000   .000000  -.960000
   9066.9   7359.8      -.2     28.1     13.6      4.7
      -.2     56.7     13.5     11.8   3750.0   3750.0
       2.4      42.3       5.0      25.0
       -.5       5.9       2.4       5.1
        .1       5.0       2.1       3.3
        .0       5.0       1.7       3.4
  1070   .242536   .000000  -.970142
   8952.2   7310.7       .1     27.9     12.7      5.4
       .1     56.7     12.6     12.6   3750.0   3750.0
      -1.9      37.7       4.5      23.8
       -.3       5.0       1.9       3.1
        .1       5.0       4.1       3.8
        .0       5.0       1.9       3.0
  1071   .203954   .000000  -.978980
   8846.5   7193.0       .1     27.9     12.0      5.7
       .1     56.7     11.9     12.9   3750.0   3750.0
      -1.3      45.3       2.9      26.8
       -.1       5.0       1.8       3.0
       -.3       5.0       5.0       3.0
        .0       5.0       1.8       3.0
  1072   .164399   .000000  -.986394
   8744.1   7105.3       .1     27.9     11.6      5.6
       .1     56.7     11.7     12.6   3750.0   3750.0
      -1.7      47.4       2.4      25.2
       -.1       5.0       1.6       3.0
        .1       5.0       1.5       3.0
        .0       5.0       1.5       3.0
  1073   .124035   .000000  -.992278
   8659.3   7047.4       .3     28.0     11.7      4.9
       .3     56.8     11.9     11.9   3750.0   3750.0
       -.1      42.7       3.3      24.7
       -.3       6.0       2.4       3.7
        .1       5.0       2.1       3.0
        .0       5.0       2.1       3.0
  1074   .083045   .000000  -.996546
   8619.1   6710.6       .0     28.0     11.4      4.2
      -.1     56.8     11.7     11.0   3750.0   3750.0
      -3.8      42.7       2.8      22.6
        .0       5.3       1.4       4.0
       -.2       5.0       1.2       3.3
        .0       5.0        .9       3.1
  1075   .041631   .000000  -.999133
   8545.4   6298.7      -.1     28.1     10.7      3.5
      -.1     56.9     11.3      9.9   3750.0   3750.0
       1.1      48.2       1.6      21.0
        .3       5.6        .3       4.4
        .0       5.0        .0       3.7
       -.1       5.0       -.5       3.3
  1076   .000000   .000000 -1.000000
   8482.0   6079.4       .2     28.1      9.4      3.0
       .1     56.9     10.9      8.9   3000.0   3750.0
       1.0      44.0        .6      17.5
       -.3       5.0       -.6       4.7
        .0       5.0       -.9       4.1
       -.1       5.0      -1.5       3.8
  1077  -.041631   .000000  -.999133
   8482.1   5309.2      -.1     28.1      7.7      2.9
       .0     56.9     10.6      7.9   3000.0   3750.0
       4.1      42.4       -.5      17.1
       -.4       5.0      -1.5       5.0
        .0       5.0      -1.7       4.5
        .0       5.0      -2.5       4.3
  1078  -.083045   .000000  -.996546
   8495.8   5246.2      -.1     28.1      5.4      3.3
      -.1     56.9     10.3      6.9   3000.0   3000.0
       2.4      43.6       -.3      16.1
        .0       5.0      -2.3       5.6
        .1       5.0      -2.5       4.9
       -.1       5.0      -3.3       4.9
  1079  -.124035   .000000  -.992278
   8528.6   4860.4       .0     28.3      1.8      4.5
       .1     57.0      9.9      6.2   3000.0   3000.0
       -.3      44.8      -1.0      16.4
        .4       7.5      -2.8       6.3
       -.1       5.0      -3.1       5.3
       -.1       5.0      -3.8       5.6
  1080  -.164399   .000000  -.986394
   8510.4   4580.7       .0     28.2     -1.4      5.2
       .1     57.0      9.4      5.5   2250.0   3000.0
       -.1      46.2      -2.1      16.3
        .5       5.7      -3.1       7.1
       -.1       5.0      -3.8       6.0
        .0       5.0      -4.7       6.2
  1081  -.203954   .000000  -.978980
   8550.5   4352.8       .0     28.2     -2.5      6.6
       .1     57.0      8.6      5.0   2250.0   2250.0
      -1.0      47.4      -2.7      15.4
       -.8       6.9      -2.9       7.3
        .0       5.0      -3.9       6.4
        .0       5.0      -5.4       6.8
  1082  -.242536   .000000  -.970142
   8542.6   3925.4       .0     28.3     -4.5      8.2
       .0     57.0      7.5      4.9   2250.0   2250.0
       -.6      44.4      -2.8      16.3
       -.2       6.0      -3.3       7.8
        .0       5.0      -4.2       6.9
        .1       5.0      -6.6       7.6
  1083  -.280000   .000000  -.960000
   8552.4   3901.9      -.1     28.2     -4.5     13.7
      -.2     57.0      6.3      4.7   2250.0   2250.0
      -1.7      47.5      -4.1      16.4
        .7       5.8      -3.5       8.1
       -.2       5.0      -4.7       7.4
        .0       5.0      -7.8       8.4
  1084  -.316228   .000000  -.948683
   8621.6   3533.2      -.2     28.3       .1     22.7
      -.1     57.0      4.7      5.1   2250.0   2250.0
       3.1      46.3      -3.7      15.8
        .3       6.2      -3.9       8.8
        .2       5.0      -5.5       8.3
       -.1       5.0      -9.7       9.6
  1085  -.351123   .000000  -.936329
   8567.6   3405.6       .1     28.3      1.3     26.0
       .1     57.0      3.4      4.9   2250.0   2250.0
       4.4      47.8      -5.1      17.7
        .6       5.0      -4.0       9.5
       -.1       5.0      -6.3       9.0
       -.1       5.0     -11.2      10.8
  1086  -.384615   .000000  -.923077
   8651.2   3209.5       .0     28.2      3.3     29.1
       .0     57.0      1.7      6.2   2250.0   2250.0
       -.7      41.1      -4.9      17.2
        .8       8.0      -4.6      10.0
       -.4       5.0      -7.2       9.9
        .1       5.0     -13.0      12.0
  1087  -.447214   .000000  -.894427
   8556.8   2913.4       .3     28.2      8.8     35.7
       .3     57.0     -6.5      8.9   2250.0   2250.0
       1.9      42.2      -6.6      19.3
       1.6       7.7      -6.4      11.9
        .3       5.6      -9.4      12.1
       -.1       5.0     -16.7      15.9
  1088  -.503871   .000000  -.863779
   8643.6   2674.0       .2     28.5     12.9     40.6
       .2     57.1    -14.6      7.6   2250.0   2250.0
       -.9      42.0      -8.0      21.9
       -.9       8.4      -8.2      13.9
        .2       5.0     -11.7      14.7
        .0       5.0     -19.0      20.8
  1089  -.554700   .000000  -.832050
   8646.0   2523.6       .0     28.3     12.6     44.4
       .0     57.0    -19.2      5.2   2250.0   2250.0
       -.4      45.6      -8.7      24.3
        .7       8.2     -10.5      16.6
       -.5       5.0     -15.2      17.3
       -.1       5.0     -20.3      26.2
  1090  -.600000   .000000  -.800000
   8654.3   2367.5       .0     28.3     14.3     48.4
       .1     57.1      9.7     14.4   2250.0   2250.0
       3.4      44.4     -10.5      26.1
        .0       9.4     -13.1      19.5
        .0       5.0     -19.5      20.4
        .2       5.0     -22.0      32.3
  1091   .499230  -.554700  -.665640
  12273.8   3807.4     -8.2     10.2     34.5     22.1
     -5.7     32.6     15.6      5.0   4500.0   5250.0
     -13.9      37.1      10.3      19.6
     -10.9      16.2       9.2       9.6
     -11.2      12.7       9.3       8.1
     -11.4      12.8       9.1       8.6
  1092   .455842  -.569803  -.683763
  11928.2   4328.7     -8.1      9.4      9.7      7.2
     -5.8     32.6     15.8      4.5   4500.0   5250.0
     -15.2      35.1       9.3      18.9
     -11.6      15.4       8.2       8.4
     -11.1      12.3       8.1       7.0
     -11.5      12.7       7.8       7.5
  1093   .408944  -.584206  -.701047
  11749.5   5133.8     -8.3      9.2      9.7      7.2
     -5.8     32.6     15.2      4.5   4500.0   5250.0
     -15.2      36.0       8.3      18.8
     -11.8      15.6       7.1       7.7
     -11.7      12.5       6.7       6.5
     -11.7      12.3       6.5       6.6
  1094   .358569  -.597614  -.717137
  11524.8   6339.6     -8.3      9.3     15.1      2.5
     -5.8     32.8     14.9      6.0   4500.0   5250.0
     -16.2      35.2       7.2      21.0
     -12.1      16.5       5.7       7.3
     -12.1      12.4       5.6       5.6
     -11.9      12.0       5.2       5.5
  1095   .304855  -.609711  -.731653
  11392.7   7562.2     -8.0      9.1     14.9      2.3
     -5.9     32.9     14.5      8.2   4500.0   5250.0
     -15.5      35.1       5.7      19.8
     -12.4      16.1       4.4       6.1
     -12.0      11.5       4.0       5.0
     -11.7      12.1       3.8       5.3
  1096   .276825  -.615166  -.738200
  11307.3   7997.5     -8.2      9.0     14.6      2.8
     -5.9     32.9     14.3      9.4   5250.0   5250.0
     -14.6      32.3       4.3      21.0
     -13.0      16.5       3.7       5.8
     -12.2      11.7       3.3       4.6
     -11.9      11.8       3.0       4.8
  1097   .248069  -.620174  -.744208
  11307.7   8082.4     -8.2      8.8     14.2      3.6
     -5.6     32.9     14.0     10.6   5250.0   5250.0
     -14.7      32.9       5.4      23.2
     -12.6      16.1       3.0       5.6
     -12.3      11.6       2.5       4.0
     -11.8      11.5       2.2       4.1
  1098   .218643  -.624695  -.749634
  11268.1   7952.2     -7.9      8.4     13.6      4.5
     -5.7     32.8     13.4     11.6   5250.0   5250.0
     -15.4      33.5       4.6      26.0
     -12.5      16.0       2.5       6.0
     -12.5      11.8       1.8       3.5
     -11.7      11.3       1.5       3.4
  1099   .188608  -.628695  -.754434
  11206.8   8032.7     -8.2      8.4     12.6      5.3
     -6.0     32.6     12.5     12.4   5250.0   5250.0
     -15.3      34.3       4.3      29.5
     -12.6      15.5       2.5       4.6
     -12.5      11.5       1.8       3.0
     -12.0      11.1       1.6       3.0
  1100   .158035  -.632140  -.758567
  11160.2   7932.3     -8.4      8.5     11.7      5.7
     -5.9     32.6     11.7     12.8   4500.0   5250.0
     -15.4      34.2       2.8      30.3
     -12.6      15.6       2.2       3.7
     -12.6      11.6       2.0       3.0
     -12.3      10.9       1.6       3.0
  1101   .127000  -.635001  -.762001
  11160.0   7918.2     -8.7     11.2     12.0      5.2
     -6.0     32.7     12.0     12.2   4500.0   5250.0
     -16.7      34.7       3.3      28.4
     -12.4      15.8       2.0       3.9
     -12.5      11.7       1.7       3.0
     -12.6      11.0       1.5       3.0
  1102   .095588  -.637253  -.764704
  11078.4   7771.3     -8.9      9.5     12.2      4.6
     -6.1     32.8     12.4     11.4   4500.0   5250.0
     -15.6      35.1       2.7      27.5
     -12.7      15.9       3.1       4.9
     -12.6      11.7       2.7       3.3
     -12.8      11.3       2.5       3.1
  1103   .063888  -.638877  -.766652
  11029.2   7732.1     -8.8      8.6     12.2      3.7
     -6.0     33.1     12.5     10.4   4500.0   5250.0
     -17.0      35.3       3.2      27.0
     -12.0      15.8       2.0       5.0
     -12.5      11.9       1.8       3.6
     -13.2      11.4       1.2       3.4
  1104   .031993  -.639857  -.767828
  11004.5   7556.7     -9.2      8.8     11.5      3.1
     -6.2     32.9     12.3      9.3   4500.0   5250.0
     -15.7      34.0       1.9      23.4
     -12.1      15.7       1.1       5.2
     -12.3      11.8        .7       4.0
     -13.3      11.8        .1       3.8
  1105   .000000  -.640184  -.768221
  10913.5   7408.0     -9.2      9.3      9.8      3.0
     -6.4     33.2     11.9      8.2   4500.0   4500.0
     -16.1      35.2       1.3      20.0
     -12.1      15.5        .2       4.8
     -12.5      12.0       -.2       4.3
     -13.2      12.0       -.9       4.1
  1106  -.031993  -.639857  -.767828
  10933.4   6683.5     -9.4      9.4      7.7      5.1
     -6.3     33.1     11.7      7.0   4500.0   4500.0
     -15.9      34.2        .8      19.0
     -11.9      15.5       -.5       5.3
     -11.8      12.4       -.7       4.4
     -13.2      12.2      -1.8       4.4
  1107  -.063888  -.638877  -.766652
  10905.3   6539.3     -9.3     12.0      5.6      8.5
     -6.3     33.0     11.5      6.0   4500.0   4500.0
     -16.5      35.4        .3      18.7
     -11.6      16.2      -1.0       5.6
     -11.8      12.5      -1.4       5.0
     -13.0      12.6      -2.6       4.9
  1108  -.095588  -.637253  -.764704
  10907.5   6139.2     -8.9      9.8       .6      4.7
     -6.2     33.1     11.0      5.2   4500.0   4500.0
     -14.3      35.7       -.5      17.5
     -11.7      16.2      -1.3       5.9
     -11.6      12.6      -1.9       5.1
     -12.9      12.7      -3.3       5.4
  1109  -.127000  -.635001  -.762001
  10847.4   5779.8     -9.3     10.4     -2.2      5.0
     -6.1     33.3     10.4      4.7   3750.0   4500.0
     -15.2      35.9      -1.4      17.0
     -11.5      16.1      -1.5       6.4
     -11.3      12.7      -2.0       5.5
     -12.6      13.2      -3.9       5.8
  1110  -.158035  -.632140  -.758567
  10852.1   5550.2    -10.0     11.4     -3.8     11.8
     -5.9     33.4      9.0      4.7   3750.0   3750.0
     -14.2      34.3      -1.6      16.4
     -11.5      16.2      -1.9       6.4
     -11.3      12.8      -2.3       5.6
     -12.3      13.0      -4.2       6.2
  1111  -.188608  -.628695  -.754434
  10836.0   5064.0    -10.6     12.6     -5.6      8.1
     -6.0     33.4      7.5      4.8   3750.0   3750.0
     -14.0      33.9      -2.4      15.8
     -11.1      15.8      -2.4       6.6
     -11.3      12.8      -2.8       5.8
     -11.9      13.3      -4.6       6.8
  1112  -.218643  -.624695  -.749634
  10817.3   4948.1    -11.6     13.9     -6.0     13.7
     -5.9     33.2      5.9      5.1   3750.0   3750.0
     -14.1      34.5      -2.7      17.0
     -10.9      16.3      -2.9       7.1
     -11.5      12.9      -3.5       6.2
     -11.4      13.5      -5.2       7.5
  1113  -.248069  -.620174  -.744208
  10875.9   4497.1    -11.9     16.8     -2.7     21.9
     -5.8     33.4      4.5      5.0   2250.0   3000.0
     -14.1      35.0      -2.7      15.9
     -11.2      16.4      -3.3       7.8
     -11.0      12.9      -4.0       7.0
     -11.6      13.7      -5.9       8.2
  1114  -.276825  -.615166  -.738200
  10868.0   4365.0    -12.1     18.9      3.0     27.7
     -6.0     33.5      2.9      6.2   2250.0   2250.0
     -12.8      34.5      -3.6      17.0
     -10.5      16.1      -3.2       8.3
     -10.6      13.3      -4.0       7.6
     -11.6      14.1      -7.1       9.4
  1115  -.304855  -.609711  -.731653
  10920.2   4049.4    -12.9     20.9      3.6     30.2
     -6.1     33.6      1.7      5.5   2250.0   2250.0
     -13.1      33.3      -3.8      17.3
     -10.0      15.9      -3.6       8.8
     -10.5      13.5      -4.6       8.2
     -12.0      14.2      -7.8      10.3
  1116  -.358569  -.597614  -.717137
  10895.4   3664.3    -12.9     25.4      7.3     36.9
     -6.0     33.8     -2.9     10.8   2250.0   2250.0
     -13.1      35.6      -5.4      18.0
      -9.3      15.6      -4.2      10.1
     -10.1      14.0      -6.1       9.8
     -12.6      15.3     -10.4      13.4
  1117  -.408944  -.584206  -.701047
  10967.1   3347.4    -11.8     29.4     14.3     43.2
     -6.4     33.7      9.7     14.4   2250.0   2250.0
     -12.1      36.6      -6.2      19.7
      -9.3      15.5      -5.3      11.5
     -10.2      14.2      -7.6      11.7
     -13.3      16.3     -13.2      17.1
  1118  -.455842  -.569803  -.683763
  10838.3   3103.0    -10.9     32.4     17.0     46.5
     -6.8     33.8      9.7     14.4   2250.0   2250.0
     -11.5      36.0      -8.2      21.8
      -9.5      15.7      -7.2      13.5
     -10.7      14.7      -9.6      14.1
     -14.9      18.0     -15.5      22.4
  1119  -.499230  -.554700  -.665640
  10815.5   2827.3     -9.4     34.4     17.6     51.0
     -6.6     33.8      9.7     14.4   2250.0   2250.0
     -10.5      33.9      -7.8      22.2
      -9.6      16.1      -9.0      16.1
     -11.4      14.9     -12.6      16.4
     -15.1      19.4     -16.8      27.7
  1120   .360000  -.800000  -.480000
  16964.4   5107.6       .0     28.9      9.7      7.2
    -11.8     11.9     15.1      2.8   8250.0   8250.0
     -19.4      34.2       9.3      19.6
     -15.6      19.5       9.1       8.6
     -15.8      16.2       9.1       6.8
     -17.2      16.6       9.0       6.9
  1121   .324443  -.811107  -.486664
  16880.7   5742.5       .0     28.9      9.7      7.2
    -12.1     12.4     15.0      3.6   8250.0   8250.0
     -19.2      34.0       9.5      20.1
     -15.5      19.6       8.2       8.0
     -16.0      16.4       7.9       6.2
     -17.1      16.6       7.9       6.1
  1122   .287456  -.821302  -.492781
  16730.5   6183.9       .0     28.9      9.7      7.2
    -11.7     11.6     14.8      3.3   8250.0   8250.0
     -19.7      34.8       6.8      21.8
     -15.9      19.4       7.0       7.6
     -16.0      16.2       6.6       5.9
     -17.6      16.4       6.4       5.8
  1123   .249136  -.830455  -.498273
  16649.4   6933.6       .0     28.9      9.7      7.2
    -12.1     11.3     14.5      4.9   8250.0   8250.0
     -19.9      35.2       5.4      23.2
     -15.9      19.5       5.5       7.2
     -15.7      16.1       5.1       5.0
     -17.6      16.2       5.1       5.0
  1124   .209611  -.838444  -.503066
  16605.5   7095.5       .0     28.9     14.7      1.7
    -12.1     11.2     14.3      7.4   8250.0   8250.0
     -20.3      35.2       5.9      26.2
     -16.3      19.8       4.4       6.9
     -16.2      15.6       4.0       5.0
     -17.2      16.0       3.6       5.0
  1125   .189442  -.841965  -.505179
  16595.6   7088.3       .0     28.9     14.5      2.3
    -12.0     10.8     14.1      8.7   8250.0   8250.0
     -18.8      34.0       3.0      27.0
     -16.8      20.0       3.9       7.2
     -16.6      15.9       3.2       4.7
     -17.4      16.5       2.9       4.8
  1126   .169031  -.845154  -.507093
  16558.7   7184.8       .0     28.9     14.2      3.1
    -12.3     10.6     13.9     10.0   8250.0   8250.0
     -18.9      34.6       5.0      29.3
     -16.3      19.7       3.0       7.6
     -16.2      15.5       2.4       4.2
     -17.3      16.1       2.1       4.2
  1127   .148400  -.847998  -.508799
  16538.1   7127.4       .0     28.9     13.7      4.2
    -12.2     10.1     13.4     11.3   8250.0   9000.0
     -19.5      33.7       3.8      33.5
     -16.6      19.3       2.6       8.1
     -16.1      15.7       1.8       4.0
     -17.7      16.1       1.5       3.6
  1128   .127573  -.850487  -.510292
  16547.2   7157.3       .0     28.9     12.7      5.1
    -12.0     10.8     12.5     12.2   8250.0   8250.0
     -19.2      34.4       2.2      35.3
     -16.7      19.2       2.5       9.4
     -16.5      15.3       2.0       3.0
     -18.0      16.0       1.5       3.7
  1129   .106576  -.852609  -.511565
  16577.1   7132.1       .0     28.9     11.9      5.3
    -11.9     10.4     11.9     12.5   8250.0   8250.0
     -20.2      35.6       2.5      35.7
     -16.7      19.3       2.2      10.7
     -16.3      15.7       1.8       3.0
     -18.2      16.0       1.7       3.0
  1130   .085436  -.854358  -.512615
  16475.3   7079.4       .0     28.9     12.5      4.7
    -12.6     10.3     12.6     11.7   8250.0   8250.0
     -20.9      35.2       3.0      35.2
     -16.8      18.7       2.4       7.6
     -16.8      15.2       2.0       3.0
     -18.4      16.3       1.9       3.0
  1131   .064179  -.855725  -.513435
  16589.9   7093.3       .0     28.9     13.2      3.8
    -12.3     10.0     13.2     10.8   8250.0   8250.0
     -20.1      35.0       5.5      34.2
     -17.0      19.3       3.6       8.8
     -16.6      15.5       3.5       3.9
     -18.3      16.1       2.9       3.7
  1132   .042835  -.856706  -.514024
  16505.6   7084.8       .0     28.9     13.4      2.8
    -12.9     10.0     13.5      9.7   8250.0   8250.0
     -21.8      34.5       3.6      31.4
     -17.1      19.6       3.0       8.3
     -16.5      15.4       2.6       4.1
     -18.4      16.0       2.0       3.8
  1133   .021432  -.857296  -.514378
  16483.7   7058.0       .0     28.9     13.0      1.9
    -13.3     10.2     13.5      8.4   8250.0   8250.0
     -20.5      34.1       2.7      26.2
     -16.5      18.6       2.0       6.0
     -17.2      15.6       1.5       4.3
     -18.3      16.1       1.1       4.3
  1134   .000000  -.857493  -.514496
  16371.4   7015.0       .0     28.9     11.1      1.8
    -12.9     10.4     13.3      7.1   8250.0   8250.0
     -19.2      33.9       1.5      24.9
     -16.1      18.6       1.2       5.9
     -16.9      15.8        .8       4.3
     -18.3      16.1        .1       4.2
  1135  -.021432  -.857296  -.514378
  16392.5   7046.0       .0     28.9     12.6     21.1
    -13.0     10.5     13.2      5.7   8250.0   8250.0
     -20.7      34.4       3.1      23.7
     -16.2      18.8        .4       6.0
     -17.0      16.1        .3       4.3
     -18.0      16.4       -.5       4.1
  1136  -.042835  -.856706  -.514024
  16312.8   6999.0       .0     28.9       .8     20.8
    -12.8     10.8     13.0      4.4   7500.0   8250.0
     -20.0      33.4       2.0      22.4
     -16.0      18.7        .0       6.0
     -16.9      16.2        .1       4.3
     -18.3      16.7      -1.1       4.2
  1137  -.064179  -.855725  -.513435
  16381.5   6928.6       .0     28.9      9.7      7.2
    -13.0     11.5     12.6      3.4   7500.0   8250.0
     -19.6      33.5       1.5      22.4
     -15.8      19.4        .0       6.3
     -16.6      15.8       -.3       4.5
     -17.9      16.6      -1.5       4.5
  1138  -.085436  -.854358  -.512615
  16331.6   6997.5       .0     28.9      9.7      7.2
    -12.6     11.5     11.9      2.9   7500.0   8250.0
     -19.8      36.8       1.0      20.2
     -15.6      19.3        .0       6.3
     -15.8      16.2       -.5       4.7
     -18.0      16.8      -1.8       4.8
  1139  -.106576  -.852609  -.511565
  16288.4   6875.9       .0     28.9      9.7      7.2
    -12.6     12.0      9.9      3.2   7500.0   8250.0
     -19.7      35.3        .3      20.1
     -15.7      19.3       -.3       5.9
     -16.0      16.0      -1.0       4.6
     -18.1      16.9      -1.9       4.9
  1140  -.127573  -.850487  -.510292
  16207.8   6413.6       .0     28.9      9.7      7.2
    -13.3     12.1      8.4      3.3   7500.0   7500.0
     -20.3      35.0      -1.1      19.0
     -15.5      19.1      -1.0       6.3
     -16.4      16.2      -1.5       5.2
     -17.9      16.9      -2.3       5.1
  1141  -.148400  -.847998  -.508799
  16248.8   6538.2       .0     28.9      9.7      7.2
    -13.0     12.3      8.2      3.4   7500.0   7500.0
     -19.6      36.6       -.4      19.4
     -15.7      19.6      -1.3       6.6
     -15.6      16.4      -1.6       5.3
     -17.8      17.2      -2.8       5.5
  1142  -.169031  -.845154  -.507093
  16202.8   6257.9       .0     28.9      9.7      7.2
    -12.6     12.5      6.0      2.3   7500.0   7500.0
     -19.7      35.0      -1.5      17.7
     -15.9      19.8      -1.4       6.7
     -15.5      16.4      -1.5       5.5
     -18.3      17.5      -3.3       6.0
  1143  -.189442  -.841965  -.505179
  16253.0   5944.9       .0     28.9      9.7      7.2
    -12.6     12.6      9.7     14.4   7500.0   7500.0
     -18.7      35.3      -1.4      17.3
     -15.5      20.0      -1.3       7.0
     -15.4      16.4      -1.8       5.6
     -18.3      17.6      -3.4       6.3
  1144  -.209611  -.838444  -.503066
  16222.6   5681.2    -37.9    145.8      3.0     29.7
    -13.0     12.6      9.7     14.4   6750.0   7500.0
     -19.8      36.9      -1.8      17.3
     -15.3      20.0      -1.7       6.9
     -15.7      16.3      -2.2       5.7
     -18.0      18.3      -3.6       6.5
  1145  -.249136  -.830455  -.498273
  16286.5   5157.1     22.0     77.5     17.6     39.9
    -13.2     12.4      9.7     14.4   3750.0   6000.0
     -18.5      37.8      -2.1      16.9
     -15.6      20.1      -2.4       7.7
     -15.3      16.8      -2.8       6.6
     -18.6      19.4      -4.8       7.7
  1146  -.287456  -.821302  -.492781
  16329.7   4775.9     25.1     76.7     24.0     40.8
    -13.5     12.8      9.7     14.4   2250.0   3000.0
     -18.7      36.5      -3.0      15.9
     -15.4      20.8      -2.7       8.7
     -15.2      17.0      -3.3       7.3
     -19.8      21.2      -6.3      10.0
  1147  -.324443  -.811107  -.486664
  16320.1   4388.0      1.1     80.8      5.9     48.3
    -13.4     13.2      9.7     14.4   2250.0   3000.0
     -19.0      37.8      -3.8      16.7
     -14.9      20.9      -3.4       9.7
     -15.9      17.5      -4.6       8.4
     -20.1      22.1      -7.5      12.6
  1148  -.360000  -.800000  -.480000
  16325.9   4043.0      5.7     83.4     13.1     54.0
    -13.6     13.5      9.7     14.4   2250.0   2250.0
     -17.9      37.3      -4.7      17.4
     -15.2      21.2      -4.0      10.4
     -16.2      18.1      -5.4       9.6
     -22.2      24.5      -9.7      16.1
  1149   .210674  -.936329  -.280899
  29604.2   6614.4       .0     28.9      9.7      7.2
       .0     57.7      9.7     14.4  17250.0  17250.0
     -23.1      34.7       5.7      23.8
     -18.3      19.2       8.3      10.3
     -18.3      16.8       8.4       5.5
     -19.8      17.0       8.6       5.5
  1150   .188144  -.940721  -.282216
  29531.3   6816.0       .0     28.9      9.7      7.2
       .0     57.7      9.7     14.4  17250.0  18000.0
     -22.1      33.8       6.6      25.5
     -18.3      19.6       7.7      10.4
     -18.6      16.8       7.7       4.9
     -19.8      17.0       7.8       4.8
  1151   .165313  -.944648  -.283394
  29541.8   6866.6       .0     28.9      9.7      7.2
       .0     57.7     14.7      2.1  17250.0  18000.0
     -22.9      32.8       5.1      26.6
     -18.5      19.1       6.8      11.0
     -18.8      16.3       6.7       5.2
     -20.0      16.7       6.3       5.1
  1152   .142214  -.948091  -.284427
  29601.9   6920.2       .0     28.9      9.7      7.2
       .0     57.7     14.3      3.5  17250.0  18000.0
     -24.1      33.2       4.7      29.5
     -18.5      18.9       5.0      11.1
     -18.7      16.6       5.1       4.5
     -20.3      17.3       5.1       4.4
  1153   .118879  -.951034  -.285310
  29632.9   6937.3       .0     28.9     14.5      1.4
       .0     57.7     14.0      6.3  17250.0  18000.0
     -23.3      32.4       4.1      33.1
     -18.7      19.0       4.3      11.6
     -18.9      16.7       3.9       4.6
     -19.9      16.9       3.7       4.7
  1154   .107135  -.952313  -.285694
  29594.8   6896.1       .0     28.9     14.6      1.4
       .0     57.7     13.8      7.8  17250.0  18000.0
     -22.3      30.3       3.3      33.0
     -19.0      18.6       3.9      12.7
     -18.9      16.5       3.3       4.9
     -20.1      16.8       2.8       5.1
  1155   .095346  -.953463  -.286039
  29610.2   6858.2       .0     28.9     14.3      2.4
       .0     57.7     13.6      9.3  17250.0  18000.0
     -23.0      32.9       3.2      39.6
     -19.1      18.8       3.3      14.2
     -18.9      16.3       2.6       4.5
     -20.5      16.8       2.2       4.2
  1156   .083517  -.954480  -.286344
  29581.2   6873.5       .0     28.9     13.9      3.9
       .0     57.7     13.3     10.7  17250.0  18000.0
     -21.7      31.8       2.9      42.6
     -18.8      18.8       2.5      15.4
     -19.0      16.3       1.8       4.1
     -20.3      16.7       1.4       3.7
  1157   .071652  -.955364  -.286609
  29740.8   6876.7       .0     28.9     12.9      4.7
       .0     57.7     12.6     11.7  17250.0  18000.0
     -21.9      31.1       3.2      43.3
     -19.1      18.6       2.3      19.1
     -19.2      16.2       1.9       4.1
     -20.9      16.6       1.6       3.0
  1158   .059757  -.956115  -.286834
  29672.0   6828.0       .0     28.9     12.2      4.9
       .0     57.7     12.2     11.9  17250.0  18000.0
     -22.2      33.5       -.1      43.6
     -19.2      18.8       2.5      19.5
     -19.0      16.1       2.0       3.6
     -20.6      16.3       1.8       3.0
  1159   .047836  -.956730  -.287019
  29671.2   6817.9       .0     28.9     13.1      4.7
       .0     57.7     13.0     11.2  17250.0  18000.0
     -23.5      35.0       3.1      42.9
     -19.5      19.1       2.9      20.4
     -19.1      16.1       2.6       3.5
     -20.5      16.6       2.2       3.0
  1160   .035895  -.957209  -.287163
  29682.2   6879.4       .0     28.9     13.7      3.2
       .0     57.7     13.8     10.3  18000.0  18000.0
     -23.3      31.5       4.8      42.3
     -19.5      18.5       4.3      19.0
     -19.5      16.2       4.0       5.1
     -20.8      16.5       3.5       4.7
  1161   .023939  -.957552  -.287266
  29766.1   6837.6       .0     28.9     14.1      2.2
       .0     57.7     14.3      9.2  18000.0  18750.0
     -24.1      32.8       5.5      40.8
     -19.2      18.7       3.7      15.1
     -19.6      16.0       3.3       4.9
     -21.1      16.3       2.7       4.2
  1162   .011972  -.957758  -.287327
  29699.5   6858.7       .0     28.9     14.0      1.1
       .0     57.7     14.4      7.7  18000.0  18000.0
     -22.8      31.0       4.4      36.8
     -19.4      18.6       2.8      13.9
     -19.8      16.1       2.3       4.8
     -20.7      16.4       1.7       4.4
  1163   .000000  -.957826  -.287348
  29657.7   6862.1       .0     28.9     12.1       .4
       .0     57.7     14.3      6.3  17250.0  18000.0
     -23.0      30.6       2.9      35.0
     -19.3      18.9       2.2      12.7
     -19.4      16.3       1.6       4.6
     -21.0      16.4       1.3       4.4
  1164  -.011972  -.957758  -.287327
  29536.9   6861.4       .0     28.9      9.7      7.2
       .0     57.7     14.2      4.7  18000.0  18000.0
     -20.6      30.0       4.7      31.5
     -19.4      18.8       1.9      11.9
     -19.1      16.3       1.4       4.3
     -20.8      16.4        .9       4.0
  1165  -.023939  -.957552  -.287266
  29544.5   6796.5       .0     28.9      9.7      7.2
       .0     57.7     14.1      3.3  17250.0  18000.0
     -22.0      31.9       4.1      31.6
     -19.0      18.5       1.6      11.5
     -18.9      16.3       1.1       4.2
     -20.4      16.4        .7       3.8
  1166  -.035895  -.957209  -.287163
  29457.1   6823.7       .0     28.9      9.7      7.2
       .0     57.7     13.7      2.0  17250.0  18000.0
     -22.4      32.7       2.2      30.3
     -19.0      18.3       1.4      10.6
     -19.0      16.3       1.1       4.5
     -20.4      16.5        .4       4.0
  1167  -.047836  -.956730  -.287019
  29484.2   6834.1       .0     28.9      9.7      7.2
       .0     57.7     12.6      1.4  17250.0  18000.0
     -23.4      34.8       1.8      28.7
     -19.1      18.8       1.2      10.0
     -19.1      16.4        .9       4.4
     -20.0      16.3        .3       4.1
  1168  -.059757  -.956115  -.286834
  29337.5   6831.9       .0     28.9      9.7      7.2
       .0     57.7      9.7     14.4  17250.0  17250.0
     -22.7      30.5       2.7      27.2
     -19.1      18.9        .7      10.5
     -19.0      16.7        .4       4.1
     -20.3      16.9       -.1       4.1
  1169  -.071652  -.955364  -.286609
  29412.3   6938.9       .0     28.9      9.7      7.2
       .0     57.7      9.7     14.4  17250.0  17250.0
     -21.7      30.8        .7      26.3
     -18.6      19.3        .4       9.5
     -19.0      16.8        .1       4.5
     -20.3      16.9       -.3       4.3
  1170  -.083517  -.954480  -.286344
  29470.7   6883.6       .0     28.9      9.7      7.2
       .0     57.7      9.7     14.4  17250.0  17250.0
     -22.5      31.8       2.3      23.9
     -18.7      19.1        .5       9.4
     -18.8      16.9        .2       4.6
     -20.2      17.0       -.3       4.3
  1171  -.095346  -.953463  -.286039
  29429.5   6895.5       .0     28.9      9.7      7.2
       .0     57.7      9.7     14.4  17250.0  17250.0
     -22.2      31.5       1.3      23.8
     -18.6      19.0        .7       9.6
     -18.8      16.8        .4       4.4
     -19.9      16.7       -.3       4.3
  1172  -.107135  -.952313  -.285694
  29320.9   6860.5       .0     28.9      9.7      7.2
       .0     57.7      9.7     14.4  16500.0  17250.0
     -22.7      34.6        .5      23.6
     -18.8      19.1        .3       9.1
     -18.5      16.7        .1       4.1
     -20.4      16.8       -.4       4.0
  1173  -.118879  -.951034  -.285310
  29330.1   6826.5       .0     28.9      9.7      7.2
       .0     57.7      9.7     14.4  16500.0  17250.0
     -22.2      32.5        .9      21.7
     -18.7      19.2       -.2       8.4
     -18.7      16.9       -.4       4.4
     -20.2      17.5       -.9       4.3
  1174  -.142214  -.948091  -.284427
  29237.9   6745.6       .0     28.9      9.7      7.2
       .0     57.7      9.7     14.4  16500.0  16500.0
     -22.3      32.7       -.1      18.9
     -18.4      19.2       -.2       8.2
     -18.7      17.2       -.4       4.9
     -20.0      17.1      -1.1       4.8
  1175  -.165313  -.944648  -.283394
  29325.3   6590.7       .0     28.9      9.7      7.2
       .0     57.7      9.7     14.4  16500.0  17250.0
     -22.3      32.1       -.1      17.2
     -18.7      19.6       -.6       8.4
     -18.8      16.9       -.8       4.7
     -19.9      17.5      -1.5       4.8
  1176  -.188144  -.940721  -.282216
  29342.4   6433.1       .0     28.9      9.7      7.2
       .0     57.7      9.7     14.4  16500.0  17250.0
     -20.7      32.2       -.4      17.9
     -18.6      19.7       -.9       7.9
     -18.9      17.6      -1.1       5.5
     -19.5      17.7      -1.9       5.6
  1177  -.210674  -.936329  -.280899
  29279.4   6382.0       .0     28.9      9.7      7.2
       .0     57.7      9.7     14.4  16500.0  17250.0
     -22.7      31.8      -1.1      16.3
     -18.0      19.5      -1.2       8.1
     -18.6      17.2      -1.3       5.5
     -20.1      17.5      -2.2       5.7
  1178   .110573  -.982872  -.147431
  57360.2   6838.6       .0     28.9      9.7      7.2
       .0     57.7      9.7     14.4  38250.0  39000.0
     -24.9      33.9       3.1      31.6
     -20.5      20.1       7.6      14.7
     -20.6      17.7       8.3       5.4
     -21.6      17.8       8.3       4.6
  1179   .098414  -.984136  -.147620
  57434.7   6895.1       .0     28.9      9.7      7.2
       .0     57.7      9.7     14.4  38250.0  39000.0
     -26.1      31.5       2.3      34.8
     -20.7      20.1       6.7      15.6
     -20.5      17.7       7.6       5.2
     -21.6      17.8       7.7       4.0
  1180   .086210  -.985255  -.147788
  57499.9   6822.3       .0     28.9      9.7      7.2
       .0     57.7      9.7     14.4  38250.0  39000.0
     -23.1      35.9        .3      36.6
     -20.8      19.5       5.8      17.0
     -20.9      17.8       6.7       5.8
     -22.1      18.0       6.6       4.7
  1181   .073967  -.986227  -.147934
  57448.6   6860.1       .0     28.9      9.7      7.2
       .0     57.7     14.1      2.4  38250.0  39000.0
     -25.8      34.4       2.9      37.8
     -20.7      19.8       4.7      18.8
     -20.9      17.6       5.2       5.5
     -21.9      17.8       5.2       4.6
  1182   .061691  -.987053  -.148058
  57623.9   6879.6       .0     28.9      9.7      7.2
       .0     57.7     13.7      5.4  39000.0  39750.0
     -25.0      33.4       1.4      45.6
     -21.3      19.6       3.7      20.6
     -21.0      17.3       3.9       5.4
     -21.8      17.6       3.6       4.5
  1183   .055542  -.987410  -.148111
  57766.8   6847.6       .0     28.9     14.7       .8
       .0     57.7     13.4      7.0  38250.0  39000.0
     -25.4      33.1       2.6      45.8
     -21.2      19.9       3.4      22.4
     -21.0      17.5       3.4       6.1
     -21.8      17.4       3.0       4.9
  1184   .049386  -.987730  -.148159
  57690.1   6885.8       .0     28.9     14.3      1.9
       .0     57.7     13.1      8.5  38250.0  39750.0
     -23.7      35.0       2.3      48.4
     -21.1      19.3       2.8      24.0
     -21.1      17.5       2.6       6.0
     -21.7      17.9       2.3       4.4
  1185   .043226  -.988012  -.148202
  57678.1   6842.4       .0     28.9     13.9      3.3
       .0     57.7     12.8     10.0  38250.0  39000.0
     -22.4      32.3        .7      51.3
     -20.9      19.5       1.7      26.7
     -21.4      17.2       2.0       6.9
     -21.7      17.6       1.9       5.9
  1186   .037060  -.988257  -.148239
  57759.8   6830.4       .0     28.9     13.0      4.4
       .0     57.7     12.2     11.2  38250.0  39000.0
     -25.4      35.2       -.3      50.5
     -20.9      19.4       2.2      29.2
     -21.0      17.4       1.8       8.7
     -22.1      17.6       1.7       5.0
  1187   .030890  -.988464  -.148270
  57878.5   6901.7       .0     28.9     12.6      4.6
       .0     57.7     12.2     11.4  39000.0  39750.0
     -24.8      31.0       2.1      56.2
     -21.4      19.4       1.6      29.7
     -21.2      17.2       1.8       8.2
     -21.9      17.6       1.9       4.8
  1188   .024716  -.988634  -.148295
  57901.1   6791.5       .0     28.9     13.4      3.9
       .0     57.7     13.2     10.7  39000.0  39750.0
     -24.6      34.0       -.5      56.6
     -21.2      19.4       2.7      30.6
     -21.4      17.2       2.7       8.4
     -21.5      17.4       2.4       4.9
  1189   .018539  -.988766  -.148315
  57802.8   6872.2       .0     28.9     14.1      3.3
       .0     57.7     14.0      9.8  38250.0  39000.0
     -23.8      32.6        .8      58.1
     -21.3      20.0       4.0      29.5
     -21.1      17.1       4.4       8.6
     -21.9      17.4       3.8       5.0
  1190   .012361  -.988861  -.148329
  57714.2   6838.4       .0     28.9     14.7      1.8
       .0     57.7     14.6      8.7  39000.0  39750.0
     -25.4      32.1       6.6      52.5
     -21.4      19.8       4.3      26.5
     -21.1      17.3       3.6       7.3
     -22.2      17.1       2.9       5.1
  1191   .006181  -.988917  -.148338
  57806.9   6853.1       .0     28.9     14.9      7.2
       .0     57.7     14.8      7.3  39000.0  39750.0
     -24.6      34.9       6.5      51.2
     -21.4      19.6       3.8      24.8
     -21.4      17.2       2.9       7.1
     -22.4      17.4       2.1       5.5
  1192   .000000  -.988936  -.148340
  57593.1   6846.8       .0     28.9      9.7      7.2
       .0     57.7     14.8      5.8  39000.0  39750.0
     -23.7      32.4       7.3      45.8
     -21.4      19.3       3.4      22.7
     -21.1      17.3       2.4       6.2
     -22.7      17.7       2.1       5.6
  1193  -.006181  -.988917  -.148338
  57688.3   6841.0       .0     28.9      9.7      7.2
       .0     57.7     14.8      4.2  39000.0  39750.0
     -25.0      32.9       3.7      45.4
     -21.3      19.5       3.1      21.5
     -21.1      17.1       2.3       5.7
     -22.1      17.6       1.9       4.6
  1194  -.012361  -.988861  -.148329
  57781.6   6894.5       .0     28.9      9.7      7.2
       .0     57.7     14.7      2.6  39000.0  39750.0
     -25.9      33.5       5.5      43.2
     -21.4      19.8       3.3      21.4
     -21.2      17.4       2.1       5.9
     -21.7      17.3       1.8       4.4
  1195  -.018539  -.988766  -.148315
  57511.8   6848.1       .0     28.9      9.7      7.2
       .0     57.7     14.3      1.2  38250.0  39000.0
     -25.4      30.6       4.9      42.0
     -21.2      19.5       2.8      19.7
     -21.2      17.3       2.1       5.8
     -21.7      17.6       1.6       3.9
  1196  -.024716  -.988634  -.148295
  57598.4   6870.3       .0     28.9      9.7      7.2
       .0     57.7      9.7     14.4  38250.0  39000.0
     -25.5      32.1       2.6      39.2
     -21.2      19.6       2.3      19.0
     -21.2      17.5       1.7       5.7
     -22.2      17.8       1.3       4.0
  1197  -.030890  -.988464  -.148270
  57566.3   6873.2       .0     28.9      9.7      7.2
       .0     57.7      9.7     14.4  38250.0  39000.0
     -25.2      35.1        .6      37.1
     -21.0      19.8       2.0      18.0
     -21.0      17.6       1.5       5.6
     -22.1      18.1       1.2       5.2
  1198  -.037060  -.988257  -.148239
  57407.4   6878.7       .0     28.9      9.7      7.2
       .0     57.7      9.7     14.4  38250.0  39000.0
     -22.5      32.4       4.7      36.5
     -21.1      19.6       1.7      17.1
     -21.1      17.6       1.4       5.2
     -22.1      17.4       1.2       4.0
  1199  -.043226  -.988012  -.148202
  57473.5   6914.9       .0     28.9      9.7      7.2
       .0     57.7      9.7     14.4  38250.0  39000.0
     -25.5      32.3       1.2      32.5
     -21.2      19.7       1.9      16.1
     -20.7      17.8       1.6       5.4
     -21.9      18.3       1.2       4.2
  1200  -.049386  -.987730  -.148159
  57328.3   6894.6       .0     28.9      9.7      7.2
       .0     57.7      9.7     14.4  38250.0  39000.0
     -26.1      34.0       3.0      32.7
     -21.3      19.9       2.0      15.8
     -21.2      17.6       1.6       4.4
     -21.6      17.7       1.2       3.9
  1201  -.055542  -.987410  -.148111
  57325.4   6887.8       .0     28.9      9.7      7.2
       .0     57.7      9.7     14.4  38250.0  39000.0
     -25.5      31.9       2.7      32.2
     -20.9      20.0       1.5      14.7
     -20.6      17.4       1.1       4.7
     -21.9      18.3        .7       5.3
  1202  -.061691  -.987053  -.148058
  57293.2   6864.3       .0     28.9      9.7      7.2
       .0     57.7      9.7     14.4  38250.0  39000.0
     -22.3      31.5        .3      29.3
     -20.8      19.8       1.3      14.5
     -21.0      17.5       1.0       4.7
     -21.6      17.8        .7       4.2
  1203  -.073967  -.986227  -.147934
  57335.9   6874.8       .0     28.9      9.7      7.2
       .0     57.7      9.7     14.4  38250.0  39000.0
     -23.9      30.0       2.3      27.6
     -20.8      20.1       1.4      12.8
     -20.7      17.5       1.4       4.6
     -21.7      17.6        .9       4.2
  1204  -.086210  -.985255  -.147788
  57149.2   6848.4       .0     28.9      9.7      7.2
       .0     57.7      9.7     14.4  37500.0  39000.0
     -24.5      37.4       2.2      24.3
     -20.7      20.2        .8      12.1
     -20.7      17.5        .6       4.5
     -22.0      18.1        .3       4.9
  1205  -.098414  -.984136  -.147620
  57138.8   6913.8       .0     28.9      9.7      7.2
       .0     57.7      9.7     14.4  37500.0  38250.0
     -21.2      31.2        .8      22.3
     -20.3      20.2       1.1      11.2
     -20.7      17.5        .9       4.5
     -21.6      17.7        .6       4.1
  1206  -.110573  -.982872  -.147431
  57228.6   6922.2       .0     28.9      9.7      7.2
       .0     57.7      9.7     14.4  37500.0  38250.0
     -24.5      33.0       1.6      20.8
     -20.4      20.1        .5      10.6
     -20.4      17.9        .4       4.6
     -21.6      18.2        .0       4.5
