Dot1_100x25x150_dj0599ax32:FPix@-500V,3.8T@0deg,263K,rhe=1.10,rhh=0.7           
   313   1  3.80  16   5   7   0  500.00  263.00   12.70 1.00000   500.0     .34     .01  100.000   25.000  150.000   500.0     .17     .01    1.50    1.00     .85
  9001   .000000   .000000 -1.000000
   8836.5   7153.6       .3     28.0       .0      6.5
       .3     56.7       .0     13.7   3750.0   3750.0
        .9      40.6       -.6      29.6
       -.1       5.0        .0       3.2
      -1.2       5.0        .6       4.5
       -.1       5.0        .0       3.0
  9002   .000000  -.066519  -.997785
   8837.7   7141.4      -.9     26.8       .0      6.6
      -.9     55.6       .0     13.7   3750.0   3750.0
      -3.8      42.7       -.6      30.2
      -1.3       5.0        .1       3.7
       -.9       5.0        .5       3.0
      -1.6       5.0        .0       3.0
  9003   .000000  -.132164  -.991228
   8873.4   7211.4     -1.6     25.1      -.1      6.6
     -1.5     53.9      -.1     13.7   3750.0   3750.0
      -5.0      41.6       -.4      29.0
      -2.6       5.0        .1       3.5
      -2.2       5.0       -.1       3.0
      -2.7       5.0        .0       3.0
  9004   .000000  -.196116  -.980581
   8939.5   7307.0     -2.2     23.3       .0      6.6
     -2.1     52.1       .0     13.8   3750.0   3750.0
      -5.0      38.0        .4      30.2
      -3.5       5.0        .0       4.2
      -2.1       5.0       -.3       3.0
      -3.7       5.0        .0       3.0
  9005   .000000  -.257663  -.966235
   9040.6   7403.3     -3.0     21.7       .0      6.6
     -2.8     50.2       .0     13.7   3750.0   3750.0
      -4.0      32.4        .6      28.9
      -4.2       6.3        .1       7.1
      -4.4       5.0        .1       3.0
      -4.7       5.0        .0       3.0
  9006   .000000  -.316228  -.948683
   9251.9   7583.9     -3.1     19.8       .0      6.6
     -3.0     48.3       .0     13.8   3750.0   3750.0
      -4.6      30.9       -.6      31.0
      -5.3       7.3       -.4       5.4
      -5.3       5.4        .0       3.0
      -5.7       5.0        .0       3.0
  9007   .000000  -.371391  -.928477
   9394.3   7648.8     -3.9     18.1       .0      6.6
     -3.7     46.4       .0     13.8   3750.0   3750.0
      -9.9      31.9      -1.1      32.3
      -6.2       8.2       -.2       5.8
      -6.4       6.1        .0       3.0
      -6.6       5.8        .0       3.0
  9008   .000000  -.422885  -.906183
   9632.2   7721.7     -4.5     16.0       .1      6.6
     -4.2     44.3       .1     13.7   3750.0   4500.0
      -9.9      30.1      -1.3      32.9
      -7.0       9.4       -.2       4.8
      -7.2       7.0        .0       3.0
      -7.4       6.8        .0       3.0
  9009   .000000  -.470588  -.882353
   9894.7   7820.7     -4.7     14.2       .1      6.6
     -4.4     42.2       .1     13.7   3750.0   4500.0
     -10.2      31.4      -1.6      32.1
      -7.9      10.1       -.4       7.0
      -8.1       7.8        .1       3.0
      -8.3       7.7       -.1       3.0
  9010   .000000  -.514496  -.857493
  10126.2   7943.1     -5.2     12.6       .1      6.5
     -4.7     40.3       .1     13.7   4500.0   4500.0
     -11.2      30.7      -2.4      33.1
      -8.9      11.3        .3       5.8
      -8.7       8.3        .1       3.0
      -9.0       8.5       -.1       3.0
  9011   .000000  -.554700  -.832050
  10512.8   8037.3     -5.9     10.9       .0      6.6
     -5.0     38.1       .0     13.7   4500.0   4500.0
     -13.4      32.0      -1.5      32.1
      -9.6      14.0        .1       6.1
      -9.7       9.4        .0       3.0
      -9.9       9.2        .0       3.0
  9012   .000000  -.591364  -.806405
  10762.9   8136.9     -6.7      9.4       .0      6.6
     -5.5     35.8       .0     13.7   4500.0   5250.0
     -14.1      32.6       -.5      31.8
     -10.6      14.5        .1       6.2
     -10.5      10.8        .0       3.0
     -10.9       9.8        .0       3.0
  9013   .000000  -.624695  -.780869
  11144.6   8049.8     -7.4      8.3       .0      6.5
     -5.5     33.6       .0     13.6   5250.0   5250.0
     -15.1      32.9      -1.2      34.4
     -11.5      15.6       -.3       6.1
     -11.8      11.1        .1       3.0
     -11.7      10.4        .0       3.0
  9014   .000000  -.654931  -.755689
  11457.0   7856.8     -8.5      7.9       .0      6.5
     -5.7     31.3       .0     13.6   5250.0   5250.0
     -15.0      35.1      -2.6      35.7
     -12.8      16.1       -.4       8.6
     -12.5      12.2        .1       3.0
     -12.6      11.1        .0       3.0
  9015   .000000  -.682318  -.731055
  11877.8   7745.2    -10.7      7.3       .1      6.5
     -6.3     29.0       .1     13.6   5250.0   5250.0
     -17.5      38.2      -1.2      35.2
     -14.5      17.4        .0       8.2
     -13.8      12.5        .0       3.0
     -13.6      12.0        .0       3.0
  9016   .000000  -.707107  -.707107
  12255.8   7493.9    -12.3      9.6       .1      6.5
     -5.8     26.7       .1     13.6   6000.0   6000.0
     -18.4      38.1       -.7      32.9
     -15.4      20.0        .0       7.5
     -15.7      13.7        .2       3.0
     -14.8      12.9        .1       3.0
  9017   .196116   .000000  -.980581
   8857.7   6364.5       .1     28.2      2.5      2.7
       .1     56.9      1.8      8.8   3750.0   3750.0
       -.5      45.3       3.8      17.8
       -.2       5.0       3.2       3.7
       -.3       5.0       2.1       3.6
       -.1       5.0       3.3       3.0
  9018   .132164   .000000  -.991228
   8792.5   6944.3       .0     28.1      1.6      3.7
       .0     56.8      1.3     10.6   3750.0   3750.0
      -1.4      44.5       1.3      19.9
        .0       5.3       2.2       3.0
       -.2       5.0       2.2       3.0
       -.3       5.0       2.4       3.0
  9019   .066519   .000000  -.997785
   8780.1   7151.9       .1     28.0       .7      5.3
       .2     56.7       .6     12.4   3750.0   3750.0
       -.2      42.7        .7      25.0
       -.4       5.0       1.1       3.0
       -.3       5.0       1.2       3.0
       -.2       5.0       1.3       3.0
  9020   .000000   .000000 -1.000000
   8804.0   7127.9       .2     28.0       .0      6.5
       .2     56.8       .0     13.7   3750.0   3750.0
        .0      45.6       -.3      31.6
       -.1       5.0       -.2       5.7
       -.2       5.0        .0       3.0
       -.2       5.0        .0       3.0
  9021  -.066519   .000000  -.997785
   8829.1   7202.0      -.1     28.0      -.7      5.3
      -.1     56.8      -.6     12.4   3750.0   3750.0
       -.7      44.2       -.5      26.5
       -.2       7.0      -1.2       3.0
        .6       5.0      -1.3       3.0
       -.2       5.0      -1.3       3.0
  9022  -.132164   .000000  -.991228
   8816.6   6965.3      -.1     28.0     -1.6      3.7
      -.1     56.8     -1.3     10.6   3750.0   3750.0
      -1.3      42.0      -2.1      19.8
       -.3       5.0      -2.1       3.0
       -.1       5.0      -2.2       3.0
       -.1       5.0      -2.3       3.0
  9023  -.196116   .000000  -.980581
   8869.7   6400.6       .2     28.0     -2.5      2.6
       .2     56.9     -1.7      8.9   3750.0   3750.0
        .4      43.5      -3.4      18.2
        .1       5.0      -3.3       3.7
        .0       5.0      -1.6       3.2
       -.2       5.0      -3.3       3.0
  9024   .192450  -.192450  -.962250
   8958.4   6509.2     -2.2     23.5      2.5      2.7
     -2.2     52.1      1.7      8.8   3750.0   3750.0
      -3.4      35.1       3.2      17.4
      -3.5       5.0       3.2       3.7
      -3.2       5.0       2.8       3.0
      -3.8       5.0       3.3       3.0
  9025   .129641  -.194461  -.972306
   8960.8   7114.8     -2.4     23.5      1.5      3.7
     -2.3     52.2      1.2     10.6   3750.0   3750.0
      -4.8      37.4       1.6      21.9
      -3.5       5.0       2.2       3.0
      -3.5       5.0       1.7       3.0
      -3.8       5.0       2.3       3.0
  9026   .065233  -.195698  -.978492
   8950.0   7329.1     -2.1     23.3       .7      5.3
     -2.1     52.1       .6     12.4   3750.0   3750.0
      -5.0      35.2       1.0      26.3
      -3.6       5.0       1.1       3.0
      -3.2       5.0        .6       3.0
      -3.8       5.0       1.2       3.0
  9027   .000000  -.196116  -.980581
   8983.4   7327.2     -2.3     23.4       .0      6.6
     -2.2     52.1       .0     13.8   3750.0   3750.0
      -4.2      32.6       -.1      29.7
      -3.6       5.0        .1       4.1
      -2.2       5.0       -.4       3.0
      -3.8       5.0        .0       3.0
  9028  -.065233  -.195698  -.978492
   8969.8   7320.0     -2.1     23.5      -.7      5.3
     -2.1     52.1      -.6     12.4   3750.0   3750.0
      -3.8      34.2      -2.6      26.2
      -3.5       5.0      -1.1       3.0
      -2.8       5.0      -1.2       3.0
      -3.8       5.0      -1.3       3.0
  9029  -.129641  -.194461  -.972306
   8948.5   7129.1     -2.2     23.4     -1.5      3.7
     -2.1     52.2     -1.2     10.6   3750.0   3750.0
      -5.1      31.9      -2.4      19.5
      -3.4       5.0      -2.2       3.0
      -2.9       5.0      -2.3       3.0
      -3.7       5.0      -2.3       3.0
  9030  -.192450  -.192450  -.962250
   8916.5   6420.5     -2.1     23.5     -2.4      2.7
     -2.0     52.2     -1.7      8.8   3750.0   3750.0
      -3.9      33.2      -3.6      17.4
      -3.5       5.0      -3.2       3.7
      -3.1       5.0      -3.1       3.0
      -3.6       5.0      -3.3       3.0
  9031   .182574  -.365148  -.912871
   9348.7   6920.8     -3.9     18.1      2.4      2.7
     -3.8     46.7      1.6      8.8   3750.0   3750.0
      -8.5      30.4       2.6      18.3
      -5.8       8.1       3.0       4.0
      -6.5       6.4       3.2       3.0
      -6.8       6.6       3.3       3.0
  9032   .122859  -.368577  -.921443
   9392.8   7528.5     -3.8     18.1      1.4      3.9
     -3.7     46.4      1.1     10.6   3750.0   3750.0
      -7.6      32.3       1.1      21.7
      -6.2       8.1       2.0       3.4
      -6.2       6.3       2.1       3.0
      -6.7       6.4       2.2       3.0
  9033   .061780  -.370681  -.926703
   9363.4   7686.1     -4.0     18.0       .6      5.3
     -3.8     46.4       .5     12.4   3750.0   3750.0
      -8.6      30.7      -1.2      25.8
      -6.2       8.2       1.1       3.0
      -6.3       6.3       1.1       3.0
      -6.4       6.1       1.2       3.0
  9034   .000000  -.371391  -.928477
   9457.4   7662.9     -3.9     17.8       .0      6.6
     -3.6     46.4       .0     13.8   3750.0   3750.0
      -7.4      29.8      -1.5      31.6
      -6.3       8.2        .2       4.5
      -6.5       6.1        .0       3.0
      -6.4       5.9        .0       3.0
  9035  -.061780  -.370681  -.926703
   9429.4   7724.2     -3.9     17.9      -.6      5.3
     -3.7     46.3      -.5     12.4   3750.0   3750.0
      -7.0      29.4      -1.6      25.6
      -6.2       8.1      -1.0       3.0
      -6.4       6.0      -1.2       3.0
      -6.5       6.1      -1.3       3.0
  9036  -.122859  -.368577  -.921443
   9345.1   7378.7     -3.9     17.9     -1.4      3.7
     -3.6     46.5     -1.1     10.5   3750.0   3750.0
      -7.6      29.9      -2.4      21.1
      -5.9       8.0      -2.0       3.0
      -6.5       6.3      -2.2       3.0
      -6.6       6.3      -2.3       3.0
  9037  -.182574  -.365148  -.912871
   9382.1   6762.1     -3.9     18.3     -2.4      2.7
     -3.6     46.4     -1.6      8.7   3750.0   3750.0
      -7.8      30.5      -3.8      18.7
      -5.9       7.8      -3.1       4.1
      -6.2       6.4      -3.2       3.0
      -6.6       6.5      -3.3       3.1
  9038   .169031  -.507093  -.845154
  10097.5   7357.8     -5.4     13.0      2.3      2.6
     -4.8     40.2      1.4      8.6   3750.0   4500.0
     -10.8      31.1       2.7      18.5
      -8.8      12.2       3.1       4.0
      -8.8       9.2       3.1       3.0
      -8.9       9.2       3.1       3.0
  9039   .113592  -.511166  -.851943
  10093.4   7794.0     -5.3     12.8      1.3      3.8
     -4.9     40.4      1.0     10.4   4500.0   4500.0
     -11.5      32.4        .5      22.9
      -8.8      12.0       2.0       3.0
      -8.9       8.7       2.0       3.0
      -8.9       8.8       2.1       3.0
  9040   .057073  -.513657  -.856095
  10078.5   7885.8     -5.3     12.6       .5      5.2
     -4.9     40.2       .4     12.3   4500.0   4500.0
     -11.8      31.6        .5      26.7
      -9.2      11.3       1.0       3.1
      -8.8       8.5       1.1       3.0
      -8.9       8.5       1.1       3.0
  9041   .000000  -.514496  -.857493
  10197.2   7987.6     -5.4     12.5       .0      6.5
     -4.9     40.1       .0     13.7   4500.0   4500.0
     -11.2      30.3      -2.1      33.2
      -8.8      11.4        .1       5.3
      -8.9       8.4        .1       3.0
      -9.3       8.3        .0       3.0
  9042  -.057073  -.513657  -.856095
  10136.2   7924.9     -5.3     12.6      -.5      5.2
     -4.9     40.3      -.4     12.3   4500.0   4500.0
     -10.9      32.1      -1.6      29.1
      -9.0      11.6      -1.1       3.7
      -8.9       8.5      -1.1       3.0
      -9.0       8.6      -1.2       3.0
  9043  -.113592  -.511166  -.851943
  10040.2   7699.7     -5.2     12.7     -1.2      3.5
     -4.6     40.4      -.9     10.4   4500.0   4500.0
     -11.7      30.9      -2.3      21.9
      -9.1      11.4      -2.1       3.0
      -8.9       8.9      -2.1       3.0
      -8.8       9.0      -2.2       3.0
  9044  -.169031  -.507093  -.845154
  10093.9   7216.1     -5.2     12.8     -2.3      2.6
     -4.6     40.4     -1.4      8.6   3750.0   4500.0
     -11.4      31.6      -3.9      19.4
      -8.8      11.8      -3.2       4.0
      -8.6       9.2      -3.1       3.0
      -9.0       9.2      -3.2       3.0
  9045   .154303  -.617213  -.771517
  11066.6   7616.2     -7.5      9.6      2.1      3.5
     -5.7     34.1      1.2      8.4   4500.0   5250.0
     -13.6      35.3       1.9      21.9
     -11.0      14.7       2.8       4.2
     -11.0      11.3       2.9       3.0
     -11.6      11.6       3.1       3.0
  9046   .103556  -.621336  -.776671
  11005.4   7915.5     -7.4      8.8      1.1      3.4
     -5.6     33.9       .8     10.2   4500.0   5250.0
     -14.2      32.8       1.2      21.8
     -10.9      14.9       1.9       3.1
     -11.4      11.3       2.0       3.0
     -11.7      11.2       2.2       3.0
  9047   .051988  -.623850  -.779813
  11041.6   7971.2     -7.2      8.6       .4      5.1
     -5.9     33.7       .3     12.2   5250.0   5250.0
     -14.6      34.2        .1      28.8
     -11.1      15.2        .7       3.9
     -11.4      11.2       1.0       3.0
     -11.6      10.6       1.2       3.0
  9048   .000000  -.624695  -.780869
  11065.5   7972.5     -7.6      8.8       .0      6.6
     -5.7     33.5       .0     13.6   5250.0   5250.0
     -14.0      32.2      -1.4      33.5
     -11.4      15.4        .1       6.6
     -11.4      11.3        .0       3.0
     -11.5      10.4        .0       3.0
  9049  -.051988  -.623850  -.779813
  11118.0   7940.7     -7.4      8.5      -.4      5.1
     -5.8     33.7      -.3     12.2   5250.0   5250.0
     -15.7      35.8      -3.7      30.7
     -11.5      15.2       -.8       3.3
     -11.4      11.2      -1.1       3.0
     -11.7      10.6      -1.2       3.0
  9050  -.103556  -.621336  -.776671
  11070.4   7915.5     -7.8      9.0     -1.1      3.4
     -5.4     33.6      -.8     10.2   5250.0   5250.0
     -15.2      34.9      -3.3      24.6
     -11.3      15.0      -2.0       3.0
     -11.5      11.2      -2.0       3.0
     -11.7      11.1      -2.2       3.0
  9051  -.154303  -.617213  -.771517
  11050.0   7618.1     -7.3      9.4     -2.0      2.3
     -5.8     34.1     -1.2      8.3   4500.0   5250.0
     -14.6      34.5      -3.9      19.5
     -10.8      14.8      -2.9       4.0
     -11.0      11.4      -3.0       3.0
     -11.6      11.6      -3.2       3.0
