CMSSW_50x50_phase2:FPix@-292V [mu=0.053],3.8T@0deg,263K,rhe=1.10,rhh=0.7 
2289 1 3.80 13 5 13 0 150.0000 263.0000 0.0000 1.0000 500.0000 -0.0200 -0.2400 50.0575 50.0000 150.0000 500.0000 -0.0100 -0.120000 1.5000 1.0000 0.8500 
9101 -0.000000 -0.000000 -1.000000 
 14152.8  11201.0      0.2     13.4      0.0     13.3 
     0.1     27.7      0.0     27.7   7750.0   7750.0 
     -1.3      35.9      -0.1      33.3 
      0.5       5.1       0.1       3.9 
      0.0       1.3       0.1       1.7 
      0.0       0.9       0.1       0.9 
9102 -0.000000 -0.099504 -0.995037 
 14132.9  11289.9      0.1     10.8      0.0     13.4 
     0.1     25.2      0.0     27.7   6500.0   7750.0 
     -2.1      30.0      -0.1      34.9 
     -0.2       2.8       0.0       5.6 
     -0.1       1.2       0.1       1.1 
     -0.1       1.0       0.1       0.8 
9103 -0.000000 -0.196116 -0.980581 
 14293.7  11327.8      0.0      7.5     -0.1     13.4 
     0.0     21.8     -0.1     27.8   6750.0   7750.0 
     -0.7      26.7      -1.4      31.4 
     -0.0       3.8       0.1       5.7 
     -0.1       2.5       0.1       1.1 
     -0.1       2.0       0.1       0.8 
9104 -0.000000 -0.287348 -0.957826 
 14547.6  10601.1      0.0      4.8      0.0     13.5 
    -0.1     18.3     -0.0     27.8   7750.0   7750.0 
     -0.7      22.1      -1.9      33.0 
     -0.0       5.6       0.1       5.1 
     -0.1       3.7       0.1       1.3 
     -0.1       3.0       0.1       0.8 
9105 -0.000000 -0.371391 -0.928477 
 15039.7   9644.9     -0.1      2.2     -0.1     13.4 
    -0.1     14.9     -0.1     27.7   7750.0   7750.0 
     -2.1      22.7      -0.4      34.1 
     -0.2       6.7      -0.0       5.5 
     -0.1       5.0       0.1       0.9 
     -0.1       4.4       0.1       0.9 
9106 -0.000000 -0.447214 -0.894427 
 15492.0   8437.3      0.4      2.4      0.1     13.4 
    -0.1     11.4      0.1     27.8   8000.0   8000.0 
     -2.1      23.7      -2.7      35.5 
     -0.0       7.5       0.1       4.4 
     -0.2       5.9       0.1       1.4 
     -0.1       5.5       0.1       0.8 
9107 -0.000000 -0.514496 -0.857493 
 16126.6   7311.6     -0.0     14.4     -0.0     13.4 
    -0.2      8.0     -0.0     27.8   8000.0   8000.0 
     -3.4      27.7      -1.8      35.6 
     -0.1       8.1      -0.1       3.7 
     -0.2       5.8       0.1       1.3 
     -0.1       5.5       0.1       0.8 
9108 -0.000000 -0.573462 -0.819232 
 16790.6   6591.9     -0.0     14.4      0.1     13.5 
    -0.1      5.0      0.1     27.8   8000.0   8250.0 
     -3.4      25.1      -1.2      32.6 
     -0.1       7.8       0.1       5.6 
     -0.2       6.1       0.1       1.1 
     -0.2       5.4       0.1       0.8 
9109 -0.000000 -0.624695 -0.780869 
 17734.3   6109.2     -0.0     14.4      0.0     13.5 
    -0.3      3.5      0.0     27.8   8500.0   9500.0 
     -3.8      25.9      -2.4      35.6 
     -0.0       8.9       0.1       5.8 
      0.0       6.9      -0.1       1.1 
     -0.2       6.6       0.1       0.8 
9110 -0.000000 -0.668965 -0.743294 
 18537.9   5701.7     -0.0     14.4      0.1     13.4 
    -1.2      5.6      0.1     27.8   9750.0   9750.0 
     -4.4      27.9      -1.1      38.9 
     -0.2       8.7      -0.2       6.1 
     -0.1       6.8       0.1       1.3 
     -0.2       7.0       0.1       0.8 
9111 -0.000000 -0.707107 -0.707107 
 19603.5   5428.0     -0.0     14.4     -0.1     13.4 
    -0.0     28.9     -0.1     27.8   9750.0  10000.0 
     -3.7      26.7       0.5      37.1 
     -0.1       8.9      -0.4       7.1 
     -0.1       6.9       0.1       1.5 
     -0.2       6.5       0.2       0.8 
9112 -0.000000 -0.739940 -0.672673 
 20576.1   5216.7     -0.0     14.4      0.1     13.5 
    -0.0     28.9      0.1     27.8  11250.0  11250.0 
     -3.6      25.3      -1.0      36.7 
     -0.0       9.3       0.2       8.5 
     -0.1       7.3       0.2       1.1 
     -0.1       6.8       0.1       0.8 
9113 -0.000000 -0.768221 -0.640184 
 21590.6   5043.4     -0.0     14.4     -0.1     13.6 
    -0.0     28.9     -0.1     27.8  11500.0  11500.0 
     -3.7      27.4      -3.3      38.4 
     -0.2       9.4      -0.4       8.8 
     -0.1       7.8       0.1       1.0 
     -0.2       7.7       0.1       0.8 
9114 0.287348 -0.000000 -0.957826 
 14560.9  10658.8     -0.0     13.4      0.0      4.2 
    -0.0     27.8      0.0     18.4   7750.0   7750.0 
     -1.3      33.0       0.9      23.1 
     -0.5       4.5       0.2       5.6 
     -0.0       1.1       0.1       3.6 
      0.1       0.9       0.2       3.0 
9115 0.242536 -0.000000 -0.970142 
 14411.3  11036.1      0.1     13.4     -0.0      5.8 
     0.1     27.8      0.0     20.1   7750.0   7750.0 
      0.1      32.7       2.7      23.2 
     -0.0       3.1       0.3       4.7 
      0.1       1.3       0.2       3.1 
      0.1       0.9       0.2       2.5 
9116 0.196116 -0.000000 -0.980581 
 14385.5  11404.1     -0.0     13.4     -0.0      7.5 
    -0.0     27.8      0.0     21.8   6500.0   7750.0 
     -1.1      36.5       0.8      24.8 
      0.3       4.9       0.3       4.0 
      0.0       1.3       0.2       2.5 
     -0.0       0.9       0.2       2.0 
9117 0.148340 -0.000000 -0.988936 
 14233.6  11323.2      0.1     13.3     -0.1      9.2 
     0.0     27.7     -0.1     23.5   6750.0   7750.0 
     -0.9      37.9       0.6      27.4 
     -0.3       4.6       0.3       3.2 
     -0.1       1.1       0.2       1.9 
      0.0       0.9       0.3       1.5 
9118 0.099504 -0.000000 -0.995037 
 14185.7  11296.2      0.0     13.4     -0.1     10.8 
     0.0     27.7     -0.0     25.2   6750.0   7750.0 
     -0.1      36.7       0.5      30.3 
      0.2       5.8       0.3       3.3 
      0.1       1.3       0.2       1.2 
     -0.0       0.9       0.2       1.0 
9119 0.049938 -0.000000 -0.998752 
 14108.8  11292.0     -0.1     13.3     -0.3     12.3 
    -0.0     27.7     -0.3     26.7   7750.0   7750.0 
     -0.6      36.3       0.3      32.1 
      0.4       5.3       0.0       3.7 
     -0.0       1.0       0.2       0.7 
      0.0       0.9       0.2       0.5 
9120 -0.000000 -0.000000 -1.000000 
 14187.7  11218.8      0.1     13.3      0.1     13.4 
     0.1     27.7      0.1     27.8   7750.0   7750.0 
     -0.8      37.7       0.2      34.7 
      0.3       5.2       0.0       4.1 
      0.0       1.4       0.2       1.2 
      0.0       0.9       0.1       0.8 
9121 -0.049938 -0.000000 -0.998752 
 14190.3  11258.1     -0.0     13.4      0.2     12.4 
    -0.0     27.7      0.2     26.8   7750.0   7750.0 
     -0.4      37.0       0.6      34.6 
      0.1       5.3      -0.1       4.1 
      0.0       1.1       0.1       0.6 
     -0.0       0.9       0.0       0.5 
9122 -0.099504 -0.000000 -0.995037 
 14192.9  11282.4      0.0     13.4      0.2     10.8 
     0.0     27.8      0.2     25.2   6500.0   7750.0 
      2.1      36.4      -1.4      31.0 
      0.2       4.2       0.1       3.2 
     -0.0       1.2       0.0       1.3 
      0.0       0.9       0.0       1.0 
9123 -0.148340 -0.000000 -0.988936 
 14231.0  11347.7      0.0     13.4      0.2      9.1 
     0.0     27.7      0.2     23.5   6500.0   7750.0 
     -0.0      36.6      -0.6      26.3 
      0.1       5.8       0.1       3.1 
      0.1       1.1       0.1       1.8 
      0.0       0.9       0.0       1.5 
9124 -0.196116 -0.000000 -0.980581 
 14392.5  11354.6     -0.1     13.4      0.0      7.5 
    -0.1     27.7     -0.0     21.9   7750.0   7750.0 
      1.3      34.5      -0.3      24.8 
      0.5       5.9       0.0       3.9 
      0.0       1.2       0.1       2.4 
      0.1       0.9       0.0       2.1 
9125 -0.242536 -0.000000 -0.970142 
 14452.5  11135.7      0.0     13.3     -0.0      5.9 
     0.0     27.7     -0.0     20.1   7750.0   7750.0 
      1.5      36.0      -2.0      23.5 
      0.1       5.0      -0.2       4.6 
      0.1       1.6       0.1       3.0 
      0.0       0.9       0.1       2.5 
9126 -0.287348 -0.000000 -0.957826 
 14622.8  10685.4     -0.0     13.4     -0.1      4.3 
    -0.0     27.8     -0.1     18.3   7750.0   7750.0 
      0.5      35.6      -1.4      23.8 
      0.0       5.3       0.1       5.6 
     -0.0       1.2       0.0       3.6 
      0.1       0.9       0.1       3.0 
9127 0.279448 -0.232873 -0.931493 
 14899.4  10723.3     -0.0      5.8      0.0      4.3 
    -0.1     20.1     -0.0     18.4   7750.0   7750.0 
     -2.1      26.1       1.3      23.6 
     -0.2       4.6       0.4       5.4 
      0.0       2.9       0.1       3.6 
     -0.0       2.7       0.1       3.2 
9128 0.235702 -0.235702 -0.942809 
 14775.5  10986.9     -0.0      5.8     -0.0      5.8 
    -0.0     20.0     -0.0     20.1   7750.0   7750.0 
     -3.5      26.3       1.9      25.3 
     -0.2       4.6       0.3       4.7 
     -0.1       3.1       0.2       3.0 
     -0.1       2.7       0.2       2.7 
9129 0.190476 -0.238095 -0.952381 
 14689.6  11182.9     -0.0      5.8     -0.0      7.4 
    -0.1     20.1      0.0     21.8   7750.0   7750.0 
     -1.9      25.8       1.1      25.9 
      0.0       4.6       0.4       3.8 
     -0.0       3.0       0.2       2.5 
     -0.0       2.6       0.2       2.1 
9130 0.144005 -0.240008 -0.960031 
 14590.6  11180.3      0.0      5.8     -0.1      9.2 
     0.0     20.2     -0.0     23.6   7750.0   7750.0 
     -2.1      22.9       1.6      27.2 
     -0.1       4.7       0.2       3.1 
     -0.0       3.0       0.2       1.8 
     -0.0       2.6       0.2       1.5 
9131 0.096561 -0.241402 -0.965609 
 14478.8  11146.3     -0.1      5.8     -0.0     10.8 
    -0.0     20.2     -0.0     25.2   6500.0   7750.0 
     -1.3      26.2       1.6      31.7 
     -0.2       4.7       0.2       3.0 
     -0.0       3.1       0.2       1.2 
     -0.0       2.6       0.2       1.1 
9132 0.048450 -0.242251 -0.969003 
 14490.5  11109.0     -0.1      5.8     -0.1     12.4 
    -0.1     20.1     -0.1     26.7   6500.0   7750.0 
     -2.2      28.8       0.2      32.3 
     -0.0       4.7       0.3       3.9 
     -0.1       3.1       0.2       0.8 
     -0.0       2.6       0.2       0.5 
9133 -0.000000 -0.242536 -0.970142 
 14445.7  11121.7     -0.1      5.8      0.1     13.4 
    -0.1     20.1      0.1     27.8   7750.0   7750.0 
     -1.7      27.2      -1.0      34.6 
     -0.1       4.6      -0.1       3.8 
     -0.1       3.0       0.2       1.1 
     -0.0       2.5       0.1       0.8 
9134 -0.048450 -0.242251 -0.969003 
 14434.2  11096.3     -0.0      5.8      0.3     12.4 
    -0.0     20.1      0.2     26.7   6750.0   7750.0 
     -0.5      25.5      -1.8      30.6 
     -0.2       4.8      -0.1       3.3 
     -0.2       3.0       0.1       0.7 
     -0.0       2.5      -0.0       0.5 
9135 -0.096561 -0.241402 -0.965609 
 14455.2  11057.0      0.0      5.8      0.0     10.8 
     0.0     20.1      0.0     25.2   7750.0   7750.0 
     -1.1      25.9      -1.0      30.4 
     -0.1       4.7      -0.1       2.3 
     -0.0       3.1       0.0       1.2 
     -0.1       2.6       0.0       1.0 
9136 -0.144005 -0.240008 -0.960031 
 14542.4  11182.4      0.1      5.8      0.1      9.1 
     0.0     20.1      0.1     23.5   6750.0   7750.0 
     -0.9      25.2      -1.6      28.0 
     -0.1       4.7       0.1       3.1 
     -0.1       3.0       0.0       1.8 
     -0.0       2.6       0.0       1.5 
9137 -0.190476 -0.238095 -0.952381 
 14738.4  11168.9     -0.0      5.8     -0.0      7.5 
     0.0     20.0     -0.0     21.8   7750.0   7750.0 
     -1.8      25.3      -2.0      25.8 
     -0.1       4.8       0.1       4.0 
     -0.1       3.1       0.0       2.4 
     -0.0       2.7       0.1       2.1 
9138 -0.235702 -0.235702 -0.942809 
 14755.7  11062.1     -0.1      5.8     -0.0      5.8 
    -0.1     20.2      0.0     20.1   7750.0   7750.0 
     -0.6      24.8      -1.8      25.3 
     -0.0       4.7       0.0       4.6 
     -0.0       3.0       0.1       3.0 
     -0.1       2.6       0.1       2.6 
9139 -0.279448 -0.232873 -0.931493 
 14909.9  10742.8     -0.0      5.8     -0.0      4.2 
    -0.0     20.0      0.0     18.4   7750.0   7750.0 
     -2.0      27.4      -2.9      25.0 
     -0.1       4.6       0.2       5.5 
      0.0       3.0       0.1       3.6 
     -0.1       2.6       0.1       3.1 
9140 0.259161 -0.431934 -0.863868 
 15928.5   8601.4     -0.0     14.4      0.0      4.1 
    -0.1     11.4      0.0     18.2   8000.0   8000.0 
     -3.4      26.4       1.6      24.3 
     -0.1       8.1       0.0       5.6 
     -0.2       6.0       0.3       3.7 
     -0.1       5.5       0.2       3.2 
9141 0.218218 -0.436436 -0.872872 
 15851.6   8609.8     -0.0     14.4      0.1      5.7 
     0.0     11.4      0.1     20.0   8000.0   8000.0 
     -2.5      25.7       1.1      26.5 
     -0.1       8.1       0.3       4.8 
     -0.1       6.0       0.2       3.1 
     -0.1       5.6       0.2       2.6 
9142 0.176090 -0.440225 -0.880451 
 15684.6   8604.4     -0.0     14.4      0.0      7.4 
    -0.0     11.4     -0.0     21.7   8000.0   8000.0 
     -3.1      26.3       0.4      26.6 
      0.0       7.7       0.2       3.4 
      0.0       6.0       0.1       2.5 
     -0.1       5.5       0.2       2.1 
9143 0.132973 -0.443242 -0.886484 
 15668.4   8477.5     -0.0     14.4     -0.1      9.3 
    -0.1     11.4     -0.1     23.5   8000.0   8000.0 
     -3.4      26.3      -0.2      29.4 
     -0.1       7.8       0.2       2.9 
     -0.1       6.1       0.2       1.8 
     -0.1       5.4       0.2       1.6 
9144 0.089087 -0.445435 -0.890871 
 15535.3   8432.0     -0.0     14.4     -0.1     10.8 
    -0.1     11.4     -0.1     25.1   8000.0   8000.0 
     -2.0      22.5      -0.2      29.3 
     -0.2       7.8       0.1       2.8 
     -0.2       6.0       0.2       1.2 
     -0.0       5.4       0.2       1.0 
9145 0.044677 -0.446767 -0.893534 
 15501.8   8390.4     -0.0     14.4     -0.2     12.3 
    -0.1     11.4     -0.2     26.7   8000.0   8000.0 
     -3.2      27.1      -2.3      28.9 
     -0.2       7.8       0.2       3.1 
     -0.2       6.1       0.2       0.6 
     -0.1       5.4       0.2       0.5 
9146 -0.000000 -0.447214 -0.894427 
 15490.9   8378.6     -0.0     14.4     -0.0     13.4 
    -0.3     11.5     -0.0     27.8   8000.0   8000.0 
     -3.3      26.1       0.4      35.2 
     -0.2       7.5       0.0       4.9 
     -0.2       5.8       0.1       1.0 
     -0.1       5.5       0.2       1.0 
9147 -0.044677 -0.446767 -0.893534 
 15504.8   8406.3     -0.0     14.4      0.1     12.4 
    -0.2     11.4      0.1     26.8   8000.0   8000.0 
     -2.2      23.8      -0.3      31.0 
     -0.2       8.0       0.1       3.7 
     -0.1       6.1       0.1       0.6 
     -0.1       5.5       0.0       0.6 
9148 -0.089087 -0.445435 -0.890871 
 15538.7   8408.4     -0.0     14.4      0.1     10.7 
     0.0     11.4      0.1     25.1   8000.0   8000.0 
     -2.1      26.0      -2.9      30.5 
     -0.1       7.8       0.0       2.6 
     -0.1       6.1      -0.0       1.3 
     -0.0       5.5       0.0       1.0 
9149 -0.132973 -0.443242 -0.886484 
 15614.1   8460.8     -0.0     14.4      0.0      9.1 
    -0.1     11.4     -0.0     23.4   8000.0   8000.0 
     -2.5      26.0      -2.5      27.7 
     -0.3       7.7      -0.0       2.7 
     -0.1       6.0       0.1       1.8 
     -0.1       5.5       0.1       1.6 
9150 -0.176090 -0.440225 -0.880451 
 15709.6   8503.0     -0.0     14.4      0.0      7.4 
    -0.0     11.4      0.1     21.8   8000.0   8000.0 
     -1.8      25.8      -1.9      27.4 
     -0.1       7.8       0.0       3.5 
     -0.1       6.0       0.1       2.5 
     -0.0       5.4       0.1       2.1 
9151 -0.218218 -0.436436 -0.872872 
 15789.0   8604.8     -0.0     14.4     -0.0      5.7 
     0.0     11.3     -0.0     20.0   8000.0   8000.0 
     -1.7      24.3      -2.3      24.4 
     -0.1       7.9      -0.0       4.6 
     -0.0       6.1       0.0       3.1 
     -0.1       5.5       0.0       2.7 
9152 -0.259161 -0.431934 -0.863868 
 16029.0   8657.2     -0.0     14.4      0.0      4.1 
    -0.1     11.3      0.0     18.2   8000.0   8000.0 
     -2.4      26.7      -1.9      25.0 
     -0.2       8.2      -0.1       5.8 
     -0.0       6.0       0.1       3.7 
     -0.0       5.5       0.0       3.1 
9153 0.233373 -0.583432 -0.777910 
 17773.3   6515.4     -0.0     14.4      0.0      3.9 
    -0.1      4.2     -0.0     18.1   8250.0   9500.0 
     -3.8      25.2       1.4      25.9 
     -0.0       8.4       0.2       5.5 
     -0.1       6.5       0.2       3.6 
     -0.1       5.9       0.2       3.1 
9154 0.196116 -0.588348 -0.784465 
 17509.4   6464.0     -0.0     14.4      0.1      5.5 
    -0.2      4.3      0.0     19.8   8000.0   9500.0 
     -3.9      26.0       1.1      26.6 
     -0.1       8.3       0.2       4.6 
     -0.1       6.4       0.2       3.1 
     -0.2       6.1       0.2       2.6 
9155 0.157991 -0.592464 -0.789953 
 17409.8   6421.4     -0.0     14.4      0.0      7.3 
    -0.1      4.2      0.0     21.7   8250.0   9500.0 
     -4.0      25.4       0.0      28.9 
     -0.2       8.0       0.2       3.6 
      0.0       6.5       0.1       2.4 
     -0.2       6.0       0.2       2.1 
9156 0.119145 -0.595726 -0.794301 
 17379.9   6411.1     -0.0     14.4      0.1      9.0 
    -0.1      4.0      0.0     23.3   8250.0   9500.0 
     -3.0      26.0       0.1      29.5 
     -0.0       8.4       0.3       3.1 
     -0.1       6.5       0.2       1.9 
     -0.1       5.9       0.2       1.5 
9157 0.079745 -0.598089 -0.797452 
 17286.4   6316.1     -0.0     14.4     -0.0     10.7 
    -0.0      4.0     -0.0     25.1   8250.0   9500.0 
     -4.5      27.9      -0.7      32.7 
     -0.3       8.3       0.2       3.3 
     -0.1       6.5       0.2       1.2 
     -0.1       5.9       0.2       1.0 
9158 0.039968 -0.599521 -0.799361 
 17297.6   6294.9     -0.0     14.4     -0.1     12.4 
    -0.2      4.0     -0.1     26.8   8000.0   9500.0 
     -2.6      23.5      -0.5      34.6 
     -0.2       8.5       0.2       3.8 
     -0.1       6.6       0.1       0.6 
     -0.2       5.9       0.2       0.5 
9159 -0.000000 -0.600000 -0.800000 
 17246.2   6304.1     -0.0     14.4      0.1     13.4 
    -0.2      3.9      0.0     27.8   8250.0   9500.0 
     -3.6      27.0      -1.7      34.8 
     -0.1       8.0      -0.0       5.3 
     -0.1       6.5       0.1       0.9 
     -0.1       5.9       0.1       0.9 
9160 -0.039968 -0.599521 -0.799361 
 17250.4   6330.1     -0.0     14.4      0.3     12.3 
    -0.1      4.0      0.3     26.7   8250.0   9500.0 
     -3.9      25.5      -2.3      34.2 
     -0.1       8.5       0.1       3.7 
     -0.0       6.5       0.1       0.6 
     -0.1       5.9       0.1       0.5 
9161 -0.079745 -0.598089 -0.797452 
 17338.1   6337.3     -0.0     14.4      0.1     10.7 
    -0.0      4.0      0.1     25.1   8250.0   9500.0 
     -3.1      24.1      -0.7      31.1 
     -0.1       8.4      -0.0       2.8 
     -0.0       6.7       0.1       1.2 
     -0.1       5.9       0.0       1.0 
9162 -0.119145 -0.595726 -0.794301 
 17417.9   6391.5     -0.0     14.4     -0.0      9.3 
     0.0      4.2     -0.0     23.3   8250.0   9500.0 
     -3.7      26.6      -1.9      29.8 
     -0.1       8.2       0.0       3.0 
     -0.2       6.6      -0.0       1.8 
     -0.1       5.9       0.0       1.5 
9163 -0.157991 -0.592464 -0.789953 
 17549.9   6431.4     -0.0     14.4     -0.1      7.2 
    -0.1      4.1     -0.1     21.6   8250.0   9500.0 
     -2.9      27.5      -2.1      28.7 
     -0.2       8.4      -0.0       4.0 
     -0.1       6.6       0.1       2.4 
     -0.1       6.0       0.0       2.0 
9164 -0.196116 -0.588348 -0.784465 
 17508.5   6435.9     -0.0     14.4     -0.0      5.6 
     0.0      4.2     -0.1     19.8   8250.0   9500.0 
     -3.2      25.8      -1.5      26.4 
     -0.2       8.5      -0.0       4.7 
     -0.1       6.5       0.0       3.0 
     -0.1       6.0       0.1       2.5 
9165 -0.233373 -0.583432 -0.777910 
 17683.7   6486.3     -0.0     14.4      0.0      3.9 
     0.0      4.3      0.1     18.1   9500.0   9500.0 
     -2.7      26.4      -1.4      25.2 
     -0.1       8.3       0.1       5.5 
      0.0       6.6       0.1       3.6 
     -0.2       5.9       0.0       3.0 
9166 0.207514 -0.691714 -0.691714 
 19816.2   5575.6     -0.0     14.4     -0.1      3.6 
    -0.0     28.9     -0.0     17.8  10000.0  11250.0 
     -2.6      23.2       0.7      24.4 
     -0.1       8.7       0.2       5.2 
     -0.2       6.8       0.2       3.4 
     -0.1       6.6       0.2       2.9 
9167 0.174078 -0.696311 -0.696311 
 19848.9   5530.2     -0.0     14.4      0.0      5.3 
    -0.0     28.9      0.0     19.6   9750.0  10000.0 
     -5.0      29.7       0.9      29.3 
     -0.2       8.7       0.3       4.5 
     -0.2       6.8       0.3       2.9 
     -0.1       6.5       0.2       2.4 
9168 0.140028 -0.700140 -0.700140 
 19708.4   5476.9     -0.0     14.4      0.1      7.1 
    -0.0     28.9      0.1     21.4   9750.0  10000.0 
     -2.7      26.4       0.6      26.8 
     -0.1       8.8       0.2       3.8 
     -0.1       7.0       0.1       2.3 
     -0.2       6.6       0.2       1.9 
9169 0.105474 -0.703163 -0.703163 
 19601.3   5450.7     -0.0     14.4     -0.1      8.9 
    -0.0     28.9     -0.1     23.3   9750.0  10000.0 
     -3.0      25.3       0.3      31.2 
     -0.2       8.7       0.3       3.7 
     -0.0       6.9       0.1       1.9 
     -0.0       6.6       0.2       1.4 
9170 0.070535 -0.705346 -0.705346 
 19617.9   5461.1     -0.0     14.4     -0.2     10.6 
    -0.0     28.9     -0.2     25.0   9750.0  10000.0 
     -4.6      26.6       0.4      30.1 
     -0.1       8.8       0.2       3.1 
     -0.1       6.9       0.2       1.1 
     -0.2       6.6       0.2       1.0 
9171 0.035333 -0.706665 -0.706665 
 19556.5   5455.8     -0.0     14.4     -0.3     12.3 
    -0.0     28.9     -0.2     26.6   9750.0  10000.0 
     -3.9      24.8      -1.9      33.6 
     -0.1       8.7       0.3       5.3 
     -0.1       6.9       0.2       1.2 
     -0.2       6.5       0.2       0.5 
9172 -0.000000 -0.707107 -0.707107 
 19560.4   5415.0     -0.0     14.4     -0.1     13.5 
    -0.0     28.9     -0.1     27.8   9750.0  10000.0 
     -3.6      26.5      -0.8      36.7 
     -0.1       8.8      -0.2       6.5 
     -0.0       6.9       0.1       1.6 
     -0.3       6.6       0.1       0.8 
9173 -0.035333 -0.706665 -0.706665 
 19586.4   5414.1     -0.0     14.4      0.1     12.3 
    -0.0     28.9      0.1     26.6   9750.0  10000.0 
     -4.4      25.6      -3.1      37.0 
     -0.2       8.8      -0.1       4.8 
     -0.0       6.8       0.1       0.7 
     -0.2       6.6       0.1       0.5 
9174 -0.070535 -0.705346 -0.705346 
 19570.4   5459.2     -0.0     14.4      0.1     10.6 
    -0.0     28.9      0.1     25.0   9750.0  10000.0 
     -4.0      25.7      -0.6      31.2 
     -0.1       8.8      -0.2       3.8 
      0.1       6.9       0.1       1.1 
     -0.2       6.5       0.0       1.0 
9175 -0.105474 -0.703163 -0.703163 
 19547.4   5445.9     -0.0     14.4     -0.0      8.9 
    -0.0     28.9     -0.0     23.2   9750.0  10000.0 
     -3.3      26.1      -3.2      29.3 
     -0.2       8.7      -0.1       3.6 
     -0.1       6.9       0.1       1.7 
     -0.2       6.6       0.0       1.5 
9176 -0.140028 -0.700140 -0.700140 
 19749.8   5464.0     -0.0     14.4      0.2      7.1 
    -0.0     28.9      0.1     21.4   9750.0  10000.0 
     -3.5      25.8      -2.7      28.5 
     -0.2       8.9      -0.1       3.9 
     -0.1       6.8       0.1       2.3 
     -0.1       6.5       0.0       1.9 
9177 -0.174078 -0.696311 -0.696311 
 19770.7   5508.2     -0.0     14.4      0.0      5.3 
    -0.0     28.9     -0.0     19.6   9750.0  10000.0 
     -3.7      26.7      -2.0      26.4 
     -0.2       8.7      -0.0       4.5 
     -0.0       6.9       0.1       2.8 
     -0.1       6.5       0.1       2.4 
9178 -0.207514 -0.691714 -0.691714 
 19850.9   5551.3     -0.0     14.4      0.0      3.7 
    -0.0     28.9     -0.0     17.8   9750.0  10250.0 
     -4.2      28.2      -1.8      26.2 
     -0.4       8.5      -0.0       5.0 
     -0.1       6.9       0.1       3.3 
     -0.0       6.5       0.2       2.9 
