CMSSW_50x50_phase2:BPix@-292V [mu=0.053],3.8T@90deg,263K,rhe=1.10,rhh=0.7 
2292 1 3.80 77 5 19 0 292.0000 263.0000 0.0000 1.0000 500.0000 0.0400 30.3600 50.0575 50.0000 150.0000 500.0000 0.0200 15.180000 1.5000 1.0000 0.8500 
3701 -0.000000 -0.000000 -1.000000 
 14038.4  11207.9     -0.1     13.4     15.2      7.5 
    -0.1     27.8     15.2     21.8   6500.0   6750.0 
     -0.3      35.3       1.4      27.6 
      0.1       3.8      -0.1       4.0 
     -0.0       1.7      -0.1       2.5 
      0.0       0.9      -0.1       2.1 
3702 -0.000000 -0.083045 -0.996546 
 14026.9  11240.9      0.1     11.4     15.2      7.5 
     0.1     25.7     15.2     21.8   6500.0   7750.0 
     -2.6      33.3       0.1      25.6 
     -0.1       2.5      -0.2       4.1 
     -0.1       1.0      -0.0       2.6 
     -0.1       0.9      -0.1       2.1 
3703 -0.000000 -0.164399 -0.986394 
 14139.1  11300.0      0.1      8.6     15.3      7.4 
     0.0     22.9     15.2     21.8   6500.0   6500.0 
     -1.6      27.1       0.9      26.8 
     -0.1       3.2      -0.1       3.9 
     -0.1       2.1      -0.1       2.5 
     -0.1       1.8      -0.1       2.1 
3704 -0.000000 -0.242536 -0.970142 
 14436.2  11053.8     -0.0      5.8     15.1      7.5 
    -0.0     20.2     15.1     21.9   6500.0   7750.0 
     -3.1      28.6       1.1      26.5 
     -0.1       4.6      -0.2       4.0 
     -0.1       3.1      -0.1       2.6 
     -0.0       2.6      -0.0       2.1 
3705 -0.000000 -0.316228 -0.948683 
 14656.2  10371.7     -0.1      3.4     15.1      7.4 
    -0.0     17.3     15.1     21.8   6750.0   7750.0 
     -2.9      26.3       0.8      25.8 
     -0.1       6.1      -0.1       3.8 
     -0.1       4.0      -0.1       2.5 
     -0.1       3.5      -0.1       2.1 
3706 -0.000000 -0.384615 -0.923077 
 15056.0   9413.8     -0.1      2.5     15.0      7.4 
    -0.1     14.4     15.1     21.7   7750.0   7750.0 
     -2.6      27.7       0.2      27.2 
     -0.2       6.9      -0.2       3.8 
     -0.1       5.2      -0.1       2.6 
     -0.1       4.8      -0.1       2.2 
3707 -0.000000 -0.447214 -0.894427 
 15445.8   8356.7      0.0     14.4     15.2      7.4 
     0.1     11.4     15.2     21.7   8000.0   8000.0 
     -3.4      24.4       1.2      27.5 
     -0.0       7.6      -0.1       3.6 
     -0.1       5.9      -0.1       2.4 
     -0.0       5.6      -0.1       2.1 
3708 -0.000000 -0.503871 -0.863779 
 15959.8   7465.8      0.0     14.4     15.1      7.3 
    -0.0      8.7     15.1     21.6   8000.0   8000.0 
     -3.1      26.9       0.5      27.0 
     -0.1       8.1      -0.2       3.7 
     -0.1       6.2      -0.1       2.5 
     -0.2       5.6      -0.1       2.1 
3709 -0.000000 -0.554700 -0.832050 
 16555.8   6818.4      0.0     14.4     15.1      7.3 
     0.1      6.0     15.1     21.6   8000.0   8250.0 
     -3.0      26.2       0.1      26.7 
     -0.2       7.9      -0.2       3.9 
     -0.0       5.7      -0.1       2.3 
     -0.1       5.5      -0.1       2.1 
3710 -0.000000 -0.600000 -0.800000 
 17256.9   6352.6      0.0     14.4     15.3      7.2 
    -0.1      4.3     15.2     21.5   8250.0   9500.0 
     -3.4      27.1       0.4      26.4 
     -0.1       8.5      -0.1       3.8 
      0.0       6.6      -0.1       2.5 
     -0.1       6.1      -0.1       2.1 
3711 -0.000000 -0.640184 -0.768221 
 17950.0   5975.3      0.0     14.4     15.2      7.1 
    -0.1      4.5     15.2     21.6   9500.0   9500.0 
     -3.8      26.7       0.6      26.4 
     -0.2       8.9      -0.1       4.0 
      0.0       7.0      -0.1       2.4 
     -0.1       6.9      -0.1       2.0 
3712 -0.000000 -0.675725 -0.737154 
 18746.2   5684.6      0.0     14.4     15.2      7.1 
     0.0     28.9     15.2     21.4   9750.0   9750.0 
     -3.3      26.2       1.0      27.4 
     -0.4       8.8      -0.2       3.9 
     -0.1       6.7      -0.1       2.2 
     -0.2       7.0      -0.1       2.0 
3713 -0.000000 -0.707107 -0.707107 
 19512.8   5440.8      0.0     14.4     15.2      7.0 
     0.0     28.9     15.2     21.4   9750.0  10000.0 
     -3.6      27.9       0.8      29.5 
     -0.2       8.9      -0.2       4.0 
     -0.2       6.9      -0.1       2.4 
     -0.2       6.5      -0.1       2.0 
3714 -0.000000 -0.734803 -0.678280 
 20283.3   5240.5      0.0     14.4     15.2      7.0 
     0.0     28.9     15.3     21.3   9750.0  11250.0 
     -3.5      24.9       0.8      28.5 
     -0.1       8.8      -0.0       4.0 
     -0.2       7.1      -0.1       2.2 
     -0.1       6.8      -0.1       1.9 
3715 -0.000000 -0.759257 -0.650791 
 21203.9   5094.0      0.0     14.4     15.3      6.9 
     0.0     28.9     15.2     21.3  11250.0  11500.0 
     -4.5      26.1      -0.2      29.6 
     -0.1       9.6      -0.2       4.1 
     -0.1       8.0      -0.1       2.3 
     -0.2       7.8      -0.1       1.9 
3716 -0.000000 -0.780869 -0.624695 
 22056.7   4965.6      0.0     14.4     15.2      6.9 
     0.0     28.9     15.2     21.1  11500.0  11500.0 
     -4.8      27.2       0.0      31.5 
     -0.3       9.3      -0.2       3.9 
     -0.2       7.9      -0.1       2.2 
     -0.1       7.8      -0.1       1.9 
3717 -0.000000 -0.800000 -0.600000 
 22928.2   4855.0      0.0     14.4     15.3      6.8 
     0.0     28.9     15.2     21.2  13000.0  13000.0 
     -4.8      26.5      -1.4      30.8 
     -0.2       9.2      -0.1       4.4 
     -0.2       7.5      -0.1       2.1 
     -0.2       7.4      -0.1       1.9 
3718 -0.000000 -0.816968 -0.576683 
 23978.3   4777.1      0.0     14.4     15.1      6.8 
     0.0     28.9     15.1     21.0  13000.0  13000.0 
     -5.2      26.9       1.1      32.8 
     -0.2       9.5      -0.1       4.0 
     -0.1       7.8      -0.1       2.1 
     -0.2       7.2      -0.1       1.8 
3719 -0.000000 -0.832050 -0.554700 
 24767.8   4689.8      0.0     14.4     15.2      6.7 
     0.0     28.9     15.3     21.0  13250.0  14500.0 
     -3.7      25.3       2.2      30.5 
     -0.2       9.7      -0.1       4.0 
      0.0       8.3      -0.1       2.2 
     -0.3       8.3      -0.1       1.8 
3720 -0.000000 -0.845489 -0.533993 
 25732.5   4623.6      0.0     14.4     15.3      6.7 
     0.0     28.9     15.3     21.0  14750.0  14750.0 
     -4.8      25.8       1.5      32.3 
     -0.4       9.8      -0.1       4.5 
     -0.1       8.3      -0.1       2.1 
     -0.2       8.2      -0.1       1.7 
3721 -0.000000 -0.857493 -0.514496 
 26687.3   4565.4      0.0     14.4     15.3      6.7 
     0.0     28.9     15.3     21.0  14750.0  15000.0 
     -5.3      27.3       1.5      34.2 
     -0.3       9.4      -0.1       4.5 
     -0.2       8.0      -0.1       2.0 
     -0.3       7.9      -0.1       1.7 
3722 -0.000000 -0.868243 -0.496139 
 27733.3   4529.3      0.0     14.4     15.2      6.6 
     0.0     28.9     15.2     21.0  16250.0  16250.0 
     -5.6      26.4       0.1      32.4 
     -0.2       9.8      -0.2       4.8 
     -0.2       8.0      -0.1       2.1 
     -0.3       7.6      -0.1       1.7 
3723 -0.000000 -0.877896 -0.478852 
 28695.0   4502.8      0.0     14.4     15.3      7.0 
     0.0     28.9     15.3     20.9  16250.0  16500.0 
     -4.1      26.2       0.8      34.3 
     -0.2      10.0      -0.2       4.9 
     -0.3       8.7      -0.0       2.0 
     -0.2       8.4      -0.1       1.6 
3724 -0.000000 -0.886585 -0.462566 
 29760.3   4474.5      0.0     14.4     15.2      6.5 
     0.0     28.9     15.3     20.9  16500.0  18000.0 
     -4.8      25.3       1.7      34.5 
     -0.3      10.0      -0.1       5.0 
     -0.3       8.6      -0.0       1.9 
     -0.3       8.5      -0.1       1.6 
3725 -0.000000 -0.894427 -0.447214 
 30747.5   4464.4      0.0     14.4     15.3      6.5 
     0.0     28.9     15.2     20.9  18000.0  18000.0 
     -5.2      27.1      -0.2      34.2 
     -0.3       9.8      -0.1       5.3 
     -0.3       8.2      -0.1       2.0 
     -0.3       8.1      -0.1       1.6 
3726 -0.000000 -0.901523 -0.432731 
 31788.8   4412.7      0.0     14.4     15.2      6.5 
     0.0     28.9     15.2     20.8  18250.0  19500.0 
     -5.7      26.1       2.2      35.4 
     -0.3      10.0      -0.2       5.2 
     -0.2       8.3      -0.0       1.9 
     -0.2       7.9      -0.1       1.6 
3727 -0.000000 -0.907959 -0.419058 
 32921.3   4404.5      0.0     14.4     15.2      6.4 
     0.0     28.9     15.2     20.8  19500.0  19750.0 
     -3.5      23.5       0.2      34.4 
     -0.2      10.2      -0.0       5.1 
     -0.3       8.9      -0.0       1.9 
     -0.3       8.6      -0.1       1.5 
3728 -0.000000 -0.913812 -0.406138 
 34038.8   4385.9      0.0     14.4     15.2      6.4 
     0.0     28.9     15.2     20.8  19750.0  21000.0 
     -5.2      25.8      -0.0      35.9 
     -0.3      10.2      -0.1       6.0 
     -0.3       8.8      -0.1       1.9 
     -0.1       8.9      -0.0       1.6 
3729 -0.000000 -0.919145 -0.393919 
 35045.0   4350.9      0.0     14.4     15.2      6.3 
     0.0     28.9     15.2     20.7  20000.0  21250.0 
     -4.5      25.4      -0.9      36.1 
     -0.5      10.0      -0.0       6.1 
     -0.3       8.5      -0.1       1.9 
     -0.1       8.2      -0.1       1.5 
3730 -0.000000 -0.924017 -0.382352 
 36039.3   4342.5      0.0     14.4     15.3      6.3 
     0.0     28.9     15.3     20.8  21250.0  21500.0 
     -6.3      27.0      -0.9      36.6 
     -0.4       9.9      -0.1       5.9 
     -0.3       8.3      -0.1       1.8 
     -0.3       8.0      -0.1       1.5 
3731 -0.000000 -0.928477 -0.371391 
 37132.7   4343.7      0.0     14.4     15.3      6.4 
     0.0     28.9     15.3     20.6  22750.0  22750.0 
     -6.5      27.3       0.7      37.1 
     -0.4      10.4       0.1       6.2 
     -0.1       9.0      -0.1       1.9 
     -0.3       8.7      -0.1       1.4 
3732 -0.000000 -0.932568 -0.360994 
 38279.1   4358.2      0.0     14.4     15.4      6.9 
     0.0     28.9     15.3     20.6  23000.0  23250.0 
     -5.7      26.0       2.1      37.1 
     -0.4      10.3      -0.0       7.0 
     -0.3       9.0      -0.1       1.8 
     -0.3       8.9      -0.1       1.4 
3733 -0.000000 -0.936329 -0.351123 
 39203.2   4329.8      0.0     14.4     15.3      6.3 
     0.0     28.9     15.3     20.6  23250.0  24500.0 
     -5.1      25.0      -0.1      40.4 
     -0.3      10.1       0.0       6.0 
     -0.3       8.5      -0.1       1.8 
     -0.2       8.3      -0.1       1.4 
3734 -0.000000 -0.939793 -0.341743 
 40352.4   4315.3      0.0     14.4     15.2      6.2 
     0.0     28.9     15.3     20.5  24500.0  25000.0 
     -5.4      27.0      -0.4      38.0 
     -0.3      10.2      -0.1       6.7 
     -0.2       8.4      -0.1       1.9 
     -0.3       8.0      -0.1       1.4 
3735 -0.000000 -0.942990 -0.332820 
 41393.6   4301.7      0.0     14.4     15.3      6.2 
     0.0     28.9     15.3     20.5  24750.0  26000.0 
     -5.4      25.3       2.0      38.5 
     -0.2      10.2      -0.1       6.1 
     -0.1       9.0      -0.1       1.8 
     -0.3       8.9      -0.1       1.3 
3736 -0.000000 -0.945946 -0.324324 
 42515.2   4266.8      0.0     14.4     15.3      6.3 
     0.0     28.9     15.3     20.5  26250.0  26500.0 
     -5.6      24.8       0.6      36.0 
     -0.1      10.3      -0.1       6.5 
     -0.2       9.0      -0.1       1.8 
     -0.2       9.1      -0.1       1.3 
3737 -0.000000 -0.948683 -0.316228 
 43672.1   4327.2      0.0     14.4     15.2      6.2 
     0.0     28.9     15.3     20.6  26500.0  27750.0 
     -4.9      23.6      -0.4      39.0 
     -0.4      10.1       0.1       7.7 
     -0.5       8.6      -0.1       1.8 
     -0.2       8.5      -0.1       1.4 
3738 -0.000000 -0.951223 -0.308505 
 44745.5   4258.6      0.0     14.4     15.3      6.2 
     0.0     28.9     15.3     20.4  27750.0  28000.0 
     -5.0      24.7       1.3      40.3 
     -0.3      10.0      -0.2       7.1 
     -0.3       8.6      -0.1       1.8 
     -0.1       8.3      -0.1       1.3 
3739 -0.000000 -0.953583 -0.301131 
 45840.1   4258.8      0.0     14.4     15.3      6.1 
     0.0     28.9     15.4     20.4  28000.0  29500.0 
     -4.4      23.3       0.9      38.3 
     -0.2      10.5       0.1       7.2 
     -0.3       9.1      -0.0       1.8 
     -0.4       8.8      -0.1       1.3 
3740 -0.000000 -0.955779 -0.294086 
 46852.2   4253.4      0.0     14.4     15.3      6.1 
     0.0     28.9     15.3     20.4  29500.0  29750.0 
     -4.5      23.4       0.9      40.3 
     -0.4      10.7      -0.2       8.2 
     -0.1       9.0      -0.1       1.8 
     -0.2       9.3      -0.1       1.3 
3741 -0.000000 -0.957826 -0.287348 
 48187.9   4260.0      0.0     14.4     15.3      6.1 
     0.0     28.9     15.4     20.4  29750.0  31000.0 
     -4.6      24.2       1.9      40.9 
     -0.5      10.7       0.1       7.7 
     -0.3       8.8      -0.1       1.9 
     -0.5       8.5      -0.1       1.3 
3742 -0.000000 -0.959737 -0.280899 
 49101.3   4275.5      0.0     14.4     15.4      6.1 
     0.0     28.9     15.3     20.4  31000.0  32500.0 
     -4.9      24.6      -0.3      39.7 
     -0.4       9.9      -0.2       8.3 
     -0.1       8.5      -0.1       3.8 
     -0.3       8.4      -0.1       1.3 
3743 -0.000000 -0.961524 -0.274721 
 50175.6   4226.3      0.0     14.4     15.3      6.7 
     0.0     28.9     15.3     20.4  31500.0  32750.0 
     -4.4      22.8       0.9      40.4 
     -0.6      10.8      -0.1       8.6 
     -0.2       9.2      -0.1       1.8 
     -0.2       9.0      -0.1       1.3 
3744 -0.000000 -0.963196 -0.268799 
 51344.3   4254.6      0.0     14.4     15.4      6.0 
     0.0     28.9     15.4     20.3  32750.0  33000.0 
     -4.8      23.5       1.4      42.3 
     -0.4      10.6      -0.1       9.4 
     -0.3       9.1      -0.1       1.8 
     -0.2       9.0      -0.1       1.3 
3745 -0.000000 -0.964764 -0.263117 
 52493.6   4226.9      0.0     14.4     15.3      6.1 
     0.0     28.9     15.3     20.4  33000.0  34250.0 
     -5.7      23.6       1.2      43.0 
     -0.4      10.5      -0.1       9.6 
     -0.3       8.7      -0.0       1.7 
     -0.1       8.7      -0.0       1.3 
3746 -0.000000 -0.966235 -0.257663 
 53617.3   4263.6      0.0     14.4     15.3      6.1 
     0.0     28.9     15.3     20.4  34250.0  35750.0 
     -5.0      21.9       1.1      41.5 
     -0.7      10.3      -0.0       9.9 
     -0.2       8.7      -0.1       1.7 
     -0.2       8.7      -0.1       1.3 
3747 -0.000000 -0.967617 -0.252422 
 54797.3   4264.2      0.0     14.4     15.3      6.0 
     0.0     28.9     15.2     20.4  34750.0  36000.0 
     -4.9      23.2      -1.4      42.6 
     -0.6      10.8      -0.1      10.1 
     -0.2       9.2      -0.1       1.7 
     -0.3       9.1      -0.1       1.2 
3748 -0.000000 -0.968918 -0.247383 
 55767.6   4220.3      0.0     14.4     15.3      6.6 
     0.0     28.9     15.3     20.3  36000.0  36500.0 
     -5.4      21.2      -1.0      43.2 
     -0.3      10.6      -0.1      10.1 
     -0.3       9.3      -0.1       1.8 
     -0.3       9.1      -0.1       1.2 
3749 -0.000000 -0.970142 -0.242536 
 57010.9   4284.0      0.0     14.4     15.3      6.0 
     0.0     28.9     15.3     20.3  36250.0  37500.0 
     -4.8      21.9       0.5      43.8 
     -0.6      10.3      -0.1       9.7 
     -0.2       8.8      -0.1       1.8 
     -0.2       8.5      -0.1       1.2 
3750 -0.000000 -0.971297 -0.237869 
 58095.9   4271.3      0.0     14.4     15.4      6.0 
     0.0     28.9     15.4     20.3  37750.0  39000.0 
     -4.8      22.2      -0.1      43.6 
     -0.6      10.3      -0.2      10.0 
     -0.2       8.5      -0.0       1.9 
     -0.3       8.7      -0.1       1.2 
3751 -0.000000 -0.972387 -0.233373 
 59116.8   4238.3      0.0     14.4     15.4      6.0 
     0.0     28.9     15.4     20.3  38000.0  39250.0 
     -3.9      21.8       1.6      45.1 
     -0.4      10.7       0.0      10.4 
     -0.4       9.3      -0.1       1.7 
     -0.4      10.1      -0.1       1.2 
3752 -0.000000 -0.973417 -0.229039 
 60170.3   4252.7      0.0     14.4     15.4      6.0 
     0.0     28.9     15.4     20.3  39250.0  40500.0 
     -5.0      21.5       0.1      42.5 
     -0.4      10.7      -0.3      11.7 
     -0.3       9.2      -0.1       1.9 
     -0.5      10.5      -0.1       1.2 
3753 -0.000000 -0.974391 -0.224860 
 61396.9   4264.3      0.0     14.4     15.5      6.0 
     0.0     28.9     15.4     20.3  40750.0  41000.0 
     -4.1      21.2       2.0      43.2 
     -0.7      10.3      -0.1      10.6 
     -0.3       8.9      -0.0       2.0 
     -0.4       8.8      -0.1       1.2 
3754 -0.000000 -0.975313 -0.220826 
 62556.8   4271.5      0.0     14.4     15.3      6.7 
     0.0     28.9     15.3     20.3  40750.0  42250.0 
     -3.4      20.2       3.1      44.9 
     -0.5      10.3       0.0      12.2 
     -0.2       8.7      -0.1       2.0 
     -0.5       8.6      -0.0       2.7 
3755 -0.000000 -0.976187 -0.216930 
 63825.4   4244.9      0.0     14.4     15.4      6.0 
     0.0     28.9     15.4     20.3  41250.0  42500.0 
     -3.4      20.2       1.2      45.5 
     -0.6      10.8      -0.0      12.0 
     -0.1       9.2      -0.1       2.6 
     -0.3      10.0      -0.1       1.2 
3756 -0.000000 -0.977016 -0.213167 
 65000.6   4264.8      0.0     14.4     15.4      5.9 
     0.0     28.9     15.4     20.2  42750.0  44000.0 
     -2.9      18.1       4.5      45.8 
     -0.3      11.0      -0.2      12.1 
     -0.4       9.4      -0.1       1.9 
     -0.3       9.2      -0.1       1.1 
3757 -0.000000 -0.977802 -0.209529 
 65955.3   4277.6      0.0     14.4     15.4      6.6 
     0.0     28.9     15.4     20.2  44000.0  44250.0 
     -3.2      19.4       2.0      46.0 
     -0.7      10.7      -0.2      12.0 
     -0.3       8.7      -0.1       2.0 
     -0.2       9.4      -0.1       1.2 
3758 -0.000000 -0.978550 -0.206010 
 67146.9   4260.0      0.0     14.4     15.4      5.9 
     0.0     28.9     15.3     20.3  44250.0  45500.0 
     -3.8      18.8       0.0      46.3 
     -0.7      10.3       0.2      12.2 
     -0.3       8.7      -0.1       1.8 
     -0.4       8.5      -0.1       1.1 
3759 -0.000000 -0.979260 -0.202606 
 68308.4   4225.8      0.0     14.4     15.4      5.9 
     0.0     28.9     15.4     20.1  45500.0  46000.0 
     -2.9      17.0       2.2      46.3 
     -0.5      10.9      -0.3      12.3 
     -0.2       9.2      -0.0       1.8 
     -0.5       9.7      -0.1       1.1 
3760 -0.000000 -0.979937 -0.199309 
 69362.8   4286.5      0.0     14.4     15.4      5.9 
     0.0     28.9     15.5     20.1  46000.0  47250.0 
     -2.5      18.7       3.1      47.0 
     -0.7      10.9      -0.0      12.5 
     -0.3       9.3      -0.1       2.0 
     -0.4       9.5      -0.1       1.1 
3761 -0.000000 -0.980581 -0.196116 
 70489.4   4249.9      0.0     14.4     15.4      5.9 
     0.0     28.9     15.4     20.2  47250.0  47500.0 
     -2.8      17.1       0.4      49.3 
     -0.4      10.3       0.1      12.8 
     -0.3       9.0      -0.1       2.0 
     -0.3      10.0      -0.0       1.1 
3762 -0.000000 -0.981194 -0.193022 
 71710.5   4270.4      0.0     14.4     15.3      5.9 
     0.0     28.9     15.3     20.1  47750.0  49000.0 
     -2.8      18.4       1.7      49.5 
     -0.7      10.3       0.1      13.4 
     -0.3       8.8      -0.1       1.8 
     -0.4       9.9      -0.1       1.1 
3763 -0.000000 -0.981780 -0.190022 
 72832.0   4256.1      0.0     14.4     15.4      5.9 
     0.0     28.9     15.4     20.1  49000.0  49500.0 
     -2.3      16.3      -0.5      47.7 
     -0.5      10.5      -0.0      14.0 
     -0.2       9.3      -0.1       2.2 
     -0.3       9.2      -0.1       1.1 
3764 -0.000000 -0.982339 -0.187112 
 74013.5   4272.0      0.0     14.4     15.4      5.9 
     0.0     28.9     15.4     20.2  49250.0  50500.0 
     -2.1      16.6       0.9      48.5 
     -0.5      10.5      -0.3      14.3 
     -0.3       9.3      -0.1       2.0 
     -0.2      10.1      -0.1       1.1 
3765 -0.000000 -0.982872 -0.184289 
 75234.3   4270.7      0.0     14.4     15.4      5.9 
     0.0     28.9     15.4     20.2  50500.0  50750.0 
     -3.3      15.6       0.8      49.6 
     -0.5      10.2       0.2      14.6 
     -0.3       8.8      -0.1       2.0 
     -0.3       9.7      -0.1       1.2 
3766 -0.000000 -0.983382 -0.181547 
 76223.9   4280.9      0.0     14.4     15.5      5.9 
     0.0     28.9     15.5     20.1  50750.0  52250.0 
     -2.6      15.1       0.4      47.3 
     -0.6      10.0      -0.1      14.1 
     -0.3       8.9      -0.1       2.0 
     -0.2       9.3      -0.1       1.1 
3767 -0.000000 -0.983870 -0.178885 
 77263.4   4257.9      0.0     14.4     15.3      5.9 
     0.0     28.9     15.4     20.1  52250.0  53500.0 
     -2.0      15.4       0.8      49.0 
     -0.6      10.7       0.0      15.1 
     -0.4       9.2      -0.0       1.8 
     -0.5       9.9      -0.1       1.1 
3768 -0.000000 -0.984337 -0.176299 
 78530.1   4304.1      0.0     14.4     15.4      5.8 
     0.0     28.9     15.5     20.1  53750.0  54000.0 
     -1.8      14.8       0.9      45.2 
     -0.5      10.4      -0.3      14.9 
     -0.4       9.3      -0.1       2.1 
     -0.3       9.8      -0.1       1.1 
3769 -0.000000 -0.984784 -0.173785 
 79599.3   4276.2      0.0     14.4     15.5      5.8 
     0.0     28.9     15.5     20.2  54000.0  55250.0 
     -1.6      13.0       1.1      49.1 
     -0.4      10.0      -0.0      15.0 
     -0.3       8.8      -0.1       2.0 
     -0.4       9.6      -0.1       1.0 
3770 -0.000000 -0.985212 -0.171341 
 80837.1   4278.3      0.0     14.4     15.5      7.2 
     0.0     28.9     15.5     20.1  55250.0  55750.0 
     -0.6      13.7      -1.4      50.4 
     -0.6      10.0      -0.1      14.9 
     -0.3       8.8      -0.0       2.1 
     -0.2       9.2      -0.1       1.1 
3771 -0.000000 -0.985622 -0.168964 
 81760.7   4317.7      0.0     14.4     15.5      5.8 
     0.0     28.9     15.5     20.1  55750.0  57000.0 
     -0.7      13.6       2.6      50.7 
     -0.4      10.4      -0.1      15.0 
     -0.3       9.3      -0.0       2.1 
     -0.5      10.2       0.0       4.2 
3772 -0.000000 -0.986016 -0.166651 
 83193.9   4276.0      0.0     14.4     15.4      5.8 
     0.0     28.9     15.4     20.1  57000.0  57250.0 
     -0.5      12.6       0.3      49.7 
     -0.6      10.3       0.1      15.7 
     -0.1       9.3      -0.1       2.0 
     -0.1      10.5      -0.0       1.2 
3773 -0.000000 -0.986394 -0.164399 
 84208.2   4276.5      0.0     14.4     15.5      6.4 
     0.0     28.9     15.5     20.1  57250.0  58500.0 
      0.1      13.1       0.5      49.8 
     -0.2       9.8      -0.1      15.3 
     -0.4       8.9      -0.0       2.4 
     -0.5       9.3      -0.1       1.0 
3774 -0.000000 -0.986757 -0.162207 
 85303.8   4275.0      0.0     14.4     15.4      5.8 
     0.0     28.9     15.4     20.1  58500.0  60000.0 
     -0.3      12.0       0.8      49.6 
     -0.2       9.9      -0.1      16.3 
     -0.2       8.7      -0.0       2.2 
     -0.3      11.2      -0.1       1.2 
3775 -0.000000 -0.987105 -0.160071 
 86364.4   4274.9      0.0     14.4     15.4      6.2 
     0.0     28.9     15.4     20.0  58750.0  60250.0 
      1.2      12.5       3.8      49.3 
      0.4      10.1       0.1      16.3 
      0.5       9.4      -0.0       2.0 
      0.4      10.2      -0.0       1.0 
3776 -0.000000 -0.987441 -0.157991 
 87503.1   4262.2      0.0     14.4     15.4      5.8 
     0.0     28.9     15.4     20.1  60250.0  61750.0 
      2.6      12.7       3.8      51.4 
      2.2      11.1      -0.1      16.9 
      2.0      10.6      -0.0       2.5 
      1.4      12.1      -0.1       4.1 
3777 -0.000000 -0.987763 -0.155963 
 88808.4   4292.2      0.0     14.4     15.5      5.8 
     0.0     28.9     15.5     20.0  60500.0  62000.0 
      5.3      12.3       2.2      51.0 
      4.7      11.4      -0.4      15.8 
      4.8      10.9      -0.0       2.0 
      3.6      11.5      -0.1       6.3 
3778 0.600000 -0.000000 -0.800000 
 17349.7   8660.7      0.1     13.4     15.2     14.4 
     0.1     27.7     15.3      9.2   9500.0   9500.0 
     -1.0      39.0       3.7      24.7 
     -0.0       4.3       0.0       7.9 
     -0.0       1.4       0.0       5.9 
      0.0       0.9       0.2       5.4 
3779 0.554700 -0.000000 -0.832050 
 16695.0   9739.7      0.1     13.4     15.2     14.4 
     0.1     27.7     15.3     12.2   8000.0   9500.0 
     -0.3      36.8       3.7      24.2 
      0.3       5.5       0.1       7.3 
     -0.0       1.4       0.0       5.5 
      0.0       0.9       0.2       5.0 
3780 0.503871 -0.000000 -0.863779 
 16126.5  11060.6     -0.1     13.3     15.3      2.1 
    -0.1     27.7     15.3     15.3   7750.0   8000.0 
      0.8      41.2       3.8      25.3 
      0.5       6.3       0.1       6.2 
     -0.1       1.4       0.1       4.5 
     -0.0       0.9       0.1       3.8 
3781 0.447214 -0.000000 -0.894427 
 15655.3  12034.1      0.0     13.3     15.2      4.1 
     0.0     27.7     15.2     18.3   7750.0   7750.0 
      0.7      35.2       2.9      24.5 
      0.1       4.4       0.1       5.3 
      0.0       1.3      -0.0       3.7 
     -0.0       0.9       0.1       2.9 
3782 0.384615 -0.000000 -0.923077 
 15200.1  12122.6     -0.1     13.3     15.2      6.9 
    -0.1     27.7     15.2     21.2   7750.0   7750.0 
      0.5      37.1       3.7      27.7 
     -0.0       5.2      -0.0       3.8 
     -0.0       1.0       0.0       2.6 
      0.0       1.0       0.1       2.2 
3783 0.316228 -0.000000 -0.948683 
 14918.6  11904.4     -0.1     13.3     15.2      9.7 
    -0.1     27.7     15.2     24.1   7750.0   7750.0 
     -1.4      40.0       2.4      28.5 
     -0.0       3.6       0.1       3.2 
     -0.1       1.1       0.1       1.5 
     -0.0       1.0       0.1       1.3 
3784 0.242536 -0.000000 -0.970142 
 14615.0  11603.9      0.2     13.3     14.9     12.4 
     0.2     27.7     14.9     26.8   7750.0   7750.0 
     -0.5      37.4       6.0      34.5 
      0.4       5.4      -0.1       4.3 
      0.0       1.1       0.0       0.6 
     -0.0       0.9       0.1       0.5 
3785 0.164399 -0.000000 -0.986394 
 14302.3  11354.7      0.0     13.3     15.4     12.8 
     0.0     27.7     15.4     27.2   7750.0   7750.0 
      0.0      39.5       3.8      33.1 
      0.0       4.9       0.1       3.8 
     -0.0       1.1      -0.0       0.5 
      0.0       0.9      -0.1       0.5 
3786 0.083045 -0.000000 -0.996546 
 14123.0  11192.1     -0.1     13.3     15.2     10.1 
    -0.1     27.7     15.2     24.6   6500.0   7750.0 
     -2.1      33.1       2.3      28.1 
      0.3       4.7      -0.1       3.1 
      0.0       1.3      -0.1       1.4 
     -0.0       0.9      -0.1       1.2 
3787 -0.000000 -0.000000 -1.000000 
 14059.9  11149.1     -0.0     13.4     15.2      7.5 
     0.0     27.8     15.2     21.9   6500.0   7750.0 
      1.8      38.6       0.7      27.7 
      0.0       4.3      -0.1       4.1 
     -0.1       1.5      -0.1       2.6 
      0.0       0.9      -0.1       2.1 
3788 -0.083045 -0.000000 -0.996546 
 14057.2  10796.5     -0.0     13.4     15.1      4.8 
     0.0     27.8     15.2     19.0   6500.0   6500.0 
     -0.0      37.0      -0.1      25.2 
     -0.0       4.0      -0.2       5.6 
     -0.0       1.1      -0.1       3.7 
      0.0       0.8      -0.1       3.0 
3789 -0.164399 -0.000000 -0.986394 
 14164.1   9824.8      0.0     13.3     15.1      5.7 
     0.0     27.8     15.1     16.1   6500.0   6500.0 
     -2.1      38.5       0.4      22.8 
     -0.1       4.8      -0.3       6.7 
     -0.1       1.1      -0.2       4.6 
     -0.0       0.8      -0.1       3.8 
3790 -0.242536 -0.000000 -0.970142 
 14300.1   8478.0      0.0     13.4     14.6      2.6 
    -0.0     27.8     15.0     13.3   6500.0   6500.0 
     -0.3      33.5      -0.6      23.1 
     -0.4       3.9      -0.2       7.7 
     -0.0       1.1      -0.0       5.6 
     -0.0       0.8      -0.2       5.2 
3791 -0.316228 -0.000000 -0.948683 
 14595.8   7405.1      0.1     13.4     15.2     14.4 
     0.1     27.8     15.0     10.6   6500.0   6500.0 
     -0.1      33.7      -1.4      23.2 
     -0.1       4.7      -0.2       8.0 
     -0.0       1.3      -0.2       6.0 
     -0.0       0.8      -0.2       5.8 
3792 -0.384615 -0.000000 -0.923077 
 14964.7   6591.8     -0.0     13.4     15.2     14.4 
     0.0     27.8     15.2      7.8   7000.0   8000.0 
      0.3      36.0      -1.9      22.5 
     -0.8       5.8      -0.2       8.2 
     -0.0       1.1      -0.2       5.8 
      0.0       0.8      -0.0       5.9 
3793 -0.447214 -0.000000 -0.894427 
 15462.4   6067.7     -0.0     13.5     15.2     14.4 
    -0.0     27.9     15.0      5.5   8000.0   8000.0 
     -0.4      36.4      -1.8      23.9 
     -0.4       5.7      -0.1       7.9 
     -0.0       0.9      -0.2       6.2 
     -0.1       0.8      -0.2       5.7 
3794 -0.503871 -0.000000 -0.863779 
 15949.3   5595.7     -0.0     13.5     15.2     14.4 
    -0.0     27.9     14.8      4.1   8000.0   8000.0 
      0.2      37.5      -3.2      23.1 
      0.0       4.6      -0.2       8.9 
     -0.0       1.1      -0.1       7.1 
      0.0       0.8      -0.2       6.7 
3795 -0.554700 -0.000000 -0.832050 
 16591.0   5275.2      0.1     13.5     15.2     14.4 
     0.1     27.9     14.6      4.7   8250.0   8250.0 
     -0.8      34.3      -2.9      22.1 
      0.3       5.5      -0.2       9.1 
     -0.1       1.4      -0.1       7.2 
      0.0       0.7      -0.3       7.5 
3796 -0.600000 -0.000000 -0.800000 
 17201.0   5010.4      0.0     13.6     15.2     14.4 
     0.0     27.9     15.2     28.9   8250.0   8250.0 
     -0.1      40.3      -2.7      23.2 
     -0.5       6.5      -0.3       8.8 
     -0.1       1.1      -0.1       7.2 
      0.0       0.9      -0.3       7.2 
3797 0.514496 -0.514496 -0.685994 
 20060.6   7319.8      0.0     14.4     15.2     14.4 
    -0.0      3.9     15.2      8.9   9750.0  11000.0 
     -3.1      26.9       3.2      26.4 
      0.1       8.0       0.1       7.7 
      0.0       6.2      -0.0       5.8 
     -0.2       5.7       0.1       5.3 
3798 0.470588 -0.529412 -0.705882 
 19514.4   7182.3      0.0     14.4     15.7      1.6 
     0.1      3.9     15.1     11.9   9750.0   9750.0 
     -3.6      27.0       4.2      26.4 
     -0.2       8.1       0.1       7.6 
     -0.1       6.3       0.1       5.6 
     -0.1       5.7      -0.0       4.9 
3799 0.422885 -0.543710 -0.724946 
 18960.1   7031.6      0.0     14.4     15.5      9.3 
    -0.1      3.9     15.2     14.9   9500.0   9750.0 
     -3.6      26.2       2.8      25.2 
     -0.1       7.9       0.1       6.0 
     -0.1       6.4       0.1       4.3 
     -0.1       5.8       0.0       3.8 
3800 0.371391 -0.557086 -0.742781 
 18528.2   6831.8      0.0     14.4     15.2      3.8 
    -0.1      4.0     15.2     18.0   9500.0   9500.0 
     -2.9      25.9       3.0      26.3 
     -0.2       7.9       0.1       4.9 
     -0.1       6.1       0.1       3.3 
     -0.1       5.8       0.0       2.9 
3801 0.316228 -0.569210 -0.758947 
 18178.3   6687.3      0.0     14.4     15.1      6.6 
    -0.1      4.0     15.1     21.0   9500.0   9500.0 
     -3.2      26.8       3.4      28.6 
     -0.1       8.1       0.1       3.9 
     -0.2       6.3       0.0       2.4 
     -0.1       5.7       0.0       2.1 
3802 0.257663 -0.579741 -0.772988 
 17949.7   6590.1      0.0     14.4     15.2      9.5 
    -0.2      3.9     15.2     23.9   9500.0   9500.0 
     -3.5      26.0       2.5      32.2 
     -0.2       8.1       0.1       3.4 
     -0.2       6.4       0.1       1.5 
     -0.2       5.8       0.1       1.3 
3803 0.196116 -0.588348 -0.784465 
 17668.9   6460.3      0.0     14.4     15.0     12.3 
    -0.3      3.9     15.0     26.7   8250.0   9500.0 
     -2.6      25.8       2.5      32.8 
     -0.3       8.3       0.2       8.5 
     -0.2       6.4       0.0       0.7 
     -0.3       5.8       0.1       0.5 
3804 0.132164 -0.594737 -0.792982 
 17514.2   6388.3      0.0     14.4     15.5     12.8 
    -0.1      3.9     15.5     27.2   8250.0   9500.0 
     -3.4      26.4       1.5      35.5 
     -0.2       8.4      -0.2       5.1 
     -0.1       6.5       0.1       1.3 
     -0.2       5.9      -0.1       0.5 
3805 0.066519 -0.598671 -0.798228 
 17304.7   6357.1      0.0     14.4     15.2     10.0 
    -0.1      4.2     15.2     24.4   8250.0   9500.0 
     -3.3      28.8       1.5      32.7 
     -0.3       8.4      -0.2       2.9 
     -0.1       6.6      -0.1       1.4 
     -0.2       5.9      -0.1       1.2 
3806 -0.000000 -0.600000 -0.800000 
 17294.3   6394.7      0.0     14.4     15.2      7.3 
    -0.1      4.2     15.2     21.6   8250.0   9500.0 
     -3.2      27.8       1.0      29.2 
      0.0       8.5      -0.1       3.9 
     -0.2       6.6      -0.1       2.4 
     -0.2       6.1      -0.1       2.1 
3807 -0.066519 -0.598671 -0.798228 
 17212.1   6316.6      0.0     14.4     15.2      4.4 
     0.1      4.5     15.2     18.6   8250.0   8250.0 
     -4.5      26.9      -0.2      27.1 
     -0.3       8.0      -0.2       4.9 
      0.1       6.5      -0.1       3.4 
     -0.1       6.1      -0.1       3.0 
3808 -0.132164 -0.594737 -0.792982 
 17279.1   6390.3      0.0     14.4     15.1      2.5 
     0.1      4.5     15.1     15.7   8250.0   8250.0 
     -3.6      27.3      -0.3      23.7 
     -0.3       8.1      -0.1       6.1 
     -0.1       6.7      -0.1       4.4 
     -0.1       6.0      -0.1       3.8 
3809 -0.196116 -0.588348 -0.784465 
 17501.1   6427.1      0.0     14.4     15.3      3.2 
     0.1      4.5     15.3     12.8   8250.0   8250.0 
     -3.4      27.2      -0.6      24.5 
     -0.2       8.4      -0.1       7.6 
     -0.1       6.7      -0.0       5.6 
     -0.1       6.1      -0.0       5.0 
3810 -0.257663 -0.579741 -0.772988 
 17739.6   6462.2      0.0     14.4     15.2     14.4 
    -0.1      4.6     15.1      9.9   8250.0   8500.0 
     -3.3      26.8      -1.7      23.7 
     -0.1       8.4      -0.2       8.0 
     -0.2       6.6       0.0       6.1 
     -0.1       6.1      -0.1       5.5 
3811 -0.316228 -0.569210 -0.758947 
 18017.0   6451.8      0.0     14.4     15.2     14.4 
     0.0      4.5     15.3      7.2   8500.0   9500.0 
     -3.0      25.4      -1.9      24.1 
     -0.2       8.3      -0.2       7.9 
     -0.1       6.5      -0.2       5.9 
     -0.1       6.0      -0.0       5.5 
3812 -0.371391 -0.557086 -0.742781 
 18415.2   6335.6      0.0     14.4     15.2     14.4 
     0.0      4.5     15.2      5.0   9500.0   9500.0 
     -3.0      26.6      -2.2      25.0 
     -0.1       8.2      -0.2       8.0 
     -0.0       6.4      -0.0       5.9 
     -0.0       6.0      -0.0       5.5 
3813 -0.422885 -0.543710 -0.724946 
 18795.2   6149.8      0.0     14.4     15.2     14.4 
     0.0      4.5     15.3      4.6   9500.0   9500.0 
     -2.9      26.7      -1.8      23.0 
     -0.0       8.2      -0.0       8.4 
     -0.0       6.3      -0.1       6.6 
     -0.1       5.9      -0.0       6.5 
3814 -0.470588 -0.529412 -0.705882 
 19356.2   6025.1      0.0     14.4     15.2     14.4 
     0.0      4.3     15.5      5.1   9750.0   9750.0 
     -3.8      27.8      -3.5      24.1 
     -0.2       8.4      -0.2       9.0 
      0.0       6.4      -0.1       7.1 
     -0.1       6.0      -0.1       6.9 
3815 -0.514496 -0.514496 -0.685994 
 19872.3   5724.2      0.0     14.4     15.2     14.4 
    -0.0      4.2     15.2     28.9   9750.0  10000.0 
     -2.7      26.4      -2.4      23.9 
      0.1       8.1      -0.0       8.8 
     -0.2       6.4      -0.2       7.1 
     -0.2       5.9      -0.2       6.8 
3816 0.384111 -0.768221 -0.512148 
 26748.2   5162.5      0.0     14.4     15.2     14.4 
     0.0     28.9     15.1      8.1  14750.0  14750.0 
     -4.3      26.3       3.5      30.7 
     -0.0       9.5      -0.0       7.5 
     -0.0       8.1       0.1       5.6 
     -0.3       8.0       0.1       5.1 
3817 0.346844 -0.780399 -0.520266 
 26391.1   5005.3      0.0     14.4     15.2     14.4 
     0.0     28.9     15.1     11.1  14500.0  14750.0 
     -3.8      26.6       2.8      28.6 
     -0.3       9.8       0.1       7.7 
     -0.1       8.1       0.1       5.5 
     -0.1       8.1       0.0       4.9 
3818 0.307860 -0.791639 -0.527759 
 26054.4   4942.7      0.0     14.4     15.0      1.8 
     0.0     28.9     15.2     14.2  14500.0  14750.0 
     -4.8      28.6       2.1      29.8 
     -0.0      10.0      -0.0       6.4 
     -0.2       8.1       0.0       3.9 
     -0.1       8.1       0.0       3.3 
3819 0.267261 -0.801784 -0.534522 
 25671.3   4903.5      0.0     14.4     15.1      3.2 
     0.0     28.9     15.1     17.4  14500.0  14750.0 
     -4.4      26.3       1.7      30.3 
     -0.0       9.9       0.1       5.3 
     -0.1       8.3       0.1       3.1 
     -0.2       8.1       0.1       2.6 
3820 0.225189 -0.810679 -0.540453 
 25440.6   4832.5      0.0     14.4     15.1      6.2 
     0.0     28.9     15.0     20.5  13250.0  14500.0 
     -4.5      27.2       2.8      32.5 
     -0.0       9.8      -0.0       4.1 
     -0.2       8.4       0.0       2.2 
     -0.2       8.2       0.1       1.9 
3821 0.181818 -0.818182 -0.545455 
 25240.9   4807.2      0.0     14.4     15.0      9.2 
     0.0     28.9     15.0     23.6  13250.0  14500.0 
     -4.4      24.5       1.6      32.6 
     -0.1       9.8       0.0       4.2 
     -0.1       8.3       0.0       1.4 
     -0.3       8.1       0.1       1.1 
3822 0.137361 -0.824163 -0.549442 
 25052.1   4745.3      0.0     14.4     14.8     12.2 
     0.0     28.9     14.8     26.6  14500.0  14500.0 
     -5.9      26.3       3.4      36.3 
     -0.3       9.6      -0.1       6.6 
     -0.1       8.3      -0.0       0.6 
     -0.2       8.3       0.0       0.5 
3823 0.092057 -0.828517 -0.552345 
 24915.3   4726.4      0.0     14.4     15.3     12.7 
     0.0     28.9     15.4     27.0  13500.0  14500.0 
     -4.4      26.0       3.0      35.8 
     -0.1       9.7      -0.0       7.7 
     -0.2       8.3       0.0       1.3 
     -0.2       8.2      -0.0       0.4 
3824 0.046176 -0.831163 -0.554109 
 24900.2   4705.5      0.0     14.4     15.3      9.8 
     0.0     28.9     15.3     24.1  13250.0  14500.0 
     -4.5      26.4       0.5      34.6 
     -0.3       9.9      -0.3       4.7 
     -0.1       8.3      -0.1       1.4 
     -0.2       8.2      -0.1       1.0 
3825 -0.000000 -0.832050 -0.554700 
 24777.2   4692.0      0.0     14.4     15.3      6.7 
     0.0     28.9     15.2     21.1  13250.0  14500.0 
     -4.5      26.1       1.7      32.3 
     -0.2       9.7      -0.0       4.2 
     -0.2       8.2      -0.1       2.1 
     -0.2       8.3      -0.1       1.8 
3826 -0.046176 -0.831163 -0.554109 
 24881.3   4723.8      0.0     14.4     15.2      3.7 
     0.0     28.9     15.2     17.9  13000.0  13250.0 
     -4.6      27.0      -0.5      30.4 
     -0.1       9.8      -0.1       5.0 
     -0.2       8.4      -0.1       3.0 
     -0.2       8.3      -0.1       2.5 
3827 -0.092057 -0.828517 -0.552345 
 24884.9   4734.9      0.0     14.4     15.2      1.7 
     0.0     28.9     15.2     14.9  13250.0  14500.0 
     -5.0      26.9      -0.3      27.6 
     -0.2       9.7      -0.1       5.9 
     -0.1       8.4      -0.0       3.9 
     -0.0       8.3      -0.1       3.3 
3828 -0.137361 -0.824163 -0.549442 
 25060.9   4722.3      0.0     14.4     15.2     14.4 
     0.0     28.9     15.2     11.8  13250.0  13250.0 
     -5.0      28.2       0.1      28.2 
     -0.0       9.8       0.0       7.4 
     -0.2       8.4      -0.0       5.4 
     -0.0       8.3      -0.1       4.7 
3829 -0.181818 -0.818182 -0.545455 
 25098.6   4782.1      0.0     14.4     15.2     14.4 
     0.0     28.9     15.2      8.8  13250.0  13500.0 
     -3.6      24.4      -0.3      26.5 
     -0.2       9.9      -0.1       7.6 
     -0.1       8.3      -0.0       5.7 
     -0.0       8.4      -0.0       5.3 
3830 -0.225189 -0.810679 -0.540453 
 25337.9   4804.1      0.0     14.4     15.2     14.4 
     0.0     28.9     15.1      5.8  13250.0  14500.0 
     -4.2      27.5      -1.4      26.5 
     -0.1       9.7      -0.0       7.3 
     -0.1       8.5      -0.1       5.3 
     -0.2       8.3      -0.1       4.8 
3831 -0.267261 -0.801784 -0.534522 
 25610.9   4869.6      0.0     14.4     15.2     14.4 
     0.0     28.9     15.2      3.6  13250.0  14500.0 
     -4.5      25.4      -2.2      27.6 
     -0.1       9.5      -0.0       7.2 
     -0.0       8.5      -0.0       5.3 
     -0.2       8.2      -0.2       4.6 
3832 -0.307860 -0.791639 -0.527759 
 25913.6   4923.1      0.0     14.4     15.2     14.4 
     0.0     28.9     15.0      3.7  14500.0  14750.0 
     -4.8      27.0      -1.4      26.5 
     -0.3       9.9      -0.2       8.0 
     -0.0       8.3      -0.1       6.0 
     -0.2       8.2      -0.2       5.6 
3833 -0.346844 -0.780399 -0.520266 
 26284.4   5008.3      0.0     14.4     15.2     14.4 
     0.0     28.9     15.7      2.2  13500.0  14750.0 
     -4.7      28.2      -0.6      26.0 
     -0.3      10.0      -0.3       8.7 
      0.0       8.3       0.0       6.4 
     -0.0       8.2      -0.1       6.0 
3834 -0.384111 -0.768221 -0.512148 
 26578.4   5078.5      0.0     14.4     15.2     14.4 
     0.0     28.9     15.2     28.9  14750.0  14750.0 
     -5.2      27.7      -2.9      26.2 
     -0.1       9.6      -0.1       8.2 
     -0.1       8.0      -0.1       6.1 
     -0.1       8.2      -0.1       5.9 
3835 0.230769 -0.923077 -0.307692 
 44709.2   4398.9      0.0     14.4     15.2     14.4 
     0.0     28.9     15.1      6.8  27750.0  28000.0 
     -5.7      24.5       2.4      36.9 
     -0.3      10.0       0.2       8.7 
     -0.1       8.6       0.0       5.3 
     -0.1       8.3       0.1       4.8 
3836 0.206284 -0.928279 -0.309426 
 44539.4   4375.6      0.0     14.4     15.2     14.4 
     0.0     28.9     15.1     10.1  27750.0  28000.0 
     -4.7      25.6       3.8      36.5 
     -0.2      10.1       0.0       9.0 
     -0.2       8.7       0.1       5.7 
     -0.1       8.3       0.0       5.2 
3837 0.181406 -0.932943 -0.310981 
 44381.7   4354.0      0.0     14.4     15.2     14.4 
     0.0     28.9     15.1     13.4  27750.0  27750.0 
     -5.1      25.7       2.9      36.1 
     -0.3      10.1       0.2       7.4 
     -0.0       8.6       0.0       3.7 
     -0.2       8.5       0.0       3.0 
3838 0.156174 -0.937043 -0.312348 
 44197.9   4331.2      0.0     14.4     15.1      2.5 
     0.0     28.9     15.0     16.7  27750.0  27750.0 
     -5.2      25.2       1.5      39.9 
     -0.2      10.1      -0.1       7.0 
     -0.2       8.5       0.1       2.5 
     -0.2       8.4       0.0       1.9 
3839 0.130632 -0.940554 -0.313518 
 44121.4   4358.5      0.0     14.4     15.0      5.8 
     0.0     28.9     15.0     19.9  26500.0  27750.0 
     -5.4      25.2       1.2      39.4 
     -0.3      10.1       0.3       7.8 
      0.0       8.5       0.0       1.8 
     -0.2       8.3       0.0       1.4 
3840 0.104828 -0.943456 -0.314485 
 43990.2   4319.7      0.0     14.4     14.9      8.9 
     0.0     28.9     14.9     23.2  27750.0  27750.0 
     -6.0      25.5       1.8      41.0 
     -0.5      10.2       0.3       9.0 
     -0.3       8.5       0.0       1.5 
     -0.3       8.4       0.0       0.8 
3841 0.078811 -0.945732 -0.315244 
 43841.4   4301.5      0.0     14.4     15.0     12.0 
     0.0     28.9     15.0     26.3  26500.0  27750.0 
     -4.8      25.4       1.3      43.4 
     -0.5      10.3      -0.2      13.6 
     -0.1       8.5      -0.0       1.7 
     -0.2       8.5      -0.0       0.6 
3842 0.052632 -0.947368 -0.315789 
 43681.8   4284.3      0.0     14.4     15.5     12.6 
     0.0     28.9     15.5     26.8  26750.0  27750.0 
     -4.6      24.4       0.5      45.6 
     -0.5      10.3       0.7      14.6 
     -0.1       8.7       0.1       3.2 
     -0.1       8.5      -0.0       0.9 
3843 0.026343 -0.948354 -0.316118 
 43679.7   4267.2      0.0     14.4     15.4      9.4 
     0.0     28.9     15.4     23.7  27750.0  27750.0 
     -4.6      23.1       1.7      37.4 
     -0.1      10.3       0.2      10.3 
     -0.1       8.7      -0.0       1.4 
     -0.3       8.5      -0.1       0.8 
3844 -0.000000 -0.948683 -0.316228 
 43510.4   4305.2      0.0     14.4     15.3      6.2 
     0.0     28.9     15.2     20.5  26500.0  27750.0 
     -4.4      23.9       1.0      36.0 
     -0.4      10.1      -0.3       7.0 
     -0.1       8.5      -0.1       1.8 
     -0.2       8.8      -0.1       1.4 
3845 -0.026343 -0.948354 -0.316118 
 43754.8   4296.3      0.0     14.4     15.2      3.0 
     0.0     28.9     15.2     17.4  26500.0  27750.0 
     -5.4      24.7      -1.5      36.9 
     -0.3      10.4      -0.2       6.6 
     -0.1       8.7      -0.0       2.5 
     -0.2       8.7      -0.1       1.9 
3846 -0.052632 -0.947368 -0.315789 
 43716.4   4324.5      0.0     14.4     15.3      1.2 
     0.0     28.9     15.1     14.0  26500.0  27750.0 
     -4.9      25.1       0.3      35.2 
     -0.4      10.2      -0.1       6.9 
     -0.1       8.5      -0.1       3.4 
     -0.2       8.5      -0.1       2.6 
3847 -0.078811 -0.945732 -0.315244 
 43676.4   4299.9      0.0     14.4     15.2     14.4 
     0.0     28.9     15.2     10.7  26500.0  27750.0 
     -4.8      24.9       0.0      34.6 
     -0.4      10.0      -0.3       8.7 
     -0.1       8.7       0.0       5.6 
     -0.2       8.6      -0.1       5.1 
3848 -0.104828 -0.943456 -0.314485 
 43693.4   4294.1      0.0     14.4     15.2     14.4 
     0.0     28.9     15.1      7.4  26500.0  27750.0 
     -4.9      23.6      -0.4      35.1 
     -0.6      10.3      -0.4       8.7 
     -0.1       8.7      -0.0       5.5 
     -0.4       8.6      -0.2       5.1 
3849 -0.130632 -0.940554 -0.313518 
 43854.0   4306.7      0.0     14.4     15.2     14.4 
     0.0     28.9     15.1      4.2  26500.0  27750.0 
     -5.3      25.7      -1.0      35.5 
     -0.0      10.2      -0.0       7.6 
     -0.0       8.8      -0.1       4.4 
     -0.3       8.9      -0.1       4.3 
3850 -0.156174 -0.937043 -0.312348 
 43887.3   4344.2      0.0     14.4     15.2     14.4 
     0.0     28.9     15.1      2.0  27500.0  27750.0 
     -4.8      26.0       0.1      33.5 
     -0.2       9.9      -0.1       7.5 
      0.0       8.6      -0.0       4.1 
     -0.1       8.7      -0.1       3.5 
3851 -0.181406 -0.932943 -0.310981 
 44176.0   4368.5      0.0     14.4     15.2     14.4 
     0.0     28.9     15.2     28.9  26750.0  27750.0 
     -4.4      24.0      -0.9      32.7 
     -0.3      10.2      -0.1       8.4 
     -0.3       8.7      -0.2       5.5 
     -0.1       8.6      -0.1       4.8 
3852 -0.206284 -0.928279 -0.309426 
 44327.7   4370.8      0.0     14.4     15.2     14.4 
     0.0     28.9     15.2     28.9  26500.0  27750.0 
     -4.8      24.5      -0.5      32.9 
     -0.2      10.0      -0.1       8.4 
     -0.1       8.7      -0.0       5.8 
     -0.2       8.5      -0.1       5.3 
3853 -0.230769 -0.923077 -0.307692 
 44459.0   4385.5      0.0     14.4     15.2     14.4 
     0.0     28.9     15.2     28.9  27750.0  28000.0 
     -4.9      26.4      -1.5      31.7 
     -0.4      10.3      -0.3       8.1 
      0.0       8.8      -0.1       5.1 
     -0.2       8.6      -0.1       4.6 
3854 0.122373 -0.978980 -0.163163 
 84626.5   4297.6      0.0     14.4     15.2     14.4 
     0.0     28.9     15.1      5.9  57250.0  58500.0 
     -0.1      12.9       2.4      46.2 
     -0.3       9.8       0.6      13.5 
     -0.2       9.1       0.1       5.1 
     -0.2      10.1       0.2       5.9 
3855 0.108947 -0.980522 -0.163420 
 84675.6   4302.3      0.0     14.4     15.2     14.4 
     0.0     28.9     15.1      9.3  58500.0  59250.0 
     -0.3      12.0       2.1      47.3 
     -0.2       9.9       0.2      13.6 
     -0.3       9.0       0.1       5.9 
     -0.3      10.1       0.2       5.7 
3856 0.095461 -0.981889 -0.163648 
 84427.2   4324.6      0.0     14.4     15.2     14.4 
     0.0     28.9     15.0     12.8  57250.0  58750.0 
     -0.5      11.9       0.9      46.8 
     -0.3       9.8       0.6      13.6 
     -0.2       8.9       0.2       4.3 
     -0.2       9.1       0.2       4.0 
3857 0.081923 -0.983078 -0.163846 
 84448.7   4307.1      0.0     14.4     15.1      5.6 
     0.0     28.9     14.9     16.1  57250.0  58500.0 
     -0.5      12.6      -1.4      48.2 
     -0.3       9.8       0.2      13.6 
     -0.4       8.9       0.0       2.1 
     -0.2      10.7       0.0       1.4 
3858 0.068339 -0.984088 -0.164015 
 84338.8   4288.1      0.0     14.4     14.9      5.3 
     0.0     28.9     14.9     19.5  57250.0  58500.0 
      0.5      12.5       2.6      50.8 
     -0.3       9.6       0.2      15.3 
     -0.3       9.0       0.1       2.0 
     -0.4      10.7      -0.0       1.1 
3859 0.054718 -0.984916 -0.164153 
 84355.6   4289.0      0.0     14.4     14.7      8.6 
     0.0     28.9     14.8     22.8  57500.0  58750.0 
      0.0      12.8       1.3      50.4 
     -0.4       9.8       0.2      18.7 
     -0.3       8.9       0.0       2.6 
     -0.2       9.5       0.0       0.9 
3860 0.041065 -0.985562 -0.164260 
 84327.7   4281.6      0.0     14.4     14.7     11.8 
     0.0     28.9     14.7     25.9  57000.0  58500.0 
     -0.1      11.7       0.8      52.0 
     -0.3       9.8       0.4      24.2 
     -0.3       8.9      -0.1       5.0 
     -0.3       9.9      -0.0       0.8 
3861 0.027390 -0.986024 -0.164337 
 84195.8   4287.8      0.0     14.4     15.6     12.3 
     0.0     28.9     15.6     26.4  56750.0  58500.0 
      0.3      11.9       4.6      51.8 
     -0.4       9.7       0.6      24.5 
     -0.3       8.8       0.2       5.1 
     -0.3      10.2       0.0       0.7 
3862 0.013699 -0.986301 -0.164384 
 84137.1   4250.7      0.0     14.4     15.6      9.4 
     0.0     28.9     15.5     23.3  57500.0  58750.0 
     -0.1      12.2       1.2      52.5 
     -0.3       9.6      -0.1      19.5 
     -0.3       8.9       0.0       2.8 
     -0.4       9.4      -0.1       0.9 
3863 -0.000000 -0.986394 -0.164399 
 84047.2   4274.2      0.0     14.4     15.5      5.8 
     0.0     28.9     15.5     20.1  57250.0  58750.0 
      0.1      13.6       2.3      51.7 
     -0.2       9.9      -0.2      15.3 
     -0.3       8.8      -0.1       1.9 
     -0.5      10.6      -0.1       1.3 
3864 -0.013699 -0.986301 -0.164384 
 84128.7   4258.0      0.0     14.4     15.4      4.9 
     0.0     28.9     15.3     16.7  57250.0  58750.0 
     -0.6      12.5       1.4      47.9 
     -0.3       9.8       0.1      12.7 
     -0.5       8.9      -0.0       2.2 
     -0.2       9.2      -0.0       1.4 
3865 -0.027390 -0.986024 -0.164337 
 83992.6   4267.2      0.0     14.4     15.2     14.4 
     0.0     28.9     15.4     13.3  57500.0  58750.0 
     -1.0      12.6      -0.1      47.9 
     -0.3       9.8      -0.2      12.3 
     -0.3       9.0      -0.2       3.8 
     -0.5       9.1      -0.2       3.1 
3866 -0.041065 -0.985562 -0.164260 
 83899.8   4285.1      0.0     14.4     15.2     14.4 
     0.0     28.9     15.3      9.9  57250.0  58500.0 
     -0.6      12.1      -0.1      44.6 
     -0.4       9.8      -0.3      13.5 
     -0.1       8.9      -0.1       6.0 
     -0.3      10.4      -0.2       5.6 
3867 -0.054718 -0.984916 -0.164153 
 84055.6   4343.6      0.0     14.4     15.2     14.4 
     0.0     28.9     15.2      6.6  57250.0  58500.0 
     -0.0      11.9       0.7      45.9 
     -0.4       9.7       0.0      13.0 
     -0.3       8.9      -0.1       5.3 
     -0.0      10.2      -0.1       6.0 
3868 -0.068339 -0.984088 -0.164015 
 84093.1   4298.6      0.0     14.4     15.2     14.4 
     0.0     28.9     15.2      3.1  57250.0  58500.0 
     -0.2      12.8       3.1      46.4 
     -0.3       9.9      -0.3      12.7 
     -0.3       9.0      -0.1       3.7 
     -0.3      11.5      -0.2       3.1 
3869 -0.081923 -0.983078 -0.163846 
 84401.6   4284.8      0.0     14.4     15.2     14.4 
     0.0     28.9     14.9      1.0  57250.0  58750.0 
     -0.1      11.8       0.3      45.6 
     -0.4       9.9      -0.3      11.8 
     -0.4       9.0      -0.1       3.5 
     -0.3       9.8      -0.1       2.8 
3870 -0.095461 -0.981889 -0.163648 
 84384.6   4271.2      0.0     14.4     15.2     14.4 
     0.0     28.9     15.2     28.9  57250.0  58750.0 
     -0.3      12.2       1.2      44.9 
     -0.2       9.8      -0.1      12.1 
     -0.2       9.0      -0.1       5.8 
     -0.1      10.4      -0.1       6.3 
3871 -0.108947 -0.980522 -0.163420 
 84411.2   4310.2      0.0     14.4     15.2     14.4 
     0.0     28.9     15.2     28.9  57250.0  58500.0 
      0.2      13.3       2.6      44.1 
     -0.3       9.8      -0.3      12.3 
     -0.2       8.9       0.0       5.5 
     -0.2      12.3      -0.2       6.8 
3872 -0.122373 -0.978980 -0.163163 
 84551.7   4321.6      0.0     14.4     15.2     14.4 
     0.0     28.9     15.2     28.9  57250.0  58750.0 
     -0.4      12.2      -1.6      42.4 
     -0.4       9.9      -0.5      11.8 
     -0.2       8.9      -0.1       4.2 
     -0.4      11.1      -0.2       6.6 
