CMSSW_100x25_phase2:BPix@-292V [mu=0.053],3.8T@90deg,263K,rhe=1.10,rhh=0.7 
2293 1 3.80 59 5 29 0 292.0000 263.0000 0.0000 1.0000 500.0000 0.2600 30.4200 100.1150 25.0000 150.0000 500.0000 0.1300 15.210000 1.5000 1.0000 0.8500 
99101 -0.000000 -0.000000 -1.000000 
 13886.8   9110.6      0.1     27.8     15.2      1.1 
     0.1     56.6     15.2      7.5   6250.0   6500.0 
      3.2      44.1       0.3      17.2 
     -0.3       4.7      -0.1       3.4 
      0.0       1.2      -0.1       2.4 
     -0.1       1.1      -0.1       2.2 
99102 -0.000000 -0.164399 -0.986394 
 14037.1   9302.3     -0.0     23.0     15.1      1.2 
    -0.0     51.9     15.1      7.4   6250.0   6500.0 
     -3.6      36.1       0.2      18.0 
     -0.2       3.3      -0.0       3.5 
     -0.2       2.1      -0.1       2.5 
     -0.2       1.9      -0.1       2.2 
99103 -0.000000 -0.316228 -0.948683 
 14574.0   9625.1     -0.1     17.3     15.2      1.2 
    -0.1     46.1     15.1      7.4   6500.0   7750.0 
     -3.5      29.6       0.6      18.4 
     -0.2       6.3      -0.2       3.5 
     -0.3       4.2      -0.1       2.5 
     -0.2       3.6      -0.1       2.2 
99104 -0.000000 -0.447214 -0.894427 
 15420.1  10072.2     -0.4     11.7     15.1      1.2 
    -0.3     40.1     15.2      7.3   7750.0   7750.0 
     -2.8      29.6       0.3      18.3 
     -0.2       8.9      -0.1       3.3 
     -0.3       6.4      -0.1       2.4 
     -0.3       5.3      -0.2       2.2 
99105 -0.000000 -0.554700 -0.832050 
 16548.4  10364.5     -0.2      6.3     15.2      1.1 
    -0.0     34.2     15.1      7.2   8000.0   8250.0 
     -3.5      31.6       0.2      17.9 
     -0.1      12.1      -0.1       3.3 
     -0.1       7.7      -0.1       2.3 
     -0.3       6.8      -0.2       2.1 
99106 -0.000000 -0.640184 -0.768221 
 17992.1  10378.8     -0.5      4.5     15.1      1.2 
    -0.2     27.8     15.2      7.1   9250.0   9500.0 
     -2.8      31.6      -0.0      18.1 
     -0.4      13.8      -0.2       3.4 
     -0.3       9.9      -0.1       2.3 
     -0.3       8.7      -0.1       2.0 
99107 -0.000000 -0.707107 -0.707107 
 19584.0  10218.7      0.1     28.9     15.2      1.2 
    -0.1     21.2     15.2      6.9   9500.0  11000.0 
     -4.7      33.9       0.3      20.1 
     -0.3      15.7      -0.1       3.6 
      0.0      11.6      -0.1       2.3 
     -0.4      10.3      -0.1       1.9 
99108 -0.000000 -0.759257 -0.650791 
 21223.4   9848.1      0.1     28.9     14.8      1.1 
    -0.3     14.9     15.3      6.8  11250.0  11250.0 
     -5.9      33.5       0.3      20.5 
     -0.4      15.4      -0.2       3.6 
     -0.4      11.2      -0.1       2.2 
     -0.4      10.0      -0.1       1.9 
99109 -0.000000 -0.800000 -0.600000 
 23059.2   9600.7      0.1     28.9     14.9      1.0 
    -0.3      9.0     15.2      6.8  12750.0  12750.0 
     -4.0      30.7       0.7      20.7 
     -0.5      14.2      -0.1       3.7 
     -0.2      10.1      -0.1       2.2 
     -0.4       9.1      -0.1       1.9 
99110 -0.000000 -0.832050 -0.554700 
 24876.3   9294.5      0.1     28.9     15.3      0.8 
    -0.4      6.2     15.3      6.6  14250.0  14250.0 
     -4.9      33.4       0.4      21.9 
     -0.6      14.4      -0.2       3.6 
     -0.6      11.4      -0.1       2.1 
     -0.3      10.1      -0.1       1.8 
99111 -0.000000 -0.857493 -0.514496 
 26831.1   9097.4      0.1     28.9     15.2      7.2 
     0.1     57.7     15.2      6.6  14500.0  15750.0 
     -4.7      32.7      -0.3      22.6 
     -0.4      15.8      -0.2       4.1 
     -0.6      12.6      -0.1       2.2 
     -0.7      11.2      -0.1       1.8 
99112 -0.000000 -0.877896 -0.478852 
 28845.5   8858.0      0.1     28.9     15.2      7.2 
     0.1     57.7     15.3      6.5  16000.0  17250.0 
     -5.6      33.4      -0.2      22.8 
     -0.4      15.8      -0.2       4.5 
     -0.5      12.2      -0.2       2.2 
     -0.4      10.9      -0.1       1.8 
99113 -0.000000 -0.894427 -0.447214 
 30828.0   8740.2      0.1     28.9     15.2      7.2 
     0.1     57.7     15.3      6.4  17500.0  18750.0 
     -3.9      30.4       0.0      23.6 
     -0.4      14.9      -0.2       4.6 
     -0.5      11.0      -0.2       2.2 
     -0.6       9.7      -0.1       1.8 
99114 -0.000000 -0.907959 -0.419058 
 32941.7   8658.3      0.1     28.9     15.2      7.2 
     0.1     57.7     15.3      6.4  19000.0  20250.0 
     -6.0      31.9      -0.1      24.7 
     -0.6      15.2      -0.2       5.1 
     -0.3      11.8      -0.1       2.2 
     -0.2      10.6      -0.1       1.8 
99115 -0.000000 -0.919145 -0.393919 
 35006.7   8593.0      0.1     28.9     15.2      7.2 
     0.1     57.7     15.4      6.3  20750.0  22000.0 
     -5.1      31.0       0.4      24.5 
     -0.5      16.4      -0.3       5.7 
     -0.4      12.8      -0.2       2.4 
     -0.6      11.6      -0.1       1.8 
99116 -0.000000 -0.928477 -0.371391 
 37376.6   8559.2      0.1     28.9     15.2      7.2 
     0.1     57.7     15.4      6.2  22250.0  23500.0 
     -5.8      33.1       0.4      24.8 
     -0.2      15.9      -0.2       6.2 
     -0.5      12.4      -0.2       2.3 
     -0.5      11.3      -0.1       1.9 
99117 -0.000000 -0.936329 -0.351123 
 39301.3   8454.4      0.1     28.9     15.2      7.2 
     0.1     57.7     15.4      6.2  23750.0  25000.0 
     -6.3      32.6      -0.6      25.2 
     -0.4      15.2      -0.2       6.2 
     -0.4      11.4      -0.1       2.3 
     -0.5      10.1      -0.1       1.9 
99118 -0.000000 -0.942990 -0.332820 
 41553.4   8460.0      0.1     28.9     15.2      7.2 
     0.1     57.7     15.3      6.2  25250.0  26500.0 
     -5.5      30.9       0.6      26.9 
     -0.6      15.8      -0.1       6.6 
     -0.4      12.1      -0.2       2.6 
     -0.5      10.8      -0.2       2.0 
99119 -0.000000 -0.948683 -0.316228 
 43723.4   8456.7      0.1     28.9     15.2      7.2 
     0.1     57.7     15.4      6.1  27000.0  28250.0 
     -5.9      31.2      -0.1      26.1 
     -0.7      16.2      -0.1       7.5 
     -0.5      12.8      -0.1       2.4 
     -0.6      11.7      -0.1       2.0 
99120 -0.000000 -0.953583 -0.301131 
 45919.9   8413.8      0.1     28.9     15.2      7.2 
     0.1     57.7     15.5      6.0  28500.0  29750.0 
     -5.9      32.8      -2.0      27.1 
     -0.9      15.9      -0.1       7.8 
     -0.5      12.5      -0.2       2.5 
     -0.4      11.4      -0.1       2.5 
99121 -0.000000 -0.957826 -0.287348 
 47997.3   8420.3      0.1     28.9     15.2      7.2 
     0.1     57.7     15.4      6.0  30000.0  31250.0 
     -5.0      30.3      -0.3      27.2 
     -0.9      15.0      -0.1       8.1 
     -0.3      11.7      -0.2       2.6 
     -0.5      10.2      -0.2       2.1 
99122 -0.000000 -0.961524 -0.274721 
 50228.6   8385.2      0.1     28.9     15.2      7.2 
     0.1     57.7     15.5      6.0  31750.0  33000.0 
     -4.3      30.2      -0.3      27.3 
     -1.0      15.3      -0.2       8.2 
     -0.3      12.3      -0.2       2.7 
     -0.7      10.9      -0.2       2.1 
99123 -0.000000 -0.964764 -0.263117 
 52553.3   8426.0      0.1     28.9     15.2      7.2 
     0.1     57.7     15.5      5.9  33250.0  34500.0 
     -6.3      30.7      -1.0      28.8 
     -0.7      16.2      -0.1       8.9 
     -0.4      12.8      -0.2       2.5 
     -0.5      12.0      -0.2       2.1 
99124 -0.000000 -0.967617 -0.252422 
 54792.4   8414.3      0.1     28.9     15.2      7.2 
     0.1     57.7     15.5      5.9  36000.0  36250.0 
     -5.4      31.9      -0.0      27.8 
     -0.9      16.3      -0.3       9.4 
     -0.5      12.6      -0.2       2.6 
     -0.5      11.4      -0.2       2.2 
99125 -0.000000 -0.970142 -0.242536 
 56956.1   8441.4      0.1     28.9     15.2      7.2 
     0.1     57.7     15.5      5.9  36500.0  37750.0 
     -6.2      30.9       2.6      28.7 
     -0.9      15.1      -0.2       9.6 
     -0.5      11.4      -0.2       2.7 
     -0.4      10.4      -0.2       2.2 
99126 -0.000000 -0.972387 -0.233373 
 59211.6   8392.8      0.1     28.9     15.2      7.2 
     0.1     57.7     15.5      5.9  39000.0  39500.0 
     -5.6      33.7       0.0      30.4 
     -0.4      15.3      -0.2       9.7 
     -0.4      12.4      -0.2       2.6 
     -0.4      11.2      -0.2       2.2 
99127 -0.000000 -0.974391 -0.224860 
 61428.1   8407.6      0.1     28.9     15.2      7.2 
     0.1     57.7     15.5      5.9  41000.0  41000.0 
     -4.9      32.1      -1.0      29.3 
     -0.7      16.2      -0.2      10.3 
     -0.4      13.1      -0.2       2.7 
     -0.6      11.9      -0.2       2.3 
99128 -0.000000 -0.976187 -0.216930 
 63744.5   8435.7      0.1     28.9     15.2      7.2 
     0.1     57.7     15.5      5.8  42500.0  42750.0 
     -7.0      34.1       0.7      29.1 
     -1.0      16.2      -0.5      10.3 
     -0.5      12.6      -0.2       2.8 
     -0.6      11.4      -0.2       2.3 
99129 -0.000000 -0.977802 -0.209529 
 65972.9   8437.6      0.1     28.9     15.2      7.2 
     0.1     57.7     15.5      5.8  44000.0  44250.0 
     -6.2      29.7       1.0      31.0 
     -0.9      15.4      -0.1      10.6 
     -0.5      11.7      -0.2       2.8 
     -0.5      10.4      -0.2       2.3 
99130 -0.000000 -0.979260 -0.202606 
 68266.1   8354.8      0.1     28.9     15.2      7.2 
     0.1     57.7     15.6      5.8  45500.0  45750.0 
     -6.6      29.5       1.3      30.8 
     -0.7      15.5      -0.2      11.3 
     -0.6      12.4      -0.3       2.8 
     -0.5      11.1      -0.2       2.4 
99131 -0.000000 -0.980581 -0.196116 
 70467.9   8367.5      0.1     28.9     15.2      7.2 
     0.1     57.7     15.6      5.8  47250.0  48750.0 
     -5.9      32.5      -0.7      30.7 
     -0.9      16.6      -0.2      10.9 
     -0.4      13.1      -0.3       2.9 
     -0.6      12.1      -0.2       2.4 
99132 -0.000000 -0.981780 -0.190022 
 72834.1   8403.6      0.1     28.9     15.2      7.2 
     0.1     57.7     15.6      5.8  49000.0  50250.0 
     -5.6      31.7       2.6      32.4 
     -1.0      16.3      -0.2      11.7 
     -0.5      13.0      -0.2       2.9 
     -0.6      11.7      -0.2       2.4 
99133 -0.000000 -0.982872 -0.184289 
 75143.1   8390.0      0.1     28.9     15.2      7.2 
     0.1     57.7     15.5      5.7  50500.0  51750.0 
     -6.2      29.6      -1.5      32.1 
     -0.9      15.5      -0.2      11.8 
     -0.5      11.6      -0.2       3.0 
     -0.5      10.5      -0.2       2.4 
99134 -0.000000 -0.983870 -0.178885 
 77368.6   8389.8      0.1     28.9     15.2      7.2 
     0.1     57.7     15.6      5.7  52250.0  53500.0 
     -8.0      32.7       0.3      31.8 
     -1.2      16.0      -0.3      12.4 
     -0.5      12.3      -0.3       3.0 
     -0.5      11.2      -0.2       3.0 
99135 -0.000000 -0.984784 -0.173785 
 79683.8   8426.3      0.1     28.9     15.2      7.2 
     0.1     57.7     15.5      5.7  55000.0  56500.0 
     -5.9      32.8       0.8      31.7 
     -0.7      16.3      -0.2      12.5 
     -0.6      13.1      -0.3       3.1 
     -0.2      12.1      -0.2       3.3 
99136 -0.000000 -0.985622 -0.168964 
 81859.8   8431.8      0.1     28.9     15.2      7.2 
     0.1     57.7     15.6      5.7  56500.0  56750.0 
     -5.1      30.6       0.0      32.8 
     -1.0      16.3      -0.4      12.9 
     -0.7      12.8      -0.2       3.2 
     -0.5      11.8      -0.3       2.6 
99137 -0.000000 -0.986394 -0.164399 
 84098.3   8400.0      0.1     28.9     15.2      7.2 
     0.1     57.7     15.6      5.7  58250.0  59500.0 
     -8.0      34.3      -3.2      33.4 
     -1.0      14.9      -0.2      13.1 
     -0.6      11.6      -0.2       3.2 
     -0.3      10.5      -0.2       2.6 
99138 -0.000000 -0.987105 -0.160071 
 86546.1   8467.5      0.1     28.9     15.2      7.2 
     0.1     57.7     15.6      5.7  59750.0  61250.0 
     -5.6      32.2      -1.0      31.7 
     -0.9      15.6      -0.4      13.3 
     -0.6      12.4      -0.3       3.2 
     -0.3      11.1      -0.3       3.2 
99139 -0.000000 -0.987763 -0.155963 
 88827.4   8420.4      0.1     28.9     15.2      7.2 
     0.1     57.7     15.6      5.6  61250.0  62750.0 
     -6.1      28.3      -0.9      32.4 
     -0.7      16.6      -0.3      13.6 
     -0.5      13.1      -0.3       3.3 
     -0.7      12.2      -0.3       2.8 
99140 -0.000000 -0.988372 -0.152057 
 91105.9   8567.3      0.1     28.9     15.2      7.2 
     0.1     57.7     15.7      5.6  63000.0  64500.0 
     -4.5      29.5      -0.6      33.6 
     -1.0      16.4      -0.1      13.8 
     -0.7      12.7      -0.3       3.2 
     -0.8      11.9      -0.2       2.6 
99141 -0.000000 -0.988936 -0.148340 
 93481.8   8438.7      0.1     28.9     15.2      7.2 
     0.1     57.7     15.7      5.6  64500.0  66000.0 
     -6.6      32.2       0.3      34.4 
     -1.0      15.5      -0.3      14.4 
     -0.6      11.7      -0.2       3.4 
     -0.6      10.8      -0.2       3.5 
99142 -0.000000 -0.989461 -0.144799 
 95434.7   8423.5      0.1     28.9     15.2      7.2 
     0.1     57.7     15.5      5.6  67250.0  68000.0 
     -8.3      36.4       0.4      33.9 
     -1.0      15.6      -0.1      13.8 
     -0.8      12.2      -0.3       3.4 
     -0.6      11.3      -0.3       2.6 
99143 -0.000000 -0.989950 -0.141421 
 98065.4   8426.1      0.1     28.9     15.2      7.2 
     0.1     57.7     15.6      5.6  67750.0  69250.0 
     -7.7      35.9      -1.9      34.5 
     -1.4      16.7      -0.4      14.4 
     -0.5      13.2      -0.3       3.6 
     -0.7      12.2      -0.2       2.7 
99144 -0.000000 -0.990405 -0.138196 
100165.6   8455.0      0.1     28.9     15.2      7.2 
     0.1     57.7     15.6      5.6  70500.0  70750.0 
     -6.8      30.6      -2.1      35.4 
     -1.0      16.5      -0.2      14.4 
     -0.7      12.6      -0.4       3.5 
     -0.6      11.7      -0.3       3.1 
99145 -0.000000 -0.990830 -0.135113 
102439.4   8512.9      0.1     28.9     15.2      7.2 
     0.1     57.7     15.7      5.6  72250.0  73750.0 
     -6.7      33.9      -1.2      36.3 
     -1.1      15.3      -0.3      14.9 
     -0.4      11.8      -0.3       3.9 
     -0.7      10.6      -0.3       4.2 
99146 -0.000000 -0.991228 -0.132164 
104781.9   8461.5      0.1     28.9     15.2      7.2 
     0.1     57.7     15.6      5.6  73750.0  75250.0 
     -5.4      33.2      -1.2      35.0 
     -1.0      15.5      -0.2      14.9 
     -0.5      12.1      -0.2       3.5 
     -0.6      11.3      -0.3       2.6 
99147 -0.000000 -0.991600 -0.129339 
106870.4   8433.4      0.1     28.9     15.2      7.2 
     0.1     57.7     15.7      5.6  76500.0  77000.0 
     -7.2      29.6      -1.4      34.7 
     -0.9      16.3      -0.3      14.6 
     -0.7      13.1      -0.3       3.9 
     -0.4      12.5      -0.2       3.8 
99148 -0.000000 -0.991950 -0.126632 
109381.0   8485.3      0.1     28.9     15.2      7.2 
     0.1     57.7     15.7      5.6  78250.0  78750.0 
     -6.2      30.4      -1.8      35.7 
     -1.1      16.2      -0.3      15.1 
     -0.7      12.8      -0.2       3.9 
     -0.9      11.6      -0.3       2.8 
99149 -0.000000 -0.992278 -0.124035 
111844.4   8493.7      0.1     28.9     15.2      7.2 
     0.1     57.7     15.7      5.5  79750.0  81250.0 
     -4.6      32.6       0.0      35.3 
     -1.1      15.5      -0.3      15.7 
     -0.6      11.8      -0.3       3.8 
     -0.8      10.6      -0.3       2.8 
99150 -0.000000 -0.992586 -0.121541 
113894.2   8505.7      0.1     28.9     15.2      7.2 
     0.1     57.7     15.7      5.5  81500.0  83000.0 
     -5.4      27.8      -2.4      34.7 
     -1.3      15.8      -0.5      15.5 
     -0.5      12.3      -0.3       4.1 
     -0.6      11.1      -0.3       2.7 
99151 -0.000000 -0.992877 -0.119145 
116313.1   8574.8      0.1     28.9     15.2      7.2 
     0.1     57.7     15.7      5.5  83250.0  84500.0 
     -4.2      30.7      -0.1      35.2 
     -1.0      16.2      -0.5      15.7 
     -0.6      13.2      -0.3       3.9 
     -0.6      12.1      -0.3       2.8 
99152 -0.000000 -0.993151 -0.116841 
118409.8   8480.5      0.1     28.9     15.2      7.2 
     0.1     57.7     15.7      5.5  84750.0  86250.0 
     -6.5      33.3      -2.3      35.2 
     -1.0      16.1      -0.3      15.7 
     -0.6      12.8      -0.2       3.9 
     -0.6      11.8      -0.2       3.4 
99153 -0.000000 -0.993409 -0.114624 
120739.4   8457.0      0.1     28.9     15.2      7.2 
     0.1     57.7     15.7      5.5  86250.0  87750.0 
     -9.3      33.0       0.8      35.3 
     -1.1      15.6      -0.4      16.0 
     -0.6      11.8      -0.3       4.1 
     -0.6      10.7      -0.3       3.4 
99154 -0.000000 -0.993653 -0.112489 
123126.9   8483.5      0.1     28.9     15.2      7.2 
     0.1     57.7     15.7      5.5  89250.0  90500.0 
     -5.7      30.7       1.7      35.6 
     -1.3      15.8      -0.6      16.1 
     -0.4      12.3      -0.4       4.4 
     -0.3      11.2      -0.4       2.8 
99155 -0.000000 -0.993884 -0.110432 
125280.2   8490.1      0.1     28.9     15.2      7.2 
     0.1     57.7     15.8      5.5  90750.0  92250.0 
     -7.0      27.4      -1.7      35.1 
     -1.2      16.4      -0.6      16.1 
     -0.6      13.0      -0.3       3.9 
     -0.3      12.2      -0.3       2.9 
99156 -0.000000 -0.994102 -0.108448 
127352.8   8466.0      0.1     28.9     15.2      7.2 
     0.1     57.7     15.6      5.5  92250.0  93750.0 
     -6.8      28.6      -2.5      36.0 
     -1.1      16.0      -0.6      16.6 
     -0.6      12.7      -0.3       4.3 
     -0.9      11.6      -0.3       2.8 
99157 -0.000000 -0.994309 -0.106533 
130084.0   8518.8      0.1     28.9     15.2      7.2 
     0.1     57.7     15.7      5.5  94250.0  95750.0 
     -6.5      30.1      -2.1      33.3 
     -1.0      15.2      -0.5      16.8 
     -0.7      11.7      -0.2       4.6 
     -0.9      10.4      -0.3       2.9 
99158 -0.000000 -0.994505 -0.104685 
132408.4   8499.4      0.1     28.9     15.2      7.2 
     0.1     57.7     15.7      5.5  95500.0  97250.0 
     -2.3      27.9      -0.3      35.4 
     -1.1      15.5      -0.6      16.8 
     -0.6      12.3      -0.2       4.4 
     -0.4      11.3      -0.3       2.9 
99159 -0.000000 -0.994692 -0.102899 
134428.3   8500.4      0.1     28.9     15.2      7.2 
     0.1     57.7     15.7      5.5  98750.0 100000.0 
     -5.0      26.0       0.9      34.1 
     -1.1      16.3      -0.3      16.5 
     -0.7      13.1      -0.3       4.6 
     -0.5      11.9      -0.4       3.5 
99160 0.600000 -0.000000 -0.800000 
 17158.0   4334.8      0.1     28.2     15.2      7.2 
     0.1     56.7     15.2     14.4   8250.0   8500.0 
     -4.9      42.8       2.2      16.2 
      0.1       6.5       0.0       4.8 
      0.1       1.5       0.1       4.0 
     -0.2       0.7       0.1       3.7 
99161 0.554700 -0.000000 -0.832050 
 16544.1   4889.6     -0.0     28.0     15.2      7.2 
    -0.0     56.7     15.5      2.2   8250.0   8250.0 
      1.1      46.5       2.6      16.6 
     -0.2       6.8       0.0       4.6 
     -0.2       1.1      -0.0       3.7 
     -0.1       0.7       0.0       3.7 
99162 0.503871 -0.000000 -0.863779 
 15992.9   5733.5      0.0     27.9     15.2      7.2 
    -0.0     56.7     15.2      2.0   8000.0   8000.0 
     -4.3      43.6       1.5      16.6 
     -0.7       6.3      -0.0       4.5 
     -0.1       1.0       0.0       3.4 
     -0.2       0.7       0.0       3.1 
99163 0.447214 -0.000000 -0.894427 
 15430.3   7044.8      0.0     27.8     15.2      7.2 
     0.0     56.6     15.2      4.1   8000.0   8000.0 
     -0.2      44.4       2.0      16.8 
     -0.3       4.5      -0.0       3.9 
     -0.0       1.6      -0.0       3.0 
     -0.2       0.8       0.1       2.8 
99164 0.384615 -0.000000 -0.923077 
 15058.8   9391.1      0.1     27.8     16.1     10.8 
     0.1     56.5     15.1      6.8   7750.0   8000.0 
      0.9      41.7       1.3      17.4 
      0.0       6.1       0.0       3.6 
     -0.1       1.0       0.0       2.7 
     -0.1       0.9       0.0       2.4 
99165 0.351123 -0.000000 -0.936329 
 14854.1  10869.8      0.2     27.7     15.2      1.4 
     0.2     56.5     15.1      8.3   7750.0   7750.0 
     -0.8      41.2       1.4      17.6 
     -1.0       7.9      -0.0       3.2 
     -0.1       1.3       0.0       2.0 
     -0.1       0.8       0.0       1.7 
99166 0.316228 -0.000000 -0.948683 
 14779.2  11642.0     -0.3     28.0     15.1      2.6 
    -0.4     56.6     15.1      9.7   7750.0   7750.0 
     -1.8      45.6       1.4      18.8 
     -0.4       4.9      -0.0       2.4 
     -0.1       1.0      -0.0       1.6 
     -0.1       0.8       0.1       1.3 
99167 0.280000 -0.000000 -0.960000 
 14632.8  11632.8      0.2     27.7     15.1      3.9 
     0.2     56.5     15.1     11.1   7750.0   7750.0 
      0.9      40.3       1.8      19.3 
      0.4       8.3      -0.0       2.1 
     -0.1       1.7       0.0       1.0 
     -0.1       0.9       0.1       0.8 
99168 0.242536 -0.000000 -0.970142 
 14527.9  11544.7      0.1     27.7     15.0      5.2 
     0.1     56.5     15.0     12.4   7750.0   7750.0 
      0.9      47.2       1.9      21.4 
     -0.5       4.8      -0.1       1.9 
     -0.3       1.2      -0.0       0.7 
     -0.2       0.8       0.1       0.5 
99169 0.203954 -0.000000 -0.978980 
 14442.0  11427.5      0.1     27.6     15.0      6.1 
     0.1     56.4     15.1     13.3   7750.0   7750.0 
     -1.1      42.4       2.4      23.3 
     -0.3       5.8      -0.1       3.1 
     -0.1       1.1      -0.2       1.2 
     -0.1       0.9      -0.1       0.8 
99170 0.164399 -0.000000 -0.986394 
 14215.4  11304.9     -0.1     27.8     15.4      5.6 
    -0.1     56.5     15.4     12.8   7750.0   7750.0 
      0.5      36.0       1.6      22.5 
      0.2       4.4       0.0       2.6 
     -0.1       1.1      -0.1       0.6 
     -0.2       0.9      -0.1       0.4 
99171 0.124035 -0.000000 -0.992278 
 14152.3  11243.0      0.2     28.1     15.3      4.5 
     0.2     56.6     15.3     11.5   7750.0   7750.0 
     -1.9      44.3       1.4      21.3 
     -0.0       4.7      -0.2       2.1 
     -0.1       1.1      -0.1       1.0 
     -0.1       0.8      -0.1       0.7 
99172 0.083045 -0.000000 -0.996546 
 14003.1  11173.9      0.2     27.8     15.2      3.1 
     0.2     56.6     15.2     10.2   6500.0   7750.0 
      0.2      43.9       0.5      19.4 
      0.6       5.0      -0.1       2.5 
     -0.1       1.0      -0.1       1.4 
     -0.2       0.8      -0.1       1.2 
99173 0.041631 -0.000000 -0.999133 
 13949.8  10510.9      0.1     27.7     15.2      1.9 
     0.1     56.5     15.2      8.8   6500.0   7750.0 
     -0.1      44.2      -0.2      18.2 
     -0.3       3.1      -0.1       2.8 
     -0.2       1.0      -0.1       1.8 
     -0.1       0.8      -0.1       1.6 
99174 -0.000000 -0.000000 -1.000000 
 13855.5   9135.4     -0.0     28.0     15.1      1.1 
    -0.0     56.6     15.2      7.4   6250.0   6500.0 
     -2.1      42.0       0.5      17.0 
     -0.1       4.6      -0.2       3.2 
     -0.2       1.3      -0.1       2.4 
     -0.2       0.8      -0.1       2.2 
99175 -0.041631 -0.000000 -0.999133 
 13899.9   7695.6     -0.1     28.0     14.9      1.6 
    -0.1     56.7     15.2      6.1   6500.0   6500.0 
      0.7      47.3      -0.4      16.7 
     -0.3       2.0      -0.2       3.8 
     -0.1       0.9      -0.1       2.9 
     -0.2       0.7      -0.1       2.8 
99176 -0.083045 -0.000000 -0.996546 
 13989.2   6583.5     -0.1     27.8     15.2      7.2 
    -0.1     56.6     15.2      4.8   6500.0   6500.0 
     -1.5      45.1      -0.4      17.0 
     -0.2       2.6      -0.2       4.1 
     -0.1       0.9      -0.0       3.1 
     -0.2       0.7      -0.2       3.0 
99177 -0.124035 -0.000000 -0.992278 
 13828.9   5761.8     -0.0     27.9     15.2      7.2 
     0.0     56.7     15.1      3.6   6500.0   6500.0 
      4.1      44.3      -0.9      15.3 
     -0.1       5.5      -0.1       4.0 
     -0.1       0.9      -0.1       3.1 
     -0.2       0.7      -0.1       3.0 
99178 -0.164399 -0.000000 -0.986394 
 14078.5   5160.3      0.0     28.0     15.2      7.2 
     0.0     56.7     15.1      2.7   6500.0   6500.0 
     -3.1      46.8      -0.7      17.1 
     -0.6       6.4      -0.1       4.4 
     -0.1       0.8      -0.1       3.5 
     -0.2       0.7      -0.2       3.2 
99179 -0.203954 -0.000000 -0.978980 
 14087.2   4701.8     -0.1     28.0     15.2      7.2 
    -0.1     56.8     15.1      2.2   6500.0   6500.0 
     -1.2      47.5      -0.2      16.4 
      0.2       6.2      -0.1       4.6 
     -0.1       1.1      -0.1       3.9 
     -0.1       0.6      -0.2       3.9 
99180 -0.242536 -0.000000 -0.970142 
 14122.1   4256.6     -0.3     27.9     15.2      7.2 
    -0.2     56.8     14.9      2.3   6750.0   6750.0 
      1.6      47.1      -0.4      16.8 
     -0.5       5.4      -0.2       4.8 
     -0.2       0.9      -0.2       3.9 
     -0.1       0.6      -0.1       4.1 
99181 -0.280000 -0.000000 -0.960000 
 14393.7   3990.1     -0.4     28.0     15.2      7.2 
    -0.4     56.8     13.7      3.2   6750.0   6750.0 
      1.7      43.2      -1.1      15.5 
     -0.1       4.9      -0.1       4.9 
     -0.1       0.7      -0.1       4.2 
     -0.2       0.6      -0.2       4.1 
99182 -0.316228 -0.000000 -0.948683 
 14489.2   3730.2      0.0     28.0     15.2      7.2 
     0.1     56.8     15.2     14.4   6750.0   6750.0 
      2.1      41.3      -1.2      15.5 
      0.3       5.7      -0.1       5.0 
     -0.3       0.7      -0.0       4.3 
     -0.1       0.6      -0.2       4.1 
99183 -0.351123 -0.000000 -0.936329 
 14683.9   3520.7      0.2     28.1     15.2      7.2 
     0.1     56.8     15.2     14.4   6750.0   6750.0 
     -0.1      41.9      -0.7      16.3 
     -0.6       5.1      -0.2       5.6 
     -0.0       0.7      -0.2       4.7 
     -0.2       0.6      -0.2       4.7 
99184 -0.384615 -0.000000 -0.923077 
 14811.0   3333.3      0.1     28.0     15.2      7.2 
     0.1     56.8     15.2     14.4   6750.0   6750.0 
     -1.3      44.7      -1.6      16.0 
     -0.2       5.9      -0.1       5.8 
     -0.0       1.7      -0.2       5.0 
     -0.1       0.5      -0.2       5.4 
99185 -0.447214 -0.000000 -0.894427 
 15219.3   3040.3     -0.1     28.1     15.2      7.2 
    -0.1     56.9     15.2     14.4   7000.0   7000.0 
      1.1      44.1      -1.3      15.2 
     -0.2       6.5      -0.3       5.9 
     -0.1       0.9      -0.1       4.9 
     -0.1       0.5      -0.2       5.3 
99186 -0.503871 -0.000000 -0.863779 
 15710.8   2856.2      0.1     28.3    -23.1     21.8 
     0.1     57.0     15.2     14.4   6750.0   7000.0 
     -1.2      46.9      -1.6      14.5 
     -0.4       7.7      -0.1       6.2 
     -0.0       2.9      -0.3       5.5 
     -0.1       0.5      -0.3       6.0 
99187 -0.554700 -0.000000 -0.832050 
 16221.2   2641.1      0.3     28.1    -22.2     35.0 
     0.3     56.9     15.2     14.4   5250.0   7000.0 
     -0.5      45.0      -1.6      14.6 
     -0.1       4.6      -0.3       6.2 
      0.0       0.8      -0.2       5.6 
     -0.2       0.8      -0.3       6.2 
99188 -0.600000 -0.000000 -0.800000 
 16889.6   2536.9      0.1     28.1    -16.2     44.1 
     0.1     56.9     15.2     14.4   3500.0   5250.0 
      1.8      43.1      -1.4      14.0 
     -0.1       9.0      -0.4       6.8 
     -0.2       2.2      -0.0       6.0 
     -0.1       0.5      -0.4       7.4 
99189 0.468521 -0.624695 -0.624695 
 21951.9   5618.1      0.1     28.9     15.2      7.2 
    -0.1     20.7     15.2     14.4  11500.0  11500.0 
     -3.4      32.4       2.8      18.2 
     -0.2      15.0       0.0       4.6 
     -0.4      11.6       0.0       3.6 
     -0.3      10.4       0.0       3.4 
99190 0.426401 -0.639602 -0.639602 
 21436.5   6471.8      0.1     28.9     15.2      7.2 
    -0.2     20.8     15.2     14.4  11250.0  11250.0 
     -3.6      32.6       2.0      18.8 
     -0.3      15.5       0.0       4.6 
     -0.3      11.7       0.0       3.3 
     -0.3      10.4       0.0       3.1 
99191 0.381314 -0.653682 -0.653682 
 20990.9   7636.0      0.1     28.9     15.2      7.2 
    -0.0     21.0     15.1      1.8  11250.0  11250.0 
     -3.8      32.6       1.7      19.3 
     -0.1      15.4      -0.0       4.3 
     -0.4      11.8      -0.0       3.1 
     -0.3      10.4       0.0       2.8 
99192 0.333333 -0.666667 -0.666667 
 20638.5   9027.1      0.1     28.9     15.2      7.2 
    -0.3     21.0     15.1      3.5  11000.0  11000.0 
     -3.8      32.6       1.9      20.5 
     -0.2      15.4       0.0       4.2 
     -0.2      11.9       0.0       2.7 
     -0.3      10.6       0.0       2.6 
99193 0.282617 -0.678280 -0.678280 
 20435.3  10527.9      0.1     28.9     15.2      7.2 
    -0.2     21.1     15.1      6.4  11000.0  11000.0 
     -4.0      34.8       1.2      20.0 
     -0.3      15.2       0.0       3.7 
     -0.2      11.8       0.0       2.5 
     -0.4      10.4       0.0       2.2 
99194 0.256307 -0.683486 -0.683486 
 20303.9  11050.9      0.1     28.9     15.1      1.1 
    -0.2     20.9     15.1      7.9  11000.0  11000.0 
     -5.9      32.8       1.8      20.8 
     -0.2      15.2      -0.0       3.1 
     -0.3      11.8       0.0       1.9 
     -0.4      10.2       0.0       1.5 
99195 0.229416 -0.688247 -0.688247 
 20074.0  10995.6      0.1     28.9     15.1      2.3 
    -0.4     21.2     15.0      9.4  11000.0  11000.0 
     -3.4      32.9       0.4      21.1 
     -0.4      15.0       0.0       2.8 
     -0.1      11.6       0.0       1.3 
     -0.6      10.4       0.0       1.1 
99196 0.201988 -0.692532 -0.692532 
 20034.0  10951.1      0.1     28.9     14.9      3.7 
    -0.3     21.1     15.0     10.8  11000.0  11000.0 
     -4.9      34.6       1.2      22.8 
     -0.0      14.9      -0.1       2.4 
     -0.3      11.6       0.0       0.9 
     -0.4      10.3       0.1       0.8 
99197 0.174078 -0.696311 -0.696311 
 19947.3  10977.1      0.1     28.9     14.8      5.1 
    -0.1     21.2     14.8     12.2  11000.0  11000.0 
     -3.9      32.4       1.9      22.8 
     -0.4      14.8      -0.1       3.2 
     -0.3      11.4      -0.1       0.8 
     -0.4      10.2       0.0       0.5 
99198 0.145741 -0.699557 -0.699557 
 19921.4  10962.8      0.1     28.9     15.0      6.1 
    -0.3     20.9     15.0     13.2  11000.0  11000.0 
     -4.9      34.5       1.5      24.2 
     -0.3      15.0      -0.4       5.2 
     -0.0      11.4      -0.2       1.2 
     -0.4      10.2      -0.1       0.8 
99199 0.117041 -0.702247 -0.702247 
 19811.2  10877.9      0.1     28.9     15.6      5.5 
    -0.2     21.1     15.6     12.6  11000.0  11000.0 
     -3.4      32.2       0.8      23.5 
     -0.4      14.7       0.0       3.5 
     -0.2      11.5      -0.0       0.8 
     -0.3      10.1      -0.1       0.4 
99200 0.088045 -0.704361 -0.704361 
 19693.2  10807.3      0.1     28.9     15.3      4.2 
    -0.6     21.2     15.4     11.3  11000.0  11000.0 
     -4.7      35.5      -0.0      23.1 
     -0.6      15.0      -0.2       3.3 
     -0.5      11.5      -0.1       0.9 
     -0.6      10.2      -0.1       0.7 
99201 0.058824 -0.705882 -0.705882 
 19601.7  10858.1      0.1     28.9     15.3      2.8 
    -0.2     21.2     15.3      9.9   9750.0  11000.0 
     -3.4      33.2       0.6      21.8 
     -0.4      15.2      -0.1       2.7 
     -0.4      11.4      -0.1       1.3 
     -0.5      10.3      -0.1       1.1 
99202 0.029450 -0.706800 -0.706800 
 19583.9  10676.6      0.1     28.9     15.2      1.4 
    -0.1     21.2     15.2      8.4   9750.0  11000.0 
     -3.4      32.8       0.0      20.6 
     -0.4      15.2      -0.2       3.0 
     -0.3      11.6      -0.1       1.7 
     -0.3      10.3      -0.1       1.5 
99203 -0.000000 -0.707107 -0.707107 
 19583.6  10158.9      0.1     28.9     16.6     14.6 
    -0.2     21.2     15.2      7.0   9750.0  11000.0 
     -4.1      32.6      -0.3      19.5 
     -0.4      15.5      -0.1       3.4 
     -0.3      11.7      -0.1       2.2 
     -0.3      10.4      -0.1       2.0 
99204 -0.029450 -0.706800 -0.706800 
 19532.2   9483.1      0.1     28.9     15.2      7.2 
    -0.2     21.2     15.2      5.5   9750.0   9750.0 
     -4.3      32.5       0.3      19.9 
     -0.3      15.6      -0.1       4.0 
     -0.1      11.7      -0.1       2.8 
     -0.3      10.5      -0.1       2.5 
99205 -0.058824 -0.705882 -0.705882 
 19481.1   8932.6      0.1     28.9     15.2      7.2 
    -0.3     21.3     15.2      4.1   9750.0  11000.0 
     -4.0      33.3       0.0      19.0 
     -0.4      15.5      -0.1       4.0 
     -0.3      11.8      -0.1       2.9 
     -0.4      10.6      -0.2       2.6 
99206 -0.088045 -0.704361 -0.704361 
 19545.3   8132.2      0.1     28.9     15.2      7.2 
    -0.1     21.5     15.2      2.8   9750.0   9750.0 
     -3.8      33.1      -0.1      18.3 
     -0.4      15.7      -0.2       4.0 
     -0.3      11.9      -0.1       2.8 
     -0.2      10.5      -0.1       2.5 
99207 -0.117041 -0.702247 -0.702247 
 19552.9   7307.1      0.1     28.9     15.2      7.2 
    -0.2     21.5     15.2      2.0   9750.0  10000.0 
     -4.4      33.0      -0.1      18.8 
     -0.5      15.8      -0.1       4.2 
     -0.2      11.7      -0.1       3.0 
     -0.2      10.5      -0.1       2.8 
99208 -0.145741 -0.699557 -0.699557 
 19569.8   6667.4      0.1     28.9     15.2      7.2 
     0.0     21.5     15.4      2.4   9750.0  10000.0 
     -3.0      32.9      -0.5      18.5 
     -0.6      15.6      -0.2       4.6 
     -0.3      11.9      -0.1       3.4 
     -0.3      10.7      -0.1       3.2 
99209 -0.174078 -0.696311 -0.696311 
 19637.6   6061.8      0.1     28.9     15.2      7.2 
    -0.1     21.5     15.2     14.4   9750.0  10000.0 
     -3.1      32.1      -0.9      17.5 
     -0.5      15.6      -0.2       4.7 
     -0.2      11.8      -0.1       3.5 
     -0.2      10.6      -0.1       3.4 
99210 -0.201988 -0.692532 -0.692532 
 19703.6   5592.8      0.1     28.9     15.2      7.2 
     0.1     21.6     15.2     14.4   9750.0  10000.0 
     -4.3      32.5      -1.0      17.9 
     -0.3      15.7      -0.2       4.7 
     -0.1      11.8      -0.1       3.5 
     -0.2      10.7      -0.1       3.3 
99211 -0.229416 -0.688247 -0.688247 
 19789.5   5218.0      0.1     28.9     15.2      7.2 
    -0.1     21.5     15.2     14.4   9750.0  10000.0 
     -4.4      32.1      -0.3      16.6 
     -0.2      15.3      -0.2       4.6 
     -0.2      11.8      -0.1       3.6 
     -0.2      10.7      -0.1       3.4 
99212 -0.256307 -0.683486 -0.683486 
 20044.7   4854.6      0.1     28.9     15.2      7.2 
    -0.3     21.6     15.2     14.4   9750.0  10000.0 
     -4.3      33.1      -0.1      17.1 
     -0.5      15.4      -0.2       5.0 
     -0.3      11.8      -0.1       4.1 
     -0.4      10.7      -0.1       4.0 
99213 -0.282617 -0.678280 -0.678280 
 20048.7   4571.9      0.1     28.9     15.2      7.2 
    -0.2     21.5     15.2     14.4  10000.0  10000.0 
     -4.4      33.6      -0.7      17.0 
      0.0      15.3      -0.0       5.1 
     -0.4      11.8      -0.2       4.1 
     -0.3      10.8      -0.1       4.3 
99214 -0.333333 -0.666667 -0.666667 
 20440.2   4114.7      0.1     28.9     15.2      7.2 
    -0.1     21.4     15.2     14.4  10000.0  10250.0 
     -2.7      31.1      -0.8      16.1 
     -0.0      15.3       0.0       5.3 
     -0.4      11.8      -0.1       4.3 
     -0.3      10.6      -0.1       4.1 
99215 -0.381314 -0.653682 -0.653682 
 20939.9   3786.4      0.1     28.9     15.2      7.2 
    -0.0     21.3     15.2     14.4  10250.0  10500.0 
     -4.3      34.7      -1.5      15.8 
     -0.5      15.2      -0.1       5.6 
     -0.3      12.1      -0.1       4.8 
     -0.3      10.7      -0.1       5.1 
99216 -0.426401 -0.639602 -0.639602 
 21306.3   3492.1    -19.9     42.2     15.2      7.2 
    -0.2     21.4     15.2     14.4  10250.0  10250.0 
     -4.9      34.2      -1.0      15.9 
     -0.6      15.7      -0.2       5.8 
     -0.4      12.0      -0.2       4.8 
     -0.3      11.0      -0.1       5.2 
99217 -0.468521 -0.624695 -0.624695 
 21619.7   3291.7    -13.4     49.9     15.2      7.2 
    -0.0     21.2     15.2     14.4   8000.0  10000.0 
     -4.7      35.3      -1.4      14.0 
     -0.1      15.4      -0.2       6.2 
     -0.4      12.0      -0.2       5.5 
     -0.1      11.3      -0.1       6.4 
99218 0.317999 -0.847998 -0.423999 
 32370.1   7934.4      0.1     28.9     15.2      7.2 
     0.1     57.7     15.2     14.4  18750.0  19250.0 
     -4.3      32.3       1.7      20.5 
     -0.5      14.7       0.1       5.0 
     -0.3      10.9      -0.0       3.0 
     -0.4       9.9       0.0       2.8 
99219 0.285714 -0.857143 -0.428571 
 32063.6   8457.2      0.1     28.9     15.2      7.2 
     0.1     57.7     15.2     14.4  18750.0  19000.0 
     -5.1      33.0       2.1      21.5 
     -0.6      15.0       0.1       5.5 
     -0.4      11.3       0.0       2.9 
     -0.4       9.8       0.0       2.6 
99220 0.252426 -0.865462 -0.432731 
 31774.5   8849.1      0.1     28.9     15.2      7.2 
     0.1     57.7     15.4      1.4  19000.0  19250.0 
     -5.4      32.9       1.2      21.9 
     -0.6      14.9      -0.0       4.9 
     -0.4      11.3      -0.0       2.8 
     -0.6       9.8       0.0       2.4 
99221 0.218218 -0.872872 -0.436436 
 31686.9   9070.6      0.1     28.9     15.2      7.2 
     0.1     57.7     15.1      2.8  18750.0  19000.0 
     -3.6      31.3       0.5      22.8 
     -0.6      15.3       0.2       5.5 
     -0.2      10.8      -0.0       2.4 
     -0.4       9.9       0.0       2.2 
99222 0.183186 -0.879292 -0.439646 
 31464.0   8912.0      0.1     28.9     15.2      7.2 
     0.1     57.7     15.0      5.9  18750.0  19000.0 
     -4.7      31.9       1.2      23.5 
     -0.6      15.0       0.1       5.0 
     -0.3      10.8      -0.0       2.5 
     -0.5       9.5       0.0       2.2 
99223 0.165395 -0.882109 -0.441054 
 31309.5   8866.9      0.1     28.9     15.1      0.7 
     0.1     57.7     15.0      7.5  18750.0  19000.0 
     -4.2      30.2       0.6      24.1 
     -0.7      15.0       0.1       4.7 
     -0.5      10.9      -0.0       1.6 
     -0.7       9.7       0.0       1.2 
99224 0.147442 -0.884652 -0.442326 
 31219.8   8865.1      0.1     28.9     14.9      2.5 
     0.1     57.7     14.9      9.0  18750.0  18750.0 
     -5.2      31.8       1.2      24.4 
     -0.5      14.8       0.1       4.7 
     -0.6      10.8       0.0       1.2 
     -0.6       9.7       0.0       0.9 
99225 0.129342 -0.886914 -0.443457 
 31269.1   8917.8      0.1     28.9     14.8      3.4 
     0.1     57.7     14.8     10.5  17750.0  18750.0 
     -5.0      32.0       2.1      25.5 
     -0.5      14.8      -0.0       5.1 
     -0.2      11.1      -0.0       0.9 
     -0.5       9.6      -0.0       0.7 
99226 0.111111 -0.888889 -0.444444 
 31055.6   8846.3      0.1     28.9     14.7      4.9 
     0.1     57.7     14.7     12.0  17750.0  19000.0 
     -4.3      32.4       1.5      27.0 
     -0.5      15.1       0.1       7.1 
     -0.4      10.8      -0.1       1.0 
     -0.4       9.5      -0.1       0.5 
99227 0.092768 -0.890570 -0.445285 
 31046.4   8814.3      0.1     28.9     15.0      6.0 
     0.1     57.7     14.9     13.1  18750.0  18750.0 
     -4.1      30.9       0.3      27.4 
     -0.7      14.7      -0.3       8.1 
     -0.3      10.9      -0.2       3.1 
     -0.5       9.5      -0.3       1.0 
99228 0.074329 -0.891953 -0.445976 
 31080.4   8800.0      0.1     28.9     15.7      5.3 
     0.1     57.7     15.7     12.5  18750.0  18750.0 
     -4.4      31.8      -1.0      26.5 
     -1.0      14.9      -0.1       7.7 
     -0.6      11.0       0.0       1.2 
     -0.6       9.5      -0.1       2.7 
99229 0.055815 -0.893033 -0.446516 
 30906.5   8802.4      0.1     28.9     15.6      3.9 
     0.1     57.7     15.6     11.1  17750.0  18750.0 
     -5.3      34.2       0.0      27.7 
     -0.6      14.6       0.0       5.7 
     -0.4      10.7      -0.1       0.9 
     -0.4       9.6      -0.1       0.6 
99230 0.037242 -0.893807 -0.446903 
 30932.8   8773.8      0.1     28.9     15.4      2.4 
     0.1     57.7     15.4      9.5  17500.0  18750.0 
     -4.6      32.4       0.1      24.5 
     -0.3      14.6      -0.1       5.0 
     -0.2      10.9      -0.1       1.2 
     -0.6       9.7      -0.1       0.9 
99231 0.018631 -0.894272 -0.447136 
 30836.5   8804.0      0.1     28.9     15.3      1.0 
     0.1     57.7     15.4      8.0  17500.0  18750.0 
     -3.0      32.6       0.5      23.5 
     -0.5      14.9      -0.1       4.6 
     -0.4      10.8      -0.1       1.5 
     -0.3       9.7      -0.1       1.2 
99232 -0.000000 -0.894427 -0.447214 
 30862.8   8741.3      0.1     28.9     15.2      7.2 
     0.1     57.7     15.3      6.4  17500.0  18750.0 
     -5.1      32.9       0.4      24.1 
     -0.5      14.8      -0.1       4.7 
     -0.4      10.7      -0.1       2.2 
     -0.4       9.6      -0.1       1.8 
99233 -0.018631 -0.894272 -0.447136 
 30781.0   8708.7      0.1     28.9     15.2      7.2 
     0.1     57.7     15.3      4.8  17500.0  18750.0 
     -5.5      32.4      -0.8      24.0 
     -0.4      15.1      -0.2       5.1 
     -0.4      10.9      -0.1       2.8 
     -0.4       9.6      -0.1       2.5 
99234 -0.037242 -0.893807 -0.446903 
 30872.4   8731.6      0.1     28.9     15.2      7.2 
     0.1     57.7     15.2      3.3  17750.0  18750.0 
     -6.7      33.1      -0.5      22.8 
     -0.5      14.8      -0.1       4.8 
     -0.3      11.1      -0.1       2.6 
     -0.3       9.9      -0.1       2.3 
99235 -0.055815 -0.893033 -0.446516 
 30753.5   8668.4      0.1     28.9     15.2      7.2 
     0.1     57.7     15.2      1.9  17500.0  18000.0 
     -5.2      32.4       0.0      22.2 
     -0.3      15.0      -0.1       4.8 
     -0.6      11.1      -0.1       2.2 
     -0.4       9.7      -0.1       1.9 
99236 -0.074329 -0.891953 -0.445976 
 30904.0   8660.1      0.1     28.9     15.2      7.2 
     0.1     57.7     15.2      1.3  17750.0  19000.0 
     -6.0      32.5       0.1      22.1 
     -0.3      14.9      -0.1       5.0 
     -0.3      11.0      -0.1       2.5 
     -0.4       9.8      -0.1       2.2 
99237 -0.092768 -0.890570 -0.445285 
 30784.3   8642.0      0.1     28.9     15.2      7.2 
     0.1     57.7     15.2     14.4  17500.0  17750.0 
     -5.5      33.2      -0.7      21.8 
     -0.4      14.9      -0.1       4.7 
     -0.4      11.1      -0.1       3.0 
     -0.5       9.9      -0.1       2.7 
99238 -0.111111 -0.888889 -0.444444 
 30944.8   8279.5      0.1     28.9     15.2      7.2 
     0.1     57.7     15.2     14.4  17500.0  18000.0 
     -6.5      35.8      -0.1      21.6 
     -0.5      15.2      -0.1       5.3 
     -0.3      11.1      -0.1       3.0 
     -0.5       9.9      -0.2       2.7 
99239 -0.129342 -0.886914 -0.443457 
 31007.2   7737.6      0.1     28.9     15.2      7.2 
     0.1     57.7     15.2     14.4  17500.0  18000.0 
     -4.4      33.8      -0.0      21.2 
     -0.4      15.5      -0.1       4.9 
     -0.4      11.3      -0.1       2.8 
     -0.3      10.1      -0.1       2.5 
99240 -0.147442 -0.884652 -0.442326 
 30968.1   7651.7      0.1     28.9     15.2      7.2 
     0.1     57.7     15.2     14.4  17500.0  18250.0 
     -5.7      33.6      -0.6      20.0 
     -0.5      15.1      -0.2       4.9 
     -0.4      11.1      -0.1       3.0 
     -0.6      10.1      -0.1       2.7 
99241 -0.165395 -0.882109 -0.441054 
 31136.8   7426.2      0.1     28.9     15.2      7.2 
     0.1     57.7     15.2     14.4  17750.0  18250.0 
     -4.0      31.3      -0.9      20.1 
     -0.6      15.1      -0.3       5.1 
     -0.4      11.2      -0.1       3.3 
     -0.2      10.1      -0.1       3.1 
99242 -0.183186 -0.879292 -0.439646 
 31198.1   6989.1      0.1     28.9     15.2      7.2 
     0.1     57.7     15.2     14.4  17750.0  18000.0 
     -4.7      31.1      -0.8      18.4 
     -0.4      15.1      -0.2       5.3 
     -0.2      11.3      -0.1       3.4 
     -0.2      10.0      -0.1       3.2 
99243 -0.218218 -0.872872 -0.436436 
 31208.7   6324.3      0.1     28.9     15.2      7.2 
     0.1     57.7     15.2     14.4  18000.0  18000.0 
     -4.9      32.2      -0.5      17.9 
     -0.5      14.9      -0.2       5.2 
     -0.3      11.0      -0.1       3.4 
     -0.5       9.9      -0.2       3.1 
99244 -0.252426 -0.865462 -0.432731 
 31560.9   5801.5      0.1     28.9     15.2      7.2 
     0.1     57.7     15.2     14.4  18000.0  18250.0 
     -5.3      33.3      -1.0      17.1 
     -0.5      15.0      -0.3       5.4 
     -0.4      11.0      -0.1       3.7 
     -0.4      10.2      -0.2       3.6 
99245 -0.285714 -0.857143 -0.428571 
 31779.9   5319.6      0.1     28.9     15.2      7.2 
     0.1     57.7     15.2     14.4  18000.0  18250.0 
     -5.1      32.8      -1.1      16.3 
     -0.6      14.8      -0.2       5.2 
     -0.5      11.1      -0.1       3.7 
     -0.4      10.3      -0.1       3.5 
99246 -0.317999 -0.847998 -0.423999 
 32203.2   4910.5      0.1     28.9     15.2      7.2 
     0.1     57.7     15.2     14.4  18000.0  18500.0 
     -5.0      34.1      -0.6      15.7 
     -0.6      14.8      -0.3       5.6 
     -0.2      11.3      -0.1       4.3 
     -0.3      10.5      -0.2       4.2 
99247 0.178965 -0.954480 -0.238620 
 57866.3   8498.7      0.1     28.9     15.2      7.2 
     0.1     57.7     15.2     14.4  37750.0  38000.0 
     -5.7      32.2       0.5      25.3 
     -0.8      15.1       0.3       8.4 
     -0.4      11.8      -0.0       2.7 
     -0.5      10.5       0.0       2.2 
99248 0.159617 -0.957704 -0.239426 
 57510.4   8438.4      0.1     28.9     15.2      7.2 
     0.1     57.7     15.2     14.4  37500.0  38000.0 
     -4.9      31.3       1.8      26.3 
     -0.8      15.3       0.3       8.4 
     -0.3      11.6      -0.0       2.5 
     -0.5      10.6       0.1       2.1 
99249 0.140084 -0.960577 -0.240144 
 57522.5   8422.4      0.1     28.9     15.2      7.2 
     0.1     57.7     15.2     14.4  36500.0  38000.0 
     -6.0      32.5      -0.1      27.8 
     -0.8      14.9       0.3       8.8 
     -0.5      11.8       0.1       2.7 
     -0.3      10.5       0.0       2.3 
99250 0.120386 -0.963087 -0.240772 
 57357.5   8489.6      0.1     28.9     15.2      7.2 
     0.1     57.7     15.0      2.1  37750.0  38000.0 
     -5.7      32.5      -0.5      28.6 
     -0.6      14.9       0.0       8.7 
     -0.5      11.7       0.0       2.4 
     -0.3      10.5       0.0       1.9 
99251 0.100544 -0.965226 -0.241307 
 57016.9   8446.1      0.1     28.9     15.2      7.2 
     0.1     57.7     14.9      5.3  37750.0  38000.0 
     -4.9      32.7       0.2      29.5 
     -0.8      15.2       0.2       9.5 
     -0.3      11.4       0.1       3.1 
     -0.7      10.3       0.1       2.5 
99252 0.090577 -0.966155 -0.241539 
 57377.8   8429.1      0.1     28.9     15.1      0.3 
     0.1     57.7     14.8      7.0  37500.0  37750.0 
     -6.2      31.4       1.3      30.1 
     -0.8      15.2       0.2       9.5 
     -0.6      11.7       0.0       1.7 
     -0.5      10.5      -0.0       1.7 
99253 0.080582 -0.966988 -0.241747 
 57425.8   8540.4      0.1     28.9     14.7      1.5 
     0.1     57.7     14.7      8.7  37500.0  37750.0 
     -5.4      32.2       0.7      30.7 
     -0.7      15.3       0.2      10.3 
     -0.6      11.9      -0.0       1.3 
     -0.6      10.5      -0.0       0.7 
99254 0.070563 -0.967724 -0.241931 
 57099.2   8418.3      0.1     28.9     14.7      3.4 
     0.1     57.7     14.7     10.2  37750.0  37750.0 
     -6.4      35.4       2.0      31.1 
     -0.7      14.9      -0.0      12.0 
     -0.6      11.7      -0.1       1.6 
     -0.6      10.3      -0.0       1.8 
99255 0.060523 -0.968364 -0.242091 
 57062.5   8372.9      0.1     28.9     14.6      4.6 
     0.1     57.7     14.6     11.8  37500.0  37750.0 
     -4.8      33.0       0.8      31.9 
     -0.6      15.2       0.2      13.5 
     -0.7      11.5      -0.1       2.1 
     -0.6      10.3      -0.1       0.9 
99256 0.050464 -0.968906 -0.242227 
 56939.6   8383.3      0.1     28.9     14.9      5.9 
     0.1     57.7     14.9     12.9  37500.0  37750.0 
     -5.5      30.9       0.4      31.8 
     -0.4      14.9       0.2      15.0 
     -0.6      11.5      -0.4       3.5 
     -0.5      10.4      -0.2       1.3 
99257 0.040390 -0.969351 -0.242338 
 57062.5   8406.4      0.1     28.9     15.8      5.2 
     0.1     57.7     15.8     12.3  37500.0  37750.0 
     -6.3      31.7       0.2      31.8 
     -0.7      15.1      -0.1      14.9 
     -0.5      11.5       0.1       2.2 
     -0.7      10.2       0.1       1.0 
99258 0.030303 -0.969697 -0.242424 
 57087.9   8372.3      0.1     28.9     15.8      3.6 
     0.1     57.7     15.7     10.7  37500.0  37750.0 
     -5.3      29.5       1.4      30.0 
     -0.9      15.2       0.2      12.4 
     -0.5      11.5      -0.0       1.6 
     -0.5      10.3      -0.0       0.6 
99259 0.020207 -0.969944 -0.242486 
 57062.5   8400.8      0.1     28.9     15.6      2.1 
     0.1     57.7     15.6      9.2  37500.0  37750.0 
     -6.1      31.3      -1.0      28.9 
     -0.7      15.3      -0.1      10.7 
     -0.5      11.7      -0.1       1.5 
     -0.4      10.2      -0.1       1.6 
99260 0.010105 -0.970093 -0.242523 
 57107.6   8443.3      0.1     28.9     15.6      4.0 
     0.1     57.7     15.5      7.6  37500.0  37750.0 
     -6.7      35.0      -2.0      29.9 
     -0.8      14.9       0.0       9.5 
     -0.2      11.6      -0.1       1.5 
     -0.6      10.3      -0.0       1.6 
99261 -0.000000 -0.970142 -0.242536 
 56975.6   8395.8      0.1     28.9     15.2      7.2 
     0.1     57.7     15.5      5.9  36500.0  37750.0 
     -5.5      30.2       0.6      28.3 
     -0.7      15.2      -0.3       9.8 
     -0.5      11.8      -0.2       2.6 
     -0.5      10.3      -0.2       2.2 
99262 -0.010105 -0.970093 -0.242523 
 56994.4   8344.0      0.1     28.9     15.2      7.2 
     0.1     57.7     15.4      4.3  37500.0  37750.0 
     -4.5      28.3       0.5      29.2 
     -0.9      15.1      -0.1       9.7 
     -0.4      11.4      -0.1       3.0 
     -0.5      10.4      -0.2       2.6 
99263 -0.020207 -0.969944 -0.242486 
 56931.9   8381.5      0.1     28.9     15.2      7.2 
     0.1     57.7     15.4      2.6  37500.0  37750.0 
     -7.0      32.3      -2.3      27.8 
     -0.7      15.2      -0.2       9.1 
     -0.2      11.5      -0.1       2.5 
     -0.6      10.6      -0.1       2.1 
99264 -0.030303 -0.969697 -0.242424 
 57102.4   8400.4      0.1     28.9     15.2      7.2 
     0.1     57.7     15.3      1.1  36250.0  37500.0 
     -6.0      33.3      -0.5      28.6 
     -0.8      15.0      -0.3       9.2 
     -0.4      11.8      -0.1       2.1 
     -0.7      10.6      -0.1       1.5 
99265 -0.040390 -0.969351 -0.242338 
 56974.3   8347.3      0.1     28.9     15.2      7.2 
     0.1     57.7     15.2     14.4  37750.0  38000.0 
     -6.3      32.6      -1.2      27.1 
     -0.7      15.9       0.1       8.7 
     -0.5      11.7      -0.1       2.4 
     -0.7      10.4      -0.1       1.9 
99266 -0.050464 -0.968906 -0.242227 
 56994.4   8396.3      0.1     28.9     15.2      7.2 
     0.1     57.7     15.2     14.4  36500.0  37750.0 
     -4.5      29.5      -0.9      26.7 
     -0.8      15.1      -0.1       8.6 
     -0.4      11.8      -0.1       3.0 
     -0.5      10.5      -0.1       2.6 
99267 -0.060523 -0.968364 -0.242091 
 56996.9   8402.4      0.1     28.9     15.2      7.2 
     0.1     57.7     15.2     14.4  36750.0  38000.0 
     -5.8      30.6      -0.5      25.0 
     -0.6      15.4      -0.3       8.4 
     -0.5      11.7      -0.1       2.7 
     -0.7      10.5      -0.2       2.3 
99268 -0.070563 -0.967724 -0.241931 
 56910.3   8365.3      0.1     28.9     15.2      7.2 
     0.1     57.7     15.2     14.4  36250.0  37500.0 
     -6.2      31.4       0.1      26.4 
     -0.8      15.2      -0.1       8.2 
     -0.5      11.7      -0.1       2.2 
     -0.6      10.7      -0.1       1.8 
99269 -0.080582 -0.966988 -0.241747 
 57063.8   8379.5      0.1     28.9     15.2      7.2 
     0.1     57.7     15.2     14.4  36750.0  38000.0 
     -4.3      28.9      -2.6      24.1 
     -0.7      15.2      -0.1       8.2 
     -0.3      11.7      -0.1       2.4 
     -0.4      10.7      -0.0       2.0 
99270 -0.090577 -0.966155 -0.241539 
 57097.4   8399.4      0.1     28.9     15.2      7.2 
     0.1     57.7     15.2     14.4  36750.0  38000.0 
     -6.8      34.8      -1.0      24.3 
     -0.6      15.3      -0.2       8.5 
     -0.2      11.9      -0.1       3.1 
     -0.6      10.7      -0.2       2.6 
99271 -0.100544 -0.965226 -0.241307 
 57116.5   8377.0      0.1     28.9     15.2      7.2 
     0.1     57.7     15.2     14.4  36750.0  38000.0 
     -7.2      33.8      -0.9      24.1 
     -0.5      15.4      -0.3       7.9 
     -0.4      11.8      -0.1       2.9 
     -0.4      10.6      -0.1       2.9 
99272 -0.120386 -0.963087 -0.240772 
 57309.1   8298.9      0.1     28.9     15.2      7.2 
     0.1     57.7     15.2     14.4  36750.0  38000.0 
     -5.9      32.1       0.0      21.3 
     -0.6      15.6      -0.2       7.8 
     -0.4      11.9      -0.1       2.7 
     -0.5      10.6      -0.1       2.7 
99273 -0.140084 -0.960577 -0.240144 
 57260.2   8239.0      0.1     28.9     15.2      7.2 
     0.1     57.7     15.2     14.4  36750.0  38000.0 
     -4.9      28.7      -0.7      20.8 
     -0.5      15.4      -0.1       7.4 
     -0.5      11.8      -0.1       3.1 
     -0.4      10.6      -0.1       3.1 
99274 -0.159617 -0.957704 -0.239426 
 57491.4   8085.7      0.1     28.9     15.2      7.2 
     0.1     57.7     15.2     14.4  36750.0  38000.0 
     -4.1      27.5      -0.6      18.4 
     -0.8      15.2      -0.2       6.7 
     -0.2      11.9      -0.0       2.9 
     -0.6      10.6      -0.1       2.6 
99275 -0.178965 -0.954480 -0.238620 
 57455.1   7869.1      0.1     28.9     15.2      7.2 
     0.1     57.7     15.2     14.4  37500.0  38000.0 
     -4.8      31.5       0.0      18.3 
     -0.8      15.6      -0.3       7.0 
     -0.5      12.0      -0.1       3.3 
     -0.4      10.9      -0.1       2.9 
99276 0.092626 -0.988012 -0.123502 
111900.1   8524.5      0.1     28.9     15.2      7.2 
     0.1     57.7     15.2     14.4  80000.0  80500.0 
     -5.5      32.3       1.1      28.2 
     -1.0      15.5       0.4      12.9 
     -0.6      11.6       0.0       3.5 
     -0.6      10.8       0.1       2.5 
99277 0.082409 -0.988903 -0.123613 
111955.4   8520.6      0.1     28.9     15.2      7.2 
     0.1     57.7     15.2     14.4  80000.0  81500.0 
     -5.8      30.6       3.1      29.9 
     -1.1      15.3       0.2      13.5 
     -0.7      11.9       0.0       3.2 
     -0.6      10.8       0.1       2.7 
99278 0.072165 -0.989691 -0.123711 
111637.8   8551.7      0.1     28.9     15.2      7.2 
     0.1     57.7     15.2     14.4  79000.0  80250.0 
     -5.4      32.3      -0.7      32.6 
     -0.9      15.1       0.3      14.4 
     -0.5      11.8       0.1       3.9 
     -0.7      10.7       0.1       2.7 
99279 0.061898 -0.990375 -0.123797 
111685.5   8488.2      0.1     28.9     15.2      7.2 
     0.1     57.7     14.7      1.6  79750.0  80000.0 
     -7.4      34.0      -1.2      33.4 
     -1.1      15.2       0.1      14.5 
     -0.4      11.9       0.0       2.8 
     -0.7      10.9       0.1       1.7 
99280 0.051612 -0.990955 -0.123869 
111789.3   8490.1      0.1     28.9     15.2      7.2 
     0.1     57.7     14.6      5.0  80000.0  80250.0 
     -7.7      31.0      -0.0      34.7 
     -0.9      15.7       0.2      15.1 
     -0.4      11.9       0.2       4.1 
     -0.5      10.6       0.1       2.9 
99281 0.046463 -0.991206 -0.123901 
111622.2   8503.2      0.1     28.9     15.2      7.2 
     0.1     57.7     14.6      6.7  79750.0  81250.0 
     -6.1      35.6       1.0      35.8 
     -1.0      15.3       0.1      15.3 
     -0.4      11.8       0.2       3.0 
     -0.6      10.7       0.0       2.0 
99282 0.041310 -0.991431 -0.123929 
111750.3   8572.0      0.1     28.9     14.5      1.2 
     0.1     57.7     14.5      8.3  80000.0  81250.0 
     -6.1      32.4       0.2      35.6 
     -1.2      15.3      -0.3      16.5 
     -0.6      11.7      -0.1       3.0 
     -0.7      10.6      -0.1       1.0 
99283 0.036153 -0.991629 -0.123954 
111850.2   8467.9      0.1     28.9     14.5      2.9 
     0.1     57.7     14.5     10.0  79750.0  81250.0 
     -2.9      30.8       1.3      34.7 
     -1.2      15.7      -0.2      18.0 
     -0.4      11.6      -0.1       4.1 
     -0.6      10.5      -0.2       2.9 
99284 0.030994 -0.991801 -0.123975 
111711.5   8534.8      0.1     28.9     14.4      4.5 
     0.1     57.7     14.5     11.5  80250.0  81000.0 
     -6.5      34.4       0.2      35.9 
     -1.1      15.8      -0.1      19.8 
     -0.6      11.7      -0.1       5.3 
     -0.6      10.6      -0.1       1.2 
99285 0.025832 -0.991947 -0.123993 
111669.3   8466.8      0.1     28.9     14.9      5.6 
     0.1     57.7     14.9     12.6  79500.0  81000.0 
     -5.8      34.6      -3.3      37.0 
     -1.1      15.6      -0.2      21.5 
     -0.5      11.6      -0.2       6.7 
     -1.0      10.7      -0.3       2.0 
99286 0.020668 -0.992066 -0.124008 
111910.2   8445.4      0.1     28.9     15.9      4.9 
     0.1     57.7     15.9     11.9  78500.0  81000.0 
     -5.0      31.6      -1.7      37.5 
     -1.1      15.6      -0.4      20.1 
     -0.6      11.9       0.3       5.2 
     -0.6      10.8       0.1       1.4 
99287 0.015502 -0.992159 -0.124020 
111573.4   8483.3      0.1     28.9     15.8      3.4 
     0.1     57.7     15.8     10.4  79500.0  80500.0 
     -5.9      28.3       1.7      36.2 
     -1.1      15.6       0.1      17.8 
     -0.5      11.7       0.0       3.8 
     -0.4      10.7       0.0       0.9 
99288 0.010336 -0.992225 -0.124028 
111872.1   8480.9      0.1     28.9     15.8      2.6 
     0.1     57.7     15.8      8.9  79750.0  81000.0 
     -6.2      29.1      -0.2      37.6 
     -1.2      15.6      -0.3      16.4 
     -0.4      11.7      -0.0       3.4 
     -0.8      10.9      -0.0       2.8 
99289 0.005168 -0.992265 -0.124033 
111498.1   8506.7      0.1     28.9     15.6      0.3 
     0.1     57.7     15.8      7.2  80000.0  81250.0 
     -9.0      35.1      -0.8      36.4 
     -1.0      15.3      -0.1      15.3 
     -0.4      11.7      -0.0       3.0 
     -0.6      10.8      -0.1       1.0 
99290 -0.000000 -0.992278 -0.124035 
111687.6   8447.0      0.1     28.9     15.2      7.2 
     0.1     57.7     15.7      5.5  79750.0  80500.0 
     -5.2      28.2       1.3      34.2 
     -1.1      15.8      -0.2      15.4 
     -0.7      11.8      -0.3       3.8 
     -0.3      10.5      -0.2       2.7 
99291 -0.005168 -0.992265 -0.124033 
111548.6   8483.3      0.1     28.9     15.2      7.2 
     0.1     57.7     15.7      3.9  80000.0  81000.0 
     -6.5      28.1       1.3      34.3 
     -1.1      16.0      -0.2      15.1 
     -0.6      11.7      -0.2       4.0 
     -0.4      10.8      -0.2       3.4 
99292 -0.010336 -0.992225 -0.124028 
111857.0   8493.1      0.1     28.9     15.2      7.2 
     0.1     57.7     15.6      2.2  80000.0  81000.0 
     -6.2      31.6       4.6      32.7 
     -0.9      15.1      -0.1      15.1 
     -0.5      11.9      -0.2       3.7 
     -0.8      10.5      -0.2       2.7 
99293 -0.015502 -0.992159 -0.124020 
111752.3   8491.8      0.1     28.9     15.2      7.2 
     0.1     57.7     15.5      0.6  78750.0  80500.0 
     -6.2      29.0      -2.1      33.5 
     -1.1      15.3      -0.2      14.4 
     -0.3      11.7      -0.1       3.0 
     -0.8      10.8      -0.1       1.1 
99294 -0.020668 -0.992066 -0.124008 
111402.2   8518.6      0.1     28.9     15.2      7.2 
     0.1     57.7     15.2     14.4  78750.0  80250.0 
     -5.2      32.9       0.5      32.0 
     -1.1      15.1      -0.4      13.9 
     -0.5      11.7      -0.2       3.5 
     -0.6      10.5      -0.2       2.4 
99295 -0.025832 -0.991947 -0.123993 
111558.8   8443.4      0.1     28.9     15.2      7.2 
     0.1     57.7     15.2     14.4  80000.0  81250.0 
     -7.4      31.5      -0.2      31.2 
     -1.0      15.8      -0.5      13.7 
     -0.4      12.0      -0.2       3.7 
     -0.7      10.6      -0.2       2.8 
99296 -0.030994 -0.991801 -0.123975 
111658.0   8427.0      0.1     28.9     15.2      7.2 
     0.1     57.7     15.2     14.4  78750.0  80250.0 
     -8.1      33.8      -1.1      31.3 
     -1.1      15.4      -0.2      13.3 
     -0.4      11.9      -0.1       3.3 
     -0.5      10.7      -0.1       2.9 
99297 -0.036153 -0.991629 -0.123954 
111449.0   8475.5      0.1     28.9     15.2      7.2 
     0.1     57.7     15.2     14.4  79000.0  80500.0 
     -4.8      30.2       0.5      29.3 
     -1.4      15.6      -0.1      12.4 
     -0.4      11.8      -0.1       2.8 
     -0.6      10.7      -0.1       1.4 
99298 -0.041310 -0.991431 -0.123929 
111609.3   8435.9      0.1     28.9     15.2      7.2 
     0.1     57.7     15.2     14.4  80000.0  80500.0 
     -6.6      32.0      -3.6      29.9 
     -1.2      15.7      -0.1      12.8 
     -0.7      11.8      -0.2       3.1 
     -0.6      10.7      -0.2       2.8 
99299 -0.046463 -0.991206 -0.123901 
111443.8   8435.3      0.1     28.9     15.2      7.2 
     0.1     57.7     15.2     14.4  79000.0  80250.0 
     -6.5      30.5      -1.6      29.0 
     -1.1      15.4      -0.3      12.3 
     -0.5      11.7      -0.1       3.5 
     -0.5      10.7      -0.2       3.3 
99300 -0.051612 -0.990955 -0.123869 
111447.0   8467.4      0.1     28.9     15.2      7.2 
     0.1     57.7     15.2     14.4  80000.0  80500.0 
     -6.4      29.3      -2.5      28.6 
     -1.1      15.7      -0.2      11.6 
     -0.5      11.9      -0.1       3.4 
     -0.2      10.7      -0.1       2.2 
99301 -0.061898 -0.990375 -0.123797 
111637.0   8463.4      0.1     28.9     15.2      7.2 
     0.1     57.7     15.2     14.4  79000.0  80500.0 
     -6.0      31.5      -0.7      25.0 
     -1.1      15.8      -0.4      11.8 
     -0.5      11.8      -0.1       3.0 
     -0.5      10.7      -0.1       2.0 
99302 -0.072165 -0.989691 -0.123711 
111539.1   8492.0      0.1     28.9     15.2      7.2 
     0.1     57.7     15.2     14.4  79000.0  80500.0 
     -4.8      29.7      -0.8      24.5 
     -1.0      16.1      -0.1      10.9 
     -0.5      11.9      -0.1       3.0 
     -0.6      10.8      -0.1       2.3 
99303 -0.082409 -0.988903 -0.123613 
111595.8   8532.2      0.1     28.9     15.2      7.2 
     0.1     57.7     15.2     14.4  79250.0  80500.0 
     -7.7      30.6       0.3      22.2 
     -1.1      15.2      -0.2       9.9 
     -0.5      11.8      -0.1       2.9 
     -0.4      10.7      -0.1       2.0 
99304 -0.092626 -0.988012 -0.123502 
111656.8   8514.4      0.1     28.9     15.2      7.2 
     0.1     57.7     15.2     14.4  79500.0  80750.0 
     -3.7      26.0      -2.0      21.0 
     -1.2      15.5      -0.2       9.1 
     -0.6      12.0      -0.1       3.2 
     -0.4      10.7      -0.1       2.4 
