Pixel3d_25x100_prd2026lk@-30V,0T@90d,263K,rh=1.10/0.7,0/0 
331 1 0.00 59 5 29 0 30.0000 263.0000 0.0000 1.0000 500.0000 0.1900 0.1100 100.1150 25.0000 150.0000 500.0000 0.0900 0.050000 1.5000 1.0000 0.8500 
9201 -0.000000 -0.000000 -1.000000 
 13595.6  10982.3      0.0     28.1      0.0      6.3 
    -0.0     57.1      0.0     13.5   1750.0   1750.0 
     -3.6      49.2       0.2      22.4 
     -0.8      11.3      -0.1       3.4 
     -0.0       0.5      -0.1       1.3 
     -0.1       0.5      -0.1       1.1 
9202 -0.000000 -0.164399 -0.986394 
 13763.2  10810.5     -0.0     23.8      0.1      6.3 
    -0.0     52.6      0.1     13.5   4750.0   5000.0 
     -1.4      36.5      -0.2      23.0 
     -0.3       3.7       0.0       2.8 
     -0.0       2.3      -0.0       1.0 
     -0.1       2.1      -0.0       0.9 
9203 -0.000000 -0.316228 -0.948683 
 14222.1  11342.9      0.1     18.1     -0.0      6.4 
     0.0     46.8     -0.0     13.5   6250.0   6500.0 
     -1.6      30.0      -0.3      24.4 
     -0.0       6.5      -0.3       3.6 
     -0.2       4.3      -0.0       0.9 
     -0.2       3.9      -0.1       0.8 
9204 -0.000000 -0.447214 -0.894427 
 15124.5  11625.2     -0.2     12.6     -0.0      6.4 
    -0.2     40.9     -0.0     13.6   6500.0   7750.0 
     -3.9      29.0      -0.2      24.3 
     -0.4       9.4       0.3       4.2 
     -0.0       6.4      -0.1       0.9 
     -0.0       5.6      -0.0       0.8 
9205 -0.000000 -0.554700 -0.832050 
 16167.9  11428.8     -0.2      7.2      0.0      6.3 
    -0.3     34.7      0.0     13.5   7750.0   8000.0 
     -2.6      29.9       0.5      24.4 
      0.2      12.0      -0.1       4.7 
     -0.1       8.3      -0.1       1.3 
      0.1       6.9      -0.1       0.8 
9206 -0.000000 -0.640184 -0.768221 
 17407.6  10991.0     -0.7      4.7      0.0      6.4 
    -0.2     28.5      0.0     13.5   8000.0   9250.0 
     -4.5      32.2       0.5      24.6 
     -0.1      12.8      -0.2       4.2 
     -0.1      10.6      -0.1       1.9 
      0.0       8.8      -0.0       0.8 
9207 -0.000000 -0.707107 -0.707107 
 18952.3  10283.2     -2.3      3.4      0.0      6.3 
    -0.2     22.1      0.0     13.5   9500.0   9500.0 
     -4.3      32.5       0.2      24.3 
     -0.2      15.1      -0.2       5.5 
      0.4      12.4      -0.1       1.4 
     -0.1      10.7      -0.1       0.9 
9208 -0.000000 -0.759257 -0.650791 
 20582.6   9638.6      0.1     28.9     -0.0      6.3 
    -0.4     15.9     -0.0     13.5  11000.0  11000.0 
     -3.3      33.5       0.2      25.3 
      0.4      15.2      -0.0       5.6 
      0.2      11.9      -0.1       1.6 
     -0.1      10.7      -0.1       0.9 
9209 -0.000000 -0.800000 -0.600000 
 22275.4   9377.2      0.1     28.9      0.0      6.3 
    -0.3     10.1      0.0     13.4  11250.0  12500.0 
     -3.0      31.6       0.6      26.8 
     -0.3      14.6       0.1       6.5 
      0.2      10.8      -0.1       1.7 
      0.0       9.4      -0.1       0.9 
9210 -0.000000 -0.832050 -0.554700 
 24085.4   8928.0      0.1     28.9      0.0      6.3 
    -1.0      6.6      0.0     13.4  12750.0  12750.0 
     -4.6      32.9      -0.4      27.0 
     -0.3      15.0       0.4       6.9 
      0.1      11.7      -0.1       1.3 
     -0.1      10.2      -0.0       0.8 
9211 -0.000000 -0.857493 -0.514496 
 25912.8   8970.0      0.1     28.9      0.0      6.2 
    -1.8      4.9      0.0     13.4  14000.0  14250.0 
     -3.6      33.6       1.2      26.5 
     -0.0      16.0      -0.2       7.0 
      0.0      12.6      -0.0       1.7 
      0.0      11.4      -0.1       1.0 
9212 -0.000000 -0.877896 -0.478852 
 27783.1   8820.6      0.1     28.9     -0.0      6.2 
     0.1     57.7     -0.0     13.4  15750.0  15750.0 
     -4.3      31.5      -0.7      27.1 
     -0.2      15.9      -0.3       8.2 
      0.1      12.4      -0.1       1.8 
      0.0      11.4      -0.1       1.0 
9213 -0.000000 -0.894427 -0.447214 
 29786.7   8697.4      0.1     28.9      0.0      6.2 
     0.1     57.7      0.0     13.3  16500.0  17250.0 
     -4.5      31.0      -0.2      28.0 
     -0.2      15.0       0.0       9.1 
      0.1      11.5      -0.1       2.4 
     -0.1      10.4      -0.0       1.2 
9214 -0.000000 -0.907959 -0.419058 
 31808.1   8546.5      0.1     28.9      0.0      6.2 
     0.1     57.7     -0.0     13.3  17500.0  18750.0 
     -4.8      31.3       1.1      28.8 
     -0.0      15.5      -0.6       9.4 
     -0.1      12.1      -0.1       2.1 
     -0.1      10.8      -0.0       1.1 
9215 -0.000000 -0.919145 -0.393919 
 33917.8   8572.6      0.1     28.9     -0.0      6.1 
     0.1     57.7     -0.0     13.2  19000.0  19500.0 
     -5.0      34.0       1.4      29.2 
     -0.3      16.1      -0.3      11.4 
     -0.0      13.1      -0.1       2.4 
     -0.2      12.0      -0.1       1.1 
9216 -0.000000 -0.928477 -0.371391 
 35941.2   8461.6      0.1     28.9     -0.0      6.2 
     0.1     57.7     -0.0     13.2  20500.0  21000.0 
     -5.9      34.1      -0.1      29.5 
     -0.1      16.2       0.1      12.0 
      0.2      12.8       0.0       2.6 
     -0.2      12.1       0.0       1.1 
9217 -0.000000 -0.936329 -0.351123 
 38121.9   8470.3      0.1     28.9     -0.0      6.1 
     0.1     57.7     -0.0     13.2  22250.0  23000.0 
     -5.1      33.7       0.8      29.6 
     -0.2      15.5      -0.3      13.1 
     -0.1      11.7      -0.0       2.6 
     -0.2      11.0      -0.1       1.2 
9218 -0.000000 -0.942990 -0.332820 
 40024.1   8376.6      0.1     28.9      0.0      6.0 
     0.1     57.7      0.0     13.2  23500.0  23750.0 
     -5.6      30.8       1.0      28.2 
     -0.4      15.4      -0.2      13.0 
      0.0      12.2      -0.1       2.6 
     -0.3      11.0      -0.0       1.2 
9219 -0.000000 -0.948683 -0.316228 
 42165.5   8402.4      0.1     28.9     -0.1      6.1 
     0.1     57.7     -0.1     13.1  25250.0  25500.0 
     -5.0      33.9       0.3      29.7 
     -0.3      16.1       0.1      14.2 
      0.0      13.2      -0.0       4.0 
     -0.2      12.3      -0.0       1.1 
9220 -0.000000 -0.953583 -0.301131 
 44304.2   8423.4      0.1     28.9      0.1      6.0 
     0.1     57.7      0.1     13.1  26750.0  27000.0 
     -6.5      32.9       1.1      30.2 
     -0.3      16.4      -0.5      14.4 
     -0.3      13.0      -0.1       2.9 
     -0.3      12.2      -0.1       1.4 
9221 -0.000000 -0.957826 -0.287348 
 46332.7   8379.1      0.1     28.9     -0.0      6.0 
     0.1     57.7     -0.0     13.1  28500.0  29500.0 
     -5.8      32.8       1.3      30.9 
     -0.1      15.2      -0.3      15.4 
     -0.1      12.1      -0.3       3.1 
     -0.2      11.1      -0.0       2.7 
9222 -0.000000 -0.961524 -0.274721 
 48525.7   8299.3      0.1     28.9      0.0      5.9 
     0.1     57.7      0.0     13.0  30000.0  30250.0 
     -4.7      32.2       1.3      29.8 
     -0.2      15.2       0.3      14.5 
     -0.1      12.5       0.1       3.0 
     -0.4      11.3      -0.0       1.5 
9223 -0.000000 -0.964764 -0.263117 
 50669.5   8322.0      0.1     28.9     -0.0      5.9 
     0.1     57.7     -0.0     13.0  31500.0  31500.0 
     -6.4      33.2      -0.2      31.8 
     -0.5      16.3       0.2      15.2 
     -0.0      13.2      -0.1       3.3 
      0.1      12.6      -0.1       1.4 
9224 -0.000000 -0.967617 -0.252422 
 52871.7   8324.5      0.1     28.9      0.0      5.9 
     0.1     57.7     -0.0     13.0  33000.0  33250.0 
     -5.4      32.9       0.9      31.4 
     -0.4      16.1      -0.7      16.1 
     -0.0      13.0      -0.1       3.4 
     -0.4      12.5      -0.0       1.3 
9225 -0.000000 -0.970142 -0.242536 
 54984.2   8302.5      0.1     28.9     -0.0      5.8 
     0.1     57.7     -0.0     12.9  34500.0  35000.0 
     -6.8      33.1       1.0      32.6 
     -0.2      15.3      -0.4      16.6 
     -0.0      12.0      -0.2       3.6 
     -0.0      11.3      -0.0       1.4 
9226 -0.000000 -0.972387 -0.233373 
 57213.7   8285.4      0.1     28.9     -0.0      6.0 
     0.1     57.7      0.0     12.9  36000.0  36500.0 
     -5.6      33.1       0.3      32.6 
     -0.6      15.6       0.0      16.7 
     -0.2      12.6      -0.0       3.8 
     -0.3      11.5      -0.0       1.6 
9227 -0.000000 -0.974391 -0.224860 
 59359.9   8305.9      0.1     28.9     -0.1      5.8 
     0.1     57.7     -0.0     12.9  36750.0  37750.0 
     -5.6      31.3       1.5      31.9 
     -0.5      16.2       0.0      17.6 
     -0.0      13.7      -0.1       4.0 
     -0.1      12.8      -0.1       1.6 
9228 -0.000000 -0.976187 -0.216930 
 61579.7   8351.9      0.1     28.9     -0.1      5.8 
     0.1     57.7     -0.0     12.9  39250.0  39750.0 
     -5.0      33.8       0.8      32.7 
     -0.5      16.4       0.1      17.2 
     -0.2      13.0      -0.2       4.4 
     -0.1      12.6      -0.0       1.6 
9229 -0.000000 -0.977802 -0.209529 
 63565.5   8331.6      0.1     28.9     -0.0      5.8 
     0.1     57.7     -0.0     12.8  40000.0  41250.0 
     -6.8      32.2       1.8      32.5 
     -0.5      15.6      -0.2      17.5 
     -0.2      12.1      -0.1       4.3 
     -0.5      11.4      -0.1       1.6 
9230 -0.000000 -0.979260 -0.202606 
 65887.1   8335.0      0.1     28.9      0.0      5.8 
     0.1     57.7      0.0     12.8  42250.0  42750.0 
     -5.6      33.7       2.0      32.0 
     -0.5      15.5      -0.0      17.8 
     -0.0      12.6      -0.0       4.3 
     -0.4      11.5       0.0       2.7 
9231 -0.000000 -0.980581 -0.196116 
 68226.1   8325.0      0.1     28.9     -0.0      5.8 
     0.1     57.7     -0.1     12.8  43500.0  44250.0 
     -5.8      32.8      -0.6      32.8 
     -0.4      16.6      -0.2      18.2 
     -0.0      13.4       0.0       4.3 
     -0.3      12.6      -0.1       1.5 
9232 -0.000000 -0.981780 -0.190022 
 70264.2   8419.1      0.1     28.9     -0.1      5.7 
     0.1     57.7     -0.0     12.8  45500.0  46000.0 
     -4.7      31.5       1.1      33.6 
     -0.5      16.3       0.3      18.8 
     -0.1      13.5      -0.1       5.1 
     -0.3      12.7      -0.0       1.5 
9233 -0.000000 -0.982872 -0.184289 
 72355.8   8349.5      0.1     28.9      0.0      5.7 
     0.1     57.7      0.0     12.7  47250.0  47500.0 
     -6.2      33.1       1.2      33.9 
     -0.6      16.0       0.1      19.1 
     -0.1      12.1      -0.1       4.7 
     -0.2      11.9      -0.1       2.9 
9234 -0.000000 -0.983870 -0.178885 
 74664.3   8382.1      0.1     28.9     -0.0      5.8 
     0.1     57.7     -0.0     12.7  48750.0  49000.0 
     -4.8      30.7       2.9      34.6 
     -0.4      15.9      -0.6      19.1 
     -0.2      12.6       0.1       5.4 
     -0.1      11.7      -0.0       1.6 
9235 -0.000000 -0.984784 -0.173785 
 76824.5   8372.8      0.1     28.9     -0.1      5.7 
     0.1     57.7     -0.1     12.7  50250.0  51000.0 
     -5.4      32.2       2.4      34.3 
     -0.4      16.9       0.1      19.3 
     -0.2      13.5      -0.2       5.1 
      0.1      12.6      -0.1       1.9 
9236 -0.000000 -0.985622 -0.168964 
 79115.2   8380.1      0.1     28.9      0.0      5.6 
     0.1     57.7      0.0     12.7  51750.0  53250.0 
     -4.3      35.4       2.0      35.6 
     -0.7      16.5      -0.4      19.4 
     -0.2      13.4      -0.0       5.3 
     -0.2      12.6      -0.0       1.7 
9237 -0.000000 -0.986394 -0.164399 
 81178.7   8363.8      0.1     28.9     -0.0      5.8 
     0.1     57.7     -0.0     12.7  53500.0  54750.0 
     -7.0      34.2       3.3      36.8 
     -0.7      15.4       0.2      19.6 
     -0.1      12.5       0.0       5.4 
     -0.2      11.7      -0.1       1.8 
9238 -0.000000 -0.987105 -0.160071 
 83448.9   8404.8      0.1     28.9     -0.0      5.6 
     0.1     57.7     -0.0     12.6  55250.0  56500.0 
     -5.8      32.1       2.0      36.0 
     -0.8      16.1      -0.4      20.2 
     -0.3      12.6      -0.1       5.9 
     -0.2      11.6      -0.0       1.9 
9239 -0.000000 -0.987763 -0.155963 
 85687.8   8489.3      0.1     28.9      0.0      5.8 
     0.1     57.7      0.0     12.7  56500.0  58000.0 
     -5.5      31.7       3.3      35.3 
     -0.6      16.6      -0.0      20.2 
     -0.1      13.6      -0.2       5.7 
     -0.6      12.8      -0.0       1.9 
9240 -0.000000 -0.988372 -0.152057 
 87806.2   8373.6      0.1     28.9     -0.0      5.6 
     0.1     57.7     -0.0     12.6  58500.0  59750.0 
     -5.7      28.6       0.8      36.8 
     -0.4      16.2      -0.3      19.8 
     -0.2      13.1      -0.2       6.2 
     -0.2      12.8      -0.0       1.8 
9241 -0.000000 -0.988936 -0.148340 
 90103.2   8389.1      0.1     28.9      0.0      5.6 
     0.1     57.7      0.0     12.6  60250.0  61500.0 
     -5.3      30.7       3.1      35.1 
     -0.7      16.1       0.1      20.4 
     -0.2      12.3      -0.1       6.0 
     -0.1      11.9      -0.1       1.8 
9242 -0.000000 -0.989461 -0.144799 
 92309.4   8395.5      0.1     28.9     -0.0      5.7 
     0.1     57.7     -0.0     12.6  61500.0  62750.0 
     -5.8      32.8       1.1      36.5 
     -0.8      16.1       0.1      20.8 
      0.2      12.5      -0.2       6.2 
     -0.3      11.7      -0.0       3.3 
9243 -0.000000 -0.989950 -0.141421 
 94347.3   8401.2      0.1     28.9      0.0      5.6 
     0.1     57.7     -0.0     12.6  63000.0  64500.0 
     -5.5      32.8       3.2      37.1 
     -0.8      16.5      -0.2      20.3 
     -0.3      13.3      -0.2       6.7 
     -0.2      12.8       0.0       2.1 
9244 -0.000000 -0.990405 -0.138196 
 96631.9   8428.2      0.1     28.9      0.0      5.5 
     0.1     57.7      0.0     12.5  65250.0  66250.0 
     -5.1      31.7       1.2      35.7 
     -0.9      16.5       0.2      21.3 
      0.1      13.3      -0.2       6.4 
     -0.4      13.0       0.0       2.1 
9245 -0.000000 -0.990830 -0.135113 
 98931.6   8368.3      0.1     28.9      0.0      5.6 
     0.1     57.7      0.0     12.5  67250.0  68500.0 
     -4.4      33.9       1.8      36.4 
     -0.9      16.0      -0.4      21.1 
     -0.0      12.4      -0.1       7.2 
      0.0      11.8      -0.1       2.2 
9246 -0.000000 -0.991228 -0.132164 
100883.3   8405.6      0.1     28.9     -0.0      5.6 
     0.1     57.7     -0.0     12.5  68500.0  70000.0 
     -6.6      34.6       2.2      36.9 
     -0.4      15.4      -0.3      21.3 
     -0.3      12.4      -0.2       7.0 
     -0.2      11.9       0.0       1.9 
9247 -0.000000 -0.991600 -0.129339 
103254.1   8397.0      0.1     28.9     -0.0      5.5 
     0.1     57.7     -0.0     12.5  69500.0  71000.0 
     -4.3      31.8      -1.5      37.5 
     -0.9      16.9       0.1      21.8 
     -0.2      13.5      -0.0       7.1 
      0.0      12.8       0.0       2.3 
9248 -0.000000 -0.991950 -0.126632 
105390.8   8386.8      0.1     28.9      0.0      5.6 
     0.1     57.7      0.0     12.5  72000.0  73500.0 
     -7.2      35.6      -0.3      36.8 
     -0.9      16.8      -0.0      21.8 
     -0.3      13.3      -0.2       6.9 
     -0.3      13.0      -0.1       2.3 
9249 -0.000000 -0.992278 -0.124035 
107675.2   8400.5      0.1     28.9     -0.0      5.5 
     0.1     57.7     -0.0     12.5  73750.0  75000.0 
     -6.6      33.1       3.5      36.5 
     -0.8      15.6      -0.3      21.7 
     -0.1      12.5       0.0       7.3 
     -0.3      12.1      -0.1       2.2 
9250 -0.000000 -0.992586 -0.121541 
110025.6   8471.0      0.1     28.9      0.0      5.7 
     0.1     57.7      0.0     12.4  75500.0  76750.0 
     -7.0      30.3       2.0      34.3 
     -0.6      16.1      -0.1      21.6 
     -0.2      12.5      -0.1       7.8 
     -0.3      11.8      -0.0       2.2 
9251 -0.000000 -0.992877 -0.119145 
112298.6   8414.0      0.1     28.9      0.0      5.7 
     0.1     57.7     -0.0     12.4  76750.0  78000.0 
     -8.2      35.1       2.0      37.8 
     -0.5      16.9      -0.3      22.2 
     -0.2      13.5      -0.1       7.5 
      0.2      13.1      -0.1       2.2 
9252 -0.000000 -0.993151 -0.116841 
114193.7   8425.2      0.1     28.9     -0.1      5.5 
     0.1     57.7     -0.1     12.4  78250.0  79750.0 
     -5.9      34.1       2.5      37.4 
     -0.9      16.7       0.3      22.0 
     -0.1      13.4       0.1       8.6 
     -0.2      13.0      -0.1       2.2 
9253 -0.000000 -0.993409 -0.114624 
116771.0   8485.7      0.1     28.9     -0.0      5.6 
     0.1     57.7     -0.0     12.4  81250.0  82000.0 
     -5.0      27.2       2.4      37.0 
     -1.0      15.7      -0.2      22.4 
     -0.1      12.1      -0.1       8.4 
     -0.1      11.7      -0.1       2.1 
9254 -0.000000 -0.993653 -0.112489 
118744.8   8423.4      0.1     28.9     -0.0      5.5 
     0.1     57.7     -0.0     12.4  81500.0  83000.0 
     -6.3      30.5       3.3      36.8 
     -1.0      16.4       0.6      22.5 
     -0.1      12.8      -0.1       8.1 
     -0.1      11.9      -0.1       4.5 
9255 -0.000000 -0.993884 -0.110432 
121099.5   8505.6      0.1     28.9     -0.1      5.4 
     0.1     57.7     -0.1     12.4  83250.0  84750.0 
     -3.3      24.7       3.9      37.2 
     -0.8      16.4       0.3      22.2 
     -0.2      13.4       0.1       9.2 
      0.1      13.0      -0.0       2.3 
9256 -0.000000 -0.994102 -0.108448 
123159.0   8438.6      0.1     28.9      0.0      5.4 
     0.1     57.7      0.0     12.4  85250.0  87000.0 
     -7.9      30.4       4.0      37.9 
     -1.0      16.1      -0.3      23.1 
     -0.3      13.4      -0.2       8.4 
      0.1      13.1      -0.1       2.2 
9257 -0.000000 -0.994309 -0.106533 
125363.9   8473.6      0.1     28.9     -0.0      5.4 
     0.1     57.7      0.0     12.3  87250.0  89000.0 
     -4.0      29.2       3.1      37.0 
     -0.9      15.8      -0.0      22.4 
     -0.1      12.3      -0.2       8.3 
     -0.2      12.1      -0.1       2.3 
9258 -0.000000 -0.994505 -0.104685 
127687.6   8463.4      0.1     28.9     -0.0      5.4 
     0.1     57.7     -0.0     12.4  88000.0  89750.0 
     -4.9      30.6       5.2      37.0 
     -0.8      15.7      -0.2      23.1 
     -0.1      12.5      -0.1       8.8 
     -0.1      11.6      -0.1       3.2 
9259 -0.000000 -0.994692 -0.102899 
129932.2   8592.7      0.1     28.9      0.0      5.4 
     0.1     57.7      0.0     12.3  90750.0  92500.0 
     -4.3      26.1       4.4      37.0 
     -0.6      16.1      -0.1      22.7 
     -0.1      13.5      -0.4       8.6 
      0.1      13.2      -0.2       4.1 
9260 0.600000 -0.000000 -0.800000 
 16578.9   3154.0      0.1     28.5    -19.1     33.9 
     0.0     57.3      0.1     14.4   3500.0   5250.0 
     -2.8      48.3       2.3      16.0 
      1.2       9.0      -0.0       5.8 
     -0.1       1.8       0.0       5.1 
     -0.1       0.6      -0.2       5.6 
9261 0.554700 -0.000000 -0.832050 
 15997.0   3419.2     -0.1     28.6    -23.6     19.5 
    -0.1     57.4      0.1     14.4   5250.0   6750.0 
      0.6      46.6       1.9      15.7 
      1.9       8.3      -0.0       5.3 
     -0.0       3.2       0.0       4.7 
     -0.1       0.7      -0.2       5.2 
9262 0.503871 -0.000000 -0.863779 
 15351.9   3743.4     -0.3     28.7      0.1      7.2 
    -0.3     57.4      1.8      7.8   5250.0   5250.0 
     -1.7      43.7       1.6      15.9 
     -0.6      14.4      -0.1       5.2 
      0.1       2.0      -0.1       4.6 
     -0.1       0.5      -0.2       4.7 
9263 0.447214 -0.000000 -0.894427 
 14879.6   4181.3     -0.1     28.6      0.1      7.2 
    -0.1     57.3     -0.5      3.9   5250.0   5250.0 
     -1.7      53.7       2.8      17.1 
     -0.4      10.9      -0.0       4.9 
     -0.6       2.5      -0.0       3.9 
     -0.1       0.5      -0.3       4.4 
9264 0.384615 -0.000000 -0.923077 
 14395.5   4838.6      0.2     28.7      0.1      7.2 
     0.2     57.4     -0.0      2.8   5000.0   5000.0 
      4.3      48.9       1.9      16.4 
     -0.8       7.8      -0.0       4.7 
     -0.2       1.0       0.0       3.9 
     -0.1       0.5      -0.1       4.1 
9265 0.351123 -0.000000 -0.936329 
 14301.8   5219.5     -0.0     28.4      0.1      7.2 
    -0.0     57.3      0.1      2.8   5000.0   5000.0 
     -0.7      50.3       1.8      17.2 
     -0.8       9.2       0.1       4.5 
     -0.1       1.6       0.1       3.5 
     -0.2       0.7      -0.2       3.4 
9266 0.316228 -0.000000 -0.948683 
 14054.5   5705.8      0.4     28.5      0.1      7.2 
     0.4     57.3      0.1      3.6   5000.0   5000.0 
      0.3      47.5       1.0      16.3 
     -0.5       9.3       0.1       4.0 
      0.5       1.2       0.0       3.2 
     -0.1       0.5      -0.1       3.2 
9267 0.280000 -0.000000 -0.960000 
 13905.5   6447.4     -0.0     28.5      0.7      1.1 
    -0.0     57.3      0.1      4.8   5000.0   5000.0 
      3.2      44.1       1.1      16.2 
     -0.8      14.7       0.0       3.9 
      0.2       0.7      -0.1       3.1 
     -0.1       0.5      -0.1       3.2 
9268 0.242536 -0.000000 -0.970142 
 13784.9   7327.7      0.2     28.5      0.2      1.9 
     0.2     57.3      0.0      6.1   4750.0   4750.0 
     -3.0      45.3       1.0      16.2 
      0.7       5.8       0.0       3.8 
     -0.0       1.3      -0.0       3.0 
     -0.1       0.5      -0.1       3.1 
9269 0.203954 -0.000000 -0.978980 
 13685.1   8470.8     -0.5     28.6      0.2      1.8 
    -0.5     57.3      0.1      7.5   4750.0   4750.0 
     -0.1      45.7       0.5      16.2 
      1.5      10.5      -0.0       3.4 
     -0.3       1.1      -0.0       2.6 
     -0.1       0.5      -0.1       2.6 
9270 0.164399 -0.000000 -0.986394 
 13608.8   9473.9      0.3     28.5      0.1      2.2 
     0.3     57.3      0.1      8.9   4750.0   5000.0 
      1.2      49.6       0.7      17.6 
      1.0      12.0       0.0       3.0 
     -0.1       1.0      -0.0       2.0 
     -0.1       0.5      -0.1       1.9 
9271 0.124035 -0.000000 -0.992278 
 13595.0  10286.0      0.1     28.4      0.0      3.3 
     0.1     57.2      0.0     10.3   4750.0   4750.0 
      3.3      45.5       0.7      18.2 
     -0.3       7.3       0.0       2.4 
     -0.3       0.7       0.0       1.6 
     -0.1       0.5      -0.1       1.4 
9272 0.083045 -0.000000 -0.996546 
 13509.6  10843.1     -0.1     28.5     -0.0      4.5 
    -0.1     57.3     -0.0     11.6   3250.0   3250.0 
     -2.3      44.1       0.8      19.1 
      0.8      10.6       0.1       1.9 
     -0.1       0.6       0.0       1.0 
     -0.1       0.5       0.0       0.9 
9273 0.041631 -0.000000 -0.999133 
 13618.5  10939.8     -0.1     28.3     -0.1      5.7 
    -0.1     57.2     -0.1     12.8   1750.0   1750.0 
     -0.5      46.6       0.1      22.0 
     -1.1       8.7      -0.0       2.4 
     -0.7       3.4      -0.0       1.1 
     -0.1       1.0       0.0       0.4 
9274 -0.000000 -0.000000 -1.000000 
 13669.7  11003.9     -0.2     28.0     -0.0      6.3 
    -0.1     57.0     -0.0     13.5   1750.0   1750.0 
      0.7      45.5       0.1      23.7 
     -0.4       9.0      -0.1       3.4 
      0.0       0.7      -0.0       1.0 
     -0.1       0.5      -0.0       1.0 
9275 -0.041631 -0.000000 -0.999133 
 13560.8  10900.0      0.1     28.3      0.1      5.6 
     0.0     57.2      0.1     12.8   1750.0   1750.0 
     -3.6      42.5       0.1      21.0 
      0.3       7.0      -0.0       2.5 
      0.1       0.9      -0.1       0.6 
     -0.1       0.5      -0.1       0.4 
9276 -0.083045 -0.000000 -0.996546 
 13603.5  10779.2     -0.4     28.5      0.1      4.5 
    -0.4     57.2      0.1     11.6   3250.0   3250.0 
     -1.2      45.1      -0.3      21.0 
      0.6       8.4      -0.1       2.0 
     -0.2       0.9      -0.1       1.0 
     -0.0       0.5      -0.1       0.9 
9277 -0.124035 -0.000000 -0.992278 
 13659.4  10378.6      0.2     28.4     -0.0      3.2 
     0.2     57.2     -0.0     10.3   4750.0   4750.0 
     -1.8      48.0      -0.9      18.6 
      0.9       8.7      -0.1       2.3 
     -0.3       1.1      -0.2       1.6 
     -0.1       0.5      -0.0       1.4 
9278 -0.164399 -0.000000 -0.986394 
 13663.0   9457.9      0.0     28.5     -0.1      2.1 
     0.0     57.3     -0.1      8.8   4750.0   5000.0 
     -2.4      42.4      -0.7      16.9 
     -1.2      10.6      -0.1       2.9 
     -0.0       1.4      -0.1       2.0 
     -0.1       0.5       0.0       1.9 
9279 -0.203954 -0.000000 -0.978980 
 13628.2   8448.7      0.2     28.4     -0.1      1.9 
     0.2     57.3     -0.2      7.5   4750.0   4750.0 
      0.1      52.8      -0.8      15.8 
     -0.2       6.7      -0.1       3.4 
      0.1       0.9      -0.1       2.5 
     -0.1       0.5      -0.1       2.5 
9280 -0.242536 -0.000000 -0.970142 
 13798.9   7336.2     -0.2     28.5     -0.0      1.8 
    -0.2     57.3     -0.1      6.1   4750.0   4750.0 
     -1.4      47.3      -0.4      15.4 
     -0.6       5.7      -0.1       3.8 
     -0.1       0.8      -0.1       3.0 
     -0.1       0.5      -0.0       3.0 
9281 -0.280000 -0.000000 -0.960000 
 13874.7   6416.3      0.1     28.6     -0.9      1.8 
     0.1     57.3     -0.1      4.8   5000.0   5000.0 
     -0.6      47.5      -0.6      16.0 
     -2.2      12.0      -0.1       3.9 
     -0.3       1.0      -0.0       3.1 
     -0.1       0.5       0.0       3.2 
9282 -0.316228 -0.000000 -0.948683 
 14066.1   5748.0      0.1     28.5      0.1      7.2 
     0.1     57.3     -0.1      3.6   5000.0   5000.0 
     -0.3      52.6      -0.4      16.6 
     -0.1       9.8      -0.1       4.1 
     -0.0       2.4      -0.0       3.2 
     -0.1       0.5       0.0       3.3 
9283 -0.351123 -0.000000 -0.936329 
 14180.5   5173.5      0.3     28.4      0.1      7.2 
     0.3     57.2     -0.2      2.7   5000.0   5250.0 
      3.4      48.9      -1.1      15.6 
     -0.3      10.1      -0.1       4.2 
     -0.3       1.1      -0.1       3.4 
     -0.1       0.5       0.0       3.4 
9284 -0.384615 -0.000000 -0.923077 
 14348.4   4821.7      0.1     28.5      0.1      7.2 
     0.1     57.3      0.0      2.7   5000.0   5000.0 
      3.2      48.5      -1.3      15.1 
      1.3       9.5      -0.1       4.7 
     -0.1       1.0      -0.1       3.9 
     -0.1       0.5       0.1       4.1 
9285 -0.447214 -0.000000 -0.894427 
 14885.8   4186.1     -0.2     28.6      0.1      7.2 
    -0.2     57.3      0.9      3.8   5250.0   5250.0 
      0.1      51.0      -2.3      15.4 
     -0.8      13.9      -0.1       4.8 
     -1.4       9.2      -0.1       4.0 
     -0.1       0.5       0.2       4.4 
9286 -0.503871 -0.000000 -0.863779 
 15356.3   3772.6      0.1     28.6      0.1      7.2 
     0.1     57.4      0.1     14.4   5250.0   5250.0 
     -0.1      44.1      -1.8      15.4 
     -0.3      10.8      -0.1       5.3 
     -0.3       2.3      -0.1       4.5 
     -0.1       0.5       0.0       4.8 
9287 -0.554700 -0.000000 -0.832050 
 15938.2   3425.7      0.2     28.5    -19.8     23.1 
     0.2     57.3      0.1     14.4   5250.0   5250.0 
      0.2      46.6      -1.8      15.3 
     -1.8      13.3      -0.1       5.3 
     -0.3       1.3      -0.1       4.5 
     -0.0       0.7       0.0       5.2 
9288 -0.600000 -0.000000 -0.800000 
 16499.4   3159.6      0.1     28.6    -18.0     36.6 
     0.1     57.3      0.1     14.4   5000.0   6500.0 
     -0.2      43.2      -1.3      13.4 
     -0.3       8.6      -0.1       5.9 
      0.4       1.4      -0.1       5.1 
     -0.1       0.5       0.1       5.7 
9289 0.468521 -0.624695 -0.624695 
 21152.8   4128.8      0.1     28.9      0.1      7.2 
    -0.3     21.5      0.1     14.4  10000.0  11500.0 
     -3.1      32.8       1.3      16.3 
     -0.3      15.5       0.2       5.5 
     -0.1      11.8      -0.0       4.6 
      0.2      10.9      -0.1       4.6 
9290 0.426401 -0.639602 -0.639602 
 20571.2   4545.0      0.1     28.9      0.1      7.2 
    -0.4     21.6      0.1     14.4  10000.0  11500.0 
     -3.3      32.3       1.3      17.0 
     -0.2      15.1       0.1       5.0 
      0.0      11.5      -0.1       4.1 
      0.0      10.8      -0.1       4.1 
9291 0.381314 -0.653682 -0.653682 
 20173.1   5032.0      0.1     28.9      0.1      7.2 
    -0.2     21.7      0.1     14.4  10000.0  11250.0 
     -3.7      35.0       1.6      17.5 
     -0.1      15.4      -0.0       5.0 
     -0.1      11.8      -0.1       4.0 
      0.0      11.0       0.0       4.1 
9292 0.333333 -0.666667 -0.666667 
 19888.2   5648.9      0.1     28.9      0.1      7.2 
    -0.1     21.7      0.1     14.4   9750.0  10000.0 
     -2.4      32.3       1.4      18.2 
     -0.0      15.6       0.0       4.6 
      0.1      11.9      -0.1       3.5 
      0.1      10.8      -0.1       3.3 
9293 0.282617 -0.678280 -0.678280 
 19607.9   6539.5      0.1     28.9      0.1      7.2 
    -0.2     21.9     -0.1      2.3   9750.0  10000.0 
     -2.8      32.9       1.2      19.6 
     -0.1      15.7       0.0       4.6 
     -0.0      11.8       0.0       3.5 
      0.1      10.8      -0.1       3.4 
9294 0.256307 -0.683486 -0.683486 
 19441.9   7015.6      0.1     28.9      0.1      7.2 
    -0.2     21.9      0.1      2.1   9750.0   9750.0 
     -4.0      33.5       1.0      18.7 
      0.1      15.8      -0.1       4.3 
      0.0      12.2      -0.1       3.2 
     -0.1      10.8      -0.0       2.9 
9295 0.229416 -0.688247 -0.688247 
 19236.2   7757.9      0.1     28.9      0.1      7.2 
    -0.2     21.9      0.1      2.8   9500.0   9750.0 
     -3.4      33.9       1.2      19.3 
      0.2      15.9      -0.0       4.0 
     -0.3      12.1       0.0       2.9 
      0.2      11.0      -0.1       2.6 
9296 0.201988 -0.692532 -0.692532 
 19145.7   8484.6      0.1     28.9      0.1      7.2 
    -0.2     22.0      0.0      4.1   9500.0   9500.0 
     -4.1      32.7       0.7      19.2 
     -0.1      15.6       0.0       4.1 
     -0.0      12.2      -0.1       2.9 
      0.2      11.3      -0.1       2.8 
9297 0.174078 -0.696311 -0.696311 
 19081.7   9213.5      0.1     28.9      0.1      7.2 
    -0.1     22.1      0.0      5.5   9500.0   9500.0 
     -3.7      33.4       1.1      19.5 
     -0.2      15.5      -0.0       4.1 
     -0.0      12.0      -0.1       3.0 
      0.2      11.1      -0.1       2.8 
9298 0.145741 -0.699557 -0.699557 
 19072.7   9804.8      0.1     28.9      0.4      1.7 
    -0.3     22.2     -0.0      6.9   9500.0   9500.0 
     -4.4      33.8       0.4      20.5 
     -0.1      15.7       0.0       3.7 
      0.1      12.2      -0.0       2.5 
     -0.0      11.0      -0.1       2.2 
9299 0.117041 -0.702247 -0.702247 
 19055.4   9994.7      0.1     28.9      0.1      1.6 
    -0.5     22.1     -0.0      8.4   9500.0   9500.0 
     -4.8      36.0       0.8      20.8 
     -0.2      15.6      -0.0       3.5 
      0.1      12.4      -0.0       1.9 
     -0.0      10.9      -0.1       1.7 
9300 0.088045 -0.704361 -0.704361 
 18911.0  10127.4      0.1     28.9     -0.0      2.8 
    -0.4     22.2     -0.1      9.8   9500.0   9500.0 
     -4.3      33.5       0.3      20.9 
      0.0      15.4      -0.0       2.9 
      0.2      12.6      -0.1       1.4 
     -0.1      10.9      -0.0       1.2 
9301 0.058824 -0.705882 -0.705882 
 18892.1  10300.2      0.1     28.9     -0.2      4.1 
    -0.5     22.2     -0.2     11.3   9500.0   9500.0 
     -4.3      33.3       0.4      21.6 
     -0.0      15.2       0.0       2.6 
     -0.0      12.4       0.0       1.0 
     -0.0      10.9       0.0       0.8 
9302 0.029450 -0.706800 -0.706800 
 18837.1  10352.8      0.1     28.9     -0.1      5.4 
    -0.5     22.1     -0.1     12.6   9500.0   9500.0 
     -3.2      33.1       0.8      24.4 
      0.1      15.0      -0.1       4.0 
     -0.1      12.3      -0.1       1.0 
     -0.2      10.8       0.0       0.5 
9303 -0.000000 -0.707107 -0.707107 
 18913.9  10278.5      0.1     28.9      0.0      6.3 
    -0.3     22.1     -0.0     13.5   9500.0   9500.0 
     -3.7      34.4      -0.2      23.9 
     -0.2      15.0      -0.2       4.7 
      0.3      12.5      -0.0       2.0 
     -0.1      10.8      -0.0       0.8 
9304 -0.029450 -0.706800 -0.706800 
 18929.9  10280.6      0.1     28.9      0.2      5.4 
    -0.2     22.2      0.2     12.6   9500.0   9500.0 
     -3.5      33.2       0.9      24.0 
     -0.1      15.3      -0.2       3.6 
      0.4      12.3      -0.0       1.1 
     -0.1      10.9      -0.1       0.5 
9305 -0.058824 -0.705882 -0.705882 
 18957.8  10296.3      0.1     28.9      0.1      4.1 
    -0.7     22.2      0.2     11.2   9500.0   9500.0 
     -4.4      35.2       0.2      22.2 
      0.0      15.2      -0.0       2.8 
     -0.2      12.5      -0.1       1.0 
     -0.0      11.0      -0.1       0.9 
9306 -0.088045 -0.704361 -0.704361 
 18965.0  10055.0      0.1     28.9      0.1      2.7 
    -0.5     22.1      0.1      9.8   9500.0   9500.0 
     -3.9      33.4      -1.1      21.4 
      0.0      15.5      -0.1       2.6 
     -0.3      12.5      -0.1       1.4 
     -0.0      11.0      -0.1       1.3 
9307 -0.117041 -0.702247 -0.702247 
 18969.9   9971.7      0.1     28.9     -0.0      1.6 
    -0.4     22.2      0.0      8.4   9500.0   9500.0 
     -3.9      31.9      -0.5      20.0 
     -0.0      15.3      -0.0       3.2 
     -0.1      12.4      -0.1       1.9 
      0.2      11.0      -0.0       1.7 
9308 -0.145741 -0.699557 -0.699557 
 19005.0   9696.9      0.1     28.9     -0.3      1.6 
    -0.1     22.1      0.0      6.9   9500.0   9500.0 
     -3.6      34.3      -0.1      19.9 
      0.0      15.8      -0.0       3.6 
      0.2      12.2      -0.1       2.5 
      0.0      11.0      -0.0       2.2 
9309 -0.174078 -0.696311 -0.696311 
 19219.5   9144.3      0.1     28.9      0.1      7.2 
     0.0     22.0     -0.0      5.5   8000.0   9500.0 
     -3.5      33.3      -0.4      20.1 
     -0.0      15.8      -0.2       4.2 
      0.1      11.9      -0.1       3.0 
      0.3      11.1      -0.0       2.8 
9310 -0.201988 -0.692532 -0.692532 
 19138.3   8430.4      0.1     28.9      0.1      7.2 
    -0.2     22.1     -0.0      4.1   9500.0   9500.0 
     -3.6      32.9      -0.1      18.4 
     -0.0      15.8      -0.0       4.1 
     -0.0      12.1      -0.0       3.0 
      0.0      11.3      -0.1       2.8 
9311 -0.229416 -0.688247 -0.688247 
 19265.4   7680.0      0.1     28.9      0.1      7.2 
    -0.3     21.9     -0.1      2.8   9500.0   9750.0 
     -4.5      32.1      -0.3      18.9 
      0.1      16.0      -0.1       4.2 
     -0.1      12.1      -0.1       2.9 
      0.1      11.0      -0.0       2.6 
9312 -0.256307 -0.683486 -0.683486 
 19351.0   7025.4      0.1     28.9      0.1      7.2 
    -0.1     21.9     -0.1      2.1   9750.0   9750.0 
     -3.3      34.0      -0.8      17.6 
      0.3      15.9      -0.1       4.4 
     -0.0      12.2      -0.1       3.2 
     -0.0      11.0      -0.1       2.9 
9313 -0.282617 -0.678280 -0.678280 
 19444.1   6553.0      0.1     28.9      0.1      7.2 
    -0.3     21.8      0.1      2.6   9750.0  10000.0 
     -2.6      31.6      -0.3      18.7 
     -0.3      15.8      -0.1       4.5 
      0.1      11.9      -0.0       3.5 
     -0.1      10.9      -0.1       3.4 
9314 -0.333333 -0.666667 -0.666667 
 19941.1   5694.3      0.1     28.9      0.1      7.2 
    -0.2     21.7      0.1     14.4   9750.0  10000.0 
     -4.2      32.3      -1.1      17.8 
      0.2      15.5      -0.1       4.6 
     -0.1      12.0      -0.1       3.4 
      0.1      10.8      -0.1       3.3 
9315 -0.381314 -0.653682 -0.653682 
 20229.2   5048.2      0.1     28.9      0.1      7.2 
    -0.2     21.7      0.1     14.4  10000.0  11250.0 
     -3.9      33.0      -1.2      17.1 
     -0.1      15.7      -0.0       5.0 
      0.2      11.7      -0.0       4.0 
      0.2      10.9      -0.1       4.1 
9316 -0.426401 -0.639602 -0.639602 
 20673.5   4560.8      0.1     28.9      0.1      7.2 
     0.0     21.6      0.1     14.4  10000.0  11500.0 
     -4.4      34.4      -0.8      16.1 
      0.2      15.1       0.0       5.0 
     -0.0      11.7      -0.1       4.0 
      0.1      10.9      -0.0       4.1 
9317 -0.468521 -0.624695 -0.624695 
 21120.7   4135.1      0.1     28.9      0.1      7.2 
    -0.4     21.4      0.1     14.4  10000.0  10250.0 
     -2.8      32.0      -1.8      15.0 
     -0.0      15.4      -0.1       5.4 
     -0.1      11.7      -0.1       4.6 
      0.2      11.0       0.0       4.7 
9318 0.317999 -0.847998 -0.423999 
 31373.6   6110.1      0.1     28.9      0.1      7.2 
     0.1     57.7      0.1     14.4  18000.0  18000.0 
     -4.6      33.0       2.7      19.0 
      0.2      15.1       0.1       5.6 
      0.2      11.4      -0.1       3.8 
     -0.1      10.4      -0.0       3.7 
9319 0.285714 -0.857143 -0.428571 
 30864.7   6617.8      0.1     28.9      0.1      7.2 
     0.1     57.7      0.1     14.4  17750.0  18000.0 
     -5.6      32.8       2.4      19.4 
     -0.1      15.7      -0.0       5.6 
      0.2      11.4      -0.1       3.3 
      0.1      10.4      -0.1       3.1 
9320 0.252426 -0.865462 -0.432731 
 30607.1   6996.5      0.1     28.9      0.1      7.2 
     0.1     57.7      0.1     14.4  17500.0  17500.0 
     -4.8      31.7       1.7      20.4 
     -0.1      15.4       0.0       5.5 
      0.3      11.6      -0.1       3.4 
      0.2      10.6      -0.1       3.2 
9321 0.218218 -0.872872 -0.436436 
 30324.5   7946.2      0.1     28.9      0.1      7.2 
     0.1     57.7      0.1     14.4  16000.0  17250.0 
     -4.9      32.4       1.4      19.8 
      0.1      15.1      -0.1       5.1 
      0.1      11.4      -0.1       2.8 
      0.6      10.7      -0.2       2.7 
9322 0.183186 -0.879292 -0.439646 
 30176.5   8064.3      0.1     28.9      0.1      7.2 
     0.1     57.7      0.1     14.4  17250.0  17500.0 
     -5.7      33.0       1.5      22.1 
     -0.1      15.5       0.1       5.1 
     -0.1      11.8      -0.0       3.2 
      0.1      10.6      -0.1       2.9 
9323 0.165395 -0.882109 -0.441054 
 30058.7   8391.9      0.1     28.9      0.1      7.2 
     0.1     57.7      0.2      1.6  17500.0  17500.0 
     -5.2      32.0       1.1      22.2 
     -0.3      15.8      -0.0       5.2 
     -0.2      11.7      -0.0       2.7 
      0.1      10.3      -0.1       2.4 
9324 0.147442 -0.884652 -0.442326 
 30023.0   8434.3      0.1     28.9      0.1      7.2 
     0.1     57.7     -0.0      2.0  17500.0  17500.0 
     -4.7      34.3       0.9      22.8 
      0.1      15.6      -0.1       5.2 
     -0.1      11.5      -0.0       2.3 
      0.2      10.4      -0.1       2.0 
9325 0.129342 -0.886914 -0.443457 
 29984.5   8501.8      0.1     28.9      0.1      7.2 
     0.1     57.7     -0.1      3.3  17250.0  17500.0 
     -5.1      32.3       0.9      22.8 
     -0.0      15.3      -0.1       4.8 
      0.3      11.2      -0.1       2.6 
      0.0      10.5      -0.0       2.4 
9326 0.111111 -0.888889 -0.444444 
 29812.3   8531.8      0.1     28.9      0.1      7.2 
     0.1     57.7     -0.1      4.8  17250.0  17250.0 
     -5.0      32.5       1.8      22.6 
      0.1      15.1       0.0       5.2 
     -0.1      11.3      -0.0       2.9 
     -0.1      10.3      -0.0       2.7 
9327 0.092768 -0.890570 -0.445285 
 29938.0   8678.8      0.1     28.9      0.1      7.2 
     0.1     57.7     -0.1      6.3  17250.0  17500.0 
     -4.5      33.3       0.7      23.5 
     -0.4      15.8       0.1       5.0 
      0.2      11.4       0.0       2.4 
      0.0      10.3      -0.0       1.9 
9328 0.074329 -0.891953 -0.445976 
 29739.2   8575.6      0.1     28.9     -0.1      1.1 
     0.1     57.7     -0.2      7.8  17250.0  17500.0 
     -4.4      32.3       0.4      24.2 
      0.0      14.7       0.0       4.4 
      0.2      11.6      -0.0       1.6 
     -0.2      10.4      -0.0       1.3 
9329 0.055815 -0.893033 -0.446516 
 29919.9   8675.6      0.1     28.9     -0.2      2.3 
     0.1     57.7     -0.3      9.4  17250.0  17500.0 
     -5.2      33.9       0.6      24.5 
      0.1      15.4      -0.1       5.1 
     -0.1      11.8      -0.1       1.2 
     -0.1      10.3      -0.0       1.0 
9330 0.037242 -0.893807 -0.446903 
 29831.3   8633.4      0.1     28.9     -0.4      3.7 
     0.1     57.7     -0.4     10.9  17250.0  17500.0 
     -4.2      32.1       1.3      25.1 
      0.2      15.5      -0.2       5.5 
     -0.1      11.3      -0.0       1.0 
     -0.0      10.3      -0.0       0.7 
9331 0.018631 -0.894272 -0.447136 
 29888.5   8745.0      0.1     28.9     -0.3      5.1 
     0.1     57.7     -0.3     12.3  17250.0  17500.0 
     -5.5      31.7      -0.2      26.8 
     -0.2      15.4      -0.1       7.6 
      0.0      11.6      -0.1       1.0 
      0.1      10.6      -0.1       0.6 
9332 -0.000000 -0.894427 -0.447214 
 29801.4   8681.2      0.1     28.9      0.1      6.2 
     0.1     57.7      0.1     13.3  16000.0  17250.0 
     -4.3      31.5       1.8      26.6 
     -0.1      15.2      -0.3       9.3 
      0.1      11.4      -0.2       4.0 
     -0.1      10.4      -0.1       1.2 
9333 -0.018631 -0.894272 -0.447136 
 29786.0   8719.2      0.1     28.9      0.3      5.1 
     0.1     57.7      0.3     12.3  17250.0  17500.0 
     -5.5      33.6       0.3      26.8 
     -0.0      15.3      -0.0       7.4 
     -0.0      11.6      -0.0       1.2 
     -0.1      10.5      -0.1       0.5 
9334 -0.037242 -0.893807 -0.446903 
 29800.7   8625.9      0.1     28.9      0.3      3.8 
     0.1     57.7      0.3     10.9  17250.0  17500.0 
     -4.9      32.0      -0.4      25.5 
      0.0      15.3       0.1       5.8 
      0.1      11.6      -0.1       2.3 
     -0.2      10.4      -0.1       0.7 
9335 -0.055815 -0.893033 -0.446516 
 29708.9   8694.0      0.1     28.9      0.3      2.3 
     0.1     57.7      0.3      9.4  17250.0  17250.0 
     -5.7      33.2      -0.4      24.9 
     -0.2      15.0      -0.1       4.7 
     -0.0      11.5      -0.1       1.3 
     -0.0      10.5      -0.1       1.0 
9336 -0.074329 -0.891953 -0.445976 
 29767.2   8574.5      0.1     28.9      0.1      1.1 
     0.1     57.7      0.3      7.8  17250.0  17250.0 
     -4.6      30.5      -0.9      22.2 
     -0.4      15.3      -0.1       4.7 
     -0.0      11.4      -0.0       1.6 
      0.1      10.4      -0.0       1.3 
9337 -0.092768 -0.890570 -0.445285 
 29978.3   8647.7      0.1     28.9      0.1      7.2 
     0.1     57.7      0.2      6.3  17250.0  17500.0 
     -5.3      34.3      -0.4      23.2 
     -0.1      15.3      -0.1       5.1 
      0.1      11.5      -0.1       2.3 
     -0.2      10.4      -0.1       2.0 
9338 -0.111111 -0.888889 -0.444444 
 29895.9   8584.8      0.1     28.9      0.1      7.2 
     0.1     57.7      0.1      4.8  17250.0  17500.0 
     -4.6      32.0      -0.4      23.1 
     -0.0      15.6      -0.2       5.4 
      0.1      11.4      -0.1       3.0 
      0.0      10.2      -0.1       2.6 
9339 -0.129342 -0.886914 -0.443457 
 29931.0   8447.2      0.1     28.9      0.1      7.2 
     0.1     57.7      0.1      3.3  17250.0  17500.0 
     -4.1      33.1      -0.4      21.7 
      0.1      15.1      -0.0       4.9 
     -0.0      11.3      -0.1       2.6 
      0.1      10.4      -0.0       2.4 
9340 -0.147442 -0.884652 -0.442326 
 30086.0   8479.3      0.1     28.9      0.1      7.2 
     0.1     57.7      0.0      2.0  17500.0  17500.0 
     -4.1      33.3       0.4      23.4 
     -0.0      15.7      -0.0       4.8 
     -0.0      11.7      -0.0       2.4 
      0.0      10.4      -0.0       2.0 
9341 -0.165395 -0.882109 -0.441054 
 29978.0   8258.0      0.1     28.9      0.1      7.2 
     0.1     57.7     -0.1      1.6  17500.0  17500.0 
     -3.4      31.0      -0.1      21.7 
     -0.1      15.4      -0.1       4.8 
      0.3      11.7      -0.0       2.7 
     -0.1      10.6      -0.0       2.4 
9342 -0.183186 -0.879292 -0.439646 
 30146.5   8114.9      0.1     28.9      0.1      7.2 
     0.1     57.7      0.1     14.4  17250.0  17500.0 
     -4.8      32.1       0.7      20.9 
     -0.2      15.5      -0.1       5.5 
      0.1      11.6      -0.0       3.1 
      0.1      10.7      -0.0       3.0 
9343 -0.218218 -0.872872 -0.436436 
 30460.1   7986.4      0.1     28.9      0.1      7.2 
     0.1     57.7      0.1     14.4  15750.0  17250.0 
     -3.7      33.0       0.1      21.2 
     -0.2      15.2      -0.2       4.9 
     -0.2      11.4      -0.1       2.8 
      0.3      10.6       0.1       2.7 
9344 -0.252426 -0.865462 -0.432731 
 30593.5   6995.0      0.1     28.9      0.1      7.2 
     0.1     57.7      0.1     14.4  17250.0  17500.0 
     -4.5      31.6      -0.9      19.5 
     -0.3      15.4      -0.1       5.3 
     -0.1      11.6      -0.1       3.4 
      0.1      10.6      -0.1       3.2 
9345 -0.285714 -0.857143 -0.428571 
 30870.6   6664.9      0.1     28.9      0.1      7.2 
     0.1     57.7      0.1     14.4  17750.0  18000.0 
     -4.6      31.2      -1.2      19.4 
     -0.1      15.5      -0.1       5.5 
      0.0      11.5      -0.1       3.3 
      0.1      10.3      -0.0       3.1 
9346 -0.317999 -0.847998 -0.423999 
 31265.1   6117.7      0.1     28.9      0.1      7.2 
     0.1     57.7      0.1     14.4  18000.0  18000.0 
     -4.0      32.9      -0.0      17.8 
     -0.1      15.0      -0.1       5.3 
      0.1      11.4      -0.0       3.8 
      0.1      10.4      -0.0       3.7 
9347 0.178965 -0.954480 -0.238620 
 55584.1   7990.4      0.1     28.9      0.1      7.2 
     0.1     57.7      0.1     14.4  35250.0  36500.0 
     -3.5      31.0       1.7      21.3 
     -0.4      16.0       0.1       7.6 
     -0.1      12.3      -0.0       3.2 
     -0.3      11.3      -0.0       2.8 
9348 0.159617 -0.957704 -0.239426 
 55639.3   8120.6      0.1     28.9      0.1      7.2 
     0.1     57.7      0.1     14.4  35250.0  36500.0 
     -5.5      33.5       2.2      23.4 
     -0.6      15.7       0.1       8.0 
     -0.1      12.3      -0.1       2.6 
      0.0      11.6      -0.1       2.4 
9349 0.140084 -0.960577 -0.240144 
 55399.8   8288.6      0.1     28.9      0.1      7.2 
     0.1     57.7      0.1     14.4  35250.0  36500.0 
     -6.1      29.6       2.0      23.3 
     -0.3      16.0       0.0       8.3 
      0.3      12.2      -0.1       3.0 
     -0.0      11.1      -0.0       2.7 
9350 0.120386 -0.963087 -0.240772 
 55341.8   8234.0      0.1     28.9      0.1      7.2 
     0.1     57.7      0.1     14.4  35000.0  36000.0 
     -5.5      33.2       2.0      25.3 
     -0.5      15.9       0.1       8.5 
     -0.1      12.3      -0.1       2.3 
     -0.2      11.4      -0.0       1.9 
9351 0.100544 -0.965226 -0.241307 
 55026.0   8384.0      0.1     28.9      0.1      7.2 
     0.1     57.7      0.1     14.4  35250.0  36250.0 
     -4.4      31.4       2.9      26.3 
     -0.4      15.4       0.2       9.0 
     -0.1      12.1       0.0       3.0 
     -0.1      11.2      -0.1       2.6 
9352 0.090577 -0.966155 -0.241539 
 55156.8   8327.2      0.1     28.9      0.1      7.2 
     0.1     57.7      0.1     14.4  35250.0  36500.0 
     -6.4      33.9       2.1      27.7 
     -0.5      15.6       0.1       8.8 
     -0.1      12.2       0.0       2.7 
     -0.1      11.4      -0.1       2.6 
9353 0.080582 -0.966988 -0.241747 
 55046.5   8289.1      0.1     28.9      0.1      7.2 
     0.1     57.7     -0.1      1.2  35000.0  36000.0 
     -8.2      36.3       1.4      27.8 
     -0.4      16.0       0.1       8.6 
     -0.1      12.3      -0.1       2.0 
     -0.2      11.3      -0.0       1.5 
9354 0.070563 -0.967724 -0.241931 
 54898.6   8303.4      0.1     28.9      0.1      7.2 
     0.1     57.7     -0.4      2.4  36250.0  36500.0 
     -7.4      35.2       1.9      27.8 
     -0.4      15.7       0.0       9.1 
     -0.0      12.2      -0.0       2.5 
     -0.2      11.0       0.0       2.1 
9355 0.060523 -0.968364 -0.242091 
 55029.6   8361.8      0.1     28.9      0.1      7.2 
     0.1     57.7     -0.4      4.0  36000.0  36250.0 
     -4.7      29.4       1.7      27.9 
     -0.5      15.7       0.1       9.8 
     -0.1      12.3       0.0       3.2 
     -0.3      11.2       0.1       2.8 
9356 0.050464 -0.968906 -0.242227 
 55011.7   8375.8      0.1     28.9      0.1      7.2 
     0.1     57.7     -0.5      5.6  35250.0  36250.0 
     -5.8      33.2       0.1      28.9 
     -0.5      15.9       0.3       9.9 
     -0.2      12.4       0.1       2.8 
     -0.2      11.5       0.0       3.0 
9357 0.040390 -0.969351 -0.242338 
 54980.6   8325.3      0.1     28.9     -0.2      0.6 
     0.1     57.7     -0.5      7.2  36000.0  36250.0 
     -5.4      32.3       2.2      28.9 
     -0.6      15.4      -0.1       9.4 
     -0.1      12.2      -0.1       1.5 
     -0.3      11.1      -0.1       1.0 
9358 0.030303 -0.969697 -0.242424 
 55094.6   8397.6      0.1     28.9     -0.5      1.8 
     0.1     57.7     -0.5      8.8  36000.0  36250.0 
     -5.0      30.5       1.7      30.4 
     -0.4      15.9      -0.1      10.7 
     -0.0      12.4      -0.1       1.9 
     -0.2      11.4      -0.0       1.9 
9359 0.020207 -0.969944 -0.242486 
 55145.8   8347.2      0.1     28.9     -0.5      3.6 
     0.1     57.7     -0.5     10.4  35000.0  36250.0 
     -6.0      31.2       2.0      30.8 
     -0.3      15.7      -0.1      11.8 
      0.0      12.1      -0.1       1.5 
     -0.2      11.1      -0.1       0.7 
9360 0.010105 -0.970093 -0.242523 
 55290.3   8318.9      0.1     28.9     -0.6      4.8 
     0.1     57.7     -0.6     11.9  35000.0  36000.0 
     -4.6      29.7       2.0      31.9 
     -0.6      15.7       0.1      14.4 
     -0.2      12.3      -0.3       2.2 
     -0.4      11.2      -0.1       0.7 
9361 -0.000000 -0.970142 -0.242536 
 55157.7   8341.0      0.1     28.9      0.1      5.9 
     0.1     57.7      0.1     13.0  34500.0  35000.0 
     -5.3      28.9       0.3      31.9 
     -0.3      15.6      -0.4      16.0 
     -0.3      12.1      -0.0       4.1 
     -0.2      11.4      -0.1       2.7 
9362 -0.010105 -0.970093 -0.242523 
 54996.5   8335.7      0.1     28.9      0.6      4.9 
     0.1     57.7      0.6     11.9  35000.0  36250.0 
     -5.1      32.9       0.2      31.1 
     -0.5      15.6      -0.1      14.0 
     -0.1      12.2       0.1       1.9 
     -0.2      11.3       0.0       0.7 
9363 -0.020207 -0.969944 -0.242486 
 55039.7   8283.3      0.1     28.9      0.6      3.3 
     0.1     57.7      0.6     10.4  35000.0  36250.0 
     -4.6      29.9       0.3      30.2 
     -0.0      15.7      -0.0      11.6 
     -0.1      12.4      -0.0       1.7 
     -0.4      11.4      -0.0       0.7 
9364 -0.030303 -0.969697 -0.242424 
 55084.7   8293.0      0.1     28.9      0.6      3.3 
     0.1     57.7      0.5      8.8  35000.0  36250.0 
     -5.6      32.1       1.4      29.2 
     -0.6      15.6      -0.1      10.6 
      0.3      12.3       0.0       1.4 
     -0.3      11.7      -0.1       0.8 
9365 -0.040390 -0.969351 -0.242338 
 55006.8   8356.1      0.1     28.9     -0.2      7.0 
     0.1     57.7      0.5      7.2  35000.0  36250.0 
     -5.4      32.9       1.0      30.5 
     -0.4      15.6      -0.3       9.5 
     -0.2      12.3      -0.0       1.5 
     -0.2      11.4      -0.0       1.0 
9366 -0.050464 -0.968906 -0.242227 
 55170.7   8361.9      0.1     28.9      0.1      7.2 
     0.1     57.7      0.5      5.6  36000.0  36250.0 
     -5.2      32.7       1.0      28.7 
     -0.6      15.7      -0.3       9.7 
      0.1      12.3      -0.1       2.9 
     -0.2      10.9      -0.2       2.4 
9367 -0.060523 -0.968364 -0.242091 
 54971.9   8353.3      0.1     28.9      0.1      7.2 
     0.1     57.7      0.4      4.0  36000.0  36250.0 
     -5.3      34.7       0.6      28.5 
     -0.2      15.5      -0.2       9.2 
     -0.2      12.1      -0.1       3.1 
     -0.3      11.4      -0.1       3.1 
9368 -0.070563 -0.967724 -0.241931 
 55022.6   8321.8      0.1     28.9      0.1      7.2 
     0.1     57.7      0.3      2.4  36000.0  36250.0 
     -4.6      30.8       0.2      27.3 
     -0.4      15.6      -0.3       9.4 
     -0.2      12.3      -0.0       2.5 
      0.1      11.2      -0.1       2.7 
9369 -0.080582 -0.966988 -0.241747 
 55091.7   8281.8      0.1     28.9      0.1      7.2 
     0.1     57.7      0.1      1.1  34750.0  36000.0 
     -5.5      31.3       0.5      27.5 
     -0.1      15.7       0.0       9.2 
      0.0      12.3      -0.0       2.0 
     -0.1      11.3      -0.0       1.5 
9370 -0.090577 -0.966155 -0.241539 
 55223.0   8354.8      0.1     28.9      0.1      7.2 
     0.1     57.7      0.1     14.4  35000.0  36250.0 
     -4.0      32.5       0.2      27.3 
     -0.6      15.8      -0.3       8.5 
      0.0      12.4      -0.1       2.5 
     -0.2      11.3      -0.1       2.0 
9371 -0.100544 -0.965226 -0.241307 
 55193.0   8353.4      0.1     28.9      0.1      7.2 
     0.1     57.7      0.1     14.4  36000.0  36500.0 
     -6.8      34.7       0.2      26.1 
     -0.3      15.9      -0.3       8.9 
     -0.1      12.2      -0.1       3.0 
     -0.1      11.1      -0.0       2.7 
9372 -0.120386 -0.963087 -0.240772 
 55307.7   8262.7      0.1     28.9      0.1      7.2 
     0.1     57.7      0.1     14.4  35000.0  36000.0 
     -6.2      34.5       1.4      25.1 
     -0.4      15.6      -0.2       8.4 
      0.2      12.3       0.0       2.3 
     -0.3      11.2      -0.1       1.9 
9373 -0.140084 -0.960577 -0.240144 
 55176.9   8159.6      0.1     28.9      0.1      7.2 
     0.1     57.7      0.1     14.4  35250.0  36500.0 
     -5.8      30.4       1.0      23.3 
     -0.4      15.6      -0.2       8.1 
     -0.1      12.1      -0.1       3.0 
     -0.3      11.1      -0.1       2.7 
9374 -0.159617 -0.957704 -0.239426 
 55352.1   8135.7      0.1     28.9      0.1      7.2 
     0.1     57.7      0.1     14.4  35250.0  36500.0 
     -5.0      31.1       0.2      22.1 
     -0.7      16.0      -0.3       7.8 
     -0.1      12.3      -0.1       2.8 
      0.1      11.2      -0.0       2.2 
9375 -0.178965 -0.954480 -0.238620 
 55530.1   8022.8      0.1     28.9      0.1      7.2 
     0.1     57.7      0.1     14.4  35250.0  36500.0 
     -4.0      32.5       1.9      21.3 
     -0.2      15.6      -0.2       7.3 
      0.2      12.4      -0.0       3.2 
     -0.4      11.1      -0.1       2.8 
9376 0.092626 -0.988012 -0.123502 
107788.4   8411.0      0.1     28.9      0.1      7.2 
     0.1     57.7      0.1     14.4  76750.0  77250.0 
     -4.6      29.4       4.8      25.7 
     -0.9      16.5       0.4      11.3 
     -0.1      12.4       0.0       3.6 
     -0.1      11.7       0.0       3.5 
9377 0.082409 -0.988903 -0.123613 
107948.6   8431.5      0.1     28.9      0.1      7.2 
     0.1     57.7      0.1     14.4  75250.0  76750.0 
     -5.7      31.2       3.3      27.1 
     -0.7      16.3       0.1      11.5 
     -0.1      12.5      -0.1       2.9 
      0.1      11.8      -0.1       1.6 
9378 0.072165 -0.989691 -0.123711 
107575.1   8396.5      0.1     28.9      0.1      7.2 
     0.1     57.7      0.1     14.4  76000.0  77250.0 
     -5.4      29.8       2.7      27.2 
     -0.6      16.2       0.3      12.0 
     -0.2      12.3      -0.0       3.7 
     -0.2      11.5       0.0       2.8 
9379 0.061898 -0.990375 -0.123797 
107729.3   8416.4      0.1     28.9      0.1      7.2 
     0.1     57.7      0.1     14.4  76000.0  77000.0 
     -4.4      33.1       2.4      29.2 
     -0.6      16.2       0.0      12.3 
     -0.3      12.4      -0.1       2.8 
     -0.0      11.4      -0.0       2.3 
9380 0.051612 -0.990955 -0.123869 
107750.3   8361.2      0.1     28.9      0.1      7.2 
     0.1     57.7      0.1     14.4  76750.0  77250.0 
     -5.5      31.1       1.0      30.8 
     -0.9      16.4       0.2      13.6 
     -0.1      12.6       0.0       4.0 
     -0.2      11.7      -0.0       2.9 
9381 0.046463 -0.991206 -0.123901 
107907.0   8404.9      0.1     28.9      0.1      7.2 
     0.1     57.7      0.1     14.4  75500.0  77250.0 
     -5.8      30.9       2.2      30.8 
     -0.9      15.9       0.3      14.1 
     -0.2      12.3       0.1       3.5 
     -0.2      11.4       0.0       2.8 
9382 0.041310 -0.991431 -0.123929 
107769.3   8436.9      0.1     28.9      0.1      7.2 
     0.1     57.7     -0.3      0.6  75500.0  77000.0 
     -5.0      28.2       5.3      32.3 
     -0.9      15.9       0.1      14.4 
     -0.0      12.5      -0.2       2.9 
     -0.3      11.4      -0.1       2.0 
9383 0.036153 -0.991629 -0.123954 
107433.3   8503.3      0.1     28.9      0.1      7.2 
     0.1     57.7     -0.7      1.8  76750.0  77000.0 
     -5.9      28.3       1.3      31.2 
     -0.7      16.2       0.1      14.3 
     -0.1      12.4      -0.0       2.9 
     -0.0      11.5       0.1       2.0 
9384 0.030994 -0.991801 -0.123975 
107758.2   8499.2      0.1     28.9      0.1      7.2 
     0.1     57.7     -0.7      3.4  75750.0  77000.0 
     -5.4      34.3       3.6      33.4 
     -0.5      16.4       0.1      14.8 
     -0.1      12.6      -0.0       3.9 
      0.1      11.6       0.1       3.0 
9385 0.025832 -0.991947 -0.123993 
107708.6   8398.2      0.1     28.9      0.1      7.2 
     0.1     57.7     -0.7      5.0  76750.0  77250.0 
     -7.3      32.4       1.6      33.2 
     -0.9      16.4       0.4      15.1 
     -0.1      12.4       0.1       4.2 
     -0.1      11.6       0.2       3.2 
9386 0.020668 -0.992066 -0.124008 
107739.7   8344.3      0.1     28.9      0.1      7.2 
     0.1     57.7     -0.7      6.7  76500.0  77250.0 
     -6.0      31.3       1.0      34.7 
     -0.7      16.3       0.1      15.3 
     -0.2      12.3       0.0       3.0 
     -0.2      12.1       0.0       2.1 
9387 0.015502 -0.992159 -0.124020 
107554.1   8416.8      0.1     28.9     -0.8      1.3 
     0.1     57.7     -0.8      8.3  75750.0  77000.0 
     -6.2      29.5       1.4      36.4 
     -0.6      15.9       0.1      16.0 
     -0.3      12.5      -0.2       3.0 
     -0.8      11.2      -0.1       0.9 
9388 0.010336 -0.992225 -0.124028 
107619.4   8415.5      0.1     28.9     -0.8      2.9 
     0.1     57.7     -0.8     10.0  75750.0  77000.0 
     -5.3      31.2       2.6      36.2 
     -0.5      15.9      -0.2      17.7 
     -0.0      12.4      -0.3       3.8 
     -0.4      11.5      -0.2       1.2 
9389 0.005168 -0.992265 -0.124033 
107704.6   8404.5      0.1     28.9     -0.8      4.5 
     0.1     57.7     -0.8     11.5  74750.0  76000.0 
     -3.8      28.5       0.6      36.8 
     -0.8      16.0       0.0      20.1 
     -0.3      12.4      -0.4       4.7 
     -0.2      12.0      -0.2       0.8 
9390 -0.000000 -0.992278 -0.124035 
107643.2   8372.8      0.1     28.9     -0.0      5.5 
     0.1     57.7      0.0     12.5  73750.0  75250.0 
     -5.4      32.1       2.8      36.0 
     -0.6      15.7       0.2      21.6 
     -0.1      12.3      -0.1       7.5 
     -0.0      11.8      -0.1       2.4 
9391 -0.005168 -0.992265 -0.124033 
107840.4   8385.5      0.1     28.9      0.9      4.6 
     0.1     57.7      0.8     11.5  74500.0  76000.0 
     -5.6      33.6       3.8      37.7 
     -0.4      16.4       0.3      20.3 
     -0.2      12.4       0.2       5.4 
     -0.5      11.7       0.1       1.0 
9392 -0.010336 -0.992225 -0.124028 
107676.7   8404.8      0.1     28.9      0.8      3.3 
     0.1     57.7      0.8      9.9  75500.0  77000.0 
     -8.2      33.2       2.8      37.3 
     -0.6      15.8       0.1      17.5 
      0.0      12.6       0.1       3.5 
     -0.3      11.6       0.0       2.5 
9393 -0.015502 -0.992159 -0.124020 
107610.9   8430.5      0.1     28.9      0.7      1.3 
     0.1     57.7      0.8      8.4  75500.0  77000.0 
     -5.1      29.2       1.2      35.3 
     -0.7      16.1      -0.0      16.3 
     -0.0      12.5       0.1       2.9 
     -0.3      11.5      -0.0       2.3 
9394 -0.020668 -0.992066 -0.124008 
107678.7   8419.1      0.1     28.9      0.1      7.2 
     0.1     57.7      0.9      6.7  75500.0  77000.0 
     -6.5      32.4       1.5      34.2 
     -0.7      16.1       0.2      15.3 
     -0.1      12.4      -0.1       2.8 
     -0.1      12.7      -0.1       3.1 
9395 -0.025832 -0.991947 -0.123993 
107812.7   8466.5      0.1     28.9      0.1      7.2 
     0.1     57.7      0.8      5.0  75500.0  77000.0 
     -4.5      31.1       2.0      33.9 
     -0.8      16.3      -0.3      15.3 
      0.1      12.4      -0.3       4.1 
     -0.2      11.7      -0.3       3.3 
9396 -0.030994 -0.991801 -0.123975 
107691.8   8409.1      0.1     28.9      0.1      7.2 
     0.1     57.7      0.6      3.4  76000.0  77000.0 
     -4.7      33.6       1.7      34.5 
     -0.9      15.8      -0.2      14.9 
     -0.0      12.5      -0.2       4.0 
     -0.4      11.7      -0.3       3.1 
9397 -0.036153 -0.991629 -0.123954 
107541.1   8427.1      0.1     28.9      0.1      7.2 
     0.1     57.7      0.7      1.7  76500.0  77250.0 
     -3.4      27.8       2.0      32.5 
     -0.9      16.1      -0.1      14.0 
     -0.2      12.5      -0.1       3.1 
     -0.3      12.2      -0.2       2.1 
9398 -0.041310 -0.991431 -0.123929 
107796.5   8440.4      0.1     28.9      0.1      7.2 
     0.1     57.7      0.2      0.6  75750.0  78000.0 
     -4.9      29.7       3.3      32.6 
     -0.8      16.0      -0.1      14.1 
     -0.1      12.6      -0.0       2.6 
     -0.1      11.4      -0.0       1.1 
9399 -0.046463 -0.991206 -0.123901 
107655.7   8404.7      0.1     28.9      0.1      7.2 
     0.1     57.7      0.1     14.4  76750.0  77250.0 
     -4.5      31.4       2.5      32.1 
     -0.6      16.0      -0.2      14.2 
     -0.2      12.4      -0.3       3.7 
     -0.3      11.1      -0.1       3.0 
9400 -0.051612 -0.990955 -0.123869 
107703.4   8403.6      0.1     28.9      0.1      7.2 
     0.1     57.7      0.1     14.4  76750.0  77250.0 
     -4.2      28.3       1.2      30.3 
     -0.9      16.1      -0.0      13.6 
     -0.3      12.4      -0.2       3.8 
     -0.2      11.6      -0.1       2.9 
9401 -0.061898 -0.990375 -0.123797 
107550.0   8413.8      0.1     28.9      0.1      7.2 
     0.1     57.7      0.1     14.4  76500.0  77250.0 
     -5.0      32.2       0.8      28.4 
     -0.7      15.8      -0.1      12.9 
     -0.1      12.3      -0.1       2.7 
     -0.1      11.4       0.0       1.3 
9402 -0.072165 -0.989691 -0.123711 
107647.5   8408.5      0.1     28.9      0.1      7.2 
     0.1     57.7      0.1     14.4  76750.0  77250.0 
     -4.0      30.8       3.6      26.3 
     -0.5      16.1      -0.1      12.1 
     -0.0      12.6      -0.2       3.7 
     -0.0      11.7      -0.1       4.0 
9403 -0.082409 -0.988903 -0.123613 
107755.7   8522.6      0.1     28.9      0.1      7.2 
     0.1     57.7      0.1     14.4  75750.0  77250.0 
     -4.7      28.9       2.5      27.3 
     -0.6      15.8       0.0      11.4 
     -0.0      12.5      -0.0       2.9 
     -0.1      11.5       0.0       1.5 
9404 -0.092626 -0.988012 -0.123502 
107706.5   8333.3      0.1     28.9      0.1      7.2 
     0.1     57.7      0.1     14.4  76000.0  77250.0 
     -4.8      29.8       2.9      23.6 
     -0.5      15.7      -0.1      10.6 
      0.0      12.5      -0.1       3.4 
     -0.3      11.5      -0.1       2.7 
