Dot1_150x100_prd2012lk:dj0070a@-275V,0.0T@90d,263K,rhe=1.10,rhh=0.7,0.25/0.25 
313 1 0.00 60 5 29 0 250.0000 263.0000 0.5000 1.0000 650.0000 -0.4800 -0.0200 150.0000 100.0000 285.0000 800.0000 -0.2400 -0.010000 1.5000 1.0000 0.8500 
3901 -0.000000 -0.000000 -1.000000 
 26637.8  21636.1      0.1     40.8      0.3     26.6 
     0.2     83.9      0.3     55.2  12915.7  13460.0 
     -0.0      70.7      -3.3      60.7 
      0.6       9.5      -0.3      11.0 
      0.2       2.2      -0.1       2.4 
      0.2       2.0       0.1       1.9 
3902 -0.000000 -0.130455 -0.991454 
 26897.3  22012.7     -0.0     33.7     -0.1     26.6 
     0.1     76.7     -0.1     55.2  12967.3  13626.0 
     -2.5      59.0       1.6      62.8 
     -0.1       5.7      -0.5      11.3 
     -0.1       2.5      -0.1       2.4 
     -0.1       2.2      -0.1       2.0 
3903 -0.000000 -0.254493 -0.967075 
 27570.3  22508.6     -0.3     24.8     -0.2     26.5 
    -0.2     67.7     -0.1     55.3  13418.4  13912.7 
     -6.7      54.0      -3.0      63.2 
     -0.3       8.8       0.3       8.9 
     -0.2       5.5       0.1       2.6 
     -0.2       4.5      -0.0       2.0 
3904 -0.000000 -0.367167 -0.930155 
 28342.2  22417.9     -0.0     15.7      0.0     26.6 
    -0.0     58.0      0.0     55.3  13849.4  14402.9 
     -4.9      48.9      -1.2      63.4 
     -0.5      12.2      -0.5      10.4 
     -0.2       8.1       0.2       2.4 
     -0.2       6.6       0.0       2.7 
3905 -0.000000 -0.465746 -0.884918 
 29808.3  21674.9      0.0      7.2     -0.2     26.5 
     0.2     48.8     -0.2     55.2  14847.7  15342.3 
     -6.1      50.6      -1.8      68.7 
     -0.5      15.6       0.4      13.5 
     -0.3      10.7      -0.0       3.0 
     -0.5       8.8       0.1       2.3 
3906 -0.000000 -0.549617 -0.835417 
 31622.6  20534.3     -4.2      6.3      0.0     26.5 
    -0.1     38.8     -0.0     55.1  15647.5  16296.0 
     -7.3      49.1       1.0      66.0 
     -0.5      18.8       0.1      13.8 
     -0.5      13.6      -0.1       3.2 
     -0.5      12.3      -0.0       2.0 
3907 -0.000000 -0.619644 -0.784883 
 33289.2  18914.4     -0.2     43.3     -0.1     26.6 
    -0.0     28.9     -0.1     55.1  16601.5  17408.8 
     -7.3      50.3      -4.1      66.0 
     -0.4      21.0       0.4      14.7 
     -0.6      15.6       0.2       3.4 
     -0.4      14.1       0.0       2.9 
3908 -0.000000 -0.677476 -0.735545 
 35774.7  17315.9     -0.2     43.3     -0.0     26.3 
    -0.3     19.3     -0.1     55.0  18207.1  18910.4 
     -9.4      53.4      -1.0      65.3 
     -1.2      20.6       0.4      14.6 
     -0.6      14.6      -0.2       4.5 
     -0.5      12.9       0.0       2.2 
3909 -0.000000 -0.724999 -0.688749 
 37976.3  16222.9     -0.2     43.3      0.1     26.4 
    -0.0     10.5      0.2     55.0  19443.4  20349.6 
     -7.8      52.1       0.3      66.9 
     -0.6      19.5      -0.0      14.7 
     -0.5      13.8      -0.1       3.6 
     -0.6      11.7       0.1       2.3 
3910 -0.000000 -0.764030 -0.645181 
 40628.8  15452.7     -0.2     43.3      0.1     26.3 
    -1.4      6.4      0.1     55.0  21152.1  21960.1 
     -9.0      51.8      -1.7      71.1 
     -0.9      21.2      -0.1      16.8 
     -0.7      16.0       0.1       3.1 
     -0.6      14.6      -0.0       2.3 
3911 -0.000000 -0.796162 -0.605083 
 43199.6  14861.3     -0.2     43.3     -0.0     26.3 
    -0.2     86.6      0.0     54.9  22963.8  23673.3 
    -11.0      53.9       0.6      72.0 
     -0.7      22.3       0.1      17.9 
     -0.2      17.4      -0.0       3.9 
     -0.5      16.0      -0.0       2.3 
3912 -0.000000 -0.822730 -0.568432 
 45940.9  14432.3     -0.2     43.3      0.0     26.2 
    -0.2     86.6      0.0     54.8  24874.4  25817.2 
     -7.5      50.5       4.7      71.9 
     -0.6      22.1      -0.3      17.6 
     -0.3      16.0       0.3       4.4 
     -0.8      14.6      -0.1       2.6 
3913 -0.000000 -0.844819 -0.535052 
 48780.7  14181.3     -0.2     43.3      0.0     26.2 
    -0.2     86.6      0.0     54.8  26714.4  27335.2 
    -10.3      51.7       2.7      73.4 
     -0.4      20.5       0.2      20.2 
     -0.6      15.1       0.2       5.2 
     -0.5      13.3      -0.0       2.8 
3914 -0.000000 -0.863297 -0.504697 
 51573.2  13885.2     -0.2     43.3     -0.2     26.1 
    -0.2     86.6     -0.2     54.7  27766.2  29216.7 
    -10.1      51.8       0.4      70.3 
     -0.6      21.2       0.3      19.7 
     -0.6      17.0      -0.2       5.8 
     -0.3      15.7       0.2       2.6 
3915 -0.000000 -0.878853 -0.477092 
 54504.9  13864.1     -0.2     43.3      0.1     26.1 
    -0.2     86.6      0.1     54.7  30368.3  31242.4 
     -9.9      51.2      -3.4      75.3 
     -1.0      22.7      -0.5      22.4 
     -0.6      18.0       0.2       6.9 
     -0.6      16.6       0.0       2.9 
3916 -0.000000 -0.892036 -0.451965 
 57294.8  13512.7     -0.2     43.3     -0.1     26.1 
    -0.2     86.6     -0.1     54.7  32110.0  33053.2 
    -10.2      54.5      -1.8      71.7 
     -0.8      22.0      -0.1      22.7 
     -0.8      16.8      -0.1       6.3 
     -0.5      15.1       0.0       2.8 
3917 -0.000000 -0.903278 -0.429057 
 60506.1  13334.5     -0.2     43.3     -0.0     26.0 
    -0.2     86.6     -0.0     54.6  34444.8  35352.6 
    -10.5      50.0      -1.3      78.9 
     -0.5      21.1       0.7      24.1 
     -0.7      15.4       0.1       6.1 
     -0.3      13.6      -0.1       3.2 
3918 -0.000000 -0.912924 -0.408131 
 63660.0  13224.6     -0.2     43.3     -0.2     26.1 
    -0.2     86.6     -0.1     54.5  36353.8  37382.1 
    -10.3      48.7       2.6      78.1 
     -0.7      22.5       0.3      25.4 
     -0.4      17.2      -0.1       6.6 
     -0.5      16.1      -0.1       4.0 
3919 -0.000000 -0.921250 -0.388972 
 67030.7  13186.1     -0.2     43.3     -0.2     26.0 
    -0.2     86.6     -0.2     54.5  37917.1  39382.1 
     -9.8      52.5       0.3      80.3 
     -0.5      23.1       0.4      28.3 
     -0.5      18.5      -0.2       7.4 
     -0.9      17.5       0.3       3.6 
3920 -0.000000 -0.928477 -0.371391 
 69956.6  13197.1     -0.2     43.3      0.1     26.0 
    -0.2     86.6      0.1     54.4  40154.1  41416.8 
     -9.9      51.6       1.7      80.4 
     -0.8      22.3       0.6      29.0 
     -0.4      17.2      -0.0       9.3 
     -1.0      15.7      -0.2       3.0 
3921 -0.000000 -0.934784 -0.355218 
 73141.4  13065.1     -0.2     43.3      0.1     25.8 
    -0.2     86.6      0.1     54.4  42242.9  43386.7 
    -12.4      53.7      -1.3      80.0 
     -1.1      21.3       0.3      32.6 
     -0.4      16.1      -0.0       8.7 
     -0.3      14.3      -0.0       3.8 
3922 -0.000000 -0.940315 -0.340305 
 76327.2  13029.3     -0.2     43.3      0.3     25.7 
    -0.2     86.6      0.3     54.2  43918.7  45186.1 
    -11.1      55.1       1.3      83.7 
     -1.1      21.9      -0.2      30.0 
     -0.7      17.9      -0.2       7.4 
     -0.7      16.4       0.4       5.0 
3923 -0.000000 -0.945190 -0.326520 
 79123.1  12956.3     -0.2     43.3     -0.1     25.7 
    -0.2     86.6     -0.1     54.2  46228.8  47444.5 
    -11.3      51.6      -2.8      83.7 
     -0.6      23.4      -0.1      30.5 
     -0.5      18.9      -0.1       9.9 
     -0.6      17.7       0.1       4.4 
3924 -0.000000 -0.949506 -0.313750 
 82732.3  13021.3     -0.2     43.3     -0.2     25.7 
    -0.2     86.6     -0.2     54.2  48232.2  49820.0 
     -9.1      51.5      -3.5      86.8 
     -0.9      22.6       0.0      31.8 
     -0.2      17.6       0.3      11.1 
     -0.4      15.9      -0.2       3.7 
3925 -0.000000 -0.953342 -0.301892 
 85759.2  12934.5     -0.2     43.3      0.3     25.7 
    -0.2     86.6      0.2     54.1  50417.8  51896.8 
     -9.3      48.8      -0.4      88.6 
     -0.7      21.3      -0.5      32.3 
     -0.4      16.1       0.1       7.9 
     -0.5      14.5       0.1       3.7 
3926 -0.000000 -0.956767 -0.290857 
 89599.6  12909.7     -0.2     43.3     -0.0     25.7 
    -0.2     86.6     -0.0     54.0  52998.2  54643.4 
    -12.2      51.0       0.3      88.5 
     -0.6      22.1      -0.7      34.8 
     -0.2      17.8       0.1      11.3 
     -0.5      16.8       0.1       4.8 
3927 -0.000000 -0.959834 -0.280567 
 92611.9  12948.5     -0.2     43.3     -0.0     25.7 
    -0.2     86.6      0.0     54.0  54496.1  56463.4 
    -11.6      54.5      -3.7      85.8 
     -0.8      23.5       0.6      35.4 
     -0.4      19.0       0.5       9.8 
     -0.6      17.9       0.1       4.3 
3928 -0.000000 -0.962593 -0.270952 
 95706.7  12842.3     -0.2     43.3      0.0     25.7 
    -0.2     86.6      0.0     54.1  57260.8  58761.7 
    -11.3      53.0      -0.7      93.2 
     -1.1      22.1       0.8      37.1 
     -0.8      17.7       0.3      11.7 
     -0.9      16.4       0.1       4.1 
3929 -0.000000 -0.965081 -0.261951 
 98919.4  12800.8     -0.2     43.3      0.4     25.5 
    -0.2     86.6      0.3     53.9  59053.0  61514.5 
    -11.7      50.5      -0.2      92.6 
     -0.8      21.3      -0.2      35.3 
     -0.3      16.3       0.2      12.0 
     -0.8      14.5       0.0       3.7 
3930 -0.000000 -0.967333 -0.253508 
102189.5  12865.9     -0.2     43.3     -0.2     25.6 
    -0.2     86.6     -0.1     54.0  60513.7  62813.8 
    -12.3      53.9       1.0      94.1 
     -1.0      22.9      -0.6      38.8 
     -0.6      17.8       0.1      12.1 
     -0.8      17.0       0.0       7.0 
3931 -0.000000 -0.969377 -0.245576 
105429.6  12861.3     -0.2     43.3      0.4     25.5 
    -0.2     86.6      0.3     53.9  63688.6  65487.0 
     -9.5      47.1      -1.7      93.0 
     -1.3      24.0      -1.1      39.8 
     -0.6      19.2       0.1      11.5 
     -0.8      17.9       0.2       4.8 
3932 -0.000000 -0.971238 -0.238110 
108723.4  12876.0     -0.2     43.3     -0.0     25.4 
    -0.2     86.6      0.0     53.8  66114.4  67743.1 
    -12.5      51.4      -1.9      93.7 
     -0.9      23.4      -0.2      38.9 
     -0.6      17.7      -0.5      11.9 
     -0.5      16.6       0.3       5.3 
3933 -0.000000 -0.972937 -0.231072 
111919.0  12797.9     -0.2     43.3      0.3     25.6 
    -0.2     86.6      0.4     53.8  67441.7  68892.6 
     -8.1      48.2      -1.5      89.0 
     -1.2      21.9       0.3      39.1 
     -0.3      16.5      -0.3      13.2 
     -0.5      14.9      -0.1       7.4 
3934 -0.000000 -0.974491 -0.224428 
115224.7  12874.4     -0.2     43.3      0.1     25.4 
    -0.2     86.6     -0.0     53.7  70049.8  72204.8 
    -11.0      47.6      -0.7      93.6 
     -0.9      22.8      -0.8      39.9 
     -0.2      18.2       0.3      14.6 
     -0.2      16.7      -0.4       7.1 
3935 -0.000000 -0.975916 -0.218146 
118600.4  12837.5     -0.2     43.3      0.1     25.8 
    -0.2     86.6      0.1     53.7  72508.1  74706.6 
    -10.8      50.2      -5.1      93.2 
     -1.6      23.8       0.6      40.9 
     -0.5      19.1      -0.1      12.8 
     -0.7      18.2      -0.1       8.5 
3936 -0.000000 -0.977227 -0.212198 
121909.3  12917.7     -0.2     43.3     -0.2     25.5 
    -0.2     86.6     -0.2     53.7  75410.2  77631.4 
     -9.8      51.2       0.3      94.9 
     -1.3      22.9      -0.6      41.7 
     -0.4      17.7      -0.1      12.7 
     -0.7      16.8       0.0       6.2 
3937 -0.000000 -0.978434 -0.206558 
125431.7  12933.9     -0.2     43.3      0.2     25.5 
    -0.2     86.6      0.2     53.7  77861.1  79749.0 
    -11.1      48.0       1.6      98.9 
     -1.2      22.0       0.1      43.6 
     -0.4      16.5      -0.6      16.2 
     -0.5      15.0       0.5       6.1 
3938 -0.000000 -0.979549 -0.201205 
128763.8  12824.1     -0.2     43.3     -0.2     25.4 
    -0.2     86.6     -0.2     53.5  79270.5  81300.6 
    -12.8      55.0       2.1      96.1 
     -1.5      23.1       0.9      44.2 
     -0.6      18.2       0.1      15.1 
     -0.5      17.2      -0.2       8.8 
3939 -0.000000 -0.980581 -0.196116 
131875.5  12820.7     -0.2     43.3      0.1     25.4 
    -0.2     86.6      0.1     53.6  81097.0  83600.9 
    -10.1      47.8      -0.9      98.5 
     -1.4      24.1       0.8      44.3 
     -0.7      19.2       0.3      14.5 
     -0.6      18.2       0.6       7.6 
3940 -0.000000 -0.981537 -0.191274 
135363.6  12796.7     -0.2     43.3      0.1     25.3 
    -0.2     86.6     -0.0     53.5  84105.4  85919.1 
    -12.3      54.6       0.5     102.9 
     -1.3      23.1      -1.1      42.2 
     -0.3      18.0      -0.9      17.9 
     -0.7      16.6      -0.0       7.3 
3941 -0.000000 -0.982424 -0.186661 
139090.8  12919.2     -0.2     43.3     -0.1     25.3 
    -0.2     86.6     -0.2     53.5  86145.1  89175.7 
    -12.2      51.6      -1.7     101.4 
     -1.4      22.9       1.0      46.1 
     -0.2      16.7      -0.2      16.4 
     -0.6      15.3      -0.1       8.7 
3942 -0.000000 -0.983250 -0.182261 
141863.8  12882.8     -0.2     43.3      0.1     25.3 
    -0.2     86.6      0.1     53.4  86497.3  89210.6 
    -10.6      51.5      -4.9     108.1 
     -1.2      23.3      -1.8      45.8 
     -0.3      18.3      -0.8      16.4 
     -0.7      17.0       0.1       6.6 
3943 -0.000000 -0.984020 -0.178061 
145093.8  12824.6     -0.2     43.3      0.1     25.2 
    -0.2     86.6     -0.0     53.3  90591.0  93252.3 
    -11.7      51.2      -1.9      97.4 
     -1.5      24.5      -0.6      44.5 
     -0.2      19.1       0.2      17.1 
     -0.4      18.2       0.1       8.3 
3944 -0.000000 -0.984737 -0.174047 
149038.2  12839.1     -0.2     43.3     -0.1     25.3 
    -0.2     86.6     -0.1     53.4  91731.6  95012.0 
    -12.0      53.5       2.2     103.2 
     -1.4      23.7      -0.4      48.1 
     -0.4      17.8       0.2      16.1 
     -0.1      16.9      -0.6       9.5 
3945 -0.000000 -0.985408 -0.170207 
152026.9  12833.2     -0.2     43.3     -0.2     25.2 
    -0.2     86.6     -0.2     53.3  94346.7  97019.4 
    -12.8      54.4      -0.3     104.5 
     -1.6      23.2      -1.6      47.9 
     -0.3      16.5       0.1      18.8 
     -0.6      15.2      -0.3       8.4 
3946 -0.000000 -0.986036 -0.166531 
155244.8  12842.0     -0.2     43.3     -0.0     25.2 
    -0.2     86.6      0.0     53.3  96667.7  99713.5 
    -11.3      49.7       3.6     100.8 
     -1.2      23.3       1.1      48.7 
     -0.4      18.1      -0.4      18.9 
     -0.7      17.2       0.2       8.4 
3947 -0.000000 -0.986625 -0.163008 
158817.5  12824.8     -0.2     43.3      0.1     25.2 
    -0.2     86.6      0.1     53.3 100186.2 102811.6 
    -13.4      53.3      -2.0     108.8 
     -1.5      24.2      -0.3      48.6 
     -0.8      19.1       0.1      19.1 
     -0.4      18.3      -0.1       9.0 
3948 -0.000000 -0.987696 -0.156385 
165257.5  12933.5     -0.2     43.3      0.1     25.0 
    -0.2     86.6     -0.0     53.1 104935.9 107772.9 
    -15.9      55.1       0.4     105.1 
     -1.2      22.6      -0.2      50.8 
     -0.2      16.8      -0.2      20.0 
     -0.2      15.5       0.2       9.6 
3949 -0.000000 -0.988644 -0.150274 
172221.9  13022.7     -0.2     43.3      0.2     25.1 
    -0.2     86.6      0.3     53.0 109653.5 112760.1 
    -10.7      54.2      -0.1     108.9 
     -1.4      24.0       0.4      50.2 
     -0.3      19.2       0.5      20.2 
     -0.5      18.2       0.1      12.0 
3950 -0.000000 -0.989488 -0.144617 
178992.9  12882.0     -0.2     43.3      0.1     25.0 
    -0.2     86.6      0.1     52.9 114717.1 117292.7 
    -13.4      50.6      -5.0     108.2 
     -1.5      24.2       0.7      52.4 
     -0.5      16.5       0.1      20.2 
     -0.5      15.6      -0.5      12.1 
3951 -0.000000 -0.990241 -0.139367 
185675.7  12974.7     -0.2     43.3      0.2     25.0 
    -0.2     86.6      0.2     52.9 117978.0 120699.3 
    -11.5      53.4      -0.1     108.4 
     -1.4      24.3      -0.1      53.5 
     -0.6      19.1      -0.1      21.0 
     -0.7      18.0       0.1      12.4 
3952 -0.000000 -0.990916 -0.134481 
192282.8  12899.5     -0.2     43.3      0.0     25.4 
    -0.2     86.6      0.1     52.8 123091.5 126691.7 
     -9.7      47.2       1.4     109.8 
     -1.2      21.8       0.4      50.1 
     -0.2      16.4       0.2      23.5 
     -0.6      15.6       0.1      12.1 
3953 -0.000000 -0.991524 -0.129924 
199194.0  12878.5     -0.2     43.3      0.2     24.9 
    -0.2     86.6      0.1     52.7 128286.6 132396.0 
    -12.6      48.1       4.7     106.3 
     -1.6      24.2       0.2      53.7 
     -0.4      19.2       0.3      22.8 
     -0.5      18.0       0.2      12.8 
3954 -0.000000 -0.992073 -0.125663 
205643.7  12935.9     -0.2     43.3     -0.3     25.0 
    -0.2     86.6     -0.4     52.8 132535.5 136164.4 
     -7.1      37.7      -3.9     110.2 
     -1.6      22.1      -0.5      54.0 
     -0.2      16.7       0.0      24.0 
     -0.3      15.3       0.4      12.5 
3955 -0.000000 -0.992571 -0.121670 
213042.9  12971.7     -0.2     43.3     -0.2     24.8 
    -0.2     86.6     -0.1     52.6 136928.7 140792.1 
     -9.2      46.7       3.8     118.5 
     -1.6      23.2       0.4      53.7 
     -0.7      19.4       0.6      24.2 
     -0.6      18.6      -0.6      13.7 
3956 -0.000000 -0.993023 -0.117921 
219555.4  12944.2     -0.2     43.3     -0.0     25.1 
    -0.2     86.6     -0.0     52.5 142064.3 145890.4 
     -6.5      42.2       7.6     112.7 
     -1.4      21.3      -0.7      57.2 
     -0.6      16.7      -0.6      24.4 
     -0.5      15.4      -0.3      13.6 
3957 -0.000000 -0.993435 -0.114396 
226231.7  13034.1     -0.2     43.3     -0.1     24.7 
    -0.2     86.6     -0.1     52.5 145408.4 150569.6 
     -5.6      35.3       0.9     121.2 
     -1.1      22.7      -0.3      55.7 
     -0.7      19.5      -0.4      26.6 
     -0.2      18.7       1.1      14.7 
3958 -0.000000 -0.993812 -0.111073 
232906.5  13010.7     -0.2     43.3      0.2     24.5 
    -0.2     86.6      0.1     52.4 151059.5 154132.9 
     -6.8      32.4      -3.6     116.5 
     -1.3      20.7      -1.6      56.8 
     -0.4      16.8       0.2      26.4 
     -0.2      15.5       0.0      16.5 
3959 -0.000000 -0.994158 -0.107937 
239717.9  13013.8     -0.2     43.3      0.2     24.5 
    -0.2     86.6      0.2     52.3 155055.1 159863.7 
     -1.9      34.0       4.8     112.3 
     -0.8      22.1       0.5      57.9 
     -0.7      19.4      -0.3      26.9 
     -0.4      18.7       0.3      14.3 
3960 -0.000000 -0.994475 -0.104972 
246365.6  13013.9     -0.2     43.3      0.1     24.4 
    -0.2     86.6      0.0     52.2 160500.2 164892.2 
     -3.5      26.8       5.2     114.6 
     -0.8      19.8      -0.3      58.3 
     -0.4      16.8      -0.7      28.2 
     -0.7      15.4       0.1      16.7 
3961 0.903278 -0.000000 -0.429057 
 59709.8   8980.1      0.4     40.7     -0.0     28.9 
     0.3     83.5     -0.0     57.7  33933.7  34986.1 
     -4.4      86.2      10.5      43.0 
      0.4      29.7       0.4      15.7 
      0.7       7.0       0.4      12.7 
      0.0       2.1       0.3      11.4 
3962 0.887877 -0.000000 -0.460082 
 55874.5   9173.5      0.2     40.9     -0.0     28.9 
     0.2     83.6     -0.0     57.7  31537.4  32739.2 
     -0.7      83.4       9.9      44.2 
     -0.3      26.5       0.6      17.0 
      0.2       5.9       0.0      14.1 
      0.2       2.2       0.5      13.8 
3963 0.868777 -0.000000 -0.495203 
 51794.7   9179.5     -0.2     40.6     -0.0     28.9 
    -0.1     83.5     -0.0     57.7  29073.7  29830.8 
      1.9      81.0       8.9      44.0 
      1.4      27.4       0.6      15.5 
      0.1       6.3       0.3      12.1 
      0.1       2.3       0.5      11.2 
3964 0.844819 -0.000000 -0.535052 
 48126.6   9434.4      0.1     40.8     -0.0     28.9 
     0.1     83.6     -0.0     57.7  26301.7  27400.6 
     -0.9      76.6       9.4      45.6 
      1.0      22.7       0.4      16.5 
      0.3       5.4       0.5      14.0 
      0.3       2.1       0.3      13.4 
3965 0.814421 -0.000000 -0.580275 
 44436.4   9815.7      0.1     40.9     -0.0     28.9 
     0.1     83.8     -0.0     57.7  24118.1  25028.4 
      0.6      77.3      10.4      46.5 
      0.1      22.0       0.9      15.5 
      0.2       4.5       0.6      12.0 
      0.2       2.0       0.5      10.6 
3966 0.775436 -0.000000 -0.631426 
 40846.8  10216.0      0.0     41.0     -0.0     28.9 
     0.0     83.8     -0.0     57.7  21924.7  22710.5 
      1.2      75.4       8.8      44.8 
      0.1      18.7       0.7      16.3 
      0.3       4.7       0.3      13.3 
      0.1       2.0       0.4      12.6 
3967 0.724999 -0.000000 -0.688749 
 37558.5  10932.8     -0.2     41.0     -0.0     28.9 
    -0.1     83.9     -0.0     57.7  19575.4  20147.6 
      0.8      77.4       8.5      46.7 
      0.3      18.8       0.6      14.9 
      0.2       2.3       0.4      11.0 
      0.3       2.0       0.6       9.7 
3968 0.659438 -0.000000 -0.751759 
 34464.2  11858.2      0.1     41.1     -0.0     28.9 
     0.1     84.0     -0.0     57.7  17765.6  18413.5 
     -0.8      70.7       7.6      45.9 
      0.3      14.2       0.8      15.5 
      0.2       2.7       0.5      11.8 
      0.2       2.0       0.5      11.4 
3969 0.574426 -0.000000 -0.818557 
 31873.9  13631.2     -0.1     41.0     -0.0     28.9 
    -0.1     83.9     -0.0      8.1  15904.5  16672.2 
      4.1      76.9       8.3      45.8 
      0.4      15.0       0.9      13.8 
      0.2       3.0       0.8       9.5 
      0.1       2.0       0.5       8.3 
3970 0.465746 -0.000000 -0.884918 
 29442.4  16541.9      0.2     41.1     -0.0     28.9 
     0.2     84.0      0.1     19.9  14835.4  15315.5 
     -1.6      68.6       5.5      43.5 
     -0.2      10.6       0.7      14.2 
      0.2       2.1       0.6      10.5 
      0.2       2.0       0.6       9.5 
3971 0.331088 -0.000000 -0.943600 
 27958.4  20191.9      0.5     40.9      0.1      4.6 
     0.4     83.9     -0.1     32.6  13617.0  14258.1 
     -0.3      68.3       3.7      44.6 
     -0.7       9.9       0.8      10.8 
      0.2       3.0       0.4       7.2 
      0.3       2.0       0.5       5.9 
3972 0.254493 -0.000000 -0.967075 
 27292.3  21495.5      0.0     41.1     -0.1     10.2 
     0.0     84.1     -0.0     38.8  13275.0  13931.8 
      2.4      66.6       3.5      41.0 
      0.5      12.4       0.7       8.2 
      0.2       2.1       0.2       5.4 
      0.2       2.0       0.4       4.5 
3973 0.172799 -0.000000 -0.984957 
 27036.6  22112.5     -0.2     41.0     -0.3     16.2 
    -0.3     84.0     -0.3     44.9  12907.9  13455.4 
     -3.7      68.1       1.8      48.9 
      0.0      12.7       0.4       6.2 
      0.5       2.5       0.3       3.5 
      0.3       2.0       0.4       3.0 
3974 0.087384 -0.000000 -0.996175 
 26745.5  21766.9     -0.2     40.9     -0.6     22.2 
    -0.2     84.0     -0.5     50.9  13197.0  13603.7 
     -4.3      74.3      -0.2      57.5 
      0.7       9.8       0.4       5.5 
      0.2       2.1       0.3       1.8 
      0.3       2.0       0.3       1.5 
3975 -0.000000 -0.000000 -1.000000 
 26867.9  21802.7      0.1     41.0      0.0     26.6 
     0.1     84.0      0.0     55.3  12944.4  13646.7 
     -1.1      68.6       1.7      61.3 
      0.6       8.5       0.3       9.7 
      0.2       2.4      -0.1       2.5 
      0.2       2.0       0.0       2.0 
3976 -0.087384 -0.000000 -0.996175 
 26712.7  21818.9     -0.2     41.2      0.4     22.0 
    -0.2     84.2      0.4     50.8  12789.9  13324.4 
      3.6      74.1      -4.3      57.2 
     -0.5       9.6      -0.3       5.6 
      0.2       2.3      -0.2       1.8 
      0.3       2.0      -0.2       1.4 
3977 -0.172799 -0.000000 -0.984957 
 26976.2  22151.6     -0.2     40.9      0.3     16.1 
    -0.1     83.9      0.2     44.9  13217.2  13693.7 
      0.5      67.8      -3.4      47.0 
      0.9       9.5      -0.4       5.9 
      0.4       2.4      -0.3       3.6 
      0.1       2.0      -0.4       2.9 
3978 -0.254493 -0.000000 -0.967075 
 27338.3  21595.9      0.2     41.1     -0.0     10.2 
     0.2     84.0     -0.0     39.0  13556.1  14009.3 
     -1.3      69.2      -4.4      46.5 
      0.7      14.4      -0.5       8.2 
      0.4       2.5      -0.3       5.3 
      0.2       2.0      -0.4       4.4 
3979 -0.331088 -0.000000 -0.943600 
 27962.1  20298.9     -0.1     41.0     -0.1      4.6 
    -0.0     83.9      0.0     32.7  13706.4  14276.8 
     -0.2      72.1      -4.1      42.9 
      0.3      15.2      -0.6      10.7 
      0.7       4.6      -0.4       7.2 
      0.2       2.0      -0.5       5.9 
3980 -0.465746 -0.000000 -0.884918 
 29565.1  16683.5      0.0     40.8     -0.0     28.9 
    -0.0     83.9      0.0     19.9  14819.8  15390.2 
     -1.2      69.8      -6.1      44.0 
      0.1       9.8      -0.8      14.3 
      0.1       2.7      -0.5      10.6 
      0.2       2.0      -0.5       9.5 
3981 -0.574426 -0.000000 -0.818557 
 31836.8  13513.2      0.0     41.0     -0.0     28.9 
     0.0     83.9      0.0      8.1  15896.5  16577.1 
      0.5      71.5      -6.4      44.8 
      0.7      15.4      -0.7      13.6 
      0.1       3.1      -0.4       9.6 
      0.2       2.0      -0.6       8.4 
3982 -0.659438 -0.000000 -0.751759 
 34415.9  11888.8     -0.0     41.0     -0.0     28.9 
    -0.0     83.9     -0.0     57.7  17548.6  18325.6 
      1.9      74.6      -7.4      44.5 
     -0.8      15.8      -0.8      15.4 
      0.4       2.3      -0.4      12.1 
      0.3       2.0      -0.5      11.3 
3983 -0.724999 -0.000000 -0.688749 
 37367.4  10953.8     -0.1     40.8     -0.0     28.9 
    -0.1     83.8     -0.0     57.7  19716.7  20435.0 
     -1.4      72.5      -6.8      41.3 
     -0.2      18.2      -0.8      14.5 
      0.3       3.3      -0.4      10.9 
      0.2       2.2      -0.5       9.8 
3984 -0.775436 -0.000000 -0.631426 
 40825.8  10256.5      0.1     40.9     -0.0     28.9 
     0.1     83.8     -0.0     57.7  21895.6  22451.1 
     -0.4      74.3      -7.4      41.3 
      1.8      21.8      -0.3      16.6 
     -0.1       8.0      -0.4      13.1 
      0.2       2.0      -0.3      12.6 
3985 -0.814421 -0.000000 -0.580275 
 44389.0   9743.7      0.2     41.2     -0.0     28.9 
     0.1     83.9     -0.0     57.7  23917.0  24830.1 
      1.0      79.0      -7.1      45.3 
      0.5      20.8      -0.6      15.6 
      0.0       3.5      -0.5      11.6 
      0.1       2.0      -0.6      10.6 
3986 -0.844819 -0.000000 -0.535052 
 47871.6   9454.8      0.3     40.9     -0.0     28.9 
     0.3     83.6     -0.0     57.7  26617.7  27421.0 
      1.3      77.3      -7.7      40.6 
     -0.6      21.4      -0.4      16.9 
      0.5       7.3      -0.4      13.8 
      0.3       2.0      -0.4      13.3 
3987 -0.868777 -0.000000 -0.495203 
 51927.7   9243.7     -0.6     40.7     -0.0     28.9 
    -0.5     83.6     -0.0     57.7  29103.5  29869.6 
      1.9      79.7      -7.9      40.8 
      0.1      23.6      -0.3      15.4 
      0.4       5.8      -0.4      12.2 
      0.2       2.0      -0.8      10.9 
3988 -0.887877 -0.000000 -0.460082 
 55880.9   9106.6      0.2     40.8     -0.0     28.9 
     0.2     83.6     -0.0     57.7  31853.4  32710.2 
     -0.1      81.0      -8.7      41.3 
     -2.9      29.7      -0.8      17.2 
      0.1       7.9      -0.5      14.4 
      0.1       2.4      -0.4      13.8 
3989 -0.903278 -0.000000 -0.429057 
 59870.2   9030.9     -0.2     40.8     -0.0     28.9 
    -0.2     83.5     -0.0     57.7  34194.0  34952.5 
      1.4      81.8      -8.7      37.9 
      0.7      30.7      -0.2      15.8 
     -0.3       7.4      -0.1      12.6 
      0.5       3.2      -0.4      11.4 
3990 0.840060 -0.367526 -0.399028 
 64567.8   9651.5     -0.2     43.3     -0.0     28.9 
     0.1     15.6     -0.0     57.7  37378.5  38228.9 
     -3.4      58.8       9.6      43.0 
      0.1      20.0       0.0      15.9 
     -0.4      13.7       0.4      12.3 
     -0.2      11.8       0.4      11.2 
3991 0.817505 -0.390173 -0.423616 
 60596.0   9901.8     -0.2     43.3     -0.0     28.9 
     0.2     16.1     -0.0     57.7  34495.1  35410.4 
     -6.5      57.1       8.1      45.7 
     -0.5      20.0       0.7      16.7 
     -0.2      13.7       0.1      13.9 
     -0.1      12.1       0.5      13.2 
3992 0.790440 -0.414981 -0.450551 
 57150.7  10187.6     -0.2     43.3     -0.0     28.9 
     0.4     16.2     -0.0     57.7  32169.4  32962.7 
     -5.8      55.7       9.9      44.2 
     -0.6      20.2       0.5      15.6 
      0.0      13.8      -0.0      11.7 
     -0.0      12.1       0.3      10.9 
3993 0.757796 -0.442047 -0.479937 
 53726.5  10597.7     -0.2     43.3     -0.0     28.9 
     0.3     16.7     -0.0     57.7  30109.9  31127.1 
     -5.2      58.9       9.4      47.8 
     -0.4      20.2       0.4      16.4 
     -0.3      13.9       0.4      13.1 
     -0.3      12.4       0.4      12.9 
3994 0.718269 -0.471364 -0.511767 
 50620.0  11185.5     -0.2     43.3     -0.0     28.9 
     0.2     16.9     -0.0     57.7  27619.0  28462.2 
     -6.6      56.2       8.8      48.5 
     -0.2      20.5       0.4      15.4 
     -0.2      14.0       0.4      11.2 
     -0.1      12.3       0.2      10.1 
3995 0.670317 -0.502738 -0.545830 
 47336.0  11791.7     -0.2     43.3     -0.0     28.9 
     0.1     17.4     -0.0     57.7  25878.4  26427.2 
     -7.7      55.2       8.4      48.8 
     -0.4      20.8       0.5      15.9 
     -0.4      14.4       0.6      12.4 
     -0.2      12.7       0.2      11.9 
3996 0.612205 -0.535679 -0.581595 
 44486.2  12870.5     -0.2     43.3     -0.0     28.9 
     0.3     17.9     -0.0     57.7  23920.0  24635.8 
     -6.8      52.5       8.9      47.4 
     -0.6      20.5       0.5      14.2 
     -0.2      14.3       0.3      10.2 
     -0.3      12.7       0.3       9.1 
3997 0.542159 -0.569267 -0.618061 
 41753.8  14375.0     -0.2     43.3     -0.0     28.9 
     0.2     18.2     -0.0     57.7  22127.8  22838.2 
     -6.3      49.5       5.7      45.6 
     -0.8      20.3       0.6      15.2 
     -0.4      14.4       0.4      11.5 
     -0.3      12.9       0.4      10.6 
3998 0.458673 -0.602008 -0.653609 
 39888.6  16473.2     -0.2     43.3     -0.0     28.9 
     0.1     18.6     -0.3      6.7  21084.4  21679.7 
     -6.0      51.4       7.4      51.4 
     -1.0      20.7       0.7      13.2 
     -0.4      14.7       0.5       8.9 
     -0.2      12.9       0.5       7.4 
3999 0.361020 -0.631785 -0.685938 
 38090.7  17801.1     -0.2     43.3     -0.0     28.9 
     0.0     19.0     -0.3     18.8  19809.3  20486.0 
     -8.0      50.4       4.4      48.9 
     -0.2      20.9       0.3      14.6 
     -0.4      14.8       0.4      10.8 
     -0.4      13.0       0.5       9.6 
4000 0.249898 -0.655981 -0.712208 
 36564.3  17717.7     -0.2     43.3     -0.2      3.9 
     0.1     19.2     -0.2     31.7  18996.1  19832.4 
     -8.7      51.2       2.9      46.7 
     -0.7      20.9       0.5      10.5 
     -0.6      14.8       0.4       6.6 
     -0.6      13.1       0.5       5.4 
4001 0.190037 -0.665130 -0.722141 
 36175.5  17608.9     -0.2     43.3     -0.2      9.5 
     0.1     19.3     -0.3     38.1  18645.4  19318.2 
     -6.5      51.5       2.5      50.9 
     -0.8      20.5       0.5       8.4 
     -0.6      14.7       0.4       4.8 
     -0.5      13.1       0.4       4.0 
4002 0.127982 -0.671905 -0.729496 
 35999.2  17481.3     -0.2     43.3     -0.2     15.7 
     0.1     19.3     -0.3     44.4  18533.5  19266.2 
     -8.5      51.6       2.2      54.3 
     -0.8      20.9       0.3       7.1 
     -0.6      14.9       0.2       3.4 
     -0.6      13.0       0.3       2.7 
4003 0.064388 -0.676070 -0.734019 
 35699.6  17287.1     -0.2     43.3     -0.4     21.8 
     0.1     19.2     -0.4     50.5  18106.4  19021.9 
     -7.6      52.5       0.9      60.8 
     -0.7      20.7       0.1       7.3 
     -0.6      14.9       0.1       2.1 
     -0.5      13.0       0.2       1.3 
4004 -0.000000 -0.677476 -0.735545 
 35780.7  17256.7     -0.2     43.3      0.0     26.4 
    -0.0     19.4      0.0     55.1  18132.4  18886.2 
     -7.3      54.1      -1.8      72.0 
     -0.7      20.8       0.4      13.6 
     -0.4      14.9       0.1       3.8 
     -0.5      12.8       0.0       2.2 
4005 -0.064388 -0.676070 -0.734019 
 35588.0  17257.2     -0.2     43.3      0.6     21.8 
    -0.1     19.3      0.6     50.5  18519.3  19041.1 
     -6.0      48.8       1.0      56.8 
     -0.9      20.2      -0.2       7.6 
     -0.3      14.7      -0.1       2.0 
     -0.4      13.0      -0.1       1.4 
4006 -0.127982 -0.671905 -0.729496 
 35881.7  17472.3     -0.2     43.3      0.4     15.7 
    -0.2     19.2      0.4     44.3  18199.2  18834.2 
     -6.4      51.1      -4.2      56.6 
     -1.0      20.9      -0.3       7.2 
     -1.0      14.8      -0.3       3.3 
     -0.8      12.8      -0.2       2.6 
4007 -0.190037 -0.665130 -0.722141 
 36203.3  17571.1     -0.2     43.3      0.4      9.5 
    -0.1     19.3      0.3     38.1  18756.2  19437.4 
     -9.2      52.0      -4.0      47.8 
     -0.9      20.7      -0.5       8.3 
     -0.5      14.8      -0.2       5.0 
     -0.6      13.0      -0.3       4.0 
4008 -0.249898 -0.655981 -0.712208 
 36839.1  17873.4     -0.2     43.3      0.1      3.8 
     0.1     19.1      0.2     31.8  19051.8  19618.4 
     -8.0      52.9      -4.9      48.8 
     -1.1      20.5      -0.5      10.7 
     -0.6      14.9      -0.4       6.6 
     -0.4      12.9      -0.3       5.3 
4009 -0.361020 -0.631785 -0.685938 
 37971.8  17998.5     -0.2     43.3     -0.0     28.9 
     0.3     18.9      0.2     18.8  19573.3  20363.4 
     -5.8      50.9      -5.6      47.9 
     -0.9      20.7      -0.7      14.4 
     -0.3      14.9      -0.4      10.7 
     -0.4      13.1      -0.5       9.5 
4010 -0.458673 -0.602008 -0.653609 
 39674.9  16425.7     -0.2     43.3     -0.0     28.9 
     0.2     18.6      0.4      6.8  21146.7  21743.4 
     -6.2      49.0      -4.8      46.7 
     -0.6      20.6      -0.4      13.1 
     -0.4      14.8      -0.6       8.8 
     -0.5      12.9      -0.4       7.6 
4011 -0.542159 -0.569267 -0.618061 
 41847.3  14395.1     -0.2     43.3     -0.0     28.9 
     0.0     18.2     -0.0     57.7  22505.0  23271.5 
     -6.5      54.7      -6.4      48.3 
     -0.5      20.7      -0.7      15.3 
     -0.1      14.4      -0.3      11.5 
     -0.5      12.7      -0.5      10.7 
4012 -0.612205 -0.535679 -0.581595 
 44731.8  12900.4     -0.2     43.3     -0.0     28.9 
     0.4     17.8     -0.0     57.7  24009.7  24801.0 
     -7.2      51.9      -7.4      46.3 
     -0.4      21.2      -0.6      14.8 
     -0.5      14.6      -0.6      10.3 
     -0.2      12.8      -0.2       9.2 
4013 -0.670317 -0.502738 -0.545830 
 47230.9  11849.6     -0.2     43.3     -0.0     28.9 
     0.2     17.3     -0.0     57.7  25668.8  26600.7 
     -6.6      53.4      -8.1      43.6 
     -0.4      20.4      -0.6      16.0 
     -0.2      14.2      -0.4      12.2 
     -0.4      12.6      -0.3      11.8 
4014 -0.718269 -0.471364 -0.511767 
 50574.3  11149.4     -0.2     43.3     -0.0     28.9 
     0.1     17.0     -0.0     57.7  27740.5  28704.5 
     -5.5      56.6      -7.1      41.6 
     -0.7      20.2      -0.6      15.2 
     -0.2      14.1      -0.3      11.3 
     -0.3      12.4      -0.4      10.2 
4015 -0.757796 -0.442047 -0.479937 
 53641.0  10607.7     -0.2     43.3     -0.0     28.9 
     0.4     16.6     -0.0     57.7  30117.1  31136.9 
     -6.3      56.3      -7.4      44.7 
     -0.6      20.1      -0.9      16.7 
      0.1      14.1       0.0      13.4 
     -0.2      12.2      -0.4      12.7 
4016 -0.790440 -0.414981 -0.450551 
 57254.5  10182.7     -0.2     43.3     -0.0     28.9 
     0.1     16.4     -0.0     57.7  32018.6  32994.1 
     -7.5      58.7      -7.9      41.8 
     -0.2      20.1      -0.5      15.4 
      0.0      13.9      -0.3      11.7 
     -0.3      12.1      -0.3      10.9 
4017 -0.817505 -0.390173 -0.423616 
 60877.8   9896.2     -0.2     43.3     -0.0     28.9 
     0.1     15.8     -0.0     57.7  34516.0  35369.1 
     -7.0      58.1      -7.9      39.1 
     -0.6      20.0      -0.8      17.0 
     -0.4      13.7      -0.4      13.8 
     -0.1      12.0       0.0      13.4 
4018 -0.840060 -0.367526 -0.399028 
 64626.6   9772.0     -0.2     43.3     -0.0     28.9 
     0.2     15.5     -0.0     57.7  36722.9  38100.6 
     -5.1      57.5      -7.7      38.4 
     -0.5      20.1      -0.5      15.8 
     -0.1      13.6      -0.3      12.3 
     -0.1      11.8      -0.1      11.3 
4019 0.708659 -0.620076 -0.336613 
 76567.2  11493.4     -0.2     43.3     -0.0     28.9 
    -0.2     86.6     -0.0     57.7  45018.9  46356.9 
     -9.3      56.6       7.5      44.4 
     -0.7      22.8       0.6      15.7 
     -0.3      17.4       0.2      11.4 
     -0.3      15.7       0.0      10.4 
4020 0.677337 -0.646549 -0.350984 
 73421.8  11955.4     -0.2     43.3     -0.0     28.9 
    -0.2     86.6     -0.0     57.7  42527.0  44058.6 
     -9.2      56.4      10.0      46.4 
     -0.6      22.5       0.8      16.9 
     -0.2      17.2       0.4      12.8 
      0.1      15.8       0.2      12.1 
4021 0.641844 -0.673936 -0.365851 
 70633.1  12520.1     -0.2     43.3     -0.0     28.9 
    -0.2     86.6     -0.0     57.7  41210.0  42521.8 
     -7.3      53.6       9.2      50.3 
      0.1      22.6       0.3      14.9 
     -0.1      17.4       0.2      10.9 
     -0.3      15.6       0.4       9.7 
4022 0.601687 -0.701968 -0.381068 
 67796.0  13139.9     -0.2     43.3     -0.0     28.9 
    -0.2     86.6     -0.0     57.7  39206.2  40452.6 
    -11.0      55.8       9.1      50.0 
     -0.7      23.0       0.9      15.8 
     -0.0      17.4       0.0      12.3 
     -0.2      15.8       0.4      11.4 
4023 0.556388 -0.730259 -0.396426 
 65528.3  13824.7     -0.2     43.3     -0.0     28.9 
    -0.2     86.6     -0.0     57.7  37014.8  38204.3 
     -9.5      55.2       8.4      50.8 
     -0.5      22.9       0.5      14.4 
     -0.5      17.6       0.3      10.1 
     -0.1      16.1       0.3       8.9 
4024 0.505524 -0.758286 -0.411641 
 62820.4  14463.4     -0.2     43.3     -0.0     28.9 
    -0.2     86.6     -0.0     57.7  35865.0  36763.7 
     -9.2      55.2       8.4      52.1 
     -0.8      22.6       0.7      15.7 
     -0.3      17.5       0.3      11.6 
     -0.1      16.1       0.3      10.6 
4025 0.448787 -0.785377 -0.426348 
 60791.8  14804.5     -0.2     43.3     -0.0     28.9 
    -0.2     86.6     -0.0     57.7  34246.5  35402.7 
    -10.6      56.5       9.6      57.4 
     -0.7      23.0       0.6      14.1 
     -0.2      17.8       0.4       9.1 
     -0.7      16.3       0.3       7.8 
4026 0.386057 -0.810720 -0.440105 
 58895.0  14773.4     -0.2     43.3     -0.0     28.9 
    -0.2     86.6     -0.0     57.7  33367.7  34274.8 
    -10.0      54.3       8.4      58.1 
     -0.3      22.8       0.4      15.5 
     -0.2      17.5       0.4      11.1 
     -0.3      16.3       0.4      10.0 
4027 0.317480 -0.833386 -0.452409 
 57247.0  14366.2     -0.2     43.3     -0.0     28.9 
    -0.2     86.6     -0.1      4.8  32246.4  33203.5 
    -10.9      53.7       8.2      58.4 
     -0.8      23.2       0.7      12.9 
     -0.2      18.1       0.4       7.8 
     -0.3      16.5       0.4       6.5 
4028 0.243541 -0.852392 -0.462727 
 56128.1  14122.7     -0.2     43.3     -0.0     28.9 
    -0.2     86.6     -0.4     17.3  31700.9  32369.6 
     -8.6      51.3       8.4      60.6 
     -0.3      22.7       0.2      15.2 
     -0.4      18.0       0.4      10.9 
     -0.5      16.8       0.6       9.9 
4029 0.165103 -0.866792 -0.470544 
 55318.3  13907.9     -0.2     43.3     -0.4      2.6 
    -0.2     86.6     -0.3     30.6  30754.1  31612.3 
    -10.0      51.6       5.9      62.8 
     -0.5      22.7       0.3      11.1 
     -0.6      17.7       0.3       5.8 
     -0.7      16.5       0.3       4.5 
4030 0.124573 -0.872008 -0.473376 
 54736.7  13847.8     -0.2     43.3     -0.7      8.6 
    -0.2     86.6     -0.5     37.3  30318.0  31382.6 
    -12.5      55.6       2.3      62.2 
     -0.8      23.0       0.4       9.3 
     -0.3      17.8       0.1       4.2 
     -0.6      16.8       0.2       3.4 
4031 0.083409 -0.875791 -0.475429 
 54799.4  13811.3     -0.2     43.3     -0.7     15.0 
    -0.2     86.6     -0.8     43.7  30091.5  31249.6 
     -9.4      52.0       2.8      67.0 
     -1.1      23.0       0.3       9.9 
     -0.4      18.0       0.1       3.1 
     -0.7      16.7       0.2       2.3 
4032 0.041814 -0.878085 -0.476675 
 54382.7  13664.3     -0.2     43.3     -0.9     21.4 
    -0.2     86.6     -0.9     50.0  30057.6  31152.4 
    -10.1      52.6      -1.0      67.5 
     -0.6      22.6       0.2      14.0 
     -0.6      17.8       0.1       2.5 
     -0.4      16.9       0.1       1.2 
4033 -0.000000 -0.878853 -0.477092 
 54678.7  13664.3     -0.2     43.3      0.0     25.9 
    -0.2     86.6      0.0     54.5  29834.3  30940.8 
     -9.7      53.4       1.2      76.0 
     -0.6      22.7      -0.6      20.8 
     -0.4      18.1       0.3       5.5 
     -0.4      16.6       0.1       2.6 
4034 -0.041814 -0.878085 -0.476675 
 54666.4  13663.9     -0.2     43.3      1.2     21.4 
    -0.2     86.6      1.2     50.1  30775.5  31388.3 
     -9.8      52.1      -0.8      69.3 
     -0.7      22.8      -0.2      14.4 
     -0.3      18.1      -0.1       3.2 
     -0.6      16.7      -0.1       1.4 
4035 -0.083409 -0.875791 -0.475429 
 54676.4  13756.4     -0.2     43.3      0.5     14.9 
    -0.2     86.6      0.7     43.5  30529.8  31419.1 
    -10.0      51.3      -1.6      64.3 
     -0.4      23.3       0.2      10.3 
     -0.4      18.0      -0.2       3.1 
     -0.6      16.7      -0.2       2.3 
4036 -0.124573 -0.872008 -0.473376 
 54845.2  13821.8     -0.2     43.3      0.4      8.5 
    -0.2     86.6      0.7     37.1  30269.9  31202.2 
    -10.0      52.0      -2.1      57.1 
     -0.3      22.8      -0.3      10.1 
     -0.9      17.9      -0.2       4.4 
     -0.5      16.6      -0.2       3.4 
4037 -0.165103 -0.866792 -0.470544 
 55283.1  13807.3     -0.2     43.3      0.3      2.5 
    -0.2     86.6      0.4     30.6  30307.9  31730.5 
    -10.7      54.1      -5.2      60.4 
     -0.8      22.9      -0.3      11.1 
     -0.2      18.3      -0.3       5.8 
     -0.6      16.8      -0.4       4.6 
4038 -0.243541 -0.852392 -0.462727 
 56028.5  14095.5     -0.2     43.3     -0.0     28.9 
    -0.2     86.6      0.6     17.3  31134.9  32268.3 
     -9.2      51.6      -4.6      60.0 
     -0.4      22.6      -0.5      15.0 
     -0.5      17.7      -0.4      11.0 
     -0.2      16.7      -0.3       9.9 
4039 -0.317480 -0.833386 -0.452409 
 57343.8  14505.5     -0.2     43.3     -0.0     28.9 
    -0.2     86.6      0.4      4.8  31802.3  32884.0 
    -11.5      54.2      -5.4      56.5 
     -0.6      22.8      -0.6      12.7 
     -0.1      17.7      -0.3       7.8 
     -0.5      16.5      -0.4       6.4 
4040 -0.386057 -0.810720 -0.440105 
 59025.3  14723.0     -0.2     43.3     -0.0     28.9 
    -0.2     86.6     -0.0     57.7  33793.7  34557.3 
     -9.8      52.5      -6.8      55.3 
     -0.7      22.9      -0.4      15.8 
     -0.5      17.9      -0.3      11.3 
     -0.3      16.3      -0.5       9.9 
4041 -0.448787 -0.785377 -0.426348 
 60972.8  14767.7     -0.2     43.3     -0.0     28.9 
    -0.2     86.6     -0.0     57.7  34281.3  35293.8 
    -11.1      52.3      -7.4      53.8 
     -0.1      23.0      -0.5      14.2 
     -0.3      17.5      -0.2       9.1 
     -0.3      16.2      -0.3       7.8 
4042 -0.505524 -0.758286 -0.411641 
 62772.7  14686.3     -0.2     43.3     -0.0     28.9 
    -0.2     86.6     -0.0     57.7  35291.1  36722.2 
     -7.1      51.4      -5.9      47.9 
     -0.4      22.5      -0.2      15.6 
      0.1      17.6      -0.0      11.7 
     -0.2      16.0      -0.3      10.6 
4043 -0.556388 -0.730259 -0.396426 
 65362.5  13915.4     -0.2     43.3     -0.0     28.9 
    -0.2     86.6     -0.0     57.7  37563.9  38559.6 
    -10.3      57.3      -9.1      48.8 
     -0.6      22.7      -0.4      13.9 
     -0.1      17.7      -0.2      10.1 
     -0.3      16.0      -0.3       8.8 
4044 -0.601687 -0.701968 -0.381068 
 67818.8  13232.5     -0.2     43.3     -0.0     28.9 
    -0.2     86.6     -0.0     57.7  38996.4  40136.7 
    -10.7      56.4      -8.7      47.4 
     -0.3      22.5      -0.3      15.9 
      0.0      17.2      -0.1      12.2 
      0.0      15.8      -0.0      11.3 
4045 -0.641844 -0.673936 -0.365851 
 70365.1  12417.2     -0.2     43.3     -0.0     28.9 
    -0.2     86.6     -0.0     57.7  40472.8  41916.6 
     -7.4      53.8      -6.6      42.4 
     -0.7      23.0      -0.4      14.9 
     -0.5      17.3      -0.3      10.8 
     -0.4      15.8      -0.4       9.8 
4046 -0.677337 -0.646549 -0.350984 
 73460.4  11915.1     -0.2     43.3     -0.0     28.9 
    -0.2     86.6     -0.0     57.7  42858.5  44023.7 
     -7.1      53.1      -9.5      44.5 
     -0.6      22.7      -0.7      16.7 
     -0.1      17.1      -0.3      12.8 
     -0.2      15.7      -0.2      12.1 
4047 -0.708659 -0.620076 -0.336613 
 76720.0  11521.0     -0.2     43.3     -0.0     28.9 
    -0.2     86.6     -0.0     57.7  44772.1  46175.0 
     -8.4      54.7      -7.8      40.4 
     -0.5      22.8      -0.5      15.3 
      0.0      17.2      -0.1      11.3 
      0.1      15.6      -0.1      10.4 
4048 0.482910 -0.845093 -0.229382 
112906.9  14211.0     -0.2     43.3     -0.0     28.9 
    -0.2     86.6     -0.0     57.7  69476.2  71101.7 
     -9.4      50.3       9.6      53.9 
     -0.6      21.1       0.9      17.0 
     -0.1      15.7       0.1       9.6 
     -0.2      14.0       0.2       8.6 
4049 0.451149 -0.861285 -0.233777 
110856.3  14069.3     -0.2     43.3     -0.0     28.9 
    -0.2     86.6     -0.0     57.7  66209.2  68812.2 
     -9.6      54.7      10.5      55.4 
     -0.5      21.5       0.7      17.6 
      0.2      15.9       0.0      11.9 
      0.1      14.3       0.2      10.5 
4050 0.417577 -0.876913 -0.238019 
109071.2  14037.1     -0.2     43.3     -0.0     28.9 
    -0.2     86.6     -0.0     57.7  65652.7  67409.0 
    -11.9      54.1      11.8      58.4 
     -1.0      22.3       0.9      15.8 
     -0.1      16.1       0.3       9.4 
     -0.1      14.3       0.2       8.0 
4051 0.382204 -0.891810 -0.242063 
107010.9  13824.8     -0.2     43.3     -0.0     28.9 
    -0.2     86.6     -0.0     57.7  64693.7  66901.1 
    -12.9      53.9      13.6      59.8 
     -0.8      21.6       0.8      17.4 
      0.1      15.8       0.3      11.5 
     -0.2      14.3       0.3      10.3 
4052 0.345068 -0.905804 -0.245861 
105366.2  13713.8     -0.2     43.3     -0.0     28.9 
    -0.2     86.6     -0.0     57.7  63930.0  65382.4 
     -8.9      48.5       8.3      66.6 
     -0.8      22.2       0.6      16.0 
     -0.0      16.2       0.2       8.5 
     -0.2      14.5       0.3       7.1 
4053 0.306238 -0.918714 -0.249365 
103703.8  13509.2     -0.2     43.3     -0.0     28.9 
    -0.2     86.6     -0.0     57.7  62093.1  64312.1 
    -11.4      51.2      11.1      67.7 
     -0.7      21.7       0.8      17.2 
     -0.3      16.2       0.4      11.2 
     -0.2      14.5       0.4      10.1 
4054 0.265817 -0.930361 -0.252527 
102747.8  13379.8     -0.2     43.3     -0.0     28.9 
    -0.2     86.6     -0.0     57.7  61850.9  63512.2 
    -13.6      53.7       8.0      66.2 
     -0.5      21.5       0.8      16.0 
     -0.4      16.3       0.3       7.7 
     -0.1      14.7       0.2       6.3 
4055 0.223945 -0.940570 -0.255298 
101318.9  13168.2     -0.2     43.3     -0.0     28.9 
    -0.2     86.6     -0.0     57.7  60484.5  62625.6 
    -11.6      52.3       6.0      71.4 
     -1.0      22.1       0.6      18.9 
     -0.3      16.6       0.5      11.4 
     -0.5      14.7       0.5      10.1 
4056 0.180796 -0.949177 -0.257634 
100614.2  13075.2     -0.2     43.3     -0.0     28.9 
    -0.2     86.6     -0.4      2.8  60454.5  61933.9 
    -12.0      55.0       6.6      77.7 
     -0.9      22.1       0.7      16.4 
     -0.2      16.0       0.1       6.7 
     -0.6      14.5       0.3       5.2 
4057 0.136577 -0.956038 -0.259496 
 99924.2  12912.2     -0.2     43.3     -0.0     28.9 
    -0.2     86.6     -0.5     15.8  60365.8  61549.2 
    -13.0      53.3       7.6      76.2 
     -1.2      22.3       0.6      18.4 
     -0.5      16.1       0.4      11.4 
     -0.2      14.9       0.5      10.6 
4058 0.091527 -0.961030 -0.260851 
 99126.5  12857.1     -0.2     43.3     -1.3     22.2 
    -0.2     86.6     -0.8     29.3  59363.7  61004.1 
    -10.8      51.2       5.3      78.5 
     -0.9      21.6       0.1      15.2 
     -0.1      16.4       0.2       5.1 
     -0.4      14.8       0.2       3.8 
4059 0.068771 -0.962796 -0.261330 
 98918.1  12831.5     -0.2     43.3     -0.9      7.6 
    -0.2     86.6     -0.8     36.2  59253.8  61009.1 
     -8.6      49.0       3.0      79.8 
     -1.0      21.0       0.0      16.1 
     -0.4      16.3       0.2       4.1 
     -0.5      14.8       0.2       2.8 
4060 0.045908 -0.964064 -0.261674 
 99012.9  12834.5     -0.2     43.3     -1.1     14.3 
    -0.2     86.6     -1.1     42.9  59719.9  61619.4 
    -12.2      48.0      -0.5      79.8 
     -1.0      21.3       0.4      20.1 
     -0.2      16.3       0.1       4.0 
     -0.3      14.7       0.2       2.3 
4061 0.022972 -0.964827 -0.261882 
 99006.0  12895.1     -0.2     43.3     -1.2     20.8 
    -0.2     86.6     -1.2     49.3  59409.9  61069.5 
    -10.5      52.0      -5.9      85.1 
     -1.0      21.4       0.5      27.4 
     -0.5      16.5      -0.2       5.7 
     -0.9      14.7      -0.1       2.5 
4062 -0.000000 -0.965081 -0.261951 
 98890.2  12826.7     -0.2     43.3     -0.1     25.7 
    -0.2     86.6     -0.1     54.0  58679.8  60548.1 
    -11.5      48.5      -1.5      86.3 
     -0.8      21.4       0.2      37.7 
     -0.3      16.5      -0.1      10.9 
     -0.5      14.8      -0.1       5.9 
4063 -0.022972 -0.964827 -0.261882 
 98744.0  12850.7     -0.2     43.3      1.4     20.8 
    -0.2     86.6      1.4     49.3  58980.3  60940.6 
     -9.9      52.9       0.9      87.0 
     -0.9      22.0      -0.9      27.3 
     -0.5      16.4      -0.0       6.2 
     -0.4      14.8       0.1       2.4 
4064 -0.045908 -0.964064 -0.261674 
 98727.1  12836.3     -0.2     43.3      1.1     14.3 
    -0.2     86.6      1.2     42.9  59113.8  61154.9 
     -8.4      47.9      -3.8      79.7 
     -0.6      21.7       0.1      20.1 
     -0.6      16.4       0.0       4.0 
     -0.4      15.0      -0.1       2.0 
4065 -0.068771 -0.962796 -0.261330 
 98996.5  12881.5     -0.2     43.3      1.0      7.6 
    -0.2     86.6      0.9     36.2  60082.7  61510.2 
    -11.4      51.4       0.4      79.7 
     -1.1      21.9       0.0      16.6 
     -0.4      16.5      -0.2       4.5 
     -0.5      14.6      -0.1       2.8 
4066 -0.091527 -0.961030 -0.260851 
 99512.8  13051.5     -0.2     43.3      0.4      1.4 
    -0.2     86.6      0.7     29.6  59908.8  61865.3 
    -13.5      54.6      -7.7      81.7 
     -1.1      21.9      -0.6      15.5 
     -0.3      16.3      -0.2       5.2 
     -0.1      14.8      -0.2       3.7 
4067 -0.136577 -0.956038 -0.259496 
 99861.3  12986.5     -0.2     43.3     -0.0     28.9 
    -0.2     86.6      0.6     15.9  59022.2  61175.8 
    -11.7      50.9      -2.6      74.6 
     -0.9      21.5      -0.4      18.5 
     -0.4      16.9      -0.5      11.6 
     -0.5      14.9      -0.3      10.6 
4068 -0.180796 -0.949177 -0.257634 
100472.9  13082.1     -0.2     43.3     -0.0     28.9 
    -0.2     86.6      0.5      2.8  60472.5  62585.5 
    -12.6      52.9      -3.5      75.2 
     -0.9      21.4      -0.5      15.8 
     -0.6      16.7      -0.2       6.8 
     -0.5      14.6      -0.3       5.2 
4069 -0.223945 -0.940570 -0.255298 
101640.1  13193.9     -0.2     43.3     -0.0     28.9 
    -0.2     86.6     -0.0     57.7  61262.3  62724.6 
    -12.6      50.5      -6.3      72.0 
     -1.0      22.0      -0.8      18.5 
     -0.2      16.2      -0.6      11.3 
     -0.8      14.6      -0.5      10.3 
4070 -0.265817 -0.930361 -0.252527 
102493.9  13437.5     -0.2     43.3     -0.0     28.9 
    -0.2     86.6     -0.0     57.7  61928.0  63649.6 
    -14.1      53.4     -10.2      68.1 
     -1.1      21.4      -0.8      16.0 
     -0.4      16.5      -0.3       7.8 
     -0.2      14.7      -0.2       6.3 
4071 -0.306238 -0.918714 -0.249365 
104083.7  13599.4     -0.2     43.3     -0.0     28.9 
    -0.2     86.6     -0.0     57.7  62419.4  64646.5 
    -11.2      52.0      -7.0      65.3 
     -1.3      22.0      -1.0      18.1 
     -0.2      16.1      -0.3      11.3 
     -0.4      14.5      -0.2      10.2 
4072 -0.345068 -0.905804 -0.245861 
105235.3  13700.3     -0.2     43.3     -0.0     28.9 
    -0.2     86.6     -0.0     57.7  63505.0  65876.8 
    -11.9      53.0      -5.3      60.0 
     -1.0      21.6      -0.6      16.1 
     -0.1      16.0      -0.1       8.4 
     -0.1      14.6      -0.3       7.2 
4073 -0.382204 -0.891810 -0.242063 
106885.4  13825.2     -0.2     43.3     -0.0     28.9 
    -0.2     86.6     -0.0     57.7  65966.1  66906.1 
     -9.3      49.9      -7.7      56.5 
     -0.9      22.5      -0.6      17.4 
     -0.2      15.9      -0.2      11.6 
     -0.1      14.4      -0.4      10.3 
4074 -0.417577 -0.876913 -0.238019 
109060.1  13948.1     -0.2     43.3     -0.0     28.9 
    -0.2     86.6     -0.0     57.7  65905.6  67705.3 
    -11.6      52.0      -6.3      54.8 
     -0.9      21.4      -0.7      16.4 
     -0.3      15.9      -0.3       9.3 
     -0.4      14.2      -0.2       7.8 
4075 -0.451149 -0.861285 -0.233777 
110719.2  14127.2     -0.2     43.3     -0.0     28.9 
    -0.2     86.6     -0.0     57.7  67070.6  69200.2 
     -9.8      56.8      -3.4      52.1 
     -0.7      21.4      -0.5      17.6 
     -0.1      15.8      -0.1      11.6 
     -0.2      14.3      -0.3      10.6 
4076 -0.482910 -0.845093 -0.229382 
112947.9  14219.1     -0.2     43.3     -0.0     28.9 
    -0.2     86.6     -0.0     57.7  69488.9  71075.5 
     -8.7      50.6      -3.7      49.8 
     -1.2      22.9      -0.9      15.7 
     -0.2      15.9      -0.2       9.9 
     -0.3      14.0      -0.4       8.5 
4077 0.337328 -0.927651 -0.160231 
161793.6  13613.2     -0.2     43.3     -0.0     28.9 
    -0.2     86.6     -0.0     57.7 100783.8 104232.5 
    -14.2      56.3      12.3      57.8 
     -1.3      22.4       1.2      17.8 
     -0.3      16.5       0.2       9.0 
     -0.2      14.9       0.2       7.4 
4078 0.312066 -0.936198 -0.161707 
160030.5  13526.7     -0.2     43.3     -0.0     28.9 
    -0.2     86.6     -0.0     57.7 100019.8 103665.1 
    -13.2      55.3      13.0      67.4 
     -1.1      22.1       1.0      20.3 
     -0.1      16.6       0.3      11.6 
     -0.4      15.1       0.5      10.5 
4079 0.286124 -0.944211 -0.163091 
158639.2  13420.7     -0.2     43.3     -0.0     28.9 
    -0.2     86.6     -0.0     57.7  99459.9 101982.6 
    -10.9      51.6       8.3      62.2 
     -1.3      22.1       0.9      18.9 
     -0.4      16.4       0.4       8.3 
     -0.3      14.8       0.3       6.8 
4080 0.259539 -0.951641 -0.164374 
157448.5  13422.2     -0.2     43.3     -0.0     28.9 
    -0.2     86.6     -0.0     57.7  99073.2 101449.7 
    -14.9      49.2      10.2      67.9 
     -1.5      23.0       0.9      21.3 
     -0.4      16.4       0.2      11.5 
     -0.6      15.1       0.6      10.4 
4081 0.232349 -0.958440 -0.165549 
156265.0  13299.3     -0.2     43.3     -0.0     28.9 
    -0.2     86.6     -0.0     57.7  97795.9 100707.5 
    -11.9      52.0       8.8      71.7 
     -1.3      22.0       1.0      19.1 
     -0.3      16.6       0.3       7.9 
     -0.9      15.2       0.4       6.1 
4082 0.204604 -0.964562 -0.166606 
155067.0  13087.4     -0.2     43.3     -0.0     28.9 
    -0.2     86.6     -0.0     57.7  97625.2 100402.7 
    -11.1      49.3      13.0      75.0 
     -1.2      22.1       0.5      21.4 
     -0.3      16.3       0.3      11.9 
     -0.4      15.2       0.6      10.4 
4083 0.176357 -0.969963 -0.167539 
154154.5  13088.7     -0.2     43.3     -0.0     28.9 
    -0.2     86.6     -0.0     57.7  96784.0  99447.0 
    -11.5      54.9      11.0      77.9 
     -1.2      22.6       0.4      20.8 
     -0.4      16.5       0.2       7.3 
     -0.4      15.1       0.3       5.4 
4084 0.147667 -0.974605 -0.168341 
153916.7  13095.4     -0.2     43.3     -0.0     28.9 
    -0.2     86.6     -0.0     57.7  95486.2  99502.8 
    -11.9      54.1      11.8      93.8 
     -1.5      22.7       1.0      23.9 
     -0.4      17.1       0.3      11.8 
     -0.7      15.3       0.4      10.7 
4085 0.118600 -0.978453 -0.169006 
153285.3  12976.2     -0.2     43.3     -0.0     28.9 
    -0.2     86.6     -0.5      1.8  96025.2  98306.6 
    -12.7      56.7       5.6      93.6 
     -1.4      22.4       0.6      22.8 
     -0.1      16.6       0.3       6.6 
     -0.7      15.1       0.3       4.6 
4086 0.089225 -0.981478 -0.169528 
152532.3  12911.4     -0.2     43.3     -0.0     28.9 
    -0.2     86.6     -1.0     15.0  95433.4  97600.4 
    -11.3      49.2       4.7      94.5 
     -1.2      22.0       0.7      24.3 
     -0.2      16.3       0.5      11.9 
     -0.5      15.0       0.4      10.9 
4087 0.059616 -0.983656 -0.169904 
152605.3  12873.5     -0.2     43.3     -0.6      1.0 
    -0.2     86.6     -1.1     28.9  94725.2  97744.1 
    -11.5      52.4       4.5      88.1 
     -1.1      21.9       0.8      23.8 
     -0.2      16.7       0.2       5.5 
     -0.2      15.4       0.1       3.4 
4088 0.044746 -0.984421 -0.170036 
152448.0  12881.7     -0.2     43.3     -1.2      7.1 
    -0.2     86.6     -1.0     35.7  95306.7  97638.7 
    -14.1      55.5       4.4      97.6 
     -1.3      22.0       0.5      25.9 
     -0.3      16.8       0.1       5.1 
     -0.6      15.2       0.2       2.9 
4089 0.029848 -0.984969 -0.170131 
152023.5  12842.9     -0.2     43.3     -1.4     13.9 
    -0.2     86.6     -1.3     42.3  95703.9  97361.3 
    -11.8      52.0       2.0      93.7 
     -1.4      22.3       0.5      30.2 
     -0.7      16.5       0.1       7.0 
     -0.4      15.2       0.1       2.4 
4090 0.014929 -0.985299 -0.170188 
152135.0  12891.5     -0.2     43.3     -1.7     20.5 
    -0.2     86.6     -1.7     48.8  95312.4  97732.1 
    -12.8      56.2      -0.1     101.5 
     -1.2      21.6      -0.5      37.9 
     -0.5      16.7      -0.0       9.9 
     -0.8      15.7      -0.1       3.1 
4091 -0.000000 -0.985408 -0.170207 
151772.5  12824.9     -0.2     43.3     -0.0     25.0 
    -0.2     86.6     -0.0     53.3  94902.0  97071.2 
    -15.2      56.5      -3.0     106.0 
     -1.0      22.3      -1.6      47.4 
     -0.5      16.6       0.3      18.2 
     -0.5      15.3      -0.4       8.0 
4092 -0.014929 -0.985299 -0.170188 
152063.5  12917.9     -0.2     43.3      1.5     20.5 
    -0.2     86.6      1.5     48.8  94177.6  97064.4 
    -16.9      57.5      -1.0     104.4 
     -1.4      22.0      -0.4      39.7 
     -0.6      16.5      -0.0       9.9 
     -0.5      15.2       0.0       3.6 
4093 -0.029848 -0.984969 -0.170131 
152137.8  12886.1     -0.2     43.3      1.3     13.9 
    -0.2     86.6      1.3     42.4  95591.4  98001.9 
    -12.4      51.6       5.4     100.5 
     -1.5      22.8      -0.7      30.8 
     -0.5      16.5      -0.1       5.9 
     -0.6      15.0      -0.1       2.5 
4094 -0.044746 -0.984421 -0.170036 
152133.7  12912.6     -0.2     43.3      1.1      7.2 
    -0.2     86.6      0.9     35.6  96431.3  99000.0 
     -9.8      49.1      -4.7     100.2 
     -1.6      22.1      -1.0      25.8 
     -0.4      16.8      -0.1       4.6 
     -0.6      15.1      -0.1       2.5 
4095 -0.059616 -0.983656 -0.169904 
152288.0  12829.4     -0.2     43.3      0.6      0.9 
    -0.2     86.6      0.9     28.7  96390.7  98569.6 
     -9.7      48.8       1.3      93.9 
     -0.8      22.5      -0.2      23.2 
     -0.3      16.4      -0.2       5.3 
     -0.2      15.4      -0.2       3.4 
4096 -0.089225 -0.981478 -0.169528 
152707.5  12870.3     -0.2     43.3     -0.0     28.9 
    -0.2     86.6      0.6     15.0  94344.0  97532.1 
     -9.9      53.8       0.3      92.1 
     -1.0      22.5      -0.7      24.8 
     -0.3      16.5      -0.5      11.8 
     -0.3      15.0      -0.6      11.1 
4097 -0.118600 -0.978453 -0.169006 
153149.6  13004.8     -0.2     43.3     -0.0     28.9 
    -0.2     86.6      0.5      1.8  95598.3  98617.9 
    -11.9      52.4      -0.4      96.0 
     -0.8      22.2      -0.5      21.6 
     -0.5      16.5      -0.3       6.4 
     -0.2      15.1      -0.2       4.6 
4098 -0.147667 -0.974605 -0.168341 
153780.0  13022.2     -0.2     43.3     -0.0     28.9 
    -0.2     86.6     -0.0     57.7  95841.8  98663.2 
    -12.2      52.2       2.6      87.4 
     -1.6      23.1      -0.9      24.0 
     -0.2      16.6      -0.4      11.8 
     -0.4      15.3      -0.3      10.6 
4099 -0.176357 -0.969963 -0.167539 
154396.1  13056.5     -0.2     43.3     -0.0     28.9 
    -0.2     86.6     -0.0     57.7  95966.3  98923.1 
    -10.1      50.4      -7.7      76.9 
     -1.1      22.5      -0.8      20.7 
     -0.5      16.5      -0.4       7.2 
     -0.4      15.3      -0.3       5.5 
4100 -0.204604 -0.964562 -0.166606 
155093.9  13138.8     -0.2     43.3     -0.0     28.9 
    -0.2     86.6     -0.0     57.7  97772.4 100783.2 
    -11.1      50.5      -2.6      70.9 
     -1.4      23.0      -1.1      21.4 
     -0.3      16.6      -0.3      11.7 
     -0.6      15.5      -0.2      10.6 
4101 -0.232349 -0.958440 -0.165549 
156465.6  13178.4     -0.2     43.3     -0.0     28.9 
    -0.2     86.6     -0.0     57.7  97645.2 101371.4 
    -16.0      55.9      -3.7      75.3 
     -1.1      22.6      -1.2      20.6 
     -0.3      16.4      -0.2       7.8 
     -0.0      15.2      -0.2       6.4 
4102 -0.259539 -0.951641 -0.164374 
157316.7  13312.2     -0.2     43.3     -0.0     28.9 
    -0.2     86.6     -0.0     57.7  98408.1 101850.1 
    -14.2      60.1      -2.3      70.1 
     -0.7      22.1      -0.9      21.1 
     -0.4      16.7      -0.4      11.4 
     -0.1      15.2      -0.2      10.5 
4103 -0.286124 -0.944211 -0.163091 
158879.2  13411.9     -0.2     43.3     -0.0     28.9 
    -0.2     86.6     -0.0     57.7  99436.0 102079.8 
    -10.4      50.8      -1.3      60.7 
     -1.3      22.7      -0.9      19.1 
     -0.3      16.6      -0.2       8.2 
     -0.1      15.1      -0.2       6.9 
4104 -0.312066 -0.936198 -0.161707 
160021.0  13546.2     -0.2     43.3     -0.0     28.9 
    -0.2     86.6     -0.0     57.7 100375.0 103494.6 
    -13.5      57.7      -3.1      58.6 
     -1.4      22.2      -1.0      19.2 
     -0.2      16.4      -0.2      11.5 
     -0.2      15.1      -0.4      10.6 
4105 -0.337328 -0.927651 -0.160231 
161631.5  13666.4     -0.2     43.3     -0.0     28.9 
    -0.2     86.6     -0.0     57.7 102749.8 105197.7 
    -13.0      54.8      -3.7      54.8 
     -1.0      22.0      -0.5      17.6 
     -0.2      16.6      -0.3       8.9 
     -0.0      15.0      -0.1       7.4 
