Dot1_150x100_dj0100b@-250V,0.0T@90d,263K,rhe=1.10,rhh=0.7,0.7/0.7 
312 1 0.00 60 5 29 0 250.0000 263.0000 0.7000 1.0000 700.0000 0.4400 -0.3600 150.0000 100.0000 285.0000 900.0000 0.2200 -0.180000 1.5000 1.0000 0.8500 
3601 -0.000000 -0.000000 -1.000000 
 25575.2  20810.6     -0.6     40.9      0.1     26.5 
    -0.5     84.0      0.1     55.3  12148.9  12605.8 
      1.7      73.0      -4.5      58.7 
     -0.3      11.7       0.4       8.5 
     -0.2       2.2       0.1       2.5 
     -0.2       2.0       0.2       1.9 
3602 -0.000000 -0.130455 -0.991454 
 25540.3  20911.8     -0.0     34.0     -0.2     26.6 
     0.0     76.9     -0.2     55.3  12286.8  12876.7 
     -5.1      58.7       0.2      60.5 
     -0.9       5.6       0.6      10.2 
     -0.9       2.8      -0.0       3.1 
     -0.9       2.2       0.2       1.9 
3603 -0.000000 -0.254493 -0.967075 
 26216.3  21530.6     -0.4     25.4      0.1     26.6 
    -0.3     68.2      0.1     55.3  12584.0  13092.2 
     -7.3      53.9      -0.9      60.9 
     -1.6       8.8      -0.1       9.8 
     -1.4       5.4       0.1       2.4 
     -1.4       4.5       0.2       1.9 
3604 -0.000000 -0.367167 -0.930155 
 27094.9  21589.5     -0.6     16.6      0.2     26.5 
    -0.1     58.7      0.2     55.3  13157.4  13723.3 
     -7.2      49.2      -0.5      62.4 
     -1.8      12.7      -0.0       9.4 
     -1.8       8.3       0.4       2.7 
     -1.8       6.8       0.2       1.9 
3605 -0.000000 -0.465746 -0.884918 
 28300.1  20866.9     -0.5     11.9     -0.1     26.7 
    -0.3     49.8     -0.0     55.3  13931.8  14471.4 
     -6.8      48.8       1.0      61.7 
     -2.2      16.7       0.3      10.5 
     -2.0      10.8      -0.0       2.3 
     -2.1       8.9       0.2       2.0 
3606 -0.000000 -0.549617 -0.835417 
 29964.0  19767.0     -2.3      5.5     -0.1     26.4 
    -0.4     40.1     -0.1     55.2  14994.2  15604.7 
    -10.1      50.8       0.3      67.8 
     -2.2      18.5       0.4      11.3 
     -2.3      13.5       0.4       2.7 
     -2.4      12.4       0.2       2.1 
3607 -0.000000 -0.619644 -0.784883 
 31701.1  18065.2      0.2     43.3      0.2     26.5 
    -0.4     30.4      0.1     55.2  16196.7  16823.5 
     -8.2      50.8       0.2      62.6 
     -3.0      20.9       0.3      12.5 
     -2.4      15.5       0.1       3.3 
     -2.5      14.5       0.1       2.1 
3608 -0.000000 -0.677476 -0.735545 
 34018.1  16657.7      0.2     43.3      0.1     26.4 
    -0.3     20.7      0.1     55.1  17153.8  17794.4 
    -11.5      52.8       0.2      64.5 
     -2.7      21.1       0.2      14.5 
     -2.7      15.2       0.1       3.6 
     -2.7      13.5       0.1       2.9 
3609 -0.000000 -0.724999 -0.688749 
 36130.4  15779.6      0.2     43.3     -0.0     26.4 
    -0.1     11.9      0.0     54.9  18749.2  19343.8 
    -10.3      51.2       0.1      65.1 
     -2.9      19.8       0.7      15.5 
     -2.2      13.8       0.1       3.2 
     -2.5      12.2       0.0       2.5 
3610 -0.000000 -0.764030 -0.645181 
 38412.6  14980.1      0.2     43.3     -0.1     26.2 
    -0.4      6.9     -0.1     54.9  20049.4  20741.8 
     -8.2      54.3       2.3      71.1 
     -2.4      21.1       1.1      16.7 
     -2.7      16.0      -0.0       3.7 
     -2.5      14.7       0.2       2.2 
3611 -0.000000 -0.796162 -0.605083 
 40970.2  14476.2      0.2     43.3      0.5     26.3 
     0.2     86.6      0.5     54.9  21836.6  22721.1 
    -10.5      54.6       1.2      70.5 
     -2.5      22.4       0.6      16.8 
     -2.3      17.4       0.3       3.5 
     -2.8      16.3       0.2       2.4 
3612 -0.000000 -0.822730 -0.568432 
 43439.3  13987.2      0.2     43.3      0.2     26.1 
     0.2     86.6      0.1     54.7  23567.6  24427.7 
    -10.5      52.1      -2.2      71.5 
     -2.7      22.3       0.1      18.0 
     -2.2      16.4       0.3       4.0 
     -2.9      15.4       0.1       3.2 
3613 -0.000000 -0.844819 -0.535052 
 46169.9  13715.0      0.2     43.3     -0.2     26.1 
     0.2     86.6     -0.2     54.7  24862.3  25749.9 
    -11.2      52.3      -0.5      74.2 
     -3.0      21.3       0.2      17.9 
     -2.3      15.7       0.0       4.0 
     -2.4      13.7       0.3       2.5 
3614 -0.000000 -0.863297 -0.504697 
 48999.1  13536.7      0.2     43.3     -0.2     26.1 
     0.2     86.6     -0.2     54.6  26232.7  27258.8 
    -10.3      48.9      -0.6      73.0 
     -2.8      22.4      -0.3      21.7 
     -2.3      17.4       0.2       3.7 
     -2.7      15.9       0.1       2.5 
3615 -0.000000 -0.878853 -0.477092 
 51827.5  13423.6      0.2     43.3      0.1     26.0 
     0.2     86.6      0.1     54.6  28555.7  29639.2 
    -13.1      53.4      -0.1      79.4 
     -2.9      23.3       0.6      20.9 
     -2.8      18.7       0.2       6.6 
     -2.5      17.5       0.2       2.6 
3616 -0.000000 -0.892036 -0.451965 
 54477.5  12935.0      0.2     43.3      0.2     26.0 
     0.2     86.6      0.1     54.6  30315.6  31193.7 
     -9.8      50.1       0.5      75.9 
     -2.8      22.4      -0.2      24.4 
     -2.3      17.4      -0.5       7.1 
     -2.7      16.0       0.3       3.2 
3617 -0.000000 -0.903278 -0.429057 
 57481.7  12991.4      0.2     43.3      0.1     25.9 
     0.2     86.6      0.1     54.4  32451.4  33359.8 
    -11.1      51.8      -1.6      75.5 
     -2.6      21.9      -0.5      23.5 
     -2.4      16.5      -0.0       5.5 
     -2.3      14.5       0.2       3.0 
3618 -0.000000 -0.912924 -0.408131 
 60463.2  12878.3      0.2     43.3      0.1     25.7 
     0.2     86.6      0.0     54.3  33729.8  35108.8 
    -12.7      51.7       1.2      77.7 
     -2.4      22.3       0.8      25.1 
     -1.9      17.8       0.3       5.6 
     -2.4      16.0       0.3       3.7 
3619 -0.000000 -0.921250 -0.388972 
 63330.6  12801.0      0.2     43.3     -0.2     25.8 
     0.2     86.6     -0.2     54.2  35867.7  36866.5 
    -11.3      50.9      -1.1      79.2 
     -2.7      23.5       0.1      27.4 
     -2.2      19.1       0.3       7.5 
     -2.5      18.2       0.3       3.8 
3620 -0.000000 -0.928477 -0.371391 
 66238.4  12665.1      0.2     43.3     -0.1     25.7 
     0.2     86.6     -0.0     54.2  38266.5  39434.1 
    -12.8      54.8      -0.3      77.9 
     -2.6      22.8       0.7      29.0 
     -2.3      17.9       0.2       6.1 
     -2.8      16.7       0.2       2.9 
3621 -0.000000 -0.934784 -0.355218 
 69211.8  12594.0      0.2     43.3     -0.1     25.7 
     0.2     86.6     -0.1     54.2  40429.3  41272.6 
    -11.8      50.7      -3.4      80.0 
     -2.6      21.9       0.2      28.9 
     -2.2      16.6       0.0       7.1 
     -2.3      15.1       0.3       3.3 
3622 -0.000000 -0.940315 -0.340305 
 72357.4  12621.3      0.2     43.3      0.2     25.7 
     0.2     86.6      0.1     54.1  41878.1  42904.2 
    -11.5      49.6      -2.2      81.7 
     -2.2      23.1       0.7      28.8 
     -2.2      18.5       0.1       9.9 
     -2.6      16.8       0.2       3.2 
3623 -0.000000 -0.945190 -0.326520 
 75604.8  12621.0      0.2     43.3     -0.0     25.8 
     0.2     86.6      0.0     54.1  43101.2  44670.1 
    -11.1      52.6       0.7      84.9 
     -2.9      23.9      -0.2      33.0 
     -2.1      19.8       0.2       9.0 
     -2.7      18.6      -0.1       3.2 
3624 -0.000000 -0.949506 -0.313750 
 78374.8  12522.2      0.2     43.3      0.2     25.7 
     0.2     86.6      0.2     54.0  45848.8  47402.6 
    -12.4      52.1       0.3      81.2 
     -2.8      23.1       0.5      32.0 
     -2.5      18.4       0.6       9.6 
     -2.5      17.3       0.2       6.0 
3625 -0.000000 -0.953342 -0.301892 
 81383.4  12545.8      0.2     43.3     -0.1     25.8 
     0.2     86.6     -0.1     54.0  48249.1  49325.6 
    -12.0      52.7      -3.4      88.7 
     -2.7      22.1       0.7      32.5 
     -2.3      17.1       0.2       9.6 
     -2.3      15.2       0.2       3.9 
3626 -0.000000 -0.956767 -0.290857 
 84601.7  12461.4      0.2     43.3      0.1     25.5 
     0.2     86.6      0.1     54.0  50460.5  51923.7 
    -12.9      51.7      -0.2      88.0 
     -2.8      23.2      -0.6      34.4 
     -2.5      18.3       0.2      10.3 
     -2.7      17.1       0.3       6.5 
3627 -0.000000 -0.959834 -0.280567 
 87823.0  12366.4      0.2     43.3      0.1     25.5 
     0.2     86.6      0.1     53.7  52382.7  53540.1 
    -11.8      50.8      -0.5      84.9 
     -3.1      24.2       0.3      36.0 
     -2.5      19.5       0.5       9.6 
     -2.3      18.8       0.2       4.9 
3628 -0.000000 -0.962593 -0.270952 
 90776.2  12416.2      0.2     43.3      0.1     25.5 
     0.2     86.6      0.0     53.8  53805.5  55624.9 
    -12.1      49.4       3.9      85.7 
     -3.0      23.7      -0.1      34.9 
     -2.8      18.6      -0.1      11.8 
     -2.6      17.4       0.1       5.3 
3629 -0.000000 -0.965081 -0.261951 
 94042.5  12458.7      0.2     43.3      0.0     25.5 
     0.2     86.6      0.1     53.8  56472.4  57743.1 
    -12.8      50.7      -2.3      89.6 
     -2.5      22.4       0.9      34.6 
     -2.1      17.1      -0.1      10.8 
     -2.5      15.4       0.3       4.8 
3630 -0.000000 -0.967333 -0.253508 
 97126.6  12441.5      0.2     43.3      0.3     25.6 
     0.2     86.6      0.2     53.8  57985.5  59854.0 
    -11.6      50.4      -1.6      90.3 
     -2.8      22.6      -0.5      37.7 
     -2.3      18.5      -0.1      12.8 
     -2.1      17.1       0.2       6.0 
3631 -0.000000 -0.969377 -0.245576 
100422.2  12347.8      0.2     43.3      0.1     25.4 
     0.2     86.6      0.2     53.7  60955.8  62270.9 
    -12.9      55.6       4.7      95.1 
     -2.4      24.1       0.6      39.8 
     -2.5      20.0       0.4      11.5 
     -2.2      19.2       0.5       4.8 
3632 -0.000000 -0.971238 -0.238110 
103230.9  12576.5      0.2     43.3      0.2     25.2 
     0.2     86.6      0.1     53.6  61789.9  64101.2 
    -14.2      55.1      -1.3      94.6 
     -2.7      23.3      -0.7      39.0 
     -2.1      19.0       0.1      13.1 
     -2.4      17.6       0.3       7.0 
3633 -0.000000 -0.972937 -0.231072 
106586.8  12385.1      0.2     43.3     -0.1     25.4 
     0.2     86.6     -0.1     53.6  64510.3  66477.8 
    -11.4      51.1      -0.1      93.4 
     -2.7      22.3       0.4      39.7 
     -2.4      17.2       0.6      13.6 
     -2.6      15.7       0.1       5.3 
3634 -0.000000 -0.974491 -0.224428 
109197.9  12368.5      0.2     43.3     -0.2     25.3 
     0.2     86.6     -0.1     53.5  66233.9  67891.8 
    -11.3      46.4       3.9      92.1 
     -2.6      22.6       0.4      39.4 
     -1.9      18.5       0.1      14.2 
     -2.4      16.9       0.2       7.1 
3635 -0.000000 -0.975916 -0.218146 
112446.8  12359.1      0.2     43.3     -0.1     25.4 
     0.2     86.6     -0.1     53.5  67930.9  70272.1 
    -11.6      50.8       4.9      93.8 
     -2.8      24.7      -0.0      40.4 
     -2.1      19.9       0.2      13.4 
     -2.4      19.3      -0.0       4.6 
3636 -0.000000 -0.977227 -0.212198 
115604.2  12377.7      0.2     43.3      0.2     25.3 
     0.2     86.6      0.2     53.5  71603.1  73049.3 
    -11.4      50.3      -5.5     101.1 
     -2.9      23.8      -0.2      41.9 
     -2.0      18.8       0.5      13.3 
     -2.5      17.7       0.2       5.9 
3637 -0.000000 -0.978434 -0.206558 
119175.6  12339.3      0.2     43.3      0.0     25.2 
     0.2     86.6      0.1     53.4  73034.0  74784.8 
    -13.3      49.9       4.5      94.7 
     -2.8      22.6      -0.5      42.8 
     -2.5      17.4       0.4      15.8 
     -2.4      15.9       0.3       7.2 
3638 -0.000000 -0.979549 -0.201205 
121997.2  12353.0      0.2     43.3      0.3     25.2 
     0.2     86.6      0.1     53.3  74420.1  77375.4 
    -12.9      50.4       1.7      96.7 
     -3.3      24.2      -1.8      43.3 
     -2.3      18.5       0.3      15.2 
     -2.5      17.5       0.2       7.3 
3639 -0.000000 -0.980581 -0.196116 
125126.7  12352.1      0.2     43.3     -0.0     25.2 
     0.2     86.6      0.0     53.4  76587.8  78846.9 
    -13.9      52.4       3.6      99.2 
     -3.3      24.8       0.8      43.3 
     -2.2      20.1      -0.1      15.6 
     -2.4      19.0       0.4       6.6 
3640 -0.000000 -0.981537 -0.191274 
128590.4  12299.3      0.2     43.3     -0.2     25.1 
     0.2     86.6     -0.2     53.3  80258.5  82139.4 
    -12.5      54.5      -1.3      98.2 
     -3.0      23.8      -0.6      44.1 
     -2.6      19.0      -0.1      16.3 
     -3.1      18.0       0.2       6.3 
3641 -0.000000 -0.982424 -0.186661 
131448.6  12316.6      0.2     43.3      0.1     25.2 
     0.2     86.6      0.2     53.3  80595.4  82899.2 
    -14.3      52.9      10.0     100.4 
     -3.3      23.3      -0.1      45.6 
     -2.4      17.4       1.1      16.6 
     -2.5      16.1       0.3      10.4 
3642 -0.000000 -0.983250 -0.182261 
134942.3  12363.4      0.2     43.3      0.3     25.1 
     0.2     86.6      0.2     53.1  82772.5  85382.0 
    -15.4      54.2      -0.5     103.7 
     -3.0      23.8       0.0      45.0 
     -2.2      18.7       0.6      17.1 
     -2.1      17.5       0.7       8.1 
3643 -0.000000 -0.984020 -0.178061 
137841.3  12352.2      0.2     43.3     -0.2     25.2 
     0.2     86.6     -0.1     53.1  85119.5  87476.7 
    -14.5      53.9       4.0     103.0 
     -3.0      24.4       0.7      45.7 
     -2.0      20.3       0.2      17.2 
     -2.3      19.2       0.3       8.3 
3644 -0.000000 -0.984737 -0.174047 
141111.1  12312.4      0.2     43.3     -0.5     25.0 
     0.2     86.6     -0.4     53.2  88556.2  90793.9 
    -13.7      53.8       2.3     101.7 
     -3.1      24.6      -0.3      49.1 
     -1.9      19.0       0.6      16.6 
     -2.3      18.0       0.3       7.7 
3645 -0.000000 -0.985408 -0.170207 
144296.9  12416.0      0.2     43.3     -0.2     25.4 
     0.2     86.6     -0.2     53.1  90539.8  92538.8 
    -14.1      54.5       0.0     102.1 
     -3.6      23.4      -0.9      47.0 
     -2.0      17.5       0.7      16.2 
     -2.6      16.4       0.6       9.6 
3646 -0.000000 -0.986036 -0.166531 
147684.8  12418.8      0.2     43.3      0.2     24.8 
     0.2     86.6      0.1     52.9  92073.4  94461.5 
    -12.0      51.3       0.3     105.1 
     -3.1      23.6      -1.0      47.3 
     -2.3      18.6       0.1      17.0 
     -2.6      17.8       0.3       8.6 
3647 -0.000000 -0.986625 -0.163008 
150656.3  12397.1      0.2     43.3     -0.0     25.1 
     0.2     86.6      0.0     53.0  95854.1  97951.0 
    -11.0      51.9       2.3     102.9 
     -3.2      25.2       1.0      47.0 
     -2.5      20.4      -0.5      19.0 
     -2.6      19.6       0.5       9.4 
3648 -0.000000 -0.987696 -0.156385 
157163.5  12426.2      0.2     43.3      0.4     24.8 
     0.2     86.6      0.2     52.9  98936.5 101581.6 
    -13.5      51.3       3.2     107.2 
     -3.4      24.0      -1.5      48.6 
     -2.0      17.2       0.5      18.7 
     -2.8      16.3       0.1       8.3 
3649 -0.000000 -0.988644 -0.150274 
163744.5  12482.5      0.2     43.3      0.3     25.1 
     0.2     86.6      0.2     52.8 103538.8 105836.5 
    -12.3      55.9       0.7     107.9 
     -3.1      24.8      -0.3      49.9 
     -2.3      20.2       0.3      19.7 
     -2.4      19.5       0.1      11.9 
3650 -0.000000 -0.989488 -0.144617 
170016.2  12412.1      0.2     43.3      0.3     24.8 
     0.2     86.6      0.3     52.8 106418.4 110043.2 
    -17.0      53.3       2.7     109.3 
     -3.2      23.1      -0.2      50.4 
     -2.5      17.3       0.2      22.1 
     -2.5      16.2       0.5      10.5 
3651 -0.000000 -0.990241 -0.139367 
176165.0  12434.1      0.2     43.3      0.1     24.8 
     0.2     86.6      0.1     52.7 113242.1 115350.7 
     -9.4      44.0       1.7     106.5 
     -3.4      25.0       0.8      50.2 
     -2.3      20.6      -0.1      22.2 
     -2.3      19.8      -0.1      11.2 
3652 -0.000000 -0.990916 -0.134481 
182938.0  12582.3      0.2     43.3     -0.3     24.6 
     0.2     86.6     -0.3     52.6 117660.0 119704.4 
    -12.8      46.8       4.0     111.9 
     -3.3      23.4       0.5      53.5 
     -2.6      17.8      -0.1      22.1 
     -2.5      16.6       0.5      11.4 
3653 -0.000000 -0.991524 -0.129924 
189131.9  12431.2      0.2     43.3      0.1     24.9 
     0.2     86.6      0.1     52.5 120960.7 124162.7 
    -10.7      49.9       8.5     111.3 
     -3.8      24.5       1.3      52.9 
     -2.5      20.3      -0.1      23.0 
     -2.9      19.4       0.5      11.0 
3654 -0.000000 -0.992073 -0.125663 
195339.5  12451.7      0.2     43.3      0.1     25.0 
     0.2     86.6      0.1     52.5 124878.6 128214.9 
    -12.0      44.2      -6.7     113.5 
     -3.3      22.9      -0.1      53.3 
     -2.6      17.4      -0.0      22.3 
     -2.6      16.6      -0.1      13.3 
3655 -0.000000 -0.992571 -0.121670 
201883.6  12480.0      0.2     43.3      0.1     24.9 
     0.2     86.6      0.1     52.4 130435.2 133741.8 
    -12.2      45.7       3.3     113.4 
     -3.1      24.4       1.2      55.0 
     -2.2      20.2       0.1      23.0 
     -2.3      19.1       0.6      11.5 
3656 -0.000000 -0.993023 -0.117921 
208312.7  12431.5      0.2     43.3     -0.1     24.6 
     0.2     86.6     -0.1     52.3 136403.1 138733.7 
     -9.5      40.8       9.4     118.2 
     -3.3      22.3       0.2      54.6 
     -2.3      17.7       0.7      25.2 
     -2.2      16.3      -0.6      14.8 
3657 -0.000000 -0.993435 -0.114396 
214681.5  12463.8      0.2     43.3     -0.1     24.5 
     0.2     86.6     -0.1     52.3 139389.7 142513.5 
     -6.4      37.0       7.9     112.6 
     -3.1      23.8       0.7      55.5 
     -2.3      20.3      -0.6      25.3 
     -2.7      19.7       0.9      13.1 
3658 -0.000000 -0.993812 -0.111073 
220893.7  12549.7      0.2     43.3      0.3     24.4 
     0.2     86.6      0.2     52.2 143661.8 147175.6 
     -6.6      32.1      -1.9     122.3 
     -2.4      21.8       0.7      57.4 
     -2.4      17.5      -0.1      25.1 
     -2.7      16.3       0.1      14.6 
3659 -0.000000 -0.994158 -0.107937 
227525.2  12673.7      0.2     43.3     -0.0     24.5 
     0.2     86.6     -0.0     52.2 148298.9 150882.2 
     -6.6      30.1      -0.6     115.5 
     -2.7      23.2       0.7      57.9 
     -2.4      20.4      -0.2      26.5 
     -2.4      19.7       0.4      11.7 
3660 -0.000000 -0.994475 -0.104972 
233793.8  12526.8      0.2     43.3      0.0     24.3 
     0.2     86.6      0.0     52.0 153977.5 157374.8 
     -1.1      26.2      -0.0     113.2 
     -2.7      20.5       0.5      56.8 
     -2.2      17.5      -0.1      27.1 
     -2.6      16.4      -0.1      13.4 
3661 0.903278 -0.000000 -0.429057 
 56964.6   8610.4      0.5     40.5     -0.2     28.9 
     0.4     83.3     -0.2     57.7  32261.3  33140.1 
     -2.5      86.4      11.5      44.1 
      0.4      30.0       1.5      16.9 
     -0.3       5.7       1.3      13.2 
      0.0       2.3       1.5      12.4 
3662 0.887877 -0.000000 -0.460082 
 53086.0   8758.1      0.2     40.5     -0.2     28.9 
     0.2     83.3     -0.2     57.7  30054.5  30774.3 
     -4.3      81.4       9.9      44.5 
      0.5      28.2       1.4      17.6 
     -0.1       4.7       1.1      15.1 
      0.0       4.2       1.3      14.7 
3663 0.868777 -0.000000 -0.495203 
 49228.9   8942.1      0.3     40.7     -0.2     28.9 
     0.3     83.4     -0.2     57.7  27589.7  28363.6 
     -1.3      82.1       7.8      40.4 
     -0.0      22.5       1.4      16.1 
     -0.4       6.2       1.1      12.9 
     -0.3       2.4       1.4      12.0 
3664 0.844819 -0.000000 -0.535052 
 45669.5   9112.3      0.2     40.6     -0.2     28.9 
     0.2     83.6     -0.2     57.7  25416.7  26263.0 
     -0.7      85.0       9.2      44.8 
     -1.2      23.2       1.2      17.2 
     -0.2       3.7       1.3      14.4 
     -0.1       3.0       1.4      14.3 
3665 0.814421 -0.000000 -0.580275 
 42121.2   9483.4     -0.4     40.9     -0.2     28.9 
    -0.4     83.7     -0.2     57.7  22594.7  23437.9 
     -0.6      77.0       8.3      47.6 
     -0.8      22.5       1.4      15.7 
     -0.2       3.2       1.2      12.3 
     -0.4       2.0       1.9      11.4 
3666 0.775436 -0.000000 -0.631426 
 38729.4   9956.5     -0.1     40.9     -0.2     28.9 
    -0.0     83.8     -0.2     57.7  20486.4  21267.6 
      2.4      71.8       9.5      47.3 
      0.0      22.5       1.6      16.5 
     -0.4       3.0       1.7      13.8 
     -0.3       2.0       1.6      13.3 
3667 0.724999 -0.000000 -0.688749 
 35493.8  10541.5      0.0     40.9     -0.2     28.9 
     0.0     83.9     -0.2     57.7  18688.8  19239.6 
      0.3      74.0       8.2      47.5 
     -0.8      19.5       2.0      14.8 
     -0.1       3.5       1.8      11.1 
     -0.3       2.0       1.7      10.3 
3668 0.659438 -0.000000 -0.751759 
 32743.8  11569.2      0.5     41.0     -0.2     28.9 
     0.4     83.9      6.4      7.4  16800.8  17386.4 
      1.9      74.3       7.7      44.0 
     -1.8      17.4       1.7      15.8 
     -0.2       4.4       1.7      12.2 
     -0.2       2.0       2.0      12.0 
3669 0.574426 -0.000000 -0.818557 
 30196.1  13241.1      0.1     41.1     -0.2     28.9 
     0.1     84.0      0.0      9.4  15365.1  15834.1 
      2.9      71.0       6.4      46.8 
      0.7      16.1       2.0      13.8 
     -0.1       2.4       1.9       9.9 
     -0.3       2.4       1.8       8.7 
3670 0.465746 -0.000000 -0.884918 
 28058.3  15908.2     -0.2     41.0     -0.2     28.9 
    -0.2     84.0     -0.1     21.0  14030.6  14445.0 
      2.1      71.5       7.1      42.5 
      0.1      12.2       1.7      14.2 
     -0.1       2.4       1.8      10.5 
     -0.3       2.0       1.7       9.7 
3671 0.331088 -0.000000 -0.943600 
 26665.1  19408.3     -0.2     41.0      0.3      5.4 
    -0.2     84.0     -0.1     33.2  12880.9  13418.3 
     -2.3      67.6       5.2      42.6 
     -0.3       9.7       1.8      11.0 
     -0.3       2.8       1.4       7.4 
     -0.2       2.0       1.5       5.9 
3672 0.254493 -0.000000 -0.967075 
 26075.7  20610.5      0.4     41.0      0.1     10.7 
     0.4     84.1      0.1     39.4  12851.1  13348.5 
      3.0      71.8       3.8      43.8 
      1.0      11.7       1.3       8.6 
     -0.5       2.2       1.2       5.5 
     -0.1       2.0       1.3       4.5 
3673 0.172799 -0.000000 -0.984957 
 25712.6  21198.4     -0.1     41.1      0.2     16.5 
    -0.1     84.1      0.1     45.4  12242.2  12715.6 
      2.2      71.7       3.8      49.7 
     -0.2      12.3       1.0       6.1 
     -0.1       2.0       1.1       3.7 
     -0.1       2.0       1.0       3.0 
3674 0.087384 -0.000000 -0.996175 
 25587.7  20886.2     -0.3     41.1     -0.5     22.3 
    -0.2     84.1     -0.4     51.0  12456.2  12844.6 
      2.3      72.0       3.4      57.3 
     -0.4      11.7       0.7       5.4 
     -0.0       4.4       0.8       2.3 
     -0.2       2.0       0.8       1.6 
3675 -0.000000 -0.000000 -1.000000 
 25468.7  20732.1     -0.3     41.0      0.1     26.5 
    -0.3     84.0      0.1     55.3  12198.1  12674.8 
      2.3      66.0       1.3      59.3 
      0.1      13.3       0.2       8.3 
     -0.3       2.2       0.2       2.5 
     -0.2       2.0       0.1       1.9 
3676 -0.087384 -0.000000 -0.996175 
 25474.3  20875.7      0.2     41.1      0.4     22.4 
     0.1     84.0      0.4     51.1  12124.8  12733.6 
     -5.1      68.8      -2.0      55.2 
      0.0      10.7      -0.1       6.9 
     -0.5       3.3      -0.2       1.9 
     -0.2       2.0      -0.4       1.5 
3677 -0.172799 -0.000000 -0.984957 
 25819.1  21105.8     -0.1     40.9      0.1     16.5 
    -0.2     84.0      0.0     45.3  12132.1  12821.3 
     -7.4      75.0      -3.3      51.3 
     -0.2      13.8      -0.8       6.4 
     -0.1       2.2      -0.6       3.7 
     -0.2       2.0      -0.6       3.0 
3678 -0.254493 -0.000000 -0.967075 
 26186.1  20694.5     -0.4     41.0     -0.1     10.8 
    -0.4     84.1     -0.3     39.3  12847.5  13292.4 
     -1.5      72.2      -5.8      41.9 
     -0.7       9.8      -0.9       8.3 
     -0.4       2.0      -0.9       5.5 
      0.1       2.0      -1.0       4.5 
3679 -0.331088 -0.000000 -0.943600 
 26582.2  19295.5     -0.3     41.2     -0.4      5.2 
    -0.3     84.1     -0.1     33.2  13138.3  13547.6 
     -4.6      70.0      -5.9      44.1 
     -0.5      12.5      -1.4      10.8 
     -0.1       2.1      -1.3       7.3 
     -0.2       2.0      -1.2       6.0 
3680 -0.465746 -0.000000 -0.884918 
 28139.3  16001.3     -0.1     41.2     -0.2     28.9 
    -0.0     84.1     -0.1     20.9  13664.5  14324.1 
     -0.8      74.1      -6.9      45.8 
     -0.8      13.8      -1.7      14.2 
      0.0       2.2      -1.5      10.4 
     -0.1       2.0      -1.6       9.8 
3681 -0.574426 -0.000000 -0.818557 
 30114.6  13174.7      0.2     41.2     -0.2     28.9 
     0.2     84.0     -0.1      9.3  15129.5  15597.8 
      1.0      67.5      -7.7      41.2 
     -0.5      13.3      -1.7      13.7 
     -0.0       3.5      -1.5       9.9 
     -0.2       2.0      -1.7       8.7 
3682 -0.659438 -0.000000 -0.751759 
 32552.4  11531.1     -0.5     40.9     -0.2     28.9 
    -0.4     83.9     -1.7      4.7  16726.1  17325.9 
      1.7      70.6      -9.4      45.6 
     -0.4      16.8      -1.5      15.6 
     -0.3       3.1      -1.2      12.4 
     -0.3       2.0      -1.6      11.9 
3683 -0.724999 -0.000000 -0.688749 
 35558.0  10479.6     -0.1     41.0     -0.2     28.9 
    -0.0     83.8     -0.2     57.7  18742.0  19291.9 
      2.6      78.2      -7.9      45.5 
     -0.9      14.6      -1.6      15.1 
     -0.5       3.5      -1.2      11.5 
     -0.0       2.5      -1.5      10.2 
3684 -0.775436 -0.000000 -0.631426 
 38719.1   9934.6     -0.2     41.0     -0.2     28.9 
    -0.2     83.8     -0.2     57.7  20555.3  21355.2 
      1.9      72.8      -8.2      42.5 
      0.3      20.9      -1.0      16.6 
     -0.1       3.7      -1.4      13.4 
     -0.2       3.9      -1.4      13.3 
3685 -0.814421 -0.000000 -0.580275 
 42040.0   9434.8     -0.2     40.9     -0.2     28.9 
    -0.2     83.8     -0.2     57.7  22715.8  23663.4 
      2.3      77.0      -7.2      39.9 
     -0.5      18.9      -1.2      15.8 
      0.1       5.7      -1.1      11.9 
     -0.2       2.0      -1.1      11.3 
3686 -0.844819 -0.000000 -0.535052 
 45619.4   9160.9     -0.1     40.7     -0.2     28.9 
    -0.1     83.6     -0.2     57.7  24961.5  26139.9 
      0.2      74.4      -7.6      41.7 
      0.2      22.4      -1.3      17.4 
      0.3       4.6      -0.7      14.5 
     -0.3       2.0      -1.2      14.1 
3687 -0.868777 -0.000000 -0.495203 
 49073.1   8895.1      0.0     40.7     -0.2     28.9 
     0.1     83.5     -0.2     57.7  27516.4  28352.9 
      2.5      76.7      -8.5      37.4 
      0.2      25.3      -0.9      16.0 
     -0.1       6.1      -1.1      12.7 
     -0.1       2.4      -1.1      12.0 
3688 -0.887877 -0.000000 -0.460082 
 52938.2   8740.7      0.0     40.7     -0.2     28.9 
    -0.0     83.4     -0.2     57.7  29890.6  30877.8 
      2.1      78.5     -10.3      40.4 
     -0.7      25.9      -1.0      17.7 
     -0.1       5.4      -1.0      14.8 
     -0.5       3.2      -1.3      14.7 
3689 -0.903278 -0.000000 -0.429057 
 56793.4   8646.1      0.2     40.6     -0.2     28.9 
     0.3     83.3     -0.2     57.7  32430.9  33310.6 
      0.9      83.7      -7.8      38.0 
     -0.6      29.0      -0.8      16.5 
     -0.4       4.9      -0.9      13.1 
     -0.1       2.8      -0.8      12.4 
3690 0.840060 -0.367526 -0.399028 
 61049.7   9325.4      0.2     43.3     -0.2     28.9 
     0.5     16.4     -0.2     57.7  34696.3  35644.6 
     -7.6      62.9      10.3      44.9 
     -1.5      19.9       1.2      16.4 
     -1.3      13.7       1.2      12.8 
     -1.3      12.2       1.1      12.2 
3691 0.817505 -0.390173 -0.423616 
 57657.9   9513.5      0.2     43.3     -0.2     28.9 
     0.3     16.8     -0.2     57.7  32208.7  33444.0 
     -5.4      58.6      10.5      45.3 
     -1.7      20.4       1.4      17.8 
     -1.4      14.1       1.1      14.5 
     -1.4      12.5       1.1      14.2 
3692 0.790440 -0.414981 -0.450551 
 54052.6   9842.4      0.2     43.3     -0.2     28.9 
     0.3     17.3     -0.2     57.7  29838.7  30844.5 
     -9.3      59.4       8.9      45.8 
     -1.4      20.1       1.1      16.2 
     -1.4      14.1       1.1      12.5 
     -1.4      12.4       1.1      11.7 
3693 0.757796 -0.442047 -0.479937 
 50935.0  10250.6      0.2     43.3     -0.2     28.9 
     0.5     17.6     -0.2     57.7  28029.9  29037.9 
     -8.6      57.8       9.5      47.3 
     -1.5      20.3       1.0      16.9 
     -1.6      14.1       1.1      13.8 
     -1.6      12.6       1.2      13.6 
3694 0.718269 -0.471364 -0.511767 
 47723.3  10777.8      0.2     43.3     -0.2     28.9 
     0.6     18.2     -0.2     57.7  25998.2  27014.7 
     -7.8      52.7       7.9      44.2 
     -1.8      20.5       1.4      15.5 
     -1.5      14.4       1.1      11.6 
     -1.6      12.9       1.2      10.8 
3695 0.670317 -0.502738 -0.545830 
 44726.1  11493.9      0.2     43.3     -0.2     28.9 
     0.3     18.5     -0.2     57.7  24460.9  25138.6 
     -8.3      53.3       9.2      47.8 
     -2.3      20.9       1.3      16.4 
     -1.9      14.4       1.5      12.7 
     -2.1      13.1       1.5      12.5 
3696 0.612205 -0.535679 -0.581595 
 42179.2  12477.7      0.2     43.3     -0.2     28.9 
     0.5     19.0     -0.2     57.7  22304.1  23471.0 
     -7.8      53.1       9.8      48.2 
     -2.2      20.8       1.5      14.7 
     -1.7      14.7       1.4      10.6 
     -1.7      13.2       1.4       9.7 
3697 0.542159 -0.569267 -0.618061 
 39683.5  14036.7      0.2     43.3     -0.2     28.9 
     0.4     19.6     -0.2     57.7  20934.5  21694.7 
     -7.7      51.0       7.9      49.3 
     -2.0      20.9       1.4      15.4 
     -1.9      14.7       1.4      11.8 
     -1.9      13.4       1.7      11.0 
3698 0.458673 -0.602008 -0.653609 
 37665.2  15888.5      0.2     43.3     -0.2     28.9 
     0.6     20.0     -0.6      7.8  19592.8  20268.1 
     -8.4      52.7       8.0      48.2 
     -2.3      21.0       1.6      13.6 
     -2.0      15.0       1.6       9.1 
     -2.1      13.4       1.5       8.0 
3699 0.361020 -0.631785 -0.685938 
 36084.8  17290.5      0.2     43.3     -0.2     28.9 
     0.1     20.4     -0.4     19.6  18792.7  19385.7 
     -8.5      52.4       6.6      48.4 
     -2.3      20.7       1.8      14.2 
     -2.2      15.1       1.4      10.7 
     -2.2      13.5       1.4       9.6 
3700 0.249898 -0.655981 -0.712208 
 34787.4  17076.9      0.2     43.3     -0.1      4.4 
    -0.2     20.6     -0.2     32.3  17891.7  18462.0 
     -7.6      52.4       3.0      46.4 
     -2.8      21.0       1.4      10.8 
     -2.5      15.2       1.3       6.7 
     -2.3      13.7       1.2       5.5 
3701 0.190037 -0.665130 -0.722141 
 34307.8  16847.4      0.2     43.3     -0.2      9.9 
    -0.2     20.6     -0.4     38.4  17597.1  18232.1 
     -8.9      51.9       3.1      52.3 
     -2.5      20.9       0.9       8.6 
     -2.2      15.3       0.9       5.1 
     -2.6      13.6       1.0       4.2 
3702 0.127982 -0.671905 -0.729496 
 34118.8  16760.8      0.2     43.3     -0.3     16.1 
    -0.5     20.7     -0.3     44.6  17527.8  18104.1 
     -8.7      51.4       6.0      55.3 
     -3.0      21.3       1.1       7.0 
     -2.8      15.2       0.9       3.6 
     -2.6      13.6       0.9       2.8 
3703 0.064388 -0.676070 -0.734019 
 33758.9  16750.7      0.2     43.3     -0.6     22.0 
    -0.0     20.7     -0.7     50.8  17047.2  17878.1 
     -7.8      48.9       0.6      57.5 
     -2.5      20.9       0.3       8.8 
     -2.5      15.2       0.6       1.8 
     -2.6      13.5       0.6       1.5 
3704 -0.000000 -0.677476 -0.735545 
 33803.7  16596.0      0.2     43.3     -0.0     26.4 
    -0.1     20.7     -0.0     55.0  17247.5  17874.2 
     -6.2      49.4       0.8      65.9 
     -2.8      20.7       0.4      13.9 
     -2.5      15.3       0.1       3.6 
     -3.0      13.5       0.1       2.3 
3705 -0.064388 -0.676070 -0.734019 
 33857.3  16628.7      0.2     43.3      0.8     22.1 
    -0.4     20.7      0.8     50.7  17293.8  18051.4 
     -9.4      50.0      -1.3      59.5 
     -3.5      21.1      -0.2       8.1 
     -2.4      15.0      -0.1       2.0 
     -2.6      13.5      -0.2       1.4 
3706 -0.127982 -0.671905 -0.729496 
 34053.8  16699.7      0.2     43.3      0.6     16.0 
    -0.1     20.8      0.6     44.7  17853.6  18306.6 
     -8.1      49.8      -2.4      54.6 
     -2.8      21.3      -0.6       7.2 
     -2.7      15.3      -0.4       3.5 
     -2.8      13.5      -0.5       2.7 
3707 -0.190037 -0.665130 -0.722141 
 34285.8  16915.5      0.2     43.3      0.2      9.9 
     0.1     20.7      0.3     38.4  17821.3  18293.4 
     -9.3      52.3      -5.0      51.8 
     -2.8      21.1      -0.8       8.4 
     -2.4      15.1      -0.7       5.1 
     -2.5      13.5      -0.6       4.1 
3708 -0.249898 -0.655981 -0.712208 
 34856.6  17169.7      0.2     43.3     -0.1      4.5 
     0.2     20.7      0.3     32.3  17797.9  18608.8 
    -10.2      54.3      -4.8      47.6 
     -2.7      21.4      -1.0      10.8 
     -2.3      15.2      -0.9       6.7 
     -2.3      13.7      -0.8       5.5 
3709 -0.361020 -0.631785 -0.685938 
 35969.2  17375.1      0.2     43.3     -0.2     28.9 
     0.2     20.4      0.4     19.7  18785.4  19257.8 
     -6.8      52.7      -6.0      52.3 
     -2.4      21.2      -1.3      14.3 
     -2.1      15.0      -1.1      10.7 
     -2.3      13.6      -1.3       9.6 
3710 -0.458673 -0.602008 -0.653609 
 37650.8  15931.7      0.2     43.3     -0.2     28.9 
     0.2     20.2      0.5      7.9  20094.5  20623.9 
     -8.0      51.8      -4.2      47.3 
     -2.6      21.0      -1.3      13.5 
     -2.0      14.9      -1.1       9.1 
     -2.0      13.6      -1.1       8.0 
3711 -0.542159 -0.569267 -0.618061 
 39821.7  14020.2      0.2     43.3     -0.2     28.9 
    -0.0     19.6     -0.2     57.7  20593.2  21629.2 
     -8.1      54.1      -6.7      46.9 
     -2.2      21.2      -1.1      15.7 
     -1.9      15.0      -1.1      11.7 
     -2.1      13.5      -1.1      11.0 
3712 -0.612205 -0.535679 -0.581595 
 42078.6  12540.4      0.2     43.3     -0.2     28.9 
     0.3     19.0     -0.2     57.7  22659.7  23434.0 
     -6.5      50.7      -7.2      47.4 
     -1.8      20.6      -1.0      14.5 
     -1.7      14.7      -0.9      10.6 
     -1.8      13.3      -1.1       9.7 
3713 -0.670317 -0.502738 -0.545830 
 44861.4  11457.5      0.2     43.3     -0.2     28.9 
     0.7     18.5     -0.2     57.7  24203.8  25092.3 
     -6.3      54.3      -7.5      44.9 
     -2.0      20.5      -1.4      16.2 
     -1.7      14.7      -0.8      13.0 
     -1.6      13.1      -0.9      12.5 
3714 -0.718269 -0.471364 -0.511767 
 47757.7  10790.1      0.2     43.3     -0.2     28.9 
     0.7     18.1     -0.2     57.7  26347.4  27158.1 
     -7.1      55.8      -8.3      44.8 
     -1.8      20.8      -1.1      15.9 
     -1.5      14.4      -0.9      11.6 
     -1.6      12.8      -1.0      11.0 
3715 -0.757796 -0.442047 -0.479937 
 50855.6  10149.2      0.2     43.3     -0.2     28.9 
     0.4     17.6     -0.2     57.7  28164.5  29044.5 
     -6.7      56.6      -7.0      42.5 
     -1.7      20.3      -0.7      16.5 
     -1.3      14.3      -0.8      14.1 
     -1.4      12.7      -0.7      13.5 
3716 -0.790440 -0.414981 -0.450551 
 54213.4   9864.7      0.2     43.3     -0.2     28.9 
     0.5     17.2     -0.2     57.7  30240.5  31143.0 
    -10.1      57.0      -8.6      41.3 
     -1.6      20.4      -1.0      16.4 
     -1.5      14.0      -0.6      12.4 
     -1.3      12.5      -0.6      11.8 
3717 -0.817505 -0.390173 -0.423616 
 57515.4   9519.2      0.2     43.3     -0.2     28.9 
     0.4     16.9     -0.2     57.7  32774.7  33642.9 
     -6.4      57.9      -8.1      40.8 
     -1.8      20.0      -0.9      17.4 
     -1.4      13.9      -0.7      14.6 
     -1.3      12.3      -0.8      14.3 
3718 -0.840060 -0.367526 -0.399028 
 61029.1   9312.2      0.2     43.3     -0.2     28.9 
     0.5     16.4     -0.2     57.7  34817.2  35813.0 
     -6.6      59.0      -8.0      39.9 
     -1.8      19.9      -1.0      16.6 
     -1.2      13.6      -0.6      12.9 
     -1.3      12.2      -0.6      12.3 
3719 0.708659 -0.620076 -0.336613 
 72442.6  11159.2      0.2     43.3     -0.2     28.9 
     0.2     86.6     -0.2     57.7  42644.2  43691.4 
    -13.4      59.1      10.6      45.6 
     -1.5      22.8       1.1      16.2 
     -1.5      17.4       0.8      12.0 
     -1.6      16.0       1.2      11.2 
3720 0.677337 -0.646549 -0.350984 
 69559.9  11511.7      0.2     43.3     -0.2     28.9 
     0.2     86.6     -0.2     57.7  40318.3  41525.1 
    -10.5      56.8       9.9      50.0 
     -1.8      22.8       1.4      17.0 
     -1.4      17.5       0.8      13.2 
     -1.3      16.3       0.8      13.0 
3721 0.641844 -0.673936 -0.365851 
 66847.0  12187.0      0.2     43.3     -0.2     28.9 
     0.2     86.6     -0.2     57.7  38837.8  39855.1 
    -11.0      55.6      10.4      49.6 
     -1.9      23.0       1.4      15.3 
     -1.4      17.6       1.0      11.3 
     -1.7      16.4       1.0      10.4 
3722 0.601687 -0.701968 -0.381068 
 64003.9  12791.3      0.2     43.3     -0.2     28.9 
     0.2     86.6     -0.2     57.7  36719.0  38012.4 
     -9.9      55.2      10.0      50.5 
     -2.1      22.2       1.3      16.0 
     -1.3      17.4       1.0      12.5 
     -1.5      16.5       1.0      11.9 
3723 0.556388 -0.730259 -0.396426 
 61749.8  13296.3      0.2     43.3     -0.2     28.9 
     0.2     86.6     -0.2     57.7  35573.5  36534.0 
    -11.1      51.6      10.6      53.8 
     -1.8      23.4       1.2      15.1 
     -1.8      17.8       1.2      10.5 
     -1.6      16.6       1.0       9.5 
3724 0.505524 -0.758286 -0.411641 
 59627.8  14146.4      0.2     43.3     -0.2     28.9 
     0.2     86.6     -0.2     57.7  33880.8  34741.2 
    -11.0      51.9      10.0      53.8 
     -2.3      23.1       1.3      16.1 
     -1.5      17.9       0.9      11.8 
     -1.5      16.7       1.0      10.8 
3725 0.448787 -0.785377 -0.426348 
 57483.4  14150.7      0.2     43.3     -0.2     28.9 
     0.2     86.6     -0.2     57.7  32328.1  33660.0 
    -11.4      53.0       7.0      52.6 
     -2.1      23.1       1.2      13.7 
     -2.0      18.1       1.2       9.4 
     -1.8      17.0       1.1       8.3 
3726 0.386057 -0.810720 -0.440105 
 55841.7  14287.6      0.2     43.3     -0.2     28.9 
     0.2     86.6     -0.2     57.7  31293.0  32428.9 
    -11.3      51.8       7.7      54.1 
     -2.1      23.4       1.4      15.4 
     -2.1      18.1       1.3      11.2 
     -2.0      17.2       1.5      10.2 
3727 0.317480 -0.833386 -0.452409 
 54325.7  13990.3      0.2     43.3     -0.2     28.9 
     0.2     86.6     -0.6      5.7  30504.2  31377.8 
    -11.0      54.1       6.1      55.8 
     -2.0      23.1       1.2      13.5 
     -2.2      18.5       1.2       8.0 
     -2.4      17.3       1.3       6.8 
3728 0.243541 -0.852392 -0.462727 
 53094.9  13708.9      0.2     43.3     -0.2     28.9 
     0.2     86.6     -0.6     17.8  29798.2  30620.5 
    -11.4      55.6       5.7      58.5 
     -2.3      23.2       1.5      15.1 
     -2.2      18.6       1.3      10.9 
     -2.1      17.5       1.2       9.8 
3729 0.165103 -0.866792 -0.470544 
 52387.3  13438.4      0.2     43.3     -0.5      3.0 
     0.2     86.6     -0.6     30.9  29317.7  30189.2 
    -11.6      52.6       6.5      59.0 
     -2.4      23.2       1.3      11.1 
     -2.3      18.4       1.0       5.9 
     -2.2      17.7       1.0       4.7 
3730 0.124573 -0.872008 -0.473376 
 51987.9  13379.0      0.2     43.3     -0.7      8.9 
     0.2     86.6     -0.7     37.5  28720.4  29479.2 
    -12.5      52.8       5.9      60.8 
     -2.3      23.2       0.8       9.9 
     -2.2      18.6       0.8       4.3 
     -2.3      17.8       0.8       3.6 
3731 0.083409 -0.875791 -0.475429 
 51816.8  13313.9      0.2     43.3     -0.8     15.2 
     0.2     86.6     -0.8     43.8  28617.2  29487.7 
    -11.4      50.6       0.9      59.6 
     -2.3      23.2       0.9      10.4 
     -2.3      18.6       0.7       3.4 
     -2.7      17.6       0.6       2.4 
3732 0.041814 -0.878085 -0.476675 
 51568.9  13360.7      0.2     43.3     -1.1     21.5 
     0.2     86.6     -1.1     50.0  28345.6  29578.1 
    -12.4      50.7       2.4      68.0 
     -2.6      23.4      -0.0      14.2 
     -2.2      18.6       0.5       3.1 
     -2.7      17.7       0.5       1.3 
3733 -0.000000 -0.878853 -0.477092 
 51733.3  13287.4      0.2     43.3     -0.0     26.1 
     0.2     86.6     -0.0     54.6  28518.9  29386.8 
    -11.7      52.0      -2.1      74.0 
     -3.1      23.6       0.0      23.6 
     -2.4      18.4       0.8       5.9 
     -2.5      17.7       0.3       2.6 
3734 -0.041814 -0.878085 -0.476675 
 51846.6  13327.7      0.2     43.3      1.4     21.4 
     0.2     86.6      1.3     50.0  28148.1  29478.8 
    -11.7      51.1      -1.0      65.8 
     -2.9      23.0       0.1      14.3 
     -2.4      18.6      -0.0       2.9 
     -2.6      17.4      -0.0       1.5 
3735 -0.083409 -0.875791 -0.475429 
 51823.5  13349.5      0.2     43.3      0.7     15.2 
     0.2     86.6      0.8     43.7  29122.6  29970.4 
    -12.6      51.6      -0.7      69.0 
     -2.9      23.1      -0.8      10.6 
     -2.6      18.6      -0.3       3.2 
     -2.5      17.7      -0.3       2.3 
3736 -0.124573 -0.872008 -0.473376 
 51999.6  13371.3      0.2     43.3      0.5      8.9 
     0.2     86.6      0.8     37.4  28857.6  29859.9 
    -12.1      53.6      -3.7      63.4 
     -2.6      23.4      -0.5       9.6 
     -2.1      18.5      -0.4       4.4 
     -2.4      17.7      -0.5       3.5 
3737 -0.165103 -0.866792 -0.470544 
 52355.4  13449.6      0.2     43.3      0.2      3.1 
     0.2     86.6      0.7     30.9  29293.0  29968.7 
     -8.9      51.8      -1.1      56.8 
     -2.2      23.3      -0.7      11.2 
     -2.5      18.4      -0.6       5.8 
     -2.7      17.9      -0.7       4.6 
3738 -0.243541 -0.852392 -0.462727 
 52998.0  13612.7      0.2     43.3     -0.2     28.9 
     0.2     86.6      0.4     17.8  29753.0  30461.4 
    -10.6      52.4      -3.6      56.6 
     -2.1      23.1      -1.1      14.7 
     -2.5      18.5      -1.2      10.8 
     -1.9      17.7      -1.0       9.8 
3739 -0.317480 -0.833386 -0.452409 
 54312.1  14039.9      0.2     43.3     -0.2     28.9 
     0.2     86.6      0.7      5.6  30370.3  31325.9 
    -11.5      52.1      -5.9      55.9 
     -2.5      23.5      -1.2      13.3 
     -2.2      18.4      -0.9       8.0 
     -1.8      17.4      -0.8       6.7 
3740 -0.386057 -0.810720 -0.440105 
 55730.9  14356.5      0.2     43.3     -0.2     28.9 
     0.2     86.6     -0.2     57.7  31171.0  32273.7 
     -7.2      52.3      -4.8      55.1 
     -2.0      23.3      -1.0      15.6 
     -1.8      18.3      -1.1      11.2 
     -2.1      17.3      -1.0      10.0 
3741 -0.448787 -0.785377 -0.426348 
 57764.3  14180.3      0.2     43.3     -0.2     28.9 
     0.2     86.6     -0.2     57.7  32564.4  33604.9 
    -11.5      56.1      -5.8      54.0 
     -2.3      23.3      -1.1      14.3 
     -1.9      18.1      -0.8       9.4 
     -1.8      17.0      -0.7       8.2 
3742 -0.505524 -0.758286 -0.411641 
 59561.6  14185.7      0.2     43.3     -0.2     28.9 
     0.2     86.6     -0.2     57.7  33294.8  34738.9 
    -10.0      53.3      -6.2      50.7 
     -2.4      22.7      -1.0      15.9 
     -1.9      17.9      -0.9      11.8 
     -2.1      16.8      -0.8      11.1 
3743 -0.556388 -0.730259 -0.396426 
 61836.3  13298.0      0.2     43.3     -0.2     28.9 
     0.2     86.6     -0.2     57.7  35141.3  36147.7 
    -12.6      56.9      -8.4      49.5 
     -2.0      23.2      -0.9      14.9 
     -1.7      17.7      -0.6      10.6 
     -1.8      16.5      -0.7       9.4 
3744 -0.601687 -0.701968 -0.381068 
 64199.6  12840.7      0.2     43.3     -0.2     28.9 
     0.2     86.6     -0.2     57.7  36498.5  37817.8 
    -11.1      55.5      -8.5      46.0 
     -2.0      23.1      -1.0      16.7 
     -1.2      17.7      -0.6      12.5 
     -1.8      16.3      -0.7      12.0 
3745 -0.641844 -0.673936 -0.365851 
 66656.1  12313.8      0.2     43.3     -0.2     28.9 
     0.2     86.6     -0.2     57.7  38536.4  39531.9 
     -8.7      55.3      -7.6      44.2 
     -1.8      23.4      -0.7      16.0 
     -1.6      17.3      -0.7      11.1 
     -1.9      16.3      -0.7      10.4 
3746 -0.677337 -0.646549 -0.350984 
 69593.8  11557.2      0.2     43.3     -0.2     28.9 
     0.2     86.6     -0.2     57.7  40347.3  41542.2 
    -11.9      55.1      -8.4      42.2 
     -2.5      22.9      -1.2      16.9 
     -1.4      17.5      -0.7      13.6 
     -1.5      16.1      -0.7      12.8 
3747 -0.708659 -0.620076 -0.336613 
 72417.5  11003.5      0.2     43.3     -0.2     28.9 
     0.2     86.6     -0.2     57.7  42343.3  43384.4 
     -9.9      59.4      -6.6      41.2 
     -2.1      22.7      -0.7      15.9 
     -1.4      17.2      -0.5      11.8 
     -1.6      15.6      -0.6      11.0 
3748 0.482910 -0.845093 -0.229382 
106452.0  13696.7      0.2     43.3     -0.2     28.9 
     0.2     86.6     -0.2     57.7  65050.3  66279.2 
    -10.6      51.6       7.9      50.6 
     -2.1      21.6       1.3      15.9 
     -1.6      16.4       0.9      10.0 
     -1.4      15.1       0.7       8.9 
3749 0.451149 -0.861285 -0.233777 
104811.3  13593.4      0.2     43.3     -0.2     28.9 
     0.2     86.6     -0.2     57.7  63550.1  65417.1 
    -12.5      54.1      13.2      59.9 
     -2.7      22.0       1.7      17.4 
     -1.5      16.7       0.8      11.9 
     -1.3      15.0       0.9      10.8 
3750 0.417577 -0.876913 -0.238019 
103074.1  13590.5      0.2     43.3     -0.2     28.9 
     0.2     86.6     -0.2     57.7  62529.0  64364.8 
    -11.1      53.5      10.4      58.6 
     -2.3      22.0       1.5      16.1 
     -1.9      16.6       1.0       9.4 
     -1.7      15.3       0.8       8.3 
3751 0.382204 -0.891810 -0.242063 
101089.8  13365.7      0.2     43.3     -0.2     28.9 
     0.2     86.6     -0.2     57.7  61390.9  62881.0 
    -13.4      53.1      10.9      64.0 
     -2.3      22.7       1.6      17.2 
     -1.9      16.9       1.1      11.5 
     -1.6      15.2       1.0      10.3 
3752 0.345068 -0.905804 -0.245861 
 99817.7  13235.6      0.2     43.3     -0.2     28.9 
     0.2     86.6     -0.2     57.7  60376.3  62408.5 
    -13.8      54.0       9.9      63.5 
     -2.5      22.5       1.5      16.6 
     -2.0      17.2       1.0       8.9 
     -1.9      15.2       0.9       7.4 
3753 0.306238 -0.918714 -0.249365 
 98067.1  13003.2      0.2     43.3     -0.2     28.9 
     0.2     86.6     -0.2     57.7  59563.3  61421.8 
    -13.3      52.2       9.0      64.5 
     -2.4      22.3       1.7      17.9 
     -2.1      16.9       1.0      11.3 
     -2.0      15.4       1.3      10.2 
3754 0.265817 -0.930361 -0.252527 
 97392.8  12924.8      0.2     43.3     -0.2     28.9 
     0.2     86.6     -0.2     57.7  58373.6  60037.7 
    -12.5      49.3      10.4      71.5 
     -1.9      22.3       1.2      16.0 
     -2.0      17.2       1.0       7.8 
     -1.8      15.5       1.0       6.5 
3755 0.223945 -0.940570 -0.255298 
 95933.3  12705.5      0.2     43.3     -0.2     28.9 
     0.2     86.6     -0.2     57.7  57308.6  59758.9 
    -13.7      52.7       6.6      67.4 
     -2.4      22.1       1.0      18.2 
     -2.1      17.0       1.4      11.2 
     -2.1      15.7       1.5      10.1 
3756 0.180796 -0.949177 -0.257634 
 95223.6  12630.9      0.2     43.3     -0.2     28.9 
     0.2     86.6     -0.7      3.3  55967.4  58334.7 
    -14.4      53.9       8.5      73.7 
     -2.9      21.8       1.3      15.5 
     -1.9      17.2       0.9       6.7 
     -2.4      15.8       1.1       5.3 
3757 0.136577 -0.956038 -0.259496 
 94397.2  12543.4      0.2     43.3     -0.2     28.9 
     0.2     86.6     -0.9     16.0  56668.0  58492.8 
    -11.7      52.2       7.1      73.3 
     -2.6      22.1       1.2      17.7 
     -2.0      16.9       1.3      11.3 
     -2.7      15.7       1.3      10.4 
3758 0.091527 -0.961030 -0.260851 
 94289.4  12475.7      0.2     43.3     -0.5      1.7 
     0.2     86.6     -1.1     29.4  55701.8  57395.0 
    -14.0      52.2       6.6      74.8 
     -2.5      22.8       1.0      16.4 
     -1.9      17.3       0.8       5.1 
     -2.4      15.5       0.8       3.8 
3759 0.068771 -0.962796 -0.261330 
 94225.0  12509.5      0.2     43.3     -1.1      7.7 
     0.2     86.6     -1.2     36.3  55904.9  57594.1 
    -13.1      50.2       1.7      81.1 
     -2.7      22.8       0.8      17.0 
     -2.2      17.2       0.7       4.1 
     -2.4      15.6       0.6       3.0 
3760 0.045908 -0.964064 -0.261674 
 94136.4  12535.3      0.2     43.3     -1.2     14.3 
     0.2     86.6     -1.3     42.9  56008.0  57786.1 
    -13.4      50.0       2.9      81.0 
     -2.9      22.3       0.1      20.2 
     -2.2      17.2       0.6       3.7 
     -2.3      15.7       0.5       2.1 
3761 0.022972 -0.964827 -0.261882 
 93621.1  12542.0      0.2     43.3     -1.7     20.8 
     0.2     86.6     -1.7     49.2  56365.1  58111.8 
    -12.7      52.1       0.8      85.7 
     -2.9      22.1      -0.5      26.1 
     -2.5      17.1       0.3       5.2 
     -2.5      15.9       0.2       2.0 
3762 -0.000000 -0.965081 -0.261951 
 93838.7  12357.7      0.2     43.3     -0.0     25.4 
     0.2     86.6     -0.0     53.7  56484.6  58076.6 
    -12.8      54.3       0.9      88.8 
     -2.6      22.0       1.4      36.7 
     -2.3      16.9      -0.1      11.8 
     -2.5      15.8       0.2       4.8 
3763 -0.022972 -0.964827 -0.261882 
 93971.8  12421.2      0.2     43.3      1.5     20.7 
     0.2     86.6      1.5     49.1  56220.2  57415.7 
    -12.3      51.7      -4.1      87.1 
     -2.9      22.6      -0.6      27.9 
     -2.1      17.1       0.3       5.1 
     -2.2      15.7       0.1       2.3 
3764 -0.045908 -0.964064 -0.261674 
 93867.1  12379.5      0.2     43.3      1.2     14.4 
     0.2     86.6      1.4     42.8  55979.7  57670.7 
    -13.5      50.7      -2.5      83.2 
     -2.8      22.4      -0.1      18.7 
     -2.4      17.2      -0.0       3.8 
     -2.0      16.0      -0.1       2.0 
3765 -0.068771 -0.962796 -0.261330 
 93837.8  12408.3      0.2     43.3      1.0      7.7 
     0.2     86.6      1.2     36.2  56157.1  58084.4 
    -12.0      52.4      -0.0      72.5 
     -2.7      22.0       0.1      16.4 
     -2.4      17.4      -0.2       4.1 
     -2.4      15.8      -0.3       2.8 
3766 -0.091527 -0.961030 -0.260851 
 94107.5  12455.2      0.2     43.3      0.6      1.8 
     0.2     86.6      1.0     29.7  56167.0  57816.4 
    -12.3      49.8       2.4      75.7 
     -2.7      22.4      -0.8      15.8 
     -2.1      17.1      -0.4       5.3 
     -2.4      16.0      -0.4       3.9 
3767 -0.136577 -0.956038 -0.259496 
 94584.3  12557.3      0.2     43.3     -0.2     28.9 
     0.2     86.6      0.7     16.1  56085.6  58333.3 
    -11.7      49.4      -3.3      76.3 
     -2.8      22.3      -1.5      18.3 
     -1.8      17.6      -0.8      11.5 
     -2.3      15.7      -0.9      10.3 
3768 -0.180796 -0.949177 -0.257634 
 94927.6  12578.1      0.2     43.3     -0.2     28.9 
     0.2     86.6      0.7      3.2  57179.1  58747.9 
    -10.8      51.6      -3.0      69.9 
     -2.6      22.2      -1.0      15.7 
     -1.8      17.1      -0.7       6.9 
     -2.2      15.6      -0.6       5.3 
3769 -0.223945 -0.940570 -0.255298 
 96081.9  12678.3      0.2     43.3     -0.2     28.9 
     0.2     86.6     -0.2     57.7  57358.6  59462.1 
    -10.8      50.2      -3.1      69.9 
     -2.7      22.8      -1.3      18.4 
     -2.1      17.1      -0.8      11.2 
     -2.2      15.9      -0.8      10.1 
3770 -0.265817 -0.930361 -0.252527 
 97127.7  12978.5      0.2     43.3     -0.2     28.9 
     0.2     86.6     -0.2     57.7  58687.7  60098.2 
    -12.0      50.8      -6.4      65.6 
     -2.7      22.7      -1.0      16.1 
     -1.9      17.1      -0.6       7.9 
     -1.9      15.4      -0.5       6.4 
3771 -0.306238 -0.918714 -0.249365 
 98410.0  13145.6      0.2     43.3     -0.2     28.9 
     0.2     86.6     -0.2     57.7  58746.4  60274.9 
    -13.6      53.9      -6.0      64.6 
     -2.6      22.7      -1.0      18.2 
     -1.7      16.9      -0.8      11.2 
     -1.9      15.4      -0.8      10.1 
3772 -0.345068 -0.905804 -0.245861 
 99463.1  13261.7      0.2     43.3     -0.2     28.9 
     0.2     86.6     -0.2     57.7  60081.7  61528.1 
     -9.7      54.2      -6.7      60.3 
     -2.7      22.4      -1.3      16.5 
     -1.9      17.0      -0.7       8.8 
     -1.9      15.4      -0.7       7.6 
3773 -0.382204 -0.891810 -0.242063 
101384.1  13473.5      0.2     43.3     -0.2     28.9 
     0.2     86.6     -0.2     57.7  61502.3  63003.9 
    -12.9      52.6      -5.6      59.0 
     -2.2      22.7      -1.1      18.4 
     -1.7      16.8      -0.5      11.5 
     -1.7      15.4      -0.7      10.4 
3774 -0.417577 -0.876913 -0.238019 
102724.1  13598.3      0.2     43.3     -0.2     28.9 
     0.2     86.6     -0.2     57.7  62596.3  64007.9 
    -11.0      48.6      -8.5      55.2 
     -2.3      22.5      -1.4      16.4 
     -1.8      16.6      -0.6       9.5 
     -1.7      15.1      -0.6       8.2 
3775 -0.451149 -0.861285 -0.233777 
104750.9  13559.0      0.2     43.3     -0.2     28.9 
     0.2     86.6     -0.2     57.7  63620.1  65391.7 
    -12.1      52.2      -7.0      51.2 
     -2.0      22.1      -1.2      17.8 
     -1.6      16.4      -0.6      11.5 
     -1.6      15.1      -0.6      10.8 
3776 -0.482910 -0.845093 -0.229382 
106635.5  13661.1      0.2     43.3     -0.2     28.9 
     0.2     86.6     -0.2     57.7  65734.1  67172.4 
    -11.3      53.7      -4.5      47.3 
     -2.8      22.3      -1.4      16.5 
     -1.6      16.2      -0.6      10.1 
     -1.6      15.2      -0.5       8.9 
3777 0.337328 -0.927651 -0.160231 
152551.7  13047.4      0.2     43.3     -0.2     28.9 
     0.2     86.6     -0.2     57.7  95564.5  99178.9 
    -11.2      52.5       5.0      54.6 
     -2.7      23.5       1.6      18.3 
     -1.9      17.4       1.0       9.1 
     -1.8      16.2       1.0       7.7 
3778 0.312066 -0.936198 -0.161707 
151500.3  12950.8      0.2     43.3     -0.2     28.9 
     0.2     86.6     -0.2     57.7  95652.9  98403.8 
    -14.4      56.6      10.5      60.0 
     -2.8      22.8       2.1      20.5 
     -1.7      17.4       1.0      11.6 
     -2.0      16.2       1.1      10.6 
3779 0.286124 -0.944211 -0.163091 
150420.4  12897.9      0.2     43.3     -0.2     28.9 
     0.2     86.6     -0.2     57.7  94404.8  96691.6 
    -14.3      56.1      14.0      67.7 
     -2.9      22.6       1.5      19.5 
     -1.7      17.6       0.8       8.8 
     -1.6      16.2       0.8       7.0 
3780 0.259539 -0.951641 -0.164374 
149010.3  12807.4      0.2     43.3     -0.2     28.9 
     0.2     86.6     -0.2     57.7  92948.2  96457.9 
    -13.1      52.8       6.5      65.9 
     -2.5      22.8       1.9      22.0 
     -2.0      17.6       1.2      11.5 
     -2.3      16.0       1.2      10.2 
3781 0.232349 -0.958440 -0.165549 
147675.4  12660.5      0.2     43.3     -0.2     28.9 
     0.2     86.6     -0.2     57.7  92744.1  95335.3 
    -16.8      58.4      14.1      69.8 
     -2.7      23.2       1.2      20.0 
     -1.7      17.5       1.0       7.9 
     -2.0      16.0       1.0       6.4 
3782 0.204604 -0.964562 -0.166606 
147104.6  12575.4      0.2     43.3     -0.2     28.9 
     0.2     86.6     -0.2     57.7  92217.5  94572.5 
    -16.8      59.2       7.9      79.3 
     -2.7      23.1       1.7      23.2 
     -2.1      17.5       1.2      11.6 
     -2.1      16.3       1.3      10.5 
3783 0.176357 -0.969963 -0.167539 
146460.3  12627.1      0.2     43.3     -0.2     28.9 
     0.2     86.6     -0.2     57.7  91693.8  93863.4 
    -12.6      55.0       7.3      81.2 
     -2.8      22.8       1.4      20.3 
     -2.0      17.4       1.0       7.3 
     -2.2      16.5       1.1       5.6 
3784 0.147667 -0.974605 -0.168341 
145631.4  12607.2      0.2     43.3     -0.2     28.9 
     0.2     86.6     -0.2     57.7  92117.5  94512.2 
    -13.9      54.3       9.0      84.0 
     -2.8      22.7       1.3      23.8 
     -2.1      17.3       1.2      11.7 
     -2.2      16.1       1.5      10.4 
3785 0.118600 -0.978453 -0.169006 
145283.5  12536.4      0.2     43.3     -0.2     28.9 
     0.2     86.6     -0.7      2.0  90721.2  92854.1 
    -18.1      55.3       8.1      90.5 
     -2.8      22.9       1.5      23.1 
     -1.9      17.5       0.9       6.2 
     -2.4      16.0       1.0       4.7 
3786 0.089225 -0.981478 -0.169528 
144461.6  12575.7      0.2     43.3     -0.2     28.9 
     0.2     86.6     -1.1     15.2  90241.7  92581.8 
    -13.9      54.5       8.1      91.6 
     -2.9      22.8       1.5      24.2 
     -1.8      17.6       1.3      11.9 
     -2.5      16.0       1.4      10.8 
3787 0.059616 -0.983656 -0.169904 
144406.4  12376.6      0.2     43.3     -0.8      1.1 
     0.2     86.6     -1.1     28.9  89040.6  92125.4 
    -12.1      53.3       6.8     100.6 
     -3.3      22.7       1.3      23.1 
     -2.7      17.7       0.8       5.5 
     -2.7      16.1       0.7       3.5 
3788 0.044746 -0.984421 -0.170036 
144153.5  12399.5      0.2     43.3     -1.1      7.2 
     0.2     86.6     -1.3     35.6  88766.5  92223.3 
    -13.0      54.5      -3.5      96.8 
     -3.1      22.3       0.6      26.1 
     -2.2      17.3       0.6       4.9 
     -2.5      16.0       0.6       2.7 
3789 0.029848 -0.984969 -0.170131 
144420.2  12348.5      0.2     43.3     -1.5     13.9 
     0.2     86.6     -1.6     42.2  90065.9  92775.9 
    -16.5      52.5       3.3     106.5 
     -3.4      23.2       0.5      31.4 
     -2.2      17.5       0.5       6.0 
     -2.2      16.2       0.4       2.5 
3790 0.014929 -0.985299 -0.170188 
144302.6  12357.6      0.2     43.3     -1.7     20.5 
     0.2     86.6     -1.8     48.6  88873.7  91582.2 
    -13.9      57.1       4.4     102.4 
     -3.2      23.5      -1.4      39.0 
     -2.3      17.3       0.2       9.6 
     -2.1      16.1       0.1       2.7 
3791 -0.000000 -0.985408 -0.170207 
144154.8  12395.3      0.2     43.3     -0.2     25.1 
     0.2     86.6     -0.2     53.1  89116.7  92547.1 
    -12.9      55.9      -2.2     103.5 
     -3.2      23.2      -0.7      48.7 
     -2.4      17.3       0.1      17.7 
     -2.4      16.0       0.1       8.9 
3792 -0.014929 -0.985299 -0.170188 
144407.8  12338.9      0.2     43.3      1.7     20.4 
     0.2     86.6      1.7     48.8  90787.4  92707.8 
    -15.2      52.6       0.4     103.0 
     -3.2      23.3      -0.4      38.5 
     -2.4      17.5       0.2      10.9 
     -2.4      16.4       0.2       3.8 
3793 -0.029848 -0.984969 -0.170131 
144361.1  12403.8      0.2     43.3      1.4     13.8 
     0.2     86.6      1.5     42.1  90197.2  92441.1 
    -12.2      47.0       5.6      96.9 
     -3.1      23.4      -0.2      30.8 
     -2.4      17.5       0.0       6.2 
     -2.5      16.3      -0.1       2.2 
3794 -0.044746 -0.984421 -0.170036 
144428.0  12387.0      0.2     43.3      1.3      7.2 
     0.2     86.6      1.4     35.9  89681.7  92056.4 
    -12.3      48.7      -0.0      93.9 
     -2.9      23.1      -0.6      25.0 
     -2.4      17.5      -0.2       5.5 
     -2.2      16.0      -0.2       2.6 
3795 -0.059616 -0.983656 -0.169904 
144719.7  12384.1      0.2     43.3      0.6      1.1 
     0.2     86.6      1.2     28.9  89954.8  92858.3 
    -12.5      53.2      -0.6      96.6 
     -3.4      23.0      -0.7      23.3 
     -2.4      17.6      -0.5       5.4 
     -2.6      16.1      -0.4       3.5 
3796 -0.089225 -0.981478 -0.169528 
144618.9  12378.3      0.2     43.3     -0.2     28.9 
     0.2     86.6      0.9     15.2  90391.3  92550.7 
    -12.1      52.3       3.2      96.1 
     -3.1      22.5      -1.1      23.4 
     -2.3      17.7      -0.8      11.8 
     -2.7      16.3      -1.0      10.7 
3797 -0.118600 -0.978453 -0.169006 
145207.1  12493.2      0.2     43.3     -0.2     28.9 
     0.2     86.6      0.8      2.1  90845.9  92863.0 
    -13.6      51.9      -3.0      90.2 
     -3.4      23.6      -1.2      21.1 
     -2.2      17.7      -0.5       6.6 
     -2.2      16.2      -0.6       4.6 
3798 -0.147667 -0.974605 -0.168341 
145881.6  12515.7      0.2     43.3     -0.2     28.9 
     0.2     86.6     -0.2     57.7  91271.8  93957.7 
    -12.4      51.4      -1.0      84.6 
     -2.7      23.7      -1.6      24.1 
     -1.9      17.3      -1.0      11.6 
     -2.1      16.1      -1.0      10.4 
3799 -0.176357 -0.969963 -0.167539 
146273.8  12608.7      0.2     43.3     -0.2     28.9 
     0.2     86.6     -0.2     57.7  91296.4  93800.2 
    -16.5      58.2      -6.1      79.9 
     -2.9      22.6      -1.2      21.0 
     -2.0      17.5      -0.6       7.0 
     -2.2      16.0      -0.7       5.7 
3800 -0.204604 -0.964562 -0.166606 
146847.1  12621.7      0.2     43.3     -0.2     28.9 
     0.2     86.6     -0.2     57.7  92994.7  95761.1 
    -12.7      56.3      -6.3      72.8 
     -2.7      23.0      -1.5      21.5 
     -2.1      17.5      -0.7      11.7 
     -2.1      16.0      -0.9      10.5 
3801 -0.232349 -0.958440 -0.165549 
148398.7  12681.6      0.2     43.3     -0.2     28.9 
     0.2     86.6     -0.2     57.7  92921.5  95167.2 
    -11.5      53.7      -6.4      71.2 
     -3.0      23.1      -1.2      20.2 
     -1.9      17.3      -0.6       7.8 
     -2.3      16.1      -0.6       6.4 
3802 -0.259539 -0.951641 -0.164374 
148940.8  12799.3      0.2     43.3     -0.2     28.9 
     0.2     86.6     -0.2     57.7  93522.4  95698.1 
    -17.9      60.5      -5.6      63.4 
     -2.6      22.8      -1.4      21.5 
     -2.3      17.7      -0.8      11.6 
     -2.1      15.9      -0.8      10.4 
3803 -0.286124 -0.944211 -0.163091 
150087.6  13017.0      0.2     43.3     -0.2     28.9 
     0.2     86.6     -0.2     57.7  93271.2  96795.5 
    -16.1      54.2      -6.3      61.2 
     -2.9      22.9      -1.1      19.1 
     -1.9      17.2      -0.7       8.4 
     -2.0      15.8      -0.6       6.9 
3804 -0.312066 -0.936198 -0.161707 
151299.7  12966.6      0.2     43.3     -0.2     28.9 
     0.2     86.6     -0.2     57.7  94511.4  97850.6 
    -14.8      56.8      -0.2      60.5 
     -2.9      23.0      -1.4      19.8 
     -2.0      17.3      -0.8      11.7 
     -2.1      15.9      -0.9      10.3 
3805 -0.337328 -0.927651 -0.160231 
152819.1  13197.3      0.2     43.3     -0.2     28.9 
     0.2     86.6     -0.2     57.7  95415.4  97594.6 
    -13.9      56.9      -4.7      56.2 
     -2.4      23.2      -1.1      18.2 
     -1.8      17.3      -0.6       8.9 
     -2.2      16.0      -0.8       7.7 
