OCR_prd2017clk:dj0198a,R11@-300V,0.0T@20d,263K,rhe=1.10,rhh=0.7,1.5/1.5 
315 1 0.00 28 3 29 2 300.0000 263.0000 0.7000 1.0000 650.0000 0.2900 0.2300 150.0000 100.0000 290.0000 2100.0000 0.1500 0.110000 1.5000 1.0000 0.8500 
4501 -0.105170 0.946530 -0.304993 
 72921.9  12007.3      0.2     43.3      1.1      3.5 
     0.2     86.6      1.5     29.9  41924.0  43433.1 
     16.9      52.3      -3.3      67.7 
      9.3      28.4      -2.6      14.3 
      7.9      24.4      -2.2       5.8 
      8.8      26.4      -2.2       4.6 
4502 -0.113613 0.937303 -0.329476 
 67530.1  11949.3      0.2     43.3      0.8      3.7 
     0.2     86.6      1.7     30.0  38220.9  39692.2 
     18.1      55.1      -3.7      66.2 
      8.5      27.6      -2.7      13.7 
      7.7      25.0      -2.3       5.8 
      8.5      25.8      -2.3       4.7 
4503 -0.123410 0.925573 -0.357888 
 62264.8  12167.4      0.2     43.3      0.9      4.2 
     0.2     86.6      1.3     30.2  34709.6  36223.5 
     18.4      55.2      -2.1      65.2 
      8.4      27.1      -2.7      12.8 
      8.2      23.1      -2.4       5.9 
      8.4      24.8      -2.4       5.0 
4504 -0.134874 0.910397 -0.391134 
 56901.0  12282.9      0.2     43.3      0.6      4.6 
     0.2     86.6      1.5     30.6  31427.3  32419.3 
     16.3      55.8      -0.4      62.9 
      7.7      26.3      -2.4      12.0 
      7.8      22.1      -2.4       6.0 
      8.5      21.3      -2.4       5.0 
4505 -0.148397 0.890380 -0.430350 
 51767.4  12548.8      0.2     43.3      0.5      5.0 
     0.2     86.6      1.0     30.8  28688.8  29418.2 
     17.5      55.8      -5.3      63.9 
      7.3      26.5      -2.5      12.0 
      7.6      22.2      -2.5       6.3 
      8.1      24.2      -2.6       5.3 
4506 -0.164460 0.863416 -0.476934 
 46603.5  12936.5      0.2     43.3      0.2      5.4 
     0.2     86.6      1.0     31.1  24686.3  25747.1 
     14.3      56.5      -3.4      52.9 
      8.0      26.6      -2.9      11.3 
      6.9      22.6      -2.5       6.4 
      7.6      24.2      -2.5       5.7 
4507 -0.183618 0.826279 -0.532491 
 41692.9  13433.7      0.2     43.3     -0.1      6.0 
     0.2     86.6      0.9     31.6  21686.4  22407.5 
     15.7      53.2      -7.2      55.4 
      7.7      24.7      -3.0      11.0 
      7.4      20.1      -2.6       6.5 
      8.1      22.1      -2.8       6.0 
4508 -0.206405 0.774019 -0.598575 
 37147.6  14206.0      0.2     43.3     -0.4      6.6 
     0.2     86.6      0.6     32.1  17931.9  18899.8 
     17.2      55.0      -7.4      52.9 
      7.2      24.5      -2.9      11.0 
      6.9      19.6      -2.7       6.8 
      8.2      19.0      -3.0       6.1 
4509 -0.233063 0.699189 -0.675882 
 32982.3  15298.9      0.2     43.3     -0.5      7.2 
     0.5     13.2      0.3     32.5  16261.1  16892.2 
     12.5      52.1      -2.6      48.6 
      6.5      22.4      -3.0      11.1 
      6.5      16.7      -3.0       7.2 
      6.9      18.5      -3.1       6.5 
4510 -0.262862 0.591440 -0.762300 
 29454.6  17614.5     15.5     15.7     -1.0      7.7 
     0.9     31.5     -0.2     33.2  13691.7  14536.8 
     10.3      51.7      -7.5      49.3 
      5.9      22.5      -3.0      11.0 
      5.8      17.3      -3.1       7.2 
      6.1      18.6      -3.3       6.8 
4511 -0.292854 0.439281 -0.849276 
 26588.2  19498.4      3.1     17.1     -1.2      8.0 
     0.7     50.4     -0.3     33.4  12159.2  12768.9 
     10.5      52.3      -8.0      44.9 
      4.5      17.1      -3.3      11.1 
      4.6      11.1      -3.2       7.4 
      4.5       9.2      -3.5       6.9 
4512 -0.316664 0.237498 -0.918324 
 24745.2  18875.9      1.6     28.8     -1.3      7.5 
     0.5     68.5     -0.7     33.9  11255.2  11802.1 
      6.0      51.2      -7.6      45.1 
      2.5       9.2      -3.7      11.1 
      2.6       5.6      -3.5       7.5 
      2.5       4.7      -3.5       6.7 
4513 -0.325991 -0.000000 -0.945373 
 24479.0  18420.4      0.2     41.4     -1.1      6.0 
     0.1     83.9     -0.9     34.1  11676.9  12053.8 
      2.8      69.5      -7.4      43.7 
      0.8      11.8      -3.7      11.0 
     -0.0       2.9      -3.3       7.3 
     -0.1       2.0      -3.6       6.1 
4514 -0.323582 -0.121343 -0.938387 
 24437.1  18395.9     -0.8     35.8     -1.2      6.8 
    -0.1     77.1     -0.9     33.9  11231.6  11770.5 
      0.2      59.5      -7.5      42.4 
     -1.5       6.7      -3.5      11.2 
     -1.9       3.3      -3.4       7.5 
     -1.7       2.4      -3.6       6.4 
4515 -0.316664 -0.237498 -0.918324 
 24799.3  18863.0     -1.3     29.0     -1.3      7.4 
    -0.5     68.5     -0.9     34.2  11188.0  11694.5 
     -5.0      52.5      -7.2      42.5 
     -2.5       9.4      -3.5      11.3 
     -3.0       5.7      -3.5       7.5 
     -2.9       4.6      -3.6       6.6 
4516 -0.306058 -0.344315 -0.887567 
 25544.9  19352.6     -2.0     22.4     -1.1      7.8 
    -0.6     59.4     -0.5     33.8  11392.9  12200.2 
     -6.4      53.0      -6.2      46.6 
     -4.4      12.9      -3.4      10.9 
     -3.9       8.7      -3.3       7.5 
     -3.9       7.0      -3.5       6.7 
4517 -0.292854 -0.439281 -0.849276 
 26632.0  19414.0     -3.1     17.1     -1.4      8.1 
    -0.7     50.2     -0.3     33.4  12115.7  12613.3 
    -10.8      52.2      -7.4      45.9 
     -5.1      17.2      -3.4      11.5 
     -4.8      11.1      -3.2       7.4 
     -4.7       9.2      -3.4       6.8 
4518 -0.278147 -0.521525 -0.806626 
 27877.6  18998.5     -5.7     16.0     -1.3      7.9 
    -0.6     40.9     -0.3     33.3  12816.1  13594.0 
    -10.5      50.5      -5.6      48.7 
     -5.2      19.0      -3.5      11.2 
     -5.1      13.8      -3.0       7.3 
     -5.0      13.3      -3.2       6.7 
4519 -0.262862 -0.591440 -0.762300 
 29327.7  17386.3    -16.3     16.4     -1.1      7.8 
    -1.1     31.5     -0.1     33.0  14058.2  14640.1 
    -10.5      52.6      -6.5      47.6 
     -6.3      22.1      -3.6      11.4 
     -6.4      17.0      -3.2       7.2 
     -6.5      18.8      -3.2       6.9 
4520 -0.233063 -0.699189 -0.675882 
 33016.8  15368.2      0.2     43.3     -0.7      7.3 
    -0.8     13.3      0.2     32.6  15947.2  16542.9 
    -13.5      51.8      -6.9      50.4 
     -7.3      22.8      -3.0      11.1 
     -6.8      17.0      -3.0       7.2 
     -7.5      18.5      -3.0       6.6 
4521 -0.206405 -0.774019 -0.598575 
 37282.6  14204.2      0.2     43.3     -0.2      6.6 
     0.2     86.6      0.5     32.0  17959.4  18894.0 
    -14.8      52.4      -4.5      51.9 
     -7.7      24.7      -2.9      11.1 
     -7.2      19.7      -2.8       6.8 
     -7.8      18.8      -2.9       6.1 
4522 -0.183618 -0.826279 -0.532491 
 41867.9  13320.2      0.2     43.3      0.1      5.9 
     0.2     86.6      0.8     31.7  21201.4  21989.4 
    -15.5      56.7      -4.3      57.0 
     -7.5      25.1      -2.8      11.3 
     -7.5      20.0      -2.7       6.7 
     -8.6      22.0      -2.7       5.9 
4523 -0.164460 -0.863416 -0.476934 
 46479.2  12831.7      0.2     43.3      0.1      5.4 
     0.2     86.6      1.0     31.3  24368.3  25579.5 
    -14.2      52.4      -3.0      57.3 
     -7.5      26.9      -2.8      11.4 
     -8.2      23.0      -2.7       6.4 
     -8.1      23.9      -2.5       5.6 
4524 -0.148397 -0.890380 -0.430350 
 51552.3  12510.3      0.2     43.3      0.3      5.0 
     0.2     86.6      1.1     30.8  28106.9  29325.7 
    -17.4      54.8      -4.7      59.0 
     -8.3      26.3      -2.7      11.7 
     -8.1      22.1      -2.5       6.3 
     -9.0      24.0      -2.5       5.3 
4525 -0.134874 -0.910397 -0.391134 
 56857.6  12308.1      0.2     43.3      0.4     13.4 
     0.2     86.6      1.1     30.6  31338.7  32032.5 
    -18.3      53.6      -6.8      60.6 
     -8.4      26.6      -2.4      12.0 
     -7.9      21.4      -2.5       5.9 
     -8.7      21.2      -2.4       5.0 
4526 -0.123410 -0.925573 -0.357888 
 62195.6  12073.7      0.2     43.3      1.0      4.0 
     0.2     86.6      1.1     30.4  34701.6  35861.5 
    -17.9      56.2      -4.4      63.1 
     -8.7      27.1      -2.5      13.4 
     -8.4      23.3      -2.4       5.9 
     -8.6      24.6      -2.3       4.8 
4527 -0.113613 -0.937303 -0.329476 
 67881.9  11981.9      0.2     43.3      0.8      3.9 
     0.2     86.6      1.5     30.1  38552.7  39952.0 
    -17.0      52.9      -3.6      68.0 
     -8.5      28.7      -2.5      14.7 
     -8.4      24.5      -2.3       5.8 
     -9.1      25.5      -2.3       4.8 
4528 -0.105170 -0.946530 -0.304993 
 72955.1  11908.7      0.2     43.3      1.0      3.5 
     0.2     86.6      1.6     29.7  41800.6  43117.1 
    -18.0      55.6      -3.7      69.1 
     -8.4      27.6      -2.3      13.9 
     -8.3      24.4      -2.3       5.8 
     -9.2      26.1      -2.2       4.6 
4529 0.863216 -0.064741 -0.500666 
 44618.3   8481.0      1.3     34.0      0.1     28.9 
     1.9     75.8      0.1     57.7  24726.8  25680.9 
     -7.4      73.4      11.8      43.5 
     -1.4      14.4       4.3      16.9 
     -1.0       2.9       4.0      13.6 
     -1.2       2.0       4.4      13.4 
4530 0.838516 -0.069876 -0.540377 
 41363.1   8771.1      0.5     34.0      0.1     28.9 
     1.3     75.9      0.1     57.7  22672.2  23337.3 
     -3.4      74.0      13.4      47.1 
     -1.4      11.6       4.3      17.7 
     -1.1       2.6       3.5      15.0 
     -1.2       2.0       4.2      15.4 
4531 0.807288 -0.075683 -0.585284 
 38029.2   9096.9     -0.0     34.3      0.1     28.9 
     0.8     76.0      0.1     57.7  20492.3  21175.7 
     -4.8      70.1      13.5      45.7 
     -1.3      10.9       4.3      16.1 
     -1.3       2.9       4.1      12.7 
     -1.2       2.1       4.5      12.7 
4532 0.767414 -0.082223 -0.635858 
 35069.1   9535.3     -0.2     34.5      0.1     28.9 
     0.6     76.3      0.1     57.7  18364.2  19083.8 
      0.7      69.5      10.3      44.6 
     -1.1      10.3       3.9      16.9 
     -1.3       2.6       4.4      14.4 
     -1.3       2.1       4.7      14.6 
4533 0.716102 -0.089513 -0.692232 
 32383.5  10158.1     -0.3     34.8      0.1     28.9 
     0.5     76.3      0.1     57.7  16671.2  17304.1 
     -3.9      70.7      13.6      48.2 
     -1.2      10.1       4.6      15.5 
     -1.3       2.8       4.4      11.9 
     -1.4       2.2       4.6      11.5 
4534 0.649830 -0.097475 -0.753803 
 29831.3  11207.7     -0.1     35.1      0.1     28.9 
     0.6     76.7      2.0      6.8  14441.1  15302.1 
     -3.3      64.8      10.3      44.5 
     -1.2       8.9       4.7      16.2 
     -1.4       2.7       4.5      12.8 
     -1.5       2.2       4.9      12.9 
4535 0.564543 -0.105852 -0.818588 
 27709.3  12671.8     -0.2     35.3      0.1     28.9 
     0.5     76.9      1.0     10.7  13299.8  13857.0 
     -3.1      65.5       9.5      45.3 
     -1.8       8.0       5.0      14.5 
     -1.4       2.8       4.6      10.4 
     -1.7       2.4       4.7       9.7 
4536 0.456422 -0.114106 -0.882416 
 25730.2  15305.9     -0.7     35.6      9.3     15.8 
     0.0     77.0      0.9     22.0  12064.4  12683.0 
     -2.8      63.2       9.7      43.9 
     -1.7       6.2       4.1      14.2 
     -1.5       2.8       4.1      10.7 
     -1.7       2.4       4.5      10.2 
4537 0.323582 -0.121343 -0.938387 
 24424.3  18347.0     -0.8     35.7      1.3      7.0 
    -0.0     77.1      0.9     33.9  11334.2  11769.0 
     -3.7      64.6       7.5      42.3 
     -1.5       6.2       3.4      11.0 
     -1.8       2.8       3.3       7.2 
     -1.7       2.4       3.3       6.4 
4538 0.168544 -0.126408 -0.977555 
 23831.2  19857.1     -0.6     36.0      0.5     16.9 
     0.2     77.2      0.5     45.5  10729.2  11243.7 
     -4.0      65.9       4.7      51.0 
     -2.0       6.0       1.8       6.5 
     -1.6       3.1       1.8       3.9 
     -1.9       2.5       1.9       3.2 
4539 -0.000000 -0.128243 -0.991743 
 23637.4  19483.8     -0.7     36.0      0.1     26.4 
    -0.1     77.3      0.1     55.2  10844.8  11284.1 
     -5.2      63.2      -1.7      63.7 
     -1.6       5.5      -0.0      10.2 
     -1.9       3.1      -0.2       3.0 
     -1.9       2.3      -0.1       2.2 
4540 -0.085184 -0.127776 -0.988138 
 23624.8  19487.1     -0.8     35.9      0.3     22.5 
    -0.2     77.3      0.2     51.3  10536.9  11192.3 
     -1.6      63.5      -0.3      54.9 
     -1.6       5.3      -0.9       6.0 
     -1.8       3.0      -1.1       2.1 
     -1.9       2.4      -1.3       1.7 
4541 -0.168544 -0.126408 -0.977555 
 23680.5  19737.2     -0.7     35.9     -0.4     17.0 
     0.1     77.2     -0.4     45.7  10771.1  11278.1 
     -1.5      62.0      -2.3      47.8 
     -1.6       5.9      -2.0       6.1 
     -1.7       2.9      -2.1       3.9 
     -1.9       2.4      -2.2       3.3 
4542 -0.248443 -0.124222 -0.960648 
 24101.7  19227.9     -0.9     35.7     -0.8     11.6 
    -0.1     77.3     -0.7     40.0  10697.6  11418.6 
     -4.6      62.3      -4.7      47.0 
     -1.7       6.1      -2.8       8.8 
     -1.6       3.0      -2.8       5.6 
     -1.9       2.4      -2.9       4.8 
4543 -0.323582 -0.121343 -0.938387 
 24539.0  18394.2     -0.3     35.9     -1.2      6.9 
     0.4     77.1     -1.0     34.0  11412.8  12069.7 
     -7.0      65.1      -7.5      44.5 
     -1.5       7.4      -3.8      11.4 
     -1.7       2.8      -3.5       7.4 
     -1.7       2.5      -3.6       6.5 
4544 -0.393068 -0.117920 -0.911917 
 25076.2  17093.1     -0.5     35.7     -3.0      9.2 
    -0.0     77.2     -0.9     27.9  11614.4  12269.0 
     -6.5      63.8      -6.5      44.2 
     -1.8       6.9      -4.1      12.6 
     -1.7       2.8      -3.7       9.2 
     -1.7       2.4      -3.9       8.6 
4545 -0.456422 -0.114106 -0.882416 
 25822.3  15289.9     -0.5     35.6    -11.7     14.1 
     0.3     77.0     -0.8     22.0  12198.0  12609.4 
     -5.1      57.4      -9.5      42.9 
     -1.6       7.2      -4.8      14.4 
     -1.7       2.8      -4.6      10.6 
     -1.7       2.3      -4.7      10.3 
4546 -0.513527 -0.110042 -0.850988 
 26590.4  13537.4     -0.5     35.4      0.1     28.9 
     0.3     76.9     -0.7     16.1  12769.8  13368.7 
     -3.0      64.2      -9.7      44.6 
     -1.4       6.2      -4.9      14.4 
     -1.6       2.8      -4.5      10.5 
     -1.6       2.3      -4.9      10.2 
4547 -0.564543 -0.105852 -0.818588 
 27604.6  12715.6     -0.7     35.3      0.1     28.9 
     0.1     76.8     -0.6     10.6  13466.3  14049.1 
     -4.2      66.0     -10.4      42.9 
     -1.2       7.3      -5.0      14.5 
     -1.5       2.8      -4.8      10.3 
     -1.6       2.2      -4.8       9.6 
4548 -0.649830 -0.097475 -0.753803 
 29841.7  11234.4     -0.1     35.0      0.1     28.9 
     0.6     76.8     -2.2      6.7  14892.9  15576.9 
     -1.1      65.5     -11.2      43.4 
     -1.2       8.3      -5.0      15.9 
     -1.4       2.6      -4.6      12.7 
     -1.6       2.2      -5.0      12.8 
4549 -0.716102 -0.089513 -0.692232 
 32468.6  10237.8      0.2     34.9      0.1     28.9 
     0.9     76.5      0.1     57.7  16852.6  17519.3 
     -6.2      69.1     -11.6      44.6 
     -1.6       9.1      -5.1      15.7 
     -1.3       2.8      -4.6      11.8 
     -1.4       2.2      -5.1      11.6 
4550 -0.767414 -0.082223 -0.635858 
 35214.0   9519.6     -0.2     34.5      0.1     28.9 
     0.8     76.3      0.1     57.7  18134.0  19158.7 
     -2.2      67.6      -9.6      43.2 
     -1.2       9.8      -4.3      17.3 
     -1.3       2.6      -4.5      14.1 
     -1.3       2.2      -4.8      14.5 
4551 -0.807288 -0.075683 -0.585284 
 38283.5   9103.7      0.1     34.2      0.1     28.9 
     0.9     75.9      0.1     57.7  20440.1  21014.0 
     -1.8      73.6     -11.7      43.4 
     -1.2      11.3      -4.5      16.3 
     -1.2       3.0      -4.7      13.0 
     -1.2       2.1      -4.5      12.6 
4552 -0.838516 -0.069876 -0.540377 
 41362.5   8722.0      0.3     34.1      0.1     28.9 
     1.0     75.8      0.1     57.7  22631.5  23236.1 
     -2.5      70.0     -12.5      42.2 
     -0.9      13.1      -4.2      18.2 
     -1.1       2.5      -3.9      15.0 
     -1.1       2.0      -4.5      15.2 
4553 -0.863216 -0.064741 -0.500666 
 44614.3   8514.9      0.9     33.9      0.1     28.9 
     1.7     75.6      0.1     57.7  24584.5  25346.9 
     -0.7      72.8     -12.2      41.6 
     -1.2      14.1      -4.3      16.9 
     -1.0       2.5      -4.1      13.7 
     -1.0       2.0      -4.3      13.3 
4554 -0.882965 -0.060202 -0.465563 
 47865.9   8306.2      0.8     33.6      0.1     28.9 
     1.4     75.7      0.1     57.7  26569.5  27499.2 
     -2.4      75.1     -11.1      38.8 
     -1.3      14.0      -4.0      18.4 
     -1.0       2.5      -4.0      15.7 
     -1.1       2.0      -4.1      15.8 
4555 -0.898927 -0.056183 -0.434481 
 51414.8   8181.2      0.4     33.5      0.1     28.9 
     1.2     75.3      0.1     57.7  29310.5  30008.3 
      1.6      72.0     -10.1      38.4 
     -1.4      14.7      -4.5      16.9 
     -0.9       2.8      -4.1      14.0 
     -0.9       2.4      -4.5      13.8 
4556 -0.911966 -0.052613 -0.406877 
 54783.6   8090.8      1.4     33.2      0.1     28.9 
     2.0     75.2      0.1     57.7  31287.5  32411.1 
     -5.1      75.3      -9.7      36.8 
     -0.7      17.4      -3.7      18.1 
     -0.8       3.6      -4.0      15.6 
     -1.0       2.0      -4.4      16.0 
4557 -0.922727 -0.049432 -0.382272 
 58339.6   8011.5      1.5     33.1      0.1     28.9 
     2.2     75.1      0.1     57.7  33655.8  34886.5 
     -2.8      79.8     -11.1      36.1 
     -0.8      19.3      -4.7      17.5 
     -0.7       2.7      -3.9      14.2 
     -0.9       2.2      -4.6      14.1 
4558 0.806111 -0.362750 -0.467544 
 47425.7   9155.9      0.2     43.3      0.1     28.9 
     0.5     27.9      0.1     57.7  25914.6  26761.7 
     -6.9      58.0      10.5      47.1 
     -4.6      21.3       4.2      17.5 
     -4.1      15.9       3.8      14.5 
     -4.1      15.7       4.0      15.6 
4559 0.774912 -0.387456 -0.499388 
 44572.9   9625.9      0.2     43.3      0.1     28.9 
     0.4     28.3      0.1     57.7  23482.2  24448.3 
     -9.7      58.6      12.7      50.5 
     -4.8      21.7       3.8      18.6 
     -4.3      16.3       3.8      15.6 
     -4.4      15.8       4.3      16.7 
4560 0.736803 -0.414452 -0.534182 
 41454.7   9934.3      0.2     43.3      0.1     28.9 
     0.2     28.7      0.1     57.7  21861.2  22904.7 
    -10.6      54.7      12.0      45.9 
     -4.9      21.6       4.0      17.1 
     -4.5      16.1       3.8      13.7 
     -4.6      16.1       4.4      14.7 
4561 0.690099 -0.443635 -0.571796 
 38643.6  10579.3      0.2     43.3      0.1     28.9 
    -0.0     29.1      0.1     57.7  20199.0  21023.6 
    -12.1      56.0      13.2      49.6 
     -5.2      21.7       4.1      17.2 
     -4.7      16.6       4.0      14.8 
     -5.0      16.5       4.6      15.3 
4562 0.632842 -0.474632 -0.611748 
 36284.1  11460.9      0.2     43.3      0.1     28.9 
     0.0     29.7      0.1     57.7  18731.5  19364.4 
     -9.4      54.1      12.3      49.2 
     -5.3      21.8       4.5      16.0 
     -5.0      16.7       4.2      12.3 
     -5.1      17.2       4.5      13.3 
4563 0.562936 -0.506642 -0.653006 
 34129.9  13006.8     -7.3     18.2      0.1     28.9 
    -0.4     30.5     -0.4      9.4  16967.3  17751.1 
    -10.6      54.3       9.6      49.4 
     -5.6      21.8       4.6      15.9 
     -5.5      17.0       4.3      12.7 
     -5.9      17.7       4.9      13.3 
4564 0.478468 -0.538276 -0.693778 
 32090.2  14567.3    -12.8     17.3      0.1     28.9 
    -0.4     30.8     -0.1      9.5  15783.7  16363.2 
    -10.2      52.5       8.2      44.3 
     -5.7      21.8       4.3      14.5 
     -5.5      17.1       4.0      10.4 
     -6.0      18.0       4.5      10.6 
4565 0.378295 -0.567442 -0.731370 
 30635.4  17030.0    -16.9     16.2     10.6     13.2 
    -0.7     31.1      0.4     20.9  14566.2  15250.0 
     -9.4      54.1       8.2      50.8 
     -6.3      21.8       4.1      14.6 
     -6.0      17.2       3.9      10.9 
     -6.2      18.4       4.2      10.7 
4566 0.262862 -0.591440 -0.762300 
 29328.7  17665.7    -15.5     17.8      0.9      7.9 
    -1.0     31.3      0.1     33.1  14154.9  14695.2 
    -12.0      50.2       3.2      47.5 
     -6.3      22.1       2.9      11.0 
     -6.2      17.1       2.8       7.2 
     -6.5      18.7       3.1       6.8 
4567 0.134975 -0.607388 -0.782855 
 28807.2  17260.6    -11.5     67.0     -0.2     17.4 
    -0.8     31.8     -0.3     45.1  13419.8  13983.9 
    -12.1      50.8      -0.5      53.6 
     -6.3      22.2       1.3       7.0 
     -6.4      17.4       1.4       3.6 
     -6.6      18.9       1.7       3.5 
4568 -0.000000 -0.612997 -0.790085 
 28700.5  17122.8    -14.8     17.8      0.2     26.1 
    -1.3     31.7      0.2     54.9  13152.2  14037.4 
    -11.5      51.9       0.0      68.1 
     -7.1      21.9      -0.0      11.8 
     -6.9      17.1      -0.3       3.2 
     -6.5      18.8      -0.1       2.4 
4569 -0.067953 -0.611580 -0.788259 
 28658.3  17142.9    -14.4     17.1      0.7     22.2 
    -1.0     31.5      0.7     50.8  13260.9  14107.4 
    -13.9      51.4       1.2      58.7 
     -6.7      21.8      -0.7       6.4 
     -6.5      17.3      -1.0       2.2 
     -6.8      18.8      -1.1       2.0 
4570 -0.134975 -0.607388 -0.782855 
 28799.0  17246.2    -15.1     16.6     -0.1     16.7 
    -1.0     31.6      0.1     45.1  13515.3  14437.5 
    -11.6      53.6      -3.8      56.2 
     -6.3      21.8      -2.0       7.2 
     -6.5      17.1      -1.7       3.8 
     -6.7      18.6      -2.0       3.4 
4571 -0.200196 -0.600588 -0.774091 
 29039.8  17386.5    -13.8     17.2     -0.3     11.5 
    -0.9     31.7      0.1     39.2  13732.3  14518.4 
    -13.2      52.2      -5.6      48.8 
     -6.7      21.9      -2.5       8.8 
     -5.9      17.4      -2.4       5.6 
     -6.2      18.7      -2.5       5.2 
4572 -0.262862 -0.591440 -0.762300 
 29379.7  17707.6    -16.9     15.1     -1.2      7.7 
    -0.8     31.4     -0.1     32.9  13699.8  14716.9 
    -13.9      51.9      -4.2      47.8 
     -6.3      21.9      -3.4      11.2 
     -6.1      17.2      -3.0       7.2 
     -6.2      18.5      -3.3       6.7 
4573 -0.322373 -0.580271 -0.747905 
 30020.6  17678.7    -16.9     16.5     -5.3     11.2 
    -0.9     31.4     -0.1     26.8  14626.1  15169.0 
    -12.5      52.8      -8.2      48.8 
     -6.3      22.1      -3.4      12.9 
     -6.2      17.2      -3.5       9.0 
     -6.4      18.4      -3.7       8.6 
4574 -0.378295 -0.567442 -0.731370 
 30582.9  16911.0    -16.7     17.4    -11.7      9.7 
    -0.4     31.2      0.2     20.8  14564.3  15178.4 
    -12.1      53.1      -9.7      49.9 
     -6.2      21.9      -4.0      14.4 
     -5.6      17.2      -4.0      10.9 
     -5.9      18.3      -4.2      10.6 
4575 -0.430364 -0.553325 -0.713175 
 31268.4  15698.0    -12.3     19.4      0.1     28.9 
    -0.2     31.1      0.0     14.8  15037.2  15920.3 
    -10.2      50.9      -8.3      49.0 
     -6.2      21.8      -4.9      14.6 
     -5.4      17.0      -4.1      10.6 
     -5.8      18.2      -4.4      10.9 
4576 -0.478468 -0.538276 -0.693778 
 32240.0  14605.1    -17.9     12.5      0.1     28.9 
    -0.6     30.7      0.1      9.5  15796.0  16444.7 
     -9.8      51.7      -9.3      47.8 
     -6.3      22.0      -4.7      14.5 
     -5.4      16.9      -4.3      10.2 
     -5.7      17.7      -4.5      10.6 
4577 -0.562936 -0.506642 -0.653006 
 34037.3  12829.2     -6.1     16.9      0.1     28.9 
    -0.2     30.5     -0.6     10.0  16107.2  17172.3 
    -10.2      52.7     -10.3      44.8 
     -5.2      21.8      -4.1      16.0 
     -5.1      16.9      -4.2      12.7 
     -5.5      17.6      -4.9      13.3 
4578 -0.632842 -0.474632 -0.611748 
 36469.0  11539.4      0.2     43.3      0.1     28.9 
    -0.3     29.7      0.1     57.7  18385.2  19269.7 
    -12.1      55.9     -11.1      46.6 
     -5.4      21.6      -4.7      16.0 
     -4.9      16.7      -4.4      12.5 
     -5.3      17.1      -4.7      13.2 
4579 -0.690099 -0.443635 -0.571796 
 38817.2  10697.0      0.2     43.3      0.1     28.9 
    -0.3     29.2      0.1     57.7  20257.5  20918.1 
    -10.5      56.8     -12.1      47.7 
     -5.3      21.6      -4.3      17.3 
     -4.8      16.4      -4.3      14.4 
     -4.8      16.6      -4.6      15.3 
4580 -0.736803 -0.414452 -0.534182 
 41407.0  10028.7      0.2     43.3      0.1     28.9 
     0.7     28.7      0.1     57.7  21641.9  22714.6 
     -9.2      54.6      -9.5      43.5 
     -4.6      21.8      -4.2      16.9 
     -4.4      16.3      -4.1      13.5 
     -4.3      16.1      -4.7      14.6 
4581 -0.774912 -0.387456 -0.499388 
 44421.7   9483.4      0.2     43.3      0.1     28.9 
     0.2     28.3      0.1     57.7  23749.5  24483.7 
    -10.3      54.1     -11.8      43.8 
     -4.6      21.8      -4.0      18.3 
     -4.5      16.1      -4.0      15.4 
     -4.4      15.7      -4.3      16.7 
4582 -0.806111 -0.362750 -0.467544 
 47408.9   9113.1      0.2     43.3      0.1     28.9 
     0.8     27.9      0.1     57.7  25983.3  26848.6 
     -8.2      57.0     -10.1      41.4 
     -5.0      21.3      -4.5      17.7 
     -4.1      15.9      -4.0      14.4 
     -4.2      15.6      -4.6      15.6 
4583 -0.831783 -0.340275 -0.438577 
 50560.0   8878.4      0.2     43.3      0.1     28.9 
     0.5     27.6      0.1     57.7  28123.1  29237.1 
     -5.3      58.3      -9.6      40.0 
     -4.6      21.3      -4.0      18.7 
     -4.0      15.6      -4.1      16.2 
     -4.3      15.3      -4.8      17.4 
4584 -0.853040 -0.319890 -0.412303 
 53803.9   8548.3      0.2     43.3      0.1     28.9 
     0.9     27.1      0.1     57.7  30111.5  31200.9 
     -7.2      60.6     -11.8      37.6 
     -4.0      21.3      -4.1      18.3 
     -3.7      15.7      -4.1      14.9 
     -4.1      15.1      -4.6      16.2 
4585 -0.870759 -0.301417 -0.388493 
 57114.6   8508.3      0.2     43.3      0.1     28.9 
     0.8     26.7      0.1     57.7  32405.5  33363.5 
     -6.3      59.4      -9.8      37.9 
     -4.3      21.7      -4.0      19.2 
     -3.7      15.7      -3.8      17.1 
     -3.9      15.0      -4.3      17.9 
4586 -0.885633 -0.284668 -0.366905 
 60443.6   8366.6      0.2     43.3      0.1     28.9 
     0.8     26.4      0.1     57.7  34872.9  35759.5 
     -5.5      61.3      -9.9      36.1 
     -4.2      21.5      -4.4      18.0 
     -4.1      15.7      -4.0      15.4 
     -3.9      14.8      -4.3      16.3 
4587 0.467453 -0.841416 -0.271123 
 81901.1  12998.5      0.2     43.3      0.1     28.9 
     0.2     86.6      0.1     57.7  48443.8  49719.1 
    -17.8      58.0      12.9      55.7 
     -7.3      26.4       4.0      17.2 
     -7.1      22.3       3.5      12.0 
     -7.5      23.6       3.7      12.1 
4588 0.429723 -0.859446 -0.276932 
 79945.6  12932.6      0.2     43.3      0.1     28.9 
     0.2     86.6      0.1     57.7  47307.7  48472.5 
    -17.4      56.0      10.9      57.1 
     -7.4      26.4       3.8      17.8 
     -7.4      22.7       3.6      12.8 
     -7.6      24.0       3.8      12.5 
4589 0.389600 -0.876600 -0.282460 
 78547.2  12855.1      0.2     43.3      0.1     28.9 
     0.2     86.6      0.1     57.7  45855.8  47219.1 
    -14.2      56.4      10.7      61.4 
     -7.7      27.0       3.9      16.9 
     -7.2      23.3       3.3      10.9 
     -7.6      24.6       3.6      10.6 
4590 0.347131 -0.892622 -0.287623 
 77138.1  12638.0      0.2     43.3      0.1     28.9 
     0.2     86.6      0.1     57.7  45022.1  46335.1 
    -17.6      57.2      11.1      63.0 
     -8.2      26.8       4.0      17.1 
     -7.2      23.7       3.7      12.1 
     -8.4      25.1       4.0      11.3 
4591 0.302414 -0.907242 -0.292333 
 76008.4  12481.2      0.2     43.3      0.1     28.9 
     0.2     86.6      0.1     57.7  43560.7  45430.7 
    -17.5      53.8      10.8      66.1 
     -8.1      27.4       3.3      16.0 
     -7.5      23.8       3.2       9.6 
     -8.6      25.4       3.5       9.1 
4592 0.255608 -0.920190 -0.296506 
 74763.6  12302.2      0.2     43.3      0.1     28.9 
     0.2     86.6      0.1     57.7  43694.3  44988.4 
    -18.4      49.7      11.4      66.9 
     -8.2      27.6       4.1      17.0 
     -7.7      24.1       3.6      11.3 
     -8.7      25.7       3.8      10.5 
4593 0.206935 -0.931206 -0.300055 
 74178.3  12197.6      0.2     43.3      0.1     28.9 
     0.2     86.6     -1.2      4.3  43216.4  44228.7 
    -17.6      57.5       7.8      69.5 
     -8.2      27.7       3.0      15.1 
     -7.8      23.9       3.0       7.8 
     -8.6      25.5       3.1       7.0 
4594 0.156676 -0.940054 -0.302906 
 73622.0  11959.3      0.2     43.3      0.1     28.9 
     0.2     86.6     -1.6     16.5  42613.5  43648.6 
    -17.8      52.5       9.1      73.5 
     -8.5      28.0       3.5      17.4 
     -8.3      23.9       3.4      11.4 
     -8.9      25.7       3.3      10.6 
4595 0.105170 -0.946530 -0.304993 
 72837.3  11882.0      0.2     43.3     -1.3      3.4 
     0.2     86.6     -1.6     29.9  42701.1  43500.8 
    -17.3      53.3       1.4      72.8 
     -8.5      28.1       2.0      13.9 
     -8.0      24.4       2.0       5.8 
     -9.1      26.3       2.0       4.6 
4596 0.052804 -0.950480 -0.306266 
 72774.9  11784.9      0.2     43.3     -1.9     14.5 
     0.2     86.6     -2.0     42.9  42360.7  43876.8 
    -16.9      54.2       2.7      78.0 
     -8.8      27.8       0.7      18.0 
     -8.6      24.4       0.9       3.7 
     -9.3      26.0       0.9       2.5 
4597 -0.000000 -0.951808 -0.306694 
 72610.8  11785.6      0.2     43.3      0.2     24.8 
     0.2     86.6      0.0     53.2  41914.6  43471.9 
    -15.9      55.0      -0.0      88.6 
     -9.3      27.7      -0.7      30.4 
     -8.8      24.2      -0.2       9.2 
     -9.4      26.4      -0.2       4.6 
4598 -0.026430 -0.951476 -0.306587 
 72835.0  11755.0      0.2     43.3      2.3     20.7 
     0.2     86.6      2.3     49.2  41699.6  43159.5 
    -19.4      54.4      -0.4      80.9 
     -8.8      27.8      -0.8      23.2 
     -8.7      24.2      -0.3       5.5 
     -9.0      26.1      -0.3       2.7 
4599 -0.052804 -0.950480 -0.306266 
 72775.1  11860.8      0.2     43.3      2.1     14.3 
     0.2     86.6      2.1     42.8  41706.9  43285.8 
    -15.9      52.7       0.5      76.4 
     -9.2      28.0      -0.8      16.7 
     -9.0      24.3      -1.1       4.4 
     -9.2      26.1      -1.2       2.5 
4600 -0.079069 -0.948828 -0.305734 
 73031.1  11950.7      0.2     43.3      1.8      8.1 
     0.2     86.6      1.8     36.4  42244.4  43445.2 
    -17.9      57.8      -4.2      75.9 
     -8.6      28.1      -1.7      14.8 
     -8.9      24.4      -1.7       4.5 
     -9.3      26.3      -1.7       3.6 
4601 -0.105170 -0.946530 -0.304993 
 72924.7  12005.6      0.2     43.3      1.0      3.6 
     0.2     86.6      1.3     29.9  42524.4  43631.2 
    -16.0      52.7      -5.0      73.4 
     -9.0      28.2      -2.5      14.1 
     -8.3      24.6      -2.2       5.6 
     -9.4      26.4      -2.2       4.6 
4602 -0.131055 -0.943599 -0.304049 
 73259.1  11977.0      0.2     43.3      0.1     28.9 
     0.2     86.6      1.2     23.3  42622.0  43822.9 
    -19.2      56.6      -3.7      70.2 
     -8.9      28.1      -3.7      16.6 
     -8.3      24.5      -3.5      10.0 
     -9.1      26.0      -3.4       8.7 
4603 -0.156676 -0.940054 -0.302906 
 73561.3  12032.3      0.2     43.3      0.1     28.9 
     0.2     86.6      1.4     16.7  42387.7  44150.9 
    -17.3      55.3      -3.5      71.9 
     -8.6      28.4      -4.0      17.8 
     -8.6      24.1      -3.4      11.3 
     -9.1      25.9      -3.5      10.5 
4604 -0.181983 -0.935915 -0.301572 
 73591.0  12050.2      0.2     43.3      0.1     28.9 
     0.2     86.6      1.3     10.1  42976.6  44401.4 
    -19.1      54.6      -7.8      70.8 
     -8.7      28.0      -3.8      16.0 
     -8.5      24.1      -3.5       9.6 
     -9.2      25.7      -3.3       8.9 
4605 -0.206935 -0.931206 -0.300055 
 74013.8  12076.3      0.2     43.3      0.1     28.9 
     0.2     86.6      1.4      4.4  43129.1  44515.5 
    -18.2      55.5      -8.5      66.1 
     -8.2      27.6      -3.1      15.4 
     -7.8      24.3      -3.0       7.9 
     -8.4      26.1      -3.1       7.0 
4606 -0.255608 -0.920190 -0.296506 
 74744.4  12238.6      0.2     43.3      0.1     28.9 
     0.2     86.6      0.1     57.7  43479.6  44705.7 
    -18.1      54.0      -7.4      67.5 
     -8.4      27.1      -4.1      17.2 
     -8.4      23.9      -4.2      11.4 
     -8.7      25.3      -4.1      10.4 
4607 -0.302414 -0.907242 -0.292333 
 75912.1  12499.6      0.2     43.3      0.1     28.9 
     0.2     86.6      0.1     57.7  44292.1  45406.0 
    -15.8      54.1      -9.6      61.2 
     -8.3      27.3      -3.8      15.4 
     -7.5      23.5      -3.3       9.5 
     -8.0      25.0      -3.5       8.9 
4608 -0.347131 -0.892622 -0.287623 
 77212.4  12515.6      0.2     43.3      0.1     28.9 
     0.2     86.6      0.1     57.7  45289.7  46867.8 
    -18.2      54.5      -9.4      58.3 
     -7.7      27.2      -4.0      18.1 
     -7.6      23.6      -4.0      12.2 
     -7.9      25.1      -3.9      11.4 
4609 -0.389600 -0.876600 -0.282460 
 78526.4  12792.3      0.2     43.3      0.1     28.9 
     0.2     86.6      0.1     57.7  45673.2  46832.7 
    -16.0      56.8      -8.2      58.9 
     -7.5      27.6      -4.0      16.7 
     -7.2      23.4      -3.5      11.0 
     -7.9      24.7      -3.8      10.7 
4610 -0.429723 -0.859446 -0.276932 
 79887.4  13024.9      0.2     43.3      0.1     28.9 
     0.2     86.6      0.1     57.7  47267.6  48362.8 
    -14.6      54.3      -6.8      53.9 
     -7.9      27.3      -4.3      17.9 
     -7.4      23.0      -4.0      12.9 
     -7.8      24.1      -4.2      12.6 
4611 -0.467453 -0.841416 -0.271123 
 81565.4  13147.1      0.2     43.3      0.1     28.9 
     0.2     86.6      0.1     57.7  48252.0  49906.2 
    -16.6      55.6      -8.4      53.0 
     -7.0      26.6      -3.8      16.5 
     -7.1      22.4      -3.7      12.0 
     -7.4      23.8      -3.8      12.1 
4612 -0.502792 -0.822750 -0.265108 
 83661.8  12750.2      0.2     43.3      0.1     28.9 
     0.2     86.6      0.1     57.7  50005.2  51175.2 
    -14.3      56.8      -6.2      49.1 
     -7.3      26.3      -4.1      18.0 
     -6.7      22.0      -3.8      14.0 
     -7.4      23.0      -4.1      13.9 
4613 -0.535778 -0.803668 -0.258960 
 85459.4  12775.9      0.2     43.3      0.1     28.9 
     0.2     86.6      0.1     57.7  49977.7  51760.0 
    -14.0      54.1      -9.2      47.4 
     -6.9      25.7      -4.2      17.3 
     -6.4      21.6      -3.7      13.0 
     -7.2      22.7      -4.0      13.6 
4614 -0.566482 -0.784360 -0.252738 
 87726.1  12368.1      0.2     43.3      0.1     28.9 
     0.2     86.6      0.1     57.7  52151.7  54050.2 
    -13.1      49.5      -6.5      41.0 
     -7.1      25.5      -4.3      18.3 
     -6.4      21.4      -3.6      14.8 
     -7.1      22.1      -4.3      14.9 
4615 -0.594996 -0.764995 -0.246498 
 89672.0  12087.8      0.2     43.3      0.1     28.9 
     0.2     86.6      0.1     57.7  53967.5  55533.6 
    -13.5      53.6      -8.4      39.6 
     -6.9      25.3      -4.1      17.5 
     -5.9      20.7      -3.5      14.0 
     -6.4      21.5      -4.1      14.4 
