Dot1_150x100_dj0260a@-375V,0.0T@90d,263K,rh=1.10/0.7,1.3/1.3 
310 1 0.00 60 5 29 0 350.0000 263.0000 1.3000 1.0000 1000.0000 0.5500 0.1800 150.0000 100.0000 285.0000 1000.0000 0.2800 0.090000 1.5000 1.0000 0.8500 
3001 -0.000000 -0.000000 -1.000000 
 23857.4  19815.5      0.5     41.8      0.1     27.5 
     0.4     84.8      0.1     56.1  11551.3  11987.1 
     -1.0      72.0      -1.5      60.9 
     -0.3       6.9      -0.2       9.7 
     -0.3       2.0      -0.1       1.7 
     -0.4       2.0       0.0       1.5 
3002 -0.000000 -0.130455 -0.991454 
 24061.0  20042.5     -0.9     35.2     -0.3     27.4 
    -0.8     78.0     -0.2     56.1  11555.6  11934.4 
     -4.5      60.0       2.2      66.0 
     -1.6       6.3      -0.1       9.6 
     -1.5       2.8       0.0       2.2 
     -1.4       2.3      -0.2       1.2 
3003 -0.000000 -0.254493 -0.967075 
 24617.8  20553.4     -1.2     27.2     -0.4     27.2 
    -0.9     69.7     -0.4     56.0  11856.0  12287.3 
     -4.3      52.3       2.2      64.2 
     -2.4       9.1      -0.1      10.0 
     -2.3       5.5       0.0       2.9 
     -2.3       4.7      -0.1       1.2 
3004 -0.000000 -0.367167 -0.930155 
 25386.0  20623.3     -1.4     19.1      0.2     27.3 
    -1.2     61.2      0.2     56.0  11988.3  12738.6 
     -7.7      47.5       1.7      62.4 
     -3.1      12.8      -0.3       9.3 
     -3.2       8.3      -0.1       1.6 
     -3.0       6.9      -0.1       1.3 
3005 -0.000000 -0.465746 -0.884918 
 26683.5  20027.3     -1.7     11.6     -0.1     27.4 
    -1.4     52.9     -0.1     56.0  12695.6  13196.5 
     -8.8      49.2       1.0      61.4 
     -3.5      17.1      -0.6      11.3 
     -3.9      11.0      -0.3       2.8 
     -3.7       8.9      -0.0       1.3 
3006 -0.000000 -0.549617 -0.835417 
 28299.9  19137.8     -2.8      7.3     -0.3     27.2 
    -1.4     43.5     -0.3     55.8  13453.5  14009.0 
     -9.9      50.7       0.8      64.8 
     -3.8      18.9      -0.2      12.8 
     -3.9      13.7      -0.1       2.4 
     -4.1      12.8      -0.0       1.3 
3007 -0.000000 -0.619644 -0.784883 
 29928.7  17463.0      0.3     43.3     -0.1     27.1 
    -1.6     34.4     -0.1     55.8  14986.2  15526.8 
    -12.8      49.2       0.7      67.5 
     -4.2      21.7       0.7      16.2 
     -4.3      16.5      -0.2       2.0 
     -4.9      16.3      -0.1       1.3 
3008 -0.000000 -0.677476 -0.735545 
 31986.6  15987.9      0.3     43.3     -0.0     27.3 
    -1.3     25.4      0.0     55.9  15926.4  16712.1 
    -10.7      52.1       2.3      68.0 
     -4.8      22.4      -0.1      15.8 
     -4.9      16.3      -0.0       4.1 
     -5.3      16.2      -0.2       1.4 
3009 -0.000000 -0.724999 -0.688749 
 34144.8  15309.8      0.3     43.3      0.3     27.0 
    -1.7     16.6      0.3     55.7  17535.1  18111.7 
    -11.7      51.5       0.2      69.3 
     -5.4      21.1      -0.9      16.0 
     -5.0      15.0      -0.4       5.5 
     -5.5      14.2      -0.0       1.7 
3010 -0.000000 -0.764030 -0.645181 
 36500.9  14487.9      0.3     43.3     -0.0     27.0 
    -1.7     10.0     -0.1     55.7  18772.4  19406.0 
    -13.7      54.3       0.6      69.1 
     -5.5      21.2      -0.3      17.0 
     -5.1      16.2      -0.2       3.3 
     -5.7      14.4      -0.1       1.7 
3011 -0.000000 -0.796162 -0.605083 
 38864.8  14061.1      0.3     43.3     -0.1     27.0 
    -7.3      9.7     -0.1     55.6  20480.2  21317.6 
    -14.9      56.5       1.1      73.5 
     -5.8      23.7      -0.9      21.7 
     -5.2      18.8       0.1       4.9 
     -5.3      18.3      -0.1       1.6 
3012 -0.000000 -0.822730 -0.568432 
 41277.4  13499.8      0.3     43.3      0.1     27.2 
     0.3     86.6      0.0     55.5  21975.8  22823.8 
    -13.0      52.5      -3.0      72.8 
     -5.9      24.0      -0.1      21.0 
     -5.6      18.8       0.1       5.7 
     -5.8      18.5      -0.2       1.7 
3013 -0.000000 -0.844819 -0.535052 
 43687.7  13280.6      0.3     43.3     -0.0     27.1 
     0.3     86.6     -0.0     55.5  23737.2  24752.4 
    -14.9      51.5      -0.3      71.9 
     -5.8      22.5      -1.0      22.2 
     -5.4      17.1      -0.0       5.5 
     -5.9      16.3      -0.2       1.6 
3014 -0.000000 -0.863297 -0.504697 
 46880.8  13101.6      0.3     43.3      0.0     26.8 
     0.3     86.6      0.0     55.4  25081.4  26242.3 
    -14.1      49.6       0.6      78.6 
     -4.9      22.9      -0.8      22.5 
     -5.0      17.3       0.0       5.0 
     -5.8      15.7      -0.1       1.7 
3015 -0.000000 -0.878853 -0.477092 
 49443.6  12971.3      0.3     43.3      0.4     26.8 
     0.3     86.6      0.3     55.2  27164.1  28015.7 
    -16.3      53.5       4.4      75.8 
     -5.7      24.5       0.3      25.2 
     -4.8      20.0      -0.1       4.5 
     -6.1      19.6       0.1       1.6 
3016 -0.000000 -0.892036 -0.451965 
 51918.6  12739.1      0.3     43.3     -0.2     26.9 
     0.3     86.6     -0.2     55.4  28813.2  29750.0 
    -13.4      52.9      -2.4      77.8 
     -6.2      24.7      -0.6      26.1 
     -6.0      19.7       0.1       4.9 
     -6.0      19.7      -0.1       1.7 
3017 -0.000000 -0.903278 -0.429057 
 54837.5  12636.7      0.3     43.3     -0.0     26.7 
     0.3     86.6      0.0     55.2  31084.3  31867.2 
    -15.1      54.0      -0.1      77.3 
     -5.7      23.1       0.6      25.7 
     -5.7      17.9       0.1       6.8 
     -6.1      17.5      -0.2       2.2 
3018 -0.000000 -0.912924 -0.408131 
 57608.2  12515.1      0.3     43.3     -0.0     26.7 
     0.3     86.6     -0.0     55.1  32635.5  33825.3 
    -15.3      53.2       1.7      76.7 
     -5.5      23.3      -1.1      26.4 
     -5.6      17.9      -0.2       7.2 
     -6.1      16.6      -0.1       2.2 
3019 -0.000000 -0.921250 -0.388972 
 60472.7  12450.5      0.3     43.3      0.2     26.7 
     0.3     86.6      0.1     55.0  34528.5  35695.0 
    -16.1      54.6       1.7      81.9 
     -5.9      25.2       0.4      28.6 
     -5.3      20.5       0.1       7.3 
     -6.0      19.6       0.1       3.4 
3020 -0.000000 -0.928477 -0.371391 
 63338.1  12321.3      0.3     43.3      0.2     26.7 
     0.3     86.6      0.2     55.0  36524.7  37390.6 
    -15.9      52.6      -2.2      81.2 
     -5.7      25.4      -0.1      30.5 
     -5.5      20.6       0.1       9.1 
     -6.2      20.4      -0.1       2.5 
3021 -0.000000 -0.934784 -0.355218 
 66134.5  12250.9      0.3     43.3     -0.0     26.5 
     0.3     86.6      0.0     54.9  38242.7  39251.2 
    -14.0      48.8       0.7      77.6 
     -5.9      23.5      -0.1      31.0 
     -6.0      19.0       0.1       9.5 
     -6.6      18.3      -0.2       2.2 
3022 -0.000000 -0.940315 -0.340305 
 69576.9  12182.9      0.3     43.3      0.4     26.6 
     0.3     86.6      0.3     54.9  40263.5  41619.8 
    -17.7      52.6      -2.6      82.2 
     -5.7      23.7       0.3      32.1 
     -5.5      18.3      -0.1       9.3 
     -6.3      17.3      -0.2       3.3 
3023 -0.000000 -0.945190 -0.326520 
 72250.8  12148.1      0.3     43.3     -0.1     26.6 
     0.3     86.6     -0.2     54.9  41863.6  43294.9 
    -16.3      51.7      -3.6      85.1 
     -5.7      25.3      -0.5      31.3 
     -6.0      21.2      -0.5      10.3 
     -6.1      20.3      -0.0       3.4 
3024 -0.000000 -0.949506 -0.313750 
 74943.1  12093.2      0.3     43.3     -0.2     26.4 
     0.3     86.6     -0.2     54.7  44069.8  45402.9 
    -16.3      54.7      -3.4      83.8 
     -6.1      25.8      -0.3      35.0 
     -6.1      21.0      -0.2      10.3 
     -6.1      21.0       0.0       2.9 
3025 -0.000000 -0.953342 -0.301892 
 77748.6  12089.5      0.3     43.3     -0.3     26.4 
     0.3     86.6     -0.2     54.7  46099.3  47207.7 
    -13.3      49.7      -0.3      84.0 
     -5.9      24.5       0.6      34.4 
     -5.9      19.2       0.4      10.4 
     -6.3      18.7       0.1       5.4 
3026 -0.000000 -0.956767 -0.290857 
 81067.9  12062.7      0.3     43.3     -0.0     26.3 
     0.3     86.6     -0.1     54.6  48052.6  49726.8 
    -18.4      54.3      -0.7      91.0 
     -6.2      23.7      -0.7      34.6 
     -5.7      18.7      -0.8      10.1 
     -6.4      17.4      -0.2       3.8 
3027 -0.000000 -0.959834 -0.280567 
 84092.7  12102.8      0.3     43.3      0.0     26.5 
     0.3     86.6     -0.0     54.6  49859.9  51361.1 
    -16.8      52.6      -2.6      93.2 
     -6.0      25.4      -1.2      36.5 
     -5.8      21.1      -0.4      12.0 
     -6.4      20.8       0.0       4.5 
3028 -0.000000 -0.962593 -0.270952 
 86849.4  12016.5      0.3     43.3      0.1     26.2 
     0.3     86.6      0.2     54.5  51707.9  53519.2 
    -17.1      51.7       0.8      86.4 
     -5.7      25.5      -0.2      37.3 
     -6.0      21.3      -0.4      10.6 
     -6.2      21.2      -0.2       3.2 
3029 -0.000000 -0.965081 -0.261951 
 89845.7  12018.7      0.3     43.3      0.1     26.3 
     0.3     86.6     -0.0     54.5  53853.1  55327.2 
    -16.4      52.4       0.8      92.7 
     -6.9      24.2      -0.2      37.6 
     -5.6      19.3      -0.2      11.8 
     -6.7      19.2      -0.3       5.1 
3030 -0.000000 -0.967333 -0.253508 
 92974.1  11992.5      0.3     43.3      0.1     26.3 
     0.3     86.6      0.1     54.5  56738.3  57829.2 
    -17.0      52.5       2.4      89.3 
     -6.2      23.5       0.0      39.7 
     -5.9      19.0      -0.1      13.6 
     -6.5      17.7      -0.1       4.7 
3031 -0.000000 -0.969377 -0.245576 
 96083.7  12105.1      0.3     43.3     -0.1     26.2 
     0.3     86.6     -0.1     54.5  58437.2  59783.7 
    -15.2      51.2       5.5      88.9 
     -6.4      25.4      -0.5      41.4 
     -5.6      21.0      -0.7      13.8 
     -6.3      20.7      -0.1       6.5 
3032 -0.000000 -0.971238 -0.238110 
 99071.6  12002.0      0.3     43.3     -0.1     26.2 
     0.3     86.6     -0.1     54.3  59642.7  61471.2 
    -14.8      50.4      -0.5      93.9 
     -6.3      25.7      -0.0      41.9 
     -5.7      21.4       0.6      13.1 
     -6.5      21.4       0.2       4.8 
3033 -0.000000 -0.972937 -0.231072 
102104.7  11968.3      0.3     43.3      0.1     26.1 
     0.3     86.6      0.1     54.3  61728.0  63963.5 
    -15.8      53.8       3.1      94.7 
     -6.5      24.4      -0.0      41.3 
     -5.9      19.9       0.2      12.2 
     -6.4      19.8      -0.2       4.0 
3034 -0.000000 -0.974491 -0.224428 
105193.6  12057.5      0.3     43.3     -0.1     26.0 
     0.3     86.6     -0.1     54.2  63492.7  65420.7 
    -16.1      52.1      -4.9      94.0 
     -6.3      24.2      -2.4      43.6 
     -6.0      18.9      -0.5      14.4 
     -6.4      18.2      -0.5       7.7 
3035 -0.000000 -0.975916 -0.218146 
108178.8  12058.9      0.3     43.3     -0.0     26.1 
     0.3     86.6      0.0     54.2  66846.2  68598.2 
    -17.0      51.5      -0.3      98.2 
     -6.7      26.1       0.8      42.7 
     -6.0      21.3      -1.3      15.1 
     -6.2      20.8      -0.3       5.5 
3036 -0.000000 -0.977227 -0.212198 
110820.8  11910.6      0.3     43.3      0.3     26.1 
     0.3     86.6      0.2     54.2  68378.1  70497.1 
    -13.5      51.6       3.0      93.4 
     -6.3      26.0      -0.0      43.3 
     -5.6      21.4      -0.1      15.7 
     -6.3      21.4      -0.3       6.7 
3037 -0.000000 -0.978434 -0.206558 
114094.2  11996.4      0.3     43.3      0.0     25.9 
     0.3     86.6      0.0     54.1  70600.4  72531.5 
    -16.5      52.8       0.5      98.9 
     -6.3      24.3       0.1      43.8 
     -6.0      19.9      -0.9      14.6 
     -6.4      19.7      -0.2       6.1 
3038 -0.000000 -0.979549 -0.201205 
117211.5  12051.7      0.3     43.3      0.0     26.0 
     0.3     86.6      0.0     54.1  72705.2  74638.2 
    -16.3      53.4       0.7      97.0 
     -6.3      24.3      -0.6      45.4 
     -6.0      19.0      -0.1      18.8 
     -6.0      18.3      -0.4       7.9 
3039 -0.000000 -0.980581 -0.196116 
120499.6  12009.4      0.3     43.3     -0.1     26.1 
     0.3     86.6     -0.2     54.2  74087.5  76599.0 
    -16.2      52.6       5.7     100.0 
     -6.5      26.5       0.2      46.8 
     -5.6      21.7      -0.1      17.5 
     -6.2      20.8       0.1       6.8 
3040 -0.000000 -0.981537 -0.191274 
123049.5  11970.8      0.3     43.3     -0.1     25.9 
     0.3     86.6     -0.2     54.0  77413.1  79429.2 
    -14.8      52.4       6.7      97.0 
     -6.9      26.5      -1.1      47.6 
     -5.9      21.7      -0.3      16.7 
     -6.9      21.4      -0.4       7.3 
3041 -0.000000 -0.982424 -0.186661 
126352.4  12010.3      0.3     43.3      0.3     25.9 
     0.3     86.6      0.3     54.0  78339.8  80479.6 
    -17.7      55.0       6.9     100.6 
     -6.4      24.0      -0.0      48.1 
     -6.2      20.1      -0.5      18.7 
     -6.6      19.8      -0.1       7.7 
3042 -0.000000 -0.983250 -0.182261 
129451.7  12059.0      0.3     43.3      0.1     25.9 
     0.3     86.6     -0.0     54.0  80891.3  83178.1 
    -15.0      57.3      -2.6      99.0 
     -6.6      23.8      -0.9      48.9 
     -5.8      18.9       0.2      17.4 
     -6.6      18.2       0.1       5.8 
3043 -0.000000 -0.984020 -0.178061 
132347.2  12080.3      0.3     43.3      0.1     25.9 
     0.3     86.6      0.2     53.9  81432.2  84415.4 
    -14.1      55.3      -0.6     101.9 
     -6.6      26.0       1.3      46.2 
     -5.6      21.7       0.9      17.7 
     -6.0      21.1      -0.3       7.3 
3044 -0.000000 -0.984737 -0.174047 
135443.7  11956.6      0.3     43.3     -0.2     25.8 
     0.3     86.6     -0.1     53.8  83651.5  86749.1 
    -14.5      53.1      -0.1     103.2 
     -6.9      26.3      -1.3      48.1 
     -6.1      22.1       0.0      18.0 
     -6.7      21.7      -0.3       6.4 
3045 -0.000000 -0.985408 -0.170207 
138703.2  12022.0      0.3     43.3     -0.1     25.8 
     0.3     86.6     -0.2     53.8  86040.0  88712.2 
    -20.3      54.3      -3.8     101.3 
     -7.0      25.3      -0.9      48.8 
     -6.0      20.3      -1.1      19.3 
     -6.2      19.9      -0.4       8.3 
3046 -0.000000 -0.986036 -0.166531 
141654.0  12058.0      0.3     43.3     -0.1     25.8 
     0.3     86.6     -0.1     53.7  89507.2  91833.8 
    -18.9      55.5      -2.0     104.3 
     -6.5      25.0      -0.9      50.7 
     -6.0      19.4      -0.2      19.5 
     -6.5      18.7       0.4      10.7 
3047 -0.000000 -0.986625 -0.163008 
144819.0  12040.9      0.3     43.3     -0.1     25.7 
     0.3     86.6     -0.2     53.7  90543.0  93581.9 
    -15.8      54.8       4.7     100.9 
     -6.6      26.3      -0.0      51.1 
     -6.1      21.4      -0.2      19.8 
     -6.4      21.1      -0.5       9.3 
3048 -0.000000 -0.987696 -0.156385 
151043.0  12001.8      0.3     43.3     -0.1     25.8 
     0.3     86.6     -0.1     53.6  94868.6  97681.8 
    -19.0      54.3      -0.9     106.8 
     -7.3      25.0       0.4      49.3 
     -6.2      20.2      -0.0      20.1 
     -6.9      19.8       0.2       9.1 
3049 -0.000000 -0.988644 -0.150274 
157451.9  12077.9      0.3     43.3     -0.0     25.6 
     0.3     86.6     -0.1     53.4  98709.5 102740.4 
    -18.6      56.2      -4.6     105.2 
     -6.7      26.6      -0.2      53.0 
     -5.9      21.9      -0.2      20.8 
     -6.3      21.3      -0.6       9.5 
3050 -0.000000 -0.989488 -0.144617 
163481.2  12136.0      0.3     43.3     -0.0     25.7 
     0.3     86.6      0.1     53.5 103826.1 107083.8 
    -18.9      53.9       1.5     104.9 
     -7.0      25.0       1.0      53.0 
     -6.1      20.1      -0.4      22.0 
     -6.4      19.7       0.6       9.3 
3051 -0.000000 -0.990241 -0.139367 
169347.3  12065.4      0.3     43.3      0.2     25.6 
     0.3     86.6      0.2     53.4 108708.5 112700.2 
    -14.8      56.6       4.5     107.3 
     -7.1      27.1       0.3      54.3 
     -5.8      21.7      -1.2      23.4 
     -6.5      21.0      -0.2      10.6 
3052 -0.000000 -0.990916 -0.134481 
175909.8  12026.6      0.3     43.3      0.1     25.4 
     0.3     86.6      0.0     53.3 112253.6 115955.9 
    -17.0      51.2      -3.6     109.0 
     -7.2      26.2      -0.2      53.8 
     -6.4      20.3      -0.5      23.3 
     -6.9      20.2      -1.7      12.7 
3053 -0.000000 -0.991524 -0.129924 
181553.8  12099.4      0.3     43.3     -0.1     25.7 
     0.3     86.6     -0.1     53.2 116061.9 119407.2 
    -14.3      46.0      -8.0     112.3 
     -6.9      26.6       1.0      55.0 
     -6.0      21.6       0.3      22.5 
     -6.5      21.1       0.1       9.7 
3054 -0.000000 -0.992073 -0.125663 
187967.4  12076.3      0.3     43.3     -0.1     25.6 
     0.3     86.6     -0.2     53.2 119165.3 123759.3 
    -14.5      41.9       2.3     104.6 
     -7.1      25.0      -1.3      55.7 
     -6.4      20.3      -0.3      25.2 
     -7.0      20.0      -0.5      10.2 
3055 -0.000000 -0.992571 -0.121670 
194382.2  12167.1      0.3     43.3     -0.3     25.2 
     0.3     86.6     -0.1     53.0 125449.5 129658.6 
    -15.6      46.4      -1.2     111.8 
     -6.4      26.0       1.1      56.2 
     -5.7      21.9      -0.3      25.0 
     -7.0      21.2       0.0       9.9 
3056 -0.000000 -0.993023 -0.117921 
200668.2  12068.0      0.3     43.3      0.2     25.3 
     0.3     86.6      0.2     52.9 130656.2 134282.8 
     -9.5      39.9      10.4     114.2 
     -7.1      24.5      -0.6      57.3 
     -6.3      20.3       0.8      25.6 
     -7.3      20.2      -0.8      11.2 
3057 -0.000000 -0.993435 -0.114396 
206423.8  12252.1      0.3     43.3     -0.0     25.4 
     0.3     86.6      0.0     52.9 134540.0 137807.2 
    -13.2      38.6       1.6     119.9 
     -6.6      25.3      -0.1      57.1 
     -6.2      21.5       0.1      25.9 
     -6.6      21.3      -0.5      12.4 
3058 -0.000000 -0.993812 -0.111073 
212769.4  12073.5      0.3     43.3      0.0     25.2 
     0.3     86.6      0.1     52.9 136529.5 141597.9 
     -9.7      31.5       2.1     106.0 
     -6.9      23.9      -0.2      58.9 
     -6.4      20.3      -0.2      26.1 
     -6.9      20.2      -0.7      14.4 
3059 -0.000000 -0.994158 -0.107937 
218812.6  12180.5      0.3     43.3      0.2     25.2 
     0.3     86.6      0.0     52.8 142170.5 145768.0 
     -6.1      30.8       4.3     114.1 
     -6.2      24.1      -1.1      58.1 
     -5.7      21.9      -0.5      26.6 
     -6.8      21.4      -0.1      13.6 
3060 -0.000000 -0.994475 -0.104972 
224854.8  12171.4      0.3     43.3     -0.0     25.1 
     0.3     86.6      0.0     52.7 145964.6 150944.7 
     -5.9      31.1       1.7     114.3 
     -6.2      22.7      -1.3      57.7 
     -6.4      20.0       0.3      28.0 
     -7.3      20.5      -0.3      13.8 
3061 0.903278 -0.000000 -0.429057 
 54452.9   8330.0     -0.1     41.3      0.1     28.9 
    -0.1     84.1      0.1     57.7  29775.0  30800.2 
      2.5      86.4      12.4      45.9 
     -1.0      31.4       3.6      19.2 
     -0.0       9.6       3.5      16.5 
     -0.2       2.0       3.9      17.2 
3062 0.887877 -0.000000 -0.460082 
 50840.7   8475.2     -0.4     41.4      0.1     28.9 
    -0.4     84.2      0.1     57.7  27640.9  28231.1 
     -1.8      82.3      13.7      47.9 
     -0.6      28.5       3.5      18.9 
      0.4      10.9       3.4      15.9 
     -0.3       2.0       3.8      15.2 
3063 0.868777 -0.000000 -0.495203 
 47137.7   8716.7      0.1     41.4      0.1     28.9 
     0.1     84.2      0.1     57.7  25391.7  26246.9 
      1.2      81.3      10.6      45.6 
     -0.6      28.8       3.9      18.9 
      0.6       8.8       3.5      15.6 
     -0.3       2.0       4.3      16.4 
3064 0.844819 -0.000000 -0.535052 
 43654.6   8896.6     -0.1     41.5      0.1     28.9 
    -0.1     84.4      0.1     57.7  22708.2  24021.5 
      4.0      79.7      11.7      50.3 
      0.5      28.8       3.9      18.6 
     -0.5       5.5       3.3      15.5 
     -0.3       2.0       4.1      14.7 
3065 0.814421 -0.000000 -0.580275 
 40104.4   9240.2      0.2     41.7      0.1     28.9 
     0.2     84.5      0.1     57.7  21085.1  21939.0 
      3.8      78.2      10.5      48.4 
     -0.0      23.9       3.4      18.0 
     -0.6       6.8       3.5      14.5 
     -0.3       2.0       3.8      15.1 
3066 0.775436 -0.000000 -0.631426 
 36968.8   9591.6     -0.3     41.7      0.1     28.9 
    -0.3     84.6      0.1     57.7  18900.3  19504.4 
      2.2      80.4      12.2      50.9 
     -0.7      26.8       3.2      18.0 
     -0.5       2.4       3.3      14.8 
     -0.2       2.0       4.1      14.2 
3067 0.724999 -0.000000 -0.688749 
 33973.7  10286.6      0.0     41.8      0.1     28.9 
     0.0     84.7      0.1     57.7  17240.6  17986.7 
      2.7      80.3      12.6      50.2 
     -2.3      21.2       3.9      17.1 
      0.2       3.8       3.8      13.3 
     -0.3       2.0       4.0      13.3 
3068 0.659438 -0.000000 -0.751759 
 31095.8  11186.7      0.2     41.7      0.1     28.9 
     0.2     84.7      2.6      7.7  14847.5  15489.3 
     -1.1      77.4      10.0      48.0 
     -1.2      15.4       3.2      16.8 
     -0.3       2.7       3.3      13.5 
     -0.4       2.0       3.9      13.4 
3069 0.574426 -0.000000 -0.818557 
 28627.2  12758.7      0.5     41.7      0.1     28.9 
     0.5     84.8      1.1     13.1  13889.2  14391.3 
     -1.4      75.7      10.8      48.2 
     -0.6      17.7       3.5      15.1 
     -0.3       2.3       3.4      11.0 
     -0.3       2.0       3.8      10.6 
3070 0.465746 -0.000000 -0.884918 
 26653.1  15606.0     -0.2     41.8      6.1      6.7 
    -0.2     84.8      1.0     24.2  12454.4  13066.1 
     -2.8      75.6       6.1      44.6 
     -0.9      16.3       3.3      14.9 
     -0.1       2.0       3.1      11.4 
     -0.3       2.0       3.1      11.3 
3071 0.331088 -0.000000 -0.943600 
 25003.9  18703.6      0.3     41.7      1.3     10.6 
     0.3     84.8      0.8     35.5  11674.3  12291.6 
     -0.1      76.3       6.4      47.6 
     -0.5      12.7       2.4      11.3 
     -0.4       2.5       2.3       7.2 
     -0.1       2.0       2.4       6.1 
3072 0.254493 -0.000000 -0.967075 
 24580.9  19833.5     -0.0     41.8      1.0     12.8 
    -0.0     84.9      0.9     41.2  11498.7  12072.2 
     -2.6      70.9       7.1      46.8 
     -0.9       9.6       1.8       8.6 
     -0.4       2.0       1.8       5.5 
     -0.3       2.0       2.0       4.6 
3073 0.172799 -0.000000 -0.984957 
 24172.0  20124.5     -0.1     41.7      0.8     18.1 
    -0.1     84.8      0.8     46.6  11546.8  12029.1 
      1.5      67.1       2.0      51.2 
     -0.0      11.4       1.5       6.5 
      0.0       2.2       1.5       3.7 
     -0.4       2.0       1.4       3.1 
3074 0.087384 -0.000000 -0.996175 
 23956.6  19824.8      0.2     41.7      0.4     23.3 
     0.2     84.7      0.4     51.9  11274.6  12070.0 
      0.7      69.4       1.2      58.3 
      0.5      12.7       1.0       5.1 
     -0.4       2.0       0.9       2.3 
     -0.2       2.0       0.8       1.5 
3075 -0.000000 -0.000000 -1.000000 
 23871.1  19780.1     -0.1     41.7     -0.0     27.2 
    -0.1     84.8      0.0     55.9  11310.6  11779.9 
      1.9      73.6       1.7      60.5 
      0.4       8.8       0.2      11.5 
     -0.3       2.0      -0.1       1.7 
     -0.3       2.0      -0.1       1.2 
3076 -0.087384 -0.000000 -0.996175 
 23904.5  20070.5      0.2     41.9     -0.4     23.3 
     0.1     84.9     -0.3     51.8  11426.2  11871.9 
      2.7      76.1      -2.9      54.7 
     -0.5      10.3      -1.2       5.6 
     -0.1       2.0      -1.1       2.0 
     -0.4       2.0      -1.0       1.5 
3077 -0.172799 -0.000000 -0.984957 
 24214.1  20121.7     -0.5     42.0     -0.8     18.1 
    -0.5     84.9     -0.6     46.4  11546.4  12069.3 
     -1.4      70.9      -4.4      50.7 
     -1.1      14.4      -1.9       6.8 
     -0.2       2.0      -1.6       3.8 
     -0.3       2.0      -1.6       3.1 
3078 -0.254493 -0.000000 -0.967075 
 24588.2  19737.3      0.3     41.8     -0.8     12.9 
     0.3     84.8     -0.8     41.1  11451.5  11989.6 
     -5.8      75.1      -4.3      46.0 
     -0.5      13.0      -2.2       8.7 
     -0.3       2.1      -2.1       5.6 
     -0.2       2.0      -2.0       4.6 
3079 -0.331088 -0.000000 -0.943600 
 25098.9  18729.5     -0.4     41.9     -1.2      8.1 
    -0.3     84.9     -1.0     35.5  11771.5  12336.7 
      2.0      76.3      -5.8      48.1 
      0.7      13.4      -2.8      11.4 
     -0.2       2.0      -2.4       7.2 
     -0.3       2.0      -2.7       6.1 
3080 -0.465746 -0.000000 -0.884918 
 26409.2  15394.5     -0.0     41.7     -2.4      5.6 
    -0.1     84.8     -1.0     24.2  12527.6  13295.5 
      1.5      73.6      -7.9      44.4 
      0.2      10.4      -3.4      14.6 
     -0.4       2.9      -3.1      11.4 
     -0.2       2.0      -3.4      11.3 
3081 -0.574426 -0.000000 -0.818557 
 28578.6  12794.3     -0.2     41.8      0.1     28.9 
    -0.2     84.7     -1.0     13.3  13941.1  14678.6 
     -2.6      76.3      -6.6      45.8 
     -0.7      15.1      -3.8      15.1 
     -0.1       2.7      -3.8      10.9 
     -0.2       2.0      -3.8      10.7 
3082 -0.659438 -0.000000 -0.751759 
 31153.7  11269.1      0.4     41.7      0.1     28.9 
     0.3     84.7     -3.0      7.6  14814.4  15826.0 
      0.7      78.4      -9.1      46.5 
      0.2      14.8      -3.7      16.7 
     -0.7       4.5      -3.5      13.3 
     -0.4       2.0      -4.1      13.2 
3083 -0.724999 -0.000000 -0.688749 
 34112.6  10346.8      0.4     41.6      0.1     28.9 
     0.4     84.6      0.1     57.7  17384.5  18075.8 
     -0.6      76.4     -10.3      46.9 
     -0.3      19.5      -3.9      17.2 
     -0.4       4.8      -4.1      13.2 
     -0.5       2.0      -4.3      13.5 
3084 -0.775436 -0.000000 -0.631426 
 36980.6   9648.7     -0.1     41.5      0.1     28.9 
    -0.2     84.5      0.1     57.7  18902.0  19721.5 
     -1.1      81.5     -10.9      46.5 
      0.4      23.7      -3.7      18.4 
     -0.3       5.7      -3.5      14.8 
     -0.4       2.0      -3.9      14.3 
3085 -0.814421 -0.000000 -0.580275 
 40197.9   9293.3     -0.3     41.4      0.1     28.9 
    -0.2     84.4      0.1     57.7  21014.0  21862.4 
      3.5      82.3     -11.9      46.9 
     -0.8      28.0      -3.8      18.1 
     -0.3       5.0      -3.4      14.6 
     -0.3       2.0      -4.4      15.2 
3086 -0.844819 -0.000000 -0.535052 
 43552.6   8843.8      0.1     41.6      0.1     28.9 
     0.1     84.4      0.1     57.7  23026.9  23860.4 
     -0.1      78.2     -10.4      44.3 
      0.5      25.8      -3.6      18.8 
     -0.3       5.7      -3.5      15.5 
     -0.2       2.0      -4.2      14.8 
3087 -0.868777 -0.000000 -0.495203 
 47023.4   8659.9      0.2     41.6      0.1     28.9 
     0.1     84.3      0.1     57.7  25176.2  26202.2 
     -0.6      77.0     -12.2      42.4 
     -0.2      27.6      -3.9      18.4 
     -0.9       6.5      -3.5      15.9 
     -0.2       2.0      -4.3      16.3 
3088 -0.887877 -0.000000 -0.460082 
 50666.3   8515.5     -0.2     41.5      0.1     28.9 
    -0.3     84.2      0.1     57.7  26886.5  28067.7 
     -2.6      86.2     -12.3      43.0 
     -0.9      29.8      -3.9      19.2 
     -1.1       7.7      -3.7      15.7 
     -0.2       2.4      -4.5      15.5 
3089 -0.903278 -0.000000 -0.429057 
 54400.9   8322.6      0.3     41.3      0.1     28.9 
     0.3     84.0      0.1     57.7  29614.2  30917.7 
     -0.2      80.2     -11.5      40.4 
      0.2      31.3      -3.4      19.4 
      0.3       7.5      -3.7      16.4 
     -0.2       2.0      -4.4      17.1 
3090 0.840060 -0.367526 -0.399028 
 57598.3   9082.2      0.3     43.3      0.1     28.9 
    -0.2     19.8      0.1     57.7  31602.0  32883.8 
    -11.2      58.5      13.3      46.6 
     -3.0      21.0       3.2      19.2 
     -3.3      15.0       3.0      16.3 
     -2.9      14.1       2.8      17.4 
3091 0.817505 -0.390173 -0.423616 
 54247.4   9251.2      0.3     43.3      0.1     28.9 
    -0.4     20.2      0.1     57.7  29433.3  30850.2 
     -7.9      59.8      10.4      47.1 
     -3.8      21.0       3.1      19.4 
     -3.3      15.1       2.9      15.9 
     -3.5      14.1       3.0      16.0 
3092 0.790440 -0.414981 -0.450551 
 50849.7   9556.1      0.3     43.3      0.1     28.9 
    -0.2     20.9      0.1     57.7  27725.9  28836.3 
     -8.7      57.6      13.3      48.5 
     -3.4      20.6       2.9      18.7 
     -3.1      15.5       2.9      15.7 
     -3.4      14.6       3.2      16.2 
3093 0.757796 -0.442047 -0.479937 
 47837.9   9925.6      0.3     43.3      0.1     28.9 
     0.0     21.5      0.1     57.7  24932.9  25866.8 
    -10.2      57.4      10.7      47.4 
     -3.4      21.0       2.8      18.6 
     -3.5      15.6       2.9      15.4 
     -3.5      14.4       3.3      15.3 
3094 0.718269 -0.471364 -0.511767 
 44844.2  10534.9      0.3     43.3      0.1     28.9 
    -0.3     22.1      0.1     57.7  23614.8  24531.0 
     -9.1      57.1      13.2      51.9 
     -3.6      21.3       3.0      17.8 
     -3.8      16.1       3.2      14.2 
     -3.7      15.0       3.2      14.5 
3095 0.670317 -0.502738 -0.545830 
 41981.0  11154.7      0.3     43.3      0.1     28.9 
    -0.4     22.8      0.1     57.7  21489.5  22611.1 
     -9.3      55.1      11.7      50.0 
     -4.2      21.8       3.0      18.0 
     -3.7      16.1       2.7      14.5 
     -3.9      15.3       3.2      14.4 
3096 0.612205 -0.535679 -0.581595 
 39450.5  12036.7      0.3     43.3      0.1     28.9 
    -0.7     23.6      0.1     57.7  20273.9  21076.0 
     -9.9      53.8      10.0      49.4 
     -3.5      21.7       2.7      16.3 
     -3.6      16.3       2.9      12.6 
     -4.1      15.5       3.3      12.7 
3097 0.542159 -0.569267 -0.618061 
 37072.9  13669.1      0.3     43.3      0.1     28.9 
    -0.8     24.3      0.1      9.9  18609.9  19656.3 
    -10.1      51.9       7.7      49.3 
     -4.3      22.0       3.0      16.4 
     -4.2      16.4       2.8      12.9 
     -4.1      15.8       3.1      12.8 
3098 0.458673 -0.602008 -0.653609 
 35269.7  15504.1      0.3     43.3      0.1     28.9 
    -1.0     24.8      0.3     11.5  17641.6  18359.5 
     -8.9      51.9       8.1      49.7 
     -4.8      22.1       3.3      14.4 
     -4.3      16.9       3.0      10.4 
     -4.4      16.3       2.8       9.9 
3099 0.361020 -0.631785 -0.685938 
 33706.4  16828.9      0.3     43.3      0.1     28.9 
    -0.8     25.2      0.0     22.4  16526.0  17537.7 
    -10.0      55.2       8.1      51.5 
     -4.3      21.8       2.6      14.4 
     -4.6      16.9       2.5      11.1 
     -4.8      16.3       2.5      10.6 
3100 0.249898 -0.655981 -0.712208 
 32816.4  16414.4      0.3     43.3      0.8      6.9 
    -1.4     25.5      0.4     34.3  16491.0  16953.6 
    -13.2      54.0       4.9      50.6 
     -4.9      22.5       2.0      11.2 
     -4.2      16.6       1.8       7.0 
     -4.9      16.3       2.0       6.1 
3101 0.190037 -0.665130 -0.722141 
 32410.9  16314.8      0.3     43.3      0.4     13.2 
    -1.1     25.6      0.3     39.8  16224.3  16825.1 
    -10.2      53.5       2.9      54.8 
     -5.0      22.1       1.5       8.9 
     -4.8      16.9       1.6       5.4 
     -4.7      16.4       1.6       4.6 
3102 0.127982 -0.671905 -0.729496 
 32007.0  16151.5      0.3     43.3      0.5     17.1 
    -1.3     25.5      0.4     45.9  16106.7  16809.5 
    -11.1      51.2       2.5      56.7 
     -5.1      22.2       1.0       7.1 
     -4.9      16.5       1.1       3.5 
     -4.7      16.3       1.1       3.0 
3103 0.064388 -0.676070 -0.734019 
 31986.7  16046.4      0.3     43.3     -0.1     23.0 
    -1.2     25.5     -0.2     51.4  16230.9  16938.3 
    -11.0      51.5      -0.3      64.4 
     -4.6      22.1       0.5       8.2 
     -4.7      16.7       0.6       1.8 
     -5.1      16.1       0.7       1.5 
3104 -0.000000 -0.677476 -0.735545 
 32003.1  16096.1      0.3     43.3      0.1     27.2 
    -1.5     25.5      0.1     55.8  16029.0  16634.2 
    -11.1      54.4      -0.4      71.7 
     -5.1      22.2      -0.1      16.1 
     -5.0      16.5       0.2       5.4 
     -5.4      16.0      -0.2       1.5 
3105 -0.064388 -0.676070 -0.734019 
 32156.2  16133.3      0.3     43.3     -0.1     22.8 
    -1.1     25.4      0.0     51.4  15802.9  16526.5 
    -12.9      54.4      -1.5      60.6 
     -5.0      22.1      -0.7       8.2 
     -4.9      16.7      -0.9       1.9 
     -5.2      16.4      -0.9       1.6 
3106 -0.127982 -0.671905 -0.729496 
 32212.9  16260.0      0.3     43.3     -0.6     17.3 
    -1.4     25.4     -0.3     45.6  15762.3  16588.1 
    -12.5      54.8      -6.6      59.8 
     -5.4      22.0      -1.3       7.5 
     -4.9      16.6      -1.3       3.6 
     -4.9      16.4      -1.3       3.1 
3107 -0.190037 -0.665130 -0.722141 
 32374.9  16279.6      0.3     43.3     -0.3     11.7 
    -1.3     25.6     -0.2     40.0  16086.5  16697.7 
    -11.8      54.1      -5.9      54.1 
     -5.0      22.3      -1.9       8.7 
     -4.8      17.0      -1.7       5.4 
     -5.0      16.3      -1.8       4.7 
3108 -0.249898 -0.655981 -0.712208 
 32672.2  16591.3      0.3     43.3     -0.7      6.8 
    -1.5     25.3     -0.5     34.2  16464.6  17007.5 
    -13.3      54.6      -7.9      53.7 
     -4.8      22.0      -2.3      11.0 
     -4.7      16.8      -2.0       7.1 
     -4.8      16.4      -2.0       6.1 
3109 -0.361020 -0.631785 -0.685938 
 33789.1  16802.4      0.3     43.3      0.1     28.9 
    -1.2     25.3     -0.3     22.3  16699.3  17445.0 
     -9.1      51.4      -6.0      50.5 
     -4.8      21.9      -3.0      14.7 
     -4.4      16.7      -2.5      11.0 
     -4.8      16.4      -2.9      10.6 
3110 -0.458673 -0.602008 -0.653609 
 35241.9  15445.1      0.3     43.3      0.1     28.9 
    -0.9     24.6     -0.3     11.6  17668.3  18295.8 
    -10.1      52.8      -8.7      46.4 
     -4.6      21.9      -3.2      14.3 
     -4.4      17.0      -3.1      10.3 
     -4.3      16.3      -3.0       9.9 
3111 -0.542159 -0.569267 -0.618061 
 37147.4  13576.0      0.3     43.3      0.1     28.9 
    -0.8     24.2     -0.4     10.0  18602.0  19251.7 
     -8.9      53.5      -9.2      47.7 
     -4.6      21.8      -3.2      16.2 
     -4.0      16.4      -3.1      12.9 
     -4.2      15.7      -3.0      12.9 
3112 -0.612205 -0.535679 -0.581595 
 39462.1  12197.4      0.3     43.3      0.1     28.9 
    -0.6     23.5      0.1     57.7  20265.3  21157.9 
    -10.0      53.3      -8.7      44.9 
     -4.1      21.7      -3.2      16.5 
     -3.9      16.3      -3.2      12.4 
     -3.9      15.6      -3.4      12.8 
3113 -0.670317 -0.502738 -0.545830 
 42034.6  11306.6      0.3     43.3      0.1     28.9 
    -0.4     22.7      0.1     57.7  21379.6  22572.6 
    -11.6      54.3     -10.8      45.6 
     -4.1      21.2      -3.1      17.4 
     -3.7      16.0      -2.7      14.3 
     -4.2      15.3      -3.6      14.3 
3114 -0.718269 -0.471364 -0.511767 
 44845.2  10531.9      0.3     43.3      0.1     28.9 
    -0.4     22.0      0.1     57.7  23726.9  24518.2 
     -9.8      55.9     -11.3      46.4 
     -3.7      21.3      -3.1      17.9 
     -3.7      16.1      -3.2      14.3 
     -4.0      15.1      -3.7      14.6 
3115 -0.757796 -0.442047 -0.479937 
 47673.7   9904.9      0.3     43.3      0.1     28.9 
    -0.2     21.4      0.1     57.7  24956.1  26146.3 
     -8.8      56.3     -11.1      44.9 
     -4.0      21.0      -3.5      18.3 
     -3.4      15.7      -3.0      15.3 
     -3.5      14.5      -3.5      15.3 
3116 -0.790440 -0.414981 -0.450551 
 51142.3   9585.4      0.3     43.3      0.1     28.9 
    -0.3     20.8      0.1     57.7  27641.7  28659.8 
     -9.9      59.6     -11.4      45.0 
     -3.8      21.0      -3.2      18.6 
     -3.6      15.6      -3.6      15.5 
     -3.3      14.5      -3.4      16.1 
3117 -0.817505 -0.390173 -0.423616 
 54212.0   9235.4      0.3     43.3      0.1     28.9 
    -0.1     20.2      0.1     57.7  29497.2  30635.0 
     -8.6      58.7      -9.3      42.2 
     -3.2      20.7      -3.0      19.0 
     -3.4      15.3      -3.1      16.1 
     -3.5      14.2      -3.4      16.0 
3118 -0.840060 -0.367526 -0.399028 
 57609.1   9008.1      0.3     43.3      0.1     28.9 
    -0.1     19.6      0.1     57.7  31933.8  32914.8 
     -8.5      59.4     -10.5      41.7 
     -2.9      20.6      -3.3      19.4 
     -3.2      15.1      -3.3      16.3 
     -3.1      13.9      -3.4      16.9 
3119 0.708659 -0.620076 -0.336613 
 67951.4  10889.8      0.3     43.3      0.1     28.9 
     0.3     86.6      0.1     57.7  38223.3  39537.1 
    -11.6      56.7       9.5      45.1 
     -4.0      23.5       3.1      18.2 
     -3.8      18.4       2.9      14.9 
     -3.9      17.5       2.9      15.1 
3120 0.677337 -0.646549 -0.350984 
 65008.6  11332.6      0.3     43.3      0.1     28.9 
     0.3     86.6      0.1     57.7  36743.5  38037.6 
    -11.0      54.7      12.3      49.2 
     -4.3      23.9       2.8      18.7 
     -3.8      18.5       2.7      15.1 
     -4.0      17.5       2.8      14.8 
3121 0.641844 -0.673936 -0.365851 
 62510.4  11795.0      0.3     43.3      0.1     28.9 
     0.3     86.6      0.1     57.7  34519.8  35828.6 
    -11.7      52.7      12.2      53.2 
     -4.3      23.8       2.7      17.5 
     -4.2      19.0       2.8      13.7 
     -4.0      18.5       2.8      13.5 
3122 0.601687 -0.701968 -0.381068 
 60153.3  12465.5      0.3     43.3      0.1     28.9 
     0.3     86.6      0.1     57.7  33825.0  35038.6 
    -11.4      56.3      10.9      53.0 
     -4.5      24.1       2.7      17.7 
     -3.9      19.2       2.2      14.3 
     -3.9      18.0       2.7      13.7 
3123 0.556388 -0.730259 -0.396426 
 57777.8  12912.6      0.3     43.3      0.1     28.9 
     0.3     86.6      0.1     57.7  31641.5  32790.6 
    -10.9      50.8       9.5      49.8 
     -4.9      24.0       2.9      16.4 
     -3.9      19.0       2.7      12.3 
     -4.3      18.8       2.7      12.0 
3124 0.505524 -0.758286 -0.411641 
 55744.4  13844.6      0.3     43.3      0.1     28.9 
     0.3     86.6      0.1     57.7  29694.6  30850.6 
    -14.7      55.4      10.8      52.7 
     -4.3      23.9       2.5      16.7 
     -4.7      19.3       2.7      12.8 
     -4.3      19.1       2.5      12.8 
3125 0.448787 -0.785377 -0.426348 
 53766.8  13789.0      0.3     43.3      0.1     28.9 
     0.3     86.6      0.1     57.7  29446.2  30279.5 
    -13.9      53.3       9.7      54.5 
     -4.6      23.8       2.6      15.3 
     -4.3      19.7       2.5      10.8 
     -4.7      19.3       2.7      10.4 
3126 0.386057 -0.810720 -0.440105 
 52438.0  13872.4      0.3     43.3      0.1     28.9 
     0.3     86.6      0.1     57.7  28472.2  29585.7 
    -12.3      55.0       6.6      52.8 
     -4.7      24.4       2.4      15.7 
     -4.4      19.9       2.6      11.6 
     -4.7      19.5       2.6      11.0 
3127 0.317480 -0.833386 -0.452409 
 51010.5  13543.5      0.3     43.3      0.1     28.9 
     0.3     86.6     -0.3      8.4  28193.2  28881.9 
    -12.9      54.1       5.4      55.4 
     -4.4      24.3       2.3      13.4 
     -4.6      20.1       2.3       8.8 
     -5.3      19.7       2.5       7.8 
3128 0.243541 -0.852392 -0.462727 
 50163.7  13493.1      0.3     43.3      0.1     28.9 
     0.3     86.6     -0.2     19.9  26980.6  27961.6 
    -12.0      53.1       4.4      57.4 
     -4.5      24.2       2.2      15.2 
     -5.1      19.9       2.2      10.8 
     -5.0      19.6       2.3       9.9 
3129 0.165103 -0.866792 -0.470544 
 49668.8  13026.5      0.3     43.3      0.3      4.8 
     0.3     86.6     -0.3     32.1  27520.0  28356.7 
    -15.6      54.1       4.1      59.0 
     -4.9      24.4       1.6      11.6 
     -5.0      20.1       1.7       6.1 
     -5.4      19.4       1.6       5.1 
3130 0.124573 -0.872008 -0.473376 
 49419.6  12968.5      0.3     43.3     -0.0     10.2 
     0.3     86.6     -0.3     38.6  26941.2  28018.9 
    -12.5      52.4       3.6      61.9 
     -5.3      24.5       1.1      10.2 
     -5.1      20.1       1.0       4.6 
     -5.6      19.7       1.3       3.8 
3131 0.083409 -0.875791 -0.475429 
 49311.1  12969.6      0.3     43.3      0.1     16.1 
     0.3     86.6     -0.3     44.7  27196.6  28028.9 
    -13.3      54.0       2.3      66.6 
     -5.2      24.5       0.7      10.8 
     -5.1      19.7       0.8       3.3 
     -5.5      19.5       0.9       2.5 
3132 0.041814 -0.878085 -0.476675 
 49269.2  12895.9      0.3     43.3     -0.4     22.2 
     0.3     86.6     -0.6     50.7  26626.0  27659.6 
    -15.9      53.4      -0.4      69.3 
     -6.0      24.6       0.2      15.0 
     -5.3      19.8       0.4       2.0 
     -5.5      19.4       0.5       1.3 
3133 -0.000000 -0.878853 -0.477092 
 49266.3  12878.7      0.3     43.3      0.1     26.8 
     0.3     86.6      0.1     55.3  26732.2  27892.0 
    -15.9      52.9      -1.6      74.8 
     -6.5      24.8       0.1      24.6 
     -5.0      19.7      -0.2       5.5 
     -6.0      19.5      -0.2       2.0 
3134 -0.041814 -0.878085 -0.476675 
 49340.6  12911.3      0.3     43.3      0.4     22.4 
     0.3     86.6      0.6     50.5  26740.5  27546.3 
    -12.4      50.4      -1.8      66.6 
     -5.4      24.7      -1.0      15.2 
     -5.5      20.1      -0.6       3.0 
     -5.5      19.6      -0.7       1.5 
3135 -0.083409 -0.875791 -0.475429 
 49314.4  12951.2      0.3     43.3      0.1     16.9 
     0.3     86.6      0.3     44.7  27256.2  28258.7 
    -13.2      51.2      -1.5      68.1 
     -5.4      24.3      -1.0      11.9 
     -5.1      20.2      -1.1       3.7 
     -5.8      19.5      -1.2       2.6 
3136 -0.124573 -0.872008 -0.473376 
 49414.9  12922.1      0.3     43.3      0.0     10.1 
     0.3     86.6      0.2     38.5  27186.7  28163.2 
    -16.5      56.6      -3.3      63.8 
     -5.4      24.8      -1.5      10.1 
     -5.5      20.0      -1.5       4.5 
     -5.6      19.6      -1.5       3.8 
3137 -0.165103 -0.866792 -0.470544 
 49611.0  13073.1      0.3     43.3     -0.3      4.7 
     0.3     86.6      0.2     32.4  26953.5  27914.2 
    -16.4      53.6      -6.9      60.2 
     -5.8      24.7      -1.9      11.1 
     -5.1      19.7      -1.7       6.2 
     -5.0      19.4      -1.8       5.1 
3138 -0.243541 -0.852392 -0.462727 
 50241.6  13264.6      0.3     43.3      0.1     28.9 
     0.3     86.6      0.3     19.9  27392.8  28140.1 
    -13.3      53.2      -5.4      54.7 
     -5.0      24.6      -2.5      15.0 
     -4.7      20.0      -2.3      10.9 
     -5.0      19.7      -2.5      10.0 
3139 -0.317480 -0.833386 -0.452409 
 51076.9  13732.6      0.3     43.3      0.1     28.9 
     0.3     86.6      0.3      8.4  27559.4  28614.6 
    -13.6      52.4      -7.1      55.4 
     -4.9      24.3      -2.5      13.5 
     -4.7      19.9      -2.5       8.7 
     -5.2      19.6      -2.6       7.8 
3140 -0.386057 -0.810720 -0.440105 
 52384.4  14006.2      0.3     43.3      0.1     28.9 
     0.3     86.6      2.2      7.4  28697.8  29614.0 
    -12.8      55.0      -7.0      52.8 
     -4.7      24.4      -2.6      15.5 
     -4.8      19.8      -2.7      11.6 
     -5.0      19.4      -2.9      11.0 
3141 -0.448787 -0.785377 -0.426348 
 53982.4  13696.4      0.3     43.3      0.1     28.9 
     0.3     86.6      0.1     57.7  28953.6  30162.6 
    -14.6      53.1     -10.0      53.9 
     -4.8      24.5      -3.0      15.3 
     -4.2      19.8      -2.7      11.1 
     -4.8      19.2      -2.9      10.4 
3142 -0.505524 -0.758286 -0.411641 
 55723.4  13895.4      0.3     43.3      0.1     28.9 
     0.3     86.6      0.1     57.7  29752.1  31029.3 
    -12.8      54.1      -9.5      51.1 
     -4.3      24.3      -2.7      16.4 
     -4.4      19.7      -2.9      13.2 
     -4.6      19.2      -2.9      12.7 
3143 -0.556388 -0.730259 -0.396426 
 57835.9  12752.1      0.3     43.3      0.1     28.9 
     0.3     86.6      0.1     57.7  31592.4  32817.4 
    -14.2      56.2     -10.9      49.8 
     -4.2      24.0      -2.8      16.3 
     -3.9      19.3      -2.6      12.6 
     -4.7      18.8      -3.1      12.1 
3144 -0.601687 -0.701968 -0.381068 
 60052.4  12426.0      0.3     43.3      0.1     28.9 
     0.3     86.6      0.1     57.7  32926.0  34141.7 
    -12.3      55.1     -10.1      51.0 
     -3.9      23.4      -2.8      17.6 
     -4.3      19.1      -2.9      14.0 
     -4.5      18.3      -2.9      14.1 
3145 -0.641844 -0.673936 -0.365851 
 62421.1  11879.3      0.3     43.3      0.1     28.9 
     0.3     86.6      0.1     57.7  34769.1  35825.0 
    -11.4      54.5      -7.8      46.7 
     -4.4      24.1      -2.9      17.4 
     -4.1      19.2      -3.0      13.8 
     -4.0      18.4      -3.1      13.7 
3146 -0.677337 -0.646549 -0.350984 
 64995.7  11236.2      0.3     43.3      0.1     28.9 
     0.3     86.6      0.1     57.7  36169.2  37346.8 
    -11.8      56.5      -9.4      43.2 
     -4.3      23.3      -3.2      18.6 
     -4.0      18.8      -2.6      15.2 
     -3.8      17.4      -2.6      14.7 
3147 -0.708659 -0.620076 -0.336613 
 68054.7  10679.9      0.3     43.3      0.1     28.9 
     0.3     86.6      0.1     57.7  38569.7  39475.7 
    -12.1      58.1     -10.3      43.3 
     -3.8      23.6      -3.1      18.5 
     -3.5      18.4      -2.8      14.6 
     -4.3      17.7      -3.1      15.1 
3148 0.482910 -0.845093 -0.229382 
100030.5  13351.8      0.3     43.3      0.1     28.9 
     0.3     86.6      0.1     57.7  59690.9  61556.0 
    -16.5      56.6      12.3      52.7 
     -4.9      24.6       2.8      17.8 
     -4.5      19.8       2.3      11.9 
     -4.9      19.5       2.4      11.5 
3149 0.451149 -0.861285 -0.233777 
 98462.4  13314.3      0.3     43.3      0.1     28.9 
     0.3     86.6      0.1     57.7  58553.9  60374.1 
    -15.8      58.2      10.3      54.7 
     -5.1      24.4       2.5      18.4 
     -4.5      19.5       2.3      12.8 
     -4.7      18.9       2.4      12.5 
3150 0.417577 -0.876913 -0.238019 
 96633.2  13197.2      0.3     43.3      0.1     28.9 
     0.3     86.6      0.1     57.7  57858.3  59697.8 
    -14.8      53.1       9.9      58.5 
     -5.3      24.6       2.9      17.1 
     -4.9      19.7       2.3      10.7 
     -4.9      19.5       2.5      10.1 
3151 0.382204 -0.891810 -0.242063 
 95275.0  13073.3      0.3     43.3      0.1     28.9 
     0.3     86.6      0.1     57.7  56239.2  57989.2 
    -15.3      53.4       8.7      56.0 
     -5.6      24.2       2.6      17.4 
     -5.0      19.6       2.5      12.0 
     -4.6      19.1       2.4      11.3 
3152 0.345068 -0.905804 -0.245861 
 94071.8  12848.5      0.3     43.3      0.1     28.9 
     0.3     86.6      0.1     57.7  56742.5  57848.7 
    -13.0      52.4       9.6      63.2 
     -6.0      24.5       2.9      17.4 
     -5.1      20.1       2.5      10.0 
     -5.0      19.5       2.4       9.0 
3153 0.306238 -0.918714 -0.249365 
 92918.5  12608.9      0.3     43.3      0.1     28.9 
     0.3     86.6      0.1     57.7  55297.6  56905.1 
    -15.3      49.6       5.1      64.5 
     -5.6      24.6       2.7      18.1 
     -4.9      19.7       2.3      11.5 
     -5.3      19.4       2.7      10.7 
3154 0.265817 -0.930361 -0.252527 
 92127.8  12547.8      0.3     43.3      0.1     28.9 
     0.3     86.6      0.1     57.7  54684.7  56298.4 
    -12.7      49.8       6.9      69.2 
     -5.5      24.5       2.6      16.9 
     -4.9      20.1       2.2       8.6 
     -5.1      19.7       2.2       7.5 
3155 0.223945 -0.940570 -0.255298 
 91338.6  12409.2      0.3     43.3      0.1     28.9 
     0.3     86.6      0.1     57.7  53784.1  55562.3 
    -14.9      52.9       8.2      69.6 
     -5.9      25.0       2.4      17.8 
     -5.5      20.2       2.4      11.2 
     -5.2      19.2       2.2      10.0 
3156 0.180796 -0.949177 -0.257634 
 90673.5  12393.7      0.3     43.3      0.1     28.9 
     0.3     86.6     -0.4      4.8  54501.4  55850.5 
    -12.8      48.1       7.8      71.6 
     -6.1      25.0       2.0      16.1 
     -5.1      19.9       1.9       7.1 
     -5.4      19.5       1.9       5.9 
3157 0.136577 -0.956038 -0.259496 
 90222.7  12129.5      0.3     43.3      0.1     28.9 
     0.3     86.6     -0.4     17.4  52307.5  54670.2 
    -16.8      52.2       4.7      74.2 
     -5.7      24.6       2.1      17.9 
     -5.8      19.8       1.8      11.1 
     -6.0      18.8       1.9      10.4 
3158 0.091527 -0.961030 -0.260851 
 89796.7  12101.1      0.3     43.3     -0.0      2.7 
     0.3     86.6     -0.5     30.5  54574.0  55973.1 
    -13.6      52.7       2.1      75.4 
     -5.8      24.7       1.6      15.1 
     -5.7      20.0       1.3       5.0 
     -5.7      19.3       1.3       3.9 
3159 0.068771 -0.962796 -0.261330 
 89829.4  12062.4      0.3     43.3     -0.3      8.6 
     0.3     86.6     -0.6     37.0  54266.2  55907.7 
    -16.5      52.0       2.1      78.4 
     -6.1      24.3       0.7      16.7 
     -5.7      19.8       1.0       4.1 
     -6.2      19.3       1.0       3.0 
3160 0.045908 -0.964064 -0.261674 
 89951.2  12006.1      0.3     43.3     -0.8     15.1 
     0.3     86.6     -0.9     43.4  53571.9  55424.4 
    -14.5      51.0       7.5      85.2 
     -5.9      24.1       0.5      20.6 
     -5.9      19.7       0.6       3.6 
     -6.0      19.2       0.7       2.1 
3161 0.022972 -0.964827 -0.261882 
 89854.6  12119.0      0.3     43.3     -1.0     21.4 
     0.3     86.6     -1.2     49.7  54584.6  55834.8 
    -15.9      55.4      -0.8      82.6 
     -6.2      24.0       0.5      28.4 
     -6.2      19.6       0.3       6.2 
     -6.4      19.2       0.4       1.7 
3162 -0.000000 -0.965081 -0.261951 
 89818.0  12040.6      0.3     43.3      0.2     26.2 
     0.3     86.6      0.2     54.5  53879.0  55317.6 
    -12.9      46.7       1.1      89.6 
     -6.4      24.1      -0.1      36.6 
     -5.5      19.4       0.3      12.4 
     -6.4      19.0      -0.1       4.0 
3163 -0.022972 -0.964827 -0.261882 
 89889.1  12066.4      0.3     43.3      0.8     21.4 
     0.3     86.6      1.0     49.9  53883.9  55324.2 
    -13.0      48.6      -3.4      85.7 
     -6.0      24.7      -0.6      29.5 
     -5.6      19.6      -0.7       5.8 
     -5.9      19.0      -0.5       2.5 
3164 -0.045908 -0.964064 -0.261674 
 89704.6  12050.8      0.3     43.3      0.5     15.1 
     0.3     86.6      0.7     43.4  54293.4  55634.8 
    -17.2      53.2      -0.7      76.8 
     -6.0      24.0      -0.8      20.1 
     -6.1      19.6      -0.9       3.8 
     -6.2      19.1      -0.8       2.2 
3165 -0.068771 -0.962796 -0.261330 
 89756.5  12010.6      0.3     43.3      0.2      8.7 
     0.3     86.6      0.5     37.0  53381.8  55212.3 
    -16.7      52.8      -8.3      79.0 
     -6.2      24.7      -1.4      17.7 
     -5.9      19.8      -1.1       4.3 
     -5.8      19.2      -1.1       3.0 
3166 -0.091527 -0.961030 -0.260851 
 90024.9  12091.8      0.3     43.3      0.2      2.7 
     0.3     86.6      0.6     30.3  54376.3  55549.0 
    -17.8      52.1      -2.3      75.6 
     -6.2      24.5      -1.9      15.9 
     -5.2      19.8      -1.4       5.4 
     -5.7      19.2      -1.4       4.0 
3167 -0.136577 -0.956038 -0.259496 
 90211.1  12185.8      0.3     43.3      0.1     28.9 
     0.3     86.6      0.4     17.3  53710.5  55270.7 
    -13.5      52.8      -8.8      78.1 
     -6.2      25.0      -2.5      19.2 
     -5.6      20.2      -2.1      11.2 
     -5.8      19.5      -2.5      10.4 
3168 -0.180796 -0.949177 -0.257634 
 90658.3  12258.9      0.3     43.3      0.1     28.9 
     0.3     86.6      0.3      4.9  54472.9  56230.5 
    -13.3      52.0      -5.4      71.0 
     -6.2      25.0      -2.4      16.7 
     -5.3      19.9      -2.2       7.0 
     -5.3      19.5      -2.0       5.9 
3169 -0.223945 -0.940570 -0.255298 
 91299.2  12338.4      0.3     43.3      0.1     28.9 
     0.3     86.6      0.1     57.7  54877.2  56542.8 
    -16.8      56.3      -5.3      72.8 
     -5.8      24.5      -2.9      18.0 
     -5.1      20.0      -2.6      11.1 
     -5.6      19.9      -2.6      10.1 
3170 -0.265817 -0.930361 -0.252527 
 91811.8  12462.4      0.3     43.3      0.1     28.9 
     0.3     86.6      0.1     57.7  55193.7  56679.1 
    -14.6      54.9      -6.0      67.4 
     -5.6      24.4      -2.6      16.3 
     -5.1      19.9      -2.3       8.4 
     -4.8      19.4      -2.4       7.4 
3171 -0.306238 -0.918714 -0.249365 
 92827.9  12684.0      0.3     43.3      0.1     28.9 
     0.3     86.6      0.1     57.7  54760.1  56533.7 
    -16.8      52.6      -7.9      62.8 
     -5.5      24.7      -2.7      18.0 
     -4.9      20.0      -2.4      11.6 
     -5.3      19.8      -2.6      10.9 
3172 -0.345068 -0.905804 -0.245861 
 94145.4  12776.7      0.3     43.3      0.1     28.9 
     0.3     86.6      0.1     57.7  55531.9  56945.5 
    -16.3      54.1      -6.6      63.3 
     -5.3      24.8      -3.1      16.8 
     -4.9      20.1      -2.5       9.9 
     -5.3      19.3      -2.7       8.9 
3173 -0.382204 -0.891810 -0.242063 
 95360.6  13082.0      0.3     43.3      0.1     28.9 
     0.3     86.6      0.1     57.7  55965.5  57979.8 
    -15.3      51.7      -8.5      52.2 
     -5.0      24.7      -2.5      18.2 
     -5.0      19.6      -2.5      12.1 
     -4.6      19.3      -2.3      11.3 
3174 -0.417577 -0.876913 -0.238019 
 96744.0  13089.0      0.3     43.3      0.1     28.9 
     0.3     86.6      0.1     57.7  57644.0  59181.9 
    -14.7      53.8      -8.6      52.9 
     -5.4      24.8      -2.9      17.0 
     -4.9      19.8      -2.7      10.9 
     -5.4      19.7      -3.0      10.2 
3175 -0.451149 -0.861285 -0.233777 
 98437.6  13221.8      0.3     43.3      0.1     28.9 
     0.3     86.6      0.1     57.7  57592.8  60036.0 
    -12.6      55.7      -6.6      55.1 
     -5.2      24.3      -3.1      18.4 
     -4.6      19.3      -2.7      12.6 
     -4.9      18.6      -2.7      12.3 
3176 -0.482910 -0.845093 -0.229382 
100110.3  13397.1      0.3     43.3      0.1     28.9 
     0.3     86.6      0.1     57.7  60467.8  61625.5 
    -13.9      49.8      -7.3      45.1 
     -5.2      24.8      -3.1      17.5 
     -4.5      19.5      -2.5      11.9 
     -4.8      19.1      -2.6      11.3 
3177 0.337328 -0.927651 -0.160231 
144418.8  12715.5      0.3     43.3      0.1     28.9 
     0.3     86.6      0.1     57.7  89839.1  92183.7 
    -13.2      49.0      10.3      53.8 
     -5.9      25.8       3.2      19.3 
     -5.4      20.3       2.5      10.0 
     -5.3      20.2       2.4       9.1 
3178 0.312066 -0.936198 -0.161707 
143266.5  12648.1      0.3     43.3      0.1     28.9 
     0.3     86.6      0.1     57.7  87396.8  90440.6 
    -14.1      55.7      10.5      61.8 
     -5.6      25.5       2.9      20.9 
     -5.0      20.6       2.4      12.1 
     -5.2      20.1       2.3      11.0 
3179 0.286124 -0.944211 -0.163091 
142709.2  12515.2      0.3     43.3      0.1     28.9 
     0.3     86.6      0.1     57.7  88479.3  90752.8 
    -20.1      63.0      16.4      66.6 
     -5.9      25.7       2.9      19.4 
     -4.9      20.5       2.2       9.5 
     -5.8      20.8       2.3       8.3 
3180 0.259539 -0.951641 -0.164374 
141403.4  12417.5      0.3     43.3      0.1     28.9 
     0.3     86.6      0.1     57.7  88601.4  91037.8 
    -15.1      51.4      12.7      71.0 
     -5.8      25.7       2.8      21.0 
     -5.5      20.3       2.6      11.7 
     -5.1      20.1       2.2      10.3 
3181 0.232349 -0.958440 -0.165549 
140482.9  12314.9      0.3     43.3      0.1     28.9 
     0.3     86.6      0.1     57.7  87524.3  90507.0 
    -16.3      54.5      10.0      71.2 
     -6.3      25.5       2.9      20.2 
     -5.4      20.4       2.2       8.3 
     -5.5      19.9       2.2       7.2 
3182 0.204604 -0.964562 -0.166606 
139893.6  12241.0      0.3     43.3      0.1     28.9 
     0.3     86.6      0.1     57.7  87409.6  90375.7 
    -15.4      56.2       8.5      77.9 
     -6.3      25.5       2.4      22.5 
     -5.7      20.1       2.4      11.3 
     -6.1      20.4       2.6      10.5 
3183 0.176357 -0.969963 -0.167539 
139540.6  12124.3      0.3     43.3      0.1     28.9 
     0.3     86.6      0.1     57.7  87297.0  89976.1 
    -21.1      58.4      10.5      79.1 
     -6.4      25.7       2.4      22.1 
     -5.5      20.5       2.1       7.4 
     -5.5      19.8       2.1       6.1 
3184 0.147667 -0.974605 -0.168341 
139234.3  12143.6      0.3     43.3      0.1     28.9 
     0.3     86.6      0.1     57.7  86455.4  89915.3 
    -20.5      56.3       7.2      88.8 
     -6.5      25.7       2.5      23.3 
     -5.2      20.3       2.2      11.4 
     -5.9      20.0       2.2      10.5 
3185 0.118600 -0.978453 -0.169006 
138976.3  12135.3      0.3     43.3      0.1     28.9 
     0.3     86.6     -0.4      3.3  86254.5  89543.6 
    -16.7      55.4       7.5      90.3 
     -6.6      25.3       2.2      22.5 
     -5.7      20.3       1.8       6.6 
     -5.7      19.8       1.8       4.9 
3186 0.089225 -0.981478 -0.169528 
138497.0  12044.9      0.3     43.3      0.1     28.9 
     0.3     86.6     -0.4     16.1  86922.5  88847.4 
    -16.6      53.6       8.6      91.5 
     -6.9      26.4       2.5      24.8 
     -5.7      20.1       2.2      11.4 
     -6.4      19.7       2.1      10.7 
3187 0.059616 -0.983656 -0.169904 
138494.1  11997.4      0.3     43.3     -0.3      1.7 
     0.3     86.6     -0.9     29.7  86791.5  88909.5 
    -15.5      52.5       4.7      98.8 
     -6.7      26.0       1.5      24.1 
     -6.0      20.4       1.2       5.3 
     -6.6      19.6       1.2       3.5 
3188 0.044746 -0.984421 -0.170036 
138338.6  12022.9      0.3     43.3     -0.6     10.3 
     0.3     86.6     -0.8     36.1  86948.6  89380.1 
    -17.3      54.1       6.3      95.9 
     -6.6      25.0       0.7      25.3 
     -5.9      20.2       0.9       5.0 
     -5.8      19.9       0.8       2.6 
3189 0.029848 -0.984969 -0.170131 
138576.6  12036.9      0.3     43.3     -1.0     14.5 
     0.3     86.6     -1.2     42.7  86462.3  89340.4 
    -16.5      53.4      -0.5      96.1 
     -6.8      25.0       1.0      30.9 
     -5.8      20.0       0.5       6.2 
     -6.1      19.9       0.6       3.2 
3190 0.014929 -0.985299 -0.170188 
138371.1  11972.6      0.3     43.3     -1.1     20.9 
     0.3     86.6     -1.3     49.2  87153.4  89623.7 
    -18.7      52.0      -3.8      97.4 
     -6.7      25.1      -0.4      38.7 
     -6.2      19.7       0.4      10.5 
     -6.3      19.4       0.3       3.1 
3191 -0.000000 -0.985408 -0.170207 
138502.5  11983.9      0.3     43.3     -0.1     25.8 
     0.3     86.6     -0.1     53.8  87993.0  90368.3 
    -20.3      57.5      -8.5     102.7 
     -6.8      24.6      -0.8      49.6 
     -6.2      20.1      -0.0      18.1 
     -6.3      19.4      -0.2       8.6 
3192 -0.014929 -0.985299 -0.170188 
138902.8  12034.3      0.3     43.3      1.2     21.1 
     0.3     86.6      1.5     49.1  87399.2  89625.4 
    -16.3      52.2       8.1     100.8 
     -6.8      25.4      -0.4      39.9 
     -6.1      20.0      -0.2       8.9 
     -6.6      19.9      -0.3       3.4 
3193 -0.029848 -0.984969 -0.170131 
138582.6  12037.1      0.3     43.3      0.9     14.5 
     0.3     86.6      1.1     42.8  87504.9  89716.7 
    -17.1      56.5       2.2      94.3 
     -6.6      24.4      -1.2      30.0 
     -5.9      20.1      -0.7       6.3 
     -6.5      19.7      -0.8       2.3 
3194 -0.044746 -0.984421 -0.170036 
138462.6  12106.0      0.3     43.3      0.6      7.9 
     0.3     86.6      0.8     36.3  86977.8  88881.8 
    -15.6      53.9       0.0      90.6 
     -6.7      25.3      -1.5      25.2 
     -6.5      20.1      -1.0       5.4 
     -6.8      19.9      -1.1       2.8 
3195 -0.059616 -0.983656 -0.169904 
138407.5  12052.5      0.3     43.3      1.0     20.8 
     0.3     86.6      0.8     29.6  88007.2  90326.2 
    -16.4      52.1      -0.9      93.3 
     -6.4      25.1      -1.6      23.0 
     -5.9      19.8      -1.4       5.4 
     -5.8      19.5      -1.2       3.5 
3196 -0.089225 -0.981478 -0.169528 
138650.8  12054.4      0.3     43.3      0.1     28.9 
     0.3     86.6      0.6     16.1  85837.1  88918.5 
    -14.7      56.4      -2.0      91.7 
     -6.8      25.3      -2.6      25.1 
     -6.0      20.4      -2.0      11.4 
     -6.3      19.8      -2.0      10.7 
3197 -0.118600 -0.978453 -0.169006 
138852.4  12092.7      0.3     43.3      0.1     28.9 
     0.3     86.6      0.5      3.2  86335.6  88786.9 
    -18.6      55.6       0.3      83.9 
     -6.2      25.2      -2.6      22.6 
     -6.2      20.5      -2.0       6.4 
     -5.8      19.9      -1.9       5.0 
3198 -0.147667 -0.974605 -0.168341 
139090.1  12229.7      0.3     43.3      0.1     28.9 
     0.3     86.6      0.1     57.7  86689.8  89126.6 
    -17.3      52.4      -8.5      84.3 
     -6.8      24.8      -3.2      23.0 
     -5.7      20.3      -2.5      11.5 
     -5.6      20.4      -2.5      10.5 
3199 -0.176357 -0.969963 -0.167539 
139789.8  12207.7      0.3     43.3      0.1     28.9 
     0.3     86.6      0.1     57.7  87467.5  89739.6 
    -14.6      53.3      -4.0      78.4 
     -6.0      25.6      -2.5      20.6 
     -5.7      20.9      -2.3       8.0 
     -5.4      19.9      -2.1       6.0 
3200 -0.204604 -0.964562 -0.166606 
139913.2  12283.6      0.3     43.3      0.1     28.9 
     0.3     86.6      0.1     57.7  87408.9  89940.1 
    -17.4      50.8      -2.9      73.5 
     -5.9      26.5      -2.8      22.3 
     -5.7      20.2      -2.6      11.6 
     -5.8      20.5      -2.7      10.2 
3201 -0.232349 -0.958440 -0.165549 
140788.6  12540.4      0.3     43.3      0.1     28.9 
     0.3     86.6      0.1     57.7  88681.2  91056.3 
    -13.3      52.9      -4.5      65.8 
     -6.0      25.7      -2.8      19.7 
     -5.3      20.4      -2.3       8.5 
     -5.3      20.1      -2.3       7.4 
3202 -0.259539 -0.951641 -0.164374 
141430.6  12479.7      0.3     43.3      0.1     28.9 
     0.3     86.6      0.1     57.7  88059.9  90313.7 
    -17.7      53.8      -9.4      67.9 
     -5.7      25.9      -3.1      21.8 
     -5.5      20.5      -2.8      11.4 
     -5.4      20.4      -2.7      10.7 
3203 -0.286124 -0.944211 -0.163091 
142346.4  12575.8      0.3     43.3      0.1     28.9 
     0.3     86.6      0.1     57.7  89426.6  91627.6 
    -16.3      50.0      -6.4      59.1 
     -6.2      25.9      -2.8      19.1 
     -5.3      20.5      -2.5       9.3 
     -4.8      20.2      -2.2       8.2 
3204 -0.312066 -0.936198 -0.161707 
143536.8  12779.3      0.3     43.3      0.1     28.9 
     0.3     86.6      0.1     57.7  90378.8  92892.0 
    -13.1      51.2      -4.5      58.4 
     -5.7      25.3      -3.1      20.2 
     -5.3      20.5      -2.5      11.9 
     -5.6      20.2      -2.8      11.0 
3205 -0.337328 -0.927651 -0.160231 
144566.4  12839.7      0.3     43.3      0.1     28.9 
     0.3     86.6      0.1     57.7  90342.8  93328.3 
    -16.8      51.4      -6.0      54.7 
     -6.1      25.4      -2.9      18.7 
     -5.3      20.3      -2.7      10.4 
     -5.1      19.9      -2.5       9.0 
