Dot1_150x100_dj0198a@-325V,0T@90d,263K,rh=1.10/0.7,1.5/1.5 
311 1 0.00 60 5 29 0 300.0000 263.0000 1.3000 1.0000 800.0000 0.4600 -0.2700 150.0000 100.0000 285.0000 800.0000 0.2300 -0.130000 1.5000 1.0000 0.8500 
3301 -0.000000 -0.000000 -1.000000 
 24012.4  19533.2     -0.0     41.3     -0.0     27.0 
    -0.0     84.4      0.0     55.8  11276.2  11792.4 
     -3.4      68.2      -1.1      61.5 
     -0.2       9.6       0.5      10.9 
     -0.3       2.0       0.1       2.7 
     -0.2       2.0       0.2       1.4 
3302 -0.000000 -0.130455 -0.991454 
 24119.3  19719.3     -0.1     34.5      0.0     27.0 
    -0.2     77.6      0.0     55.8  11473.6  11912.4 
     -7.2      58.8       2.1      60.3 
     -1.3       6.5      -0.1      11.5 
     -1.5       3.2       0.2       2.2 
     -1.4       2.3       0.1       1.4 
3303 -0.000000 -0.254493 -0.967075 
 24565.8  20213.0     -0.6     26.0     -0.1     27.1 
    -0.6     69.0     -0.2     55.8  11637.4  12115.0 
     -7.6      49.5      -2.1      62.0 
     -2.4       8.8       0.3       9.7 
     -2.1       5.7       0.1       1.9 
     -2.2       4.7       0.2       1.4 
3304 -0.000000 -0.367167 -0.930155 
 25446.6  20297.9     -1.4     17.2      0.2     26.8 
    -1.0     60.1      0.2     55.7  12396.2  12827.5 
     -7.0      51.1      -0.3      64.5 
     -3.4      12.9      -0.2      13.3 
     -2.8       8.5       0.1       2.2 
     -2.9       7.0       0.1       1.5 
3305 -0.000000 -0.465746 -0.884918 
 26558.2  19721.1     -1.0      9.2      0.1     27.0 
    -0.9     51.3      0.1     55.7  13014.9  13668.4 
     -7.6      49.1       1.9      63.8 
     -3.6      16.6       0.1      10.5 
     -3.6      11.0       0.1       1.9 
     -3.6       9.0       0.1       1.5 
3306 -0.000000 -0.549617 -0.835417 
 28170.9  18764.8     -3.6      6.4     -0.0     27.0 
    -0.9     41.7      0.0     55.6  13887.8  14357.8 
    -10.3      50.4       3.8      66.0 
     -4.1      18.6      -0.3      13.7 
     -3.9      13.7       0.0       2.1 
     -4.2      12.6       0.1       1.8 
3307 -0.000000 -0.619644 -0.784883 
 29677.8  17231.6      0.2     43.3      0.2     26.9 
    -0.8     32.4      0.2     55.6  15037.1  15529.4 
    -10.0      48.6       0.7      67.0 
     -4.9      21.0       1.0      15.3 
     -4.4      15.8       0.3       3.1 
     -4.8      14.6       0.1       1.6 
3308 -0.000000 -0.677476 -0.735545 
 31752.8  15852.6      0.2     43.3     -0.0     26.8 
    -0.6     23.0     -0.0     55.6  16002.9  16534.4 
    -11.2      52.5      -1.8      68.6 
     -5.0      20.6       0.1      14.6 
     -4.8      14.9       0.1       2.5 
     -5.0      14.0       0.2       1.6 
3309 -0.000000 -0.724999 -0.688749 
 33866.4  15189.1      0.2     43.3     -0.1     26.8 
    -0.9     14.4     -0.1     55.4  17509.5  18159.9 
    -12.1      51.2      -1.1      69.8 
     -5.2      20.2      -0.9      17.5 
     -4.9      14.4      -0.2       2.9 
     -5.1      12.8       0.2       1.7 
3310 -0.000000 -0.764030 -0.645181 
 36075.9  14398.5      0.2     43.3      0.0     26.8 
    -1.2      8.1      0.0     55.5  18722.2  19453.4 
    -13.2      52.1       4.2      70.4 
     -5.1      21.2      -0.0      16.5 
     -4.8      16.2       0.1       3.2 
     -5.1      15.0       0.1       2.0 
3311 -0.000000 -0.796162 -0.605083 
 38347.3  13960.5      0.2     43.3     -0.1     26.8 
    -2.9      6.6     -0.1     55.4  20208.0  20924.0 
    -11.5      50.4      -0.9      68.5 
     -5.1      22.9       0.2      19.2 
     -5.1      17.8       0.3       4.3 
     -5.0      17.1       0.1       3.3 
3312 -0.000000 -0.822730 -0.568432 
 40747.6  13427.6      0.2     43.3      0.0     26.6 
     0.2     86.6      0.0     55.3  21381.2  22161.5 
    -12.9      52.1       1.2      72.0 
     -5.1      22.9       0.4      19.0 
     -5.2      17.1      -0.2       5.4 
     -5.2      15.9       0.2       1.9 
3313 -0.000000 -0.844819 -0.535052 
 43245.9  13287.7      0.2     43.3     -0.2     26.6 
     0.2     86.6     -0.1     55.3  23396.6  24074.3 
    -12.8      51.1      -4.8      71.8 
     -5.3      21.5       0.6      21.6 
     -5.0      16.0       0.2       5.6 
     -5.1      14.2       0.3       1.9 
3314 -0.000000 -0.863297 -0.504697 
 45704.2  13039.4      0.2     43.3     -0.1     26.4 
     0.2     86.6     -0.1     55.0  24714.2  25627.7 
    -12.3      51.6      -0.4      74.5 
     -4.9      22.2      -0.6      22.3 
     -4.7      17.8       0.2       5.6 
     -4.9      15.9       0.1       2.1 
3315 -0.000000 -0.878853 -0.477092 
 48374.6  12752.0      0.2     43.3     -0.0     26.5 
     0.2     86.6     -0.0     55.0  26818.1  27728.9 
    -13.7      53.2       0.7      77.3 
     -5.3      23.4       0.8      23.8 
     -4.7      19.2       0.4       4.5 
     -5.2      18.5       0.1       3.1 
3316 -0.000000 -0.892036 -0.451965 
 50927.1  12622.5      0.2     43.3     -0.3     26.4 
     0.2     86.6     -0.3     55.0  28486.3  29435.4 
    -13.6      50.2      -4.0      73.9 
     -5.8      23.4       1.1      25.5 
     -5.5      18.0      -0.0       5.0 
     -5.3      16.8       0.0       2.7 
3317 -0.000000 -0.903278 -0.429057 
 53679.2  12472.9      0.2     43.3      0.1     26.4 
     0.2     86.6      0.1     54.9  30080.7  31294.4 
    -13.6      50.2      -2.4      77.0 
     -5.2      22.3       0.5      23.9 
     -5.0      16.8       0.6       8.3 
     -5.3      15.2       0.1       2.1 
3318 -0.000000 -0.912924 -0.408131 
 56353.0  12312.0      0.2     43.3      0.2     26.3 
     0.2     86.6      0.1     54.9  32020.4  32889.8 
    -14.4      51.7       0.7      77.2 
     -5.3      22.7      -0.0      27.9 
     -4.4      18.0       0.1       6.4 
     -5.1      16.5       0.3       4.7 
3319 -0.000000 -0.921250 -0.388972 
 59150.4  12462.6      0.2     43.3     -0.3     26.3 
     0.2     86.6     -0.2     54.8  33614.7  34726.7 
    -13.7      51.4      -1.3      79.0 
     -5.2      24.3       0.9      26.8 
     -4.7      19.5       0.4       7.9 
     -5.1      18.9       0.1       2.8 
3320 -0.000000 -0.928477 -0.371391 
 61973.7  12280.4      0.2     43.3      0.0     26.3 
     0.2     86.6      0.1     54.7  35307.6  36450.2 
    -14.7      51.0      -5.6      79.3 
     -5.1      23.1       1.0      28.6 
     -5.4      18.3       0.1       6.9 
     -5.5      17.7       0.2       3.1 
3321 -0.000000 -0.934784 -0.355218 
 64858.7  12063.3      0.2     43.3      0.1     26.2 
     0.2     86.6      0.1     54.7  37678.1  38500.0 
    -12.0      50.2       2.8      80.0 
     -5.4      22.5       0.6      30.1 
     -4.6      17.3       0.2       8.6 
     -5.3      15.6      -0.0       2.7 
3322 -0.000000 -0.940315 -0.340305 
 67542.5  12083.7      0.2     43.3     -0.1     26.1 
     0.2     86.6     -0.1     54.6  38999.5  39966.4 
    -15.2      51.2      -4.8      82.9 
     -5.2      22.7       0.0      29.5 
     -4.8      18.6       0.1       9.2 
     -5.0      16.9      -0.1       3.9 
3323 -0.000000 -0.945190 -0.326520 
 70394.8  12097.2      0.2     43.3     -0.4     26.2 
     0.2     86.6     -0.3     54.6  41125.7  42024.3 
    -14.3      50.0      -0.7      82.5 
     -4.6      23.9      -0.0      31.4 
     -5.1      19.8       0.3       9.7 
     -5.1      19.5       0.1       3.7 
3324 -0.000000 -0.949506 -0.313750 
 73191.6  11993.3      0.2     43.3     -0.3     26.1 
     0.2     86.6     -0.3     54.5  42678.9  43821.7 
    -16.9      51.6      -1.6      83.9 
     -5.2      23.7      -1.1      33.7 
     -5.2      19.3       0.1       9.3 
     -5.3      18.1       0.0       4.1 
3325 -0.000000 -0.953342 -0.301892 
 75885.2  11951.2      0.2     43.3     -0.1     26.0 
     0.2     86.6     -0.0     54.4  44325.7  45626.1 
    -14.9      50.2      -0.3      86.2 
     -5.1      22.7       1.2      34.5 
     -4.9      17.6       0.3       9.4 
     -4.9      16.4       0.2       3.2 
3326 -0.000000 -0.956767 -0.290857 
 79152.0  11945.0      0.2     43.3     -0.1     25.9 
     0.2     86.6     -0.1     54.4  46931.8  48153.4 
    -16.1      52.7      -1.3      84.4 
     -4.9      23.2      -0.5      34.8 
     -4.6      18.3      -0.0       9.2 
     -4.9      17.4       0.0       6.0 
3327 -0.000000 -0.959834 -0.280567 
 82080.0  11933.8      0.2     43.3      0.2     26.0 
     0.2     86.6      0.2     54.3  48318.7  49792.2 
    -12.5      51.7      -2.6      90.4 
     -5.0      24.8       0.1      34.2 
     -4.9      20.7      -0.2      10.7 
     -4.9      20.0      -0.1       4.6 
3328 -0.000000 -0.962593 -0.270952 
 84771.5  11931.5      0.2     43.3      0.0     26.0 
     0.2     86.6      0.1     54.3  50302.1  51943.8 
    -13.5      48.0      -5.9      91.7 
     -5.4      23.8      -0.5      35.8 
     -5.0      19.3       0.3      11.0 
     -5.5      18.4       0.2       5.3 
3329 -0.000000 -0.965081 -0.261951 
 87933.8  11899.4      0.2     43.3     -0.2     25.8 
     0.2     86.6     -0.1     54.2  52214.3  53481.9 
    -15.7      49.0      -2.7      89.8 
     -5.5      23.2       0.3      37.1 
     -5.2      17.9      -0.1      12.1 
     -5.3      16.3       0.1       4.6 
3330 -0.000000 -0.967333 -0.253508 
 90481.1  11886.0      0.2     43.3      0.3     25.9 
     0.2     86.6      0.2     54.1  54159.4  55550.9 
    -10.6      49.0      -0.7      85.4 
     -5.5      23.4       0.1      37.0 
     -4.7      18.9      -0.0      14.6 
     -4.9      17.5       0.1       4.2 
3331 -0.000000 -0.969377 -0.245576 
 93149.9  11963.5      0.2     43.3     -0.2     25.9 
     0.2     86.6     -0.2     54.1  56058.1  57768.2 
    -13.8      46.6       0.7      87.2 
     -5.3      24.8       0.3      38.5 
     -4.7      20.6       0.1      12.1 
     -5.0      19.8       0.1       5.1 
3332 -0.000000 -0.971238 -0.238110 
 96366.9  11825.9      0.2     43.3      0.2     26.0 
     0.2     86.6      0.2     54.0  58205.7  59676.0 
    -14.7      50.5      -2.3      91.9 
     -5.7      23.8       1.2      39.0 
     -5.0      19.4       0.3      14.1 
     -5.1      18.7       0.2       4.4 
3333 -0.000000 -0.972937 -0.231072 
 99659.5  11864.6      0.2     43.3     -0.2     25.7 
     0.2     86.6     -0.2     53.9  59281.4  61503.2 
    -15.1      53.4      -3.3      95.1 
     -5.6      23.2      -1.1      42.5 
     -4.7      17.9      -0.3      14.1 
     -5.0      16.9       0.4       6.8 
3334 -0.000000 -0.974491 -0.224428 
102233.7  11857.0      0.2     43.3     -0.1     25.8 
     0.2     86.6     -0.1     54.0  61556.8  63511.4 
    -16.0      51.7      -0.6      93.9 
     -5.3      23.7       0.4      40.5 
     -4.3      18.9       0.1      13.6 
     -4.8      17.6      -0.1       6.8 
3335 -0.000000 -0.975916 -0.218146 
105176.0  11845.9      0.2     43.3      0.1     26.0 
     0.2     86.6      0.1     53.9  64460.6  66003.8 
    -14.1      51.7       2.6      98.4 
     -5.5      25.0       0.5      41.3 
     -4.6      20.8      -0.8      13.4 
     -4.9      19.9      -0.0       4.6 
3336 -0.000000 -0.977227 -0.212198 
108163.4  11883.8      0.2     43.3      0.0     25.6 
     0.2     86.6     -0.1     53.7  66330.6  68430.7 
    -18.0      54.0       2.0      93.7 
     -5.3      23.8       0.3      41.6 
     -4.9      19.6       0.2      14.4 
     -4.8      18.6      -0.1       6.3 
3337 -0.000000 -0.978434 -0.206558 
111158.7  11808.7      0.2     43.3      0.0     25.6 
     0.2     86.6      0.0     53.7  68511.7  69926.1 
    -15.2      48.7       2.5      99.0 
     -5.9      23.1       0.9      43.9 
     -4.9      18.1       0.1      15.8 
     -5.2      16.7       0.4       6.7 
3338 -0.000000 -0.979549 -0.201205 
114239.9  11836.3      0.2     43.3     -0.1     25.5 
     0.2     86.6     -0.2     53.8  70154.7  71681.7 
    -17.4      49.5       2.9      98.7 
     -5.8      24.1      -1.0      44.5 
     -4.9      18.8       0.1      15.0 
     -5.0      17.6       0.4       8.1 
3339 -0.000000 -0.980581 -0.196116 
117320.8  11876.4      0.2     43.3      0.1     25.6 
     0.2     86.6      0.1     53.8  71629.1  73349.1 
    -14.2      51.1      -3.8      99.7 
     -6.1      24.8      -0.1      44.4 
     -4.7      20.9      -0.5      16.5 
     -5.6      20.2       0.1       7.0 
3340 -0.000000 -0.981537 -0.191274 
120133.3  11852.4      0.2     43.3      0.2     25.6 
     0.2     86.6      0.2     53.7  74483.8  76336.3 
    -16.5      51.7      -3.5      98.8 
     -6.3      24.8      -0.4      44.1 
     -5.0      19.6       0.2      16.3 
     -4.9      19.0      -0.0       6.6 
3341 -0.000000 -0.982424 -0.186661 
122899.5  11881.4      0.2     43.3      0.1     25.5 
     0.2     86.6      0.1     53.6  75885.0  78288.5 
    -15.6      51.0       4.1      96.9 
     -5.3      23.4       0.6      45.8 
     -4.7      18.0      -0.2      16.7 
     -4.8      17.0      -0.3       6.5 
3342 -0.000000 -0.983250 -0.182261 
126102.2  11890.7      0.2     43.3      0.0     25.5 
     0.2     86.6     -0.0     53.6  78208.9  80569.0 
    -13.7      49.4       3.5     100.9 
     -5.3      24.1       0.3      47.3 
     -4.7      18.8      -0.2      17.4 
     -4.6      17.8       0.8       7.6 
3343 -0.000000 -0.984020 -0.178061 
128929.9  11883.1      0.2     43.3     -0.0     25.5 
     0.2     86.6     -0.0     53.5  79582.6  81531.5 
    -19.1      54.5       5.5      95.9 
     -5.4      25.5      -0.2      47.5 
     -4.6      20.6       0.0      17.2 
     -4.9      20.4      -0.0       6.9 
3344 -0.000000 -0.984737 -0.174047 
132136.4  11932.6      0.2     43.3     -0.1     25.4 
     0.2     86.6     -0.1     53.5  82025.2  85064.0 
    -16.5      55.6       3.2      98.7 
     -6.0      24.7       0.0      46.6 
     -5.0      20.1      -0.1      17.4 
     -5.0      18.7       0.2       7.7 
3345 -0.000000 -0.985408 -0.170207 
134595.2  11843.8      0.2     43.3     -0.0     25.6 
     0.2     86.6     -0.0     53.5  82831.7  85816.8 
    -13.2      48.3       1.8     104.5 
     -5.5      22.5       0.2      47.8 
     -4.5      18.3       1.1      16.6 
     -5.1      17.1       0.2       8.1 
3346 -0.000000 -0.986036 -0.166531 
137726.0  11933.8      0.2     43.3     -0.1     25.3 
     0.2     86.6     -0.1     53.4  86131.8  89163.8 
    -13.5      47.2       2.2     102.9 
     -5.3      23.5       0.9      47.8 
     -4.6      19.1      -0.1      20.8 
     -4.9      17.9       0.5       9.7 
3347 -0.000000 -0.986625 -0.163008 
140627.6  11867.7      0.2     43.3      0.1     25.4 
     0.2     86.6      0.1     53.4  88014.8  90425.4 
    -16.1      52.5       2.1     103.0 
     -5.6      25.5       1.5      49.6 
     -4.9      20.9       0.5      16.7 
     -5.1      20.4       0.2       9.1 
3348 -0.000000 -0.987696 -0.156385 
146609.7  11873.0      0.2     43.3      0.1     25.3 
     0.2     86.6      0.0     53.3  92320.0  94760.2 
    -17.3      58.5      -9.3     110.0 
     -5.7      23.3      -0.3      50.6 
     -5.2      18.1      -0.3      20.3 
     -5.1      17.1       0.2       9.2 
3349 -0.000000 -0.988644 -0.150274 
152964.4  11888.4      0.2     43.3     -0.1     25.2 
     0.2     86.6     -0.0     53.2  96491.9  99444.2 
    -17.3      57.6       3.7     109.9 
     -5.4      25.5      -0.3      50.8 
     -5.0      21.2      -0.2      20.4 
     -5.3      20.4      -0.5      10.0 
3350 -0.000000 -0.989488 -0.144617 
158685.5  12032.4      0.2     43.3     -0.2     25.2 
     0.2     86.6     -0.2     53.1 102188.3 104614.1 
    -16.6      50.7       4.6     113.3 
     -5.6      23.6       1.3      51.7 
     -5.1      18.3      -0.4      19.5 
     -5.1      17.6       0.6       9.7 
3351 -0.000000 -0.990241 -0.139367 
164237.2  11878.7      0.2     43.3     -0.2     25.3 
     0.2     86.6     -0.2     53.2 105501.8 107246.9 
    -14.1      48.9      -0.3     106.5 
     -5.4      25.7      -1.0      51.8 
     -5.2      21.0       0.2      21.3 
     -5.1      20.2       0.5      11.2 
3352 -0.000000 -0.990916 -0.134481 
170872.7  11903.4      0.2     43.3     -0.1     25.1 
     0.2     86.6     -0.0     53.0 107315.7 110535.1 
    -10.9      45.9      -0.5     109.4 
     -5.9      23.7      -0.5      51.7 
     -4.8      18.3       0.7      23.6 
     -5.0      17.2       0.2      12.0 
3353 -0.000000 -0.991524 -0.129924 
176318.4  11931.0      0.2     43.3      0.1     25.5 
     0.2     86.6      0.0     53.0 112856.2 116496.3 
    -15.4      46.2      -4.8     109.4 
     -5.9      24.7      -0.9      54.1 
     -4.9      21.0      -0.4      22.6 
     -5.1      20.1      -0.1      13.8 
3354 -0.000000 -0.992073 -0.125663 
182436.2  11846.8      0.2     43.3      0.1     25.0 
     0.2     86.6      0.2     52.8 116028.9 118960.7 
    -15.3      44.2       9.7     105.1 
     -5.8      23.8      -0.0      55.2 
     -5.0      18.4       0.3      22.6 
     -5.2      16.8       1.0      14.4 
3355 -0.000000 -0.992571 -0.121670 
188909.5  11850.6      0.2     43.3     -0.2     25.1 
     0.2     86.6     -0.2     52.8 121668.0 125056.4 
    -14.3      45.8       1.1     113.4 
     -5.5      24.6      -0.7      54.2 
     -5.3      21.4       0.3      23.5 
     -5.3      20.5       0.2      13.6 
3356 -0.000000 -0.993023 -0.117921 
194501.5  11929.6      0.2     43.3      0.4     25.0 
     0.2     86.6      0.2     52.7 126571.2 129434.7 
    -12.0      39.6       0.8     113.7 
     -5.9      23.0       0.1      54.7 
     -5.4      18.4      -1.1      25.5 
     -5.3      17.5       0.0      12.4 
3357 -0.000000 -0.993435 -0.114396 
200359.5  12014.3      0.2     43.3     -0.2     25.2 
     0.2     86.6     -0.1     52.6 129089.7 133302.3 
     -9.1      39.0       0.5     115.5 
     -5.8      24.3      -0.5      56.2 
     -5.1      21.1      -0.4      25.6 
     -5.9      20.6      -0.6      13.9 
3358 -0.000000 -0.993812 -0.111073 
206847.3  11956.9      0.2     43.3     -0.0     25.0 
     0.2     86.6      0.0     52.6 131271.6 136342.6 
     -9.8      30.9      -9.4     106.7 
     -5.5      21.6       0.7      57.2 
     -5.1      18.7       0.4      25.9 
     -5.0      17.2       0.6      13.5 
3359 -0.000000 -0.994158 -0.107937 
212529.5  12001.2      0.2     43.3      0.2     24.9 
     0.2     86.6      0.1     52.6 137598.0 141762.0 
     -5.9      35.4       8.4     115.3 
     -5.5      23.4      -1.1      57.3 
     -5.2      21.4       0.3      26.4 
     -5.1      20.5       0.3      12.4 
3360 -0.000000 -0.994475 -0.104972 
218347.1  12014.0      0.2     43.3      0.0     25.3 
     0.2     86.6      0.0     52.5 142500.4 146685.2 
     -6.2      30.5      -2.0     116.4 
     -5.2      21.3      -0.4      58.2 
     -5.2      18.2      -1.2      27.1 
     -5.1      17.6       0.2      14.6 
3361 0.903278 -0.000000 -0.429057 
 52985.2   8326.1     -0.3     40.8     -0.1     28.9 
    -0.3     83.7     -0.1     57.7  29864.3  31038.8 
     -0.9      80.6      12.5      46.2 
      0.4      29.1       3.1      17.4 
     -0.6       8.7       2.8      14.3 
     -0.3       2.7       3.0      13.9 
3362 0.887877 -0.000000 -0.460082 
 49517.1   8381.4      0.4     40.8     -0.1     28.9 
     0.3     83.8     -0.1     57.7  27691.0  28479.1 
     -3.2      80.3       9.9      42.6 
     -0.0      28.3       2.6      18.8 
     -0.3       4.6       2.5      15.6 
     -0.3       2.4       2.9      15.5 
3363 0.868777 -0.000000 -0.495203 
 45962.6   8530.9      0.2     41.1     -0.1     28.9 
     0.2     84.0     -0.1     57.7  25405.1  26116.7 
      1.5      81.3      11.6      46.2 
     -0.0      26.0       3.0      17.3 
      0.0       6.1       3.1      13.9 
     -0.3       3.0       3.1      13.4 
3364 0.844819 -0.000000 -0.535052 
 42459.5   8820.9      0.1     41.2     -0.1     28.9 
     0.2     84.2     -0.1     57.7  23073.3  23802.5 
      3.8      79.9      11.2      46.3 
      0.5      22.4       2.8      17.8 
     -0.0       4.2       2.6      15.3 
     -0.2       2.0       2.9      15.0 
3365 0.814421 -0.000000 -0.580275 
 39299.0   9071.1     -0.2     41.3     -0.1     28.9 
    -0.2     84.2     -0.1     57.7  21096.9  21748.9 
      0.7      77.1      11.5      43.5 
     -0.3      24.7       2.8      17.0 
     -0.6       7.4       2.9      13.3 
     -0.2       2.0       3.1      12.6 
3366 0.775436 -0.000000 -0.631426 
 36118.4   9610.4     -0.1     41.2     -0.1     28.9 
    -0.1     84.2     -0.1     57.7  18790.8  19521.2 
     -1.7      78.7      10.7      44.5 
      1.0      16.6       2.9      17.3 
     -0.9       8.4       3.1      14.7 
     -0.2       2.0       3.1      14.4 
3367 0.724999 -0.000000 -0.688749 
 33302.6  10207.4      0.1     41.3     -0.1     28.9 
     0.1     84.4     -0.1     57.7  17541.9  17924.8 
      2.7      78.9      11.0      46.5 
     -1.5      19.8       3.8      15.9 
     -0.5       3.9       3.4      11.9 
     -0.2       2.0       3.6      11.4 
3368 0.659438 -0.000000 -0.751759 
 30482.9  11111.4     -0.4     41.3     -0.1     28.9 
    -0.3     84.4      2.5      7.2  15386.1  16195.1 
      1.4      73.3      12.0      45.0 
      0.2      16.3       3.4      16.3 
     -0.1       4.3       3.2      13.0 
     -0.2       2.0       3.5      13.0 
3369 0.574426 -0.000000 -0.818557 
 28186.9  12680.9     -0.2     41.4     -0.1     28.9 
    -0.2     84.4      0.5     11.2  14069.0  14579.6 
     -3.4      69.3       8.7      42.1 
     -0.4      16.3       3.6      14.4 
     -0.5       3.0       3.5      10.3 
     -0.2       2.0       3.5       9.3 
3370 0.465746 -0.000000 -0.884918 
 26408.8  15238.5      0.3     41.6     -0.1     28.9 
     0.2     84.6      0.6     22.6  12730.8  13326.5 
     -0.5      70.9       7.9      45.9 
      0.2      12.0       3.2      14.6 
      0.1       2.9       3.1      10.8 
     -0.3       2.0       3.4      10.2 
3371 0.331088 -0.000000 -0.943600 
 24857.9  18460.0      0.4     41.3      0.9      6.4 
     0.3     84.6      0.8     34.5  11992.5  12372.9 
     -0.5      76.0       4.9      42.6 
     -0.2       9.4       2.9      11.1 
     -0.3       2.5       2.8       7.5 
     -0.3       2.0       2.6       6.1 
3372 0.254493 -0.000000 -0.967075 
 24425.2  19461.6     -0.3     41.4      0.8     11.6 
    -0.3     84.6      0.7     40.1  11659.4  12191.0 
     -0.4      73.5       5.4      48.0 
     -0.5       6.9       2.3       8.5 
     -0.3       2.0       2.0       5.7 
     -0.3       2.0       2.2       4.6 
3373 0.172799 -0.000000 -0.984957 
 24082.5  19886.8     -0.4     41.3      0.3     17.2 
    -0.4     84.5      0.4     45.9  11197.4  11911.2 
     -1.7      70.6       2.0      51.2 
     -0.1      10.5       1.6       6.1 
     -0.2       2.0       1.5       3.8 
     -0.3       2.0       1.6       3.1 
3374 0.087384 -0.000000 -0.996175 
 24037.3  19694.8     -0.3     41.4     -0.0     22.8 
    -0.3     84.5     -0.0     51.5  11602.3  11917.5 
     -1.4      70.8       2.0      58.2 
     -0.3       9.3       1.0       5.2 
     -0.3       2.0       1.0       1.9 
     -0.4       2.0       1.0       1.5 
3375 -0.000000 -0.000000 -1.000000 
 24034.5  19593.6     -0.4     41.6     -0.2     27.1 
    -0.5     84.6     -0.2     55.8  11329.3  11751.5 
     -1.9      74.5      -1.6      64.8 
     -1.0      11.5      -0.0       9.6 
      0.0       2.0      -0.1       4.4 
     -0.1       2.0       0.2       1.5 
3376 -0.087384 -0.000000 -0.996175 
 23933.8  19675.7      0.2     41.3      0.2     22.8 
     0.2     84.5      0.2     51.6  11552.6  11979.5 
      1.7      68.0      -1.9      53.6 
      0.2      11.6      -0.8       6.8 
     -0.5       2.0      -0.7       2.0 
     -0.2       2.0      -0.7       1.5 
3377 -0.172799 -0.000000 -0.984957 
 24056.4  19859.6      0.1     41.3     -0.6     17.2 
     0.1     84.6     -0.5     46.0  11395.7  11839.1 
     -0.2      69.8      -3.6      49.4 
      0.2      10.9      -1.4       6.6 
     -0.0       2.1      -1.2       3.7 
     -0.3       2.0      -1.3       3.0 
3378 -0.254493 -0.000000 -0.967075 
 24356.5  19431.8      0.2     41.5     -0.8     11.6 
     0.2     84.6     -0.7     40.2  11690.2  12286.1 
      0.9      70.1      -5.2      44.1 
     -0.3      12.5      -1.9       8.3 
     -0.1       2.0      -1.9       5.6 
     -0.2       2.0      -1.8       4.6 
3379 -0.331088 -0.000000 -0.943600 
 24865.9  18532.5     -0.4     41.4     -0.9      6.4 
    -0.4     84.6     -0.6     34.3  12025.7  12500.3 
      0.7      72.4      -6.6      45.6 
     -0.5      11.5      -2.5      11.0 
     -0.3       2.6      -2.2       7.4 
     -0.3       2.0      -2.5       6.1 
3380 -0.465746 -0.000000 -0.884918 
 26362.2  15287.6     -0.3     41.5     -0.1     28.9 
    -0.3     84.6     -0.6     22.6  13248.0  13607.0 
     -1.0      74.0      -7.9      43.8 
      0.1      11.5      -3.0      14.5 
     -0.6       2.0      -3.1      10.7 
     -0.3       2.0      -3.2      10.2 
3381 -0.574426 -0.000000 -0.818557 
 28093.1  12653.0      0.0     41.3     -0.1     28.9 
    -0.0     84.4     -0.5     11.3  13833.6  14325.3 
      0.4      74.8      -9.8      44.0 
     -0.8      13.6      -3.4      14.4 
     -0.5       5.2      -3.3      10.2 
     -0.1       2.0      -3.3       9.5 
3382 -0.659438 -0.000000 -0.751759 
 30449.5  11167.4     -0.2     41.5     -0.1     28.9 
    -0.2     84.5     -2.8      7.2  15501.7  15978.1 
     -1.8      81.3      -9.8      45.7 
      0.0      15.0      -3.3      16.3 
     -0.1       3.3      -3.1      13.0 
     -0.2       2.0      -3.3      13.0 
3383 -0.724999 -0.000000 -0.688749 
 33217.4  10185.8     -0.0     41.3     -0.1     28.9 
     0.0     84.3     -0.1     57.7  17327.9  17902.9 
     -0.9      75.5      -9.3      44.1 
      0.9      17.6      -3.1      16.0 
     -0.0       4.2      -3.0      12.2 
     -0.3       2.0      -3.3      11.3 
3384 -0.775436 -0.000000 -0.631426 
 36164.9   9555.7     -0.3     41.3     -0.1     28.9 
    -0.3     84.3     -0.1     57.7  19203.5  19781.1 
      0.6      78.4     -10.7      45.3 
     -1.5      19.6      -2.9      17.4 
     -0.4       4.0      -2.6      14.4 
     -0.3       2.0      -3.2      14.5 
3385 -0.814421 -0.000000 -0.580275 
 39200.3   9075.1     -0.1     41.1     -0.1     28.9 
    -0.1     84.1     -0.1     57.7  20992.2  21861.0 
      1.1      77.0      -8.9      40.8 
     -0.2      24.2      -2.8      16.9 
     -0.4       2.6      -2.6      12.9 
     -0.3       2.0      -2.9      12.5 
3386 -0.844819 -0.000000 -0.535052 
 42559.0   8796.8     -0.5     41.1     -0.1     28.9 
    -0.4     84.1     -0.1     57.7  23283.1  24037.8 
      0.3      79.1     -10.5      41.0 
     -0.1      23.9      -2.7      17.9 
     -0.9       9.1      -2.5      15.1 
     -0.2       2.0      -2.8      15.2 
3387 -0.868777 -0.000000 -0.495203 
 45926.4   8524.1      0.2     41.1     -0.1     28.9 
     0.2     84.0     -0.1     57.7  25275.3  26243.5 
      0.6      80.6     -10.7      41.1 
     -0.2      27.5      -2.5      17.2 
     -0.2       3.8      -2.2      13.8 
     -0.1       2.8      -3.0      13.4 
3388 -0.887877 -0.000000 -0.460082 
 49666.8   8416.1     -0.1     41.1     -0.1     28.9 
    -0.0     83.9     -0.1     57.7  27730.4  28691.9 
     -0.3      82.1     -10.3      40.6 
     -0.7      27.4      -2.5      18.2 
      0.4       6.0      -2.5      15.7 
     -0.3       2.0      -2.9      15.6 
3389 -0.903278 -0.000000 -0.429057 
 53130.2   8302.5      0.2     40.9     -0.1     28.9 
     0.3     83.7     -0.1     57.7  29475.4  30810.6 
      2.2      83.5      -9.8      39.5 
      1.6      32.5      -2.9      17.9 
      0.0       9.1      -2.6      14.4 
     -0.2       2.0      -2.7      14.1 
3390 0.840060 -0.367526 -0.399028 
 56821.3   8935.6      0.2     43.3     -0.1     28.9 
     0.6     18.1     -0.1     57.7  31884.0  33215.6 
    -10.2      59.3      11.9      45.3 
     -3.2      20.4       2.8      17.5 
     -2.7      14.1       2.3      14.0 
     -2.5      12.6       2.3      13.8 
3391 0.817505 -0.390173 -0.423616 
 53467.0   9159.3      0.2     43.3     -0.1     28.9 
     0.2     18.5     -0.1     57.7  29943.9  30699.4 
     -6.6      58.4       8.9      43.3 
     -3.0      20.1       2.3      18.0 
     -2.8      14.1       2.2      15.4 
     -3.1      12.8       2.5      15.3 
3392 0.790440 -0.414981 -0.450551 
 50357.3   9520.7      0.2     43.3     -0.1     28.9 
    -0.0     19.0     -0.1     57.7  28090.8  29007.2 
     -9.0      57.5      11.4      45.0 
     -3.9      20.2       3.0      16.8 
     -3.2      14.4       2.7      13.5 
     -3.1      13.0       2.7      13.1 
3393 0.757796 -0.442047 -0.479937 
 47198.2   9818.4      0.2     43.3     -0.1     28.9 
     0.3     19.5     -0.1     57.7  26106.8  26960.5 
     -8.4      56.0       9.1      46.5 
     -3.1      20.4       2.5      17.5 
     -3.0      14.6       2.5      14.9 
     -3.1      13.1       2.7      14.4 
3394 0.718269 -0.471364 -0.511767 
 44498.2  10438.5      0.2     43.3     -0.1     28.9 
     0.4     20.0     -0.1     57.7  24276.2  24936.4 
     -9.3      54.6      11.4      47.9 
     -3.0      20.8       2.6      16.3 
     -3.1      14.7       2.6      12.6 
     -3.3      13.4       2.6      12.0 
3395 0.670317 -0.502738 -0.545830 
 41735.0  11073.3      0.2     43.3     -0.1     28.9 
     0.2     20.6     -0.1     57.7  21944.5  22630.3 
     -8.5      56.3      10.0      50.7 
     -3.7      20.8       2.7      16.5 
     -3.3      15.0       2.6      13.8 
     -3.4      13.5       2.7      13.6 
3396 0.612205 -0.535679 -0.581595 
 39211.4  11984.2      0.2     43.3     -0.1     28.9 
    -0.4     21.2     -0.1     57.7  21091.8  21615.5 
     -9.6      53.1       7.9      47.3 
     -4.3      20.7       3.0      15.1 
     -3.4      15.1       2.8      11.3 
     -3.6      13.7       2.8      10.6 
3397 0.542159 -0.569267 -0.618061 
 36954.4  13430.4      0.2     43.3     -0.1     28.9 
    -0.4     21.8      0.3      9.6  19220.9  19804.1 
     -8.8      51.1       8.0      46.8 
     -3.7      21.1       2.5      15.7 
     -3.6      15.3       2.7      12.0 
     -4.0      13.9       3.0      11.8 
3398 0.458673 -0.602008 -0.653609 
 35222.6  15315.8      0.2     43.3     -0.1     28.9 
    -0.4     22.3     -0.2      9.8  17981.5  18646.0 
    -11.7      55.1       8.9      48.6 
     -4.5      21.4       3.3      13.8 
     -4.1      15.4       3.0       9.5 
     -4.0      13.9       2.9       8.4 
3399 0.361020 -0.631785 -0.685938 
 33658.9  16477.6      0.2     43.3     -0.1     28.9 
    -0.4     22.7     -0.2     21.0  17241.6  17880.0 
    -11.6      51.1       5.5      49.0 
     -4.3      21.1       2.6      14.3 
     -4.3      15.2       2.7      10.7 
     -4.3      14.1       2.7       9.8 
3400 0.249898 -0.655981 -0.712208 
 32506.8  16332.5      0.2     43.3      0.5      5.3 
    -0.6     23.1      0.2     33.2  16392.8  17070.7 
    -12.2      52.0       4.1      48.4 
     -5.3      21.2       2.5      10.7 
     -4.9      15.4       2.3       6.8 
     -4.6      14.2       2.3       5.7 
3401 0.190037 -0.665130 -0.722141 
 32134.2  16106.1      0.2     43.3      0.1     10.7 
    -0.5     23.0     -0.1     39.3  16272.3  16947.2 
    -12.0      52.7       3.3      54.7 
     -5.0      21.4       1.7       8.9 
     -4.5      15.4       1.7       5.2 
     -4.5      14.3       1.8       4.3 
3402 0.127982 -0.671905 -0.729496 
 31751.7  15964.8      0.2     43.3     -0.1     16.5 
    -0.6     23.1     -0.1     45.2  16353.5  16933.0 
    -11.5      51.3       2.1      55.9 
     -5.0      21.1       1.4       7.3 
     -4.6      15.3       1.3       3.5 
     -5.0      14.0       1.3       2.8 
3403 0.064388 -0.676070 -0.734019 
 31871.7  15919.8      0.2     43.3     -0.5     22.4 
    -0.8     23.1     -0.6     51.1  16166.5  16751.2 
    -11.0      52.2       3.6      67.1 
     -4.9      21.4       0.8       8.9 
     -4.8      15.4       0.7       2.6 
     -5.0      14.2       0.9       1.6 
3404 -0.000000 -0.677476 -0.735545 
 31637.1  15869.3      0.2     43.3     -0.0     27.0 
    -0.8     23.1     -0.1     55.7  16158.0  16798.8 
    -10.5      52.6       0.0      67.1 
     -5.1      21.3      -0.3      14.2 
     -4.9      15.2       0.0       3.3 
     -4.8      14.0       0.1       1.7 
3405 -0.064388 -0.676070 -0.734019 
 31732.2  15826.4      0.2     43.3      0.2     22.2 
    -0.5     23.0      0.3     51.1  15875.2  16516.6 
    -12.2      51.3      -2.0      67.5 
     -5.1      21.0      -0.5       8.1 
     -5.1      15.4      -0.5       1.8 
     -5.0      14.0      -0.6       1.5 
3406 -0.127982 -0.671905 -0.729496 
 31786.5  15864.2      0.2     43.3      0.1     16.5 
    -0.5     23.2      0.1     45.2  16017.5  16762.7 
    -11.5      50.6      -4.5      53.5 
     -5.2      21.2      -1.2       6.6 
     -4.6      15.4      -1.0       3.4 
     -4.9      14.1      -1.1       2.9 
3407 -0.190037 -0.665130 -0.722141 
 32016.5  16101.3      0.2     43.3     -0.3     10.6 
    -0.6     23.0     -0.1     39.2  16531.0  17091.2 
    -11.1      51.1      -2.2      49.6 
     -5.2      21.4      -1.4       8.4 
     -4.8      15.4      -1.3       5.1 
     -4.7      14.1      -1.4       4.2 
3408 -0.249898 -0.655981 -0.712208 
 32449.2  16196.9      0.2     43.3     -0.4      5.3 
    -0.7     23.0     -0.2     33.2  16261.6  16877.4 
     -9.6      51.0      -4.1      46.7 
     -4.8      21.2      -2.1      11.0 
     -4.5      15.4      -1.8       6.7 
     -4.7      14.1      -1.8       5.6 
3409 -0.361020 -0.631785 -0.685938 
 33534.7  16403.7      0.2     43.3     -0.1     28.9 
    -0.4     22.8     -0.0     21.0  16898.5  17542.6 
    -11.8      53.2      -8.2      47.6 
     -4.8      21.2      -2.8      14.2 
     -4.4      15.2      -2.5      10.6 
     -4.3      14.0      -2.6       9.8 
3410 -0.458673 -0.602008 -0.653609 
 35006.2  15133.2      0.2     43.3     -0.1     28.9 
    -0.3     22.2      0.3      9.8  17954.3  18657.3 
    -10.6      52.5      -8.1      48.0 
     -4.3      21.1      -2.9      13.6 
     -3.9      15.1      -2.5       9.5 
     -4.2      13.8      -2.7       8.4 
3411 -0.542159 -0.569267 -0.618061 
 37014.0  13540.5      0.2     43.3     -0.1     28.9 
     0.0     21.8     -0.7      8.2  19267.7  19962.1 
     -9.1      56.0      -9.6      47.9 
     -4.1      20.7      -2.7      15.5 
     -3.7      15.2      -2.6      12.0 
     -3.8      14.0      -2.7      11.7 
3412 -0.612205 -0.535679 -0.581595 
 39204.1  12151.3      0.2     43.3     -0.1     28.9 
    -0.3     21.3     -0.1     57.7  20720.2  21448.0 
     -7.8      55.0      -6.0      46.9 
     -4.3      20.9      -3.0      15.4 
     -3.3      15.0      -2.6      11.5 
     -3.8      13.8      -2.8      10.7 
3413 -0.670317 -0.502738 -0.545830 
 41665.4  11038.8      0.2     43.3     -0.1     28.9 
     0.5     20.7     -0.1     57.7  21877.9  23052.3 
    -10.6      56.9      -8.0      46.6 
     -3.8      20.9      -2.5      16.8 
     -3.2      14.9      -2.4      13.8 
     -3.3      13.5      -2.4      13.5 
3414 -0.718269 -0.471364 -0.511767 
 44453.3  10391.7      0.2     43.3     -0.1     28.9 
     0.1     19.9     -0.1     57.7  23909.4  25111.4 
    -11.3      55.7     -10.9      44.9 
     -3.5      20.4      -2.4      16.3 
     -3.3      14.7      -2.3      12.8 
     -3.3      13.3      -2.5      12.0 
3415 -0.757796 -0.442047 -0.479937 
 47211.6   9820.2      0.2     43.3     -0.1     28.9 
     0.4     19.5     -0.1     57.7  25841.5  26681.6 
    -10.1      56.8      -9.6      44.6 
     -3.5      20.7      -2.4      17.4 
     -2.9      14.7      -1.9      14.7 
     -2.9      13.2      -2.1      14.7 
3416 -0.790440 -0.414981 -0.450551 
 50323.4   9458.3      0.2     43.3     -0.1     28.9 
     0.3     19.0     -0.1     57.7  27887.4  28911.1 
     -9.5      56.2      -9.7      39.5 
     -3.4      20.5      -2.4      17.1 
     -3.0      14.4      -2.4      13.5 
     -3.2      12.8      -2.3      13.1 
3417 -0.817505 -0.390173 -0.423616 
 53590.5   9115.0      0.2     43.3     -0.1     28.9 
     0.3     18.6     -0.1     57.7  29868.5  30808.9 
     -8.1      55.3     -10.3      40.0 
     -3.0      20.5      -2.2      18.0 
     -3.0      14.2      -2.3      15.4 
     -3.0      12.8      -2.2      15.3 
3418 -0.840060 -0.367526 -0.399028 
 56798.4   8930.8      0.2     43.3     -0.1     28.9 
     0.3     18.0     -0.1     57.7  32380.5  33195.2 
     -8.1      56.3      -8.5      39.6 
     -2.6      20.3      -2.4      17.6 
     -2.8      14.0      -2.2      13.8 
     -2.7      12.6      -2.2      13.6 
3419 0.708659 -0.620076 -0.336613 
 67571.3  10640.6      0.2     43.3     -0.1     28.9 
     0.2     86.6     -0.1     57.7  38747.3  40220.8 
    -11.7      60.7      10.7      49.1 
     -3.7      22.9       2.4      16.7 
     -3.3      17.3       2.2      12.8 
     -3.5      16.2       2.3      12.4 
3420 0.677337 -0.646549 -0.350984 
 64565.5  11044.7      0.2     43.3     -0.1     28.9 
     0.2     86.6     -0.1     57.7  37279.2  38272.0 
    -12.2      56.6      10.5      46.0 
     -3.5      22.6       1.9      17.2 
     -3.1      17.6       2.0      14.2 
     -3.4      16.2       2.3      13.8 
3421 0.641844 -0.673936 -0.365851 
 62081.3  11651.0      0.2     43.3     -0.1     28.9 
     0.2     86.6     -0.1     57.7  35713.1  36830.5 
    -12.8      58.8      13.0      53.2 
     -4.1      23.4       2.5      16.3 
     -3.4      17.9       2.4      12.3 
     -3.5      16.3       2.4      11.2 
3422 0.601687 -0.701968 -0.381068 
 59585.4  12229.8      0.2     43.3     -0.1     28.9 
     0.2     86.6     -0.1     57.7  33771.3  34973.5 
    -11.1      55.1      11.0      52.3 
     -3.5      23.1       2.4      16.7 
     -3.5      18.0       2.2      13.3 
     -3.4      16.8       2.4      12.8 
3423 0.556388 -0.730259 -0.396426 
 57418.6  12827.6      0.2     43.3     -0.1     28.9 
     0.2     86.6     -0.1     57.7  32788.6  33845.5 
    -10.6      56.2       9.4      52.3 
     -3.6      22.8       2.6      15.1 
     -3.5      17.9       2.2      11.2 
     -3.8      17.0       2.4      10.2 
3424 0.505524 -0.758286 -0.411641 
 55534.3  13622.5      0.2     43.3     -0.1     28.9 
     0.2     86.6     -0.1     57.7  30681.5  31536.1 
    -11.8      53.1       8.5      52.2 
     -4.3      23.5       2.7      16.5 
     -3.8      18.5       2.4      12.4 
     -3.8      17.5       2.5      11.6 
3425 0.448787 -0.785377 -0.426348 
 53565.2  13578.9      0.2     43.3     -0.1     28.9 
     0.2     86.6     -0.1     57.7  29723.1  30878.0 
    -14.2      53.9       8.6      54.6 
     -4.0      23.4       2.7      14.7 
     -3.7      18.7       2.3      10.0 
     -3.8      17.6       2.3       8.8 
3426 0.386057 -0.810720 -0.440105 
 51945.5  13651.5      0.2     43.3     -0.1     28.9 
     0.2     86.6     -0.1     57.7  29059.5  29922.2 
    -13.8      52.3       6.9      51.7 
     -3.8      23.5       2.6      15.6 
     -3.8      18.6       2.3      11.2 
     -4.3      17.9       2.6      10.2 
3427 0.317480 -0.833386 -0.452409 
 50504.2  13513.7      0.2     43.3     -0.1     28.9 
     0.2     86.6     -0.7      7.0  27929.6  28967.3 
    -13.8      52.8       6.6      53.7 
     -4.0      23.2       2.4      13.3 
     -4.3      18.8       2.4       8.4 
     -3.9      18.3       2.2       7.1 
3428 0.243541 -0.852392 -0.462727 
 49479.2  13308.3      0.2     43.3     -0.1     28.9 
     0.2     86.6     -0.5     18.9  27394.6  28163.8 
    -13.1      54.1       4.6      59.7 
     -4.2      23.6       2.5      14.9 
     -4.6      19.0       2.4      10.6 
     -4.3      18.2       2.4       9.7 
3429 0.165103 -0.866792 -0.470544 
 48773.8  12914.8      0.2     43.3     -0.1      3.7 
     0.2     86.6     -0.6     31.6  27148.4  28095.1 
    -11.9      51.4       5.1      56.8 
     -4.8      23.4       1.9      11.3 
     -4.6      19.0       1.7       6.0 
     -4.5      18.4       1.7       4.8 
3430 0.124573 -0.872008 -0.473376 
 48486.6  12888.2      0.2     43.3     -0.3      9.4 
     0.2     86.6     -0.7     38.0  26689.5  27510.2 
    -13.3      52.2       6.0      61.0 
     -5.4      23.5       1.5       9.7 
     -4.6      19.0       1.5       4.4 
     -5.1      18.8       1.4       3.6 
3431 0.083409 -0.875791 -0.475429 
 48330.8  12895.0      0.2     43.3     -0.6     15.5 
     0.2     86.6     -0.7     44.2  26904.4  27538.5 
    -12.6      50.3       3.1      61.2 
     -5.0      24.0       1.0      10.6 
     -4.9      19.0       1.0       3.1 
     -5.3      18.3       1.0       2.4 
3432 0.041814 -0.878085 -0.476675 
 48313.1  12806.2      0.2     43.3     -0.9     21.7 
     0.2     86.6     -1.0     50.4  26748.0  27739.8 
    -11.6      49.8       1.1      66.7 
     -5.1      23.7       0.6      14.8 
     -5.1      19.0       0.6       2.9 
     -4.8      18.3       0.7       1.5 
3433 -0.000000 -0.878853 -0.477092 
 48382.6  12867.2      0.2     43.3      0.0     26.5 
     0.2     86.6      0.1     55.1  26384.4  27298.8 
    -14.1      52.7       3.4      75.1 
     -5.0      23.3      -0.4      24.4 
     -4.7      18.8       0.1       4.7 
     -5.1      18.2       0.1       2.6 
3434 -0.041814 -0.878085 -0.476675 
 48379.6  12727.4      0.2     43.3      0.6     21.9 
     0.2     86.6      0.7     50.4  26785.7  27467.7 
    -12.6      50.8      -1.2      68.3 
     -5.0      24.0      -0.2      13.7 
     -4.7      19.1      -0.3       2.0 
     -5.1      18.5      -0.4       1.3 
3435 -0.083409 -0.875791 -0.475429 
 48369.1  12836.7      0.2     43.3      0.6     15.5 
     0.2     86.6      0.8     44.2  26824.3  27570.0 
    -13.2      50.9      -2.7      65.6 
     -4.7      23.6      -0.8      10.4 
     -4.9      19.1      -0.7       3.1 
     -5.0      18.5      -0.8       2.4 
3436 -0.124573 -0.872008 -0.473376 
 48619.4  12908.9      0.2     43.3      0.3      9.4 
     0.2     86.6      0.5     38.0  26248.5  27224.8 
    -13.5      54.1      -4.0      58.5 
     -5.4      23.9      -1.3       9.6 
     -4.9      18.8      -1.2       4.5 
     -4.9      18.4      -1.1       3.6 
3437 -0.165103 -0.866792 -0.470544 
 48801.9  13071.2      0.2     43.3      0.2      3.6 
     0.2     86.6      0.4     31.5  26569.4  27598.4 
    -12.4      52.3      -2.0      56.1 
     -4.5      23.7      -1.5      11.0 
     -4.5      19.1      -1.6       6.1 
     -4.8      18.3      -1.5       4.8 
3438 -0.243541 -0.852392 -0.462727 
 49589.6  13314.6      0.2     43.3     -0.1     28.9 
     0.2     86.6      0.7     18.8  27608.4  28589.8 
    -13.8      52.6      -8.6      57.1 
     -4.5      23.2      -2.3      15.1 
     -4.3      18.9      -2.1      10.6 
     -4.7      18.6      -2.2       9.7 
3439 -0.317480 -0.833386 -0.452409 
 50641.4  13476.3      0.2     43.3     -0.1     28.9 
     0.2     86.6      0.6      7.1  28147.4  28910.0 
    -13.4      50.4      -7.5      54.8 
     -4.2      23.3      -2.1      13.6 
     -4.0      19.0      -2.0       8.3 
     -4.2      17.9      -2.0       7.0 
3440 -0.386057 -0.810720 -0.440105 
 52061.5  14006.9      0.2     43.3     -0.1     28.9 
     0.2     86.6     -0.1     57.7  29146.1  29863.6 
    -14.0      53.4      -5.0      54.6 
     -4.5      23.0      -2.4      15.3 
     -4.3      18.6      -2.3      11.0 
     -4.3      17.8      -2.3      10.2 
3441 -0.448787 -0.785377 -0.426348 
 53469.6  13480.6      0.2     43.3     -0.1     28.9 
     0.2     86.6     -0.1     57.7  29676.2  30731.3 
    -12.6      53.5      -8.5      50.1 
     -4.0      23.3      -2.2      14.7 
     -3.8      18.7      -2.1       9.9 
     -3.7      17.8      -2.1       8.8 
3442 -0.505524 -0.758286 -0.411641 
 55386.0  13619.9      0.2     43.3     -0.1     28.9 
     0.2     86.6     -0.1     57.7  31106.5  31852.8 
    -11.6      51.0      -7.5      49.6 
     -3.9      23.1      -2.4      16.0 
     -4.0      18.3      -2.2      12.1 
     -3.7      17.8      -2.3      11.7 
3443 -0.556388 -0.730259 -0.396426 
 57582.5  12734.7      0.2     43.3     -0.1     28.9 
     0.2     86.6     -0.1     57.7  32058.1  33171.9 
    -12.3      53.9      -8.8      48.4 
     -3.4      23.2      -2.0      15.4 
     -3.6      18.0      -2.0      11.1 
     -3.8      16.9      -2.3      10.3 
3444 -0.601687 -0.701968 -0.381068 
 59595.5  12280.7      0.2     43.3     -0.1     28.9 
     0.2     86.6     -0.1     57.7  33748.8  34938.8 
    -12.1      52.1      -9.1      47.0 
     -3.6      23.7      -2.0      16.9 
     -3.6      18.1      -2.0      13.3 
     -3.6      17.0      -1.9      12.9 
3445 -0.641844 -0.673936 -0.365851 
 62044.3  11697.7      0.2     43.3     -0.1     28.9 
     0.2     86.6     -0.1     57.7  35024.7  36406.6 
    -10.8      57.1      -8.9      45.7 
     -3.7      23.1      -2.4      15.9 
     -3.4      17.9      -1.9      12.1 
     -3.3      16.6      -2.0      11.3 
3446 -0.677337 -0.646549 -0.350984 
 64744.9  11198.4      0.2     43.3     -0.1     28.9 
     0.2     86.6     -0.1     57.7  37129.1  38068.8 
    -10.7      55.9      -8.7      43.2 
     -3.8      22.8      -2.1      17.5 
     -3.4      17.4      -1.7      14.0 
     -3.3      16.3      -2.0      13.9 
3447 -0.708659 -0.620076 -0.336613 
 67165.8  10544.0      0.2     43.3     -0.1     28.9 
     0.2     86.6     -0.1     57.7  39022.0  40320.5 
    -12.6      57.2      -7.1      41.5 
     -3.7      23.1      -2.2      16.8 
     -3.3      17.8      -1.9      12.8 
     -3.3      16.3      -1.9      12.4 
3448 0.482910 -0.845093 -0.229382 
 99228.1  13118.8      0.2     43.3     -0.1     28.9 
     0.2     86.6     -0.1     57.7  60291.2  61855.4 
    -12.6      52.3      10.2      49.9 
     -4.5      22.6       2.5      17.0 
     -3.7      17.5       2.2      10.8 
     -3.6      16.1       2.0       9.7 
3449 0.451149 -0.861285 -0.233777 
 97509.4  13114.1      0.2     43.3     -0.1     28.9 
     0.2     86.6     -0.1     57.7  58253.1  60181.1 
    -14.3      49.1      10.4      54.7 
     -4.3      22.5       2.8      18.3 
     -3.8      17.6       2.0      12.1 
     -3.5      16.2       2.1      11.4 
3450 0.417577 -0.876913 -0.238019 
 95915.2  12972.0      0.2     43.3     -0.1     28.9 
     0.2     86.6     -0.1     57.7  57635.8  59752.8 
    -13.6      52.0      11.1      58.1 
     -4.4      23.2       2.5      16.7 
     -4.0      17.5       2.2      10.1 
     -3.7      16.4       2.0       8.9 
3451 0.382204 -0.891810 -0.242063 
 94187.4  12902.5      0.2     43.3     -0.1     28.9 
     0.2     86.6     -0.1     57.7  56493.5  58545.8 
    -15.1      53.7       9.3      57.9 
     -4.5      23.0       2.3      17.2 
     -4.1      17.9       2.3      11.7 
     -3.9      16.2       2.2      10.6 
3452 0.345068 -0.905804 -0.245861 
 92987.2  12758.3      0.2     43.3     -0.1     28.9 
     0.2     86.6     -0.1     57.7  55684.2  57411.9 
    -14.5      53.5       8.0      62.2 
     -4.7      23.1       2.2      16.2 
     -4.2      17.7       2.2       9.1 
     -3.9      16.4       2.1       7.9 
3453 0.306238 -0.918714 -0.249365 
 91428.8  12506.7      0.2     43.3     -0.1     28.9 
     0.2     86.6     -0.1     57.7  54940.6  56571.5 
    -12.3      49.5      13.2      66.3 
     -4.6      22.6       2.5      18.4 
     -4.4      17.6       2.3      11.1 
     -4.5      16.7       2.5      10.3 
3454 0.265817 -0.930361 -0.252527 
 90648.8  12477.9      0.2     43.3     -0.1     28.9 
     0.2     86.6     -0.1     57.7  54070.3  55656.0 
    -14.4      51.3      11.3      71.7 
     -4.7      23.3       2.6      16.8 
     -3.9      17.9       2.0       8.1 
     -4.1      16.5       2.1       6.8 
3455 0.223945 -0.940570 -0.255298 
 89582.9  12134.9      0.2     43.3     -0.1     28.9 
     0.2     86.6     -0.1     57.7  53836.6  55148.4 
    -15.6      51.7       7.1      70.7 
     -4.6      23.5       2.6      18.1 
     -4.4      17.7       2.3      11.0 
     -4.4      16.4       2.3      10.0 
3456 0.180796 -0.949177 -0.257634 
 88711.2  12100.7      0.2     43.3     -0.1     28.9 
     0.2     86.6     -0.8      4.0  53366.9  54909.8 
    -12.3      49.1       5.2      72.5 
     -4.8      22.8       2.2      16.0 
     -4.7      17.7       2.1       6.8 
     -4.5      16.5       2.0       5.5 
3457 0.136577 -0.956038 -0.259496 
 88325.0  11982.0      0.2     43.3     -0.1     28.9 
     0.2     86.6     -1.0     16.7  52935.6  54224.1 
    -12.6      50.7       5.6      77.7 
     -5.1      22.8       2.4      18.1 
     -4.4      17.8       2.1      11.2 
     -4.6      16.8       2.1      10.3 
3458 0.091527 -0.961030 -0.260851 
 87823.2  12037.5      0.2     43.3     -0.3      2.0 
     0.2     86.6     -1.1     29.9  52659.1  53934.5 
    -14.8      51.7       4.7      77.8 
     -5.3      22.6       1.8      15.2 
     -4.9      18.0       1.5       5.2 
     -4.6      16.5       1.4       3.9 
3459 0.068771 -0.962796 -0.261330 
 87679.4  11933.4      0.2     43.3     -0.6      8.2 
     0.2     86.6     -0.9     36.8  52375.1  53551.6 
    -14.1      47.7       4.1      73.6 
     -5.6      23.6       1.2      16.7 
     -4.6      17.7       1.2       4.2 
     -4.9      16.4       1.1       3.0 
3460 0.045908 -0.964064 -0.261674 
 87913.9  11982.9      0.2     43.3     -0.9     14.6 
     0.2     86.6     -1.0     43.2  52863.6  54169.9 
    -15.6      50.7       2.5      76.2 
     -5.6      23.1       1.3      21.0 
     -4.6      18.0       0.8       4.2 
     -5.0      16.4       0.8       2.1 
3461 0.022972 -0.964827 -0.261882 
 87711.9  11885.0      0.2     43.3     -1.1     21.1 
     0.2     86.6     -1.1     49.6  52610.7  53761.6 
    -15.9      53.8       1.1      86.7 
     -5.6      22.6       0.0      25.3 
     -5.0      18.0       0.4       5.7 
     -5.1      16.5       0.4       2.9 
3462 -0.000000 -0.965081 -0.261951 
 87583.2  11851.2      0.2     43.3     -0.2     25.9 
     0.2     86.6     -0.2     54.2  51720.3  54154.1 
    -16.0      49.9      -1.8      89.5 
     -5.8      23.0      -0.6      37.6 
     -5.2      17.8       0.1      11.7 
     -5.1      16.3       0.1       4.9 
3463 -0.022972 -0.964827 -0.261882 
 87880.2  11927.5      0.2     43.3      1.1     21.1 
     0.2     86.6      1.2     49.5  52349.0  53398.3 
    -16.8      54.0      -1.0      84.7 
     -5.5      23.2       0.2      27.5 
     -5.2      18.1      -0.0       5.8 
     -5.3      16.4      -0.1       1.5 
3464 -0.045908 -0.964064 -0.261674 
 87700.8  11876.9      0.2     43.3      1.0     14.7 
     0.2     86.6      1.1     43.2  52495.3  53584.7 
    -13.1      51.2      -1.3      77.8 
     -5.7      22.9      -0.4      19.7 
     -4.8      18.0      -0.5       4.5 
     -5.0      16.6      -0.6       2.2 
3465 -0.068771 -0.962796 -0.261330 
 87781.6  12002.0      0.2     43.3      0.7      8.1 
     0.2     86.6      0.8     36.4  52200.3  53833.7 
    -17.7      51.9       1.2      78.6 
     -5.4      23.3      -1.0      16.4 
     -5.0      17.8      -1.0       4.3 
     -5.0      16.3      -0.9       3.0 
3466 -0.091527 -0.961030 -0.260851 
 87933.2  11902.7      0.2     43.3      0.5      2.0 
     0.2     86.6      0.6     30.0  52439.7  53947.0 
    -15.2      52.1      -2.8      75.6 
     -5.5      22.4      -1.7      16.3 
     -4.7      17.9      -1.2       5.3 
     -4.6      16.5      -1.2       3.8 
3467 -0.136577 -0.956038 -0.259496 
 88198.3  12046.3      0.2     43.3     -0.1     28.9 
     0.2     86.6      0.6     16.7  52870.6  54228.4 
    -12.5      52.0      -2.2      73.9 
     -5.2      23.1      -1.9      18.6 
     -4.4      17.9      -1.9      11.2 
     -4.5      16.7      -1.8      10.3 
3468 -0.180796 -0.949177 -0.257634 
 88726.8  12021.9      0.2     43.3     -0.1     28.9 
     0.2     86.6      0.9      4.0  53641.8  54906.8 
    -12.0      49.3      -3.3      72.1 
     -4.5      23.2      -1.9      17.1 
     -4.4      17.6      -1.7       6.7 
     -4.5      16.5      -1.7       5.6 
3469 -0.223945 -0.940570 -0.255298 
 89335.4  12172.0      0.2     43.3     -0.1     28.9 
     0.2     86.6     -0.1     57.7  52399.0  54597.4 
    -11.0      51.9      -4.5      70.2 
     -4.6      22.8      -2.4      18.3 
     -4.1      17.8      -2.0      11.1 
     -4.6      16.9      -2.3      10.0 
3470 -0.265817 -0.930361 -0.252527 
 90396.8  12339.1      0.2     43.3     -0.1     28.9 
     0.2     86.6     -0.1     57.7  53688.9  55408.3 
    -14.8      53.5      -7.9      66.1 
     -4.7      22.8      -2.3      16.4 
     -4.4      18.0      -1.9       8.2 
     -4.0      16.5      -1.8       6.8 
3471 -0.306238 -0.918714 -0.249365 
 91555.6  12535.2      0.2     43.3     -0.1     28.9 
     0.2     86.6     -0.1     57.7  54835.7  56337.0 
    -13.6      50.0      -7.1      60.8 
     -4.4      22.9      -2.4      17.9 
     -4.0      17.9      -2.0      11.2 
     -4.2      16.7      -2.3      10.1 
3472 -0.345068 -0.905804 -0.245861 
 92712.8  12786.8      0.2     43.3     -0.1     28.9 
     0.2     86.6     -0.1     57.7  55618.3  57356.1 
    -15.9      53.1      -7.4      58.5 
     -4.3      22.5      -2.0      16.2 
     -4.1      17.7      -2.0       9.1 
     -4.1      16.5      -1.8       7.9 
3473 -0.382204 -0.891810 -0.242063 
 94082.4  12977.1      0.2     43.3     -0.1     28.9 
     0.2     86.6     -0.1     57.7  56327.5  58344.3 
    -14.1      51.6      -7.6      57.2 
     -4.3      22.4      -2.5      18.0 
     -3.8      17.6      -1.9      11.6 
     -3.7      16.2      -2.0      10.5 
3474 -0.417577 -0.876913 -0.238019 
 95541.6  12996.4      0.2     43.3     -0.1     28.9 
     0.2     86.6     -0.1     57.7  57791.6  59275.4 
    -11.8      50.0      -7.0      53.3 
     -4.0      23.1      -2.2      16.6 
     -3.7      17.4      -1.8       9.9 
     -3.7      16.4      -1.6       8.9 
3475 -0.451149 -0.861285 -0.233777 
 97480.9  13114.3      0.2     43.3     -0.1     28.9 
     0.2     86.6     -0.1     57.7  58849.1  60322.8 
    -12.6      51.8      -7.9      49.3 
     -4.2      23.2      -2.0      17.7 
     -3.7      17.5      -1.6      12.1 
     -3.8      16.3      -2.1      11.4 
3476 -0.482910 -0.845093 -0.229382 
 99144.1  13080.9      0.2     43.3     -0.1     28.9 
     0.2     86.6     -0.1     57.7  60307.4  62024.9 
    -12.8      55.3      -5.7      49.8 
     -4.0      23.0      -2.2      16.8 
     -3.5      17.3      -1.8      10.7 
     -3.5      16.2      -1.7       9.7 
3477 0.337328 -0.927651 -0.160231 
142176.7  12513.2      0.2     43.3     -0.1     28.9 
     0.2     86.6     -0.1     57.7  88487.1  91794.4 
    -12.8      52.9       9.7      59.0 
     -4.8      24.1       2.7      19.1 
     -4.0      18.0       2.1       9.2 
     -4.3      16.8       2.1       8.0 
3478 0.312066 -0.936198 -0.161707 
141007.9  12717.3      0.2     43.3     -0.1     28.9 
     0.2     86.6     -0.1     57.7  88614.5  90332.3 
    -17.4      52.1      11.9      63.1 
     -4.7      24.5       2.9      21.0 
     -4.0      18.3       2.2      11.5 
     -4.2      17.1       2.4      10.4 
3479 0.286124 -0.944211 -0.163091 
139948.0  12428.0      0.2     43.3     -0.1     28.9 
     0.2     86.6     -0.1     57.7  87668.0  89963.2 
    -16.0      55.6      10.4      67.5 
     -5.2      23.9       2.4      19.2 
     -4.3      17.8       2.1       8.5 
     -4.0      16.9       1.9       7.2 
3480 0.259539 -0.951641 -0.164374 
138767.3  12363.3      0.2     43.3     -0.1     28.9 
     0.2     86.6     -0.1     57.7  86428.9  88838.0 
    -12.7      50.1       9.1      70.0 
     -5.2      24.1       3.4      22.7 
     -4.4      18.3       2.4      11.4 
     -4.4      17.2       2.5      10.2 
3481 0.232349 -0.958440 -0.165549 
138080.0  12261.0      0.2     43.3     -0.1     28.9 
     0.2     86.6     -0.1     57.7  86190.5  88982.5 
    -14.6      54.0       9.5      72.2 
     -5.1      24.3       2.8      20.1 
     -4.6      18.4       2.1       8.2 
     -4.5      17.1       2.2       6.6 
3482 0.204604 -0.964562 -0.166606 
137326.5  12069.4      0.2     43.3     -0.1     28.9 
     0.2     86.6     -0.1     57.7  85326.1  87706.9 
    -15.4      57.5       9.4      81.1 
     -5.6      24.0       2.8      23.2 
     -4.8      18.4       2.7      11.5 
     -4.9      17.2       2.5      10.2 
3483 0.176357 -0.969963 -0.167539 
136462.5  12068.5      0.2     43.3     -0.1     28.9 
     0.2     86.6     -0.1     57.7  85928.5  87805.1 
    -14.3      52.0      14.8      84.6 
     -5.5      23.7       2.5      20.8 
     -4.3      18.6       2.1       7.6 
     -4.7      17.3       2.0       5.8 
3484 0.147667 -0.974605 -0.168341 
135884.5  11926.9      0.2     43.3     -0.1     28.9 
     0.2     86.6     -0.1     57.7  84913.3  87399.3 
    -20.7      60.9      13.7      84.2 
     -5.2      23.8       2.7      23.6 
     -4.5      18.3       2.4      11.3 
     -4.6      17.2       2.3      10.4 
3485 0.118600 -0.978453 -0.169006 
135320.6  11972.4      0.2     43.3     -0.1     28.9 
     0.2     86.6     -0.7      2.6  84325.7  86742.3 
    -14.8      54.4       7.4      88.7 
     -5.5      23.3       2.6      22.0 
     -4.6      18.1       1.9       6.6 
     -4.5      17.1       1.8       4.9 
3486 0.089225 -0.981478 -0.169528 
135089.2  11899.1      0.2     43.3     -0.1     28.9 
     0.2     86.6     -0.9     15.6  84904.6  86541.8 
    -16.2      56.0       7.7      89.8 
     -5.4      23.9       2.3      24.4 
     -4.7      18.1       2.2      11.5 
     -4.6      17.2       2.2      10.7 
3487 0.059616 -0.983656 -0.169904 
134718.7  11831.5      0.2     43.3     -0.6      1.3 
     0.2     86.6     -1.0     29.3  84618.0  86408.2 
    -17.6      52.7       2.5      90.3 
     -6.0      24.6       1.8      22.5 
     -4.8      18.2       1.5       5.6 
     -4.8      16.8       1.3       3.4 
3488 0.044746 -0.984421 -0.170036 
134733.8  11889.0      0.2     43.3     -1.0      7.5 
     0.2     86.6     -1.1     36.0  83470.3  86065.6 
    -17.4      54.7       5.8      92.2 
     -5.9      23.4       1.2      25.9 
     -4.9      18.0       1.0       5.0 
     -5.1      17.3       1.1       2.7 
3489 0.029848 -0.984969 -0.170131 
135083.2  11847.4      0.2     43.3     -1.1     14.1 
     0.2     86.6     -1.1     42.4  83767.8  86214.2 
    -19.8      57.9       5.3      96.7 
     -5.9      23.8       0.5      31.8 
     -4.9      18.3       0.9       6.5 
     -5.1      16.9       0.8       2.4 
3490 0.014929 -0.985299 -0.170188 
134633.8  11880.2      0.2     43.3     -1.5     20.7 
     0.2     86.6     -1.6     48.9  84853.9  86504.4 
    -15.1      50.4       1.1      98.0 
     -5.8      23.5      -0.4      39.6 
     -4.8      17.9       0.4       9.6 
     -5.0      17.1       0.5       3.6 
3491 -0.000000 -0.985408 -0.170207 
134662.5  11851.4      0.2     43.3      0.2     25.3 
     0.2     86.6      0.3     53.4  83210.9  85764.3 
    -14.7      52.1       2.2      96.7 
     -5.5      23.5       1.1      47.7 
     -4.9      18.2      -0.0      18.4 
     -5.4      17.1      -0.0       7.4 
3492 -0.014929 -0.985299 -0.170188 
134889.7  11866.0      0.2     43.3      1.1     20.7 
     0.2     86.6      1.2     48.9  83556.9  86018.9 
    -16.6      53.3      -7.2      94.8 
     -5.9      23.6       0.2      38.3 
     -5.2      18.2      -0.0       8.1 
     -5.1      17.0      -0.2       4.9 
3493 -0.029848 -0.984969 -0.170131 
135069.1  11842.2      0.2     43.3      1.2     14.2 
     0.2     86.6      1.3     42.6  84437.0  86322.8 
    -17.0      55.6       1.4      99.9 
     -5.9      23.6      -0.2      30.2 
     -4.9      18.1      -0.6       6.8 
     -5.1      16.9      -0.5       2.2 
3494 -0.044746 -0.984421 -0.170036 
134999.1  11877.4      0.2     43.3      0.9      7.5 
     0.2     86.6      1.1     35.9  84765.1  86782.3 
    -16.3      51.5       3.4      93.0 
     -5.7      23.1      -0.6      26.1 
     -4.7      18.2      -0.8       5.1 
     -4.9      17.2      -0.8       2.8 
3495 -0.059616 -0.983656 -0.169904 
135124.5  11888.9      0.2     43.3      0.6      1.4 
     0.2     86.6      1.1     29.2  84631.8  86863.2 
    -13.2      50.5       4.8      94.2 
     -5.6      23.8      -1.1      23.1 
     -5.2      18.1      -1.2       5.4 
     -5.2      17.3      -1.1       3.5 
3496 -0.089225 -0.981478 -0.169528 
134808.3  11853.2      0.2     43.3     -0.1     28.9 
     0.2     86.6      0.6     15.7  84410.1  87153.2 
    -14.3      51.3      -0.1      91.6 
     -5.4      23.9      -2.3      23.5 
     -4.7      18.1      -1.9      11.7 
     -4.7      17.3      -2.2      10.6 
3497 -0.118600 -0.978453 -0.169006 
135767.2  11923.3      0.2     43.3     -0.1     28.9 
     0.2     86.6      0.6      2.7  83973.7  86811.7 
    -13.2      50.9      -0.5      89.0 
     -5.5      24.1      -1.8      23.3 
     -4.8      18.1      -1.7       6.4 
     -4.9      17.0      -1.6       4.9 
3498 -0.147667 -0.974605 -0.168341 
135875.6  12003.8      0.2     43.3     -0.1     28.9 
     0.2     86.6     -0.1     57.7  84157.5  86419.5 
    -14.5      50.6      -3.0      80.8 
     -5.5      23.5      -2.7      22.2 
     -4.9      18.3      -2.2      11.5 
     -4.8      17.5      -2.3      10.3 
3499 -0.176357 -0.969963 -0.167539 
136761.3  12041.6      0.2     43.3     -0.1     28.9 
     0.2     86.6     -0.1     57.7  85901.5  87764.0 
    -16.3      54.5      -6.9      81.5 
     -5.3      24.1      -2.2      21.4 
     -4.4      18.1      -1.9       7.5 
     -4.6      17.3      -1.7       6.0 
3500 -0.204604 -0.964562 -0.166606 
137599.6  12221.3      0.2     43.3     -0.1     28.9 
     0.2     86.6     -0.1     57.7  85634.4  87875.5 
    -15.6      57.0      -2.9      73.4 
     -5.2      23.6      -2.7      21.5 
     -4.4      18.4      -2.1      11.2 
     -4.6      17.3      -2.3      10.4 
3501 -0.232349 -0.958440 -0.165549 
138137.2  12222.2      0.2     43.3     -0.1     28.9 
     0.2     86.6     -0.1     57.7  86733.5  88477.7 
    -17.6      54.4      -2.3      71.7 
     -5.0      24.1      -2.3      19.0 
     -4.1      18.0      -1.7       8.4 
     -4.1      17.4      -1.7       6.8 
3502 -0.259539 -0.951641 -0.164374 
138873.3  12222.4      0.2     43.3     -0.1     28.9 
     0.2     86.6     -0.1     57.7  86807.6  89592.3 
    -12.0      51.8      -4.5      65.6 
     -5.5      24.3      -2.7      21.4 
     -4.4      18.0      -2.0      11.4 
     -4.0      17.0      -1.8      10.3 
3503 -0.286124 -0.944211 -0.163091 
140013.0  12346.9      0.2     43.3     -0.1     28.9 
     0.2     86.6     -0.1     57.7  87047.7  89561.7 
    -14.9      53.1      -0.2      66.7 
     -4.9      23.4      -2.4      18.1 
     -4.0      18.2      -1.7       8.8 
     -4.5      17.3      -1.9       7.4 
3504 -0.312066 -0.936198 -0.161707 
140938.6  12432.0      0.2     43.3     -0.1     28.9 
     0.2     86.6     -0.1     57.7  88153.5  90651.1 
    -14.9      55.5      -4.2      56.2 
     -4.9      23.6      -2.5      20.2 
     -4.1      18.1      -2.0      11.5 
     -3.8      17.0      -1.9      10.4 
3505 -0.337328 -0.927651 -0.160231 
142618.8  12626.3      0.2     43.3     -0.1     28.9 
     0.2     86.6     -0.1     57.7  89273.1  91764.3 
    -13.7      54.2      -6.8      53.3 
     -4.6      24.3      -2.1      18.7 
     -3.8      18.3      -1.9       9.5 
     -4.3      17.5      -1.8       8.3 
