OCR_prd2017clk:dj0100b,R21@-300V,0.0T@20d,263K,rhe=1.10,rhh=0.7,0.7/0.7 
314 1 0.00 28 3 29 3 300.0000 263.0000 1.5000 1.0000 600.0000 0.0800 -0.2300 150.0000 100.0000 290.0000 1750.0000 0.0400 -0.110000 1.5000 1.0000 0.8500 
4201 -0.105170 0.946530 -0.304993 
 81650.5  12502.2      0.0     43.3      0.4     20.8 
     0.0     86.6      1.2     29.5  47236.1  48598.9 
     12.6      53.9      -2.6      71.5 
      2.6      24.6      -0.8      14.3 
      2.5      20.2      -0.6       5.5 
      2.8      19.9      -0.7       4.1 
4202 -0.113613 0.937303 -0.329476 
 75508.6  12712.5      0.0     43.3      1.0      2.8 
     0.0     86.6      1.2     29.8  43718.5  44994.6 
     13.1      52.9      -5.3      70.8 
      2.5      25.9      -0.7      12.8 
      2.5      22.4      -0.7       5.5 
      2.4      22.4      -0.6       4.3 
4203 -0.123410 0.925573 -0.357888 
 69482.8  12927.3      0.0     43.3      0.8      2.9 
     0.0     86.6      1.2     29.9  39650.9  41013.0 
      8.9      50.8      -2.8      64.6 
      2.6      24.4      -0.7      12.8 
      2.3      19.6      -0.6       5.6 
      2.6      19.1      -0.7       4.3 
4204 -0.134874 0.910397 -0.391134 
 63550.1  12987.0      0.0     43.3      0.8      3.4 
     0.0     86.6      0.9     30.0  35643.9  36775.2 
     10.8      49.6      -2.3      60.9 
      2.7      25.2      -0.9      11.6 
      2.4      20.7      -0.7       5.7 
      2.5      19.5      -0.7       4.5 
4205 -0.148397 0.890380 -0.430350 
 57661.4  13234.4      0.0     43.3      0.7      3.6 
     0.0     86.6      1.1     30.3  31521.8  33020.1 
     12.7      56.7      -2.7      63.5 
      2.7      23.8      -0.8      11.2 
      2.4      18.7      -0.7       5.8 
      2.4      18.7      -0.7       4.7 
4206 -0.164460 0.863416 -0.476934 
 52277.7  13500.5      0.0     43.3      0.6      3.9 
     0.0     86.6      1.0     30.5  27936.0  29379.0 
     11.5      53.8      -4.9      55.7 
      2.6      24.9      -0.9      10.8 
      2.0      20.8      -0.9       6.0 
      2.5      21.2      -0.9       4.9 
4207 -0.183618 0.826279 -0.532491 
 46676.3  14013.1      0.0     43.3      0.5      4.3 
     0.0     86.6      0.9     30.8  25261.1  25938.9 
      9.5      52.9      -3.6      55.8 
      2.9      22.9      -1.1      10.6 
      2.6      17.6      -0.8       6.2 
      2.6      17.6      -0.9       5.2 
4208 -0.206405 0.774019 -0.598575 
 41642.5  14848.4      0.0     43.3      0.3      4.7 
     0.0     86.6      0.4     31.2  21225.6  22312.7 
     10.5      52.7      -3.7      51.6 
      3.0      23.3      -1.2      11.0 
      2.1      18.7      -0.7       6.4 
      2.6      18.3      -0.9       5.5 
4209 -0.233063 0.699189 -0.675882 
 36941.9  16297.2      0.0     43.3      0.1      5.4 
    -0.1     10.5      0.6     31.6  18895.0  19657.1 
      9.6      53.3      -4.3      46.9 
      2.6      20.8      -1.1      10.8 
      2.5      15.6      -1.0       6.8 
      2.4      15.0      -0.9       5.7 
4210 -0.262862 0.591440 -0.762300 
 32981.1  18880.0      0.0     43.3      0.1      5.7 
     0.1     28.9      0.3     32.0  16535.3  17102.4 
      9.6      53.2      -2.5      52.0 
      2.6      21.7      -1.2      10.8 
      2.3      16.5      -1.0       6.9 
      2.0      16.5      -1.0       5.8 
4211 -0.292854 0.439281 -0.849276 
 29626.3  21078.7      0.6     13.0     -0.1      5.9 
     0.1     48.3      0.2     32.2  14348.8  15023.2 
      3.3      49.0      -3.8      43.7 
      2.4      16.8      -1.2      10.9 
      1.5      10.7      -1.2       7.0 
      1.8       8.8      -1.3       6.1 
4212 -0.316664 0.237498 -0.918324 
 27569.5  20297.3      0.4     27.1     -0.1      5.6 
    -0.1     67.4      0.1     32.6  13252.9  13769.5 
      4.6      52.6      -4.7      45.7 
      0.9       8.7      -1.3      10.8 
      0.9       5.6      -1.2       7.1 
      1.2       4.4      -1.3       6.0 
4213 -0.325991 -0.000000 -0.945373 
 27006.5  19692.8      0.1     40.9     -0.2      4.8 
     0.0     83.6      0.1     32.7  13134.6  13693.2 
     -2.2      77.5      -5.9      48.0 
     -0.5      11.6      -1.5      10.7 
      0.2       2.6      -1.1       7.2 
      0.0       2.0      -1.3       5.9 
4214 -0.323582 -0.121343 -0.938387 
 27108.3  19863.9      0.1     34.7     -0.2      5.2 
     0.5     76.5      0.1     32.6  13088.8  13513.8 
     -5.0      60.5      -5.4      43.4 
     -0.9       6.2      -1.5      10.8 
     -0.6       2.8      -1.3       7.1 
     -0.7       2.2      -1.3       6.0 
4215 -0.316664 -0.237498 -0.918324 
 27617.7  20340.5     -0.5     26.7     -0.2      5.5 
    -0.1     67.6      0.1     32.5  13287.7  13971.3 
     -4.3      53.4      -4.1      42.6 
     -1.7       9.1      -1.2      11.0 
     -1.1       5.5      -1.3       7.0 
     -1.2       4.5      -1.2       6.1 
4216 -0.306058 -0.344315 -0.887567 
 28379.0  20835.5     -0.7     19.1     -0.2      5.8 
    -0.3     58.0      0.2     32.4  13459.0  14179.9 
     -7.1      52.3      -5.3      47.7 
     -1.9      13.0      -1.5      11.0 
     -1.6       8.2      -1.1       7.1 
     -1.5       6.7      -1.2       6.1 
4217 -0.292854 -0.439281 -0.849276 
 29679.2  21024.6     -0.9     12.9     -0.2      5.9 
     0.2     48.8      0.2     32.2  14230.0  15070.0 
     -5.8      47.4      -4.2      47.8 
     -2.2      16.5      -1.2      10.8 
     -1.8      10.8      -1.1       7.1 
     -1.9       8.8      -1.2       6.1 
4218 -0.278147 -0.521525 -0.806626 
 31115.2  20359.7     -3.1     12.3     -0.0      5.9 
     0.1     38.9      0.4     32.1  15191.5  15984.3 
     -8.1      49.4      -5.0      45.6 
     -2.0      18.9      -1.1      10.7 
     -1.7      14.0      -1.0       6.9 
     -2.3      13.1      -1.2       6.0 
4219 -0.262862 -0.591440 -0.762300 
 32917.4  18847.9      0.0     43.3      0.1      5.6 
     0.2     29.1      0.3     31.9  16183.8  16860.8 
     -7.3      51.3      -4.1      48.0 
     -2.2      21.7      -1.2      10.8 
     -2.5      16.6      -1.0       7.0 
     -2.4      16.6      -1.2       6.0 
4220 -0.233063 -0.699189 -0.675882 
 37079.1  16350.5      0.0     43.3      0.2      5.2 
     0.1     10.5      0.6     31.5  18904.1  19671.0 
     -9.0      53.1      -2.6      49.4 
     -3.1      21.0      -1.2      10.6 
     -2.5      15.5      -0.9       6.7 
     -2.4      14.8      -1.0       5.8 
4221 -0.206405 -0.774019 -0.598575 
 41518.2  14928.0      0.0     43.3      0.3      4.6 
     0.0     86.6      0.6     31.2  21011.8  21729.8 
    -11.5      53.1      -4.4      52.7 
     -2.8      23.6      -0.9      10.8 
     -2.3      18.9      -0.8       6.3 
     -2.7      18.2      -0.9       5.4 
4222 -0.183618 -0.826279 -0.532491 
 46739.3  14069.3      0.0     43.3      0.6      4.2 
     0.0     86.6      0.7     30.8  25087.3  25790.4 
    -10.3      53.7      -3.4      53.5 
     -2.9      22.8      -1.2      11.0 
     -2.5      17.5      -0.8       6.1 
     -2.5      17.4      -0.9       5.2 
4223 -0.164460 -0.863416 -0.476934 
 52130.8  13443.3      0.0     43.3      0.6      3.8 
     0.0     86.6      0.8     30.7  28317.3  29547.9 
    -12.8      55.9      -5.7      60.1 
     -2.5      24.7      -1.0      10.7 
     -2.3      21.0      -0.8       6.1 
     -2.7      21.2      -0.7       4.9 
4224 -0.148397 -0.890380 -0.430350 
 57951.5  13195.7      0.0     43.3      0.6      3.7 
     0.0     86.6      1.0     30.2  31781.3  32892.4 
    -14.2      55.8      -4.3      64.9 
     -3.0      24.0      -0.8      11.6 
     -2.8      18.8      -0.8       6.0 
     -2.9      18.6      -0.8       4.7 
4225 -0.134874 -0.910397 -0.391134 
 63479.7  12939.1      0.0     43.3      1.0      3.1 
     0.0     86.6      1.0     30.0  35764.5  36496.9 
    -11.6      54.4      -2.2      68.6 
     -2.8      25.0      -0.8      11.9 
     -2.3      20.5      -0.7       5.8 
     -2.8      19.4      -0.7       4.4 
4226 -0.123410 -0.925573 -0.357888 
 69504.5  12770.0      0.0     43.3      0.9      2.9 
     0.0     86.6      0.9     29.8  40031.1  41276.2 
    -10.3      52.5      -3.8      63.9 
     -3.2      24.1      -1.2      12.8 
     -2.6      19.3      -0.7       5.6 
     -2.7      19.4      -0.7       4.3 
4227 -0.113613 -0.937303 -0.329476 
 75581.1  12674.1      0.0     43.3      1.1      2.7 
     0.0     86.6      1.0     29.6  43348.1  44637.7 
    -13.4      53.8      -1.0      70.1 
     -2.6      26.3      -1.0      12.9 
     -2.2      22.2      -0.6       5.5 
     -2.0      22.5      -0.5       4.3 
4228 -0.105170 -0.946530 -0.304993 
 81530.4  12633.9      0.0     43.3      1.2      2.5 
     0.0     86.6      1.5     29.5  48059.6  49350.1 
    -11.8      52.9      -2.5      72.7 
     -2.9      24.7      -0.9      13.3 
     -2.2      20.0      -0.6       5.3 
     -2.8      20.1      -0.7       4.1 
4229 0.863216 -0.064741 -0.500666 
 49468.0   9010.6      0.9     33.2     -0.1     28.9 
     1.2     75.5     -0.1     57.7  27666.1  28451.3 
     -1.8      68.6       9.3      43.5 
     -0.7      12.8       1.0      16.0 
     -0.4       2.6       1.0      12.3 
     -0.5       2.0       1.4      11.6 
4230 0.838516 -0.069876 -0.540377 
 45852.1   9306.6      1.0     33.4     -0.1     28.9 
     1.5     75.6     -0.1     57.7  25083.0  26165.2 
     -3.7      71.8      10.5      46.4 
     -0.3      11.7       1.5      16.6 
     -0.4       2.5       1.1      13.9 
     -0.5       2.0       1.7      13.7 
4231 0.807288 -0.075683 -0.585284 
 42409.0   9497.5      0.9     33.8     -0.1     28.9 
     1.4     75.7     -0.1     57.7  22852.1  23623.3 
     -0.3      67.1       9.0      44.7 
     -0.5       9.8       1.4      15.3 
     -0.4       2.5       1.4      11.9 
     -0.4       2.0       1.4      11.1 
4232 0.767414 -0.082223 -0.635858 
 39216.1  10064.9      0.5     33.9     -0.1     28.9 
     1.0     76.0     -0.1     57.7  20845.9  21700.8 
     -2.7      66.5      10.6      48.4 
     -0.7       9.4       1.7      16.5 
     -0.4       2.5       1.1      13.3 
     -0.5       2.0       1.4      12.8 
4233 0.716102 -0.089513 -0.692232 
 35991.3  10686.7      0.3     34.2     -0.1     28.9 
     0.7     76.2     -0.1     57.7  18874.4  19431.8 
     -1.0      66.6      10.4      45.9 
     -0.8       9.4       1.5      15.0 
     -0.5       3.1       1.5      11.2 
     -0.6       2.0       1.7      10.2 
4234 0.649830 -0.097475 -0.753803 
 33188.6  11784.3      0.3     34.2     -0.1     28.9 
     0.8     76.2     -0.1     57.7  16661.6  17309.2 
     -4.2      66.1       8.1      46.0 
     -0.4       7.8       1.7      15.7 
     -0.6       2.6       1.5      11.9 
     -0.6       2.1       1.9      11.5 
4235 0.564543 -0.105852 -0.818588 
 30697.6  13386.6      0.5     34.5     -0.1     28.9 
     0.8     76.3     -0.3      8.3  15155.0  15701.8 
     -1.9      58.8       7.1      45.4 
     -0.7       7.1       1.9      13.7 
     -0.6       2.8       1.8       9.7 
     -0.7       2.2       1.9       8.7 
4236 0.456422 -0.114106 -0.882416 
 28550.0  16247.2     -0.1     34.7     -0.1     28.9 
     0.3     76.6     -0.1     20.1  13841.8  14465.7 
     -3.1      63.0       5.7      47.9 
     -0.8       6.9       2.1      14.5 
     -0.7       2.6       1.7      10.5 
     -0.7       2.2       2.0       9.7 
4237 0.323582 -0.121343 -0.938387 
 27065.1  19861.1      0.4     34.9      0.2      5.2 
     0.8     76.8      0.1     32.7  13240.7  13706.5 
     -3.5      62.1       5.5      44.8 
     -0.9       5.9       1.7      10.5 
     -0.9       2.7       1.6       7.2 
     -0.8       2.3       1.5       6.1 
4238 0.168544 -0.126408 -0.977555 
 26156.2  21588.4      0.3     34.9     -0.3     16.2 
     0.8     76.7     -0.2     45.1  12544.9  13023.0 
     -6.3      64.3       3.5      51.9 
     -1.1       7.1       1.1       6.2 
     -0.7       2.8       0.9       3.6 
     -0.9       2.3       1.0       3.0 
4239 -0.000000 -0.128243 -0.991743 
 25991.1  21339.7     -0.0     35.0     -0.1     26.3 
     0.5     76.6     -0.1     55.0  12304.5  12920.2 
     -3.3      64.3      -2.2      62.0 
     -0.7       5.7      -0.2       9.5 
     -0.9       2.8       0.2       2.8 
     -0.9       2.3       0.2       2.3 
4240 -0.085184 -0.127776 -0.988138 
 25913.0  21334.4     -0.4     34.9      0.5     22.0 
     0.3     76.7      0.5     50.9  12114.8  12819.6 
     -3.0      60.0      -0.7      53.3 
     -1.0       5.5      -0.4       5.9 
     -0.8       2.8      -0.4       1.9 
     -0.9       2.3      -0.4       1.6 
4241 -0.168544 -0.126408 -0.977555 
 26245.1  21666.2     -0.1     34.9      0.4     16.3 
     0.4     76.7      0.4     45.0  12462.8  13003.8 
     -3.6      63.1      -2.8      50.5 
     -0.8       6.7      -0.8       6.6 
     -0.8       2.8      -0.6       3.5 
     -0.8       2.3      -0.8       3.0 
4242 -0.248443 -0.124222 -0.960648 
 26430.2  21047.5      0.3     35.0     -0.0     10.3 
     0.7     76.6      0.0     38.9  12880.2  13415.8 
     -3.7      58.8      -3.7      43.7 
     -0.9       5.3      -1.0       8.2 
     -0.9       2.7      -0.9       5.3 
     -0.9       2.3      -1.1       4.6 
4243 -0.323582 -0.121343 -0.938387 
 27075.3  19893.9     -0.1     35.0     -0.3      5.1 
     0.5     76.8     -0.0     32.8  13206.3  13726.4 
     -4.7      60.5      -5.2      45.1 
     -0.9       7.6      -1.6      10.8 
     -0.6       2.8      -1.2       7.1 
     -0.8       2.2      -1.4       6.1 
4244 -0.393068 -0.117920 -0.911917 
 27859.4  18409.2     -0.2     34.8     -1.8     10.5 
     0.3     76.6      0.2     26.4  13880.1  14301.8 
      1.0      59.3      -4.1      46.8 
     -0.9       6.6      -1.6      12.7 
     -0.8       2.9      -1.3       9.2 
     -0.7       2.2      -1.4       8.4 
4245 -0.456422 -0.114106 -0.882416 
 28592.0  16311.3      0.1     34.5     -0.1     28.9 
     0.6     76.6      0.0     20.2  14280.0  14733.8 
     -1.2      64.2      -6.2      42.3 
     -0.9       6.1      -2.0      14.2 
     -0.6       2.5      -1.6      10.6 
     -0.7       2.2      -1.9       9.7 
4246 -0.513527 -0.110042 -0.850988 
 29532.7  14503.4      0.3     34.6     -0.1     28.9 
     0.7     76.4      0.4     14.0  14541.7  15124.8 
     -7.2      62.9      -5.4      43.9 
     -0.5       7.1      -1.8      14.2 
     -0.7       2.7      -1.6      10.1 
     -0.7       2.2      -1.8       9.1 
4247 -0.564543 -0.105852 -0.818588 
 30671.4  13425.2      0.3     34.3     -0.1     28.9 
     0.9     76.3      0.2      8.4  15036.6  15748.5 
     -1.1      63.0      -8.2      45.0 
     -0.8       7.5      -1.8      13.7 
     -0.6       2.8      -1.5       9.7 
     -0.7       2.1      -1.8       8.5 
4248 -0.649830 -0.097475 -0.753803 
 33089.1  11787.2      0.7     34.3     -0.1     28.9 
     1.1     76.1     -0.1     57.7  16971.1  17649.6 
     -0.5      61.2      -7.3      42.5 
     -0.6       7.9      -1.5      15.5 
     -0.6       2.6      -1.4      12.1 
     -0.6       2.1      -1.7      11.7 
4249 -0.716102 -0.089513 -0.692232 
 35893.6  10677.7      0.3     34.0     -0.1     28.9 
     0.8     76.0     -0.1     57.7  18769.9  19446.8 
     -0.8      65.9      -6.7      42.1 
     -0.6       9.3      -1.4      14.9 
     -0.5       3.1      -1.6      11.1 
     -0.6       2.0      -1.7      10.2 
4250 -0.767414 -0.082223 -0.635858 
 39109.7  10030.5      0.3     33.7     -0.1     28.9 
     0.9     75.8     -0.1     57.7  20632.1  21604.7 
     -4.2      65.5      -8.2      43.3 
     -0.5       8.9      -1.4      16.6 
     -0.5       2.7      -1.1      13.2 
     -0.5       2.0      -1.3      13.0 
4251 -0.807288 -0.075683 -0.585284 
 42487.0   9613.0      0.9     33.6     -0.1     28.9 
     1.5     75.7     -0.1     57.7  22705.5  23605.6 
     -3.7      65.6      -8.3      41.9 
     -0.7      11.1      -1.5      15.2 
     -0.5       2.6      -1.2      12.1 
     -0.5       2.0      -1.3      11.0 
4252 -0.838516 -0.069876 -0.540377 
 46024.0   9260.4      0.3     33.4     -0.1     28.9 
     0.8     75.5     -0.1     57.7  25270.3  25920.1 
     -1.7      70.2      -7.9      41.1 
     -0.7      12.5      -1.0      17.4 
     -0.4       2.6      -1.1      14.0 
     -0.4       2.0      -1.3      13.7 
4253 -0.863216 -0.064741 -0.500666 
 49481.3   9003.9      0.6     33.4     -0.1     28.9 
     1.3     75.4     -0.1     57.7  27575.8  28393.1 
     -1.5      74.2      -6.9      40.6 
     -0.6      13.5      -1.4      15.7 
     -0.4       2.9      -0.9      12.5 
     -0.5       2.0      -1.3      11.5 
4254 -0.882965 -0.060202 -0.465563 
 53407.5   8806.8      0.7     33.2     -0.1     28.9 
     1.1     75.3     -0.1     57.7  30191.9  31446.9 
      1.5      73.4      -9.0      39.7 
     -0.5      14.2      -1.1      17.2 
     -0.3       3.5      -1.0      14.4 
     -0.4       2.0      -1.3      14.2 
4255 -0.898927 -0.056183 -0.434481 
 57083.8   8661.7      0.8     32.9     -0.1     28.9 
     1.4     75.2     -0.1     57.7  32954.4  33678.2 
     -4.1      76.9      -8.4      37.6 
     -0.0      16.8      -0.9      16.4 
     -0.4       2.9      -1.0      12.7 
     -0.4       2.0      -1.2      11.9 
4256 -0.911966 -0.052613 -0.406877 
 60898.4   8545.6      0.8     32.9     -0.1     28.9 
     1.4     75.1     -0.1     57.7  35467.2  36437.4 
     -0.1      78.8      -7.1      36.3 
     -0.2      16.3      -1.3      17.4 
     -0.3       3.6      -0.5      14.6 
     -0.4       2.0      -1.2      14.6 
4257 -0.922727 -0.049432 -0.382272 
 64805.0   8526.7      1.3     32.8     -0.1     28.9 
     1.8     75.2     -0.1     57.7  37813.0  38699.6 
      2.0      79.6      -8.2      33.4 
     -0.7      20.5      -1.4      16.6 
     -0.4       3.4      -0.9      13.1 
     -0.3       2.5      -1.2      12.3 
4258 0.806111 -0.362750 -0.467544 
 52889.8   9750.3      0.0     43.3     -0.1     28.9 
     0.7     26.2     -0.1     57.7  29740.0  30566.2 
     -4.9      57.4      10.4      46.0 
     -1.4      21.6       1.1      16.0 
     -1.3      15.9       1.2      12.8 
     -1.4      15.0       1.2      12.7 
4259 0.774912 -0.387456 -0.499388 
 49635.6   9997.8      0.0     43.3     -0.1     28.9 
     0.7     26.5     -0.1     57.7  27389.3  28449.8 
     -5.7      57.9       9.3      48.0 
     -1.7      21.6       0.9      17.2 
     -1.5      16.2       1.2      14.0 
     -1.3      14.9       1.2      13.9 
4260 0.736803 -0.414452 -0.534182 
 46437.3  10490.1      0.0     43.3     -0.1     28.9 
     0.8     26.9     -0.1     57.7  25508.3  26284.6 
     -7.5      54.5      10.3      47.7 
     -1.7      22.0       1.2      15.8 
     -1.7      16.0       1.3      12.1 
     -1.3      15.3       1.3      12.0 
4261 0.690099 -0.443635 -0.571796 
 43522.9  11204.5      0.0     43.3     -0.1     28.9 
     0.6     27.4     -0.1     57.7  23323.9  24064.3 
     -7.0      55.2       9.9      52.1 
     -1.8      21.5       1.4      16.4 
     -1.6      16.2       1.3      13.3 
     -1.4      15.4       1.4      13.1 
4262 0.632842 -0.474632 -0.611748 
 40644.4  12184.7      0.0     43.3     -0.1     28.9 
     0.2     27.8     -0.1     57.7  21414.4  22145.8 
     -7.9      52.1       8.6      46.4 
     -2.1      21.6       1.6      15.1 
     -2.0      16.1       1.4      11.0 
     -2.1      15.7       1.7      10.7 
4263 0.562936 -0.506642 -0.653006 
 37994.4  13669.5      0.0     43.3     -0.1     28.9 
     0.3     28.2     -0.1     57.7  19751.5  20506.8 
     -7.0      52.1       8.3      47.5 
     -2.3      21.9       1.7      15.7 
     -1.9      16.2       1.3      12.0 
     -2.1      16.0       1.8      11.8 
4264 0.478468 -0.538276 -0.693778 
 35981.0  15493.9      0.0     43.3     -0.1     28.9 
     0.1     28.5     -0.5      7.3  18159.1  19036.9 
     -7.1      49.9       7.4      46.9 
     -2.3      21.8       1.6      14.1 
     -1.8      16.4       1.5       9.4 
     -2.2      16.2       1.6       8.8 
4265 0.378295 -0.567442 -0.731370 
 34151.6  18111.0      0.0     43.3     -0.1     28.9 
    -0.3     29.0     -0.4     19.2  17137.3  17954.5 
     -5.8      49.7       5.2      46.1 
     -2.5      22.2       2.0      14.4 
     -2.4      16.7       1.6      10.7 
     -2.2      16.5       1.7      10.1 
4266 0.262862 -0.591440 -0.762300 
 32926.1  18857.5      0.0     43.3      0.0      5.6 
    -0.1     29.2     -0.4     31.9  16304.6  17005.0 
     -7.8      51.0       3.4      47.3 
     -2.6      21.6       1.4      10.7 
     -2.5      16.6       1.5       7.0 
     -2.7      16.5       1.4       6.0 
4267 0.134975 -0.607388 -0.782855 
 32078.9  18445.8      0.0     43.3     -0.4     16.0 
     0.1     29.4     -0.6     44.6  15562.1  16197.8 
     -9.4      50.7       0.7      53.0 
     -2.8      22.1       0.9       7.0 
     -2.1      16.6       0.7       3.5 
     -2.5      16.7       0.9       3.1 
4268 -0.000000 -0.612997 -0.790085 
 31906.6  18388.0      0.0     43.3     -0.2     26.0 
    -0.1     29.4     -0.1     54.7  15406.2  16116.6 
     -9.7      53.9      -1.4      68.0 
     -3.0      21.5       0.7      10.9 
     -2.2      16.5      -0.0       3.2 
     -2.5      16.5       0.2       2.4 
4269 -0.067953 -0.611580 -0.788259 
 31898.1  18289.4      0.0     43.3      1.1     21.7 
    -0.1     29.3      1.1     50.5  15654.9  16284.3 
     -8.6      52.5      -0.4      59.1 
     -2.5      21.8      -0.3       7.5 
     -2.4      16.6      -0.1       2.2 
     -2.5      16.5      -0.3       1.6 
4270 -0.134975 -0.607388 -0.782855 
 32192.2  18628.1      0.0     43.3      0.4     16.1 
    -0.3     29.3      0.6     44.5  15911.0  16592.7 
     -7.7      53.3      -3.8      55.6 
     -2.8      21.5      -0.6       6.5 
     -2.3      16.8      -0.5       3.7 
     -2.5      16.6      -0.6       3.0 
4271 -0.200196 -0.600588 -0.774091 
 32257.3  18673.0      0.0     43.3      0.3     10.2 
     0.1     29.2      0.6     38.3  15882.8  16577.4 
     -8.5      52.1      -4.2      50.0 
     -2.5      21.6      -0.8       8.1 
     -2.1      16.3      -0.7       5.2 
     -2.5      16.6      -0.9       4.4 
4272 -0.262862 -0.591440 -0.762300 
 32887.4  18834.1      0.0     43.3     -0.1      5.5 
    -0.0     29.1      0.4     31.9  16037.6  16813.8 
     -7.4      51.0      -4.1      47.6 
     -2.6      21.6      -1.0      10.8 
     -2.4      16.5      -1.0       6.9 
     -2.5      16.5      -1.1       6.0 
4273 -0.322373 -0.580271 -0.747905 
 33428.3  18961.3      0.0     43.3     -3.9      8.8 
     0.4     28.9      0.3     25.6  16749.2  17281.1 
     -6.2      50.5      -5.7      48.4 
     -2.7      21.4      -1.7      12.8 
     -2.2      16.5      -1.3       9.2 
     -2.4      16.5      -1.4       8.3 
4274 -0.378295 -0.567442 -0.731370 
 34347.3  18122.9      0.0     43.3     -0.1     28.9 
     0.0     28.8      0.5     19.2  17243.9  17957.9 
    -10.7      54.9      -5.4      47.5 
     -2.9      21.6      -1.9      14.6 
     -2.2      16.6      -1.3      10.9 
     -2.1      16.4      -1.4       9.9 
4275 -0.430364 -0.553325 -0.713175 
 34994.6  16843.0      0.0     43.3     -0.1     28.9 
     0.0     28.9      0.2     13.0  17681.5  18576.0 
     -9.0      52.1      -6.6      47.1 
     -2.6      21.7      -1.8      14.4 
     -1.9      16.6      -1.5      10.3 
     -2.5      16.3      -1.7       9.6 
4276 -0.478468 -0.538276 -0.693778 
 35802.8  15490.3      0.0     43.3     -0.1     28.9 
     0.3     28.6      0.5      7.4  18316.8  18923.9 
     -8.7      51.9      -5.1      46.3 
     -2.5      21.3      -1.7      13.3 
     -1.9      16.4      -1.4       9.4 
     -2.2      16.3      -1.4       8.9 
4277 -0.562936 -0.506642 -0.653006 
 38103.0  13473.3      0.0     43.3     -0.1     28.9 
     0.4     28.2     -0.1     57.7  19447.1  20239.5 
     -6.6      54.9      -5.5      46.4 
     -2.3      21.9      -1.8      15.5 
     -1.9      16.4      -1.3      12.0 
     -2.3      16.1      -1.7      11.7 
4278 -0.632842 -0.474632 -0.611748 
 40691.1  11987.8      0.0     43.3     -0.1     28.9 
     0.3     27.8     -0.1     57.7  21386.1  21935.7 
     -7.5      55.7      -8.8      47.3 
     -1.8      21.6      -1.1      14.8 
     -1.8      16.2      -1.3      10.9 
     -1.9      15.5      -1.4      10.6 
4279 -0.690099 -0.443635 -0.571796 
 43486.7  11176.3      0.0     43.3     -0.1     28.9 
     0.3     27.2     -0.1     57.7  23379.9  24045.7 
     -6.3      53.6      -8.8      45.8 
     -2.0      22.2      -1.1      16.7 
     -1.6      16.4      -1.0      13.2 
     -1.6      15.3      -1.3      13.1 
4280 -0.736803 -0.414452 -0.534182 
 46433.1  10542.3      0.0     43.3     -0.1     28.9 
     0.3     26.9     -0.1     57.7  24976.4  25894.0 
     -8.0      54.8      -9.8      42.4 
     -2.0      21.5      -1.3      15.7 
     -1.6      16.3      -1.0      12.0 
     -1.6      15.2      -1.1      11.9 
4281 -0.774912 -0.387456 -0.499388 
 49483.2   9906.6      0.0     43.3     -0.1     28.9 
     0.7     26.7     -0.1     57.7  27169.5  28182.1 
     -5.0      54.6      -8.8      42.2 
     -1.4      21.8      -1.1      17.0 
     -1.5      16.0      -1.2      14.0 
     -1.5      14.8      -1.0      14.1 
4282 -0.806111 -0.362750 -0.467544 
 52784.1   9607.4      0.0     43.3     -0.1     28.9 
     0.9     26.3     -0.1     57.7  29171.3  30176.5 
     -6.4      54.6      -7.6      40.3 
     -1.4      21.5      -1.0      16.0 
     -1.6      16.0      -0.9      12.7 
     -1.4      14.7      -0.9      12.6 
4283 -0.831783 -0.340275 -0.438577 
 56522.8   9275.2      0.0     43.3     -0.1     28.9 
     0.6     26.1     -0.1     57.7  31571.7  32718.1 
     -5.5      56.5      -7.6      38.8 
     -1.7      21.7      -1.2      17.6 
     -1.6      15.9      -1.1      14.5 
     -1.5      14.8      -1.0      14.6 
4284 -0.853040 -0.319890 -0.412303 
 59931.3   9132.0      0.0     43.3     -0.1     28.9 
     0.6     25.6     -0.1     57.7  33987.6  35192.9 
     -5.1      57.8      -6.5      37.0 
     -1.3      21.6      -1.0      16.6 
     -1.1      15.9      -0.8      13.3 
     -1.5      14.9      -1.1      13.0 
4285 -0.870759 -0.301417 -0.388493 
 63644.0   9051.4      0.0     43.3     -0.1     28.9 
     1.0     25.6     -0.1     57.7  36519.3  38004.4 
     -4.7      58.4      -5.6      38.6 
     -1.2      21.6      -1.1      17.9 
     -1.2      15.9      -0.6      14.8 
     -1.0      14.9      -1.0      15.1 
4286 -0.885633 -0.284668 -0.366905 
 67620.7   8963.3      0.0     43.3     -0.1     28.9 
     0.8     25.3     -0.1     57.7  38946.3  40034.8 
     -5.5      64.9      -7.3      37.2 
     -1.4      21.3      -1.0      16.4 
     -1.2      16.0      -0.7      13.5 
     -1.2      15.0      -0.9      13.1 
4287 0.467453 -0.841416 -0.271123 
 91575.0  13763.1      0.0     43.3     -0.1     28.9 
     0.0     86.6     -0.1     57.7  54994.4  56960.3 
    -10.7      54.3      11.3      55.6 
     -2.3      23.7       1.2      15.9 
     -1.4      18.7       0.8      10.6 
     -1.7      18.1       0.8       9.6 
4288 0.429723 -0.859446 -0.276932 
 89666.8  13667.9      0.0     43.3     -0.1     28.9 
     0.0     86.6     -0.1     57.7  52706.8  54633.2 
    -12.8      56.6      10.8      61.5 
     -2.5      24.2       1.5      17.2 
     -1.5      18.8       0.9      12.0 
     -2.2      18.7       1.3      11.2 
4289 0.389600 -0.876600 -0.282460 
 87948.8  13467.7      0.0     43.3     -0.1     28.9 
     0.0     86.6     -0.1     57.7  52473.2  53627.7 
    -10.8      50.6      11.4      61.8 
     -2.6      23.6       1.4      15.5 
     -1.8      19.3       1.0       9.6 
     -1.9      19.1       1.0       8.8 
4290 0.347131 -0.892622 -0.287623 
 86419.9  13237.2      0.0     43.3     -0.1     28.9 
     0.0     86.6     -0.1     57.7  50874.1  52459.2 
     -9.4      50.4      11.6      66.3 
     -2.3      24.7       1.5      17.1 
     -2.2      19.6       1.4      11.7 
     -2.0      19.0       1.4      10.5 
4291 0.302414 -0.907242 -0.292333 
 85003.8  13069.5      0.0     43.3     -0.1     28.9 
     0.0     86.6     -0.1     57.7  50208.7  51522.5 
    -11.9      53.1       9.8      67.4 
     -2.4      24.2       1.1      15.2 
     -2.1      19.2       1.0       8.4 
     -2.2      19.5       1.0       7.5 
4292 0.255608 -0.920190 -0.296506 
 83558.8  12865.2      0.0     43.3     -0.1     28.9 
     0.0     86.6     -0.1     57.7  49236.8  50709.8 
    -13.0      52.1       9.0      65.4 
     -2.3      24.4       2.0      17.2 
     -2.4      20.0       1.3      11.5 
     -1.9      19.6       1.2      10.5 
4293 0.206935 -0.931206 -0.300055 
 82839.4  12785.2      0.0     43.3     -0.1     28.9 
     0.0     86.6     -0.9      3.4  48497.5  50074.9 
    -10.6      50.7       6.3      72.5 
     -2.8      24.6       1.2      14.8 
     -2.1      19.7       1.0       7.2 
     -2.4      19.8       1.0       6.0 
4294 0.156676 -0.940054 -0.302906 
 82157.0  12631.3      0.0     43.3     -0.1     28.9 
     0.0     86.6     -0.8     16.0  48172.0  49441.6 
    -13.1      55.1       4.6      68.7 
     -2.4      25.0       1.5      17.1 
     -2.8      20.2       1.6      11.6 
     -2.4      20.0       1.5      10.6 
4295 0.105170 -0.946530 -0.304993 
 81334.3  12593.8      0.0     43.3     -1.1      2.5 
     0.0     86.6     -1.1     29.5  48108.7  49067.4 
    -13.7      52.5      -1.2      72.4 
     -3.0      24.8       1.1      14.6 
     -2.6      20.0       0.9       5.4 
     -2.7      20.0       0.9       4.1 
4296 0.052804 -0.950480 -0.306266 
 81176.1  12518.4      0.0     43.3     -1.6     14.3 
     0.0     86.6     -1.5     42.8  47232.2  48804.0 
    -11.2      51.7       1.8      79.6 
     -2.4      24.3       0.6      16.5 
     -2.4      20.2       0.4       3.3 
     -2.6      19.8       0.4       2.3 
4297 -0.000000 -0.951808 -0.306694 
 80746.8  12473.2      0.0     43.3     -0.0     25.1 
     0.0     86.6     -0.0     53.4  46896.5  48412.9 
    -11.2      53.1       2.2      83.2 
     -3.4      24.4       0.4      31.8 
     -2.2      20.1       0.3       9.6 
     -2.5      20.1       0.2       4.2 
4298 -0.026430 -0.951476 -0.306587 
 81231.9  12564.7      0.0     43.3      2.2     20.6 
     0.0     86.6      2.1     49.2  47410.8  48589.1 
    -14.2      55.0      -1.6      79.6 
     -2.9      25.0       0.3      24.5 
     -2.6      20.1       0.3       5.4 
     -2.8      19.8       0.0       2.1 
4299 -0.052804 -0.950480 -0.306266 
 81130.5  12487.9      0.0     43.3      1.6     14.4 
     0.0     86.6      1.6     42.8  47642.3  49196.1 
    -15.7      55.4      -2.0      77.3 
     -3.2      24.5      -0.4      16.5 
     -2.4      20.0      -0.3       3.7 
     -2.4      20.2      -0.2       2.5 
4300 -0.079069 -0.948828 -0.305734 
 81182.1  12561.9      0.0     43.3      1.4      7.8 
     0.0     86.6      1.3     36.1  47913.3  49303.3 
    -11.7      53.2      -1.2      73.9 
     -3.3      24.8      -0.5      15.1 
     -2.5      20.2      -0.3       4.3 
     -2.8      19.9      -0.5       3.1 
4301 -0.105170 -0.946530 -0.304993 
 81513.5  12596.3      0.0     43.3      1.0      2.4 
     0.0     86.6      1.4     29.6  47399.3  48896.8 
    -13.6      53.2       0.2      69.2 
     -3.0      24.8      -1.1      14.7 
     -2.7      20.2      -0.6       5.2 
     -2.5      20.2      -0.6       4.1 
4302 -0.131055 -0.943599 -0.304049 
 81660.6  12622.5      0.0     43.3     -0.1     28.9 
     0.0     86.6      1.3     22.8  47624.7  48938.6 
    -12.6      53.1      -3.6      73.2 
     -2.9      24.4      -1.7      17.1 
     -2.4      20.0      -1.3      10.6 
     -2.5      20.1      -1.2       9.4 
4303 -0.156676 -0.940054 -0.302906 
 81999.9  12708.3      0.0     43.3     -0.1     28.9 
     0.0     86.6      1.1     16.1  47950.0  49495.3 
    -13.9      51.7      -5.6      69.8 
     -3.3      24.8      -1.7      17.9 
     -2.3      20.0      -1.2      11.4 
     -2.6      20.1      -1.1      10.5 
4304 -0.181983 -0.935915 -0.301572 
 82166.5  12728.7      0.0     43.3     -0.1     28.9 
     0.0     86.6      1.0      9.3  48250.3  49965.6 
    -13.2      52.1      -3.3      67.5 
     -2.8      24.3      -1.5      15.3 
     -2.3      19.8      -1.0       9.2 
     -2.5      19.7      -1.0       8.2 
4305 -0.206935 -0.931206 -0.300055 
 83032.0  12876.3      0.0     43.3     -0.1     28.9 
     0.0     86.6      1.0      3.4  48818.4  50503.6 
    -11.4      52.9      -4.7      68.8 
     -3.0      24.7      -1.1      16.0 
     -1.8      19.9      -0.7       7.2 
     -2.0      20.0      -0.7       6.1 
4306 -0.255608 -0.920190 -0.296506 
 83739.8  13011.3      0.0     43.3     -0.1     28.9 
     0.0     86.6     -0.1     57.7  49445.5  50452.9 
    -12.1      53.5      -2.2      69.9 
     -2.7      24.4      -1.3      17.0 
     -2.1      20.0      -0.9      11.5 
     -2.2      19.8      -1.1      10.5 
4307 -0.302414 -0.907242 -0.292333 
 84940.2  13109.0      0.0     43.3     -0.1     28.9 
     0.0     86.6     -0.1     57.7  49724.1  51086.1 
    -12.9      53.9      -6.5      62.3 
     -2.6      24.1      -1.1      15.1 
     -2.0      19.5      -0.8       8.6 
     -2.3      19.2      -0.9       7.4 
4308 -0.347131 -0.892622 -0.287623 
 86329.8  13388.5      0.0     43.3     -0.1     28.9 
     0.0     86.6     -0.1     57.7  51432.9  52902.1 
    -12.6      54.4      -8.2      62.1 
     -2.5      24.1      -1.6      16.7 
     -1.8      19.8      -0.9      11.8 
     -1.7      19.2      -1.0      10.5 
4309 -0.389600 -0.876600 -0.282460 
 87805.7  13513.0      0.0     43.3     -0.1     28.9 
     0.0     86.6     -0.1     57.7  52390.1  53666.1 
    -13.8      55.8      -7.3      58.8 
     -2.0      24.2      -0.9      16.1 
     -1.9      19.5      -0.9       9.8 
     -2.0      18.9      -0.7       8.7 
4310 -0.429723 -0.859446 -0.276932 
 89397.3  13595.9      0.0     43.3     -0.1     28.9 
     0.0     86.6     -0.1     57.7  53181.6  55236.2 
    -12.0      50.7      -5.9      53.7 
     -2.5      23.9      -1.4      17.6 
     -2.0      19.3      -0.8      12.2 
     -1.9      18.8      -1.0      11.3 
4311 -0.467453 -0.841416 -0.271123 
 91533.3  13697.0      0.0     43.3     -0.1     28.9 
     0.0     86.6     -0.1     57.7  54635.1  56149.2 
    -12.1      56.6      -6.4      47.4 
     -2.2      24.1      -1.1      15.8 
     -1.8      18.9      -0.7      10.7 
     -1.9      18.2      -0.8       9.7 
4312 -0.502792 -0.822750 -0.265108 
 93705.8  13644.8      0.0     43.3     -0.1     28.9 
     0.0     86.6     -0.1     57.7  56184.1  57513.6 
    -10.7      53.5      -6.2      50.8 
     -2.3      24.0      -1.3      17.5 
     -1.5      18.4      -0.7      12.4 
     -1.5      18.1      -0.5      12.1 
4313 -0.535778 -0.803668 -0.258960 
 95802.9  13633.5      0.0     43.3     -0.1     28.9 
     0.0     86.6     -0.1     57.7  57886.8  58995.1 
    -10.4      53.8      -5.6      46.8 
     -2.2      23.1      -1.1      15.6 
     -1.8      18.2      -0.7      11.2 
     -1.8      17.6      -0.7      10.7 
4314 -0.566482 -0.784360 -0.252738 
 98298.8  13151.3      0.0     43.3     -0.1     28.9 
     0.0     86.6     -0.1     57.7  59813.8  61367.4 
    -11.6      56.6      -4.6      42.2 
     -2.0      23.3      -1.1      17.6 
     -1.4      18.1      -0.5      13.0 
     -1.4      17.3      -0.5      12.7 
4315 -0.594996 -0.764995 -0.246498 
100648.8  12873.6      0.0     43.3     -0.1     28.9 
     0.0     86.6     -0.1     57.7  61321.2  63090.3 
    -10.1      53.4      -4.7      41.7 
     -2.5      24.1      -1.4      16.4 
     -1.5      17.7      -0.7      12.0 
     -2.0      17.3      -0.9      11.7 
