Dot1_100x25x150_dj0599ax32:BPix@-500V,3.8T@90deg,263K,rhe=1.10,rhh=0.7          
   303   1  3.80  59   5  29   0  500.00  263.00   12.70 1.00000   500.0    -.07   21.57  100.000   25.000  150.000   500.0    -.03   10.78    1.50    1.00     .85
  1001   .000000   .000000 -1.000000
   8511.0   6091.3       .0     28.3      9.4      3.0
       .1     56.9     10.9      8.9   3750.0   3750.0
       1.9      42.4       -.7      18.3
        .0       5.0      -1.9       4.6
        .0       5.0      -2.2       4.0
        .1       5.0      -2.8       3.6
  1002   .000000  -.164399  -.986394
   8602.2   6177.8     -2.4     24.5      9.3      3.7
     -2.3     53.2     11.0      8.9   3000.0   3750.0
      -7.0      39.8       -.6      18.3
      -2.8       5.0      -1.8       4.8
      -3.1       5.0      -2.3       4.0
      -3.3       5.0      -2.8       3.8
  1003   .000000  -.316228  -.948683
   8906.8   6493.3     -3.7     20.1      9.2      3.3
     -3.6     48.6     11.0      8.8   3750.0   3750.0
      -7.8      31.6      -1.0      17.6
      -5.4       6.9      -1.8       4.7
      -4.9       5.1      -1.2       4.2
      -6.0       5.6      -2.7       3.9
  1004   .000000  -.447214  -.894427
   9426.7   6767.6     -5.1     15.8      9.3      3.8
     -4.6     43.7     11.3      8.7   3750.0   3750.0
      -8.8      28.8       -.2      18.9
      -7.4       9.6      -1.5       4.7
      -7.9       7.9      -1.9       4.1
      -8.9       8.2      -2.6       3.9
  1005   .000000  -.554700  -.832050
  10109.6   7216.7     -6.5     11.6      9.5      3.2
     -5.5     38.5     11.6      8.5   3750.0   4500.0
     -11.5      31.2        .0      19.4
     -10.2      13.3      -1.5       5.0
      -9.9      10.3      -1.8       4.2
     -10.5      10.1      -2.4       3.9
  1006   .000000  -.640184  -.768221
  10912.2   7395.2     -9.5     10.0      9.8      3.0
     -6.4     33.1     11.9      8.1   4500.0   4500.0
     -14.5      35.9        .2      20.9
     -11.5      15.6      -1.2       5.0
     -12.6      12.3      -1.6       4.1
     -13.3      12.1      -2.3       3.9
  1007   .000000  -.707107  -.707107
  11861.5   7165.8    -14.5      8.3     10.1      2.6
     -6.6     27.2     12.4      7.9   5250.0   5250.0
     -19.2      38.1        .2      21.1
     -15.7      19.3      -1.0       5.2
     -16.0      15.0      -1.4       4.2
     -16.0      13.8      -2.0       4.0
  1008   .000000  -.759257  -.650791
  12925.9   7380.4    -20.5      9.4     10.4      4.2
     -7.2     21.7     12.6      7.6   6000.0   6000.0
     -21.1      40.0       1.0      22.0
     -17.8      22.4       -.9       5.5
     -18.2      16.5       -.9       4.2
     -19.3      15.8      -2.0       3.9
  1009   .000000  -.800000  -.600000
  14079.3   7197.3       .0     28.9     10.6      2.1
     -8.1     16.4     12.9      7.4   6750.0   6750.0
     -21.6      41.9        .8      24.6
     -18.9      22.2       -.5       5.5
     -18.3      17.0      -1.2       4.2
     -21.1      16.3      -1.5       4.0
  1010   .000000  -.832050  -.554700
  15237.9   7063.8       .0     28.9     11.1      5.2
     -9.4     12.3     13.2      7.3   7500.0   7500.0
     -20.0      38.6       2.0      24.6
     -17.2      21.7       -.5       6.3
     -16.9      16.2       -.9       4.2
     -20.3      16.8      -1.3       3.9
  1011   .000000  -.857493  -.514496
  16403.6   7086.6       .0     28.9     10.9      6.6
    -12.8     10.6     13.4      7.0   8250.0   8250.0
     -21.7      34.8       1.1      24.1
     -15.7      18.4       -.4       5.9
     -16.7      16.0       -.6       4.1
     -18.4      15.9      -1.3       4.0
  1012   .000000  -.877896  -.478852
  17653.2   6914.6       .0     28.9     11.1      1.5
    -18.3     10.0     13.5      6.9   9000.0   9000.0
     -20.7      31.5       1.9      27.0
     -17.3      18.5       -.3       6.8
     -17.4      16.1       -.4       4.2
     -18.5      16.0      -1.1       4.0
  1013   .000000  -.894427  -.447214
  18966.5   6982.3       .0     28.9     11.4      1.4
       .0     57.7     13.7      6.8   9750.0   9750.0
     -20.8      33.5       2.0      28.6
     -17.2      17.7        .0       7.4
     -17.4      14.8       -.5       4.2
     -18.9      14.9      -1.0       4.1
  1014   .000000  -.907959  -.419058
  20265.2   6860.9       .0     28.9     11.6      1.1
       .0     57.7     13.8      6.7  10500.0  11250.0
     -20.5      34.6       2.2      29.2
     -17.2      17.7        .1       8.0
     -17.0      14.4       -.3       4.2
     -19.0      13.7       -.9       4.0
  1015   .000000  -.919145  -.393919
  21495.6   6902.5       .0     28.9     11.7      1.1
       .0     57.7     13.9      6.6  11250.0  12000.0
     -20.3      30.3       2.2      30.0
     -17.3      18.1        .2       8.3
     -17.4      15.7       -.1       4.1
     -19.2      15.1       -.8       4.2
  1016   .000000  -.928477  -.371391
  22828.6   6812.7       .0     28.9     11.8       .9
       .0     57.7     13.9      6.5  12750.0  12750.0
     -22.2      32.4       2.8      32.3
     -18.1      18.9        .1       9.4
     -18.0      16.7       -.2       4.2
     -20.1      16.7       -.7       4.0
  1017   .000000  -.936329  -.351123
  24257.8   6828.9       .0     28.9     11.9       .8
       .0     57.7     14.2      6.4  13500.0  14250.0
     -22.0      31.1       2.2      32.7
     -18.2      18.3        .5      10.1
     -18.5      15.5        .1       4.1
     -19.8      16.0       -.5       3.9
  1018   .000000  -.942990  -.332820
  25571.3   6732.8       .0     28.9     12.0       .7
       .0     57.7     14.1      6.4  14250.0  15000.0
     -23.0      31.6       2.9      35.3
     -18.4      18.1        .4      11.2
     -18.5      14.9       -.1       4.3
     -19.9      14.7       -.5       4.0
  1019   .000000  -.948683  -.316228
  26862.1   6906.3       .0     28.9     11.9       .9
       .0     57.7     14.2      6.4  15750.0  15750.0
     -21.1      32.2       3.7      30.9
     -18.1      18.4        .5      10.7
     -18.4      16.2        .2       4.4
     -20.0      15.4       -.5       4.0
  1020   .000000  -.953583  -.301131
  28325.8   6775.5       .0     28.9     12.3       .4
       .0     57.7     14.3      6.3  16500.0  17250.0
     -23.2      31.9       3.5      34.5
     -19.1      19.6        .8      11.7
     -19.0      17.0        .3       4.5
     -20.6      17.1       -.3       3.9
  1021   .000000  -.957826  -.287348
  29614.4   6824.0       .0     28.9     11.4      1.2
       .0     57.7     14.4      6.3  17250.0  18000.0
     -23.0      32.1       2.9      36.0
     -19.0      18.5        .9      12.5
     -19.1      16.1        .3       4.4
     -20.6      16.6       -.2       4.0
  1022   .000000  -.961524  -.274721
  31116.6   6844.2       .0     28.9      1.3     40.4
       .0     57.7     14.3      6.2  18750.0  18750.0
     -22.9      32.8       3.0      37.6
     -19.1      18.5       1.1      14.1
     -19.0      15.6        .3       4.3
     -20.3      15.0       -.2       4.3
  1023   .000000  -.964764  -.263117
  32331.0   6786.1       .0     28.9     10.8      7.2
       .0     57.7     14.4      6.2  19500.0  19500.0
     -24.0      33.2       3.9      36.5
     -18.7      18.8       1.0      13.7
     -19.1      16.2        .4       4.4
     -20.8      15.9       -.1       4.3
  1024   .000000  -.967617  -.252422
  33757.4   6800.2       .0     28.9     10.8      7.2
       .0     57.7     14.4      6.1  20250.0  21000.0
     -23.0      32.9       2.9      36.9
     -19.9      19.4        .7      14.8
     -19.8      17.3        .5       4.4
     -21.2      17.5       -.1       4.1
  1025   .000000  -.970142  -.242536
  35118.8   6887.7       .0     28.9     10.8      7.2
       .0     57.7     14.5      6.1  21750.0  22500.0
     -23.3      29.9       2.3      37.3
     -20.0      19.2       1.2      15.3
     -19.7      16.4        .5       4.5
     -21.7      16.7        .0       4.0
  1026   .000000  -.972387  -.233373
  36619.8   6764.2       .0     28.9     10.8      7.2
       .0     57.7     14.5      6.1  22500.0  23250.0
     -23.8      34.0       1.9      38.9
     -19.6      18.6       1.0      15.6
     -19.3      15.7        .5       4.7
     -21.1      15.4        .0       4.1
  1027   .000000  -.974391  -.224860
  37970.9   6806.0       .0     28.9     10.8      7.2
       .0     57.7     14.5      6.0  23250.0  24000.0
     -22.1      30.8       4.6      39.6
     -19.7      19.0       1.0      16.1
     -19.1      16.7        .6       4.6
     -20.6      16.4        .1       4.5
  1028   .000000  -.976187  -.216930
  39387.2   6805.9       .0     28.9     10.8      7.2
       .0     57.7     14.6      6.0  24750.0  25500.0
     -24.0      32.3       4.4      41.4
     -20.0      19.7       1.0      15.9
     -20.0      17.6        .6       4.7
     -21.6      17.8        .1       4.1
  1029   .000000  -.977802  -.209529
  40749.4   6839.5       .0     28.9     10.8      7.2
       .0     57.7     14.7      6.0  25500.0  26250.0
     -24.6      32.5       3.3      40.8
     -20.1      19.1       1.2      17.5
     -20.2      17.0        .7       5.3
     -21.7      17.2        .2       4.4
  1030   .000000  -.979260  -.202606
  42153.6   6858.7       .0     28.9     10.8      7.2
       .0     57.7     14.6      6.0  27000.0  27750.0
     -22.4      29.7       5.3      42.0
     -20.3      18.6       1.6      17.6
     -20.2      15.7        .6       4.9
     -21.4      15.6        .2       4.2
  1031   .000000  -.980581  -.196116
  43648.8   6821.3       .0     28.9     10.8      7.2
       .0     57.7     14.7      5.9  27750.0  28500.0
     -23.1      31.5       2.7      42.6
     -20.0      19.2       1.7      17.8
     -20.0      16.8        .8       5.2
     -20.6      16.7        .2       4.7
  1032   .000000  -.981780  -.190022
  44975.0   6747.3       .0     28.9     10.8      7.2
       .0     57.7     14.6      5.9  29250.0  30000.0
     -23.5      31.4       2.8      44.1
     -20.7      20.0       1.3      18.6
     -20.6      17.8        .7       4.8
     -21.8      18.0        .3       4.7
  1033   .000000  -.982872  -.184289
  46490.1   6833.1       .0     28.9     10.8      7.2
       .0     57.7     14.8      5.9  29250.0  30750.0
     -24.6      29.9       4.0      41.3
     -20.7      19.3       1.6      19.1
     -20.9      16.9        .7       5.4
     -21.7      17.2        .4       4.5
  1034   .000000  -.983870  -.178885
  47776.1   6783.7       .0     28.9     10.8      7.2
       .0     57.7     14.8      5.9  31500.0  32250.0
     -25.6      34.5       5.8      42.4
     -20.3      18.4       1.6      19.2
     -20.3      16.1        .9       5.1
     -21.6      15.7        .4       4.4
  1035   .000000  -.984784  -.173785
  49314.0   6874.3       .0     28.9     10.8      7.2
       .0     57.7     14.8      5.9  32250.0  33000.0
     -25.5      32.3       1.9      45.3
     -20.0      19.1       1.8      20.1
     -20.3      16.9        .9       5.4
     -20.9      16.5        .4       4.1
  1036   .000000  -.985622  -.168964
  50717.5   6806.1       .0     28.9     10.8      7.2
       .0     57.7     14.7      5.8  33000.0  33750.0
     -24.8      33.3       3.5      46.9
     -20.8      20.1       1.8      20.4
     -20.9      17.7        .9       6.1
     -21.6      17.9        .5       4.5
  1037   .000000  -.986394  -.164399
  52163.3   6871.5       .0     28.9     10.8      7.2
       .0     57.7     14.8      5.8  34500.0  35250.0
     -25.6      34.1       4.2      46.1
     -20.9      19.2       2.0      21.1
     -21.0      17.3        .9       5.3
     -22.0      17.6        .6       5.0
  1038   .000000  -.987105  -.160071
  53406.1   6824.9       .0     28.9     10.8      7.2
       .0     57.7     14.8      5.8  35250.0  36000.0
     -24.0      32.6       3.1      46.4
     -20.1      18.4       1.9      21.6
     -20.3      16.0        .9       5.3
     -22.1      15.7        .5       4.6
  1039   .000000  -.987763  -.155963
  55005.1   6844.9       .0     28.9     10.8      7.2
       .0     57.7     14.9      5.8  36750.0  37500.0
     -23.2      32.7       2.9      45.9
     -20.4      19.4       1.5      22.0
     -20.2      16.7        .9       5.5
     -21.6      16.6        .6       4.9
  1040   .000000  -.988372  -.152057
  56338.2   6842.5       .0     28.9     10.8      7.2
       .0     57.7     14.8      5.8  36750.0  38250.0
     -25.2      33.1       4.5      46.5
     -21.1      20.9       2.2      22.7
     -20.9      18.1       1.1       6.0
     -22.4      17.7        .6       5.1
  1041   .000000  -.988936  -.148340
  57861.2   6864.3       .0     28.9     10.8      7.2
       .0     57.7     14.9      5.8  39000.0  39750.0
     -24.4      33.4       6.1      46.1
     -21.1      19.6       1.6      23.9
     -21.0      17.3       1.1       6.6
     -22.4      17.5        .6       4.7
  1042   .000000  -.989461  -.144799
  59092.7   6842.2       .0     28.9     10.8      7.2
       .0     57.7     15.0      5.8  39750.0  40500.0
     -24.2      31.2       2.4      48.7
     -20.6      18.6       2.0      22.1
     -20.7      16.0       1.1       6.1
     -21.7      16.4        .7       4.6
  1043   .000000  -.989950  -.141421
  60626.3   6887.5       .0     28.9     10.8      7.2
       .0     57.7     14.9      5.7  40500.0  42000.0
     -24.5      32.4       7.1      49.5
     -20.9      19.4       1.8      23.9
     -20.7      17.0       1.1       6.4
     -21.6      16.4        .6       4.5
  1044   .000000  -.990405  -.138196
  62068.5   6913.7       .0     28.9     10.8      7.2
       .0     57.7     15.0      5.7  42000.0  42750.0
     -24.5      34.8       5.2      49.5
     -21.2      20.3       2.2      23.9
     -21.2      18.0       1.1       7.0
     -21.7      17.9        .7       4.2
  1045   .000000  -.990830  -.135113
  63414.7   6857.5       .0     28.9     10.8      7.2
       .0     57.7     14.9      5.7  43500.0  44250.0
     -23.1      30.0       3.4      49.6
     -21.0      19.5       2.2      24.7
     -21.6      17.2       1.2       7.0
     -22.7      17.8        .8       5.0
  1046   .000000  -.991228  -.132164
  64985.8   6853.9       .0     28.9     10.8      7.2
       .0     57.7     14.9      5.7  44250.0  45000.0
     -24.5      33.9        .6      50.4
     -21.0      18.5       2.3      24.4
     -20.9      16.4       1.2       7.0
     -22.0      16.1        .7       4.7
  1047   .000000  -.991600  -.129339
  66357.1   6903.6       .0     28.9     10.8      7.2
       .0     57.7     14.9      5.7  45000.0  46500.0
     -25.0      35.8       2.4      50.0
     -20.8      19.7       1.9      25.1
     -20.7      17.1       1.3       6.6
     -22.2      16.9        .7       5.4
  1048   .000000  -.991950  -.126632
  67688.2   6909.8       .0     28.9     10.8      7.2
       .0     57.7     14.9      5.7  46500.0  47250.0
     -24.0      33.2       6.8      50.0
     -21.6      20.4       1.8      25.3
     -21.6      18.2       1.2       7.1
     -22.2      18.2        .9       5.1
  1049   .000000  -.992278  -.124035
  69062.0   6897.8       .0     28.9     10.8      7.2
       .0     57.7     14.9      5.7  48000.0  48750.0
     -25.5      34.6       2.2      53.2
     -21.4      19.9       2.2      25.9
     -21.7      17.4       1.3       7.0
     -22.1      17.6        .9       4.8
  1050   .000000  -.992586  -.121541
  70683.4   6945.4       .0     28.9     10.8      7.2
       .0     57.7     15.1      5.7  48750.0  50250.0
     -22.2      25.7       4.7      51.8
     -21.0      18.9       1.9      26.4
     -20.9      16.3       1.3       7.2
     -22.3      16.4        .9       4.5
  1051   .000000  -.992877  -.119145
  72056.4   6878.2       .0     28.9     10.8      7.2
       .0     57.7     15.0      5.6  49500.0  51000.0
     -24.5      36.9       4.5      50.9
     -20.8      19.8       2.7      26.6
     -20.5      16.9       1.3       7.7
     -22.5      16.7        .8       5.2
  1052   .000000  -.993151  -.116841
  73588.6   6910.2       .0     28.9     10.8      7.2
       .0     57.7     15.0      5.7  50250.0  51750.0
     -24.1      33.7       2.9      55.4
     -21.7      20.4       2.1      26.2
     -21.2      18.1       1.3       7.8
     -22.8      18.8        .8       5.3
  1053   .000000  -.993409  -.114624
  74796.5   6873.1       .0     28.9     10.8      7.2
       .0     57.7     15.1      5.6  52500.0  53250.0
     -25.0      33.8       1.7      52.6
     -22.0      20.3       2.1      27.0
     -21.4      17.6       1.4       7.1
     -22.6      17.8       1.0       5.1
  1054   .000000  -.993653  -.112489
  76313.9   6848.7       .0     28.9     10.8      7.2
       .0     57.7     15.1      5.6  53250.0  54000.0
     -24.7      31.4       3.3      53.5
     -21.3      18.8       2.2      27.0
     -21.1      16.5       1.4       8.0
     -22.3      16.3       1.0       4.7
  1055   .000000  -.993884  -.110432
  77857.7   6873.3       .0     28.9     10.8      7.2
       .0     57.7     15.1      5.6  54000.0  55500.0
     -23.8      32.9       1.7      54.8
     -21.4      19.9       2.7      27.5
     -21.0      17.1       1.4       8.1
     -21.9      16.8       1.0       4.5
  1056   .000000  -.994102  -.108448
  79105.1   6857.3       .0     28.9     10.8      7.2
       .0     57.7     15.1      5.6  55500.0  56250.0
     -25.9      31.5       1.7      53.2
     -21.9      20.6       2.4      28.0
     -21.4      18.3       1.4       7.8
     -22.4      18.6        .8       4.9
  1057   .000000  -.994309  -.106533
  80530.6   6946.7       .0     28.9     10.8      7.2
       .0     57.7     15.0      5.6  56250.0  57750.0
     -24.7      31.1       3.4      53.1
     -22.1      20.1       2.4      27.9
     -21.7      17.6       1.4       8.2
     -22.9      17.7       1.1       5.2
  1058   .000000  -.994505  -.104685
  82073.3   6875.8       .0     28.9     10.8      7.2
       .0     57.7     15.1      5.6  57750.0  58500.0
     -25.7      28.9       5.3      53.0
     -21.6      18.9       1.8      28.8
     -21.1      16.3       1.5       8.5
     -22.6      17.3        .8       5.6
  1059   .000000  -.994692  -.102899
  83551.9   6834.7       .0     28.9     10.8      7.2
       .0     57.7     15.2      5.5  59250.0  60000.0
     -23.8      30.4       -.7      49.9
     -21.4      19.6       2.5      29.1
     -21.2      17.3       1.5       9.1
     -21.7      17.0       1.0       5.2
  1060   .600000   .000000  -.800000
  10293.7   3116.3       .0     28.1     37.9     30.8
       .0     56.8     18.2      4.9   3750.0   3750.0
      -3.3      46.3      10.5      18.9
       -.1       6.4       8.3       9.5
        .2       5.0       8.2       8.4
        .0       5.0       8.4       8.6
  1061   .554700   .000000  -.832050
  10012.6   3540.1       .1     28.0     10.8      7.2
       .1     56.7     16.5      4.4   3750.0   4500.0
      -1.2      46.0       9.0      18.4
       -.1       7.0       7.2       9.1
       -.1       5.0       7.2       7.5
       -.1       5.0       7.1       7.8
  1062   .503871   .000000  -.863779
   9682.9   4043.4       .2     28.1     19.9      5.2
       .2     56.8     15.6      5.1   3750.0   4500.0
       2.2      44.4       7.6      18.4
        .0       5.0       6.3       7.6
        .0       5.0       6.0       6.6
        .0       5.0       5.7       6.9
  1063   .447214   .000000  -.894427
   9432.1   5014.9       .1     28.0     16.5      5.6
       .1     56.8     15.1      6.7   3750.0   3750.0
       -.7      47.5       6.7      18.5
        .9       5.5       4.9       6.9
        .2       5.0       4.7       5.5
        .0       5.0       4.5       5.4
  1064   .384615   .000000  -.923077
   9241.0   6395.6      -.1     27.9     15.2      2.7
       .0     56.7     14.8      8.8   3750.0   3750.0
        .8      43.3       4.8      20.1
        .5       8.7       3.5       6.0
        .0       5.0       3.3       4.6
        .0       5.0       3.0       4.7
  1065   .351123   .000000  -.936329
   9096.9   7008.2      -.1     27.9     14.8      3.1
       .0     56.7     14.6      9.9   3750.0   3750.0
       3.9      41.6       4.8      20.7
        .5       5.0       2.9       5.4
        .0       5.0       2.5       4.0
        .0       5.0       2.2       4.1
  1066   .316228   .000000  -.948683
   9084.5   7350.0       .0     28.0     14.3      3.9
       .0     56.7     14.2     10.9   3750.0   3750.0
       1.2      43.9       4.7      21.2
        .3       5.0       2.0       4.8
        .0       5.0       1.9       3.5
        .0       5.0       1.5       3.6
  1067   .280000   .000000  -.960000
   9016.8   7296.4       .3     28.0     13.7      4.7
       .3     56.7     13.6     11.8   3750.0   3750.0
        .3      49.8       4.1      25.3
        .3       5.4       1.5       4.0
        .1       5.0       1.1       3.0
        .0       5.0        .9       3.0
  1068   .242536   .000000  -.970142
   8907.5   7286.9       .1     27.8     12.7      5.4
       .1     56.7     12.6     12.6   3750.0   3750.0
      -2.8      39.4       3.1      25.5
        .3       5.0       1.0       3.0
        .1       5.0       3.9       4.6
        .1       5.0        .9       3.0
  1069   .203954   .000000  -.978980
   8891.6   7250.7      -.2     27.9     11.9      5.7
      -.2     56.7     11.9     12.8   3750.0   3750.0
       -.9      43.8       3.0      27.3
       -.1       5.0        .9       3.0
        .3       5.0       5.1       4.7
        .0       5.0        .8       3.0
  1070   .164399   .000000  -.986394
   8756.6   7138.6       .1     27.9     11.6      5.5
       .1     56.8     11.6     12.6   3750.0   3750.0
      -1.0      42.6       2.7      25.9
        .1       5.0        .8       3.0
        .0       5.0        .6       3.0
       -.1       5.0        .6       3.0
  1071   .124035   .000000  -.992278
   8648.2   7055.2      -.2     28.0     11.7      4.9
      -.1     56.8     11.8     11.9   3750.0   3750.0
      -1.1      46.6       1.5      25.1
       -.2       5.1       1.0       3.4
        .2       5.0        .9       3.0
        .0       5.0        .7       3.0
  1072   .083045   .000000  -.996546
   8597.9   6647.3       .2     28.0     11.4      4.2
       .2     56.8     11.8     11.0   3750.0   3750.0
       4.7      42.8       1.4      20.0
        .3       5.0       -.1       3.7
        .1       5.0       -.3       3.2
        .1       5.0       -.5       3.0
  1073   .041631   .000000  -.999133
   8596.4   6310.1       .2     28.1     10.7      3.5
       .2     56.8     11.3      9.9   3750.0   3750.0
      -1.7      42.3       -.1      19.2
       -.1       6.5      -1.1       4.4
        .1       5.0      -1.4       3.6
        .0       5.0      -1.8       3.2
  1074   .000000   .000000 -1.000000
   8537.5   6119.0       .0     28.2      9.4      3.0
       .0     56.9     11.0      8.9   3000.0   3750.0
        .4      48.0      -1.1      19.1
        .3       6.0      -1.9       4.7
       -.2       5.0      -2.2       4.0
        .0       5.0      -2.8       3.6
  1075  -.041631   .000000  -.999133
   8523.0   5343.1       .0     28.1      7.7      2.7
       .1     56.9     10.5      8.0   3000.0   3000.0
        .8      45.8      -1.7      17.5
       -.1       5.0      -2.8       5.0
        .0       5.0      -3.1       4.4
        .0       5.0      -3.8       4.3
  1076  -.083045   .000000  -.996546
   8490.9   5279.4       .0     28.2      5.7      5.6
       .1     56.9     10.3      7.0   3000.0   3000.0
       3.8      42.5      -2.2      15.4
        .2       5.0      -3.8       5.7
        .1       5.0      -3.8       4.8
        .0       5.0      -4.6       4.9
  1077  -.124035   .000000  -.992278
   8496.0   4849.9       .0     28.1      1.7      4.6
       .0     56.9     10.0      6.1   3000.0   3000.0
       2.0      43.7      -3.1      14.8
        .0       5.0      -4.4       6.7
       -.1       5.0      -4.7       5.4
        .1       5.0      -5.2       5.6
  1078  -.164399   .000000  -.986394
   8483.7   4570.7       .0     28.3     -1.0      4.9
       .0     57.0      9.4      5.5   2250.0   3000.0
        .5      45.3      -3.0      14.3
        .4       5.0      -4.7       7.1
        .3       5.0      -5.0       6.1
        .0       5.0      -6.1       6.3
  1079  -.203954   .000000  -.978980
   8562.5   4351.4      -.1     28.2     -3.1      5.0
      -.1     57.0      8.6      5.0   2250.0   2250.0
      -4.1      46.4      -4.1      16.8
        .2       7.1      -4.5       7.7
        .0       5.0      -5.1       6.5
        .0       5.0      -6.9       7.0
  1080  -.242536   .000000  -.970142
   8555.5   3917.1       .2     28.1     -4.0      9.9
       .2     56.9      7.5      4.9   2250.0   2250.0
       2.4      46.2      -4.4      16.0
        .0       5.6      -4.6       8.0
        .1       5.0      -5.5       7.0
        .2       5.0      -7.9       7.6
  1081  -.280000   .000000  -.960000
   8579.2   3857.1      -.3     28.3     -4.1     14.2
      -.3     57.0      6.3      4.8   2250.0   2250.0
       2.0      46.8      -4.8      16.2
        .5       5.9      -4.6       8.3
        .0       5.0      -6.0       7.7
        .0       5.0      -9.3       8.7
  1082  -.316228   .000000  -.948683
   8585.4   3516.3       .1     28.3     -2.1     20.3
       .2     57.0      4.8      4.9   2250.0   2250.0
      -1.4      47.7      -5.3      16.5
       1.1       6.3      -5.0       9.0
        .1       5.0      -6.7       8.3
       -.1       5.0     -10.7       9.7
  1083  -.351123   .000000  -.936329
   8636.9   3423.2      -.1     28.2      1.4     25.4
       .0     57.0      2.8      5.5   2250.0   2250.0
      -2.0      49.9      -5.3      17.0
       -.2       7.0      -5.5       9.7
        .1       5.0      -7.8       9.2
        .1       5.0     -12.6      10.9
  1084  -.384615   .000000  -.923077
   8585.9   3207.0       .2     28.3      4.0     29.4
       .2     57.0       .7      6.8   2250.0   2250.0
        .3      42.9      -6.4      17.6
       -.1       6.3      -5.9      10.3
       -.6       5.0      -8.5      10.2
        .1       5.0     -14.7      12.4
  1085  -.447214   .000000  -.894427
   8634.3   2932.8       .0     28.4      7.6     35.1
       .0     57.1     -8.8      9.4   2250.0   2250.0
       2.6      46.3      -7.6      19.1
        .9       6.8      -7.6      12.2
        .1       5.0     -10.7      12.2
        .0       5.0     -17.6      16.0
  1086  -.503871   .000000  -.863779
   8604.7   2712.2      -.2     28.4     11.2     40.8
      -.2     57.1    -14.1      7.3   2250.0   2250.0
       1.5      47.5      -9.2      22.0
      -1.0       7.0      -9.6      14.2
        .1       5.0     -13.3      14.5
        .3       5.0     -20.4      21.2
  1087  -.554700   .000000  -.832050
   8611.1   2523.9       .0     28.5     11.7     44.7
       .0     57.1    -18.4     10.6   2250.0   2250.0
        .4      46.2     -10.6      23.4
       -.1       8.4     -11.7      16.8
       -.3       5.0     -17.1      18.1
       -.1       5.0     -22.1      26.4
  1088  -.600000   .000000  -.800000
   8630.0   2392.0       .0     28.3     13.8     48.2
       .0     57.0     10.8     14.4   2250.0   2250.0
       2.4      44.8     -11.5      26.6
       -.5       9.8     -14.2      19.7
       1.1       5.0     -20.7      20.5
        .5       5.0     -23.3      32.6
  1089   .468521  -.624695  -.624695
  12977.8   4025.1    -13.5     15.1     41.8     19.1
     -6.3     27.1     15.5      5.0   5250.0   5250.0
     -17.2      37.4       8.6      18.3
     -13.7      19.5       7.9       8.9
     -14.5      15.4       8.2       7.6
     -14.0      15.1       7.9       7.8
  1090   .426401  -.639602  -.639602
  12796.5   4630.1    -11.9      9.3     10.8      7.2
     -6.3     27.2     15.9      4.3   5250.0   5250.0
     -18.4      39.0       8.0      18.6
     -14.4      19.6       7.2       8.2
     -15.0      15.5       7.4       6.7
     -14.3      14.7       6.6       6.8
  1091   .381314  -.653682  -.653682
  12596.9   5507.9    -11.3      9.5     10.8      7.2
     -6.3     27.3     15.2      4.3   5250.0   5250.0
     -18.0      39.1       6.7      19.6
     -15.5      19.5       6.2       7.5
     -14.9      15.2       5.7       6.1
     -14.3      14.6       5.3       6.2
  1092   .333333  -.666667  -.666667
  12426.5   6609.7    -13.0      9.3     14.9      2.8
     -6.3     27.2     14.8      5.8   5250.0   5250.0
     -19.1      38.4       5.9      19.9
     -15.4      19.1       4.6       6.6
     -15.2      15.1       4.3       5.1
     -14.6      14.1       4.2       5.1
  1093   .282617  -.678280  -.678280
  12299.7   7384.9    -11.4     10.7     14.8      2.1
     -6.1     27.2     14.5      8.1   5250.0   5250.0
     -19.2      38.3       3.7      21.0
     -15.5      19.1       3.4       5.8
     -15.4      14.9       3.2       4.6
     -14.5      13.5       2.8       4.8
  1094   .256307  -.683486  -.683486
  12246.2   7608.5    -12.2     13.9     14.7      3.1
     -6.5     27.2     14.3      9.3   5250.0   6000.0
     -18.8      38.1       4.3      23.0
     -15.7      19.3       2.8       5.5
     -15.9      14.8       2.5       4.4
     -14.5      13.5       2.1       4.2
  1095   .229416  -.688247  -.688247
  12207.0   7534.5    -12.6      8.7     14.2      3.5
     -6.3     27.3     13.9     10.5   5250.0   6000.0
     -20.4      40.7       3.9      25.3
     -16.0      19.6       1.9       4.8
     -16.0      14.3       1.6       3.6
     -14.6      13.2       1.4       3.7
  1096   .201988  -.692532  -.692532
  12112.6   7540.3    -12.0      9.3     13.6      4.4
     -6.4     27.2     13.3     11.5   5250.0   6000.0
     -19.6      37.8       3.0      26.4
     -16.0      19.6       1.5       5.8
     -16.2      14.0       1.1       3.0
     -14.7      13.5        .9       3.1
  1097   .174078  -.696311  -.696311
  12125.5   7494.7    -11.8     12.5     12.6      5.3
     -6.5     27.1     12.5     12.4   5250.0   5250.0
     -19.9      38.0       2.0      31.1
     -15.8      20.1       1.4       5.8
     -15.9      13.8       1.1       3.0
     -15.0      13.4        .7       3.0
  1098   .145741  -.699557  -.699557
  12139.9   7472.1    -12.6      9.0     11.7      5.6
     -6.0     27.1     11.6     12.7   5250.0   5250.0
     -19.7      40.3       3.7      32.0
     -16.1      20.3       1.4       6.7
     -16.0      14.0        .9       3.0
     -14.9      13.4        .7       3.0
  1099   .117041  -.702247  -.702247
  12069.3   7401.8    -12.8      7.7     12.1      5.0
     -6.4     26.9     12.2     12.1   5250.0   5250.0
     -19.6      38.1       1.4      32.1
     -15.7      20.2       1.5       5.2
     -16.3      14.1       1.1       3.0
     -15.4      13.5        .9       3.0
  1100   .088045  -.704361  -.704361
  12028.2   7409.3    -13.0     12.2     12.4      4.3
     -6.3     27.1     12.6     11.3   5250.0   5250.0
     -19.4      38.2       3.1      28.8
     -15.8      20.1       2.0       5.3
     -16.6      14.3       1.4       3.0
     -15.7      13.3       1.2       3.0
  1101   .058824  -.705882  -.705882
  11893.3   7256.5    -13.1     10.1     12.4      3.4
     -6.7     27.2     12.7     10.3   5250.0   5250.0
     -20.9      38.3       2.2      26.8
     -16.6      18.9        .7       4.6
     -16.1      13.9        .4       3.4
     -15.7      13.4        .1       3.3
  1102   .029450  -.706800  -.706800
  11873.7   7277.7    -14.6      8.9     11.9      2.8
     -6.6     27.1     12.5      9.1   5250.0   5250.0
     -19.5      39.4       1.3      22.6
     -16.5      19.0       -.3       4.8
     -16.3      14.7       -.6       3.8
     -16.0      13.9       -.9       3.7
  1103   .000000  -.707107  -.707107
  11866.1   7096.7    -14.8      9.0     10.2      2.6
     -6.6     27.2     12.3      7.9   5250.0   5250.0
     -19.9      38.8       -.6      21.8
     -15.8      19.5      -1.0       5.0
     -16.1      14.8      -1.5       4.2
     -15.9      13.8      -2.0       3.9
  1104  -.029450  -.706800  -.706800
  11873.9   6919.6    -15.1      9.5      7.5      2.8
     -6.7     27.3     12.1      6.7   4500.0   5250.0
     -19.5      38.8       -.2      19.7
     -15.7      19.4      -1.7       5.3
     -15.3      15.0      -2.0       4.3
     -16.1      14.2      -3.0       4.3
  1105  -.058824  -.705882  -.705882
  11808.0   6897.8    -14.1      9.7      5.5      3.2
     -6.5     27.6     11.9      5.7   4500.0   5250.0
     -18.0      38.7      -1.5      19.2
     -15.3      19.1      -2.0       5.5
     -15.3      15.1      -2.7       4.6
     -15.7      14.5      -3.8       4.7
  1106  -.088045  -.704361  -.704361
  11828.6   6410.1    -14.0      9.4      1.9      4.4
     -6.5     27.7     11.5      4.8   4500.0   5250.0
     -18.4      37.2      -1.6      17.4
     -15.1      19.4      -2.3       5.9
     -15.2      15.2      -3.0       5.3
     -15.6      14.5      -4.3       5.2
  1107  -.117041  -.702247  -.702247
  11815.6   6303.3    -15.0     15.4      -.8     14.6
     -6.6     27.7     10.6      4.4   4500.0   5250.0
     -18.4      40.1      -2.3      17.4
     -14.6      19.1      -2.6       6.3
     -14.7      15.2      -3.2       5.5
     -15.4      15.1      -4.7       5.6
  1108  -.145741  -.699557  -.699557
  11789.8   5955.9    -15.9     11.6     -4.2      7.3
     -6.6     27.7      9.4      4.4   4500.0   4500.0
     -18.1      38.8      -2.7      16.8
     -13.6      19.6      -2.8       6.2
     -14.9      15.5      -3.5       5.6
     -15.4      15.2      -5.0       6.0
  1109  -.174078  -.696311  -.696311
  11768.0   5490.8    -18.0     13.3     -5.4      9.0
     -6.5     27.8      7.3      4.6   4500.0   4500.0
     -17.8      40.3      -3.0      16.2
     -14.1      19.4      -3.3       6.4
     -14.3      15.7      -3.8       5.7
     -14.9      15.2      -5.4       6.4
  1110  -.201988  -.692532  -.692532
  11836.4   5428.4    -20.0     15.6     -7.2     12.2
     -6.5     27.8      5.4      5.0   3750.0   3750.0
     -18.1      39.0      -3.8      18.0
     -13.5      19.5      -3.7       7.2
     -14.0      15.7      -4.4       6.1
     -14.7      15.4      -6.0       7.0
  1111  -.229416  -.688247  -.688247
  11790.0   4874.1    -19.7     19.8     -4.8     22.0
     -6.4     28.0      4.4      5.4   3750.0   3750.0
     -17.6      38.4      -4.2      16.3
     -13.4      19.3      -3.8       7.7
     -13.6      15.9      -4.5       6.7
     -14.8      15.7      -6.9       7.7
  1112  -.256307  -.683486  -.683486
  11835.2   4740.6    -18.9     24.9       .0     27.6
     -6.5     27.9      1.6      4.9   2250.0   3750.0
     -17.5      38.9      -4.7      16.9
     -13.2      19.3      -4.2       8.0
     -13.4      15.8      -4.7       7.2
     -14.7      16.3      -7.8       8.7
  1113  -.282617  -.678280  -.678280
  11843.5   4376.8    -18.6     26.7       .3     29.5
     -6.5     28.0      1.2      5.1   2250.0   3000.0
     -17.2      40.3      -5.3      17.0
     -13.5      19.3      -4.6       8.3
     -13.2      15.7      -5.1       7.7
     -14.7      16.5      -8.5       9.7
  1114  -.333333  -.666667  -.666667
  11884.9   3933.2    -19.3     32.9      5.2     36.8
     -6.7     28.2      1.9      5.2   2250.0   2250.0
     -16.5      38.9      -6.3      17.3
     -13.0      19.1      -5.7       9.7
     -13.1      15.6      -6.7       9.0
     -14.9      17.4     -10.5      12.3
  1115  -.381314  -.653682  -.653682
  11841.6   3597.5    -15.4     38.4     13.9     43.6
     -6.8     28.5     10.8     14.4   2250.0   2250.0
     -14.1      37.8      -6.5      18.4
     -12.6      19.6      -6.6      11.5
     -13.3      16.7      -8.2      10.9
     -15.0      18.0     -12.3      16.0
  1116  -.426401  -.639602  -.639602
  11848.1   3323.6    -13.1     41.8     15.3     48.2
     -7.2     28.3     10.8     14.4   2250.0   2250.0
     -15.2      38.5      -7.8      20.5
     -12.0      19.4      -7.5      13.1
     -13.5      17.0      -9.9      13.0
     -16.0      19.2     -14.9      20.4
  1117  -.468521  -.624695  -.624695
  11738.6   3046.8    -10.8     43.0     17.2     51.8
     -7.3     28.5     10.8     14.4   2250.0   2250.0
     -14.6      38.5      -9.4      21.7
     -12.5      19.5      -8.9      15.1
     -14.0      17.8     -12.1      15.8
     -17.0      21.1     -16.8      25.6
  1118   .317999  -.847998  -.423999
  19319.8   5584.4       .0     28.9     10.8      7.2
       .0     57.7     10.8     14.4   9750.0   9750.0
     -19.4      33.0       7.2      20.4
     -15.9      18.0       7.7       8.4
     -16.4      15.5       7.6       6.1
     -18.0      16.1       7.9       6.3
  1119   .285714  -.857143  -.428571
  19266.3   5920.4       .0     28.9     10.8      7.2
       .0     57.7     14.6      3.8   9750.0   9750.0
     -19.8      33.9       6.3      21.4
     -16.2      17.8       7.0       8.1
     -16.1      15.5       6.7       5.6
     -17.5      16.0       6.8       5.7
  1120   .252426  -.865462  -.432731
  19116.1   6675.9       .0     28.9     10.8      7.2
       .0     57.7     14.8      3.0   9750.0   9750.0
     -20.2      32.4       6.0      21.7
     -16.4      18.2       5.9       7.6
     -17.0      15.1       5.6       5.2
     -17.3      15.4       5.1       5.2
  1121   .218218  -.872872  -.436436
  19128.5   6744.2       .0     28.9     10.8      7.2
       .0     57.7     14.4      4.5   9750.0  10500.0
     -20.3      33.0       4.3      24.9
     -16.9      18.1       4.6       7.6
     -16.5      15.0       4.1       4.6
     -17.5      15.4       3.9       4.5
  1122   .183186  -.879292  -.439646
  19104.4   7081.1       .0     28.9     14.7      1.6
    -12.9      6.1     14.2      7.1   9750.0  10500.0
     -20.1      33.1       2.3      26.6
     -16.6      18.2       3.3       8.0
     -16.6      14.6       2.9       4.4
     -17.6      14.9       2.7       4.5
  1123   .165395  -.882109  -.441054
  19012.7   6966.6       .0     28.9     14.5      1.9
       .0     57.7     14.0      8.5   9750.0  10500.0
     -22.1      32.9       3.3      29.2
     -16.6      18.2       2.6       7.7
     -16.9      14.9       2.2       4.2
     -17.8      15.4       1.9       4.1
  1124   .147442  -.884652  -.442326
  19041.0   7047.2       .0     28.9     14.2      2.9
       .0     57.7     13.8      9.9   9750.0  10500.0
     -21.4      33.2       3.0      31.9
     -17.1      17.7       2.1       8.3
     -16.9      14.8       1.5       3.7
     -18.1      15.4       1.3       3.7
  1125   .129342  -.886914  -.443457
  19069.2   7004.8       .0     28.9     13.7      4.2
       .0     57.7     13.4     11.1   9750.0  10500.0
     -21.6      35.8       3.1      34.4
     -16.9      17.6       1.5       9.2
     -16.9      14.9        .8       3.3
     -18.1      15.1        .6       3.1
  1126   .111111  -.888889  -.444444
  19006.7   6963.4       .0     28.9     12.7      5.0
       .0     57.7     12.5     12.1   9750.0  10500.0
     -20.1      33.2        .0      36.2
     -17.7      17.6       1.8      11.9
     -17.1      14.6        .9       3.0
     -18.3      15.1        .7       3.0
  1127   .092768  -.890570  -.445285
  19002.6   6946.6       .0     28.9     12.0      5.2
       .0     57.7     11.9     12.3   9750.0  10500.0
     -21.7      32.8       2.5      37.8
     -17.0      17.7       1.4      11.7
     -17.1      14.5        .9       3.0
     -18.7      14.8        .7       3.0
  1128   .074329  -.891953  -.445976
  19037.5   7033.8       .0     28.9     12.7      4.5
       .0     57.7     12.7     11.6   9750.0  10500.0
     -21.3      32.8       2.6      36.3
     -17.4      17.7       1.8      11.7
     -17.2      14.7       1.6       3.0
     -18.8      15.0       1.2       3.0
  1129   .055815  -.893033  -.446516
  19075.0   7036.3       .0     28.9     13.2      3.8
       .0     57.7     13.3     10.7   9750.0  10500.0
     -21.3      34.7       3.7      36.1
     -17.6      17.5       2.7       9.9
     -17.4      14.7       2.3       3.7
     -18.7      14.9       1.7       3.3
  1130   .037242  -.893807  -.446903
  18902.1   6996.5       .0     28.9     13.5      2.6
       .0     57.7     13.7      9.6   9750.0  10500.0
     -22.5      33.8       1.9      32.8
     -17.4      17.7       1.7       9.1
     -17.9      14.7       1.2       3.9
     -19.1      15.0        .8       3.7
  1131   .018631  -.894272  -.447136
  19011.2   6984.0       .0     28.9     13.3      1.6
       .0     57.7     13.8      8.2   9750.0  10500.0
     -22.5      32.9       1.8      29.7
     -17.4      17.8        .7       7.8
     -17.3      14.6        .4       4.2
     -18.8      15.1       -.2       3.8
  1132   .000000  -.894427  -.447214
  18983.8   7015.4       .0     28.9     11.3      1.4
       .0     57.7     13.6      6.8   9750.0  10500.0
     -21.2      32.3       2.2      26.9
     -17.3      17.6        .0       7.1
     -17.4      14.4       -.4       4.5
     -18.7      15.1      -1.1       4.0
  1133  -.018631  -.894272  -.447136
  18911.9   6960.7       .0     28.9     -4.0     28.9
       .0     57.7     13.4      5.4   9750.0  10500.0
     -19.8      31.7        .6      25.4
     -17.0      17.9       -.7       7.3
     -17.3      14.9      -1.0       4.1
     -18.4      15.2      -1.5       3.9
  1134  -.037242  -.893807  -.446903
  18836.1   6979.8       .0     28.9     10.8      7.2
       .0     57.7     13.4      4.1   9750.0   9750.0
     -20.4      33.4        .2      25.7
     -16.5      18.2       -.9       6.8
     -16.9      14.8      -1.3       4.1
     -18.6      15.4      -1.8       4.0
  1135  -.055815  -.893033  -.446516
  18788.7   6870.7       .0     28.9     10.8      7.2
       .0     57.7     13.0      3.0   9750.0   9750.0
     -20.3      31.9       1.0      23.2
     -16.6      17.9      -1.1       6.7
     -16.9      15.2      -1.3       4.4
     -18.5      15.6      -2.3       4.5
  1136  -.074329  -.891953  -.445976
  18808.8   6943.9       .0     28.9     10.8      7.2
    -23.4     14.0     12.1      2.4   9750.0   9750.0
     -20.7      34.2       -.4      21.8
     -16.1      17.9      -1.0       6.5
     -16.9      15.1      -1.5       4.4
     -18.3      15.4      -2.4       4.4
  1137  -.092768  -.890570  -.445285
  18696.8   6773.2       .0     28.9     10.8      7.2
       .0     57.7     10.4      2.4   9750.0   9750.0
     -20.8      32.4       -.9      21.9
     -16.3      17.1      -1.4       6.3
     -16.4      15.3      -1.9       4.3
     -18.6      15.7      -2.7       4.5
  1138  -.111111  -.888889  -.444444
  18761.2   6881.1       .0     28.9     10.8      7.2
    -20.7     14.1      7.4      2.8   9000.0   9750.0
     -19.6      33.1       -.9      20.1
     -15.8      18.0      -2.0       7.1
     -16.5      15.2      -2.3       4.7
     -18.4      15.9      -3.2       4.8
  1139  -.129342  -.886914  -.443457
  18752.3   6751.1       .0     28.9     10.8      7.2
       .0     57.7     10.8     14.4   9000.0   9750.0
     -20.7      33.4      -1.2      19.8
     -16.5      18.5      -2.3       7.1
     -16.6      15.6      -2.4       5.1
     -18.1      16.2      -3.5       5.2
  1140  -.147442  -.884652  -.442326
  18710.8   6381.3       .0     28.9     10.8      7.2
       .0     57.7     10.8     14.4   9000.0   9750.0
     -20.2      33.8      -2.2      18.6
     -16.3      18.1      -2.1       7.3
     -16.7      15.7      -2.4       5.4
     -18.0      16.0      -3.7       5.5
  1141  -.165395  -.882109  -.441054
  18658.8   6495.7       .0     28.9     10.8      7.2
    -15.8     10.5     10.8     14.4   9000.0   9750.0
     -18.0      31.4      -1.5      19.3
     -16.1      18.3      -2.2       6.9
     -17.3      15.5      -2.6       5.2
     -18.3      16.0      -3.7       5.6
  1142  -.183186  -.879292  -.439646
  18749.8   6315.8       .0     28.9     10.8      7.2
    -23.5     12.1     10.8     14.4   9000.0   9000.0
     -19.6      31.8      -2.5      17.9
     -16.2      18.3      -2.6       6.8
     -16.8      15.6      -3.1       5.3
     -18.0      16.3      -3.9       5.7
  1143  -.218218  -.872872  -.436436
  18773.7   5778.6       .0     28.9     10.8      7.2
       .0     57.7     10.8     14.4   8250.0   9000.0
     -19.8      33.2      -3.1      18.0
     -16.0      19.1      -3.0       7.8
     -16.1      15.8      -3.4       6.3
     -18.5      17.7      -4.9       6.7
  1144  -.252426  -.865462  -.432731
  18800.6   5207.1     46.3     91.4     24.5     44.9
    -18.9     11.9     10.8     14.4   6750.0   8250.0
     -19.2      33.7      -4.0      16.9
     -15.7      18.6      -3.4       7.7
     -16.1      16.3      -3.7       6.7
     -19.0      18.6      -5.5       7.9
  1145  -.285714  -.857143  -.428571
  18838.5   4903.2      4.8    116.2      8.5     52.7
    -26.6     12.5     10.8     14.4   4500.0   6750.0
     -21.1      34.5      -4.9      16.5
     -15.9      19.6      -4.2       8.9
     -16.6      16.5      -4.7       7.3
     -20.3      21.9      -6.9       9.6
  1146  -.317999  -.847998  -.423999
  18876.2   4519.7     10.0    102.7      5.9     57.3
    -29.7     17.9     10.8     14.4   3750.0   4500.0
     -19.7      36.2      -5.0      16.8
     -15.9      19.8      -4.5       9.5
     -16.5      17.0      -5.0       8.3
     -22.1      24.3      -8.6      12.2
  1147   .178965  -.954480  -.238620
  35100.4   6826.9       .0     28.9     10.8      7.2
       .0     57.7     10.8     14.4  21000.0  21750.0
     -22.5      33.4       5.0      25.4
     -19.1      19.3       7.1      10.7
     -19.2      17.0       7.2       5.2
     -20.2      17.1       7.2       4.9
  1148   .159617  -.957704  -.239426
  34980.4   6963.6       .0     28.9     10.8      7.2
       .0     57.7     10.8     14.4  21000.0  21750.0
     -24.2      33.4       4.3      27.3
     -19.6      19.5       6.5      11.2
     -19.3      17.0       6.5       4.3
     -20.3      17.5       6.6       4.1
  1149   .140084  -.960577  -.240144
  34978.4   6823.9       .0     28.9     10.8      7.2
       .0     57.7     14.6      1.9  21000.0  21750.0
     -22.4      32.3       2.5      29.8
     -19.2      19.4       5.6      11.4
     -19.5      17.0       5.5       4.6
     -20.2      17.4       5.3       4.9
  1150   .120386  -.963087  -.240772
  34968.9   6902.9       .0     28.9     10.8      7.2
       .0     57.7     14.3      3.1  21000.0  21750.0
     -23.6      33.4       3.8      29.8
     -19.6      19.1       4.3      11.8
     -19.4      17.1       4.1       4.1
     -20.6      17.1       4.0       3.8
  1151   .100544  -.965226  -.241307
  35002.4   6839.6       .0     28.9     10.8      7.2
       .0     57.7     13.9      6.0  21750.0  22500.0
     -23.7      31.6        .0      37.3
     -19.2      19.3       3.1      13.8
     -19.3      16.6       2.9       4.4
     -20.9      17.4       2.7       4.2
  1152   .090577  -.966155  -.241539
  35118.4   6844.5       .0     28.9     14.6      1.2
       .0     57.7     13.7      7.6  21750.0  21750.0
     -23.0      32.6       2.9      38.1
     -19.2      19.0       2.5      14.0
     -19.7      16.9       2.4       4.3
     -20.6      16.8       2.0       4.2
  1153   .080582  -.966988  -.241747
  35265.5   6916.9       .0     28.9     14.3      2.3
       .0     57.7     13.5      9.1  21750.0  21750.0
     -22.7      32.9        .0      40.5
     -19.6      19.4       2.1      17.6
     -20.0      17.0       1.7       4.3
     -20.5      16.9       1.2       3.9
  1154   .070563  -.967724  -.241931
  35081.0   6809.2       .0     28.9     13.9      3.8
       .0     57.7     13.2     10.5  21000.0  21750.0
     -22.7      33.8        .4      43.0
     -19.6      19.1       1.5      18.3
     -19.8      16.6        .9       4.1
     -20.7      17.1        .7       4.0
  1155   .060523  -.968364  -.242091
  35189.5   6845.6       .0     28.9     12.9      4.6
       .0     57.7     12.5     11.5  21750.0  21750.0
     -24.2      32.1       3.9      47.7
     -19.6      19.3        .7      22.0
     -19.8      16.8       1.1       4.6
     -20.3      17.1        .7       3.0
  1156   .050464  -.968906  -.242227
  35236.7   6849.9       .0     28.9     12.4      5.0
       .0     57.7     12.2     11.9  21750.0  21750.0
     -22.8      29.4       1.2      45.1
     -19.6      18.8        .5      22.6
     -20.0      16.6        .8       4.2
     -20.9      16.8        .9       3.1
  1157   .040390  -.969351  -.242338
  35216.6   6777.2       .0     28.9     13.1      4.2
       .0     57.7     13.1     11.1  21750.0  21750.0
     -23.1      31.5       1.7      45.7
     -20.1      19.0       2.5      21.0
     -20.2      16.4       2.0       4.7
     -20.9      16.8       1.5       3.0
  1158   .030303  -.969697  -.242424
  35203.3   6828.2       .0     28.9     13.8      3.1
       .0     57.7     13.9     10.2  21000.0  22500.0
     -23.6      32.3        .7      46.9
     -19.9      18.8       2.6      20.1
     -19.9      16.6       2.7       5.6
     -21.1      17.1       2.2       4.1
  1159   .020207  -.969944  -.242486
  35273.9   6919.3       .0     28.9     14.3      2.9
       .0     57.7     14.4      9.0  21750.0  22500.0
     -23.6      31.6       2.9      43.3
     -19.8      18.9       2.1      17.8
     -20.2      16.6       1.9       5.0
     -21.4      16.8       1.4       4.0
  1160   .010105  -.970093  -.242523
  35183.2   6819.6       .0     28.9     14.2       .9
       .0     57.7     14.6      7.7  21750.0  22500.0
     -23.2      33.2       4.0      42.2
     -20.1      19.0       1.7      16.3
     -19.9      16.7       1.0       4.7
     -21.2      16.8        .5       4.6
  1161   .000000  -.970142  -.242536
  35240.9   6856.1       .0     28.9     10.8      7.2
       .0     57.7     14.5      6.1  21000.0  21750.0
     -22.9      32.3       4.3      40.1
     -20.1      18.8       1.0      14.3
     -19.9      16.8        .4       4.6
     -21.7      16.9        .0       4.1
  1162  -.010105  -.970093  -.242523
  35099.4   6855.7       .0     28.9     10.8      7.2
       .0     57.7     14.3      4.6  21000.0  21750.0
     -24.1      33.5       3.1      36.4
     -20.1      19.0        .4      13.5
     -19.7      16.6        .1       4.3
     -21.6      16.9       -.2       4.2
  1163  -.020207  -.969944  -.242486
  35099.6   6819.4       .0     28.9     10.8      7.2
       .0     57.7     14.2      3.1  21750.0  21750.0
     -22.9      29.6       1.2      33.7
     -19.4      19.1        .5      13.0
     -19.8      16.7       -.1       4.3
     -21.1      17.0       -.5       3.8
  1164  -.030303  -.969697  -.242424
  35105.4   6914.6       .0     28.9     10.8      7.2
       .0     57.7     13.9      1.8  21750.0  21750.0
     -24.7      33.2       1.5      31.7
     -19.9      19.3        .4      12.9
     -19.6      16.7       -.1       4.1
     -20.8      17.2       -.7       4.0
  1165  -.040390  -.969351  -.242338
  35097.8   6762.3       .0     28.9     10.8      7.2
       .0     57.7     12.8      1.2  21000.0  21750.0
     -21.3      30.5       1.7      30.5
     -19.6      19.5        .4      12.5
     -19.8      16.5       -.3       4.1
     -20.8      16.9       -.8       3.7
  1166  -.050464  -.968906  -.242227
  34962.8   6863.8       .0     28.9     10.8      7.2
       .0     57.7     10.8     14.4  21000.0  21750.0
     -23.7      31.5       1.5      28.8
     -19.3      19.1       -.4      11.1
     -19.5      16.8       -.7       4.0
     -21.0      16.9      -1.1       3.8
  1167  -.060523  -.968364  -.242091
  34938.3   6828.3       .0     28.9     10.8      7.2
       .0     57.7     10.8     14.4  21000.0  21750.0
     -22.4      31.2       1.7      28.2
     -19.4      19.2       -.5      11.5
     -19.6      16.9       -.9       4.5
     -20.4      17.0      -1.2       4.0
  1168  -.070563  -.967724  -.241931
  34919.4   6824.8       .0     28.9     10.8      7.2
       .0     57.7     10.8     14.4  21000.0  21750.0
     -22.5      31.0        .7      25.5
     -19.4      19.1       -.4      11.4
     -19.8      17.0       -.8       4.3
     -20.4      17.3      -1.2       4.1
  1169  -.080582  -.966988  -.241747
  34953.3   6844.1       .0     28.9     10.8      7.2
       .0     57.7     10.8     14.4  21000.0  21750.0
     -22.5      31.8        .3      25.6
     -19.4      18.9       -.2      10.6
     -19.4      16.8       -.5       4.1
     -20.7      17.1      -1.2       4.0
  1170  -.090577  -.966155  -.241539
  34857.3   6814.4       .0     28.9     10.8      7.2
       .0     57.7     10.8     14.4  21000.0  21750.0
     -23.2      32.7        .3      23.6
     -19.3      19.4       -.8      10.4
     -19.4      17.0       -.9       4.0
     -20.8      17.4      -1.4       3.7
  1171  -.100544  -.965226  -.241307
  34807.9   6875.5       .0     28.9     10.8      7.2
       .0     57.7     10.8     14.4  21000.0  21750.0
     -23.6      32.9        .1      22.5
     -19.3      19.6      -1.2      10.2
     -19.3      17.0      -1.4       4.3
     -20.9      17.5      -1.8       4.1
  1172  -.120386  -.963087  -.240772
  34767.6   6854.1       .0     28.9     10.8      7.2
       .0     57.7     10.8     14.4  21000.0  21000.0
     -24.0      31.1      -1.3      20.4
     -18.8      19.3       -.8       8.9
     -19.1      17.0      -1.2       4.6
     -20.5      17.3      -1.8       4.4
  1173  -.140084  -.960577  -.240144
  34716.3   6871.5       .0     28.9     10.8      7.2
       .0     57.7     10.8     14.4  20250.0  21000.0
     -22.7      31.2       -.8      18.6
     -18.7      19.6      -1.4       9.0
     -19.3      17.2      -1.8       4.5
     -20.7      17.8      -2.2       4.7
  1174  -.159617  -.957704  -.239426
  34760.4   6737.7       .0     28.9     10.8      7.2
       .0     57.7     10.8     14.4  20250.0  21000.0
     -20.0      32.1      -2.1      17.3
     -18.9      19.7      -1.5       8.7
     -19.2      17.4      -1.8       5.2
     -20.8      17.7      -2.5       5.1
  1175  -.178965  -.954480  -.238620
  34779.8   6443.0       .0     28.9     10.8      7.2
       .0     57.7     10.8     14.4  20250.0  21000.0
     -22.7      30.4       -.9      16.3
     -19.0      19.8      -1.9       8.3
     -19.4      17.5      -2.1       5.1
     -20.3      17.8      -2.7       5.3
  1176   .092626  -.988012  -.123502
  68643.3   6976.5       .0     28.9     10.8      7.2
       .0     57.7     10.8     14.4  47250.0  48000.0
     -24.0      30.7       3.3      33.2
     -21.3      20.0       5.7      16.9
     -21.0      18.0       6.9       5.3
     -22.3      17.9       7.1       4.2
  1177   .082409  -.988903  -.123613
  68701.3   6882.4       .0     28.9     10.8      7.2
       .0     57.7     10.8     14.4  47250.0  48000.0
     -23.3      31.7      -1.9      37.4
     -21.3      20.7       5.1      17.7
     -21.1      17.6       6.3       5.3
     -21.8      18.0       6.4       4.0
  1178   .072165  -.989691  -.123711
  68915.1   6911.1       .0     28.9     10.8      7.2
       .0     57.7     10.8     14.4  47250.0  48000.0
     -24.3      32.3        .0      38.9
     -21.5      20.0       4.6      18.8
     -21.2      17.7       5.5       5.9
     -22.0      17.6       5.4       3.8
  1179   .061898  -.990375  -.123797
  69013.5   6909.1       .0     28.9     10.8      7.2
       .0     57.7     14.1      2.2  47250.0  48750.0
     -26.4      35.9      -1.1      42.9
     -21.4      19.8       3.1      21.5
     -21.1      17.9       4.2       5.9
     -21.9      17.9       4.0       4.4
  1180   .051612  -.990955  -.123869
  69044.6   6877.5       .0     28.9     10.8      7.2
       .0     57.7     13.6      5.2  47250.0  48000.0
     -25.3      32.0      -3.1      47.0
     -21.7      20.3       2.1      23.3
     -21.6      17.7       2.7       6.1
     -22.5      18.3       2.7       5.0
  1181   .046463  -.991206  -.123901
  69082.5   6868.3       .0     28.9     14.3      6.9
       .0     57.7     13.2      6.8  48000.0  48000.0
     -25.6      32.7      -1.9      48.4
     -21.4      19.9       1.7      25.3
     -21.3      17.5       2.3       7.3
     -22.0      17.4       2.1       4.1
  1182   .041310  -.991431  -.123929
  69015.8   6905.4       .0     28.9     14.3      1.7
       .0     57.7     12.9      8.3  47250.0  48000.0
     -24.6      34.2      -3.9      52.7
     -21.4      19.7       1.3      26.7
     -21.3      17.4       1.8       7.3
     -21.6      18.4       1.3       5.8
  1183   .036153  -.991629  -.123954
  69056.1   6947.2       .0     28.9     13.9      3.3
       .0     57.7     12.6      9.8  47250.0  48000.0
     -25.4      33.4      -1.5      53.1
     -21.5      19.9       1.3      30.0
     -21.4      17.4       1.1       8.8
     -22.5      18.0        .9       4.1
  1184   .030994  -.991801  -.123975
  69133.6   6934.9       .0     28.9     13.0      4.3
       .0     57.7     12.1     11.0  48000.0  48750.0
     -27.3      35.7      -5.2      57.7
     -21.3      20.0        .1      33.6
     -21.4      17.4        .7       9.0
     -22.4      17.8        .9       3.9
  1185   .025832  -.991947  -.123993
  69037.1   6866.4       .0     28.9     12.6      4.6
       .0     57.7     12.0     11.3  47250.0  48000.0
     -23.1      32.0      -5.7      56.0
     -21.7      20.0       1.0      32.9
     -21.5      17.5       1.2      11.1
     -22.3      17.9        .9       4.4
  1186   .020668  -.992066  -.124008
  69265.8   6905.4       .0     28.9     13.4      4.0
       .0     57.7     13.1     10.5  47250.0  48750.0
     -26.6      36.0      -1.1      58.8
     -21.5      19.8       1.1      33.6
     -21.5      17.7       2.0      10.5
     -22.2      17.9       1.5       4.5
  1187   .015502  -.992159  -.124020
  69274.6   6865.9       .0     28.9     14.2      3.7
       .0     57.7     14.1      9.7  47250.0  48750.0
     -25.9      37.9       3.5      59.0
     -21.3      19.7       3.2      31.1
     -21.5      17.3       3.2       9.9
     -21.7      17.7       2.3       6.0
  1188   .010336  -.992225  -.124028
  69143.1   6810.3       .0     28.9     14.7      1.7
       .0     57.7     14.7      8.6  47250.0  48750.0
     -26.4      31.4        .8      58.2
     -21.7      19.5       2.9      29.6
     -21.6      17.4       2.4       8.8
     -22.5      17.9       1.6       5.8
  1189   .005168  -.992265  -.124033
  69131.6   6867.2       .0     28.9     14.6       .6
       .0     57.7     15.1      7.2  48000.0  48750.0
     -24.9      30.6       2.0      54.0
     -21.6      19.9       2.6      26.9
     -21.6      17.3       1.7       8.1
     -22.6      17.7        .9       4.7
  1190   .000000  -.992278  -.124035
  69142.5   6873.0       .0     28.9     10.8      7.2
       .0     57.7     15.0      5.7  47250.0  48000.0
     -23.2      30.4       4.6      48.9
     -21.8      20.2       2.1      26.4
     -21.5      17.5       1.3       7.8
     -22.6      17.9        .8       4.3
  1191  -.005168  -.992265  -.124033
  69169.7   6886.5       .0     28.9     10.8      7.2
       .0     57.7     14.9      4.1  47250.0  48750.0
     -25.5      34.0       1.3      48.9
     -21.6      19.8       2.4      24.2
     -21.5      17.5       1.1       7.1
     -22.1      17.6        .6       4.5
  1192  -.010336  -.992225  -.124028
  69062.1   6869.3       .0     28.9     10.8      7.2
       .0     57.7     14.8      2.5  48000.0  48750.0
     -24.2      31.5       6.4      43.3
     -21.8      20.2       1.8      23.5
     -21.4      17.5        .9       6.8
     -22.1      18.1        .6       4.8
  1193  -.015502  -.992159  -.124020
  69129.2   6851.0       .0     28.9     10.8      7.2
       .0     57.7     14.5      1.0  47250.0  48000.0
     -24.6      29.6       3.8      44.7
     -21.2      20.1       1.7      22.2
     -21.2      17.5        .9       6.3
     -22.0      18.2        .4       4.8
  1194  -.020668  -.992066  -.124008
  69011.9   6824.1       .0     28.9     10.8      7.2
       .0     57.7     10.8     14.4  47250.0  48000.0
     -23.1      30.5       2.3      42.0
     -21.0      20.1       1.4      21.7
     -21.7      17.7        .6       6.6
     -22.2      17.8        .0       4.1
  1195  -.025832  -.991947  -.123993
  68929.4   6892.3       .0     28.9     10.8      7.2
       .0     57.7     10.8     14.4  47250.0  48000.0
     -23.1      30.9       3.9      40.4
     -21.2      19.7        .9      19.7
     -21.5      17.6        .2       5.7
     -21.9      17.4       -.2       4.4
  1196  -.030994  -.991801  -.123975
  68944.9   6904.1       .0     28.9     10.8      7.2
       .0     57.7     10.8     14.4  47250.0  48000.0
     -26.2      34.6        .8      39.1
     -21.5      20.2        .9      19.6
     -20.7      17.4        .3       5.6
     -22.2      17.6       -.1       4.2
  1197  -.036153  -.991629  -.123954
  68837.1   6828.5       .0     28.9     10.8      7.2
       .0     57.7     10.8     14.4  47250.0  48000.0
     -26.1      35.3       1.4      38.5
     -21.5      20.1       1.2      18.7
     -21.4      17.7        .5       5.8
     -22.0      17.8        .2       4.6
  1198  -.041310  -.991431  -.123929
  68775.1   6918.6       .0     28.9     10.8      7.2
       .0     57.7     10.8     14.4  47250.0  48000.0
     -25.1      34.7       6.0      36.1
     -20.9      19.8        .6      17.2
     -21.1      17.6        .4       5.6
     -21.9      17.8        .0       4.0
  1199  -.046463  -.991206  -.123901
  68802.7   6871.7       .0     28.9     10.8      7.2
       .0     57.7     10.8     14.4  46500.0  47250.0
     -24.8      31.7       1.0      35.2
     -21.2      20.2        .5      16.7
     -21.1      17.7        .0       5.0
     -21.8      18.3       -.4       4.4
  1200  -.051612  -.990955  -.123869
  68784.4   6883.4       .0     28.9     10.8      7.2
       .0     57.7     10.8     14.4  47250.0  48000.0
     -25.5      34.2       2.8      32.7
     -21.5      19.9        .3      16.0
     -20.8      17.9        .0       5.2
     -21.8      17.7       -.3       4.5
  1201  -.061898  -.990375  -.123797
  68623.8   6951.2       .0     28.9     10.8      7.2
       .0     57.7     10.8     14.4  47250.0  48000.0
     -25.1      31.1       1.6      27.9
     -21.1      20.2        .6      14.3
     -21.2      17.6        .3       5.0
     -21.8      17.7       -.1       4.3
  1202  -.072165  -.989691  -.123711
  68539.1   6953.5       .0     28.9     10.8      7.2
       .0     57.7     10.8     14.4  46500.0  48000.0
     -24.3      32.8       -.5      27.5
     -21.0      20.4       -.3      13.6
     -20.8      17.7       -.4       5.2
     -21.4      18.3       -.6       3.8
  1203  -.082409  -.988903  -.123613
  68467.6   6857.5       .0     28.9     10.8      7.2
       .0     57.7     10.8     14.4  46500.0  47250.0
     -24.9      33.6        .4      23.9
     -20.9      20.3        .1      12.4
     -21.1      17.9        .0       4.8
     -21.5      18.3       -.3       5.3
  1204  -.092626  -.988012  -.123502
  68552.5   6929.1       .0     28.9     10.8      7.2
       .0     57.7     10.8     14.4  46500.0  47250.0
     -23.5      30.5      -1.2      21.7
     -21.3      20.6       -.7      11.1
     -20.7      17.9       -.7       4.8
     -21.5      18.1      -1.0       3.9
