Dot1_100x25x150_dj0599ax32:FPix@-500V,3.8T@0deg,263K,rhe=1.10,rhh=0.7           
   313   1  3.80  10   5  13   0  500.00  263.00   12.70 1.00000   500.0    -.11    -.03  100.000   25.000  150.000   500.0    -.05    -.02    1.50    1.00     .85
  9001   .000000   .000000 -1.000000
   8836.5   7153.6       .3     28.0       .0      6.5
       .3     56.7       .0     13.7   3750.0   3750.0
       1.2      40.6       -.5      29.6
        .2       5.0        .0       3.2
      -1.0       5.0        .6       4.4
        .1       5.0        .0       3.0
  9002   .000000  -.132164  -.991228
   8899.5   7192.8     -1.4     25.3       .0      6.6
     -1.3     54.0       .0     13.7   3750.0   3750.0
      -3.1      36.1      -1.9      29.5
      -2.1       5.0        .0       3.0
      -1.1       5.0       -.1       3.0
      -2.5       5.0        .0       3.0
  9003   .000000  -.257663  -.966235
   9078.0   7414.4     -2.7     21.5       .0      6.6
     -2.7     50.2       .0     13.8   3750.0   3750.0
      -6.6      36.2        .4      32.4
      -4.1       6.2       -.1       5.3
      -4.3       5.0        .0       3.0
      -4.3       5.0        .0       3.0
  9004   .000000  -.371391  -.928477
   9420.0   7705.8     -3.9     17.9       .1      6.6
     -3.7     46.3       .0     13.7   3750.0   3750.0
      -7.3      32.9       -.4      31.3
      -6.0       8.2        .0       4.8
      -5.9       6.1        .1       3.0
      -6.3       5.8        .0       3.0
  9005   .000000  -.470588  -.882353
   9863.1   7919.6     -4.9     14.6       .0      6.6
     -4.6     42.3       .0     13.7   4500.0   4500.0
     -10.0      30.1       -.2      31.2
      -8.2      10.2        .1       5.7
      -7.7       7.4        .1       3.0
      -8.0       7.6        .0       3.0
  9006   .000000  -.554700  -.832050
  10447.2   8050.2     -5.9     10.8       .1      6.5
     -5.0     38.0       .0     13.7   4500.0   5250.0
     -12.1      31.4      -2.9      30.9
      -9.9      12.0        .0       5.5
      -9.5       9.1        .1       3.0
      -9.8       9.2        .0       3.0
  9007   .000000  -.624695  -.780869
  11153.3   8019.6     -7.6      8.3       .1      6.5
     -5.6     33.7       .1     13.6   5250.0   5250.0
     -13.3      33.7      -1.9      34.6
     -11.7      15.3        .1       6.6
     -11.4      11.2        .0       3.0
     -11.3      10.3        .1       3.0
  9008   .000000  -.682318  -.731055
  11858.3   7706.5    -10.3      7.8       .0      6.5
     -6.4     29.0       .0     13.6   5250.0   5250.0
     -18.3      38.0      -2.0      34.6
     -14.2      17.3        .0       8.5
     -13.7      12.8        .1       3.0
     -13.3      12.1        .1       3.0
  9009   .000000  -.729537  -.683941
  12643.3   7342.9    -14.5      8.4       .0      6.4
     -6.3     24.5       .0     13.5   6000.0   6000.0
     -19.0      39.6      -1.0      36.9
     -16.2      20.6       -.2       8.7
     -16.0      15.1        .0       3.0
     -16.4      13.5        .1       3.0
  9010   .000000  -.768221  -.640184
  13474.3   7462.4      -.1     28.9       .1      6.5
     -6.6     19.9       .1     13.5   6000.0   6750.0
     -21.0      40.0      -1.5      35.1
     -18.3      20.9       -.3       9.3
     -17.6      15.4        .3       3.0
     -17.4      14.9        .1       3.0
  9011   .287348   .000000  -.957826
   8966.4   5008.0      -.1     28.0      5.5      2.8
      -.1     56.9      2.1      6.4   3000.0   3750.0
        .3      40.6       5.2      16.1
       -.1       5.0       5.1       5.6
        .2       5.0       2.7       3.6
        .1       5.0       5.4       4.5
  9012   .242536   .000000  -.970142
   8845.6   5391.9       .0     28.1      3.7      2.5
       .0     56.9      1.9      7.6   3750.0   3750.0
       2.6      43.8       4.5      16.8
        .0       5.0       4.3       4.6
        .0       5.0       1.8       3.0
        .1       5.0       4.3       3.7
  9013   .196116   .000000  -.980581
   8851.7   6389.6       .0     28.1      2.5      2.6
       .0     56.8      1.8      8.9   3750.0   3750.0
       -.4      47.7       2.8      17.6
       -.2       5.0       3.2       3.7
        .1       5.0       1.8       3.6
        .1       5.0       3.3       3.0
  9014   .148340   .000000  -.988936
   8821.4   6838.6       .0     28.1      1.8      3.4
       .0     56.9      1.4     10.1   3750.0   3750.0
      -3.1      43.6       2.5      19.3
        .2       5.0       2.5       3.0
       -.2       5.0       2.5       3.0
        .0       5.0       2.6       3.0
  9015   .099504   .000000  -.995037
   8783.1   7108.7       .2     28.0      1.1      4.5
       .3     56.8       .9     11.5   3750.0   3750.0
       2.7      43.1       2.0      21.7
        .4       5.0       1.7       3.0
        .1       5.0       1.8       3.0
        .0       5.0       1.8       3.0
  9016   .049938   .000000  -.998752
   8855.0   7189.0       .1     28.1       .5      5.7
       .1     56.8       .4     12.8   3750.0   3750.0
       1.9      46.3        .2      28.3
        .0       5.0        .9       3.0
       -.1       5.0       1.1       3.0
        .0       5.0       1.0       3.0
  9017   .000000   .000000 -1.000000
   8790.4   7112.0       .2     28.0       .0      6.6
       .2     56.8       .0     13.7   3750.0   3750.0
       -.6      44.5       -.6      28.2
        .1       5.0        .0       3.1
        .0       5.0        .0       3.0
        .0       5.0        .0       3.0
  9018  -.049938   .000000  -.998752
   8824.8   7159.2       .0     28.0      -.5      5.7
       .0     56.8      -.4     12.9   3750.0   3750.0
       1.2      44.8       -.3      25.8
        .0       5.0       -.8       3.0
        .6       5.0       -.7       3.0
        .1       5.0      -1.0       3.0
  9019  -.099504   .000000  -.995037
   8772.6   7090.1       .1     28.0     -1.1      4.5
       .1     56.8      -.9     11.5   3750.0   3750.0
      -1.6      40.7      -1.2      24.5
        .2       5.0      -1.6       3.0
        .0       5.0      -1.7       3.0
        .2       5.0      -1.8       3.0
  9020  -.148340   .000000  -.988936
   8828.7   6872.6       .1     28.0     -1.7      3.3
       .1     56.8     -1.3     10.2   3750.0   3750.0
       1.8      46.8      -2.6      19.9
        .6       5.0      -2.3       3.0
        .4       5.0      -2.4       3.0
        .0       5.0      -2.5       3.0
  9021  -.196116   .000000  -.980581
   8848.3   6409.6       .0     28.0     -2.5      2.6
       .0     56.8     -1.8      8.8   3750.0   3750.0
       2.4      43.3      -3.5      19.7
        .2       5.0      -3.1       3.6
        .2       5.0      -2.0       3.8
        .1       5.0      -3.3       3.0
  9022  -.242536   .000000  -.970142
   8922.4   5426.3      -.1     28.0     -3.6      2.4
      -.1     56.8     -1.9      7.6   3750.0   3750.0
       5.1      47.2      -4.5      17.3
        .1       5.0      -4.2       4.5
       -.1       5.0      -2.2       3.0
        .0       5.0      -4.2       3.8
  9023  -.287348   .000000  -.957826
   8911.9   4985.8      -.1     28.1     -5.3      2.9
      -.1     56.8     -2.0      6.4   3000.0   3000.0
      -1.4      44.5      -5.3      16.6
        .0       5.0      -5.0       5.6
        .0       5.0      -3.0       3.7
        .0       5.0      -5.4       4.5
  9024   .276172  -.276172  -.920575
   9229.4   5212.9     -2.8     20.9      6.2      3.3
     -2.7     49.4      2.0      6.4   3000.0   3750.0
      -7.2      38.3       4.5      17.7
      -4.3       6.2       4.6       5.9
      -4.4       5.2       5.0       4.8
      -5.3       5.3       5.3       4.7
  9025   .232873  -.279448  -.931493
   9170.3   5687.8     -3.1     20.9      3.9      2.7
     -3.0     49.5      1.8      7.5   3750.0   3750.0
      -7.9      33.4       3.9      18.7
      -4.6       6.2       4.1       5.1
      -4.5       5.0       4.2       3.8
      -5.1       5.0       4.2       3.8
  9026   .188144  -.282216  -.940721
   9148.2   6682.5     -3.3     20.8      2.5      2.7
     -3.2     49.6      1.6      8.8   3750.0   3750.0
      -8.6      35.0       2.7      18.9
      -4.5       6.2       3.2       4.2
      -4.8       5.0       3.3       3.0
      -5.2       5.0       3.3       3.0
  9027   .142214  -.284427  -.948091
   9133.7   7255.9     -3.1     20.7      1.7      3.4
     -3.0     49.4      1.3     10.1   3750.0   3750.0
      -5.8      33.2       1.5      22.9
      -4.5       6.2       2.4       3.4
      -4.6       5.0       2.4       3.0
      -5.0       5.0       2.5       3.0
  9028   .095346  -.286039  -.953463
   9112.8   7420.3     -3.1     20.8      1.1      4.5
     -3.0     49.3       .9     11.5   3750.0   3750.0
      -6.5      32.6        .8      25.0
      -4.7       6.4       1.6       3.1
      -4.6       5.0       1.7       3.0
      -5.1       5.0       1.8       3.0
  9029   .047836  -.287019  -.956730
   9159.4   7522.5     -3.0     20.6       .5      5.7
     -2.9     49.3       .4     12.8   3750.0   3750.0
      -7.2      34.3       -.7      27.8
      -4.4       6.4        .6       3.1
      -4.7       5.0        .9       3.0
      -4.9       5.0       1.0       3.0
  9030   .000000  -.287348  -.957826
   9148.4   7499.5     -3.2     20.6       .0      6.6
     -3.0     49.2       .0     13.8   3750.0   3750.0
      -6.1      34.3       -.9      30.4
      -4.6       6.7       -.1       6.1
      -4.6       5.0        .0       3.0
      -5.0       5.0        .0       3.0
  9031  -.047836  -.287019  -.956730
   9122.6   7483.6     -3.2     20.6      -.5      5.7
     -3.1     49.3      -.4     12.8   3750.0   3750.0
      -7.6      30.8      -1.1      27.2
      -4.5       6.3       -.7       3.0
      -4.6       5.0       -.8       3.0
      -5.0       5.0      -1.0       3.0
  9032  -.095346  -.286039  -.953463
   9124.8   7456.1     -2.9     20.6     -1.0      4.5
     -2.9     49.2      -.9     11.5   3750.0   3750.0
      -5.5      30.8      -1.6      25.4
      -4.3       6.5      -1.5       3.1
      -4.6       5.0      -1.7       3.0
      -4.8       5.0      -1.7       3.0
  9033  -.142214  -.284427  -.948091
   9121.6   7121.4     -2.8     20.6     -1.6      3.4
     -2.8     49.3     -1.3     10.1   3750.0   3750.0
      -6.7      33.6      -2.7      21.9
      -4.8       6.6      -2.3       3.6
      -4.7       5.0      -2.4       3.0
      -4.9       5.0      -2.5       3.0
  9034  -.188144  -.282216  -.940721
   9119.9   6601.4     -3.2     20.7     -2.4      2.6
     -3.1     49.2     -1.6      8.8   3750.0   3750.0
      -4.6      31.7      -3.3      18.9
      -4.2       6.1      -3.1       4.2
      -4.6       5.0      -3.2       3.1
      -4.9       5.0      -3.3       3.0
  9035  -.232873  -.279448  -.931493
   9146.7   5642.0     -2.9     20.7     -3.8      2.7
     -2.8     49.3     -1.8      7.5   3750.0   3750.0
      -4.9      31.1      -4.4      17.8
      -4.2       6.5      -4.1       5.2
      -4.7       5.0      -4.2       3.8
      -5.0       5.0      -4.2       3.8
  9036  -.276172  -.276172  -.920575
   9234.1   5162.0     -3.0     20.9     -6.0      3.7
     -2.8     49.3     -1.9      6.3   3000.0   3750.0
      -7.2      32.3      -5.4      18.3
      -4.2       6.3      -4.7       5.9
      -4.5       5.1      -4.8       4.8
      -4.9       5.2      -5.3       4.7
  9037   .249136  -.498273  -.830455
  10139.7   5739.1     -5.3     13.1      6.1      2.7
     -4.6     40.4      1.8      6.1   3750.0   3750.0
     -10.3      32.0       4.3      18.7
      -7.8      12.1       4.6       5.8
      -8.3       9.5       4.9       4.6
      -8.7       9.5       5.0       4.5
  9038   .209611  -.503066  -.838444
  10108.6   6307.7     -5.4     13.1      4.1      2.8
     -4.9     40.5      1.6      7.3   3750.0   4500.0
     -11.4      34.0       3.4      18.7
      -8.2      12.2       4.0       4.9
      -8.5       9.3       4.1       3.8
      -8.7       9.3       4.0       3.8
  9039   .169031  -.507093  -.845154
  10116.6   7313.8     -5.4     13.0      2.3      2.6
     -4.9     40.4      1.4      8.6   3750.0   4500.0
     -11.7      33.2       2.3      19.3
      -8.3      12.1       3.1       4.0
      -8.5       9.2       3.2       3.0
      -8.9       9.3       3.2       3.1
  9040   .127573  -.510292  -.850487
  10083.3   7766.8     -5.2     12.9      1.4      3.5
     -4.9     40.5      1.0     10.0   4500.0   4500.0
     -13.0      33.6       1.5      22.7
      -8.9      11.9       2.3       3.7
      -8.9       9.0       2.4       3.0
      -8.6       9.0       2.4       3.0
  9041   .085436  -.512615  -.854358
  10128.4   7818.4     -5.3     12.7       .9      4.3
     -4.9     40.3       .7     11.4   4500.0   4500.0
     -11.8      30.7       -.1      26.1
      -8.5      11.7       1.6       3.0
      -8.4       8.6       1.6       3.0
      -8.7       8.7       1.7       3.0
  9042   .042835  -.514024  -.856706
  10175.6   7952.9     -5.5     12.5       .3      5.6
     -4.9     40.1       .2     12.8   4500.0   4500.0
     -11.8      31.9       -.1      32.0
      -8.7      11.3        .6       4.0
      -8.7       8.3        .9       3.0
      -8.8       8.5        .9       3.0
  9043   .000000  -.514496  -.857493
  10131.9   7914.2     -5.3     12.5       .1      6.5
     -4.9     40.0       .1     13.7   4500.0   4500.0
     -10.7      31.6       -.9      30.4
      -9.0      11.1        .1       5.0
      -8.6       8.4       -.1       3.0
      -8.9       8.3        .0       3.0
  9044  -.042835  -.514024  -.856706
  10157.9   7978.2     -5.4     12.4      -.4      5.6
     -4.9     40.2      -.3     12.7   4500.0   4500.0
     -12.4      33.3        .0      29.3
      -8.8      11.2       -.5       4.6
      -8.5       8.4       -.8       3.0
      -9.0       8.4       -.9       3.0
  9045  -.085436  -.512615  -.854358
  10137.5   7888.7     -5.4     12.5      -.9      4.3
     -4.9     40.3      -.7     11.4   4500.0   4500.0
     -10.6      30.2      -2.5      26.3
      -8.7      11.4      -1.5       3.1
      -8.7       8.6      -1.6       3.0
      -8.5       8.7      -1.7       3.0
  9046  -.127573  -.510292  -.850487
  10109.8   7691.7     -5.4     12.7     -1.5      3.2
     -4.7     40.2     -1.1     10.0   3750.0   4500.0
     -10.2      30.8      -2.9      22.1
      -8.8      11.8      -2.3       3.6
      -8.5       8.8      -2.3       3.0
      -8.4       9.0      -2.4       3.0
  9047  -.169031  -.507093  -.845154
  10080.1   7183.4     -5.3     12.9     -2.3      2.6
     -4.8     40.5     -1.4      8.5   3750.0   4500.0
     -11.5      32.5      -3.5      19.7
      -8.4      11.9      -3.1       4.0
      -8.5       9.3      -3.1       3.0
      -8.6       9.0      -3.1       3.0
  9048  -.209611  -.503066  -.838444
  10063.3   6169.4     -5.5     12.9     -3.9      2.7
     -4.9     40.5     -1.6      7.2   3750.0   4500.0
     -11.0      30.9      -5.1      18.1
      -8.1      12.0      -4.0       4.9
      -8.6       9.3      -4.1       3.8
      -8.6       9.2      -4.0       3.7
  9049  -.249136  -.498273  -.830455
  10181.4   5718.7     -5.2     13.2     -6.1      3.1
     -4.5     40.5     -1.7      6.0   3750.0   4500.0
      -9.8      32.1      -6.3      18.0
      -8.0      12.1      -4.7       5.8
      -8.2       9.2      -4.9       4.6
      -8.5       9.5      -5.0       4.5
  9050   .217643  -.652929  -.725476
  11628.3   6299.7     -9.7      9.3      5.3      2.6
     -6.0     30.6      1.4      5.5   4500.0   5250.0
     -16.3      37.0       4.2      19.9
     -12.6      17.7       4.4       5.8
     -12.2      13.2       4.6       4.4
     -12.2      12.9       4.9       4.2
  9051   .182696  -.657706  -.730784
  11628.9   6900.3     -9.3      8.9      3.9      2.5
     -6.1     30.6      1.3      6.8   4500.0   5250.0
     -16.0      37.7       2.8      21.1
     -12.8      18.0       3.9       4.9
     -12.6      13.4       4.0       3.6
     -12.5      12.6       4.0       3.5
  9052   .147043  -.661693  -.735215
  11578.3   7504.3     -9.6      8.9      2.1      2.3
     -5.8     30.5      1.1      8.2   5250.0   5250.0
     -16.1      37.6       1.5      21.3
     -13.0      18.1       2.9       4.3
     -12.8      13.2       3.0       3.0
     -12.4      12.3       3.1       3.0
  9053   .110808  -.664845  -.738717
  11579.9   7757.4     -9.4      8.3      1.2      3.0
     -5.8     30.6       .8      9.7   5250.0   5250.0
     -17.2      37.5       1.2      23.0
     -13.6      17.8       2.2       4.0
     -12.8      13.1       2.2       3.0
     -12.4      12.2       2.3       3.0
  9054   .074125  -.667124  -.741249
  11637.9   7767.4     -9.5      8.2       .7      4.2
     -5.8     30.4       .5     11.2   5250.0   5250.0
     -16.1      36.7       -.1      27.7
     -13.4      17.6       1.4       4.0
     -13.1      12.7       1.5       3.0
     -12.6      11.8       1.6       3.0
  9055   .037139  -.668503  -.742781
  11611.1   7763.0     -9.4      7.5       .1      5.5
     -6.0     30.3       .1     12.6   5250.0   5250.0
     -14.9      36.4      -1.4      31.7
     -13.6      16.8        .6       4.4
     -13.2      12.5        .7       3.0
     -12.5      11.7        .9       3.0
  9056   .000000  -.668965  -.743294
  11628.8   7786.3     -9.6      7.4       .1      6.5
     -5.9     30.3       .1     13.6   5250.0   5250.0
     -17.0      38.3      -1.4      34.9
     -13.8      16.7        .0       6.7
     -13.5      12.2        .1       3.0
     -12.5      11.5        .0       3.0
  9057  -.037139  -.668503  -.742781
  11587.0   7822.3    -10.0      7.6      -.2      5.5
     -5.9     30.1      -.1     12.6   5250.0   5250.0
     -15.4      36.9      -1.8      30.0
     -13.8      17.1       -.4       4.8
     -13.0      12.4       -.7       3.0
     -12.6      11.8       -.8       3.0
  9058  -.074125  -.667124  -.741249
  11676.9   7845.7    -10.2      8.1      -.6      4.1
     -6.0     30.3      -.5     11.2   5250.0   5250.0
     -16.6      38.2      -2.8      28.0
     -13.4      17.2      -1.4       3.9
     -13.3      12.5      -1.5       3.0
     -12.5      11.9      -1.6       3.0
  9059  -.110808  -.664845  -.738717
  11566.8   7755.2     -9.7      9.0     -1.1      2.9
     -5.7     30.3      -.8      9.6   5250.0   5250.0
     -16.4      37.7      -2.7      23.3
     -13.3      17.7      -2.1       3.7
     -12.8      12.8      -2.2       3.0
     -12.4      12.3      -2.3       3.0
  9060  -.147043  -.661693  -.735215
  11614.0   7591.4    -10.0     20.5     -2.0      2.2
     -6.2     30.4     -1.1      8.2   5250.0   5250.0
     -15.8      36.1      -3.4      21.0
     -13.4      18.0      -3.1       4.7
     -12.8      13.2      -2.9       3.4
     -12.5      12.4      -3.0       3.0
  9061  -.182696  -.657706  -.730784
  11595.9   6917.3     -9.3     17.1     -3.7      6.6
     -5.8     30.5     -1.2      6.8   4500.0   5250.0
     -16.4      37.9      -4.7      20.2
     -12.9      17.7      -3.8       4.8
     -12.7      13.3      -4.0       3.6
     -12.3      12.8      -3.9       3.5
  9062  -.217643  -.652929  -.725476
  11609.0   6366.2     -9.6      9.2     -4.7      3.3
     -5.8     30.9     -1.5      5.5   4500.0   5250.0
     -15.9      36.4      -4.6      19.8
     -12.5      17.6      -4.5       5.6
     -12.0      13.7      -4.6       4.3
     -12.3      13.1      -4.9       4.2
  9063   .188608  -.754434  -.628695
  13436.1   7021.6      -.1     28.9       .0      7.2
     -6.5     20.5      1.1      5.0   6000.0   6000.0
     -19.9      41.1       3.0      20.3
     -16.4      21.2       4.3       5.4
     -16.6      16.5       4.3       4.0
     -17.3      16.3       4.7       3.9
  9064   .158035  -.758568  -.632140
  13425.9   7243.2      -.1     28.9      4.0      1.9
     -6.6     20.3      1.0      6.4   6000.0   6000.0
     -20.0      41.4       1.5      22.3
     -16.5      21.1       3.7       4.9
     -16.7      16.8       3.8       3.8
     -17.4      16.0       3.8       3.3
  9065   .127000  -.762001  -.635001
  13428.1   7305.0    -13.4     11.5      1.8      2.0
     -6.4     20.2       .8      7.9   6000.0   6750.0
     -19.9      40.8        .5      23.3
     -17.8      21.5       2.9       4.5
     -17.0      16.7       2.9       3.0
     -17.6      15.6       2.8       3.0
  9066   .095588  -.764704  -.637253
  13385.4   7438.2      -.1     28.9       .9      2.7
     -6.5     20.3       .6      9.4   6000.0   6750.0
     -20.9      40.6        .2      24.8
     -17.6      21.5       2.1       4.0
     -17.3      16.6       2.1       3.0
     -17.6      15.3       2.2       3.0
  9067   .063888  -.766652  -.638877
  13417.2   7388.7      -.1     28.9       .5      4.0
     -6.5     20.1       .3     11.0   6000.0   6750.0
     -21.6      41.3      -1.8      30.8
     -17.6      21.3       1.3       3.6
     -17.6      16.0       1.4       3.0
     -17.5      15.2       1.5       3.0
  9068   .031993  -.767828  -.639857
  13540.7   7434.9      -.1     28.9      -.1      5.4
     -6.7     19.9      -.2     12.5   6000.0   6750.0
     -19.7      41.2      -2.5      34.6
     -17.4      22.7        .2       5.7
     -18.3      16.3        .7       3.0
     -17.7      15.1        .8       3.0
  9069   .000000  -.768221  -.640184
  13472.3   7425.3      -.1     28.9       .1      6.4
     -6.7     20.0       .1     13.5   6000.0   6000.0
     -20.0      38.4      -1.5      32.3
     -17.9      20.8        .0       7.3
     -17.8      15.7        .1       3.0
     -17.7      14.8        .1       3.0
  9070  -.031993  -.767828  -.639857
  13490.0   7399.3      -.1     28.9       .0      5.4
     -6.7     19.9       .1     12.5   6000.0   6750.0
     -21.0      40.3      -3.1      33.0
     -18.2      20.9       -.4       5.2
     -18.0      15.6       -.7       3.0
     -17.9      14.8       -.8       3.0
  9071  -.063888  -.766652  -.638877
  13414.6   7404.5      -.1     28.9      -.5      4.0
     -6.4     20.2      -.3     11.0   6000.0   6750.0
     -19.2      40.4      -2.0      28.2
     -17.6      21.4      -1.3       4.5
     -17.6      16.0      -1.4       3.0
     -17.6      15.1      -1.5       3.0
  9072  -.095588  -.764704  -.637253
  13439.4   7456.1      -.1     28.9      -.9      2.6
     -6.7     20.1      -.5      9.4   6000.0   6750.0
     -19.9      42.1      -2.0      24.6
     -17.4      21.3      -2.0       3.7
     -17.5      16.5      -2.1       3.0
     -17.6      15.5      -2.2       3.0
  9073  -.127000  -.762001  -.635001
  13400.3   7371.1    -15.3     11.1     -1.6      1.9
     -6.6     20.2      -.8      7.8   6000.0   6750.0
     -19.4      41.3      -4.2      22.4
     -17.2      21.4      -2.8       4.2
     -17.3      16.2      -2.9       3.0
     -17.8      15.5      -2.8       3.0
  9074  -.158035  -.758568  -.632140
  13472.0   7318.2    -22.6     10.6     -3.4      2.2
     -6.7     20.5      -.9      6.3   6000.0   6000.0
     -20.5      40.0      -4.0      20.2
     -16.3      21.3      -3.6       4.7
     -16.7      16.8      -3.7       3.4
     -17.5      15.9      -3.8       3.2
  9075  -.188608  -.754434  -.628695
  13447.5   7082.7    -19.5     52.3      1.6     44.3
     -6.8     20.6     -1.2      5.0   6000.0   6000.0
     -19.1      42.1      -4.5      20.5
     -16.3      21.4      -4.2       5.3
     -16.6      16.8      -4.3       4.1
     -17.3      16.3      -4.6       3.9
